000390.KS, Updated at 2016-09-30
001440.KS, Updated at 2016-09-30
003220.KS, Updated at 2016-09-30
004090.KS, Updated at 2016-09-30
004910.KS, Updated at 2016-09-30
005680.KS, Updated at 2016-09-30
005690.KS, Updated at 2016-09-30
006340.KS, Updated at 2016-09-30
008350.KS, Updated at 2016-09-30
009310.KS, Updated at 2016-09-30
009830.KS, Updated at 2016-09-30
011330.KS, Updated at 2016-09-30
011810.KS, Updated at 2016-09-30
012700.KQ, Updated at 2016-09-30
016090.KS, Updated at 2016-09-30
016100.KQ, Updated at 2016-09-30
016170.KQ, Updated at 2016-09-30
023810.KS, Updated at 2016-09-30
023900.KQ, Updated at 2016-09-30
024060.KQ, Updated at 2016-09-30
025770.KQ, Updated at 2016-09-30
026890.KS, Updated at 2016-09-30
026910.KQ, Updated at 2016-09-30
033180.KS, Updated at 2016-09-30
035080.KQ, Updated at 2016-09-30
035720.KQ, Updated at 2016-09-30
036000.KQ, Updated at 2016-09-30
036010.KQ, Updated at 2016-09-30
036190.KQ, Updated at 2016-09-30
036460.KS, Updated at 2016-09-30
036480.KQ, Updated at 2016-09-30
036570.KS, Updated at 2016-09-30
039010.KQ, Updated at 2016-09-30
039980.KQ, Updated at 2016-09-30
041140.KQ, Updated at 2016-09-30
042510.KQ, Updated at 2016-09-30
042700.KS, Updated at 2016-09-30
044450.KS, Updated at 2016-09-30
046120.KQ, Updated at 2016-09-30
047560.KQ, Updated at 2016-09-30
048770.KQ, Updated at 2016-09-30
049550.KQ, Updated at 2016-09-30
052260.KQ, Updated at 2016-09-30
052460.KQ, Updated at 2016-09-30
053300.KQ, Updated at 2016-09-30
054050.KQ, Updated at 2016-09-30
056090.KQ, Updated at 2016-09-30
058470.KQ, Updated at 2016-09-30
058850.KS, Updated at 2016-09-30
065710.KQ, Updated at 2016-09-30
068270.KQ, Updated at 2016-09-30
071460.KQ, Updated at 2016-09-30
077360.KQ, Updated at 2016-09-30
078150.KQ, Updated at 2016-09-30
078590.KQ, Updated at 2016-09-30
078890.KQ, Updated at 2016-09-30
080520.KQ, Updated at 2016-09-30
083550.KQ, Updated at 2016-09-30
084870.KS, Updated at 2016-09-30
085370.KQ, Updated at 2016-09-30
085620.KS, Updated at 2016-09-30
086040.KQ, Updated at 2016-09-30
088130.KQ, Updated at 2016-09-30
088350.KS, Updated at 2016-09-30
08N.WA, Updated at 2016-09-30
093640.KQ, Updated at 2016-09-30
094170.KQ, Updated at 2016-09-30
094940.KQ, Updated at 2016-09-30
096630.KQ, Updated at 2016-09-30
100130.KQ, Updated at 2016-09-30
101240.KQ, Updated at 2016-09-30
101390.KQ, Updated at 2016-09-30
101400.KQ, Updated at 2016-09-30
104200.KQ, Updated at 2016-09-30
108790.KQ, Updated at 2016-09-30
112040.KQ, Updated at 2016-09-30
115160.KQ, Updated at 2016-09-30
115570.KQ, Updated at 2016-09-30
119850.KQ, Updated at 2016-09-30
1213.TW, Updated at 2016-09-30
1216.TW, Updated at 2016-09-30
1219.TW, Updated at 2016-09-30
122870.KQ, Updated at 2016-09-30
122900.KS, Updated at 2016-09-30
1231.TW, Updated at 2016-09-30
1234.TW, Updated at 2016-09-30
1235.TW, Updated at 2016-09-30
1236.TW, Updated at 2016-09-30
130660.KS, Updated at 2016-09-30
1307.TW, Updated at 2016-09-30
1309.TW, Updated at 2016-09-30
130960.KQ, Updated at 2016-09-30
131030.KQ, Updated at 2016-09-30
1312.TW, Updated at 2016-09-30
131390.KQ, Updated at 2016-09-30
131760.KQ, Updated at 2016-09-30
1324.TW, Updated at 2016-09-30
1339.TW, Updated at 2016-09-30
134780.KQ, Updated at 2016-09-30
136480.KQ, Updated at 2016-09-30
139050.KQ, Updated at 2016-09-30
1414.T, Updated at 2016-09-30
1414.TW, Updated at 2016-09-30
1418.TW, Updated at 2016-09-30
1434.TW, Updated at 2016-09-30
1436.T, Updated at 2016-09-30
1439.TW, Updated at 2016-09-30
1442.TW, Updated at 2016-09-30
1443.TW, Updated at 2016-09-30
1446.TW, Updated at 2016-09-30
1464.TW, Updated at 2016-09-30
1469.TW, Updated at 2016-09-30
1471.TW, Updated at 2016-09-30
1472.TW, Updated at 2016-09-30
1473.TW, Updated at 2016-09-30
1477.TW, Updated at 2016-09-30
1491.T, Updated at 2016-09-30
1506.TW, Updated at 2016-09-30
1514.TW, Updated at 2016-09-30
1515.TW, Updated at 2016-09-30
1530.TW, Updated at 2016-09-30
1531.TW, Updated at 2016-09-30
1536.TW, Updated at 2016-09-30
1537.TW, Updated at 2016-09-30
1539.TW, Updated at 2016-09-30
1541.TW, Updated at 2016-09-30
1565.TWO, Updated at 2016-09-30
1566.TWO, Updated at 2016-09-30
1568.TW, Updated at 2016-09-30
1589.TW, Updated at 2016-09-30
1599.TWO, Updated at 2016-09-30
1608.TW, Updated at 2016-09-30
1614.TW, Updated at 2016-09-30
1616.TW, Updated at 2016-09-30
1617.TW, Updated at 2016-09-30
1663.HK, Updated at 2016-09-30
1713.TW, Updated at 2016-09-30
1720.TW, Updated at 2016-09-30
1721.TW, Updated at 2016-09-30
1726.TW, Updated at 2016-09-30
1731.TW, Updated at 2016-09-30
1733.TW, Updated at 2016-09-30
1735.TW, Updated at 2016-09-30
1739.T, Updated at 2016-09-30
1764.T, Updated at 2016-09-30
1768.T, Updated at 2016-09-30
1770.T, Updated at 2016-09-30
1795.T, Updated at 2016-09-30
1808.T, Updated at 2016-09-30
1810.T, Updated at 2016-09-30
1810.TW, Updated at 2016-09-30
1811.T, Updated at 2016-09-30
181710.KS, Updated at 2016-09-30
1841.T, Updated at 2016-09-30
1846.T, Updated at 2016-09-30
1848.T, Updated at 2016-09-30
1853.T, Updated at 2016-09-30
1860.T, Updated at 2016-09-30
1888.T, Updated at 2016-09-30
1897.T, Updated at 2016-09-30
1899.T, Updated at 2016-09-30
1904.T, Updated at 2016-09-30
1909.T, Updated at 2016-09-30
1909.TW, Updated at 2016-09-30
1916.T, Updated at 2016-09-30
1921.T, Updated at 2016-09-30
1969.T, Updated at 2016-09-30
198440.KQ, Updated at 2016-09-30
1994.T, Updated at 2016-09-30
2006.TW, Updated at 2016-09-30
2007.TW, Updated at 2016-09-30
2008.T, Updated at 2016-09-30
2009.TW, Updated at 2016-09-30
2010.TW, Updated at 2016-09-30
2012.HK, Updated at 2016-09-30
2020.TW, Updated at 2016-09-30
2025.TW, Updated at 2016-09-30
2028.TW, Updated at 2016-09-30
2033.TW, Updated at 2016-09-30
2055.T, Updated at 2016-09-30
2060.T, Updated at 2016-09-30
2108.TW, Updated at 2016-09-30
2114.TW, Updated at 2016-09-30
213090.KQ, Updated at 2016-09-30
2131.T, Updated at 2016-09-30
213420.KQ, Updated at 2016-09-30
2136.T, Updated at 2016-09-30
2146.T, Updated at 2016-09-30
2150.T, Updated at 2016-09-30
215790.KQ, Updated at 2016-09-30
2173.T, Updated at 2016-09-30
218410.KQ, Updated at 2016-09-30
2193.T, Updated at 2016-09-30
2195.T, Updated at 2016-09-30
219860.KQ, Updated at 2016-09-30
2221.TWO, Updated at 2016-09-30
2228.TW, Updated at 2016-09-30
2239.TW, Updated at 2016-09-30
2270.T, Updated at 2016-09-30
2291.T, Updated at 2016-09-30
2311.TW, Updated at 2016-09-30
2313.TW, Updated at 2016-09-30
232140.KQ, Updated at 2016-09-30
2325.T, Updated at 2016-09-30
2330.TW, Updated at 2016-09-30
2360.TW, Updated at 2016-09-30
2363.TW, Updated at 2016-09-30
2365.TW, Updated at 2016-09-30
2369.TW, Updated at 2016-09-30
2372.T, Updated at 2016-09-30
2382.TW, Updated at 2016-09-30
2402.T, Updated at 2016-09-30
2408.TW, Updated at 2016-09-30
2423.TW, Updated at 2016-09-30
2425.TW, Updated at 2016-09-30
2428.TW, Updated at 2016-09-30
2435.T, Updated at 2016-09-30
2438.TW, Updated at 2016-09-30
2456.TW, Updated at 2016-09-30
2458.TW, Updated at 2016-09-30
2468.T, Updated at 2016-09-30
2471.TW, Updated at 2016-09-30
2476.TW, Updated at 2016-09-30
2477.T, Updated at 2016-09-30
2477.TW, Updated at 2016-09-30
2478.TW, Updated at 2016-09-30
2480.TW, Updated at 2016-09-30
2483.T, Updated at 2016-09-30
2484.TW, Updated at 2016-09-30
2488.TW, Updated at 2016-09-30
2531.T, Updated at 2016-09-30
2605.TW, Updated at 2016-09-30
2606.TW, Updated at 2016-09-30
2640.TWO, Updated at 2016-09-30
2667.T, Updated at 2016-09-30
2700.T, Updated at 2016-09-30
2701.TW, Updated at 2016-09-30
2704.TW, Updated at 2016-09-30
2708.T, Updated at 2016-09-30
2719.TWO, Updated at 2016-09-30
2727.TW, Updated at 2016-09-30
2750.T, Updated at 2016-09-30
2752.T, Updated at 2016-09-30
2754.T, Updated at 2016-09-30
2763.T, Updated at 2016-09-30
2801.TW, Updated at 2016-09-30
2834.TW, Updated at 2016-09-30
2897.T, Updated at 2016-09-30
2901.TW, Updated at 2016-09-30
2907.T, Updated at 2016-09-30
2910.TW, Updated at 2016-09-30
2923.TW, Updated at 2016-09-30
2929.TW, Updated at 2016-09-30
3003.TW, Updated at 2016-09-30
3005.TW, Updated at 2016-09-30
3013.TW, Updated at 2016-09-30
3018.TW, Updated at 2016-09-30
3024.TW, Updated at 2016-09-30
3025.TW, Updated at 2016-09-30
3027.TW, Updated at 2016-09-30
3040.TW, Updated at 2016-09-30
3044.TW, Updated at 2016-09-30
3047.TW, Updated at 2016-09-30
3057.TW, Updated at 2016-09-30
3071.TWO, Updated at 2016-09-30
3076.T, Updated at 2016-09-30
3085.TWO, Updated at 2016-09-30
3101.T, Updated at 2016-09-30
3133.T, Updated at 2016-09-30
3141.TWO, Updated at 2016-09-30
3152.TWO, Updated at 2016-09-30
3169.TWO, Updated at 2016-09-30
3178.T, Updated at 2016-09-30
3182.T, Updated at 2016-09-30
3205.TWO, Updated at 2016-09-30
3226.TWO, Updated at 2016-09-30
3228.TWO, Updated at 2016-09-30
3241.T, Updated at 2016-09-30
3242.T, Updated at 2016-09-30
3252.T, Updated at 2016-09-30
3261.T, Updated at 2016-09-30
3284.T, Updated at 2016-09-30
3284.TWO, Updated at 2016-09-30
3287.TWO, Updated at 2016-09-30
3302.T, Updated at 2016-09-30
3317.TWO, Updated at 2016-09-30
3325.TWO, Updated at 2016-09-30
3346.NG, Updated at 2016-09-30
3373.TWO, Updated at 2016-09-30
3380.TW, Updated at 2016-09-30
3392.T, Updated at 2016-09-30
3394.T, Updated at 2016-09-30
3436.T, Updated at 2016-09-30
3443.T, Updated at 2016-09-30
3450.TW, Updated at 2016-09-30
3465.T, Updated at 2016-09-30
3501.TW, Updated at 2016-09-30
3526.T, Updated at 2016-09-30
3532.TW, Updated at 2016-09-30
3538.T, Updated at 2016-09-30
3546.TWO, Updated at 2016-09-30
3551.T, Updated at 2016-09-30
3557.TW, Updated at 2016-09-30
3561.TW, Updated at 2016-09-30
3591.TW, Updated at 2016-09-30
3597.T, Updated at 2016-09-30
3604.T, Updated at 2016-09-30
3607.TW, Updated at 2016-09-30
3623.T, Updated at 2016-09-30
3623.TWO, Updated at 2016-09-30
3631.TWO, Updated at 2016-09-30
3641.T, Updated at 2016-09-30
3645.TW, Updated at 2016-09-30
3664.T, Updated at 2016-09-30
3687.T, Updated at 2016-09-30
3701.TW, Updated at 2016-09-30
3702.TW, Updated at 2016-09-30
3706.TW, Updated at 2016-09-30
3710.T, Updated at 2016-09-30
3723.T, Updated at 2016-09-30
3727.T, Updated at 2016-09-30
3751.T, Updated at 2016-09-30
3753.T, Updated at 2016-09-30
3756.T, Updated at 2016-09-30
3808.NG, Updated at 2016-09-30
3817.T, Updated at 2016-09-30
3847.T, Updated at 2016-09-30
3877.T, Updated at 2016-09-30
3878.T, Updated at 2016-09-30
3913.T, Updated at 2016-09-30
3918.T, Updated at 2016-09-30
3923.T, Updated at 2016-09-30
4033.T, Updated at 2016-09-30
4088.T, Updated at 2016-09-30
4098.T, Updated at 2016-09-30
4111.TWO, Updated at 2016-09-30
4116.T, Updated at 2016-09-30
4126.TWO, Updated at 2016-09-30
4130.TWO, Updated at 2016-09-30
4152.TWO, Updated at 2016-09-30
4163.TWO, Updated at 2016-09-30
4164.TW, Updated at 2016-09-30
4190.TW, Updated at 2016-09-30
4224.T, Updated at 2016-09-30
4240.T, Updated at 2016-09-30
4245.T, Updated at 2016-09-30
4304.T, Updated at 2016-09-30
4306.TW, Updated at 2016-09-30
4335.T, Updated at 2016-09-30
4344.T, Updated at 2016-09-30
4351.T, Updated at 2016-09-30
4356.T, Updated at 2016-09-30
4417.TWO, Updated at 2016-09-30
4524.T, Updated at 2016-09-30
4527.TWO, Updated at 2016-09-30
4528.TWO, Updated at 2016-09-30
4533.TWO, Updated at 2016-09-30
4541.TWO, Updated at 2016-09-30
4543.T, Updated at 2016-09-30
4555.T, Updated at 2016-09-30
4576.T, Updated at 2016-09-30
4579.T, Updated at 2016-09-30
4591.T, Updated at 2016-09-30
4595.T, Updated at 2016-09-30
4611.T, Updated at 2016-09-30
4613.T, Updated at 2016-09-30
4624.T, Updated at 2016-09-30
4650.T, Updated at 2016-09-30
4651.T, Updated at 2016-09-30
4680.T, Updated at 2016-09-30
4681.T, Updated at 2016-09-30
4704.T, Updated at 2016-09-30
4728.TWO, Updated at 2016-09-30
4737.TW, Updated at 2016-09-30
4739.TWO, Updated at 2016-09-30
4746.TW, Updated at 2016-09-30
4755.T, Updated at 2016-09-30
4755.TW, Updated at 2016-09-30
4763.TW, Updated at 2016-09-30
4767.T, Updated at 2016-09-30
4806.TWO, Updated at 2016-09-30
4819.T, Updated at 2016-09-30
4849.T, Updated at 2016-09-30
4925.T, Updated at 2016-09-30
4952.TW, Updated at 2016-09-30
4955.T, Updated at 2016-09-30
4960.T, Updated at 2016-09-30
4962.T, Updated at 2016-09-30
4970.T, Updated at 2016-09-30
4974.T, Updated at 2016-09-30
4984.TW, Updated at 2016-09-30
4FMP.WA, Updated at 2016-09-30
5002.T, Updated at 2016-09-30
5021.T, Updated at 2016-09-30
5121.T, Updated at 2016-09-30
5184.T, Updated at 2016-09-30
5212.T, Updated at 2016-09-30
5212.TWO, Updated at 2016-09-30
5233.T, Updated at 2016-09-30
5234.TW, Updated at 2016-09-30
5237.T, Updated at 2016-09-30
5243.TW, Updated at 2016-09-30
5258.TWO, Updated at 2016-09-30
5264.TW, Updated at 2016-09-30
5274.TWO, Updated at 2016-09-30
5276.TWO, Updated at 2016-09-30
5288.T, Updated at 2016-09-30
5310.TWO, Updated at 2016-09-30
5342.NG, Updated at 2016-09-30
5343.NG, Updated at 2016-09-30
5355.T, Updated at 2016-09-30
5356.NG, Updated at 2016-09-30
5357.T, Updated at 2016-09-30
5403.TWO, Updated at 2016-09-30
5452.TWO, Updated at 2016-09-30
5456.T, Updated at 2016-09-30
5469.TW, Updated at 2016-09-30
5478.TWO, Updated at 2016-09-30
5484.TW, Updated at 2016-09-30
5525.TW, Updated at 2016-09-30
5533.TW, Updated at 2016-09-30
5614.T, Updated at 2016-09-30
5658.T, Updated at 2016-09-30
5702.T, Updated at 2016-09-30
5905.TWO, Updated at 2016-09-30
5987.T, Updated at 2016-09-30
6013.T, Updated at 2016-09-30
6016.T, Updated at 2016-09-30
6031.T, Updated at 2016-09-30
6036.T, Updated at 2016-09-30
6039.T, Updated at 2016-09-30
6067.T, Updated at 2016-09-30
6074.T, Updated at 2016-09-30
6081.T, Updated at 2016-09-30
6098.T, Updated at 2016-09-30
6101.T, Updated at 2016-09-30
6112.TW, Updated at 2016-09-30
6113.T, Updated at 2016-09-30
6131.TW, Updated at 2016-09-30
6134.T, Updated at 2016-09-30
6136.TW, Updated at 2016-09-30
6145.T, Updated at 2016-09-30
6165.T, Updated at 2016-09-30
6166.TW, Updated at 2016-09-30
6167.TWO, Updated at 2016-09-30
6173.TWO, Updated at 2016-09-30
6184.TW, Updated at 2016-09-30
6187.TWO, Updated at 2016-09-30
6196.TW, Updated at 2016-09-30
6197.T, Updated at 2016-09-30
6201.TW, Updated at 2016-09-30
6206.TW, Updated at 2016-09-30
6216.TW, Updated at 2016-09-30
6218.TWO, Updated at 2016-09-30
6230.TW, Updated at 2016-09-30
6233.TWO, Updated at 2016-09-30
6235.TW, Updated at 2016-09-30
6239.TW, Updated at 2016-09-30
6243.TW, Updated at 2016-09-30
6250.T, Updated at 2016-09-30
6270.TWO, Updated at 2016-09-30
6285.TW, Updated at 2016-09-30
6286.T, Updated at 2016-09-30
6289.TW, Updated at 2016-09-30
6290.TWO, Updated at 2016-09-30
6303.T, Updated at 2016-09-30
6330.T, Updated at 2016-09-30
6335.T, Updated at 2016-09-30
6347.T, Updated at 2016-09-30
6357.T, Updated at 2016-09-30
6361.T, Updated at 2016-09-30
6363.T, Updated at 2016-09-30
6366.T, Updated at 2016-09-30
6380.T, Updated at 2016-09-30
6383.T, Updated at 2016-09-30
6384.T, Updated at 2016-09-30
6393.T, Updated at 2016-09-30
6406.T, Updated at 2016-09-30
6411.T, Updated at 2016-09-30
6414.TW, Updated at 2016-09-30
6439.NG, Updated at 2016-09-30
6445.T, Updated at 2016-09-30
6451.TW, Updated at 2016-09-30
6466.T, Updated at 2016-09-30
6481.T, Updated at 2016-09-30
6508.TWO, Updated at 2016-09-30
6513.T, Updated at 2016-09-30
6517.T, Updated at 2016-09-30
6523.TWO, Updated at 2016-09-30
6569.TWO, Updated at 2016-09-30
6584.T, Updated at 2016-09-30
6628.T, Updated at 2016-09-30
6636.T, Updated at 2016-09-30
6638.T, Updated at 2016-09-30
6666.T, Updated at 2016-09-30
6706.T, Updated at 2016-09-30
6772.T, Updated at 2016-09-30
6773.T, Updated at 2016-09-30
6779.T, Updated at 2016-09-30
6785.T, Updated at 2016-09-30
6787.T, Updated at 2016-09-30
6803.TWO, Updated at 2016-09-30
6815.T, Updated at 2016-09-30
6850.T, Updated at 2016-09-30
6869.T, Updated at 2016-09-30
6879.T, Updated at 2016-09-30
6881.T, Updated at 2016-09-30
6896.NG, Updated at 2016-09-30
6916.T, Updated at 2016-09-30
6926.T, Updated at 2016-09-30
6989.T, Updated at 2016-09-30
6993.T, Updated at 2016-09-30
7157.T, Updated at 2016-09-30
7208.T, Updated at 2016-09-30
7215.T, Updated at 2016-09-30
7220.T, Updated at 2016-09-30
7235.T, Updated at 2016-09-30
7255.T, Updated at 2016-09-30
7271.T, Updated at 2016-09-30
7291.T, Updated at 2016-09-30
7399.T, Updated at 2016-09-30
7413.T, Updated at 2016-09-30
7426.T, Updated at 2016-09-30
7443.T, Updated at 2016-09-30
7486.T, Updated at 2016-09-30
7494.T, Updated at 2016-09-30
7522.T, Updated at 2016-09-30
7523.T, Updated at 2016-09-30
7531.T, Updated at 2016-09-30
7539.T, Updated at 2016-09-30
7552.T, Updated at 2016-09-30
7571.T, Updated at 2016-09-30
7613.T, Updated at 2016-09-30
7636.T, Updated at 2016-09-30
7638.T, Updated at 2016-09-30
7648.NG, Updated at 2016-09-30
7702.T, Updated at 2016-09-30
7703.T, Updated at 2016-09-30
7711.T, Updated at 2016-09-30
7743.T, Updated at 2016-09-30
7780.T, Updated at 2016-09-30
7814.T, Updated at 2016-09-30
7816.T, Updated at 2016-09-30
7833.T, Updated at 2016-09-30
7851.T, Updated at 2016-09-30
7860.T, Updated at 2016-09-30
7912.T, Updated at 2016-09-30
7952.T, Updated at 2016-09-30
7953.T, Updated at 2016-09-30
8007.HK, Updated at 2016-09-30
8007.T, Updated at 2016-09-30
8016.TW, Updated at 2016-09-30
8018.HK, Updated at 2016-09-30
8022.HK, Updated at 2016-09-30
8025.HK, Updated at 2016-09-30
8028.HK, Updated at 2016-09-30
8033.HK, Updated at 2016-09-30
8037.T, Updated at 2016-09-30
8038.HK, Updated at 2016-09-30
8041.HK, Updated at 2016-09-30
8042.TWO, Updated at 2016-09-30
8043.TWO, Updated at 2016-09-30
8066.HK, Updated at 2016-09-30
8066.T, Updated at 2016-09-30
8070.HK, Updated at 2016-09-30
8078.HK, Updated at 2016-09-30
8083.HK, Updated at 2016-09-30
8086.T, Updated at 2016-09-30
8086.TWO, Updated at 2016-09-30
8095.HK, Updated at 2016-09-30
8097.HK, Updated at 2016-09-30
8105.T, Updated at 2016-09-30
8108.HK, Updated at 2016-09-30
8111.HK, Updated at 2016-09-30
8115.HK, Updated at 2016-09-30
8133.HK, Updated at 2016-09-30
8135.HK, Updated at 2016-09-30
8147.HK, Updated at 2016-09-30
8153.HK, Updated at 2016-09-30
8161.HK, Updated at 2016-09-30
8167.HK, Updated at 2016-09-30
8171.HK, Updated at 2016-09-30
8187.HK, Updated at 2016-09-30
8192.HK, Updated at 2016-09-30
8202.HK, Updated at 2016-09-30
8207.T, Updated at 2016-09-30
8210.TW, Updated at 2016-09-30
8214.T, Updated at 2016-09-30
8222.TW, Updated at 2016-09-30
8233.HK, Updated at 2016-09-30
8235.HK, Updated at 2016-09-30
8243.HK, Updated at 2016-09-30
8251.HK, Updated at 2016-09-30
8268.HK, Updated at 2016-09-30
8275.T, Updated at 2016-09-30
8295.HK, Updated at 2016-09-30
8298.T, Updated at 2016-09-30
8306.HK, Updated at 2016-09-30
8310.HK, Updated at 2016-09-30
8316.HK, Updated at 2016-09-30
8333.HK, Updated at 2016-09-30
8336.HK, Updated at 2016-09-30
8337.HK, Updated at 2016-09-30
8343.T, Updated at 2016-09-30
8346.T, Updated at 2016-09-30
8354.T, Updated at 2016-09-30
8356.HK, Updated at 2016-09-30
8358.TWO, Updated at 2016-09-30
8362.T, Updated at 2016-09-30
8395.T, Updated at 2016-09-30
8398.FU, Updated at 2016-09-30
8404.TW, Updated at 2016-09-30
8416.TWO, Updated at 2016-09-30
8462.T, Updated at 2016-09-30
8713.T, Updated at 2016-09-30
8870.T, Updated at 2016-09-30
8921.TWO, Updated at 2016-09-30
8928.T, Updated at 2016-09-30
8937.TWO, Updated at 2016-09-30
8942.TWO, Updated at 2016-09-30
8944.T, Updated at 2016-09-30
8996.FU, Updated at 2016-09-30
8KMS.NS, Updated at 2016-09-30
9005.T, Updated at 2016-09-30
9012.T, Updated at 2016-09-30
9027.SP, Updated at 2016-09-30
9041.T, Updated at 2016-09-30
9082.T, Updated at 2016-09-30
9083.T, Updated at 2016-09-30
9099.T, Updated at 2016-09-30
9193.T, Updated at 2016-09-30
9310.T, Updated at 2016-09-30
9322.T, Updated at 2016-09-30
9359.NG, Updated at 2016-09-30
9362.T, Updated at 2016-09-30
9386.T, Updated at 2016-09-30
9404.T, Updated at 2016-09-30
9423.T, Updated at 2016-09-30
9445.T, Updated at 2016-09-30
9446.T, Updated at 2016-09-30
9467.T, Updated at 2016-09-30
9468.T, Updated at 2016-09-30
9471.NG, Updated at 2016-09-30
9476.T, Updated at 2016-09-30
9479.T, Updated at 2016-09-30
9608.T, Updated at 2016-09-30
9635.T, Updated at 2016-09-30
9641.T, Updated at 2016-09-30
9695.T, Updated at 2016-09-30
9696.T, Updated at 2016-09-30
9699.T, Updated at 2016-09-30
9704.T, Updated at 2016-09-30
9749.T, Updated at 2016-09-30
9764.T, Updated at 2016-09-30
9791.T, Updated at 2016-09-30
9802.TW, Updated at 2016-09-30
9873.T, Updated at 2016-09-30
9895.T, Updated at 2016-09-30
9911.TW, Updated at 2016-09-30
9924.TW, Updated at 2016-09-30
9926.TW, Updated at 2016-09-30
9929.T, Updated at 2016-09-30
9931.TW, Updated at 2016-09-30
9933.TW, Updated at 2016-09-30
9934.TW, Updated at 2016-09-30
9938.TW, Updated at 2016-09-30
9946.TW, Updated at 2016-09-30
9964.T, Updated at 2016-09-30
9989.T, Updated at 2016-09-30
AA4.MI, Updated at 2016-09-30
ABAC.O, Updated at 2016-09-30
ABCD.O, Updated at 2016-09-30
ABMK.BO, Updated at 2016-09-30
ACIA.O, Updated at 2016-09-30
ACY, Updated at 2016-09-30
ADGE.K, Updated at 2016-09-30
ADMA.O, Updated at 2016-09-30
ADNH.AD, Updated at 2016-09-30
ADVANC.BK, Updated at 2016-09-30
ADVANCf.BK, Updated at 2016-09-30
ADVANCn.BK, Updated at 2016-09-30
ADWa.TO, Updated at 2016-09-30
ADWb.TO, Updated at 2016-09-30
AEF.MI, Updated at 2016-09-30
AEG, Updated at 2016-09-30
AEGN.AS, Updated at 2016-09-30
AEMD.O, Updated at 2016-09-30
AFI, Updated at 2016-09-30
AFN.TO, Updated at 2016-09-30
AGFS.O, Updated at 2016-09-30
AGPP.WA, Updated at 2016-09-30
AHL.WA, Updated at 2016-09-30
AISG.NS, Updated at 2016-09-30
AKE.PA, Updated at 2016-09-30
AKGSI.RTS, Updated at 2016-09-30
AKSI.JK, Updated at 2016-09-30
ALCP.WA, Updated at 2016-09-30
ALDR.AD, Updated at 2016-09-30
ALHIO.PA, Updated at 2016-09-30
ALKb.CO, Updated at 2016-09-30
ALLT.TA, Updated at 2016-09-30
ALSO.PA, Updated at 2016-09-30
ALST.NS, Updated at 2016-09-30
AM3D.DE, Updated at 2016-09-30
AMS, Updated at 2016-09-30
ANS.PS, Updated at 2016-09-30
APAM.AS, Updated at 2016-09-30
APHB.K, Updated at 2016-09-30
APLO.NS, Updated at 2016-09-30
APTI4.SA, Updated at 2016-09-30
APTP.WA, Updated at 2016-09-30
APU, Updated at 2016-09-30
APV.V, Updated at 2016-09-30
AQA.TO, Updated at 2016-09-30
ARA, Updated at 2016-09-30
ARAP.WA, Updated at 2016-09-30
ARCW.O, Updated at 2016-10-02
ARGG.NS, Updated at 2016-09-30
ARLG.DE, Updated at 2016-09-30
ARMT34.SA, Updated at 2016-09-30
ARTO.JK, Updated at 2016-09-30
ARVA.CA, Updated at 2016-09-30
ARWA.L, Updated at 2016-09-30
ASAS.NS, Updated at 2016-09-30
ASCI.MI, Updated at 2016-09-30
ASDM.JK, Updated at 2016-09-30
ASRM.JK, Updated at 2016-09-30
ASTC.O, Updated at 2016-09-30
ASTH.WA, Updated at 2016-09-30
ASX, Updated at 2016-09-30
ASY.PA, Updated at 2016-09-30
ATA.TO, Updated at 2016-10-02
ATC.WA, Updated at 2016-09-30
ATH.TO, Updated at 2016-09-30
ATMP.WA, Updated at 2016-09-30
ATO, Updated at 2016-09-30
ATRP.WA, Updated at 2016-09-30
ATU.V, Updated at 2016-09-30
AUP.TO, Updated at 2016-09-30
AUSS.OL, Updated at 2016-09-30
AVQ.PA, Updated at 2016-09-30
AVXS.O, Updated at 2016-09-30
AXAC.OL, Updated at 2016-09-30
AZ.TO, Updated at 2016-09-30
AZMT.MI, Updated at 2016-09-30
AZN, Updated at 2016-09-30
AZN.L, Updated at 2016-09-30
BAHI3.SA, Updated at 2016-09-30
BAK, Updated at 2016-09-30
BAPEq.L, Updated at 2016-09-30
BAR.TO, Updated at 2016-09-30
BBAS3.SA, Updated at 2016-09-30
BBDa.TO, Updated at 2016-09-30
BBDb.TO, Updated at 2016-09-30
BBDC3.SA, Updated at 2016-09-30
BBDC4.SA, Updated at 2016-09-30
BBDO.K, Updated at 2016-09-30
BBHI.JK, Updated at 2016-09-30
BBRM.JK, Updated at 2016-09-30
BCB.TO, Updated at 2016-10-01
BCP.BK, Updated at 2016-09-30
BCP.LS, Updated at 2016-09-30
BCPf.BK, Updated at 2016-09-30
BCPn.BK, Updated at 2016-09-30
BDI.TO, Updated at 2016-09-30
BEES3.SA, Updated at 2016-09-30
BEES4.SA, Updated at 2016-09-30
BEI_u.TO, Updated at 2016-09-30
BEM.BK, Updated at 2016-09-30
BEMf.BK, Updated at 2016-09-30
BEMn.BK, Updated at 2016-09-30
BESQ.ST, Updated at 2016-09-30
BFR, Updated at 2016-09-30
BFT.WA, Updated at 2016-09-30
BGZ.WA, Updated at 2016-09-30
BIOC.O, Updated at 2016-09-30
BIOG.DE, Updated at 2016-09-30
BIOT.ST, Updated at 2016-09-30
BIR.TO, Updated at 2016-09-30
BLA.BK, Updated at 2016-09-30
BLAf.BK, Updated at 2016-09-30
BLAn.BK, Updated at 2016-09-30
BLFS.O, Updated at 2016-09-30
BLU.TO, Updated at 2016-09-30
BLVD.O, Updated at 2016-09-30
BLVDU.O, Updated at 2016-09-30
BMA, Updated at 2016-09-30
BMKKI.RTS, Updated at 2016-09-30
BMSR.JK, Updated at 2016-09-30
BNG.TO, Updated at 2016-09-30
BOLD.O, Updated at 2016-09-30
BORY.WA, Updated at 2016-09-30
BOUL.ST, Updated at 2016-09-30
BOUVET.OL, Updated at 2016-09-30
BPF_u.TO, Updated at 2016-09-30
BPHA3.SA, Updated at 2016-09-30
BPI.PS, Updated at 2016-09-30
BPMC.O, Updated at 2016-09-30
BPOP.O, Updated at 2016-09-30
BPTH.O, Updated at 2016-09-30
BPY, Updated at 2016-09-30
BRGE11.SA, Updated at 2016-09-30
BRGE12.SA, Updated at 2016-09-30
BRGE3.SA, Updated at 2016-09-30
BRGE5.SA, Updated at 2016-09-30
BRGE6.SA, Updated at 2016-09-30
BRGE7.SA, Updated at 2016-09-30
BRGE8.SA, Updated at 2016-09-30
BRIV3.SA, Updated at 2016-09-30
BRIV4.SA, Updated at 2016-09-30
BRKM3.SA, Updated at 2016-09-30
BRKM5.SA, Updated at 2016-09-30
BRKM6.SA, Updated at 2016-09-30
BRKS.O, Updated at 2016-09-30
BROO.SI, Updated at 2016-09-30
BSQR.O, Updated at 2016-09-30
BSTG.O, Updated at 2016-09-30
BSWSc.AS, Updated at 2016-09-30
BSX.TO, Updated at 2016-09-30
BTGP.WA, Updated at 2016-09-30
BTON.JK, Updated at 2016-09-30
BVHS.SI, Updated at 2016-09-30
BVL.LM, Updated at 2016-09-30
BVSN.O, Updated at 2016-09-30
BWINA.O, Updated at 2016-09-30
BWINB.O, Updated at 2016-09-30
BXC, Updated at 2016-10-01
BXE.TO, Updated at 2016-09-30
CAAS.O, Updated at 2016-09-30
CAE.TO, Updated at 2016-09-30
CAM.SN, Updated at 2016-09-30
CAMB4.SA, Updated at 2016-09-30
CART.O, Updated at 2016-09-30
CATa.ST, Updated at 2016-09-30
CATB.O, Updated at 2016-09-30
CATb.ST, Updated at 2016-09-30
CATL.SI, Updated at 2016-09-30
CCCP.WA, Updated at 2016-09-30
CCP, Updated at 2016-09-30
CCUR.O, Updated at 2016-09-30
CDNA.O, Updated at 2016-09-30
CDTX.O, Updated at 2016-09-30
CDXC.O, Updated at 2016-10-01
CDZI.O, Updated at 2016-09-30
CEB.PS, Updated at 2016-09-30
CED.MI, Updated at 2016-09-30
CEEB3.SA, Updated at 2016-09-30
CEEB5.SA, Updated at 2016-09-30
CEGR3.SA, Updated at 2016-09-30
CEMI.O, Updated at 2016-09-30
CERV.MI, Updated at 2016-09-30
CEU.PS, Updated at 2016-09-30
CEU.TO, Updated at 2016-09-30
CFBP.WA, Updated at 2016-09-30
CHCT.K, Updated at 2016-09-30
CHEN.BO, Updated at 2016-09-30
CHIA.SI, Updated at 2016-09-30
CIIN.NS, Updated at 2016-09-30
CIP.PS, Updated at 2016-09-30
CIPL.NS, Updated at 2016-09-30
CIVM.SI, Updated at 2016-09-30
CLACU.O, Updated at 2016-09-30
CLFD.O, Updated at 2016-09-30
CLI.V, Updated at 2016-09-30
CLRB.O, Updated at 2016-09-30
CLSN.O, Updated at 2016-09-30
CLV.V, Updated at 2016-09-30
CNMC.SI, Updated at 2016-09-30
CNPP.PA, Updated at 2016-09-30
CNT.WA, Updated at 2016-09-30
CONG.DE, Updated at 2016-09-30
COOR.ST, Updated at 2016-09-30
COP.TO, Updated at 2016-09-30
COPR.MI, Updated at 2016-09-30
COTV.K, Updated at 2016-09-30
COUR.SI, Updated at 2016-09-30
CPFE3.SA, Updated at 2016-09-30
CPG.TO, Updated at 2016-09-30
CPI.TO, Updated at 2016-09-30
CPL, Updated at 2016-09-30
CPLE3.SA, Updated at 2016-09-30
CPLE5.SA, Updated at 2016-09-30
CPLE6.SA, Updated at 2016-09-30
CQE.TO, Updated at 2016-09-30
CRBP.O, Updated at 2016-09-30
CRIV3.SA, Updated at 2016-09-30
CRIV4.SA, Updated at 2016-09-30
CROWN.PS, Updated at 2016-09-30
CRTN.O, Updated at 2016-10-01
CSAN3.SA, Updated at 2016-09-30
CSH_u.TO, Updated at 2016-09-30
CSRA.K, Updated at 2016-09-30
CTC.TO, Updated at 2016-10-01
CTCa.TO, Updated at 2016-10-01
CTDM.SI, Updated at 2016-09-30
CTIP3.SA, Updated at 2016-09-30
CTKA3.SA, Updated at 2016-09-30
CTKA4.SA, Updated at 2016-09-30
CTO.V, Updated at 2016-09-30
CTSA3.SA, Updated at 2016-09-30
CTSA4.SA, Updated at 2016-09-30
CTSA8.SA, Updated at 2016-09-30
CUO.V, Updated at 2016-09-30
CURG.DE, Updated at 2016-09-30
CUS.TO, Updated at 2016-09-30
CVL.TO, Updated at 2016-09-30
CVU, Updated at 2016-09-30
CWCG.DE, Updated at 2016-09-30
CWL.TO, Updated at 2016-08-31
CYAN.O, Updated at 2016-09-30
CYRE3.SA, Updated at 2016-09-30
CZLT33.SA, Updated at 2016-09-30
CZZ, Updated at 2016-09-30
DAMD.BO, Updated at 2016-09-30
DAMD.NS, Updated at 2016-09-30
DAR, Updated at 2016-10-01
DBO.TO, Updated at 2016-09-30
DCTH.O, Updated at 2016-09-30
DELF.SI, Updated at 2016-09-30
DFNN.PS, Updated at 2016-09-30
DGLY.O, Updated at 2016-09-30
DIAS.MI, Updated at 2016-09-30
DIVS.BO, Updated at 2016-09-30
DIZ.PS, Updated at 2016-09-30
DLTG.PA, Updated at 2016-09-30
DMTX.O, Updated at 2016-09-30
DNAI.O, Updated at 2016-09-30
DOHOL.IS, Updated at 2016-09-30
DOOR.K, Updated at 2016-10-02
DPNS.JK, Updated at 2016-09-30
DPPM.KL, Updated at 2016-09-30
DR.TO, Updated at 2016-09-30
DRC.DU, Updated at 2016-09-30
DRH, Updated at 2016-09-30
DRIO.O, Updated at 2016-09-30
DRYS.O, Updated at 2016-09-30
DTEGn.DE, Updated at 2016-09-30
DUEG.DE, Updated at 2016-09-30
DWCH.O, Updated at 2016-09-30
DXI.TO, Updated at 2016-09-30
DYAN.JK, Updated at 2016-09-30
D_u.TO, Updated at 2016-09-30
EBKG.DE, Updated at 2016-09-30
ECASA.PA, Updated at 2016-09-30
ECAU.WA, Updated at 2016-09-30
ECI.TO, Updated at 2016-09-30
ECOR3.SA, Updated at 2016-09-30
ECT, Updated at 2016-09-30
EDFM.CA, Updated at 2016-09-30
EFID.CA, Updated at 2016-09-30
EFIDq.L, Updated at 2016-09-30
EFX.TO, Updated at 2016-09-30
EGCO.BK, Updated at 2016-09-30
EGCOf.BK, Updated at 2016-09-30
EGCOn.BK, Updated at 2016-09-30
EGT.O, Updated at 2016-09-30
ELET3.SA, Updated at 2016-09-30
ELET5.SA, Updated at 2016-09-30
ELET6.SA, Updated at 2016-09-30
ELF.TO, Updated at 2016-09-30
ELGZI.RTS, Updated at 2016-09-30
ELKD.KL, Updated at 2016-09-30
ELP, Updated at 2016-09-30
ELSE.O, Updated at 2016-09-30
EMCM.WA, Updated at 2016-09-30
EMP.PS, Updated at 2016-09-30
ENAE.WA, Updated at 2016-09-30
ENKAI.IS, Updated at 2016-09-30
ENS, Updated at 2016-10-02
ENT.TO, Updated at 2016-09-30
EPC, Updated at 2016-09-30
EQFN.O, Updated at 2016-09-30
ERG.MI, Updated at 2016-09-30
ERG.V, Updated at 2016-06-30
ERW.BK, Updated at 2016-09-30
ERWf.BK, Updated at 2016-09-30
ERWn.BK, Updated at 2016-09-30
ESL, Updated at 2016-09-30
ESNC.K, Updated at 2016-09-30
ESTI.JK, Updated at 2016-09-30
ETER3.SA, Updated at 2016-09-30
ETRM.O, Updated at 2016-09-30
ETX.TO, Updated at 2016-09-30
EUCAR.PA, Updated at 2016-09-30
EUR.WA, Updated at 2016-09-30
EURA.PA, Updated at 2016-09-30
EVH, Updated at 2016-09-30
EVSB.BR, Updated at 2016-09-30
EVTG.DE, Updated at 2016-09-30
EZTC3.SA, Updated at 2016-09-30
FAC, Updated at 2016-09-30
FBMC3.SA, Updated at 2016-09-30
FBMC4.SA, Updated at 2016-09-30
FBSS.O, Updated at 2016-09-30
FC, Updated at 2016-08-31
FC.TO, Updated at 2016-09-30
FCR.TO, Updated at 2016-09-30
FEGL.SI, Updated at 2016-09-30
FF, Updated at 2016-09-30
FIHu.TO, Updated at 2016-09-30
FLOR.BO, Updated at 2016-09-30
FLOW.AS, Updated at 2016-09-30
FNJN.O, Updated at 2016-09-30
FOHE.NS, Updated at 2016-09-30
FOT.WA, Updated at 2016-09-30
FP.TO, Updated at 2016-09-30
FR.TO, Updated at 2016-09-30
FRLD.SI, Updated at 2016-09-30
FROP.WA, Updated at 2016-09-30
FSIC.K, Updated at 2016-09-30
FSZ.TO, Updated at 2016-09-30
FT.TO, Updated at 2016-09-30
FTR.LM, Updated at 2016-09-30
FTRi.LM, Updated at 2016-09-30
FVIG.DE, Updated at 2016-09-30
FVL.TO, Updated at 2016-09-30
GBBVFZKF1.L, Updated at 2016-09-30
GBFG.DE, Updated at 2016-09-30
GCEM.AD, Updated at 2016-09-30
GDC.TO, Updated at 2016-09-30
GDI.TO, Updated at 2016-09-30
GEC.O, Updated at 2016-09-30
GEPA3.SA, Updated at 2016-09-30
GEPA4.SA, Updated at 2016-09-30
GESH.KL, Updated at 2016-09-30
GFIP.PA, Updated at 2016-09-30
GFTG.DE, Updated at 2016-09-30
GIBa.TO, Updated at 2016-09-30
GIHD.CA, Updated at 2016-09-30
GLRI.O, Updated at 2016-09-30
GLSH.NS, Updated at 2016-09-30
GNB.WA, Updated at 2016-09-30
GNFT.PA, Updated at 2016-09-30
GOD.OL, Updated at 2016-09-30
GOLD.BK, Updated at 2016-09-30
GOLD.JK, Updated at 2016-09-30
GOLDf.BK, Updated at 2016-09-30
GOLDn.BK, Updated at 2016-09-30
GPIC.O, Updated at 2016-09-30
GPIF.PA, Updated at 2016-09-30
GPRA.JK, Updated at 2016-09-30
GREN.JK, Updated at 2016-09-30
GS.TO, Updated at 2016-09-30
GTDh.V, Updated at 2016-09-30
GUY.TO, Updated at 2016-09-30
GXO.TO, Updated at 2016-09-30
HABG.DE, Updated at 2016-09-30
HBEE.SI, Updated at 2016-09-30
HDR.WA, Updated at 2016-09-30
HDRA.O, Updated at 2016-09-30
HDRAU.O, Updated at 2016-09-30
HFRY.SI, Updated at 2016-09-30
HFT.BK, Updated at 2016-09-30
HFTn.BK, Updated at 2016-09-30
HHFGn.DE, Updated at 2016-09-30
HITE.NS, Updated at 2016-09-30
HNRGn.DE, Updated at 2016-09-30
HPJ.O, Updated at 2016-09-30
HSGX.O, Updated at 2016-09-30
HTBX.O, Updated at 2016-09-30
HTML.NS, Updated at 2016-09-30
HWO.TO, Updated at 2016-09-30
HWRS.BO, Updated at 2016-09-30
IBG.TO, Updated at 2016-09-30
ICCC.O, Updated at 2016-09-30
ICHI.BK, Updated at 2016-09-30
ICHIf.BK, Updated at 2016-09-30
ICHIn.BK, Updated at 2016-09-30
IDEX.OL, Updated at 2016-09-30
IDN, Updated at 2016-09-30
IDSA.O, Updated at 2016-09-30
IDSY.O, Updated at 2016-09-30
IF.MI, Updated at 2016-09-30
IFON.O, Updated at 2016-09-30
IFS.LM, Updated at 2016-09-30
IGD.MI, Updated at 2016-09-30
IGG.TO, Updated at 2016-09-30
IKAI.JK, Updated at 2016-09-30
IMAF.PA, Updated at 2016-09-30
IMUC.K, Updated at 2016-09-30
INDR.JK, Updated at 2016-09-30
INE.TO, Updated at 2016-09-30
INSO.NS, Updated at 2016-09-30
INVE.O, Updated at 2016-09-30
IOX.OL, Updated at 2016-09-30
IPWR.O, Updated at 2016-09-30
IPXP.WA, Updated at 2016-09-30
IRCP.O, Updated at 2016-09-30
IREE.MI, Updated at 2016-09-30
ISNS.O, Updated at 2016-09-30
ISPA.AS, Updated at 2016-09-30
ISSP.JK, Updated at 2016-06-30
ITI.O, Updated at 2016-09-30
ITPG.MI, Updated at 2016-09-30
ITV.L, Updated at 2016-09-30
IVL.BK, Updated at 2016-09-30
IVLn.BK, Updated at 2016-09-30
IVN.TO, Updated at 2016-09-30
IVXG.DE, Updated at 2016-09-30
IZS.WA, Updated at 2016-09-30
JAEREN.OL, Updated at 2016-09-30
JE.TO, Updated at 2016-09-30
JENG.DE, Updated at 2016-09-30
JFC.V, Updated at 2016-09-30
JOH.PS, Updated at 2016-09-30
JPFD.SI, Updated at 2016-09-30
JUBILEm.BK, Updated at 2016-09-30
JUBILEmn.BK, Updated at 2016-09-30
JXSB.O, Updated at 2016-09-30
JYNT.O, Updated at 2016-09-30
KAIT.MI, Updated at 2016-09-30
KBL.TO, Updated at 2016-09-30
KBRI.JK, Updated at 2016-09-30
KCE.BK, Updated at 2016-09-30
KCEf.BK, Updated at 2016-09-30
KCEn.BK, Updated at 2016-09-30
KCH.WA, Updated at 2016-09-30
KDSI.JK, Updated at 2016-09-30
KEL.TO, Updated at 2016-09-30
KGH.WA, Updated at 2016-09-30
KGI.TO, Updated at 2016-09-30
KICI.JK, Updated at 2016-09-30
KID.OL, Updated at 2016-09-30
KINS.O, Updated at 2016-09-30
KIWC.SI, Updated at 2016-09-30
KKBE.KL, Updated at 2016-09-30
KLS.TO, Updated at 2016-09-30
KMPH.O, Updated at 2016-09-30
KOBX.JK, Updated at 2016-09-30
KODK.K, Updated at 2016-09-30
KORS.K, Updated at 2016-10-01
KROT3.SA, Updated at 2016-09-30
KSS, Updated at 2016-10-29
KST.WA, Updated at 2016-09-30
LAC.TO, Updated at 2016-09-30
LAGA.PA, Updated at 2016-09-30
LAME3.SA, Updated at 2016-09-30
LAME4.SA, Updated at 2016-09-30
LEGD.PA, Updated at 2016-09-30
LEGn.DE, Updated at 2016-09-30
LEIG.DE, Updated at 2016-09-30
LEU, Updated at 2016-09-30
LEVE3.SA, Updated at 2016-09-30
LFFE3.SA, Updated at 2016-09-30
LFFE4.SA, Updated at 2016-09-30
LGC.TO, Updated at 2016-09-30
LGL, Updated at 2016-09-30
LIGT3.SA, Updated at 2016-09-30
LIHC.PS, Updated at 2016-09-30
LINK.O, Updated at 2016-09-30
LIO.V, Updated at 2016-09-30
LIPR3.SA, Updated at 2016-09-30
LKML.BO, Updated at 2016-09-30
LLO.AX, Updated at 2016-09-30
LLSWb.ST, Updated at 2016-09-30
LMSH.JK, Updated at 2016-09-30
LNA.PA, Updated at 2016-09-30
LNF.TO, Updated at 2016-09-30
LO24n.DE, Updated at 2016-09-30
LOV, Updated at 2016-09-30
LPSB3.SA, Updated at 2016-09-30
LPTN.O, Updated at 2016-09-30
LR.PS, Updated at 2016-09-30
LRBC.SI, Updated at 2016-09-30
LRNA.JK, Updated at 2016-09-30
LRTI.NS, Updated at 2016-09-30
LRT_u.TO, Updated at 2016-09-30
LSCC.O, Updated at 2016-10-01
LSG.OL, Updated at 2016-09-30
LTBR.O, Updated at 2016-09-30
LUAT.NS, Updated at 2016-09-30
LUG.TO, Updated at 2016-09-30
LUHA.BO, Updated at 2016-09-30
LUNA.O, Updated at 2016-09-30
LUPN.NS, Updated at 2016-09-30
LVN.TO, Updated at 2016-09-30
LWAY.O, Updated at 2016-09-30
LWBP.WA, Updated at 2016-09-30
LXSG.DE, Updated at 2016-09-30
LYMT.BO, Updated at 2016-09-30
M, Updated at 2016-10-29
M7UG.DE, Updated at 2016-09-30
MACAY.PS, Updated at 2016-09-30
MACY34.SA, Updated at 2016-10-29
MAG.WA, Updated at 2016-09-30
MAGG3.SA, Updated at 2016-09-30
MAKRO.BK, Updated at 2016-09-30
MAKROf.BK, Updated at 2016-09-30
MAKROn.BK, Updated at 2016-09-30
MAP.MC, Updated at 2016-09-30
MATAS.CO, Updated at 2016-09-30
MBKG.DE, Updated at 2016-09-30
MBLX.O, Updated at 2016-09-30
MCFT.O, Updated at 2016-10-02
MCRB.O, Updated at 2016-09-30
MEDG.DE, Updated at 2016-09-30
MELC.NS, Updated at 2016-09-30
MELG.OL, Updated at 2016-09-30
MELR.O, Updated at 2016-09-30
MFC.TO, Updated at 2016-09-30
MGIC.TA, Updated at 2016-09-30
MGLC.NS, Updated at 2016-09-30
MIDD.O, Updated at 2016-10-01
MIRN.O, Updated at 2016-09-30
MITK.O, Updated at 2016-09-30
MKEA.PA, Updated at 2016-09-30
MKNT.JK, Updated at 2016-09-30
MLGP.WA, Updated at 2016-09-30
MLSS.K, Updated at 2016-09-30
MNTX.O, Updated at 2016-09-30
MOC, Updated at 2016-09-30
MOCO.O, Updated at 2016-09-30
MON.V, Updated at 2016-09-30
MONET.PR, Updated at 2016-09-30
MOSS.NS, Updated at 2016-09-30
MRUS.O, Updated at 2016-09-30
MRVE3.SA, Updated at 2016-09-30
MSCC.O, Updated at 2016-10-02
MSV.TO, Updated at 2016-09-30
MTBC.O, Updated at 2016-09-30
MTI.BK, Updated at 2016-09-30
MTIf.BK, Updated at 2016-09-30
MTIn.BK, Updated at 2016-09-30
MTLS.BK, Updated at 2016-09-30
MTLSn.BK, Updated at 2016-09-30
MUL.SN, Updated at 2016-09-30
MUVGn.DE, Updated at 2016-09-30
MUXG.DE, Updated at 2016-09-30
MXC, Updated at 2016-09-30
MXG.TO, Updated at 2016-09-30
MXPT.O, Updated at 2016-09-30
MYPK3.SA, Updated at 2016-09-30
NAL.TO, Updated at 2016-09-30
NBY, Updated at 2016-09-30
NCS.ST, Updated at 2016-09-30
NDXG.DE, Updated at 2016-09-30
NEOS.O, Updated at 2016-09-30
NERA.SI, Updated at 2016-09-30
NEUP.WA, Updated at 2016-09-30
NFAB.ST, Updated at 2016-09-30
NKO.TO, Updated at 2016-09-30
NLABA.ST, Updated at 2016-09-30
NNP.V, Updated at 2016-09-30
NOBG.SI, Updated at 2016-09-30
NORTH.OL, Updated at 2016-09-30
NPI.TO, Updated at 2016-09-30
NRI.TO, Updated at 2016-09-30
NTEKb.ST, Updated at 2016-09-30
NTL, Updated at 2016-09-30
NTOX.BO, Updated at 2016-09-30
NTRA.O, Updated at 2016-09-30
NVAX.O, Updated at 2016-09-30
NVDA.O, Updated at 2016-10-30
NVT.WA, Updated at 2016-09-30
NVTR.O, Updated at 2016-09-30
NVU_u.TO, Updated at 2016-09-30
NWBO.O, Updated at 2016-09-30
NWH_u.TO, Updated at 2016-09-30
NWX.V, Updated at 2016-07-31
NXRT.K, Updated at 2016-09-30
OBAB.ST, Updated at 2016-09-30
OCX, Updated at 2016-09-30
ODF.OL, Updated at 2016-09-30
ODFB.OL, Updated at 2016-09-30
OGD.TO, Updated at 2016-09-30
OGXI.O, Updated at 2016-09-30
OIBR3.SA, Updated at 2016-09-30
OIBR4.SA, Updated at 2016-09-30
OIBRc.K, Updated at 2016-09-30
OMVV.VI, Updated at 2016-09-30
ONCP.WA, Updated at 2016-09-30
ONTEX.BR, Updated at 2016-09-30
OPERA.OL, Updated at 2016-09-30
OPMP.WA, Updated at 2016-09-30
ORA.TO, Updated at 2016-09-30
ORT.TO, Updated at 2016-09-30
OSRn.DE, Updated at 2016-09-30
OTEr.AT, Updated at 2016-09-30
OTS.OL, Updated at 2016-09-30
OV.PS, Updated at 2016-09-30
OVER.SI, Updated at 2016-09-30
PACI.SI, Updated at 2016-09-30
PAHC.O, Updated at 2016-09-30
PALR.NS, Updated at 2016-09-30
PANDXb.ST, Updated at 2016-09-30
PANL.O, Updated at 2016-09-30
PANU.SI, Updated at 2016-09-30
PAS.SN, Updated at 2016-09-30
PASsd.SN, Updated at 2016-09-30
PBF.WA, Updated at 2016-09-30
PBR, Updated at 2016-09-30
PBRa, Updated at 2016-09-30
PBT, Updated at 2016-09-30
PCR.V, Updated at 2016-09-30
PCSGH.BK, Updated at 2016-09-30
PCSGHn.BK, Updated at 2016-09-30
PDEX.O, Updated at 2016-09-30
PEABb.ST, Updated at 2016-09-30
PEKA.WA, Updated at 2016-09-30
PEO.WA, Updated at 2016-09-30
PETR3.SA, Updated at 2016-09-30
PETR4.SA, Updated at 2016-09-30
PEY.TO, Updated at 2016-09-30
PGE.WA, Updated at 2016-09-30
PGLC.O, Updated at 2016-09-30
PHX.TO, Updated at 2016-09-30
PIRS.O, Updated at 2016-09-30
PJP.WA, Updated at 2016-09-30
PLAPP.WA, Updated at 2016-09-30
PLG.TO, Updated at 2016-09-30
PLX.WA, Updated at 2016-09-30
PMTS.O, Updated at 2016-09-30
PNE.TO, Updated at 2016-09-30
PNK.O, Updated at 2016-09-30
PODR.BO, Updated at 2016-09-30
POLY.JK, Updated at 2016-09-30
POMP.WA, Updated at 2016-09-30
POSI3.SA, Updated at 2016-09-30
POU.TO, Updated at 2016-09-30
PPAR3.SA, Updated at 2016-09-30
PPY.TO, Updated at 2016-09-30
PREP.PA, Updated at 2016-09-30
PRFI.BO, Updated at 2016-09-30
PRML3.SA, Updated at 2016-09-30
PRSS.O, Updated at 2016-09-30
PRTY.K, Updated at 2016-09-30
PRW.TO, Updated at 2016-09-30
PS.BK, Updated at 2016-09-30
PS4G.DE, Updated at 2016-09-30
PSB.PS, Updated at 2016-09-30
PSf.BK, Updated at 2016-09-30
PSI.TO, Updated at 2016-09-30
PSn.BK, Updated at 2016-09-30
PTI.O, Updated at 2016-09-30
PTTGC.BK, Updated at 2016-09-30
PTTGCf.BK, Updated at 2016-09-30
PTTGCn.BK, Updated at 2016-09-30
PTX.O, Updated at 2016-09-30
PUMG.DE, Updated at 2016-09-30
PXT.TO, Updated at 2016-09-30
QBAK.O, Updated at 2016-09-30
QEC.TO, Updated at 2016-09-30
QNT.WA, Updated at 2016-09-30
QTA.V, Updated at 2016-09-30
QUIN.NS, Updated at 2016-09-30
RADC.NS, Updated at 2016-09-30
RAFP.WA, Updated at 2016-09-30
RAILG.ST, Updated at 2016-09-30
RAPT3.SA, Updated at 2016-09-30
RAPT4.SA, Updated at 2016-09-30
RATOa.ST, Updated at 2016-09-30
RATOb.ST, Updated at 2016-09-30
RAYa.TO, Updated at 2016-09-30
RAYb.TO, Updated at 2016-09-30
RCMN.DE, Updated at 2016-09-30
RDNI3.SA, Updated at 2016-09-30
RECIb.ST, Updated at 2016-09-30
RELY.O, Updated at 2016-09-30
REM.OL, Updated at 2016-09-30
REPH.O, Updated at 2016-09-30
RESN.O, Updated at 2016-09-30
REY.MI, Updated at 2016-09-30
RFRG.AS, Updated at 2016-09-30
RIBT.O, Updated at 2016-09-30
RIC.TO, Updated at 2016-09-30
RIN.V, Updated at 2016-09-30
RKDA.O, Updated at 2016-09-30
RL, Updated at 2016-10-01
RLOG.O, Updated at 2016-09-30
RLOG3.SA, Updated at 2016-09-30
RNEW11.SA, Updated at 2016-09-30
RNEW3.SA, Updated at 2016-09-30
RPAD3.SA, Updated at 2016-09-30
RPAD5.SA, Updated at 2016-09-30
RPAD6.SA, Updated at 2016-09-30
RPD.O, Updated at 2016-09-30
RPRO.AD, Updated at 2016-09-30
RROS.ST, Updated at 2016-09-30
RSID3.SA, Updated at 2016-09-30
RSL2.DE, Updated at 2016-09-30
RUBF.PA, Updated at 2016-09-30
RUMO3.SA, Updated at 2016-09-30
RUN.O, Updated at 2016-09-30
RVA.AX, Updated at 2016-09-30
RWAY.MI, Updated at 2016-09-30
RXII.O, Updated at 2016-09-30
SAEI.MI, Updated at 2016-09-30
SANW.O, Updated at 2016-09-30
SAPU.KL, Updated at 2016-10-31
SATS.SI, Updated at 2016-09-30
SBB.TO, Updated at 2016-09-30
SBMO.AS, Updated at 2016-09-30
SBOO.OL, Updated at 2016-09-30
SBS, Updated at 2016-09-30
SBSP3.SA, Updated at 2016-09-30
SCFM.CA, Updated at 2016-09-30
SCG.BK, Updated at 2016-09-30
SCGn.BK, Updated at 2016-09-30
SCHO.CO, Updated at 2016-09-30
SCN.BK, Updated at 2016-09-30
SCNf.BK, Updated at 2016-09-30
SCNn.BK, Updated at 2016-09-30
SCYR.MC, Updated at 2016-09-30
SDFGn.DE, Updated at 2016-09-30
SDPC.JK, Updated at 2016-09-30
SEFER.PA, Updated at 2016-09-30
SELB.O, Updated at 2016-09-30
SEV.TO, Updated at 2016-09-30
SEVN.PS, Updated at 2016-09-30
SFQN.DE, Updated at 2016-09-30
SFTC.PA, Updated at 2016-09-30
SGF.TO, Updated at 2016-09-30
SGRY.O, Updated at 2016-09-30
SHAK.K, Updated at 2016-09-28
SHID.JK, Updated at 2016-09-30
SHOW3.SA, Updated at 2016-09-30
SHRY.NS, Updated at 2016-09-30
SHUL3.SA, Updated at 2016-09-30
SHUL4.SA, Updated at 2016-09-30
SIM.CO, Updated at 2016-09-30
SIMA.JK, Updated at 2016-06-30
SIMO.O, Updated at 2016-09-30
SISG.DE, Updated at 2016-09-30
SJT, Updated at 2016-09-30
SKLT.JK, Updated at 2016-09-30
SLF.TO, Updated at 2016-09-30
SMLR.O, Updated at 2016-09-30
SNBN.S, Updated at 2016-09-30
SNGI.NS, Updated at 2016-09-30
SOBE.BO, Updated at 2016-09-30
SOOK.SI, Updated at 2016-09-30
SPFu.BK, Updated at 2016-09-30
SPH, Updated at 2016-09-24
SPHS.O, Updated at 2016-09-30
SPKE.O, Updated at 2016-09-30
SPNE.O, Updated at 2016-09-30
SPTN.O, Updated at 2016-10-08
SPWR.O, Updated at 2016-10-02
SQP.TO, Updated at 2016-09-30
SRDC.PS, Updated at 2016-09-30
SRENH.S, Updated at 2016-09-30
SRSN.JK, Updated at 2016-09-30
SRV_u.TO, Updated at 2016-09-30
SSFN.O, Updated at 2016-09-30
SSTM.JK, Updated at 2016-09-30
SSY, Updated at 2016-09-30
STAGn.DE, Updated at 2016-09-30
STBP3.SA, Updated at 2016-09-30
STEG.SI, Updated at 2016-09-30
STFP.WA, Updated at 2016-09-30
STN.TO, Updated at 2016-09-30
STXPP.WA, Updated at 2016-09-30
SUBC.OL, Updated at 2016-09-30
SULI.JK, Updated at 2016-09-30
SUNW.O, Updated at 2016-09-30
SUTI.NS, Updated at 2016-09-30
SWAG.DE, Updated at 2016-09-30
SWTE.BO, Updated at 2016-09-30
TAIN.NS, Updated at 2016-09-30
TAKUNIm.BK, Updated at 2016-09-30
TAKUNImn.BK, Updated at 2016-09-30
TALF.JK, Updated at 2016-09-30
TAQA.AD, Updated at 2016-09-30
TARP.WA, Updated at 2016-09-30
TBKH.NS, Updated at 2016-09-30
TBORG.IS, Updated at 2016-09-30
TCMD.O, Updated at 2016-09-30
TCRD.O, Updated at 2016-09-30
TCS, Updated at 2016-10-01
TCTP.BO, Updated at 2016-03-31
TEO, Updated at 2016-09-30
TESI.PA, Updated at 2016-09-30
TEXC.KL, Updated at 2016-09-30
TGEL.PA, Updated at 2016-09-30
TGEN.O, Updated at 2016-09-30
TGO.TO, Updated at 2016-09-30
THEM.NS, Updated at 2016-09-30
THYAO.IS, Updated at 2016-09-30
TIFA.JK, Updated at 2016-09-30
TLN, Updated at 2016-09-30
TMI.TO, Updated at 2016-09-30
TMIb.TO, Updated at 2016-09-30
TMM.TO, Updated at 2016-09-30
TMPAI.RTS, Updated at 2016-09-30
TNT_u.TO, Updated at 2016-09-30
TNXP.O, Updated at 2016-09-30
TOP.BK, Updated at 2016-09-30
TOPf.BK, Updated at 2016-09-30
TOPn.BK, Updated at 2016-09-30
TOWR.JK, Updated at 2016-09-30
TOYB3.SA, Updated at 2016-09-30
TOYB4.SA, Updated at 2016-09-30
TPB, Updated at 2016-09-30
TPH.TO, Updated at 2016-09-30
TPIS3.SA, Updated at 2016-09-30
TPMA.JK, Updated at 2016-09-30
TR.TO, Updated at 2016-09-30
TRCH.O, Updated at 2016-09-30
TRIM.JK, Updated at 2016-09-30
TRKP.WA, Updated at 2016-09-30
TSM, Updated at 2016-09-30
TTEC.O, Updated at 2016-09-30
TTGT.O, Updated at 2016-09-30
TTIGn.DE, Updated at 2016-09-30
TTKL.NS, Updated at 2016-09-30
TUGS.PS, Updated at 2016-09-30
TUPLI.RTS, Updated at 2016-09-30
TVO.BK, Updated at 2016-09-30
TVOf.BK, Updated at 2016-09-30
TVOn.BK, Updated at 2016-09-30
UFALI.RTS, Updated at 2016-09-30
UFFP.PA, Updated at 2016-09-30
UFOM.NS, Updated at 2016-09-30
UGI, Updated at 2016-09-30
UGP, Updated at 2016-09-30
UGPA3.SA, Updated at 2016-09-30
ULH.O, Updated at 2016-10-01
UNXL.O, Updated at 2016-09-30
UPLD.O, Updated at 2016-09-30
UPRO.DU, Updated at 2016-09-30
UQM, Updated at 2016-09-30
UR.TO, Updated at 2016-09-30
URRE.O, Updated at 2016-09-30
USBI.O, Updated at 2016-09-30
UTSI.O, Updated at 2016-09-30
VAL.CN, Updated at 2016-09-30
VBKG.DE, Updated at 2016-09-30
VEIL.PA, Updated at 2016-09-30
VFQS.QA, Updated at 2016-09-30
VIV.PA, Updated at 2016-09-30
VIVO.O, Updated at 2016-09-30
VKTX.O, Updated at 2016-09-30
VLE.TO, Updated at 2016-09-30
VLID3.SA, Updated at 2016-09-30
VLLP.PA, Updated at 2016-09-30
VNRX.K, Updated at 2016-09-30
VOC, Updated at 2016-09-30
VOES.VI, Updated at 2016-09-30
VOTL.NS, Updated at 2016-09-30
VOXP.WA, Updated at 2016-09-30
VRML.O, Updated at 2016-09-30
VRTB.O, Updated at 2016-09-30
VSTO.K, Updated at 2016-10-02
VSTP.WA, Updated at 2016-09-30
VULC3.SA, Updated at 2016-09-30
VVT.PS, Updated at 2016-09-30
VYGR.O, Updated at 2016-09-30
VYPR.BO, Updated at 2016-09-30
WACGn.DE, Updated at 2016-09-30
WBSV.VI, Updated at 2016-09-30
WCFB.O, Updated at 2016-09-30
WDG.V, Updated at 2016-09-30
WED.V, Updated at 2016-09-30
WFG.V, Updated at 2016-09-30
WIX.O, Updated at 2016-09-30
WK, Updated at 2016-09-30
WLB.WA, Updated at 2016-09-30
WLIL.SI, Updated at 2016-09-30
WPHB.KL, Updated at 2016-09-30
WTN.WA, Updated at 2016-09-30
WVVI.O, Updated at 2016-09-30
WWASA.OL, Updated at 2016-09-30
WYIG.O, Updated at 2016-09-30
WYIGU.O, Updated at 2016-09-30
XMYn.DE, Updated at 2016-09-30
XPLR.O, Updated at 2016-09-30
Y.TO, Updated at 2016-09-30
YNAP.MI, Updated at 2016-09-30
YNMH.SI, Updated at 2016-09-30
YPF, Updated at 2016-09-30
YPFL3.SA, Updated at 2016-09-30
YRBa.TO, Updated at 2016-09-30
YULE.JK, Updated at 2016-09-30
YUME.K, Updated at 2016-09-30
ZHNE.O, Updated at 2016-09-30
ZKA.WA, Updated at 2016-09-30
ZMID.CA, Updated at 2016-09-30
ZN.O, Updated at 2016-09-30
