000020.SZ
000020.SZ
000020.SZ
000040.SZ
000040.SZ
000040.SZ
000153.SZ
000153.SZ
000153.SZ
000153.SZ
000153.SZ
000421.SZ
000421.SZ
000421.SZ
000421.SZ
000421.SZ
000421.SZ
000502.SZ
000502.SZ
000502.SZ
000502.SZ
000590.SZ
000590.SZ
000590.SZ
000590.SZ
000590.SZ
000611.SZ
000639.SZ
000639.SZ
000639.SZ
000639.SZ
000668.SZ
000668.SZ
000668.SZ
000668.SZ
000678.SZ
000678.SZ
000678.SZ
000678.SZ
000678.SZ
000678.SZ
000695.SZ
000695.SZ
000695.SZ
000695.SZ
000721.SZ
000721.SZ
000721.SZ
000779.SZ
000779.SZ
000779.SZ
000779.SZ
000779.SZ
000779.SZ
000779.SZ
000779.SZ
000779.SZ
000779.SZ
000779.SZ
000779.SZ
000779.SZ
000779.SZ
000810.KS
000812.SZ
000812.SZ
000812.SZ
000812.SZ
000881.SZ
000881.SZ
000881.SZ
000881.SZ
000881.SZ
000948.SZ
000948.SZ
000948.SZ
000948.SZ
000948.SZ
000948.SZ
000948.SZ
000948.SZ
000948.SZ
000948.SZ
000948.SZ
000948.SZ
000948.SZ
000948.SZ
000948.SZ
000948.SZ
000980.SZ
000995.SZ
000995.SZ
000995.SZ
000995.SZ
001450.KS
002062.SZ
002062.SZ
002062.SZ
002062.SZ
002062.SZ
002110.SZ
002110.SZ
002110.SZ
002110.SZ
002110.SZ
002110.SZ
002125.SZ
002125.SZ
002125.SZ
002125.SZ
002125.SZ
002147.SZ
002147.SZ
002147.SZ
002147.SZ
002147.SZ
002147.SZ
002147.SZ
002147.SZ
002147.SZ
002147.SZ
002149.SZ
002149.SZ
002149.SZ
002149.SZ
002162.SZ
002162.SZ
002169.SZ
002169.SZ
002169.SZ
002169.SZ
002169.SZ
002290.SZ
002290.SZ
002290.SZ
002290.SZ
002290.SZ
002357.SZ
002357.SZ
002357.SZ
002357.SZ
002357.SZ
002369.SZ
002369.SZ
002386.SZ
002386.SZ
002386.SZ
002386.SZ
002386.SZ
002397.SZ
002397.SZ
002397.SZ
002397.SZ
002397.SZ
002435.SZ
002435.SZ
002435.SZ
002435.SZ
002435.SZ
002511.SZ
002511.SZ
002511.SZ
002511.SZ
002511.SZ
002552.SZ
002552.SZ
002552.SZ
002552.SZ
002702.SZ
002702.SZ
002702.SZ
002732.SZ
002732.SZ
002732.SZ
002732.SZ
002740.SZ
002740.SZ
002740.SZ
002740.SZ
002740.SZ
002740.SZ
002742.SZ
002742.SZ
002746.SZ
002746.SZ
002746.SZ
002746.SZ
002746.SZ
002779.SZ
002779.SZ
002779.SZ
002779.SZ
002779.SZ
002779.SZ
002785.SZ
002785.SZ
002785.SZ
002785.SZ
002785.SZ
002785.SZ
002789.SZ
002789.SZ
002795.SZ
002795.SZ
002795.SZ
002795.SZ
002795.SZ
002795.SZ
002801.SZ
002801.SZ
002801.SZ
002801.SZ
002801.SZ
002801.SZ
003570.KS
003570.KS
003570.KS
003570.KS
008470.KQ
008470.KQ
008470.KQ
008470.KQ
008470.KQ
008470.KQ
008470.KQ
008470.KQ
008470.KQ
009810.KS
009810.KS
009810.KS
009810.KS
009810.KS
009810.KS
033130.KQ
033130.KQ
033130.KQ
033130.KQ
033130.KQ
033130.KQ
033130.KQ
033130.KQ
033130.KQ
033130.KQ
033130.KQ
033130.KQ
033130.KQ
033130.KQ
033130.KQ
033130.KQ
033130.KQ
033130.KQ
033130.KQ
033130.KQ
033130.KQ
033130.KQ
033130.KQ
033130.KQ
034020.KS
034020.KS
036630.KQ
036630.KQ
036630.KQ
036630.KQ
036630.KQ
036630.KQ
036630.KQ
036630.KQ
036630.KQ
037270.KS
037270.KS
037270.KS
037270.KS
043590.KQ
043590.KQ
043590.KQ
043590.KQ
043590.KQ
043590.KQ
043590.KQ
043590.KQ
043590.KQ
043590.KQ
043590.KQ
043590.KQ
043590.KQ
043590.KQ
043590.KQ
043590.KQ
043590.KQ
043590.KQ
043590.KQ
047050.KS
047050.KS
047050.KS
047050.KS
047050.KS
047050.KS
047050.KS
047050.KS
047050.KS
047050.KS
047050.KS
047050.KS
047050.KS
047050.KS
047050.KS
047050.KS
047050.KS
047050.KS
047050.KS
049070.KQ
049430.KQ
049430.KQ
049430.KQ
049430.KQ
049430.KQ
049430.KQ
049770.KS
049770.KS
049770.KS
049770.KS
049770.KS
049770.KS
049770.KS
049770.KS
049770.KS
049770.KS
049770.KS
049770.KS
049770.KS
049770.KS
049770.KS
049770.KS
049770.KS
049770.KS
049770.KS
050890.KQ
050890.KQ
050890.KQ
050890.KQ
059100.KQ
059100.KQ
059100.KQ
059100.KQ
059100.KQ
059100.KQ
059100.KQ
059100.KQ
059100.KQ
059100.KQ
059100.KQ
059100.KQ
059100.KQ
059100.KQ
059100.KQ
059100.KQ
059100.KQ
059100.KQ
059100.KQ
059100.KQ
059100.KQ
064480.KQ
064480.KQ
064480.KQ
064480.KQ
064480.KQ
064480.KQ
064480.KQ
064960.KS
066410.KQ
066410.KQ
066410.KQ
066970.KQ
066970.KQ
066970.KQ
066970.KQ
066970.KQ
066970.KQ
066970.KQ
066970.KQ
066970.KQ
066970.KQ
066970.KQ
066970.KQ
066970.KQ
066970.KQ
066970.KQ
066970.KQ
066970.KQ
066970.KQ
066970.KQ
068240.KQ
068240.KQ
068240.KQ
068240.KQ
068240.KQ
068240.KQ
069540.KQ
069540.KQ
069540.KQ
069540.KQ
069540.KQ
069540.KQ
069540.KQ
069540.KQ
069540.KQ
069540.KQ
069540.KQ
069540.KQ
069540.KQ
069540.KQ
069540.KQ
069540.KQ
069540.KQ
069540.KQ
069540.KQ
071050.KS
071050.KS
084370.KQ
084370.KQ
084370.KQ
084370.KQ
084370.KQ
084370.KQ
084370.KQ
084370.KQ
089600.KQ
089600.KQ
089600.KQ
089600.KQ
089600.KQ
089600.KQ
089600.KQ
089600.KQ
089600.KQ
089600.KQ
089600.KQ
089600.KQ
089600.KQ
089600.KQ
089600.KQ
089600.KQ
089600.KQ
089600.KQ
089600.KQ
089600.KQ
089600.KQ
092300.KQ
092300.KQ
092300.KQ
092300.KQ
092300.KQ
100840.KS
100840.KS
100840.KS
1256.TW
1256.TW
1256.TW
1256.TW
1256.TW
1256.TW
130740.KQ
130740.KQ
130740.KQ
130740.KQ
130740.KQ
130740.KQ
130740.KQ
1313.TW
1313.TW
136540.KQ
136540.KQ
136540.KQ
136540.KQ
136540.KQ
136540.KQ
136540.KQ
136540.KQ
136540.KQ
136540.KQ
136540.KQ
136540.KQ
136540.KQ
136540.KQ
136540.KQ
136540.KQ
136540.KQ
136540.KQ
138040.KS
143240.KQ
143240.KQ
1582.TW
1582.TW
1582.TW
1582.TW
1582.TW
1582.TW
1708.TW
1708.TW
1708.TW
1708.TW
1708.TW
1708.TW
1708.TW
1719.T
1719.T
1719.T
1723.TW
1723.TW
1723.TW
1723.TW
1723.TW
1723.TW
1737.TW
1737.TW
1737.TW
1737.TW
1737.TW
1737.TW
1807.T
1807.T
1807.T
1833.T
1833.T
1833.T
1833.T
1852.T
1852.T
1852.T
1852.T
1852.T
1852.T
1852.T
1852.T
1852.T
1865.T
1865.T
1865.T
1865.T
1865.T
1865.T
1865.T
1865.T
1865.T
1865.T
1929.T
1929.T
1935.T
1935.T
1938.T
1938.T
1938.T
1938.T
1960.T
1960.T
1960.T
1960.T
1963.T
1963.T
1963.T
200020.SZ
200020.SZ
200020.SZ
200710.KQ
200780.KQ
200780.KQ
200780.KQ
200780.KQ
200780.KQ
200780.KQ
200780.KQ
200780.KQ
200780.KQ
200780.KQ
200780.KQ
200780.KQ
200780.KQ
200780.KQ
200780.KQ
200780.KQ
200780.KQ
200780.KQ
200780.KQ
2115.TW
2115.TW
2115.TW
2115.TW
2115.TW
2115.TW
2115.TW
2115.TW
2130.NG
2130.NG
2130.NG
2130.NG
2130.NG
2130.NG
2137.SP
2137.SP
2137.SP
2137.SP
2137.SP
2137.SP
2137.SP
2137.SP
214150.KQ
214150.KQ
214150.KQ
214150.KQ
214150.KQ
214150.KQ
214150.KQ
214150.KQ
214150.KQ
2196.T
2196.T
2201.T
2201.T
2208.TW
2208.TW
2208.TW
2208.TW
2218.SP
2218.SP
2218.SP
2264.T
2264.T
2264.T
2264.T
2264.T
2269.T
2269.T
2269.T
2269.T
2269.T
2296.T
2296.T
2296.T
2305.T
2327.TW
2387.TW
2387.TW
2387.TW
2387.TW
2387.TW
2387.TW
2387.TW
2398.T
2398.T
2415.TW
2415.TW
2462.TW
2462.TW
2462.TW
2462.TW
2462.TW
2462.TW
2509.TW
2509.TW
2509.TW
2509.TW
2536.TW
2536.TW
2536.TW
2536.TW
2536.TW
2536.TW
2702.TW
2702.TW
2702.TW
2702.TW
2702.TW
2702.TW
2702.TW
2777.T
2777.T
2815.T
2815.T
2815.T
2815.T
2911.T
2911.T
2911.T
2911.T
2915.T
2915.T
2931.T
2931.T
2931.T
2931.T
300047.SZ
300047.SZ
300047.SZ
300082.SZ
300082.SZ
300082.SZ
300082.SZ
300082.SZ
300082.SZ
300089.SZ
300089.SZ
300089.SZ
300089.SZ
300089.SZ
300094.SZ
300094.SZ
300094.SZ
300094.SZ
300094.SZ
300163.SZ
300163.SZ
300164.SZ
300164.SZ
300164.SZ
300164.SZ
300164.SZ
300165.SZ
300165.SZ
300169.SZ
300169.SZ
300169.SZ
300169.SZ
300169.SZ
300176.SZ
300176.SZ
300176.SZ
300176.SZ
300176.SZ
300176.SZ
300176.SZ
300179.SZ
300179.SZ
300179.SZ
300179.SZ
300179.SZ
300179.SZ
300179.SZ
300203.SZ
300214.SZ
300214.SZ
300214.SZ
300214.SZ
300214.SZ
300214.SZ
300214.SZ
300240.SZ
300240.SZ
300240.SZ
300240.SZ
300279.SZ
300279.SZ
300279.SZ
300279.SZ
300279.SZ
300303.SZ
300303.SZ
300303.SZ
300303.SZ
300303.SZ
300303.SZ
300303.SZ
300303.SZ
300305.SZ
300305.SZ
300305.SZ
300305.SZ
300305.SZ
300305.SZ
300305.SZ
300305.SZ
300385.SZ
300385.SZ
300385.SZ
300385.SZ
300385.SZ
300385.SZ
300385.SZ
300385.SZ
300399.SZ
300399.SZ
300399.SZ
300399.SZ
300399.SZ
300400.SZ
300400.SZ
300430.SZ
300430.SZ
300430.SZ
300430.SZ
300430.SZ
300435.SZ
300435.SZ
300453.SZ
300453.SZ
300453.SZ
300453.SZ
300453.SZ
300453.SZ
300460.SZ
300460.SZ
300460.SZ
300462.SZ
300462.SZ
300462.SZ
300464.SZ
300464.SZ
300475.SZ
300475.SZ
300475.SZ
300475.SZ
300475.SZ
300475.SZ
300486.SZ
300486.SZ
300486.SZ
300492.SZ
300492.SZ
300492.SZ
300492.SZ
300492.SZ
300499.SZ
300499.SZ
300499.SZ
300499.SZ
300499.SZ
300499.SZ
300501.SZ
300501.SZ
300501.SZ
300501.SZ
300501.SZ
300503.SZ
300503.SZ
300503.SZ
300503.SZ
300503.SZ
300503.SZ
300503.SZ
300503.SZ
300503.SZ
300503.SZ
300503.SZ
300503.SZ
300503.SZ
300503.SZ
300503.SZ
300508.SZ
300508.SZ
300508.SZ
300508.SZ
300508.SZ
300508.SZ
300513.SZ
300513.SZ
300513.SZ
300513.SZ
300513.SZ
300515.SZ
300515.SZ
300515.SZ
300515.SZ
300515.SZ
300519.SZ
300519.SZ
300519.SZ
300519.SZ
300519.SZ
300519.SZ
300521.SZ
300521.SZ
300521.SZ
300521.SZ
300521.SZ
300525.SZ
300525.SZ
300525.SZ
300525.SZ
300525.SZ
300525.SZ
300526.SZ
300526.SZ
300526.SZ
300526.SZ
300527.SZ
300527.SZ
300527.SZ
300527.SZ
300527.SZ
300528.SZ
300528.SZ
300528.SZ
300528.SZ
300528.SZ
300528.SZ
300529.SZ
300529.SZ
300529.SZ
300529.SZ
300529.SZ
300529.SZ
300529.SZ
3105.T
3105.T
3109.T
3109.T
3109.T
3109.T
3135.T
3183.T
3183.T
3183.T
3202.T
3202.T
3202.T
3202.T
3202.T
3289.T
3289.T
3289.T
3289.T
3289.T
3289.T
3319.T
3319.T
3319.T
3319.T
3354.TWO
3355.HK
3355.HK
3355.HK
3355.HK
3355.HK
3355.HK
3423.T
3423.T
3423.T
3423.T
3423.T
3423.T
3423.T
3432.TW
3432.TW
3432.TW
3432.TW
3432.TW
3432.TW
3435.T
3464.T
3464.T
3464.T
3464.T
3464.T
3464.T
3569.T
3569.T
3569.T
3569.T
3569.T
3626.T
3626.T
3626.T
3626.T
3626.T
3634.T
3634.T
3634.T
3656.T
3668.T
3668.T
3668.T
3668.T
3668.T
3668.T
3668.T
3668.T
3668.T
3668.T
3669.TW
3669.TW
3682.T
3682.T
3682.T
3682.T
3698.TW
3698.TW
3698.TW
3698.TW
3698.TW
3698.TW
3698.TW
3698.TW
3738.T
3738.T
3741.T
3741.T
3741.T
3741.T
3741.T
3741.T
3741.T
3741.T
3774.T
3774.T
3774.T
3774.T
3774.T
3775.NG
3775.NG
3775.NG
3775.NG
3784.T
3784.T
3784.T
3784.T
3803.T
3896.T
3896.T
3896.T
3896.T
3954.T
3954.T
3954.T
3954.T
3954.T
4028.T
4028.T
4028.T
4028.T
4028.T
4028.T
4028.T
4028.T
4046.T
4046.T
4046.T
4046.T
4046.T
4118.T
4118.T
4118.T
4118.T
4118.T
4118.T
4120.T
4120.T
4120.T
4120.T
4137.TW
4137.TW
4137.TW
4137.TW
4137.TW
4151.T
4220.T
4220.T
4220.T
4220.T
4220.T
4247.NG
4247.NG
4247.NG
4247.NG
4299.T
4299.T
4299.T
4299.T
4299.T
4299.T
4342.T
4342.T
4342.T
4342.T
4342.T
4342.T
4349.NG
4426.TW
4426.TW
4426.TW
4426.TW
4426.TW
4464.T
4464.T
4464.T
4464.T
4464.T
4464.T
4540.T
4540.T
4540.T
4540.T
4540.T
4540.T
4540.T
4612.T
4612.T
4612.T
4612.T
4612.T
4612.T
4619.T
4619.T
4619.T
4619.T
4634.T
4634.T
4641.T
4641.T
4641.T
4656.T
4656.T
4674.T
4674.T
4674.T
4674.T
4734.T
4734.T
4911.TWO
4911.TWO
4911.TWO
4911.TWO
4928.T
4928.T
4928.T
4928.T
4943.TWO
4994.T
4994.T
4994.T
4994.T
4994.T
4994.T
4994.T
4994.T
5013.T
5013.T
5162.T
5162.T
5162.T
5162.T
5192.T
5192.T
5192.T
5273.T
5273.T
5273.T
5273.T
5331.T
5331.T
5331.T
5331.T
5491.T
5491.T
5491.T
5491.T
5607.TW
5607.TW
5607.TW
5607.TW
5660.T
5660.T
5660.T
5660.T
5660.T
5660.T
5660.T
5660.T
5711.T
5711.T
5711.T
5923.T
5923.T
5923.T
5923.T
5923.T
5923.T
5923.T
5923.T
5939.T
5939.T
5955.T
5955.T
5955.T
5955.T
5955.T
5969.T
5969.T
5969.T
5969.T
5969.T
5969.T
5991.T
5991.T
5991.T
5991.T
5991.T
5991.T
5ALB.BB
600051.SS
600051.SS
600051.SS
600083.SS
600083.SS
600083.SS
600083.SS
600083.SS
600083.SS
600083.SS
600083.SS
600083.SS
600083.SS
600083.SS
600083.SS
600083.SS
600083.SS
600083.SS
600097.SS
600097.SS
600097.SS
600101.SS
600101.SS
600101.SS
600101.SS
600101.SS
600112.SS
600112.SS
600112.SS
600112.SS
600112.SS
600112.SS
600112.SS
600152.SS
600152.SS
600152.SS
600152.SS
600212.SS
600212.SS
600212.SS
600212.SS
600212.SS
600212.SS
600212.SS
600230.SS
600230.SS
600230.SS
600262.SS
600262.SS
600275.SS
600275.SS
600275.SS
600275.SS
600287.SS
600287.SS
600287.SS
600287.SS
600287.SS
600287.SS
600308.SS
600308.SS
600308.SS
600308.SS
600308.SS
600311.SS
600311.SS
600311.SS
600311.SS
600311.SS
600311.SS
600311.SS
600311.SS
600326.SS
600326.SS
600326.SS
600326.SS
600326.SS
600367.SS
600367.SS
600367.SS
600367.SS
600367.SS
600397.SS
600397.SS
600397.SS
600397.SS
600419.SS
600419.SS
600419.SS
600419.SS
600513.SS
600513.SS
600513.SS
600545.SS
600545.SS
600545.SS
600545.SS
600545.SS
600545.SS
600592.SS
600592.SS
600592.SS
600592.SS
600599.SS
600599.SS
600599.SS
600599.SS
600599.SS
600722.SS
600722.SS
600722.SS
600722.SS
600722.SS
600727.SS
600727.SS
600727.SS
600727.SS
600727.SS
600800.SS
600800.SS
600800.SS
600800.SS
600857.SS
600857.SS
600857.SS
600857.SS
600976.SS
600976.SS
600976.SS
600976.SS
600976.SS
6018.T
6018.T
6018.T
6018.T
603006.SS
603006.SS
603006.SS
603006.SS
603006.SS
603006.SS
603006.SS
603006.SS
603010.SS
603010.SS
603010.SS
603010.SS
603010.SS
603010.SS
603027.SS
603027.SS
603027.SS
603027.SS
603027.SS
603027.SS
603028.SS
603028.SS
603028.SS
603028.SS
603028.SS
603029.SS
603029.SS
603029.SS
603029.SS
603029.SS
603158.SS
603158.SS
603158.SS
603222.SS
603222.SS
603222.SS
603222.SS
603222.SS
603222.SS
603333.SS
603333.SS
603333.SS
603333.SS
603528.SS
603528.SS
603528.SS
603528.SS
603528.SS
603696.SS
603696.SS
603696.SS
603696.SS
603696.SS
603696.SS
603778.SS
603778.SS
603778.SS
603798.SS
603798.SS
603798.SS
603798.SS
603798.SS
603800.SS
603800.SS
603800.SS
603800.SS
6079.T
6079.T
6079.T
6079.T
6158.T
6158.T
6158.T
6158.T
6192.TW
6192.TW
6192.TW
6192.TW
6213.TW
6213.TW
6213.TW
6213.TW
6213.TW
6213.TW
6218.T
6218.T
6218.T
6218.T
6218.T
6278.T
6333.T
6333.T
6333.T
6338.T
6338.T
6338.T
6338.T
6345.T
6345.T
6345.T
6345.T
6345.T
6345.T
6345.T
6356.T
6356.T
6356.T
6356.T
6388.HK
6388.HK
6388.HK
6388.HK
6388.HK
6414.T
6414.T
6414.T
6458.T
6458.T
6458.T
6458.T
6458.T
6458.T
6458.T
6458.T
6458.T
6461.T
6461.T
6461.T
6480.T
6480.T
6622.T
6622.T
6648.T
6648.T
6648.T
6648.T
6648.T
6648.T
6716.T
6716.T
6716.T
6716.T
6716.T
6716.T
6727.T
6727.T
6740.T
6740.T
6740.T
6740.T
6741.T
6741.T
6741.T
6741.T
6741.T
6745.T
6750.T
6750.T
6750.T
6750.T
6810.T
6810.T
6810.T
6810.T
6810.T
6855.T
6855.T
6855.T
6855.T
6855.T
6924.T
6924.T
6938.T
6938.T
6938.T
6938.T
6938.T
6938.T
6938.T
6938.T
6938.T
6958.T
6958.T
6998.T
6998.T
6998.T
6998.T
6998.T
6S2.BB
6S2.BB
6S2.BB
6S2.BB
6S2.BB
6S2.BB
6S2.BB
6S2.BB
6S2.BB
6S2.BB
6S2.BB
6S2.BB
7205.T
7205.T
7205.T
7205.T
7205.T
7213.T
7213.T
7213.T
7213.T
7213.T
7213.T
7277.T
7277.T
7277.T
7277.T
7277.T
7292.T
7414.T
7414.T
7414.T
7414.T
7417.FU
7419.T
7419.T
7419.T
7419.T
7618.T
7618.T
7618.T
7618.T
7618.T
7628.T
7634.T
7634.T
7634.T
7634.T
7634.T
7634.T
7634.T
7705.T
7705.T
7705.T
7705.T
7705.T
7731.T
7731.T
7731.T
7748.T
7748.T
7748.T
7889.T
7889.T
7889.T
7889.T
7889.T
7889.T
7889.T
7889.T
7889.T
7889.T
7889.T
7905.T
7905.T
7905.T
7905.T
7906.T
7906.T
7906.T
7906.T
7906.T
7920.T
7920.T
7920.T
7920.T
7987.T
7987.T
7987.T
7987.T
7987.T
7991.T
7991.T
7991.T
7991.T
7991.T
8023.T
8023.T
8023.T
8023.T
8050.T
8050.T
8050.T
8050.T
8057.HK
8057.HK
8057.HK
8057.HK
8057.HK
8057.HK
8057.HK
8092.HK
8092.HK
8098.T
8098.T
8098.T
8098.T
8113.HK
8113.HK
8127.HK
8127.HK
8127.HK
8127.HK
8127.HK
8129.T
8129.T
8129.T
8129.T
8129.T
8131.T
8144.T
8144.T
8144.T
8144.T
8144.T
8144.T
8144.T
8144.T
8144.T
8145.HK
8145.HK
8145.HK
8145.HK
8145.HK
8145.HK
8145.HK
8145.HK
8145.HK
8177.HK
8177.HK
8207.HK
8213.HK
8213.HK
8213.HK
8213.HK
8213.HK
8213.HK
8213.HK
8213.HK
8213.HK
8213.HK
8213.HK
8327.HK
8327.HK
8329.HK
8329.HK
8331.T
8331.T
8337.T
8337.T
8337.T
8379.T
8379.T
8399.T
8399.T
8399.T
8416.T
8416.T
8416.T
8416.T
8416.T
8541.T
8541.T
8541.T
8589.T
8715.T
8715.T
8715.T
8769.T
8769.T
8769.T
8769.T
8769.T
8769.T
8769.T
8844.T
8844.T
8881.T
8881.T
8881.T
8891.T
8891.T
8891.T
8891.T
8893.T
8893.T
8893.T
8893.T
8893.T
8940.TW
8940.TW
8940.TW
8940.TW
8940.TW
8996.TW
8996.TW
8996.TW
8996.TW
8996.TW
8996.TW
900130.KQ
900951.SS
9024.T
9024.T
9024.T
9051.T
9051.T
9051.T
9051.T
9051.T
9066.T
9077.NG
9077.NG
9077.NG
9133.T
9133.T
9133.T
9133.T
9133.T
9133.T
9133.T
9133.T
9176.T
9176.T
9176.T
9176.T
9176.T
9176.T
9176.T
9302.T
9302.T
9302.T
9302.T
9302.T
9306.T
9306.T
9306.T
9306.T
9306.T
9306.T
9306.T
9306.T
9306.T
9375.T
9375.T
9375.T
9375.T
9405.T
9405.T
9543.T
9543.T
9543.T
9543.T
9543.T
9543.T
9616.T
9616.T
9616.T
9616.T
9616.T
9616.T
9616.T
9616.T
9616.T
9735.T
9735.T
9735.T
9735.T
9735.T
9735.T
9735.T
9780.T
9780.T
9780.T
9788.T
9788.T
9788.T
9788.T
9792.T
9792.T
9880.T
9880.T
9880.T
9880.T
9880.T
9899.T
9899.T
9902.T
9902.T
9902.T
9902.T
9902.T
9902.T
9902.T
9907.TW
9907.TW
9907.TW
9907.TW
9907.TW
9907.TW
AAI.AX
AAI.AX
AAI.AX
AAI.AX
AA_pb
AA_pb
AA_pb
AA_pb
ABAX.O
ABAX.O
ABAX.O
ABAX.O
ABAX.O
ABCB.O
ABCB.O
ABCB.O
ABCB.O
ACAT.O
ACAT.O
ACAT.O
ACAT.O
ACAT.O
ACAT.O
ACAT.O
ACAT.O
ACAT.O
ACAT.O
ACAT.O
ACAT.O
ACAT.O
ACAT.O
ACAT.O
ACAT.O
ACAT.O
ACAT.O
ACAT.O
ACAT.O
ACRS.O
ACRS.O
ACRS.O
ACRS.O
ACRS.O
ADPT.K
ADPT.K
ADUS.O
ADUS.O
ADUS.O
AEL
AEL
AEL
AEL
AEL
AEL
AEL
AEL
AEL
AEL
AER
AF
AF
AF
AF_pc
AF_pc
AF_pc
AGEN.O
AGEN.O
AGEN.O
AGEN.O
AGEN.O
AGEN.O
AGEN.O
AGEN.O
AGEN.O
AGEN.O
AGEN.O
AGEN.O
AGEN.O
AGEN.O
AGEN.O
AGEN.O
AGEN.O
AGEN.O
AGEN.O
AGEN.O
AGEN.O
AGEN.O
AGFB.BR
AGFB.BR
AGFB.BR
AGFB.BR
AGFB.BR
AGFB.BR
AGFB.BR
AGM
AGM
AGM
AGM
AGM
AGM
AGMa
AGMa
AGMa
AGMa
AGMa
AGMa
AGT.TO
AGT.TO
AGTH.AD
AGYS.O
AGYS.O
AGYS.O
AGYS.O
AHP
AHP
AHP
AHP
AHP
AHP
AHT
AHT
AHT
AHT
AINC.K
AINC.K
AINC.K
AINC.K
AKBA.O
AKBA.O
AKBA.O
AKBA.O
AKBA.O
AKBA.O
AKSEN.IS
AKSEN.IS
AKSEN.IS
AKSEN.IS
AKSEN.IS
AKSEN.IS
AKSEN.IS
AKSEN.IS
ALGN.O
ALGN.O
ALGN.O
ALGN.O
ALKA.BO
AMBR.K
AMBUb.CO
AMBUb.CO
AMBUb.CO
AMBUb.CO
AMBUb.CO
AMC
AMC
AMC
AMC
AMC
AMC
AMC
AMC
AMC
AMC
AMC
AMC
AMC
AMC
AMC
AMC
AMC
AMC
AMC
AMG.AS
AMG.AS
AMG.AS
AMG.AS
AMG.AS
AMG.AS
AMG.AS
AMG.AS
AMG.AS
AMG.AS
AMG.AS
AMG.AS
AMG.AS
AMG.AS
AMG.AS
AMG.AS
AMM.TO
AMM.TO
AMM.TO
AMM.TO
AMM.TO
AMM.TO
AMM.TO
AMOT.O
AMOT.O
AMOT.O
AMRI.O
AMRI.O
AMRI.O
AMRS.O
AMRS.O
AMRS.O
AMRS.O
AMRS.O
AP
AP
AP
AP
AP
AP
AP
AP
AP
AP
AP
AP
AP
AP
AP
AP
AP
AP
AP
AP
AP
AP
APFH.K
ARDM.O
ARDM.O
ARDM.O
ARDM.O
ARDM.O
ARNA.O
ARNA.O
ARNA.O
ARNA.O
ARNA.O
ARNA.O
ARNA.O
ARNA.O
ARNA.O
ARNA.O
AROW.O
AROW.O
AROW.O
AROW.O
ATNI.O
ATNI.O
ATNI.O
ATNI.O
ATNI.O
ATNI.O
ATNI.O
ATNI.O
ATNI.O
AVAU.SI
AVAU.SI
AVAU.SI
AVAU.SI
AVAU.SI
AVAU.SI
AVAU.SI
AVAU.SI
AVAU.SI
AVID.O
AVID.O
AVID.O
AVID.O
AVID.O
AVID.O
AVID.O
AVID.O
AVID.O
AVON34.SA
AVON34.SA
AVP
AVP
AXAS.O
AXAS.O
AXAS.O
AXAS.O
AXDX.O
AXDX.O
AXDX.O
AXDX.O
AXDX.O
AXDX.O
BAS
BAS
BAS
BATS.K
BATS.K
BATS.K
BATS.K
BATS.K
BATS.K
BATS.K
BBSI.O
BBSI.O
BBSI.O
BBSI.O
BBW
BBW
BBW
BBW
BBW
BBW
BBW
BBW
BBW
BBW
BBW
BCEI.K
BCEI.K
BCEI.K
BCEI.K
BCEI.K
BCEI.K
BCEI.K
BCEI.K
BEBE.O
BEBE.O
BEBE.O
BEBE.O
BEBE.O
BEBE.O
BEBE.O
BEBE.O
BEBE.O
BGCP.O
BGCP.O
BGCP.O
BGCP.O
BGCP.O
BGCP.O
BH.PS
BH.PS
BH.PS
BH.PS
BH.PS
BH.PS
BH.PS
BHIB.KL
BHIB.KL
BHIB.KL
BHIB.KL
BHIB.KL
BHIB.KL
BHIB.KL
BHIB.KL
BHLB.K
BHLB.K
BHLB.K
BHLB.K
BHLB.K
BKEP.O
BKEP.O
BKEP.O
BKEP.O
BKEP.O
BKEP.O
BLD
BLD
BLD
BLD
BLD
BLD
BLD
BNE.TO
BNE.TO
BNE.TO
BNE.TO
BNE.TO
BNE.TO
BNE.TO
BNE.TO
BNE.TO
BNE.TO
BNRGn.DE
BNRGn.DE
BNRGn.DE
BNRGn.DE
BNRGn.DE
BNRGn.DE
BNRGn.DE
BNRGn.DE
BNRGn.DE
BNRGn.DE
BNRGn.DE
BOYP.IS
BOYP.IS
BOYP.IS
BOYP.IS
BOYP.IS
BOYP.IS
BOYP.IS
BOYP.IS
BOYP.IS
BPFI.JK
BPOST.BR
BPOST.BR
BPOST.BR
BPOST.BR
BPOST.BR
BPOST.BR
BPOST.BR
BPOST.BR
BPOST.BR
BPOST.BR
BR
BR
BR
BR
BR
BR
BRG
BRG
BRG
BRG
BRKR.O
BRKR.O
BRO
BRO
BRO
BRO
BRO
BRO
BRO
BRO
BRO
BRO
BRO
BRO
BRO
BRO
BRO
BRPR3.SA
BRPR3.SA
BRPR3.SA
BRPR3.SA
BRPR3.SA
BRPR3.SA
BSDE.JK
BSEV3.SA
BSEV3.SA
BSEV3.SA
BSEV3.SA
BSEV3T.SA
BSEV3T.SA
BSEV3T.SA
BSEV3T.SA
BSTC.O
BTEL.JK
BTN
BTN
BTN
BTN
BTN
BUCIM.IS
BUCIM.IS
BUCIM.IS
BUCIM.IS
BUCIM.IS
BUCIM.IS
BUCIM.IS
BUCIM.IS
BUCIM.IS
BUCIM.IS
BWFG.O
BWFG.O
BWFG.O
BWFG.O
BWFG.O
BWFG.O
BWFG.O
BWLD.O
BWLD.O
BWLD.O
BYD_u.TO
BYD_u.TO
BYD_u.TO
BYD_u.TO
BYD_u.TO
BYD_u.TO
BYD_u.TO
BYD_u.TO
BYD_u.TO
BYD_u.TO
BYD_u.TO
BYD_u.TO
BYD_u.TO
BYD_u.TO
CAG
CAGR.PA
CAGR.PA
CAGR.PA
CAGR.PA
CAGR.PA
CAGR.PA
CAGR.PA
CAGR.PA
CAGR.PA
CALL.O
CALL.O
CALL.O
CALL.O
CALL.O
CALL.O
CALL.O
CALL.O
CALL.O
CALL.O
CALL.O
CALL.O
CALL.O
CALL.O
CALL.O
CALL.O
CALL.O
CALL.O
CALL.O
CALL.O
CARB.O
CARB.O
CARB.O
CARD3.SA
CARD3.SA
CARD3.SA
CARD3.SA
CARD3.SA
CARD3.SA
CARO.O
CARO.O
CARO.O
CARO.O
CAS
CAS
CAS
CAS
CAS
CAS
CAS
CAS
CAS
CAS
CAS
CAS
CAS
CAS
CAS
CAS
CAS
CAS
CAS
CAS
CBG
CBG
CBG
CBG
CBG
CBG
CBG
CBG
CBU
CBU
CBU
CBU
CBU
CCLa.TO
CCLa.TO
CCLa.TO
CCLb.TO
CCLb.TO
CCLb.TO
CCM.TO
CCM.TO
CCM.TO
CCM.TO
CCM.TO
CCM.TO
CCM.TO
CCO
CCO
CCO
CCO
CCO
CCO
CCRN.O
CEVA.O
CFMS.O
CFMS.O
CFMS.O
CFMS.O
CFMS.O
CFMS.O
CFMS.O
CFMS.O
CFMS.O
CFMS.O
CFMS.O
CFMS.O
CFMS.O
CFMS.O
CFMS.O
CFMS.O
CFMS.O
CFMS.O
CFN.LS
CFN.LS
CFN.LS
CFN.LS
CFN.LS
CFN.LS
CFN.LS
CFN.LS
CFN.LS
CGG
CGG
CGG
CGI
CGI
CGI
CGI
CGI
CHFC.O
CHFC.O
CHFC.O
CHFC.O
CHFC.O
CHMI.K
CHMI.K
CHMI.K
CHMI.K
CHMI.K
CHMI.K
CHMI.K
CHMI.K
CHMI.K
CHMI.K
CHMI.K
CHMI.K
CHMI.K
CHMI.K
CHMI.K
CHMI.K
CHMI.K
CHRS.O
CHRS.O
CHRS.O
CHRS.O
CHRS.O
CHRS.O
CHRS.O
CHRS.O
CHRW.O
CHRW.O
CHRW.O
CHRW.O
CIC.PS
CIC.PS
CIFC.O
CIFC.O
CIFC.O
CIFC.O
CIT
CIT
CIT
CIT
CIT
CIT
CKEC.O
CKEC.O
CKEC.O
CKEC.O
CKEC.O
CKEC.O
CKEC.O
CKEC.O
CKEC.O
CKEC.O
CKEC.O
CKEC.O
CKEC.O
CKEC.O
CKEC.O
CKEC.O
CKEC.O
CKEC.O
CKEC.O
CKI.TO
CKI.TO
CKI.TO
CKI.TO
CKI.TO
CKI.TO
CLCD.O
CLCD.O
CLCD.O
CLCD.O
CLCD.O
CLCD.O
CLCD.O
CLEP.WA
CLEP.WA
CLMS.O
CLMS.O
CLMS.O
CLMS.O
CLMS.O
CLMS.O
CLMS.O
CLMS.O
CLMS.O
CLMS.O
CLMS.O
CLMS.O
CLMS.O
CLMS.O
CLMS.O
CLMS.O
CLMS.O
CLMS.O
CLNY.K
CLNY.K
CLNY.K
CLNY.K
CMCT.O
CMCT.O
CMCT.O
CMCT.O
CMCT.O
CMCT.O
CMCT.O
CMCT.O
CMCT.O
CMCT.O
CMCT.O
CMCT.O
CMCT.O
CMCT.O
CMCT.O
CMCT.O
CMCT.O
CMCT.O
CNNX.K
CNNX.K
COH
COH
COH
COH
COH
COLB.O
COLB.O
COLB.O
COTY.K
COTY34.SA
CPN.BK
CPN.BK
CPN.BK
CPN.BK
CPN.BK
CPN.BK
CPN.BK
CPN.BK
CPN.BK
CPN.BK
CPN.BK
CPN.BK
CPN.BK
CPN.BK
CPN.BK
CPN.BK
CPN.BK
CPN.BK
CPN.BK
CPN.BK
CPNf.BK
CPNf.BK
CPNf.BK
CPNf.BK
CPNf.BK
CPNf.BK
CPNf.BK
CPNf.BK
CPNf.BK
CPNf.BK
CPNf.BK
CPNf.BK
CPNf.BK
CPNf.BK
CPNf.BK
CPNf.BK
CPNf.BK
CPNf.BK
CPNf.BK
CPNf.BK
CPNn.BK
CPNn.BK
CPNn.BK
CPNn.BK
CPNn.BK
CPNn.BK
CPNn.BK
CPNn.BK
CPNn.BK
CPNn.BK
CPNn.BK
CPNn.BK
CPNn.BK
CPNn.BK
CPNn.BK
CPNn.BK
CPNn.BK
CPNn.BK
CPNn.BK
CPNn.BK
CPRE3.SA
CPRE3.SA
CPRE3.SA
CPRE3.SA
CPRE3.SA
CPRE3S.SA
CPRE3S.SA
CPRE3S.SA
CPRE3S.SA
CPRE3S.SA
CPRE3T.SA
CPRE3T.SA
CPRE3T.SA
CPRE3T.SA
CPRE3T.SA
CPST.O
CPST.O
CPST.O
CPST.O
CRGI.MI
CRGI.MI
CRGI.MI
CRGI.MI
CRGI.MI
CRGI.MI
CRIS.O
CRIS.O
CRIS.O
CRK
CRK
CRK
CRK
CRK
CRK
CRK
CROX.O
CROX.O
CROX.O
CROX.O
CROX.O
CROX.O
CROX.O
CROX.O
CROX.O
CROX.O
CROX.O
CROX.O
CROX.O
CROX.O
CROX.O
CROX.O
CROX.O
CROX.O
CROX.O
CROX.O
CROX.O
CSWa.TO
CSWa.TO
CSWa.TO
CSWa.TO
CSWa.TO
CSWa.TO
CSWa.TO
CSWb.TO
CSWb.TO
CSWb.TO
CSWb.TO
CSWb.TO
CSWb.TO
CSWb.TO
CTRA.JK
CUI.O
CUI.O
CUI.O
CUI.O
CUI.O
CUI.O
CUI.O
CVBF.O
CVBF.O
CVBF.O
CVBF.O
CVCO.O
CVCO.O
CVCO.O
CVCO.O
CYTR.O
CYTR.O
CYTR.O
CYTR.O
CYTR.O
CYTX.O
CYTX.O
DCOM.O
DCOM.O
DCOM.O
DCOM.O
DECK.K
DECK.K
DECK.K
DECK.K
DECK.K
DECK.K
DECK.K
DILD.JK
DIOD.O
DIOD.O
DIOD.O
DIOD.O
DIOD.O
DIOD.O
DIOD.O
DIOD.O
DIOD.O
DIOD.O
DIOD.O
DIOD.O
DIOD.O
DIOD.O
DIOD.O
DIOD.O
DIOD.O
DIOD.O
DIOD.O
DIOD.O
DIOD.O
DIOD.O
DIR_u.TO
DIR_u.TO
DIR_u.TO
DIR_u.TO
DIR_u.TO
DIR_u.TO
DIR_u.TO
DIR_u.TO
DIR_u.TO
DIR_u.TO
DIR_u.TO
DIR_u.TO
DLR
DLR
DLR
DLR
DLR
DLR
DLR
DLR
DLR
DM
DM
DM
DM
DM
DM
DM
DM
DM
DM
DM
DM
DM
DM
DM
DRIG.DE
DRIG.DE
DRIG.DE
DRIG.DE
DSCI.O
DSCI.O
DSCI.O
DSCI.O
DSCI.O
DSCI.O
DSCI.O
DSCI.O
DSCI.O
DSKX.O
DSKX.O
DSKX.O
DSPG.O
DSPG.O
DSPG.O
DSPG.O
DSPG.O
DSPG.O
DSPG.O
DTLK.O
EBIX.O
EBIX.O
EBIX.O
EBIX.O
EBS
EBS
EBS
EBS
EBS
ECILC.IS
ECILC.IS
ECPG.O
ECPG.O
ECPG.O
ECPG.O
ECYT.O
ECYT.O
ECYT.O
ECYT.O
ECYT.O
ECYT.O
EDIT.O
EDIT.O
EDIT.O
EDIT.O
EDIT.O
EDIT.O
EDW.V
EGAN.O
EGAN.O
EGAN.O
EIT.MI
EIT.MI
EIT.MI
EIT.MI
EIT.MI
EIT.MI
EIT.MI
EIT.MI
EIT.MI
EIT.MI
EIT.MI
EIT.MI
EIT.MI
EIT.MI
EIT.MI
EIT.MI
ELZ.WA
ELZ.WA
ELZ.WA
EMAE4.SA
EMAE4.SA
EMAE4.SA
EMAE4.SA
EMAE4.SA
EMAE4.SA
EMAE4.SA
EMAE4.SA
EMGS.OL
EMGS.OL
EMGS.OL
EMGS.OL
EML.O
EML.O
EML.O
EML.O
EML.O
EML.SN
EML.SN
EML.SN
EML.SN
EML.SN
EML.SN
EML.SN
EML.SN
EML.SN
EML.SN
EML.SN
ENR
ENR
ENR
ENR
ENR
ENT.O
ENT.O
ENT.O
ENT.O
ENT.O
ENT.O
ENT.O
ENT.O
ENT.O
ENT.O
ENV
ENV.LM
ENV.LM
ENV.LM
ENV.LM
ENV.LM
ENV.LM
ENV.LM
ENV.LM
ENV.LM
ENVi.LM
ENVi.LM
ENVi.LM
ENVi.LM
ENVi.LM
ENVi.LM
ENVi.LM
ENVi.LM
ENVi.LM
EPM
EPM
EPM
EPM
EPM
EQY
EQY
EQY
ERST.VI
ERST.VI
ERST.VI
ERST.VI
ERST.VI
ESIO.O
ESIO.O
ESIO.O
ETE
ETE
ETE
ETE
ETE
ETE
ETE
ETE
ETE
ETE
ETE
ETE
ETE
ETE
ETE
ETE
ETE
ETE
ETE
ETE
ETE
ETE
ETP
ETP
ETP
ETP
ETP
ETP
ETP
ETP
ETP
ETP
ETP
ETP
ETP
ETP
ETP
ETP
ETP
ETP
ETP
ETP
EUCA3.SA
EUCA3.SA
EUCA3.SA
EUCA3.SA
EUCA3.SA
EUCA3.SA
EUCA4.SA
EUCA4.SA
EUCA4.SA
EUCA4.SA
EUCA4.SA
EUCA4.SA
EVRI.K
EVRI.K
EVRI.K
EVRI.K
EVRI.K
EVRI.K
EVRI.K
F3CG.DE
F3CG.DE
F3CG.DE
F3CG.DE
F3CG.DE
F3CG.DE
F3CG.DE
F3CG.DE
F3CG.DE
F3CG.DE
F3CG.DE
F3CG.DE
F3CG.DE
FACN.KL
FACN.KL
FACN.KL
FACN.KL
FACN.KL
FACN.KL
FACN.KL
FACN.KL
FACN.KL
FACN.KL
FARM.O
FARM.O
FBNC.O
FBNC.O
FBNC.O
FBNC.O
FBNC.O
FBNC.O
FBP
FBP
FBP
FBP
FBP
FBRC.O
FBRC.O
FBRC.O
FBRC.O
FBRC.O
FBRC.O
FCB
FCB
FCB
FCB
FCB
FCF
FCF
FCF
FCF
FCF
FCFS.O
FCFS.O
FCFS.O
FCFS.O
FCFS.O
FCHA.MI
FCX
FCXO34.SA
FDUS.O
FDUS.O
FDUS.O
FDUS.O
FDUS.O
FDUS.O
FDUS.O
FH.O
FH.O
FH.O
FH.O
FH.O
FH.O
FH.O
FICO.K
FICO.K
FICO.K
FLIC.O
FLIC.O
FLIC.O
FLIC.O
FLIC.O
FLKS.O
FLL.O
FLL.O
FLL.O
FLL.O
FLL.O
FLL.O
FLL.O
FLL.O
FLL.O
FLL.O
FLL.O
FLL.O
FLL.O
FLL.O
FLL.O
FLL.O
FLO
FLO
FLO
FLO
FLO
FLT
FLT
FLT
FLT
FLT
FLT
FMM.V
FMM.V
FMM.V
FMM.V
FMM.V
FMM.V
FMM.V
FMM.V
FMM.V
FMM.V
FMM.V
FN
FN
FN
FN
FN
FN
FNLC.O
FNLC.O
FNLC.O
FNLC.O
FNLC.O
FNLC.O
FOR
FOR
FOR
FOR
FOR
FOR
FOSL.O
FOSL.O
FOSL.O
FOSL.O
FOSL.O
FOSL.O
FOSL.O
FOSL.O
FOSL.O
FOSL.O
FOSL.O
FOSL.O
FOSL.O
FOSL.O
FRAS3.SA
FRAS3.SA
FRAS3.SA
FRAS3.SA
FRAS3.SA
FREN.JK
FREN.JK
FREN.JK
FRSH.O
FSB
FSB
FSC1V.HE
FSC1V.HE
FSC1V.HE
FSC1V.HE
FSC1V.HE
FSC1V.HE
FSC1V.HE
FSC1V.HE
FSC1V.HE
FSC1V.HE
FSC1V.HE
FSC1V.HE
GABC.O
GABC.O
GABC.O
GABC.O
GABC.O
GABC.O
GABC.O
GALE.O
GALE.O
GALE.O
GALE.O
GBNK.O
GBNK.O
GBNK.O
GBNK.O
GCI.CD
GCI.CD
GCI.CD
GCI.CD
GCI.CD
GCI.CD
GCI.CD
GCI.CD
GCI.CD
GCP
GCP
GCP
GDOT.K
GDOT.K
GDOT.K
GDOT.K
GDOT.K
GDOT.K
GDOT.K
GDOT.K
GDOT.K
GEPH.PA
GEPH.PA
GEPH.PA
GFED.O
GFED.O
GFED.O
GFED.O
GFED.O
GFED.O
GFED.O
GFED.O
GH.TO
GH.TO
GH.TO
GH.TO
GH.TO
GH.TO
GH.TO
GH.TO
GHOO.KL
GHOO.KL
GHOO.KL
GHOO.KL
GHOO.KL
GHOO.KL
GHOO.KL
GIGA.O
GIGA.O
GIGA.O
GIGA.O
GIGA.O
GIGA.O
GIGA.O
GIGA.O
GLPI.O
GLPI.O
GLPI.O
GLPI.O
GLUU.O
GLUU.O
GLUU.O
GLUU.O
GLUU.O
GLUU.O
GMED.K
GMED.K
GMO
GMO
GMO
GMO
GMP.TO
GNL
GNL
GNL
GNL
GNL
GNL
GNL
GNL
GNL
GNL
GNVC.O
GNVC.O
GNVC.O
GNVC.O
GSDHO.IS
GSDHO.IS
GSDHO.IS
GSDHO.IS
GSDHO.IS
GTT
GTT
GTT
GTT
GTT
GTXI.O
GTXI.O
GTXI.O
GWR
GWR
GWR
HBNC.O
HBNC.O
HBNC.O
HBNC.O
HBNC.O
HBNC.O
HBNC.O
HCKT.O
HCKT.O
HCKT.O
HCKT.O
HCKT.O
HCKT.O
HCKT.O
HFC
HHS
HHS
HHS
HHS
HHS
HHS
HHS
HHS
HHS
HHS
HHS
HHS
HHS
HHS
HHS
HHS
HHS
HHS
HHS
HLC.TO
HLC.TO
HLC.TO
HLC.TO
HLC.TO
HLC.TO
HLIT.O
HLIT.O
HLIT.O
HLIT.O
HNR
HNR
HNR
HNR
HNR
HOPE.O
HOPE.O
HOPE.O
HOPE.O
HOPE.O
HOS
HOS
HOS
HOS
HOS
HOS
HOS
HOS
HOS
HOS
HOS
HOS
HOTR.O
HPT.O
HPT.O
HPT.O
HPT.O
HPT.O
HRT
HRT
HRT
HTBI.O
HTBI.O
HTBI.O
HTBI.O
HTBI.O
HTBI.O
HTBI.O
HTBI.O
HTBI.O
HTBI.O
HTGC.K
HTGC.K
HTLD.O
HTLD.O
HTLF.O
HTLF.O
HTLF.O
HTLF.O
HTLF.O
HTLF.O
HTM
HTM
HUB.WA
HUB.WA
HUB.WA
HUB.WA
HUFVa.ST
HUFVa.ST
HUFVa.ST
HUFVa.ST
HUFVa.ST
HUFVa.ST
HUFVa.ST
HUFVc.ST
HUFVc.ST
HUFVc.ST
HUFVc.ST
HUFVc.ST
HUFVc.ST
HUFVc.ST
HUIN.KL
HUIN.KL
HUIN.KL
HUIN.KL
HUIN.KL
HUIN.KL
HUIN.KL
HUIN.KL
HUIN.KL
HUIN.KL
HUIN.KL
HUIN.KL
HUIN.KL
HUIN.KL
HUIN.KL
HUIN.KL
HUIN.KL
HURGZ.IS
HWSAk.DE
HWSAk.DE
HWSAk.DE
HWSAk.DE
HWSAk.DE
HWSAk.DE
HWSAk.DE
HWSAk.DE
HWSAk.DE
HWSAk.DE
HWSAk.DE
HWSAk.DE
HWSAk.DE
HWSAk.DE
HWSAk.DE
HWSAk.DE
HWSAk.DE
IAC.O
IBKR.O
IBKR.O
IBKR.O
IBKR.O
IBKR.O
IBKR.O
IBKR.O
ICON.O
ICON.O
ICON.O
ICON.O
ICON.O
ICON.O
ICON.O
ICON.O
ICON.O
ICON.O
ICON.O
ICON.O
ICON.O
ICON.O
ICON.O
ICON.O
ICON.O
ICPT.O
ICPT.O
ICPT.O
ICPT.O
ICPT.O
ICPT.O
ICPT.O
ICPT.O
ICPT.O
ICPT.O
ICPT.O
ICPT.O
ICUI.O
ICUI.O
ICUI.O
ICUI.O
ICUI.O
ICUI.O
ICUI.O
IHC
IHC
IHC
IHC
IHC
IHC
IILG.O
IILG.O
IILG.O
IIP_u.TO
IIP_u.TO
IIP_u.TO
IIP_u.TO
IIP_u.TO
IIP_u.TO
IIP_u.TO
IIP_u.TO
IIP_u.TO
IIP_u.TO
IIP_u.TO
IMAS.JK
IMAS.JK
IMAS.JK
IMDZ.O
IMDZ.O
IMDZ.O
IMJS.JK
IMJS.JK
IMJS.JK
INFI.O
INFI.O
INFI.O
INFI.O
INFI.O
INGL.NS
INGL.NS
INGL.NS
INO.O
INO.O
INO.O
INO.O
INO.O
INO.O
INO.O
IONS.O
IONS.O
IONS.O
IONS.O
IONS.O
IONS.O
IONS.O
IONS.O
IONS.O
IONS.O
IONS.O
IONS.O
IONS.O
IONS.O
IONS.O
IONS.O
IONS.O
IONS.O
IONS.O
IONS.O
IPXL.O
IPXL.O
IPXL.O
IPXL.O
IPXL.O
IPXL.O
IPXL.O
IROQ.O
IROQ.O
IROQ.O
IROQ.O
IROQ.O
IROQ.O
IROQ.O
IROQ.O
IROQ.O
ISBC.O
ISBC.O
ISBC.O
ISBC.O
ISET.SI
ISET.SI
ISET.SI
ISET.SI
ISET.SI
ISRL.O
ISRL.O
ISRL.O
ISRL.O
ISRL.O
ISRL.O
ISRL.O
ISRL.O
ISRL.O
ISRL.O
ISRL.O
ISRL.O
ISRL.O
ISRL.O
ISRL.O
ISRL.O
ISRL.O
ISRL.O
ISRL.O
ISRL.O
ISTR.O
ISTR.O
ISTR.O
ISTR.O
ISTR.O
ITCI.O
ITCI.O
ITCI.O
ITCI.O
ITCI.O
ITEK.O
ITEK.O
ITEK.O
ITEK.O
ITEK.O
ITEK.O
IVAC.O
JAKK.O
JAKK.O
JAKK.O
JAKK.O
JAKK.O
JAKK.O
JAKK.O
JAZZ.O
JAZZ.O
JAZZ.O
JAZZ.O
JAZZ.O
JAZZ.O
JAZZ.O
JAZZ.O
JAZZ.O
JCOM.O
JCOM.O
JCOM.O
JCOM.O
JCOM.O
JUNO.O
JUNO.O
JUNO.O
JUNO.O
JUNO.O
JUTBK.CO
JUTBK.CO
JUTBK.CO
JUTBK.CO
JUTBK.CO
JUTBK.CO
JUTBK.CO
JUTBK.CO
KAI
KAI
KAI
KAI
KAI
KAI
KAI
KAI
KAI
KAI
KARSN.IS
KARSN.IS
KARSN.IS
KARSN.IS
KEK.V
KEK.V
KEK.V
KEK.V
KEK.V
KEK.V
KEK.V
KEK.V
KEK.V
KELYA.O
KELYB.O
KERX.O
KERX.O
KERX.O
KINA.BO
KITE.O
KITE.O
KITE.O
KITE.O
KITE.O
KLBF.JK
KNL
KNL
KNL
KNX
KNX
KNX
KNX
KRNY.O
KRNY.O
KRNY.O
KRNY.O
KRNY.O
KRNY.O
KSTE.KL
KSTE.KL
KSTE.KL
KSTE.KL
KSTE.KL
KSTE.KL
KSTE.KL
KSTE.KL
KSTE.KL
KSTE.KL
KSTE.KL
KSTE.KL
KSTE.KL
KSTE.KL
KSTE.KL
LARK.O
LARK.O
LARK.O
LARK.O
LARK.O
LARK.O
LC
LC
LC
LC
LC
LC
LC
LC
LC
LC
LC
LC
LC
LC
LC
LC
LCUT.O
LCUT.O
LCUT.O
LCUT.O
LCUT.O
LEQh.V
LEQh.V
LEQh.V
LEQh.V
LEQh.V
LEQh.V
LEQh.V
LEQh.V
LEQh.V
LFX.TO
LFX.TO
LFX.TO
LGCY.O
LGCY.O
LGCY.O
LGCY.O
LGCY.O
LGCY.O
LGCYO.O
LGCYO.O
LGCYO.O
LGCYO.O
LGCYO.O
LGCYO.O
LGIH.O
LGIH.O
LGIH.O
LGIH.O
LION.O
LION.O
LION.O
LION.O
LION.O
LLTC.O
LLTC.O
LLTC.O
LLTC.O
LMCA.O
LMCK.O
LMOS.O
LMOS.O
LMOS.O
LMOS.O
LMOS.O
LOCK.K
LOCK.K
LPN.BK
LPN.BK
LPN.BK
LPN.BK
LPN.BK
LPN.BK
LPN.BK
LPN.BK
LPNf.BK
LPNf.BK
LPNf.BK
LPNf.BK
LPNf.BK
LPNf.BK
LPNf.BK
LPNf.BK
LPNn.BK
LPNn.BK
LPNn.BK
LPNn.BK
LPNn.BK
LPNn.BK
LPNn.BK
LPNn.BK
LPSN.O
LPSN.O
LPSN.O
LPSN.O
LPSN.O
LPSN.O
MACK.O
MACK.O
MACK.O
MACK.O
MBFI.O
MBFI.O
MBFI.O
MBFI.O
MBFI.O
MBRG.O
MBRG.O
MCS
MCS
MCS
MCS
MCS
MCS
MCS
MED
MED
MED
MED
MED
MED
MEG
MEG
MEG
MEG
MEG
MEG
MEG
MEG
MEG
MEG
MEG
MEG
MEG
MEG
MEG
MEG
MEG
MEG
MEG
MFIN.O
MFIN.O
MFIN.O
MFS
MFS
MGLN.O
MGLN.O
MGLN.O
MGLN.O
MGLN.O
MGM
MGM
MGM
MGM
MGM
MGP
MGP
MGP
MGP
MGP
MHK
MLIA.JK
MMSI.O
MMSI.O
MMSI.O
MMSI.O
MMSI.O
MMSI.O
MNKD.O
MNKD.O
MNKD.O
MNKD.O
MNKD.O
MNST.O
MPAA.O
MPAA.O
MPAA.O
MPAA.O
MPAA.O
MPAA.O
MPAA.O
MPW
MPW
MPW
MRC.PS
MRC.PS
MRC.PS
MRC.PS
MRC.PS
MRC.PS
MRC.PS
MRIN.K
MRIN.K
MRIN.K
MRIN.K
MRIN.K
MSL
MSL
MSL
MSL
MSL
MUR
MUR
MUX
MUX
MUX
MUX
MUX
MYL.O
MYL.O
MYL.O
MYL.O
MYL.O
MYL.O
MYL.O
MYL.O
MYL.O
MYL.O
MYL.O
MYL.O
MYL.O
MYL.O
MYL.O
MYL.O
MYL.O
MYL.O
MYL.O
MYL.O
MYL.O
MYL.O
MYPL.SI
NAII.O
NAII.O
NAII.O
NAII.O
NAII.O
NAII.O
NAME.O
NAME.O
NAME.O
NATL.O
NATR.O
NAVB.K
NAVB.K
NAVB.K
NAVB.K
NAVB.K
NAVB.K
NAVB.K
NAVB.K
NAVB.K
NAVB.K
NCLH.O
NCLH.O
NCLH.O
NCLH.O
NCT
NCT
NCT
NCT
NCT
NCT
NCT
NEO.O
NEO.O
NEON.O
NEON.O
NEON.O
NEON.O
NEON.O
NEON.O
NEON.O
NFBK.O
NFBK.O
NFBK.O
NFBK.O
NFO.ST
NFO.ST
NFO.ST
NFO.ST
NFO.ST
NGSG.ST
NGSG.ST
NGSG.ST
NGSG.ST
NGSG.ST
NGSG.ST
NGSG.ST
NGSG.ST
NGSG.ST
NGSG.ST
NGSG.ST
NGSG.ST
NGSG.ST
NGSG.ST
NGSG.ST
NGSG.ST
NGSG.ST
NI.PS
NI.PS
NI.PS
NI.PS
NI.PS
NI.PS
NI.PS
NI.PS
NI.PS
NI.PS
NI.PS
NI.PS
NI.PS
NI.PS
NI.PS
NI.PS
NI.PS
NI.PS
NICK.O
NICK.O
NICK.O
NICK.O
NII.TO
NII.TO
NII.TO
NII.TO
NII.TO
NII.TO
NII.TO
NII.TO
NII.TO
NII.TO
NMI.TO
NMI.TO
NNI
NNI
NNI
NNI
NNI
NNI
NNI
NOG
NOG
NOG
NP
NPTN.K
NPTN.K
NPTN.K
NRC.OL
NRC.OL
NRC.OL
NRC.OL
NRC.OL
NRC.OL
NRC.OL
NRE
NRF
NRF
NRF
NRF
NRF
NSAM.K
NSAM.K
NSAM.K
NSAM.K
NSAM.K
NSAM.K
NSAM.K
NTN
NTN
NVGR.LS
NWBI.O
NWBI.O
NWBI.O
NWBI.O
NWFL.O
NWFL.O
NWFL.O
NWFL.O
NXST.O
NXST.O
NXST.O
NXST.O
NXST.O
NXST.O
NXST.O
NXST.O
NXST.O
NXST.O
NXST.O
NXST.O
NXST.O
NXST.O
NXST.O
NXST.O
NXST.O
NXST.O
NXST.O
NXUG.DE
NXUG.DE
NXUG.DE
NXUG.DE
NXUG.DE
NXUG.DE
NXUG.DE
NXUG.DE
NYCB.K
NYCB.K
NYCB.K
NYCB.K
NYRT.K
NYRT.K
NYRT.K
NYRT.K
OCFC.O
OCFC.O
OCFC.O
OCFC.O
OMAM.K
OMAM.K
OMAM.K
OMAM.K
OMAM.K
OMAM.K
OMAM.K
OMAM.K
OMER.O
OMER.O
OMER.O
OMER.O
OMER.O
OMER.O
ONP
ONP
ONP
ONP
ONP
ONP
ONP
ONP
ONP
ONP
ONP
ONP
ONP
ONP
ONP
ONP
ONP
ONP
ONP
ONP
OPF.WA
OPF.WA
OPF.WA
OPF.WA
OR.TO
OR.TO
OR.TO
OR.TO
OR.TO
OR.TO
OR.TO
OR.TO
OR.TO
OR.TO
P1ZGn.DE
P1ZGn.DE
P1ZGn.DE
P1ZGn.DE
P1ZGn.DE
PBCT.O
PBCT.O
PBCT.O
PBCT.O
PBYI.K
PCE.WA
PCE.WA
PCE.WA
PCE.WA
PCVI.MI
PCVI.MI
PCVI.MI
PDVW.O
PDVW.O
PDVW.O
PDVW.O
PDVW.O
PDVW.O
PEBK.O
PEBK.O
PEBK.O
PEBK.O
PENP.WA
PENP.WA
PENP.WA
PENP.WA
PENP.WA
PENP.WA
PENP.WA
PENP.WA
PENP.WA
PENP.WA
PENP.WA
PFIE.O
PFIE.O
PFIE.O
PFIE.O
PFIE.O
PFIE.O
PFIE.O
PFIE.O
PFIE.O
PFNX.K
PFNX.K
PFNX.K
PFNX.K
PFNX.K
PFNX.K
PFNX.K
PFNX.K
PFS
PFS
PFS
PFS
PFS
PFS
PGK.V
PGSUS.IS
PGSUS.IS
PGSUS.IS
PGSUS.IS
PGSUS.IS
PGSUS.IS
PGSUS.IS
PGSUS.IS
PGSUS.IS
PHH
PHH
PHH
PIPB.KL
PIPB.KL
PIPB.KL
PIPB.KL
PIPB.KL
PIPB.KL
PIPB.KL
PIPB.KL
PIPB.KL
PIPB.KL
PIPB.KL
PIPB.KL
PIPB.KL
PIPB.KL
PIPB.KL
PKOH.O
PLKI.O
PLKI.O
PLKI.O
PLKI.O
PLKI.O
PLKI.O
PLZ_u.TO
PLZ_u.TO
PLZ_u.TO
PLZ_u.TO
PLZ_u.TO
PLZ_u.TO
PLZ_u.TO
PLZ_u.TO
PLZ_u.TO
PLZ_u.TO
PLZ_u.TO
PLZ_u.TO
PLZ_u.TO
PMC
PMC
PMC
PMC
PMC
POM.LM
POM.LM
PPBI.O
PPBI.O
PPBI.O
PRI
PRI
PRI
PRI
PRI
PRSC.O
PRSC.O
PRSC.O
PRSC.O
PRSC.O
PRSC.O
PRSC.O
PRSO.OL
PRSO.OL
PRSO.OL
PRSO.OL
PSI.LM
PSI.LM
PSI.LM
PSI.LM
PSI.LM
PSI.LM
PSI.LM
PST.MI
PST.MI
PST.MI
PST.MI
PST.MI
PST.MI
PST.MI
PST.MI
PST.MI
PST.MI
PST.MI
PST.MI
PST.MI
PST.MI
PST.MI
PST.MI
PST.MI
PTPP.JK
PTPP.JK
PTPP.JK
PUB.O
PUB.O
PUB.O
PUB.O
PUB.O
PWOD.O
PWOD.O
PWOD.O
PWOD.O
PX.PS
PX.PS
PXMP.WA
PXMP.WA
PXMP.WA
PXMP.WA
PXMP.WA
PXMP.WA
PXMP.WA
PXMP.WA
QGEP3.SA
QGEP3.SA
QGEP3.SA
QGEP3.SA
QGEP3.SA
QGEP3.SA
QGEP3.SA
QGEP3.SA
QNST.O
QNST.O
QNST.O
QNST.O
QNST.O
QNST.O
QTS
QTS
QTS
QTS
QTS
QUE.SN
QUE.SN
QUE.SN
QUE.SN
QUE.SN
QUE.SN
QUE.SN
QUE.SN
RAS
RAS
RAS
RAS
RBCAA.O
RBCAA.O
RBCAA.O
RBCAA.O
RBCN.O
RBCN.O
RBCN.O
RBCN.O
RBCN.O
RBCN.O
RBCN.O
RDNT.O
RDNT.O
RE
RE
RE
RE
RE
RECi.LM
RECi.LM
RECi.LM
RECi.LM
REG
REG
REXX.O
REXX.O
REXX.O
RGC
RGC
RGC
RGC
RGC
RGC
RGC
RGC
RGC
RGC
RGC
RGC
RGC
RGC
RGC
RGC
RGC
RME.TO
RME.TO
RNST.O
RNST.O
RNST.O
RNST.O
RNST.O
RNST.O
RNST.O
RNST.O
RNST.O
RPRX.O
RPRX.O
RPRX.O
RPRX.O
RPRX.O
RPRX.O
RPRX.O
RPRX.O
RRR.O
RTK.O
RTK.O
RTK.O
RTK.O
RTK.O
RTK.O
RTK.O
RTK.O
RTK.O
RTK.O
RTK.O
RTK.O
RTK.O
RTK.O
RTK.O
RTK.O
RTK.O
RTK.O
RTK.O
RTK.O
RTK.O
RTK.O
RUBI.K
SAAS.O
SAAS.O
SADG.OL
SADG.OL
SADG.OL
SADG.OL
SADG.OL
SADG.OL
SADG.OL
SADG.OL
SADG.OL
SADG.OL
SALM.O
SALM.O
SALM.O
SALM.O
SALM.O
SALM.O
SALM.O
SALM.O
SBAC.O
SBAC.O
SBCF.O
SBCF.O
SBCF.O
SBCF.O
SC
SC
SC
SCB.BK
SCB.BK
SCB.BK
SCB.BK
SCB.BK
SCBf.BK
SCBf.BK
SCBf.BK
SCBf.BK
SCBf.BK
SCBn.BK
SCBn.BK
SCBn.BK
SCBn.BK
SCBn.BK
SCLN.O
SCLN.O
SCLN.O
SCLN.O
SCLN.O
SCLN.O
SCMP.O
SCMP.O
SCMP.O
SCMP.O
SCTY.O
SCTY.O
SCTY.O
SCTY.O
SCTY.O
SCTY.O
SCTY.O
SCYX.O
SCYX.O
SCYX.O
SCYX.O
SEAS.K
SEAS.K
SEAS.K
SEAS.K
SEAS.K
SEAS.K
SEAS.K
SEAS.K
SEAS.K
SEAS.K
SEAS.K
SEAS.K
SEAS.K
SEAS.K
SEAS.K
SEAS.K
SEAS.K
SEAS.K
SF
SF
SF
SF
SF
SF
SF
SF
SF
SF
SF
SF
SF
SF
SF
SF
SF
SFBS.O
SF_pa
SF_pa
SF_pa
SF_pa
SF_pa
SF_pa
SF_pa
SF_pa
SF_pa
SF_pa
SF_pa
SF_pa
SF_pa
SF_pa
SF_pa
SF_pa
SF_pa
SGA
SGA
SGA
SGA
SGA
SGA
SGA
SGA
SGA
SGA
SGA
SGA
SGA
SGA
SGA
SGA
SGA
SGY.TO
SGY.TO
SGY.TO
SGY.TO
SGY.TO
SGY.TO
SGY.TO
SGY.TO
SGY.TO
SGY.TO
SGY.TO
SGY.TO
SGY.TO
SGY.TO
SGY.TO
SGY.TO
SGY.TO
SGY.TO
SGY.TO
SGY.TO
SGYP.O
SGYP.O
SGYP.O
SGYP.O
SGYP.O
SGYP.O
SGYP.O
SGYPU.O
SGYPU.O
SGYPU.O
SGYPU.O
SGYPU.O
SGYPU.O
SGYPU.O
SHBI.O
SHBI.O
SHBI.O
SHBI.O
SHBI.O
SHBI.O
SHOO.O
SHOO.O
SHOO.O
SHOO.O
SHOO.O
SHOO.O
SID.LM
SID.LM
SIEN.O
SIEN.O
SIEN.O
SIEN.O
SIEN.O
SIEN.O
SISE.IS
SISE.IS
SISE.IS
SISE.IS
SISE.IS
SISE.IS
SKT
SKT
SKT
SKT
SKT
SLG
SLG
SLG
SLG
SLG
SLW.TO
SLW.TO
SLW.TO
SLW.TO
SLW.TO
SMED.O
SMED.O
SMED.O
SMED.O
SMED.O
SMED.O
SMHNn.DE
SMHNn.DE
SMHNn.DE
SMHNn.DE
SMTO3.SA
SMTO3.SA
SMTO3.SA
SMTO3.SA
SMTO3.SA
SMTO3.SA
SMTO3.SA
SN
SN
SN
SN
SN
SN
SNC.O
SNC.O
SNC.O
SNC.O
SNC.O
SNC.O
SNC.O
SNC.O
SNC.O
SNC.O
SNC.O
SNC.O
SNC.O
SNC.O
SNC.O
SNC.O
SNC.O
SNC.O
SNSL3.SA
SODA.IS
SODA.IS
SODA.IS
SODA.IS
SODA.IS
SPCG.BK
SPCG.BK
SPCG.BK
SPCG.BK
SPCG.BK
SPCG.BK
SPCG.BK
SPCG.BK
SPCG.BK
SPCG.BK
SPCG.BK
SPCG.BK
SPCG.BK
SPCG.BK
SPCG.BK
SPCG.BK
SPCG.BK
SPCG.BK
SPCG.BK
SPCG.BK
SPCGf.BK
SPCGf.BK
SPCGf.BK
SPCGf.BK
SPCGf.BK
SPCGf.BK
SPCGf.BK
SPCGf.BK
SPCGf.BK
SPCGf.BK
SPCGf.BK
SPCGf.BK
SPCGf.BK
SPCGf.BK
SPCGf.BK
SPCGf.BK
SPCGf.BK
SPCGf.BK
SPCGf.BK
SPCGf.BK
SPCGn.BK
SPCGn.BK
SPCGn.BK
SPCGn.BK
SPCGn.BK
SPCGn.BK
SPCGn.BK
SPCGn.BK
SPCGn.BK
SPCGn.BK
SPCGn.BK
SPCGn.BK
SPCGn.BK
SPCGn.BK
SPCGn.BK
SPCGn.BK
SPCGn.BK
SPCGn.BK
SPCGn.BK
SPCGn.BK
SPRT.O
SPRT.O
SPRT.O
SPRT.O
SRC
SRC
SRC
SRC
SRCL.O
SRCL.O
SRCL.O
SRCL.O
SRCLP.O
SRCLP.O
SRCLP.O
SRCLP.O
SREV.O
SREV.O
SREV.O
SREV.O
SRLP.K
SRLP.K
SRLP.K
SRLP.K
SRLP.K
SRLP.K
SRLP.K
SRLP.K
SRLP.K
SRLP.K
SRLP.K
SRLP.K
SRLP.K
SRLP.K
SRLP.K
SRLP.K
SRLP.K
SRLP.K
SRLP.K
SRLP.K
SRLP.K
SRT
SRT
SRT
SRT
SRT_u.TO
SSNI.K
SSNI.K
SSNI.K
SSNI.K
SSO.TO
SSO.TO
SSO.TO
SSO.TO
SSO.TO
SSO.TO
SSO.TO
SSO.TO
SSO.TO
SSO.TO
STMP.O
STMP.O
STMP.O
STMP.O
STMP.O
STMP.O
SUN
SUN
SUN
SUN
SUN
SUN
SUN
SUN
SUN
SUN
SUN
SUN
SUN
SUN
SUN
SUN
SUN
SUN
SUN
SUN
SUN
SUN
SXL
SXL
SXL
SXL
SXL
SXL
SXL
SXL
SXL
SXL
SXL
SXL
SXL
SXL
SXL
SXL
SXL
SXL
SXL
SXL
SXL
SYUT.O
SYUT.O
SYUT.O
SYUT.O
SYUT.O
SYUT.O
SYUT.O
SYUT.O
SYUT.O
SYUT.O
SYUT.O
SYUT.O
SYUT.O
SYUT.O
SYUT.O
SYUT.O
SYUT.O
SYUT.O
SYUT.O
SYUT.O
SYUT.O
SYUT.O
TANIL.OL
TANIL.OL
TANIL.OL
TANIL.OL
TANIL.OL
TANIL.OL
TAST.O
TAST.O
TAST.O
TAST.O
TAST.O
TAST.O
TAST.O
TAST.O
TAST.O
TAST.O
TAST.O
TAST.O
TAST.O
TAST.O
TAST.O
TAST.O
TAST.O
TAST.O
TAST.O
TAST.O
TBBK.O
TBBK.O
TBBK.O
TBBK.O
TCBK.O
TCBK.O
TCBK.O
TCBK.O
TECH.O
TECH.O
TECH.O
TECH.O
TECH.O
TECH.O
TECH.O
TECH.O
TECH.O
TECH.O
TECH.O
TGI
TGI
TGI
TGI
TGI
TGI
TGI
TGNA.K
TGNA.K
TGNA.K
TGNA.K
TGNA.K
TGNA.K
TGNA.K
TGNA.K
TGNA.K
TGNA.K
TGNA.K
TGNA.K
TGNA.K
TGNA.K
TGNA.K
TGNA.K
TGNA.K
TGNA.K
TGNA.K
TGS
TGS
TGS
TGS
TGS
TGS
TGTX.O
TGTX.O
TGTX.O
TGTX.O
TGTX.O
TGTX.O
TGTX.O
TGTX.O
TGTX.O
TGTX.O
TGTX.O
TGTX.O
TGTX.O
TGTX.O
TGTX.O
TGTX.O
TGTX.O
THO.TO
THO.TO
THO.TO
TILE.O
TILE.O
TILE.O
TLF.O
TLF.O
TLF.O
TLF.O
TLF.O
TLF.O
TMP
TMP
TMP
TMP
TMSN.IS
TRA.LM
TRA.LM
TRA.LM
TRA.LM
TRA.LM
TRCO.K
TRCO.K
TRCO.K
TRCO.K
TRCO.K
TRGYO.IS
TRGYO.IS
TRGYO.IS
TRKCM.IS
TRKCM.IS
TRKCM.IS
TRKCM.IS
TRMR.K
TRMR.K
TRMR.K
TRMR.K
TRMR.K
TRMR.K
TRMR.K
TRUE.O
TRUE.O
TRUE.O
TRXC.K
TRXC.K
TRXC.K
TRXC.K
TTI
TTI
TU.BK
TU.BK
TU.BK
TU.BK
TU.BK
TU.BK
TU.BK
TU.BK
TU.BK
TU.BK
TU.BK
TU.BK
TU.BK
TU.BK
TU.BK
TU.BK
TU.BK
TU.BK
TU.BK
TU.BK
TU.BK
TUBE.O
TUBE.O
TUBE.O
TUBE.O
TUBE.O
TUf.BK
TUf.BK
TUf.BK
TUf.BK
TUf.BK
TUf.BK
TUf.BK
TUf.BK
TUf.BK
TUf.BK
TUf.BK
TUf.BK
TUf.BK
TUf.BK
TUf.BK
TUf.BK
TUf.BK
TUf.BK
TUf.BK
TUf.BK
TUf.BK
TUn.BK
TUn.BK
TUn.BK
TUn.BK
TUn.BK
TUn.BK
TUn.BK
TUn.BK
TUn.BK
TUn.BK
TUn.BK
TUn.BK
TUn.BK
TUn.BK
TUn.BK
TUn.BK
TUn.BK
TUn.BK
TUn.BK
TUn.BK
TUn.BK
TWO
TWO
TWO
UBSI.O
UBSI.O
UBSI.O
UBSI.O
UBSI.O
UBSI.O
UBSI.O
UBSI.O
UBSI.O
UFPT.O
UFPT.O
UFPT.O
UFPT.O
UFPT.O
UHAL.O
UHAL.O
UHAL.O
UHAL.O
UHAL.O
UHAL.O
UHAL.O
UIHC.O
UIHC.O
UIHC.O
UIHC.O
ULUSE.IS
ULUSE.IS
UNC.TO
UNC.TO
UNTY.O
UNTY.O
UNTY.O
UNTY.O
USAK.O
USAK.O
USAK.O
USAK.O
USNA.K
UUU
UUU
UUU
UUU
UUU
UUU
UWE.TO
UWE.TO
UWE.TO
UWE.TO
UWE.TO
VAKBN.IS
VAKBN.IS
VAKBN.IS
VAKBN.IS
VAKBN.IS
VAKBN.IS
VAKBN.IS
VAKBN.IS
VAKBN.IS
VAKBN.IS
VAKBN.IS
VGR
VGR
VGR
VGR
VHC
VHC
VHC
VHC
VHC
VHC
VIA.O
VIA.O
VIA.O
VIA.O
VIA.O
VIA.O
VIAB.O
VIAB.O
VIAB.O
VIAB.O
VIAB.O
VIAB.O
VNR.O
VRTU.O
VRTU.O
VRTU.O
VRTU.O
VRTU.O
VRTU.O
VRTU.O
VRTU.O
VRTU.O
VRTU.O
VRTU.O
VRTU.O
VRTU.O
VRTU.O
VRTU.O
VRTU.O
VRTU.O
VRTU.O
VRTU.O
VRTU.O
VRTV.K
VRTV.K
VRTV.K
VRTV.K
VRX.TO
VRX.TO
VRX.TO
VRX.TO
VRX.TO
VRX.TO
VRX.TO
VRX.TO
VRX.TO
VRX.TO
VRX.TO
VRX.TO
VRX.TO
VRX.TO
VRX.TO
VRX.TO
VRX.TO
VRX.TO
VRX.TO
VRX.TO
VSAT.O
VSAT.O
VSAT.O
VSAT.O
VSAT.O
VSAT.O
VSPT.SN
VSPT.SN
VSPT.SN
VSPT.SN
VSPT.SN
VSPT.SN
VSPT.SN
VSPT.SN
VSPT.SN
VSPT.SN
VTVT.O
VTVT.O
VTVT.O
VTVT.O
VTVT.O
VTVT.O
VTVT.O
VTVT.O
VTVT.O
VVUS.O
VVUS.O
VVUS.O
VVUS.O
VVUS.O
VVUS.O
VVUS.O
VVUS.O
VVUS.O
VVUS.O
VVUS.O
VVUS.O
VVUS.O
VVUS.O
VVUS.O
VVUS.O
VVUS.O
VVUS.O
VVUS.O
WAC
WAC
WAC
WAC
WAGE.K
WAGE.K
WAGE.K
WAGE.K
WAGE.K
WAGE.K
WBMD.O
WETF.O
WETF.O
WFD.O
WFD.O
WFD.O
WFD.O
WFD.O
WGBS.O
WGBS.O
WGBS.O
WGBS.O
WGBS.O
WLAN.KL
WLAN.KL
WLAN.KL
WLAN.KL
WLAN.KL
WLAN.KL
WLAN.KL
WLAN.KL
WLAN.KL
WLAN.KL
WLAN.KL
WLAN.KL
WLAN.KL
WLAN.KL
WLFC.O
WLFC.O
WLFC.O
WLFC.O
WLK
WLK
WLK
WLK
WLK
WPT.TO
WRI
WRI
WRI
WRI
WSFS.O
WSFS.O
WSFS.O
WSFS.O
WSFS.O
WSFS.O
WSFS.O
WSKT.JK
WSKT.JK
WSKT.JK
WTW
WTW
WTW
WTW
WTW
WTW
WTW
WTW
WTW
WTW
WTW
WTW
WTW
WTW
WTW
WTW
WWAV.K
WWAV.K
WWAV.K
WWAV.K
WWAV.K
WWAV.K
WWAV.K
WWAV.K
WWAV.K
WWAV.K
WWAV.K
WWAV.K
WWAV.K
WWAV.K
WWAV.K
WWAV.K
WWAV.K
WWAV.K
XON
XON
XON
XON
XON
XON
XONE.O
XONE.O
XONE.O
XONE.O
XOXB.KL
XOXB.KL
XOXB.KL
XOXB.KL
XOXB.KL
XTNT.K
YDKN.K
YDKN.K
YDKN.K
YDKN.K
YELP.K
YELP.K
YONG.KL
YONG.KL
YONG.KL
YONG.KL
YONG.KL
YONG.KL
YONG.KL
YONG.KL
YONG.KL
YONG.KL
YONG.KL
YONG.KL
YONG.KL
YONG.KL
YSO.LS
YSO.LS
ZALG.DE
ZALG.DE
ZALG.DE
ZALG.DE
ZALG.DE
ZALG.DE
ZALG.DE
ZALG.DE
ZALG.DE
ZALG.DE
ZALG.DE
ZALG.DE
ZALG.DE
ZALG.DE
ZALG.DE
ZALG.DE
ZALG.DE
ZALG.DE
ZALG.DE
ZALG.DE
ZALG.DE
ZALG.DE
ZALG.DE
ZALG.DE
ZAYO.K
ZCON.KL
ZCON.KL
ZCON.KL
ZCON.KL
ZCON.KL
ZCON.KL
ZFGN.O
ZFGN.O
ZFGN.O
ZFGN.O
ZIOP.O
ZIOP.O
ZIOP.O
ZIOP.O
ZIOP.O
ZIOP.O
ZIOP.O
ZLTQ.O
ZLTQ.O
ZLTQ.O
ZLTQ.O
ZLTQ.O
