000408.SZ
000415.SZ
000545.SZ
000563.SZ
000669.SZ
000729.SZ
000788.SZ
000815.SZ
001080.KS
001130.KS
001270.KS
001470.KS
001510.KS
001720.KS
001750.KS
001810.KQ
002354.SZ
002552.SZ
003460.KS
003530.KS
004250.KS
005010.KS
005390.KS
005860.KQ
006220.KS
006980.KS
007280.KS
010600.KS
011330.KS
011560.KQ
012170.KS
014100.KQ
014580.KS
015540.KS
016380.KS
016600.KQ
016610.KS
018290.KQ
019570.KQ
019590.KQ
020180.KQ
021820.KS
021880.KQ
024740.KQ
026180.KQ
027830.KQ
028040.KQ
030610.KS
030960.KQ
031430.KS
0317.HK
032190.KQ
033250.KS
033310.KQ
033660.KS
035290.KQ
036500.KQ
038160.KQ
038530.KQ
039020.KQ
039340.KQ
039670.KQ
039740.KQ
041190.KQ
042370.KQ
042600.KQ
0434.HK
043650.KQ
048770.KQ
048830.KQ
048870.KQ
050860.KQ
051160.KQ
051170.KQ
052270.KQ
052710.KQ
053980.KQ
054180.KQ
054300.KQ
054940.KQ
060150.KQ
060280.KQ
060380.KQ
060560.KQ
060720.KQ
064520.KQ
065440.KQ
066900.KQ
068050.KQ
070300.KQ
0709.HK
0712.HK
0728.HK
073010.KQ
074150.KQ
0777.HK
078130.KQ
078600.KQ
078940.KQ
0799.HK
082920.KQ
083370.KS
0834.HK
083470.KQ
083570.KS
083580.KS
083590.KS
085810.KQ
0861.HK
0863.HK
089230.KQ
093240.KS
094970.KQ
096640.KQ
097870.KQ
0992.HK
099320.KQ
0S8.BB
1088.HK
1186.HK
11B.WA
123890.KS
127160.KQ
1288.HK
1293.HK
1298.HK
1308.HK
1383.T
1398.HK
140520.KQ
1433.T
1436.T
149940.KQ
1680.HK
1717.HK
1758.T
1766.T
180400.KQ
1840.T
1844.T
1873.T
189690.KQ
1928.T
198440.KQ
1AT.WA
1VX.BB
2018.HK
203650.KQ
204440.KQ
204620.KQ
204760.KQ
204840.KQ
205470.KQ
206660.KQ
207720.KQ
207930.KQ
208140.KQ
208350.KQ
208640.KQ
208710.KQ
208870.KQ
214150.KQ
214270.KQ
214680.KQ
215100.KQ
215380.KQ
215480.KQ
215580.KQ
215750.KQ
2159.T
2163.T
217270.KQ
217500.KQ
217600.KQ
217620.KQ
217810.KQ
218150.KQ
218410.KQ
218710.KQ
219550.KQ
219580.KQ
219960.KQ
2202.HK
220260.KQ
220630.KQ
2217.T
221950.KQ
222080.KQ
222390.KQ
222420.KQ
2228.T
223040.KQ
225430.KQ
225440.KQ
225590.KQ
226340.KQ
226360.KQ
226440.KQ
226850.KQ
227950.KQ
2300.T
2301.T
230240.KQ
230490.KQ
230980.KQ
2315.T
232140.KQ
232270.KQ
2353.T
2369.T
2373.T
2391.T
2424.T
2438.T
2471.T
2493.T
2653.T
2655.T
2659.T
2670.T
2678.T
2685.T
2695.T
2734.T
2742.T
2747.T
2751.T
2753.T
2761.T
2776.T
2778.T
2789.T
2792.T
2801.TW
2809.T
2830.T
2838.TW
2845.TW
2852.TW
2882.TW
2882aq.L
2883.TW
2884.TW
2885.TW
2888.TW
2888q.L
2910.T
2918.T
2923.T
2925.T
2928.TWO
2929.T
2GBG.DE
300107.SZ
3022.T
3035.T
3038.T
3050.T
3070.T
3071.T
3075.T
3086.T
3089.T
3094.T
3134.T
3138.TWO
3141.T
3148.T
3159.T
3160.T
3161.T
3169.T
3171.T
3172.T
3180.T
3193.T
3195.T
3222.T
3230.T
3246.T
3248.T
3318.T
3320.T
3321.T
3331.HK
3333.T
3353.T
3361.T
3377.T
3391.T
3398.T
3399.T
3418.T
3419.NG
3421.T
3441.T
3444.T
3458.T
3469.T
3524.T
3539.T
3607.T
3645.T
3653.T
3657.T
3658.T
3662.T
3665.T
3688.HK
3691.T
3733.T
3770.T
37B.MI
3804.T
3816.T
3839.HK
3843.T
3854.T
3892.T
3903.T
3917.T
3919.T
3921.T
3930.T
3931.T
3955.T
3966.HK
3969.HK
3CZ.BB
3MZ.BB
3NJ.BB
3OA.BB
3OO.BB
3TU.BB
3TV.BB
3W9K.DE
3Z3.BB
3Z9.BB
3ZB.BB
3ZL.BB
4026.T
4131.TWO
4139.TWO
4169.TWO
4238.T
4287.T
4334.T
4355.T
4358.T
4361.T
4369.T
4465.T
4592.T
45W.BB
4627.T
4716.T
4745.T
4750.T
4803.TWO
4824.T
4825.T
4829.T
4834.SP
4919.T
4924.T
4961.TWO
4989.T
4992.T
4996.T
4AF.BB
4BH.BB
4BI.BB
4BU.BB
4CF.BB
4D8.BB
4DE.BB
4DR.BB
4EH.BB
4F5.BB
4HS.BB
4ID.BB
4IN.BB
4L4.BB
4L5.BB
4MB.BB
4MK.BB
4O1.BB
4PY.BB
4V5.BB
4VE.BB
5218.T
53B.BB
56E.BB
5859.TWO
5880.TW
58E.BB
5932.T
5942.T
5971.T
5ALB.BB
5AX.BB
5BI.BB
5BP.BB
5BR.BB
5CG.BB
5CP.BB
5DOV.BB
5EK.BB
5EO.BB
5I3.BB
5L3.BB
5MH.BB
5MZ.BB
5ND.BB
5P3.BB
5PET.BB
5R9.BB
5SV.BB
5V2.BB
600007.SS
600115.SS
600179.SS
600298.SS
600315.SS
600395.SS
6005.TW
600578.SS
600640.SS
600690.SS
600734.SS
600747.SS
600793.SS
600900.SS
601009.SS
601127.SS
601166.SS
601169.SS
6015.TWO
6016.TWO
601988.SS
6020.TWO
6021.TWO
6023.TWO
6024.TWO
6026.TWO
6037.T
603918.SS
6040.T
6049.T
6065.T
6070.T
6083.T
6091.T
6097.T
6108.HK
6184.T
6192.T
6196.T
6221.TWO
6267.T
6279.T
6312.T
6336.T
6387.T
6456.TW
6469.T
6474.T
6514.TWO
6531.T
6630.T
6656.T
6664.T
6669.T
6678.T
6721.T
6734.T
6757.T
6778.T
6808.HK
6818.HK
6898.T
6905.T
6966.T
6A8.BB
6AB.BB
6AR.BB
6B2.BB
6B4.BB
6B6.BB
6C4.BB
6C8.BB
6EC.BB
6EG.BB
6N3.BB
6P1.BB
6R1.BB
6S2.BB
6S4.BB
6S5.BB
6S7.BB
6SR.BB
6SV.BB
6TM.BB
7227.NG
7265.T
7279.T
7435.T
7445.T
7448.T
7450.T
7453.T
7465.T
7485.NG
7512.T
7514.T
7533.FU
7545.T
7594.T
7605.T
7611.T
7614.T
7623.T
7624.T
7630.T
7640.T
7649.T
7718.T
7777.T
7827.T
7831.T
7850.T
7856.T
7865.T
7870.NG
7878.T
7899.T
7901.T
7921.T
7956.T
7965.T
7968.T
7983.T
8008.HK
8013.T
8021.HK
8041.HK
8057.T
8077.T
8078.HK
8079.T
8086.HK
8093.HK
8142.T
8155.T
8156.HK
8158.HK
8166.T
8168.T
8169.HK
8171.NG
8190.HK
8198.T
8201.HK
8201.T
8202.HK
8212.HK
8216.HK
8217.T
8227.T
8245.T
8251.T
8262.HK
8267.T
8276.T
8278.T
8287.T
8366.HK
8787.T
8842.T
8886.T
8905.T
8917.T
8925.T
8927.T
900050.KS
900080.KQ
900090.KQ
900100.KQ
900110.KQ
900130.KQ
900140.KS
900250.KQ
9106.TW
910861.TW
911619.TW
9232.T
9369.T
93M.DE
9425.T
9444.T
9632.T
9636.T
9637.T
9651.T
9678.T
9681.T
9692.T
9717.T
9734.T
9743.T
9787.T
9793.T
9824.T
9829.T
9842.T
9843.T
9855.T
9872.T
9876.T
9946.T
9974.T
9976.T
9977.T
9982.T
A72.BB
A8AG.F
AA4.MI
AAAP.O
AAB.CO
AAB.TO
AAC.V
AAP.V
AAT.V
AATP.WA
AAX.V
ABAG.DE
ABEL.KL
ABEP.WA
ABG.MC
ABGek.MC
ABh.V
ABICOm.BK
ABICOmf.BK
ABICOmn.BK
ABIO.PA
ABKG.MU
ABLX.BR
ABM
ABQh.V
ABR.V
ABTB.KL
ABTR.TA
ABUK.CA
ABVMI.RTS
ACAG.MI
ACBq.L
ACBr.AT
ACC.BK
ACCn.BK
ACCP.PA
ACCS.KL
ACCT.BO
ACE.MI
ACEh.V
ACH.V
ACHL.BO
ACKB.BR
ACL.V
ACMED.ST
ACN
ACNB34.SA
ACNF.PA
ACO.MI
ACRO.CA
ACS.V
ACSL.BO
ACSP.BO
ACTR.BO
ACTS.O
ACU.V
ADAMm.BK
ADAMmf.BK
ADAMmn.BK
ADBE.O
ADCI.CA
ADD.V
ADE.V
ADK.V
ADMD.BO
ADN.TA
ADOC.PA
ADP.PA
ADV.WA
ADVA.KL
ADVA.PA
ADVE.KL
ADVGR.MC
ADVI.PA
ADVr.AT
ADXS.O
ADZ.V
AEC.BK
AECn.BK
AEDI.MI
AEF.MI
AEHR.O
AEMU.KL
AEPI.O
AEZDq.L
AFC.BK
AFCf.BK
AFCn.BK
AFGA.L
AFID.TA
AFLT.MM
AFLTq.F
AFLU3.SA
AFLU5.SA
AFNI.AD
AFSh.V
AGD.V
AGFb.TO
AGG.AX
AGG.CN
AGG.V
AGI.TO
AGNr.AT
AGRG.MU
AGRO.K
AGRTI.RTS
AGTA.PA
AGTC.O
AGU.SN
AGUAa.SN
AGUAb.SN
AGX
AGXh.V
AHEB3.SA
AHEB5.SA
AHEB6.SA
AHFN.NS
AHOh.V
AHP.V
AHPI.O
AHS.V
AHT.L
AHU.V
AIMD.KL
AINh.V
AINP.WA
AIR
AIRP.PA
AIVC.CA
AJAS.BO
AJWA.CA
AKA.PA
AKE.CD
AKGSI.RTS
AKH.V
AKILI.RTS
AKKU.JK
AKLCI.RTS
AKPm.BK
AKPmn.BK
AKSL.NS
ALB.MC
ALBLD.PA
ALBUD.PA
ALCE.SCT
ALCLA.PA
ALCLS.PA
ALCOG.PA
ALCr.AT
ALD.TA
ALD.V
ALDAR.PA
ALDEL.PA
ALDP.PA
ALFOC.PA
ALFRE.PA
ALHEOy.PA
ALHPC.PA
ALI2S.PA
ALL1.WA
ALLI.SI
ALLOG.PA
ALLP.PA
ALMIC.PA
ALMO.TA
ALMr.AT
ALNG.OL
ALNPI.RTS
ALOG.O
ALPE.MI
ALPM.BO
ALR
ALS.TO
ALSGD.PA
ALST.NS
ALTI.BO
ALTS.BU
ALUA.PA
ALVIA.PA
ALVXM.PA
ALXG.F
AMAN.TA
AMANAH.BK
AMANAHf.BK
AMANAHn.BK
AMB.WA
AMBA.O
AMCP.WA
AMCr.AT
AME.LM
AMK.V
AML.V
AMMS.KL
AMO.V
AMPLI.PA
AMRF.BO
AMRK.O
AMRK.TA
AMS.CD
AMTR.BO
ANA.MC
ANAR.BO
ANB.V
ANCM.BO
ANCR.KL
AND.SN
ANDC.NS
ANDr.AT
ANEMr.AT
ANF
ANFI.BO
ANGEI.RTS
ANGJ.J
ANGL.TA
ANGO.O
ANIK.NS
ANJS.BO
ANKr.AT
ANOG.F
ANPS.BO
ANRE.KL
ANSA.IS
ANSP.NS
ANT.SN
ANTM.JK
ANWGn.F
AO0.BB
AOC.TA
AOO.BR
APE.MC
APEP.WA
APEX.JK
APFT.KL
APIC.O
APIO.TA
APIP.WA
APL.V
APLP.WA
APLY.BO
APLY.TA
APN.WA
APOG.O
APOP.TA
APOS.TA
APPA.KL
APPB.BU
APPC.CA
APPS.MC
APST.SI
APSW.CA
APWC.O
APX.BK
AQM.V
AQUA.SN
AQXa.TO
AR4G.DE
ARAN.TA
ARBUL.IS
ARCH.PA
ARCP.WA
ARCW.O
ARDS.AS
AREVA.PA
ARGAN.PA
ARGM8.TA
ARGX.BR
ARHP.WA
ARKILb.CO
ARMZI.RTS
ARN.MI
ARNA.TA
ARNK.KL
ARON.BO
ARPOI.RTS
ARRP.WA
ARSA.MM
ARSAN.IS
ARSEI.RTS
ARTG.DE
ARTK.BO
ARTN.AS
ARTO.PA
ARTOG.IS
ARTW.KL
ARU.V
ARVL.BO
ARWA.L
ARYN.S
ARYT1.TA
ASAL.BO
ASAN.BO
ASCL.L
ASF.CN
ASFN.SI
ASHA.BO
ASHO.TA
ASIMAR.BK
ASIMARf.BK
ASIMARn.BK
ASKN.KL
ASLM.SI
ASM.V
ASMG.KL
ASN.V
ASNA.O
ASND.O
ASPY.KL
ASR.MI
ASRNL.AS
ASRR.TA
AST.MI
ASTC.O
ASTr.AT
ASTR.KL
ATCA.AS
ATCB.AS
ATDP.WA
ATGP.WA
ATH.MI
ATL.MI
ATLP.WA
ATM.AX
ATMI.MI
ATMR.O
ATNO.KL
ATOP.WA
ATOS.PA
ATPr.AT
ATSA.SN
ATTA.KL
ATU
ATVP.BO
ATYM.L
AUG.V
AUMI.MI
AURA.TA
AUTr.AT
AVAL.K
AVAN.MM
AVAr.AT
AVAZ.MM
AVAZq.F
AVC.V
AVCA.BO
AVER.TA
AVES.H
AVGO.O
AVGRq.L
AVIR.O
AVIV.TA
AVNW.O
AVOM.PA
AVRT.TA
AVSII.RTS
AXAF.PA
AXG.V
AXIA.MC
AXN
AXPH.CA
AXR
AXW.PA
AXX.SN
AYAL.TA
AZK.MC
AZO
AZR.V
AZU.SN
AZX.V
AZZ
B3IT.ST
B8FGn.DE
BADP.WA
BAHI3.SA
BAINS.SCT
BAL.WA
BALZI.RTS
BAMN.AS
BANI.BR
BANZ.MI
BAPO.MI
BAR.BR
BARN.S
BATA.JK
BATD.PA
BAV.SN
BAY.V
BB.TO
BBBY.O
BBCh.V
BBD.WA
BBIG.F
BBO.CN
BBTG35.SA
BBTG36.SA
BCBB.KL
BCLN.BO
BCNT.MI
BCOR.PS
BCS
BCU.MI
BCUh.V
BCVN.S
BDL.MC
BDZ.WA
BE.MI
BEA.V
BEBE.O
BECH.KL
BEE.V
BEFB.BR
BEIG.DE
BEKB.BR
BEKb.TO
BEL.V
BEM.L
BEOsdb.ST
BET.MI
BETR.AS
BEVA.AS
BEY.V
BEYO.BO
BEZ.DE
BFa
BFb
BFE.MI
BFER.BO
BFFI.MI
BFIN.NS
BFIT.AS
BFT.WA
BGESI.RTS
BGESI_p.RTS
BGRO.KL
BGZ.WA
BHBD.KL
BHCM.BO
BHEN.D
BHSN.KL
BHSP.BO
BHV.V
BHWR.NS
BIA.MI
BIDU.O
BIE.MI
BIF.CO
BIGI.KL
BILE.NS
BILP.NS
BIM.MI
BIOBV.HE
BIOO.KL
BIOP.WA
BIOS.MC
BIRM.TA
BISO.KL
BITr.AT
BITS.BO
BIX.CN
BJAU.KL
BJFO.KL
BJME.KL
BKGB.KL
BKM.V
BKS
BKS.CD
BLAD.KL
BLC.BB
BLIN.BO
BLM.V
BLMG.DE
BLN.V
BLO.CD
BLOX.K
BLTZ.JK
BLU.SN
BLUE.PA
BLX
BMCP.WA
BMDX.TA
BMEB.L
BMEB3.SA
BMEB4.SA
BML.V
BML.WA
BMN.AX
BMTS.SI
BNED.K
BNNn.DE
BNTC.O
BNTM.TA
BO.CO
BOAr.AT
BOC.CN
BOEI.MI
BOGNI.RTS
BOL.V
BOLD.O
BOLL.PA
BOLT.TA
BOND.PA
BONS.TA
BORGI.RTS
BORY.WA
BOTHE.BR
BOTI.TA
BOUY.PA
BOWP.WA
BOX
BPC.WA
BPDG.S
BPMX.K
BPO.CN
BPSI.MI
BPSP.MI
BRAN.TA
BRAR.WA
BRB.TO
BRBI.MI
BRC
BRGI.MI
BRIG.ST
BRIL.TA
BRIN.TA
BRIO.MC
BRMG.TA
BRNA.JK
BRND.TA
BRNL.KL
BROO.NS
BRPT.JK
BRSN.NS
BRST.BO
BRU.V
BRUI.MI
BRUN.AS
BRW.L
BRZ.V
BSET.O
BSI.TA
BSK.V
BSLI.NS
BSP.TA
BSS.MI
BSSR.JK
BST1.DE
BSTB.KL
BSTU.MI
BTC.BK
BTCGk.DE
BTCn.BK
BTEL.JK
BTGI.MI
BTL.V
BTMR.KL
BTPP.PA
BTR.V
BTT.V
BUF.V
BULY.PA
BUNZI.RTS
BUP.SN
BUTHI.RTS
BUY2.TA
BV.O
BVB.DE
BVI.PA
BVIC.L
BWLa
BWOA.VI
BWTV.VI
BXPL.OL
BXR.V
BYAR.TA
BYTr.AT
BZ.V
C4P.BB
C4X.PA
C81.BB
CADC.O
CADNi.PA
CAED.CA
CAEY.KL
CAF.MC
CAF.V
CAFD.O
CAFO.PA
CAG
CAGGk.DE
CALa.SN
CALI.MI
CALI3.SA
CALI4.SA
CALM.O
CALS.BO
CAMP.O
CAMr.AT
CAPP.PA
CAPR.BO
CARLa.CO
CARLb.CO
CARN.BO
CARR.PA
CARRA.MI
CASP.PA
CASS.MI
CASY.O
CATGR.PA
CATN.MC
CBAV.MC
CBIP.KL
CBJ.V
CBK.CD
CBLP.PA
CBMA3.SA
CBMA4.SA
CBOT.PA
CBP.CD
CBQP.PA
CBRL.O
CBS.V
CCB.V
CCCL.NS
CCCL.O
CCEP.WA
CCH.L
CCHE.PA
CCI.CN
CCIH.O
CCL
CCL.L
CCM
CCMC.MC
CCP.BK
CCPh.V
CCPn.BK
CCTY.KL
CCU
CCU.SN
CCV.TO
CCXC3.SA
CDA.V
CDBP.PA
CDC.AX
CDC.V
CDG.V
CDLP.WA
CDM.CN
CDN.V
CDRE.MC
CDTh.V
CDU.V
CE.V
CEA.V
CEAB.ST
CEAG.DE
CED.MI
CEG.CD
CEM.CN
CEM.SN
CEM.V
CEMAT.CO
CEMB.MI
CEMI.MI
CERV.MI
CEVA.SCT
CFAO.PA
CFCG.F
CFEB.BR
CFI
CFIP.WA
CFMS.KL
CFNB.O
CFV.CN
CFVda.CN
CFVpda.CN
CFVs.CN
CFX.TA
CGH.BK
CGHn.BK
CGI
CGM.V
CGNT.O
CGR.PA
CHA
CHAM.TA
CHAr.AT
CHAR.SI
CHAU.PA
CHEMM.CO
CHEN.BO
CHFL.SI
CHGI.SI
CHHB.KL
CHHS.SI
CHKE.O
CHKZ.MM
CHL.MI
CHOF.SI
CHOGI.RTS
CHQ.V
CHR.TA
CHRB.KL
CHS
CHSA.WA
CHSS.PA
CHZN.MM
CHZNq.L
CI.BK
CIAZ.MI
CIC.SN
CIEA.MC
CIEN.K
CIf.BK
CIGP.BU
CIMM.NS
CIn.BK
CIRX.MI
CISG.O
CISN.SCT
CISY.TA
CITA.JK
CITh.V
CITR.BO
CIV.PA
CLASb.ST
CLB.SN
CLC
CLFF.MI
CLIQ.DE
CLIR.O
CLL.CN
CLLS.O
CLN.S
CLNp.V
CLNX.MC
CLPT.TA
CLT.MI
CLV.V
CMC.CD
CMDR.TA
CMER.TA
CMFC.BO
CMJ.V
CMN
CMNL.KL
CMOm.BK
CMOmf.BK
CMOmn.BK
CMP.WA
CMPr.AT
CMR.WA
CMTM.SCT
CMX.V
CNG.WA
CNIM.PA
CNPP.PA
CNSH.KL
CNWKk.DE
CNY.V
COAL.NS
COFA.PA
COFB.BR
COFI.MI
COGP.WA
COLORm.BK
COLORmf.BK
COLORmn.BK
COLP.PA
COLUM.CO
COM.SN
COMAE.LS
COMF.KL
CON.SN
CONN.O
COO
COO.SN
COO.V
COOL.O
COPR.MI
COR.CN
CORB.AS
CORD.SI
CORr.AT
CORR3.SA
CORR4.SA
COS.SN
COSG.CA
COST.O
COT.V
COV.SN
COWC34.SA
COWH.KL
CPA
CPB
CPCI.CA
CPENE.S
CPEu.S
CPGP.WA
CPH.BK
CPHf.BK
CPHn.BK
CPHO.TA
CPINV.BR
CPL.BK
CPL.V
CPLf.BK
CPLn.BK
CPLN.MC
CPLP.WA
CPR.LS
CPRI.MI
CPRT.O
CPSH.O
CPTP.TA
CPTP3B.SO
CQR.V
CRAP.PA
CRDS.O
CREC.KL
CRES.MI
CRESY.O
CRGI.MI
CRIP.PA
CRLA.PA
CRM.WA
CRMT.TA
CRT.CN
CRTO.PA
CRU.V
CRVP.K
CSBR.O
CSC.V
CSGh.V
CSL.V
CSP.BK
CSP.MI
CSP.V
CSPn.BK
CSRP.WA
CT.V
CTAN.AS
CTAS.O
CTDh.V
CTGP.WA
CTI.SN
CTNM3.SA
CTNM4.SA
CTPL.BO
CTPL.TA
CTPL5.TA
CTRA.JK
CTRP.JK
CTRP.O
CTRV.O
CTUa.TO
CTV.CN
CTZ.V
CU1G.DE
CU1V.DE
CUI.V
CUK
CUR.SN
CURE.AS
CUU.V
CUV.V
CVA.SN
CVGW.O
CVR.V
CVV.V
CWB.TO
CWQh.V
CXEh.V
CXEN.OL
CXGa.V
CXM.V
CXX.V
CY.V
CYBP.SI
CYF.V
CYLC.KL
CYM.V
CYPR.KL
CYXO.ST
CZh.V
CZQ.TO
CZT.WA
CZY.V
D6HG.DE
D7I.F
DAa.TO
DAJK.JK
DAL.MI
DAL.V
DAMA.KL
DAMh.V
DAN.V
DANI.MI
DANO.PA
DANT.CO
DATA.SI
DAYA.KL
DBC.WA
DBEG.KL
DBG.PA
DBV.PA
DBVT.O
DCF.TO
DCI
DCI.TA
DCML.NS
DCR.WA
DCWL.NS
DDC.TO
DDI.CD
DEA.MI
DEC.V
DECB.BR
DEFLb.ST
DEHq.L
DEHr.AT
DEIN.CA
DEK.WA
DELP.WA
DEPA.DI
DEPSq.L
DESA.SCT
DESI.MI
DESr.AT
DEWA.JK
DGA.WA
DGBA.KL
DGBZ.MM
DGL.WA
DGSB.KL
DHEN.BO
DHR.V
DHRM.O
DHXa.TO
DHXb.TO
DIA.V
DIB.MI
DICM.KL
DIDA.MC
DIEG.F
DIFI.TA
DIGS.KL
DILI.BO
DIN.WA
DIOr.AT
DIOR.PA
DIREN.PA
DISI.TA
DIV.LM
DIVF.BO
DIXr.AT
DKAG.F
DKKOI.RTS
DKLS.KL
DLG.MI
DLMT.TA
DLTH.O
DMA.MI
DMGh.V
DMGOa.L
DMN.MI
DMPI.O
DMPL.SI
DMPRI.RTS
DMRE.DE
DMSP.PA
DN1.MC
DNBK.NS
DNI.CD
DNLM.L
DOL.TO
DOLA.BO
DOLL.BO
DOLP.KL
DOMEN.ST
DOMETIC.ST
DOMI.MC
DOMS.PA
DOM_u.TO
DOO.TO
DORSI.RTS
DOS.V
DOV1V.HE
DPA.AS
DPC.CD
DPL.WA
DPTP.PA
DRAM.O
DRCh.V
DRDG.NS
DRG_u.TO
DRI
DRNh.V
DRO.AX
DROr.AT
DRSL.TA
DRX.TO
DSG.TO
DSR.V
DSSA.JK
DTDGk.DE
DTEA.O
DUFU.KL
DUN.SN
DUNI.TA
DURr.AT
DVBG.F
DVTD.L
DVTM.PA
DWS.V
DXE.V
DYNT.O
DZRD.MM
E
EAHL.KL
EAHP.WA
EALR.CA
EASON.BK
EASONn.BK
EAST.CA
EASU.NS
EASYb.ST
EATE.KL
EBAB.BR
EBF
EBRO.MC
ECEX.ST
ECFm.BK
ECFmn.BK
ECH.WA
ECMA.KL
ECOb.ST
ECOW.KL
ECOW.SI
ECPR3.SA
ECPR4.SA
ECR.MC
ECT.AS
ECT.V
ECY.MI
EDAP.O
EDEN.KL
EDEN.PA
EDF.PA
EDII.MI
EDP.SN
EDSB.KL
ED_u.V
EEL.V
EEMS.MI
EEX.WA
EFEN.WA
EFO1V.HE
EGA.V
EGAB.PA
EGAL.CA
EGAN.O
EGCH.CA
EGCM.KL
EGCYO.IS
EGEb.CO
EGLYO.IS
EGPRO.IS
EGX.V
EHEP.BU
EHIC.K
EHN.BB
EI.CO
EIKF.IC
EITA.KL
EKAN.KL
EKOV.KL
EKTAb.ST
EKTL.MC
EKTr.AT
ELB.WA
ELBr.AT
ELC.MI
ELC.V
ELDAV.TA
ELEN.MI
ELES.NS
ELGZI.RTS
ELHO.BO
ELIr.AT
ELIS.PA
ELLO.K
ELMD.K
ELN.V
ELNA.CA
ELO.V
ELSA.JK
ELT.WA
ELTr.AT
ELVPI.RTS
ELZ.WA
EM.MI
EMBI.MI
EMC.BK
EMCf.BK
EMCn.BK
EMDV.TA
EMFP.WA
EMH1k.DE
EMH2.BE
EMH4e.D
EMI.SN
EMO.V
EMP.WA
EMPa.TO
EMPb.ST
EMSN.S
EMTC.TA
EMUP.WA
ENAV.MI
ENC.MC
ENDY.TA
ENE.WA
ENEa.LM
ENEb.LM
ENGIE.PA
ENGR.SI
ENIP.WA
ENJ.SN
ENLT.TA
ENOR.MC
ENP.V
ENPP.WA
ENRS.TA
ENRU.MM
ENTP.WA
ENVT.MI
EOLr.AT
EOR.V
EOSI.PA
EPA.SN
EPAr.AT
EPED.PA
EPM
EPMF.PA
EPO.V
EPR.V
EPY.SN
ER.TO
ERB.WA
EREr.AT
ERG.MI
ERHB.KL
ERM.L
ERMT.PA
ERNh.V
EROS.K
EROS.NS
ERRIA.CO
ESBh.V
ESCB.KL
ESIC.PA
ESIG.PA
ESKA.BO
ESKr.AT
ESL.TO
ESNC.K
ESO.LS
ESP
ESPI.MI
ESPMI.RTS
ESRI.BO
ESRS.CA
ESSF.PA
ESSI.PA
ESSL.NS
EST.SN
ESTM.BU
ESV.V
ET.TO
ETGM.PA
ETIN.NGM
ETMA.NFF
ETRS.CA
EUCAR.PA
EUFI.PA
EUK.V
EUKE.MI
EUMD.PA
EURA.PA
EURBr.AT
EURIb.ST
EURO.NS
EURTL.WA
EUXG.F
EVG.CD
EVI
EVM.V
EVRr.AT
EWI1.DE
EWS.V
EXA.O
EXMR.BR
EXO.V
EXPRS2.ST
EXS.V
EXX.V
EYDr.AT
EYEG.O
EZEN.MC
EZJ.L
EZM.CD
EZO.WA
FA.V
FAE.MC
FAG.ST
FAJA.KL
FAM.WA
FARM.O
FAS.V
FAST.BO
FAUh.V
FAUV.PA
FBK.MI
FCC.MC
FCDY.KL
FCEL.O
FCm.BK
FCmf.BK
FCmn.BK
FCT.MI
FCWH.KL
FDA.MI
FDD.H
FDOP.PA
FDR.PA
FDR.V
FDS
FDX
FDXB34.SA
FEEP.WA
FEGL.SI
FEIM.O
FENG.K
FER.BK
FERf.BK
FERn.BK
FERR.WA
FEVG.DE
FFCh.V
FFHB.KL
FFIP.WA
FGA.PA
FGD.V
FGN.CN
FGP
FHB.O
FHL.AT
FHT.CN
FIAC.SCT
FIEr.AT
FILA.MI
FIMI.MI
FINA.PA
FINL.O
FINP.WA
FITBIO.HE
FIX.V
FIZZ.O
FJBN.SI
FKAV.VI
FKSh.V
FL.V
FLIM.KL
FLOh.V
FLOR.BO
FLUGb.CO
FLUI.MC
FLUX.BR
FLXF.BO
FLXr.AT
FLYP.PA
FMBS.KL
FMG.V
FMM.V
FMR.V
FNAC.PA
FNBC.O
FNC.V
FND.BK
FNDn.BK
FNMI.MI
FNSR.O
FNTS.TA
FOBE.SCT
FOCUSm.BK
FOCUSmf.BK
FOCUSmn.BK
FOEQ.PA
FONR.O
FORE.PR
FORr.AT
FORT.SI
FOS.SN
FOUG.PA
FPM.L
FRAN.O
FRC
FRC_pa
FRC_pc
FRC_pd
FRC_pe
FRC_pf
FRC_pg
FREY.PA
FRKN.KL
FRLr.AT
FRO.OL
FRO.SN
FRS.MC
FRSG.F
FRST.TA
FSS.BK
FSSf.BK
FSSn.BK
FTJh.V
FTR.V
FTRN.PA
FUGRc.AS
FUL
FUL.MI
FULL.O
FUNE.MC
FUTUREPFu.BK
FVIG.DE
FVT.TA
FWP.O
FYB.DE
FYL.V
G3E.CO
G6PGn.DE
GAA.CN
GABI.MI
GABR.CO
GALQ.MC
GAMT.TA
GAMU.KL
GANG.NS
GANO.BO
GAON.TA
GATE.S
GATEE.S
GB.V
GBB1G2MV1.L
GBBD9WJC2.L
GBBF233R9.L
GBLB.BR
GBYL.SI
GCCO.BO
GCEr.AT
GCN.V
GCN.WA
GCO
GCO.MC
GCOR.ST
GCR.V
GCT.TO
GCTc.TO
GDM.V
GDRU.BO
GDWN.L
GDX.V
GDYR.BO
GDYR.JK
GEBKA.AT
GEC.CD
GEC.O
GEFEN.TA
GEL.V
GEMP.O
GEN.TO
GENES.ST
GENYH.IS
GEO.MI
GEOB.MX
GER.V
GERHSPb.CO
GETP.PA
GFC.TA
GFCP.PA
GFI
GFII.PA
GFIJ.J
GFIP.PA
GFLO.PA
GFLR.NS
GFN.O
GGDN.BO
GGOKI.RTS
GGS.V
GHFC.NS
GIBC.TA
GIBG.F
GIRO.PA
GIS
GIS.V
GIVOp.TA
GJ.CO
GKMS.KL
GLB.V
GLC.WA
GLH.CD
GLINT.LS
GLK.V
GLKBN.S
GLLI.SI
GLOB.BO
GLOG.BR
GLOi.LM
GLOM.KL
GLOT.KL
GLPG.O
GLPL.TA
GLTN.PA
GLVR.TA
GMA.V
GMRE.K
GMS
GMUL.TA
GMUT.KL
GNB.WA
GNET.KL
GNFT.PA
GNGR.TA
GNO.CN
GNRP.WA
GNXL.BO
GOCE.KL
GODM.TA
GOE.V
GOGL.O
GOGLTr.OL
GOHO.TA
GOK.V
GOLF.TA
GOLI.NS
GOP.V
GOPP.BO
GPA.LS
GPAR3.SA
GPBN.PA
GPEP.PA
GPH.V
GPN
GPPL.CA
GPRK.K
GPV.V
GPW.V
GREEN.PS
GRFG.DE
GRFL.KL
GRG.V
GRHAc.AS
GRI.V
GRIC.NFF
GRIP.WA
GRLP.WA
GRND.IC
GRNP.KL
GRNP.WA
GROW.O
GRR.V
GRT.WA
GRVY.O
GRYB.KL
GRYFO.BR
GS.TO
GSA.V
GSBR.KL
GSJ.MC
GSLN.BO
GSP.MI
GSRBI.RTS
GSSC.CA
GSTEL.BK
GSTELn.BK
GSTh.V
GTBm.BK
GTBmn.BK
GTG.V
GTGM.NS
GTHM.BO
GTLI.NS
GTN.NS
GTO.AS
GTOh.V
GTP.V
GTT.PA
GUMZI.RTS
GUN.V
GVI.PA
GVND.BO
GVNV.AS
GVY.V
GWA.V
GWIG.DE
GWRE.K
GXM.V
GXR.V
GYLDa.CO
GYLDb.CO
GYLP.SI
GYRO.O
GZESI.RTS
GZZ.V
H2RG.F
HACGn.DE
HAEG.DE
HAHO.TA
HAIO.KL
HAIr.AT
HALKS.IS
HANFI.RTS
HARBb.CO
HARJ.J
HAVA.PA
HBC.TO
HBD1.F
HBH.DE
HBL.NZ
HBMG.DE
HCKC.KL
HCMB.KL
HDBK.CA
HDFr.AT
HDIL.NS
HDR.WA
HDS.O
HDST.TA
HEC.V
HEF.WA
HEI.V
HEIN.AS
HEIO.AS
HELI.CA
HELr.AT
HENG.KL
HEO.V
HFRD.NS
HFT.SN
HG1G.F
HGG.TA
HGO.V
HIMD.PA
HINV.BR
HIPa.SN
HIPAY.PA
HISE.VI
HKEZI.RTS
HLAN.AS
HLE.DE
HLEN.KL
HLEX.KL
HLGZ.DE
HLHL.SI
HMAM.TA
HMb.ST
HMDSI.RTS
HMSGq.L
HMT.V
HMX.V
HMY
HNLG.DE
HOD.TA
HOEJa.CO
HOEJb.CO
HOFF.ST
HOFT.O
HOME.K
HOME.L
HOMEb.ST
HOP.V
HOR.SN
HOTP.WA
HOTPOTm.BK
HOTPOTmn.BK
HOV
HOVNP.O
HOWA.BO
HPE
HPI.SN
HPM.SN
HPQ.V
HPY.V
HQ.ST
HQY.O
HRA.MI
HRDC.BO
HRE.V
HRGV.L
HRI
HRMr.AT
HRPKk.DE
HRPP.WA
HRR.AX
HRSP.WA
HSBA.L
HSBC_pa.K
HSON.KL
HTC.BK
HTCf.BK
HTCn.BK
HTR.V
HTV.BB
HTVE.KL
HUB.WA
HURC.O
HWAG.DE
HWAT.KL
HWRS.BO
HXC.V
HYGr.AT
HYP.WA
IAGP.WA
IAM.SN
IASr.AT
IBAB.BR
IBES.MC
IBG.MC
IBH.V
IBNK.BO
IBSP.WA
IBST.JK
IC.CO
ICAD.PA
ICLI.BO
ICP1V.HE
ICPG.F
ICTA.AS
ICU.V
IDEP.WA
IDGP.WA
IDM.V
IDM.WA
IDT
IDTA.WA
IDV.SN
IDVP.PA
IE.TA
IES.MI
IFAP.CA
IFDE.PA
IFR.V
IFRP.WA
IGD.MI
IGG.L
IGNP.WA
IGNY.BU
IGS.MI
IGT
IGV.MI
IGXA.PA
IHEr.AT
IHT
IIND.MI
IINT.MI
IJAC.KL
IKEN.KL
IKG.MI
IKM.V
IKTr.AT
ILBM.KL
ILD.PA
IMA.V
IMAF.PA
IMAILb.CO
IMB.L
IMBS.NS
IMCL.NS
IMCO.TA
IMFI.VI
IMI.CN
IMI.LM
IMId.CN
IMM.V
IMMUN.ST
IMPP.WA
IMS.WA
IMTP.PA
INA.LS
INAa.LM
INCP.WA
INCr.AT
INCR.TA
INDC.BO
INDU.KL
INDU.NS
INE.CN
INEA.PA
INFO.O
ING
INGC.PA
INGSI.RTS
INI.SN
ININ.TA
INIX.KL
INK.WA
INLr.AT
INNL.O
INNY.KL
INP.WA
INQ.TO
INRr.AT
INS.SN
INSD.PA
INTE.SI
INTER.AS
INTG.O
INTR.TA
INTUA.ST
INV.SN
INVI.WA
INVT.O
INWN.NS
INY.MC
IOG.V
IOL.MI
IPCO.SI
IPH.PA
IPLP.WA
IPN.PA
IPOP.WA
IPRI.BO
IQGH.KL
IQP.WA
IQTr.AT
IR5B_u.I
IRAX.CA
IRC.MI
IRCP.O
IREE.KL
IREE.MI
IRET.K
IRG.TO
IRI.V
IRKA.KL
IRLP.WA
IRON.CA
IRP.CN
IS.PS
IS8G.DE
ISA.SN
ISAP.WA
ISCN.TA
ISKJ.MM
ISM.CD
ISOS.PA
ISR
ISUR.MC
ITAI.MI
ITB.WA
ITC.SN
ITFT.PA
ITGP.WA
ITL.WA
ITMA.JK
ITMI.MI
ITRI.O
ITV.L
ITWY.MI
ITX.MC
IUBN.KL
IURG.F
IVI.SN
IVRY.KL
IVS.V
IVV.CN
IWS.CD
IXI.V
IZB.WA
IZFAS.IS
IZNMI.RTS
IZS.WA
JADI.KL
JAVB.KL
JAWA.JK
JAX.V
JAYC.KL
JAYS.ST
JBDU3.SA
JBDU4.SA
JBKT.TA
JBL
JCDX.PA
JCIh.V
JCO.V
JCQ.PA
JCT.BK
JCTf.BK
JCTn.BK
JDN.V
JEN.BR
JERA.KL
JET.V
JFBG.F
JFC.V
JFTB.KL
JHCh.V
JHHS.KL
JIHD.JK
JKGL.KL
JKIP.NS
JKS
JMTA.NS
JNDR.NS
JNSP.NS
JOBS.O
JOSA.ST
JOUL.L
JOY
JPLY.NS
JRJC.O
JRJR.K
JSIH.SI
JSMR.JK
JSP.V
JSRN.BO
JSW.WA
JTI.TA
JTPE.JK
JUB.V
JUPT.BO
JUTBK.CO
JUVE.MI
JVA.O
JVLh.V
JWa
JWb
JWC.WA
JWW.WA
JZZh.V
K1RG.DE
K2I.WA
KA8Gn.DE
KABEI.RTS
KAFN.BO
KAIT.MI
KALI.NS
KANG.O
KANP.WA
KANr.AT
KAP.V
KAR.AT
KAR.V
KARY.KL
KASETm.BK
KASETmn.BK
KASNc.AS
KATW.BO
KAZI.PA
KAZT.MM
KBH
KBHL.CO
KBSB.MM
KCDS.KL
KCIKI.RTS
KDMN.K
KDRG.F
KDST.TA
KEHG.KL
KEKr.AT
KELAS.HE
KENH.ST
KENI.BO
KESKI.RTS
KESM.KL
KETR.TA
KEYW.BR
KFG.V
KFMB.KL
KFY
KGAZI.RTS
KGF.L
KGN.WA
KGRG.F
KGRP.KL
KHEE.KL
KHIN.KL
KHLH.KL
KIAL.KL
KILC.BO
KIML.KL
KIMT.KL
KKGByq.L
KLBE.BO
KLEEb.CO
KLICb.ST
KLKB.BO
Km.BK
KMDA.KL
KMGq.L
Kmn.BK
KMX
KNTE.BO
KODA.SI
KOF.PA
KOIN.KL
KOLT.NS
KOMK.KL
KONT.ST
KONU.BU
KOOL.O
KORI.PA
KPAK.BU
KPD.WA
KPN.AS
KPOW.KL
KPX.WA
KR
KRAH.JK
KRBN.KL
KRCP.WA
KRDr.AT
KREKA.AT
KREN.BO
KRFr.AT
KRIr.AT
KRIS.TA
KRKr.AT
KRMr.AT
KRPT.BO
KRRr.AT
KRSP.WA
KRYT.TA
KSAM.KL
KSBG.DE
KSINI.RTS
KSL.BK
KSLf.BK
KSLn.BK
KSMVI.RTS
KSSL.NS
KST.WA
KSWG.F
KSWP.WA
KTECH.BK
KTECHf.BK
KTECHn.BK
KTLG.SI
KUBM.KL
KULC.BU
KUNN.S
KUT.V
KWG.CD
KWGG.DE
KYMH.KL
KYU.V
KZ.O
KZAEI.RTS
KZS.WA
KZZ.V
LA.V
LAB.WA
LAD.V
LAF.SN
LAGA.PA
LAHAV.TA
LAIN.NS
LAKE.O
LAMr.AT
LAN.PA
LAP.SN
LAPD.TA
LASEG.MX
LAT.V
LAUR.ST
LAYN.O
LAZI.MI
LAZr.AT
LBAL.KL
LBIX.O
LBL.V
LBSB.KL
LBTA.WA
LBTL.TA
LBW.WA
LCCP.WA
LDER.TA
LDIV.KL
LDO.MI
LDRC.TA
LE.O
LEAD.JK
LEAD.KL
LEHN.S
LEHTO.HE
LEN
LENb
LENP.WA
LEQh.V
LETP.WA
LEV.AT
LEVI.TA
LEWE.KL
LFEC.KL
LFNS.BO
LGM.CD
LGT.MC
LHC.V
LHCK.KL
LHIS.TA
LHR.V
LIFE.S
LIG.LS
LIO.V
LIWA.SCT
LIXC3.SA
LIXC4.SA
LKCSq.L
LKD.WA
LKEL.NS
LKH.SI
LLJP.PR
LLO.AX
LMG.V
LMHS.KL
LMNR.O
LMP.TO
LNDC.O
LNGB.KL
LNRE.BR
LNTAq.L
LOCI.PA
LOHO.SI
LOIM.PA
LOMA.NS
LONB.KL
LOUr.AT
LOYZ.SI
LPIN.JK
LPK.V
LPTH.O
LR.MI
LRCh.V
LRES.MC
LRL.V
LRQ.WA
LRTI.NS
LSE.L
LST.BK
LSTf.BK
LSTn.BK
LSXG.DE
LTCL.SI
LTEL3B.SO
LTEN.PA
LTER.KL
LTX.V
LTX.WA
LTXV.VI
LUCS.SI
LUDN.TA
LUHA.BO
LUKSK.IS
LULU.O
LUP.V
LUSGn.DE
LUX
LUX.MI
LUXORb.CO
LVEN.MI
LVEr.AT
LVLS.NS
LVMH.PA
LYG
LYKA.NS
LYKr.AT
M4NG.DE
M5SG.BE
M7UG.DE
MA1G.DE
MABP.WA
MACA.MI
MAE.V
MAGIS.PA
MAGN.SI
MAGS.O
MAILRq.L
MAKP.WA
MAMS.O
MANG.DE
MANP.PA
MANU.K
MANV.VI
MAPI.BO
MAPT3.SA
MAPT4.SA
MAR.SN
MARPS.O
MARR.MI
MARS.BO
MAS.CN
MAT.V
MATE.KL
MATr.AT
MAUP.PA
MAV.ST
MAXFP.ST
MAXH.BO
MAXK.ST
MAXM.TA
MAXW.KL
MAZh.V
MBI.V
MBLI.NS
MBLY.K
MBR.WA
MBUU.O
MBWO.KL
MCEI.KL
MCFT.O
MCH.MI
MCLN.KL
MCLr.AT
MCM.MC
MCNH.NGM
MCS.CN
MCTAS.IS
MCTC.TA
MCU.V
MD.V
MDAI.KL
MDCL.TA
MDD.CD
MDF.MC
MDG.WA
MDGS.O
MDGS.TA
MDI.TO
MDIP.WA
MDKA.JK
MDMBI.RTS
MDN.V
MDPJ.J
MDPN.BO
MDPP.WA
MDRN.JK
MDXH.BR
MEAp.V
MED.V
MEDC.JK
MEDCAP.ST
MEDI.TA
MEDRb.ST
MEEK.ST
MEGM.CA
MEIP.O
MER.MI
MERE.AS
MERP.SCT
MERY.PA
MESB.KL
METE.SI
MEVr.AT
MFLI.BO
MFRI.O
MFRM.O
MGA.TO
MGAS.NS
MGCD.O
MGCh.V
MGG.V
MGL.AX
MGNT.MM
MGNTq.L
MGRC.KL
MGZh.V
MHBS.KL
MHCh.V
MHOT.CA
MHPY.BO
MHVR.BO
MI.V
MICH.CA
MICP.PA
MIDP.WA
MIDWa.ST
MIDWb.ST
MIEC.KL
MILr.AT
MILS.CA
MINA.BO
MINC.L
MIND.O
MINEST.ST
MINT.KL
MIR.WA
MISE.ST
MITC.KL
MIYO.SI
MJN.V
MKC
MKCv
MKEA.PA
MKLH.KL
MKPZI.RTS
MKSHI.RTS
MKUh.V
ML.BK
MLBI.JK
MLBS.KL
MLECO.PA
MLHR.O
MLK.WA
MLLG.DE
MLMD.MI
MLn.BK
MLPG.DE
MLPL.JK
MLSr.AT
MLTO.KL
MLZV.VI
MMA.V
MMDE.KL
MMEC.SI
MMTP.PA
MMY.V
MNBA.CO
MNCS.KL
MNDG.PA
MNGL.NS
MNI.WA
MNIN.TA
MNTH.KL
MNVG.F
MNX.V
MOED.MI
MOEh.V
MOEKI.RTS
MOG.CD
MOIL.NS
MOJ.WA
MOLL.SN
MOLN.S
MONC.MI
MONTE.BR
MONY.L
MOO.V
MOSC.CA
MOTA.LS
MOV.V
MOX.V
MOZ.TO
MPCI.CA
MPET.O
MPGm.BK
MPGmf.BK
MPGmn.BK
MPIN.NS
MPLB.KL
MPO.SN
MPOS.ST
MPRC.CA
MQVh.V
MRCr.AT
MRDIN.IS
MRFr.AT
MRHL.TA
MRKZ.MM
MRL.MC
MRL.V
MRM.CD
MRM.PA
MRS.SN
MRUS.O
MRVL.O
MSAG.DE
MSAH.TA
MSB
MSDI.O
MSHR.TA
MSK.MI
MSPA3.SA
MSPA4.SA
MSS.SN
MSTM.KL
MSTZI.RTS
MSWP.WA
MSZ.WA
MT.V
MTAB.KL
MTAL.NS
MTBA.MC
MTC.V
MTCM.MI
MTDr.AT
MTERI.RTS
MTEX.O
MTIG3.SA
MTIG4.SA
MTKr.AT
MTLP.WA
MTLR.MM
MTN
MTOU.KL
MTPVI.RTS
MTV.MI
MTV.V
MTX.V
MU.O
MUA.AX
MUHB.KL
MUHI.KL
MUHL.BO
MUIB.KL
MUIP.KL
MUL.SN
MUN.V
MUXG.DE
MV.V
MVC
MVDh.V
MVID.MM
MVP.V
MVZMI.RTS
MWBG.DE
MWDP.PA
MXCh.V
MXL.V
MYA.V
MYCS.KL
MYG.CN
MYPT.BO
MYRKk.DE
MYTr.AT
MZA.WA
MZB.MI
MZIKI.RTS
MZK.AT
N0K.BB
NADL.K
NADL.NFF
NAF.AT
NAII.O
NAKD.O
NAKM.KL
NANOB.PA
NAT
NATR.MC
NAUH.O
NAUK.MM
NAV
NAV.SN
NAVR.NS
NAWI.TA
NBCC.NS
NBGr.AT
NBR.V
NCEM.CA
NCF.TO
NCGC.CA
NCLm.BK
NCLmf.BK
NCLmn.BK
NCOX.PA
NDR.V
NDRM.O
NEA.MC
NEHI.BO
NEL.OL
NEL_u.V
NEM.V
NEMA.WA
NEO1V.HE
NEOG.O
NET.V
NETF.NS
NETW.BO
NETX.KL
NETZ.TA
NEUR.CO
NEWN.AS
NEWSm.BK
NEWSmf.BK
NEWSmn.BK
NEXG.KL
NEXI.PA
NEXP.KL
NEXS.PA
NEXT.BO
NFAB.ST
NFC.BK
NFE.V
NFR.V
NGE.V
NGYh.V
NHIE.NS
NHSN.KL
NI.CD
NIA.V
NIB.SN
NICE.MI
NICH.KL
NIFP.NS
NIKE34.SA
NIKr.AT
NILE.BO
NIM.V
NIPH.CA
NIRC.BO
NIRr.AT
NISCH.NGM
NITR.SN
NKE
NKNC.MM
NLG1V.HE
NLL.V
NLVGn.DE
NMSZI.RTS
NNDM.O
NNDM.TA
NNN.V
NNOGI.RTS
NNVC.K
NOBIN.CO
NOBINA.ST
NOES.NS
NOM.CD
NOMD.K
NOR.OL
NOR.SN
NORD3.SA
NORTHM.CO
NOU.V
NOV.SN
NOVA.SCT
NOVU.ST
NPHr.AT
NPOS.PA
NPP.BK
NPPf.BK
NPPn.BK
NPS.TO
NPT.CD
NQ
NQ.V
NR.MI
NRBMI.RTS
NRDF.CO
NRH.TA
NRL.V
NRM.V
NRN.V
NRT
NRT.V
NSCP.PA
NSK.CD
NSOS.KL
NSSC.O
NSTEc.AS
NSUG.DE
NTEC.TA
NTGG.DE
NTH.MC
NTNh.V
NTP
NTPM.KL
NTQ.V
NTSB.BU
NTT.WA
NTWK.O
NTZ
NUCG.F
NUEVOL.ST
NUG.V
NUK.V
NUR.CD
NUTE.BU
NUTK.NS
NUX.V
NVAP.WA
NVET.O
NVG.CD
NVGR.LS
NVM.V
NVO.V
NVR.SN
NVT.V
NVT.WA
NVV.V
NW.V
NWC.TO
NWE.V
NWGP.WA
NWN.V
NX
NXGN.TA
NXS.V
NXT.V
NXTM.TA
NYR.BR
NYS.BR
O5G.DE
O5H.DE
OASM.O
OASM.ST
OBEL.BR
OBHV.VI
OBNEI.RTS
OBSG.DE
OCC.BK
OCC.O
OCCf.BK
OCCn.BK
OCEA.KL
OCO.V
OCRS.KL
ODL.WA
OEC
OEC.V
OENGI.RTS
OERL.S
OESD.VI
OFCB.MM
OGD.TO
OGN.I
OGO.V
OHH.TA
OHL.MC
OHTL.BK
OHTLf.BK
OHTLn.BK
OILP.WA
OJBA.CO
OJM.MI
OKAC.KL
OKBYI.RTS
OKHG.SI
OKMh.V
OLA.V
OLBG.F
OLCA.BO
OLEO.MC
OLI.MI
OLLI.O
OLPr.AT
OLTr.AT
OLV.V
OLYM.KL
OLYr.AT
OMAX.NS
OMES.KL
OMKS.NS
OMN
OMOGI.RTS
ON.V
ONCP.WA
ONE.V
ONTEX.BR
ONV.V
OOMA.K
OPAL.TA
OPAr.AT
OPCM.KL
OPCT.TA
OPF.WA
OPGh.V
OPTT.O
ORAN.K
ORAN.PA
ORANW.AS
ORBI.TA
ORCL.K
ORCL34.SA
ORCO.BO
ORDN.AS
ORE.LS
OREP.PA
ORG.V
ORIS.NS
ORLSI.RTS
ORO.SN
ORO.V
ORPN.O
ORTM.TA
ORX.V
ORY.MC
OS.ST
OSKH.KL
OSMEN.IS
OTB.L
OTMP.WA
OTT1.BU
OVER.KL
OVS.MI
OXHL.SI
OXM
P24.WA
PA8G.DE
PAC.SN
PAE.BK
PAEf.BK
PAEI.BO
PAEn.BK
PAGR.MI
PAL.SN
PAL.V
PALSb.ST
PANF.BO
PANGr.AT
PANO.BO
PANP.BU
PARB.KL
PARG.S
PARP.PA
PARRO.PA
PARS.VI
PATB.BO
PATO.BK
PATOn.BK
PAVh.V
PAY
PAYX.O
PBBI.O
PBDTI.RTS
PBEL3B.SO
PBF.WA
PBGG.WA
PBKM.WA
PBRX.JK
PBX.WA
PCGh.V
PCGP.WA
PCHE.BO
PCI.V
PCIL.SI
PCRE.MI
PCUa.SN
PCU_pc.SN
PCU_pd.SN
PCVI.MI
PCYG.O
PDAh.V
PDB.AS
PDEX.O
PDH.CD
PDP.V
PDRh.V
PDSM.NS
PE.BK
PECC.KL
PECL.SI
PEDh.V
PEf.BK
PEGr.AT
PEHG.F
PEIN.KL
PEL.MI
PEn.BK
PEP
PEPB34.SA
PER.TO
PERA.KL
PERF.BO
PERF.O
PERP.PA
PET.V
PETO.KL
PEUP.PA
PFMP.WA
PFN.V
PGAS.JK
PGDP.WA
PGE.V
PGHOI.RTS
PGMP.WA
PGO.WA
PGX.V
PGZ.V
PHAR.AS
PHCh.V
PHG
PHG.AS
PHHGn.F
PHM.V
PHRA.LS
PHUA.KL
PI.O
PIA.MI
PICO.JK
PICOm.BK
PICOmn.BK
PIEZO.ST
PIH.TO
PILU.ST
PIMAS.IS
PINE.KL
PIP.AT
PIR
PIW.WA
PIX.PA
PIZZA.HE
PJSB.KL
PJWm.BK
PJWmf.BK
PJWmn.BK
PKCh.V
PKK.CD
PKK1V.HE
PKPP.WA
PKT.V
PLAKR.AT
PLAPP.WA
PLAr.AT
PLAY.O
PLHB.KL
PLOF.PA
PLR.V
PLRC.TA
PLSE.O
PLT.MI
PLUSP.L
PLX.V
PM.S
PMCS.KL
PMG.CN
PMGP.WA
PMGps.CN
PMJU.KL
PMOh.V
PMOX.DE
PMSB.MM
PMX.V
PNA1V.HE
PNEB.KL
PNG.V
PNNI.MI
PNT.NH
PNTM.BO
PNY
POC.V
POHK.KL
POLI.MI
POLY.ST
POM.TO
POMPUI.BK
POMPUIn.BK
PONA.BO
POOL.JK
POPR.MI
PPAR3.SA
PPGB.KL
PPH.L
PPHB.KL
PPHM.O
PPIL.TA
PPP.V
PPRO.NS
PPX.V
PRAG.BO
PRB.V
PRCL.CA
PRCP.WA
PRDA.NS
PREA.WA
PREG.NS
PREP.PA
PREr.AT
PRF.WA
PRGS.O
PRII.MI
PRIM.MC
PRIP.WA
PRL.MI
PRMF.BO
PRMN.KL
PRMP.WA
PRNI.MI
PRO.MI
PROC.NS
PROr.AT
PROX.BR
PRPF.NS
PRQR.O
PRS.MC
PRSM.MI
PRSP.BO
PRSr.AT
PRSS.BO
PRT.MI
PRTB.KL
PRTC.TA
PRTP.PA
PRU.AX
PSALr.AT
PSBP.PA
PSDV.O
PSF.MI
PSH.V
PSP.V
PSTI.O
PSTP.WA
PSV.V
PT.BK
PT.CD
PTAR.KL
PTE.V
PTHN.K
PTN
PTn.BK
PTTS.KL
PTU.V
PUBP.PA
PUCh.V
PUEP.WA
PUF.CD
PUN.SN
PUY.SN
PVA.MC
PVAL.BU
PVTP.PR
PWFC.KL
PWJH.KL
PWM.WA
PWXP.WA
PXA.V
PXS.AX
PXUS.KL
PYCE.MC
PYD.V
PYHE.PA
QBAK.O
QBT.MC
QCHB.KL
QIS.V
QLTU.TA
QMK.WA
QMX.V
QNCO.TA
QNN.SN
QNT.WA
QPT.V
QRM.TO
QTE.PA
QUE.SN
QUNR.O
QURE.O
RA8.BB
RACG.BO
RAD
RAJD.NS
RAJS.NS
RAKT.CA
RALC.KL
RAMA.LS
RAMR.BO
RAND.AS
RAP1V.HE
RAPM.BO
RAT.L
RATI.MI
RATPI.RTS
RATS.BO
RATV.VI
RAUh.V
RAVD.TA
RAVE.O
RB.L
RBLNb.CO
RBW.WA
RCON.O
RCSL3.SA
RCSL4.SA
RCSM.MI
RCT.V
RDM.MI
RDNEI.RTS
RDNP.WA
RDS.V
REAL.BR
RECT.BR
RED.KL
REE.MC
REG1V.HE
REKA.TA
REMS.WA
REN.MC
RENA.PA
RENE.LS
REO.V
RESN.KL
RET.TO
RETa.TO
REVA.KL
REVr.AT
REX.V
REXI.KL
REY.MI
REYU.MC
REZ.V
RFCL.BO
RFIL.O
RG.V
RGE.CD
RGO.CD
RGU.L
RGZh.V
RH
RHT
RICC.MI
RICH.BO
RIGS.JK
RIMB.KL
RIMO.TA
RINF.BO
RIP.SN
RIR.V
RISH.OL
RJFE.MC
RJFR.BO
RK.V
RKBG.F
RKHL.SI
RLCM.NS
RLENq.L
RLGT.K
RLIA.MC
RLIN.NS
RLSE.SI
RLSh.V
RM.V
RMD.V
RMHI.BO
RMO.V
RMPH.BO
RMRh.V
RNCUI.RTS
RNM.F
RO.S
ROB.V
ROBF.PA
ROBFi.PA
ROCH.PA
ROCh.V
ROLT.NS
ROLTq.L
ROMh.V
RONS.SCT
ROSA.PA
ROSG.O
ROSh.V
ROSS.MI
ROTO.CA
ROTS.TA
ROVI.MC
ROVS.CO
ROYREd.AS
RP.V
RPAC.TA
RPAD3.SA
RPAD5.SA
RPAD6.SA
RPM
RPm.BK
RPmf.BK
RPMG3.SA
RPmn.BK
RPOL.NS
RPP.V
RPR.BB
RPSZI.RTS
RQMh.V
RRE.V
RRFC.BO
RRI.V
RRKh.V
RRS.V
RSEL.TA
RSGB.BO
RSGP.LS
RSPO.NS
RST.V
RSUL4.SA
RTA4.MC
RTCG.DE
RTH.V
RTMGk.F
RTNI.NS
RTO.L
RTON.KL
RTVC.CA
RTVGn.F
RTVLI.RTS
RUBF.PA
RUM.V
RVL.V
RVX.TO
RWD.WA
RXM.CD
RYE.V
RYR.V
RYU.V
RZZ.V
SABF.MI
SABh.V
SABL.PA
SADB.NS
SAEh.V
SAEI.MI
SAF.PA
SAFE.TA
SAGCV.HE
SAGO.MM
SAHGk.F
SAHR.BO
SAI.V
SAIC.BO
SAIC.K
SAIH.KL
SALI.MI
SALO.NS
SALS.NS
SALTb.ST
SALZ.NS
SAM.BK
SAM.TO
SAME.BO
SAML.BO
SAMn.BK
SAN
SANH.KL
SANI.CO
SANKOm.BK
SANKOmn.BK
SANS.BO
SANW.O
SAPU.KL
SARC.BO
SARNI.RTS
SARP.WA
SARr.AT
SAS.ST
SATr.AT
SAVE.MI
SAVEN.PA
SAWC.BO
SAY.MC
SB.V
SBGh.V
SBM.V
SBMO.AS
SBNY.O
SBOh.V
SBS.CO
SBW.V
SCA.V
SCAO.KL
SCC.TO
SCCE.KL
SCD.V
SCER.KL
SCFM.CA
SCG.V
SCGB.KL
SCHL.O
SCHN.PA
SCHN.S
SCI1V.HE
SCIX.TA
SCOA.WA
SCOAE.LS
SCPE.KL
SCPH.VI
SCPI.JK
SCS
SCT.LS
SCWF.KL
SCWX.O
SCX
SCXh.V
SCYR.MC
SCZ.V
SDL.V
SDMr.AT
SDOS.ST
SDR.L
SDRt.L
SDX.V
SEAC.O
SEAL.KL
SEAM.NS
SEBF.PA
SECTb.ST
SEDA.KL
SEFA.TA
SEGh.V
SELC.BO
SELER.PA
SELF.O
SELh.V
SELM.NS
SELr.AT
SELS.KL
SENI.KL
SEQ.PA
SERE.KL
SERIT.MI
SES.MI
SESFd.PA
SEVDRL.OL
SEVGI.RTS
SEVI.PA
SEW.V
SEY.L
SEZI.ST
SFAr.AT
SFL
SFLG.MI
SFR.SN
SFRG.ST
SFRGR.PA
SGA.V
SGEF.PA
SGF.BK
SGF.TO
SGFI.MI
SGM.V
SGMA.O
SGMC.BO
SGNA.KL
SGOB.PA
SGU.V
SGWF.KL
SHAA.NS
SHAN.TA
SHCN.BO
SHG.WA
SHL.V
SHLA.BO
SHLO.O
SHLTN.S
SHM.V
SHNP.TA
SHNU.BO
SHOM.TA
SHOS.O
SHP.CD
SIAi.LM
SIAM.BK
SIAMf.BK
SIAMn.BK
SIAP.JK
SIE.V
SIGM.O
SIHM.SI
SII.MI
SIK.S
SILC.O
SILO.JK
SIMINN.IC
SIML.SI
SINH.KL
SINO.O
SIOE.BR
SIP.SN
SIPX.BO
SIRE.L
SIS.MI
SITA.NS
SITI.NS
SJL.V
SJOS3.SA
SJOS4.SA
SKBC.KL
SKBM.JK
SKCMI.RTS
SKFN.NS
SKHC.KL
SKIS.O
SKJE.CO
SKLP.WA
SKPE.KL
SKTP.WA
SL9.BB
SLBG34.SA
SLBV.VI
SLC.V
SLENI.RTS
SLIGR.AS
SLIN.NS
SLK.V
SLMEI.RTS
SLPL.L
SLRS.MC
SLVP.WA
SLVR.NS
SMAE.KL
SMAT.NS
SMBC.O
SMCB.JK
SMDY.BO
SME.WA
SMI.V
SMIT.BK
SMITn.BK
SML.LS
SMM.BK
SMMf.BK
SMMn.BK
SMMT.O
SMNIN.TA
SMOG.TA
SMQh.V
SMRS.KL
SMT.TA
SMTPC.PA
SMTR.KL
SMVh.V
SMWN.DE
SN.L
SN.V
SNCE.MC
SNDH.NS
SNEL.TA
SNFGI.RTS
SNHG.DE
SNKh.V
SNLh.V
SNN
SNOW.K
SNV.V
SNX
SO5.BB
SOAG.OL
SOBH.NS
SOBI.JK
SOC.V
SOIL.KL
SOLS.MI
SONO.PA
SONP.WA
SOPR.PA
SOPRA.HE
SORI.NGM
SP.CD
SPA
SPA.V
SPAr.AT
SPC.SN
SPEAS.CO
SPI.SN
SPI.V
SPIE.PA
SPIN.CA
SPIS.PA
SPJT.BO
SPK.V
SPLH.KL
SPME.DE
SPORT.BK
SPORTf.BK
SPORTn.BK
SPP.V
SPSN.S
SPSO.LS
SPT.L
SPV.BB
SQG.V
SQR.CD
SRA.V
SRAC.TA
SRCS.KL
SRFT.TA
SRIK.NS
SRJ.V
SRL.V
SRm.BK
SRmf.BK
SRmn.BK
SRNP.NS
SROGI.RTS
SRPG.PA
SRSr.AT
SSA.V
SSAq.L
SSG.V
SSI.BK
SSIf.BK
SSIn.BK
SSN
SSP.V
SSPD.BO
SST.BK
SSTf.BK
SSTn.BK
SSTPFu.BK
SSV.V
SSY
ST5G.DE
STAD.BO
STAR.SI
STAS.SI
STB.TO
STBI.NS
STCM.TA
STDB.BO
STDY.O
STEP.MI
STFP.WA
STG.MC
STGN.S
STHAI.BK
STHAIf.BK
STHAIn.BK
STIB.NS
STIK.KL
STIN.BO
STLE.BO
STLI.KL
STMN.S
STN.SN
STOL.BO
STOR.NS
STP.WA
STPJ.J
STRAX.ST
STRC.BO
STRG.F
STRh.V
STRM.O
STS.MI
STSB.MM
STTP.JK
STTU.BO
STX.CD
STZ
STZb
SUBU.KL
SUBX.NS
SUBXq.L
SUHL.SI
SULT3.SA
SULT4.SA
SUMM.L
SUNT.NS
SUPM.KL
SUPY.NS
SURR.NS
SUZL.NS
SVA.V
SVAR.BO
SVEL.AS
SVOA.BK
SVOAn.BK
SVOLa.ST
SVOLb.ST
SWAG.DE
SWAM.BO
SWCm.BK
SWCmn.BK
SWDP.WA
SWDY.CA
SWEE.SI
SWEGn.DE
SWG.WA
SWH.TO
SWHC.O
SWOG.F
SWUT.VI
SXA.AX
SXL.V
SYD.V
SYFR.KL
SYLT.BO
SYMX.O
SYNN.S
SYNNEE.S
SYNNEN.S
SYRh.V
SYT
SZM.V
SZUG.DE
T24.BB
T34.D
T43.BB
T57.BB
TABK.PR
TAC.V
TAFI.KL
TAIS.SI
TAJ.V
TALA.KL
TALD.TA
TALKP.ST
TAM1V.HE
TAMDA.TA
TAN.V
TAPACm.BK
TAPACmn.BK
TARM.NS
TAS.MI
TAT.SN
TATT.O
TAU.V
TAX.O
TAYA.TA
TBS.MI
TCFP.PA
TCH.PA
TCJ.BK
TCJn.BK
TCLa.TO
TCLb.TO
TCMC.BK
TCMCf.BK
TCMCn.BK
TCMD.O
TCS.TO
TCSq.L
TCTE.ST
TCUG.F
TDGN.TA
TECM.MC
TECNO.MI
TEDE.TA
TEFN.TA
TEIF.PA
TEKCHEMA.MX
TENE5.SA
TENE6.SA
TENE7.SA
TENr.AT
TERR.PA
TES.MI
TES.V
TESB.BR
TETR.PA
TEXB.BR
TFC.AX
TFC.LM
TFF.PA
TFI.MI
TGEL.PA
TGH
TGKN.MM
TGLB.KL
TGPB.KL
TGR.V
TGX.V
TGYM.MI
THAD.BO
THANAm.BK
THANAmn.BK
THET.KL
THH.V
THHG.PA
THL.BK
THLn.BK
THO
THRI.KL
THRr.AT
THST.O
TI
TIa
TIC.BK
TICn.BK
TIEH.AS
TIF1u.BK
TIGE.KL
TIMK.NS
TIMP.WA
TINK.BO
TINS.JK
TION.SI
TIP.MI
TIPK.PA
TIRA.JK
TIS.MI
TISC.NS
TISCq.L
TIW.BK
TIWn.BK
TKDV.CO
TKTT.PA
TLAZI.RTS
TLGNc.AS
TLGO.MC
TLLh.V
TLND.O
TLP_u.CD
TLRD.K
TLSY.TA
TLT.V
TLX.WA
Tm.BK
TMG.V
TMILLm.BK
TMILLmf.BK
TMILLmn.BK
Tmn.BK
TNG.V
TNPC.BK
TNPCn.BK
TNPV.TA
TNY.CD
TOCE.KL
TOD.MI
TOEX.KL
TOHN.S
TOPS.TA
TOUR.CA
TOWR.JK
TOYG.KL
TPEG.DE
TPLM.K
TPLP.NS
TPN.V
TPNG.DE
TPOLY.BK
TPOLYn.BK
TPP.D
TPR.WA
TPZ.MC
TQYh.V
TR.TO
TRA.V
TRANSa.ST
TRANSb.ST
TRCN.MM
TRCNq.L
TRE.MC
TREN.TA
TRENT.ST
TRET.BO
TRGh.V
TRGMI.RTS
TRIA.PA
TRIG.NS
TRIO.BO
TRIV.BU
TRIV.KL
TRKP.WA
TRLr.AT
TRN.MI
TRNG.PA
TROPr.AT
TRUB.JK
TRZ.TO
TSD.V
TSESI.RTS
TSFm.BK
TSFmf.BK
TSFmn.BK
TSG.V
TSGP.WA
TSP.V
TSPOR.IS
TSRh.V
TSSG.F
TST.MC
TST.TO
TTCGn.F
TTGh.V
TTJH.SI
TTM.V
TTS.V
TUBA.MC
TUBE.TA
TUBG.D
TUD.V
TUMAI.RTS
TUOGI.RTS
TUPLI.RTS
TUR.MC
TURB.KL
TUZAup.TA
TVAGI.RTS
TVI.BK
TVIf.BK
TVIn.BK
TWEL.KL
TWKNc.AS
TWSr.AT
TXF.WA
TXR.V
TXTS.MI
TXX.V
TYA.MI
TYDSI.RTS
TYE.V
TZR.V
UASG.CA
UBA
UBMV.VI
UBP
UBS.MC
UCAV.SCT
UCB.BR
UCBA.O
UCU.V
UEIS.SCT
UFFP.PA
UGE.V
UI.V
UKEMm.BK
UKEMmn.BK
UL
ULENI.RTS
ULI.V
ULM.WA
ULTJ.JK
ULVR.L
UMB.CD
UMFa.V
UMFu.V
UMRS.KL
UMS.F
UMSH.KL
UMSN.KL
UN
UNBP.AS
UNc.AS
UNE.SN
UNFI.O
UNI.SN
UNI.V
UNIA.AS
UNIS.O
UNIT.TA
UNKL.MM
UNOF.BO
UNS.AX
UNTE.NS
UNVR.NS
UOBKH.BK
UOBKHn.BK
UP.CD
UP7G.F
UPD.AX
UPDA.BU
UPRO.MM
URAGI.RTS
URAPI.RTS
URBA.SCT
URBN.O
URSP.WA
USAT.O
USEG.DE
USS.V
USTF.BO
UTG1.ST
UTIN.PA
UTSM.NS
UTUS.KL
UUTEC.HE
UUU
UWN
UZUG.DE
V3SG.F
VAL
VAL.CN
VAL.SN
VALS.BO
VALS.MI
VALT.PA
VALU.O
VAN.V
VARDIA.OL
VARr.AT
VAST.BO
VASTB.BR
VB.TO
VBCI.BO
VBFR.BO
VBHKk.DE
VBKG.DE
VBUMI.RTS
VCM.TO
VCTP.PA
VDCh.V
VDLO.PA
VDO.V
VEG.CD
VEGE.BO
VEHG.F
VENK.NS
VETA.PA
VETO.PA
VGL.V
VGO.V
VI.BK
VIAD.PA
VIBR.SI
VICOR.ST
VID.MC
VIE.PA
VIf.BK
VIG.ST
VIJS.NS
VILM.PA
VILR.TA
VIn.BK
VIN.SN
VINI.MI
VINP.WA
VIO.V
VIP.O
VIPRO.CO
VIRC.O
VIS.V
VISI.K
VISN.O
VISN.TA
VISr.AT
VITI.MI
VIV.V
VIVP.WA
VKTX.O
VLAN.AS
VLL.CN
VLOF.PA
VLT.V
VMEM.K
VN7.BB
VNCE.K
VNIPI.RTS
VNLN.BO
VOD.L
VOD.O
VOGr.AT
VOGZI.RTS
VOL.SN
VOPA.AS
VORGI.RTS
VOSBI.RTS
VOT.WA
VOXP.WA
VPI.V
VRA.O
VRB.V
VRNT.O
VRV.AT
VRZh.V
VSCk.DE
VSDY.KL
VSID.KL
VSPT.SN
VSYD.MM
VTEm.BK
VTEmf.BK
VTEmn.BK
VTI.V
VTLM3.SA
VTLM3T.SA
VTT.V
VUL.V
VVAGk.F
VVC.V
VVD.WA
VVIh.V
VVN.V
VWSP.BO
VXL.V
VXS.TO
VYPR.BO
VZRZ.MM
VZZh.V
WAHE.KL
WALh.V
WATA.KL
WATP.CA
WAVE.BK
WAVEf.BK
WAVEn.BK
WAX.WA
WCDF.CA
WCE.V
WCMJ.DE
WCMKk.DE
WCMKk.F
WDPP.BR
WDX.WA
WEB.V
WEG1.DE
WEG3e.D
WEHA.AS
WEHA.JK
WEL.V
WFC.TO
WGC.CD
WGF.V
WGXh.V
WGZH.KL
WHH.WA
WHM.V
WIFOG.ST
WIGG.MI
WIGGk.DE
WIL.V
WILF.BO
WILT.SI
WINO.BO
WINS.O
WINT.KL
WIZP.TA
WIZZ.L
WKOL.CA
WLFD.VI
WLN.PA
WLSF.BO
WLTP.WA
WLV.V
WM.TO
WMC.SN
WMM.V
WOR
WOS.L
WPCS.O
WPL.AX
WPP.L
WPPGY.O
WPPL.WA
WR.BK
WRLP.WA
WRSh.V
WSBF.O
WSE.V
WSEP.WA
WSMK.TA
WSOKk.DE
WSTC.NS
WTh.V
WTN.WA
WVFC.O
WWL.WA
WXFB.VI
XAE2.F
XAKO.AT
XCRA.O
XCT.TO
XCX.V
XIA.V
XIAN.KL
XIN
XING.KL
XINH.KL
XINW.KL
XL
XL.V
XMHL.SI
XOXB.KL
XPO.PA
XPR.MI
XSR.TO
XTB.WA
XTLY.K
XTPG.D
YAL.AT
YAMR.SI
YESIL.IS
YFI.V
YGE
YGR.TO
YILDL.ST
YIN.O
YINS.KL
YLIH.KL
YNAP.MI
YNGB.KL
YONG.KL
YSNG.DE
YUASAm.BK
YUASAmn.BK
YY.O
YYAPI.IS
ZAL.SN
ZAO.V
ZCON.KL
ZDGE.K
ZEE.V
ZEE1V.HE
ZEEN.NS
ZEFG.DE
ZENL.BO
ZEOT.CA
ZILL.MM
ZIMh.V
ZIPh.V
ZKA.WA
ZKL.V
ZKOMI.RTS
ZLAN.KL
ZLKL1.TA
ZMZN.MM
ZODC.PA
ZOM.V
ZON.V
ZOT.MC
ZPIN.K
ZRE.WA
ZSGPI.RTS
ZST.WA
ZUCI.MI
ZUK.WA
ZUMV.VI
ZUMZ.O
ZV.MI
ZVEZ.MM
ZZEh.V
