000002.SZ, Updated at 2016-09-30
000009.SZ, Updated at 2016-09-30
000012.SZ, Updated at 2016-09-30
000022.SZ, Updated at 2016-09-30
000025.SZ, Updated at 2016-09-30
000027.SZ, Updated at 2016-09-30
000029.SZ, Updated at 2016-09-30
000034.SZ, Updated at 2016-09-30
000039.SZ, Updated at 2016-09-30
000043.SZ, Updated at 2016-09-30
000045.SZ, Updated at 2016-09-30
000050.SZ, Updated at 2016-09-30
000056.SZ, Updated at 2016-09-30
000060.SZ, Updated at 2016-09-30
000065.SZ, Updated at 2016-09-30
000096.SZ, Updated at 2016-09-30
000153.SZ, Updated at 2016-09-30
000156.SZ, Updated at 2016-09-30
000159.SZ, Updated at 2016-09-30
000166.SZ, Updated at 2016-09-30
000210.KS, Updated at 2016-09-30
000270.KS, Updated at 2016-09-30
000338.SZ, Updated at 2016-09-30
000400.SZ, Updated at 2016-09-30
000402.SZ, Updated at 2016-09-30
000403.SZ, Updated at 2016-09-30
000407.SZ, Updated at 2016-09-30
000419.SZ, Updated at 2016-09-30
000420.SZ, Updated at 2016-09-30
000421.SZ, Updated at 2016-09-30
000429.SZ, Updated at 2016-09-30
000430.SZ, Updated at 2016-09-30
000516.SZ, Updated at 2016-09-30
000518.SZ, Updated at 2016-09-30
000526.SZ, Updated at 2016-09-30
000529.SZ, Updated at 2016-09-30
000531.SZ, Updated at 2016-09-30
000532.SZ, Updated at 2016-09-30
000538.SZ, Updated at 2016-09-30
000543.SZ, Updated at 2016-09-30
000544.SZ, Updated at 2016-09-30
000547.SZ, Updated at 2016-09-30
000554.SZ, Updated at 2016-09-30
000558.SZ, Updated at 2016-09-30
000561.SZ, Updated at 2016-09-30
000565.SZ, Updated at 2016-09-30
000570.SZ, Updated at 2016-09-30
000571.SZ, Updated at 2016-09-30
000582.SZ, Updated at 2016-09-30
000584.SZ, Updated at 2016-09-30
000587.SZ, Updated at 2016-09-30
000605.SZ, Updated at 2016-09-30
000607.SZ, Updated at 2016-09-30
000608.SZ, Updated at 2016-09-30
000610.SZ, Updated at 2016-09-30
000632.SZ, Updated at 2016-09-30
000639.SZ, Updated at 2016-09-30
000650.SZ, Updated at 2016-09-30
000657.SZ, Updated at 2016-09-30
000659.SZ, Updated at 2016-09-30
000660.KS, Updated at 2016-09-30
000665.SZ, Updated at 2016-09-30
000669.SZ, Updated at 2016-09-30
000673.SZ, Updated at 2016-09-30
000678.SZ, Updated at 2016-09-30
000681.SZ, Updated at 2016-09-30
000690.SZ, Updated at 2016-09-30
000691.SZ, Updated at 2016-09-30
000695.SZ, Updated at 2016-09-30
000718.SZ, Updated at 2016-09-30
000720.KS, Updated at 2016-09-30
000720.SZ, Updated at 2016-09-30
000726.SZ, Updated at 2016-09-30
000727.SZ, Updated at 2016-09-30
000729.SZ, Updated at 2016-09-30
000733.SZ, Updated at 2016-09-30
000739.SZ, Updated at 2016-09-30
000750.SZ, Updated at 2016-09-30
000752.SZ, Updated at 2016-09-30
000756.SZ, Updated at 2016-09-30
000761.SZ, Updated at 2016-09-30
000780.SZ, Updated at 2016-09-30
000786.SZ, Updated at 2016-09-30
000792.SZ, Updated at 2016-09-30
000793.SZ, Updated at 2016-09-30
000795.SZ, Updated at 2016-09-30
000806.SZ, Updated at 2016-09-30
000836.SZ, Updated at 2016-09-30
000839.SZ, Updated at 2016-09-30
000851.SZ, Updated at 2016-09-30
000858.SZ, Updated at 2016-09-30
000869.SZ, Updated at 2016-09-30
000875.SZ, Updated at 2016-09-30
000878.SZ, Updated at 2016-09-30
000880.SZ, Updated at 2016-09-30
000883.SZ, Updated at 2016-09-30
000886.SZ, Updated at 2016-09-30
000897.SZ, Updated at 2016-09-30
000899.SZ, Updated at 2016-09-30
000908.SZ, Updated at 2016-09-30
000910.SZ, Updated at 2016-09-30
000912.SZ, Updated at 2016-09-30
000915.SZ, Updated at 2016-09-30
000918.SZ, Updated at 2016-09-30
000925.SZ, Updated at 2016-09-30
000935.SZ, Updated at 2016-09-30
000936.SZ, Updated at 2016-09-30
000938.SZ, Updated at 2016-09-30
000948.SZ, Updated at 2016-09-30
000960.SZ, Updated at 2016-09-30
000968.SZ, Updated at 2016-09-30
000969.SZ, Updated at 2016-09-30
000970.SZ, Updated at 2016-09-30
000976.SZ, Updated at 2016-09-30
000987.SZ, Updated at 2016-09-30
000998.SZ, Updated at 2016-09-30
001120.KS, Updated at 2016-09-30
001880.KS, Updated at 2016-09-30
001896.SZ, Updated at 2016-09-30
002001.SZ, Updated at 2016-09-30
002005.SZ, Updated at 2016-09-30
002006.SZ, Updated at 2016-09-30
002012.SZ, Updated at 2016-09-30
002016.SZ, Updated at 2016-09-30
002022.SZ, Updated at 2016-09-30
002031.SZ, Updated at 2016-09-30
002041.SZ, Updated at 2016-09-30
002045.SZ, Updated at 2016-09-30
002048.SZ, Updated at 2016-09-30
002054.SZ, Updated at 2016-09-30
002060.SZ, Updated at 2016-09-30
002062.SZ, Updated at 2016-09-30
002078.SZ, Updated at 2016-09-30
002079.SZ, Updated at 2016-09-30
002084.SZ, Updated at 2016-09-30
002098.SZ, Updated at 2016-09-30
002099.SZ, Updated at 2016-09-30
002100.SZ, Updated at 2016-09-30
002110.SZ, Updated at 2016-09-30
002111.SZ, Updated at 2016-09-30
002115.SZ, Updated at 2016-09-30
002126.SZ, Updated at 2016-09-30
002134.SZ, Updated at 2016-09-30
002135.SZ, Updated at 2016-09-30
002143.SZ, Updated at 2016-09-30
002147.SZ, Updated at 2016-09-30
002148.SZ, Updated at 2016-09-30
002150.SZ, Updated at 2016-09-30
002159.SZ, Updated at 2016-09-30
002160.SZ, Updated at 2016-09-30
002174.SZ, Updated at 2016-09-30
002194.SZ, Updated at 2016-09-30
002199.SZ, Updated at 2016-09-30
002206.SZ, Updated at 2016-09-30
002222.SZ, Updated at 2016-09-30
002269.SZ, Updated at 2016-09-30
002300.SZ, Updated at 2016-09-30
002304.SZ, Updated at 2016-09-30
002332.SZ, Updated at 2016-09-30
002342.SZ, Updated at 2016-09-30
002350.SZ, Updated at 2016-09-30
002352.SZ, Updated at 2016-09-30
002353.SZ, Updated at 2016-09-30
002356.SZ, Updated at 2016-09-30
002357.SZ, Updated at 2016-09-30
002369.SZ, Updated at 2016-09-30
002373.SZ, Updated at 2016-09-30
002381.SZ, Updated at 2016-09-30
002383.SZ, Updated at 2016-09-30
002396.SZ, Updated at 2016-09-30
002400.SZ, Updated at 2016-09-30
002404.SZ, Updated at 2016-09-30
002406.SZ, Updated at 2016-09-30
002409.SZ, Updated at 2016-09-30
002411.SZ, Updated at 2016-09-30
002422.SZ, Updated at 2016-09-30
002444.SZ, Updated at 2016-09-30
002453.SZ, Updated at 2016-09-30
002481.SZ, Updated at 2016-09-30
002483.SZ, Updated at 2016-09-30
002484.SZ, Updated at 2016-09-30
002492.SZ, Updated at 2016-09-30
002506.SZ, Updated at 2016-09-30
002512.SZ, Updated at 2016-09-30
002514.SZ, Updated at 2016-09-30
002520.SZ, Updated at 2016-09-30
002522.SZ, Updated at 2016-09-30
002526.SZ, Updated at 2016-09-30
002537.SZ, Updated at 2016-09-30
002538.SZ, Updated at 2016-09-30
002549.SZ, Updated at 2016-09-30
002551.SZ, Updated at 2016-09-30
002552.SZ, Updated at 2016-09-30
002563.SZ, Updated at 2016-09-30
002578.SZ, Updated at 2016-09-30
002583.SZ, Updated at 2016-09-30
002592.SZ, Updated at 2016-09-30
002601.SZ, Updated at 2016-09-30
002603.SZ, Updated at 2016-09-30
002604.SZ, Updated at 2016-09-30
002611.SZ, Updated at 2016-09-30
002613.SZ, Updated at 2016-09-30
002623.SZ, Updated at 2016-09-30
002636.SZ, Updated at 2016-09-30
002639.SZ, Updated at 2016-09-30
002641.SZ, Updated at 2016-09-30
002642.SZ, Updated at 2016-09-30
002654.SZ, Updated at 2016-09-30
002657.SZ, Updated at 2016-09-30
002658.SZ, Updated at 2016-09-30
002666.SZ, Updated at 2016-09-30
002671.SZ, Updated at 2016-09-30
002696.SZ, Updated at 2016-09-30
002698.SZ, Updated at 2016-09-30
002702.SZ, Updated at 2016-09-30
002707.SZ, Updated at 2016-09-30
002715.SZ, Updated at 2016-09-30
002724.SZ, Updated at 2016-09-30
002732.SZ, Updated at 2016-09-30
002739.SZ, Updated at 2016-09-30
002743.SZ, Updated at 2016-09-30
002747.SZ, Updated at 2016-09-30
002761.SZ, Updated at 2016-09-30
002767.SZ, Updated at 2016-09-30
002769.SZ, Updated at 2016-09-30
002778.SZ, Updated at 2016-09-30
002780.SZ, Updated at 2016-09-30
002785.SZ, Updated at 2016-09-30
003280.KS, Updated at 2016-09-30
003520.KS, Updated at 2016-09-30
003670.KQ, Updated at 2016-09-30
004000.KS, Updated at 2016-09-30
004200.KS, Updated at 2016-09-30
004800.KS, Updated at 2016-09-30
005380.KS, Updated at 2016-09-30
005490.KS, Updated at 2016-09-30
005500.KS, Updated at 2016-09-30
005940.KS, Updated at 2016-09-30
006360.KS, Updated at 2016-09-30
007690.KS, Updated at 2016-09-30
008260.KS, Updated at 2016-09-30
009150.KS, Updated at 2016-09-30
009540.KS, Updated at 2016-09-30
010060.KS, Updated at 2016-09-30
010120.KS, Updated at 2016-09-30
010130.KS, Updated at 2016-09-30
010140.KS, Updated at 2016-09-30
010620.KS, Updated at 2016-09-30
010950.KS, Updated at 2016-09-30
011070.KS, Updated at 2016-09-30
012630.KS, Updated at 2016-09-30
013990.KQ, Updated at 2016-09-30
017670.KS, Updated at 2016-09-30
019680.KS, Updated at 2016-09-30
028050.KS, Updated at 2016-09-30
028260.KS, Updated at 2016-09-30
02826K.KS, Updated at 2016-09-30
033780.KS, Updated at 2016-09-30
034220.KS, Updated at 2016-09-30
041920.KQ, Updated at 2016-09-30
047050.KS, Updated at 2016-09-30
047810.KS, Updated at 2016-09-30
051900.KS, Updated at 2016-09-30
053210.KS, Updated at 2016-09-30
0538q.L, Updated at 2016-09-30
064760.KQ, Updated at 2016-09-30
067160.KQ, Updated at 2016-09-30
067280.KQ, Updated at 2016-09-30
068870.KS, Updated at 2016-09-30
083930.KQ, Updated at 2016-09-30
0840.HK, Updated at 2016-09-30
084370.KQ, Updated at 2016-09-30
086280.KS, Updated at 2016-09-30
086960.KQ, Updated at 2016-09-30
089600.KQ, Updated at 2016-09-30
094360.KQ, Updated at 2016-09-30
098460.KQ, Updated at 2016-09-30
099190.KQ, Updated at 2016-09-30
103140.KS, Updated at 2016-09-30
108670.KS, Updated at 2016-09-30
1186.HK, Updated at 2016-09-30
1199.HK, Updated at 2016-09-30
128940.KS, Updated at 2016-09-30
130740.KQ, Updated at 2016-09-30
142280.KQ, Updated at 2016-09-30
144510.KQ, Updated at 2016-09-30
145020.KQ, Updated at 2016-09-30
1718.T, Updated at 2016-09-30
1832.SP, Updated at 2016-09-30
1878.T, Updated at 2016-09-30
1924.T, Updated at 2016-09-30
200012.SZ, Updated at 2016-09-30
200022.SZ, Updated at 2016-09-30
200025.SZ, Updated at 2016-09-30
200029.SZ, Updated at 2016-09-30
200045.SZ, Updated at 2016-09-30
200056.SZ, Updated at 2016-09-30
200152.SZ, Updated at 2016-09-30
2002.T, Updated at 2016-09-30
200429.SZ, Updated at 2016-09-30
200570.SZ, Updated at 2016-09-30
200706.SZ, Updated at 2016-09-30
200726.SZ, Updated at 2016-09-30
200761.SZ, Updated at 2016-09-30
200869.SZ, Updated at 2016-09-30
2009.HK, Updated at 2016-09-30
2039.HK, Updated at 2016-09-30
204320.KS, Updated at 2016-09-30
2128.T, Updated at 2016-09-30
214320.KS, Updated at 2016-09-30
214430.KQ, Updated at 2016-09-30
222040.KQ, Updated at 2016-09-30
2317.T, Updated at 2016-09-30
2326.T, Updated at 2016-09-30
2335.T, Updated at 2016-09-30
2338.HK, Updated at 2016-09-30
237690.KQ, Updated at 2016-09-30
2540.T, Updated at 2016-09-30
2597.T, Updated at 2016-09-30
2599.T, Updated at 2016-09-30
2611.T, Updated at 2016-09-30
2664.T, Updated at 2016-09-15
2714.T, Updated at 2016-09-30
2715.T, Updated at 2016-09-30
2737.T, Updated at 2016-09-30
2760.T, Updated at 2016-09-30
2767.T, Updated at 2016-09-30
2818.T, Updated at 2016-09-30
2894.T, Updated at 2016-09-30
2ENT.ST, Updated at 2016-09-30
300007.SZ, Updated at 2016-09-30
300013.SZ, Updated at 2016-09-30
300017.SZ, Updated at 2016-09-30
300018.SZ, Updated at 2016-09-30
300023.SZ, Updated at 2016-09-30
300025.SZ, Updated at 2016-09-30
300031.SZ, Updated at 2016-09-30
300032.SZ, Updated at 2016-09-30
300036.SZ, Updated at 2016-09-30
300040.SZ, Updated at 2016-09-30
300047.SZ, Updated at 2016-09-30
300052.SZ, Updated at 2016-09-30
300056.SZ, Updated at 2016-09-30
300061.SZ, Updated at 2016-09-30
300067.SZ, Updated at 2016-09-30
300068.SZ, Updated at 2016-09-30
300071.SZ, Updated at 2016-09-30
300075.SZ, Updated at 2016-09-30
300078.SZ, Updated at 2016-09-30
300082.SZ, Updated at 2016-09-30
300088.SZ, Updated at 2016-09-30
300089.SZ, Updated at 2016-09-30
300090.SZ, Updated at 2016-09-30
300091.SZ, Updated at 2016-09-30
300092.SZ, Updated at 2016-09-30
300099.SZ, Updated at 2016-09-30
300100.SZ, Updated at 2016-09-30
300105.SZ, Updated at 2016-09-30
300107.SZ, Updated at 2016-09-30
300108.SZ, Updated at 2016-09-30
300110.SZ, Updated at 2016-09-30
300113.SZ, Updated at 2016-09-30
300116.SZ, Updated at 2016-09-30
300117.SZ, Updated at 2016-09-30
300120.SZ, Updated at 2016-09-30
300125.SZ, Updated at 2016-09-30
300128.SZ, Updated at 2016-09-30
300133.SZ, Updated at 2016-09-30
300134.SZ, Updated at 2016-09-30
300136.SZ, Updated at 2016-09-30
300141.SZ, Updated at 2016-09-30
300146.SZ, Updated at 2016-09-30
300147.SZ, Updated at 2016-09-30
300149.SZ, Updated at 2016-09-30
300150.SZ, Updated at 2016-09-30
300151.SZ, Updated at 2016-09-30
300152.SZ, Updated at 2016-09-30
300155.SZ, Updated at 2016-09-30
300157.SZ, Updated at 2016-09-30
300158.SZ, Updated at 2016-09-30
300161.SZ, Updated at 2016-09-30
300164.SZ, Updated at 2016-09-30
300166.SZ, Updated at 2016-09-30
300169.SZ, Updated at 2016-09-30
300171.SZ, Updated at 2016-09-30
300174.SZ, Updated at 2016-09-30
300176.SZ, Updated at 2016-09-30
300180.SZ, Updated at 2016-09-30
300187.SZ, Updated at 2016-09-30
300204.SZ, Updated at 2016-09-30
300217.SZ, Updated at 2016-09-30
300242.SZ, Updated at 2016-09-30
300247.SZ, Updated at 2016-09-30
300259.SZ, Updated at 2016-09-30
300261.SZ, Updated at 2016-09-30
300263.SZ, Updated at 2016-09-30
300269.SZ, Updated at 2016-09-30
300275.SZ, Updated at 2016-09-30
300277.SZ, Updated at 2016-09-30
300278.SZ, Updated at 2016-09-30
300283.SZ, Updated at 2016-09-30
300284.SZ, Updated at 2016-09-30
300285.SZ, Updated at 2016-09-30
300288.SZ, Updated at 2016-09-30
300290.SZ, Updated at 2016-09-30
300293.SZ, Updated at 2016-09-30
300297.SZ, Updated at 2016-09-30
300298.SZ, Updated at 2016-09-30
300299.SZ, Updated at 2016-09-30
300301.SZ, Updated at 2016-09-30
300302.SZ, Updated at 2016-09-30
300305.SZ, Updated at 2016-09-30
300306.SZ, Updated at 2016-09-30
300314.SZ, Updated at 2016-09-30
300316.SZ, Updated at 2016-09-30
300319.SZ, Updated at 2016-09-30
300326.SZ, Updated at 2016-09-30
300327.SZ, Updated at 2016-09-30
300328.SZ, Updated at 2016-09-30
300331.SZ, Updated at 2016-09-30
300334.SZ, Updated at 2016-09-30
300338.SZ, Updated at 2016-09-30
300340.SZ, Updated at 2016-09-30
300344.SZ, Updated at 2016-09-30
300357.SZ, Updated at 2016-09-30
300358.SZ, Updated at 2016-09-30
300360.SZ, Updated at 2016-09-30
300362.SZ, Updated at 2016-09-30
300364.SZ, Updated at 2016-09-30
300367.SZ, Updated at 2016-09-30
300370.SZ, Updated at 2016-09-30
300372.SZ, Updated at 2016-09-30
300380.SZ, Updated at 2016-09-30
300382.SZ, Updated at 2016-09-30
300384.SZ, Updated at 2016-09-30
300386.SZ, Updated at 2016-09-30
300388.SZ, Updated at 2016-09-30
300390.SZ, Updated at 2016-09-30
300392.SZ, Updated at 2016-09-30
300397.SZ, Updated at 2016-09-30
300398.SZ, Updated at 2016-09-30
300399.SZ, Updated at 2016-09-30
300402.SZ, Updated at 2016-09-30
300403.SZ, Updated at 2016-09-30
300404.SZ, Updated at 2016-09-30
300411.SZ, Updated at 2016-09-30
300412.SZ, Updated at 2016-09-30
300416.SZ, Updated at 2016-09-30
300422.SZ, Updated at 2016-09-30
300428.SZ, Updated at 2016-09-30
300431.SZ, Updated at 2016-09-30
300439.SZ, Updated at 2016-09-30
300442.SZ, Updated at 2016-09-30
300443.SZ, Updated at 2016-09-30
300451.SZ, Updated at 2016-09-30
300452.SZ, Updated at 2016-09-30
300453.SZ, Updated at 2016-09-30
300458.SZ, Updated at 2016-09-30
300460.SZ, Updated at 2016-09-30
300462.SZ, Updated at 2016-09-30
300464.SZ, Updated at 2016-09-30
300465.SZ, Updated at 2016-09-30
300466.SZ, Updated at 2016-09-30
300471.SZ, Updated at 2016-09-30
300472.SZ, Updated at 2016-09-30
300474.SZ, Updated at 2016-09-30
300476.SZ, Updated at 2016-09-30
300477.SZ, Updated at 2016-09-30
300478.SZ, Updated at 2016-09-30
300479.SZ, Updated at 2016-09-30
300481.SZ, Updated at 2016-09-30
300483.SZ, Updated at 2016-09-30
300485.SZ, Updated at 2016-09-30
300486.SZ, Updated at 2016-09-30
300488.SZ, Updated at 2016-09-30
300492.SZ, Updated at 2016-09-30
300496.SZ, Updated at 2016-09-30
300497.SZ, Updated at 2016-09-30
300501.SZ, Updated at 2016-09-30
300503.SZ, Updated at 2016-09-30
300507.SZ, Updated at 2016-09-30
300510.SZ, Updated at 2016-09-30
300516.SZ, Updated at 2016-09-30
300518.SZ, Updated at 2016-09-30
300527.SZ, Updated at 2016-09-30
300535.SZ, Updated at 2016-09-30
3231.T, Updated at 2016-09-30
3264.T, Updated at 2016-09-30
3275.T, Updated at 2016-09-30
3328.T, Updated at 2016-09-30
3331.HK, Updated at 2016-09-30
3618.HK, Updated at 2016-09-30
3633.T, Updated at 2016-09-30
3635.T, Updated at 2016-09-30
3649.T, Updated at 2016-09-30
3667.T, Updated at 2016-09-30
3695.T, Updated at 2016-09-30
3938.T, Updated at 2016-09-30
3988.HK, Updated at 2016-09-30
3JG.BB, Updated at 2016-09-30
3JP.BB, Updated at 2016-09-30
4204.T, Updated at 2016-09-30
4206.T, Updated at 2016-09-30
4217.T, Updated at 2016-09-30
4286.T, Updated at 2016-09-30
4291.T, Updated at 2016-09-30
4308.T, Updated at 2016-09-30
4463.T, Updated at 2016-09-30
4506.T, Updated at 2016-09-30
4550.T, Updated at 2016-09-30
4552.T, Updated at 2016-09-30
4679.T, Updated at 2016-09-30
4726.T, Updated at 2016-09-30
4751.T, Updated at 2016-09-30
4832.T, Updated at 2016-09-30
4901.T, Updated at 2016-09-30
4917.T, Updated at 2016-09-30
4951.T, Updated at 2016-09-30
4980.T, Updated at 2016-09-30
4KO.BB, Updated at 2016-09-30
5449.T, Updated at 2016-09-30
5481.T, Updated at 2016-09-30
5632.T, Updated at 2016-09-30
5727.T, Updated at 2016-09-30
5992.T, Updated at 2016-09-30
5994.T, Updated at 2016-09-30
5ODE.BB, Updated at 2016-09-30
600023.SS, Updated at 2016-09-30
600035.SS, Updated at 2016-09-30
600064.SS, Updated at 2016-09-30
600075.SS, Updated at 2016-09-30
600090.SS, Updated at 2016-09-30
600149.SS, Updated at 2016-09-30
600167.SS, Updated at 2016-09-30
600184.SS, Updated at 2016-09-30
600197.SS, Updated at 2016-09-30
600210.SS, Updated at 2016-09-30
600215.SS, Updated at 2016-09-30
600219.SS, Updated at 2016-09-30
600220.SS, Updated at 2016-09-30
600235.SS, Updated at 2016-09-30
600238.SS, Updated at 2016-09-30
600249.SS, Updated at 2016-09-30
600272.SS, Updated at 2016-09-30
600273.SS, Updated at 2016-09-30
600284.SS, Updated at 2016-09-30
600285.SS, Updated at 2016-09-30
600305.SS, Updated at 2016-09-30
600337.SS, Updated at 2016-09-30
600353.SS, Updated at 2016-09-30
600378.SS, Updated at 2016-09-30
600380.SS, Updated at 2016-09-30
600386.SS, Updated at 2016-09-30
600433.SS, Updated at 2016-09-30
600446.SS, Updated at 2016-09-30
600462.SS, Updated at 2016-09-30
600467.SS, Updated at 2016-09-30
600475.SS, Updated at 2016-09-30
600480.SS, Updated at 2016-09-30
600486.SS, Updated at 2016-09-30
600488.SS, Updated at 2016-09-30
600489.SS, Updated at 2016-09-30
600512.SS, Updated at 2016-09-30
600523.SS, Updated at 2016-09-30
600536.SS, Updated at 2016-09-30
600548.SS, Updated at 2016-09-30
600560.SS, Updated at 2016-09-30
600570.SS, Updated at 2016-09-30
600573.SS, Updated at 2016-09-30
600575.SS, Updated at 2016-09-30
600598.SS, Updated at 2016-09-30
600623.SS, Updated at 2016-09-30
600626.SS, Updated at 2016-09-30
600629.SS, Updated at 2016-09-30
600636.SS, Updated at 2016-09-30
600641.SS, Updated at 2016-09-30
600643.SS, Updated at 2016-09-30
600645.SS, Updated at 2016-09-30
600676.SS, Updated at 2016-09-30
600692.SS, Updated at 2016-09-30
600706.SS, Updated at 2016-09-30
600726.SS, Updated at 2016-09-30
600727.SS, Updated at 2016-09-30
600736.SS, Updated at 2016-09-30
600741.SS, Updated at 2016-09-30
600758.SS, Updated at 2016-09-30
600765.SS, Updated at 2016-09-30
600766.SS, Updated at 2016-09-30
600774.SS, Updated at 2016-09-30
600814.SS, Updated at 2016-09-30
600819.SS, Updated at 2016-09-30
600820.SS, Updated at 2016-09-30
600826.SS, Updated at 2016-09-30
600828.SS, Updated at 2016-09-30
600838.SS, Updated at 2016-09-30
600872.SS, Updated at 2016-09-30
600888.SS, Updated at 2016-09-30
600962.SS, Updated at 2016-09-30
601002.SS, Updated at 2016-09-30
601098.SS, Updated at 2016-09-30
601107.SS, Updated at 2016-09-30
601111.SS, Updated at 2016-09-30
601117.SS, Updated at 2016-09-30
601118.SS, Updated at 2016-09-30
601186.SS, Updated at 2016-09-30
601198.SS, Updated at 2016-09-30
601211.SS, Updated at 2016-09-30
601216.SS, Updated at 2016-09-30
601222.SS, Updated at 2016-09-30
601231.SS, Updated at 2016-09-30
601233.SS, Updated at 2016-09-30
601313.SS, Updated at 2016-09-30
601333.SS, Updated at 2016-09-30
601368.SS, Updated at 2016-09-30
601369.SS, Updated at 2016-09-30
601388.SS, Updated at 2016-09-30
601558.SS, Updated at 2016-09-30
601588.SS, Updated at 2016-09-30
601616.SS, Updated at 2016-09-30
601628.SS, Updated at 2016-09-30
601636.SS, Updated at 2016-09-30
601689.SS, Updated at 2016-09-30
601699.SS, Updated at 2016-09-30
601718.SS, Updated at 2016-09-30
601798.SS, Updated at 2016-09-30
601801.SS, Updated at 2016-09-30
601872.SS, Updated at 2016-09-30
601886.SS, Updated at 2016-09-30
601890.SS, Updated at 2016-09-30
601901.SS, Updated at 2016-09-30
601908.SS, Updated at 2016-09-30
601939.SS, Updated at 2016-09-30
601958.SS, Updated at 2016-09-30
601968.SS, Updated at 2016-09-30
601985.SS, Updated at 2016-09-30
601988.SS, Updated at 2016-09-30
601989.SS, Updated at 2016-09-30
601991.SS, Updated at 2016-09-30
601992.SS, Updated at 2016-09-30
601998.SS, Updated at 2016-09-30
6023.T, Updated at 2016-09-30
6026.T, Updated at 2016-09-30
603000.SS, Updated at 2016-09-30
603003.SS, Updated at 2016-09-30
603008.SS, Updated at 2016-09-30
603009.SS, Updated at 2016-09-30
603012.SS, Updated at 2016-09-30
603021.SS, Updated at 2016-09-30
603022.SS, Updated at 2016-09-30
603026.SS, Updated at 2016-09-30
603088.SS, Updated at 2016-09-30
603101.SS, Updated at 2016-09-30
603118.SS, Updated at 2016-09-30
603158.SS, Updated at 2016-09-30
603166.SS, Updated at 2016-09-30
603168.SS, Updated at 2016-09-30
603169.SS, Updated at 2016-09-30
603198.SS, Updated at 2016-09-30
603227.SS, Updated at 2016-09-30
603288.SS, Updated at 2016-09-30
603299.SS, Updated at 2016-09-30
603308.SS, Updated at 2016-09-30
603309.SS, Updated at 2016-09-30
603315.SS, Updated at 2016-09-30
603368.SS, Updated at 2016-09-30
603398.SS, Updated at 2016-09-30
603518.SS, Updated at 2016-09-30
603528.SS, Updated at 2016-09-30
603566.SS, Updated at 2016-09-30
603567.SS, Updated at 2016-09-30
603569.SS, Updated at 2016-09-30
603588.SS, Updated at 2016-09-30
603611.SS, Updated at 2016-09-30
603616.SS, Updated at 2016-09-30
603663.SS, Updated at 2016-09-30
603669.SS, Updated at 2016-09-30
603678.SS, Updated at 2016-09-30
603698.SS, Updated at 2016-09-30
603701.SS, Updated at 2016-09-30
603726.SS, Updated at 2016-09-30
603729.SS, Updated at 2016-09-30
603808.SS, Updated at 2016-09-30
603822.SS, Updated at 2016-09-30
603828.SS, Updated at 2016-09-30
603919.SS, Updated at 2016-09-30
603939.SS, Updated at 2016-09-30
603958.SS, Updated at 2016-09-30
603989.SS, Updated at 2016-09-30
603998.SS, Updated at 2016-09-30
603999.SS, Updated at 2016-09-30
6066.T, Updated at 2016-08-31
6161.T, Updated at 2016-09-20
6180.T, Updated at 2016-09-30
6210.T, Updated at 2016-09-30
6256.T, Updated at 2016-09-30
6262.T, Updated at 2016-09-30
6305.T, Updated at 2016-09-30
6332.T, Updated at 2016-09-30
6345.T, Updated at 2016-09-30
6470.T, Updated at 2016-09-30
6504.T, Updated at 2016-09-30
6581.T, Updated at 2016-09-30
6617.T, Updated at 2016-09-30
6627.T, Updated at 2016-09-30
6756.T, Updated at 2016-09-30
6788.T, Updated at 2016-09-30
6810.T, Updated at 2016-09-30
6820.T, Updated at 2016-09-30
6857.T, Updated at 2016-09-30
6860.T, Updated at 2016-09-30
6967.T, Updated at 2016-09-30
6995.T, Updated at 2016-09-30
6AK.BB, Updated at 2016-09-30
6F2.BB, Updated at 2016-09-30
6S3.BB, Updated at 2016-09-30
7012.T, Updated at 2016-09-30
7205.T, Updated at 2016-09-30
7241.T, Updated at 2016-09-30
7250.T, Updated at 2016-09-30
7268.T, Updated at 2016-09-30
7283.T, Updated at 2016-09-30
7299.T, Updated at 2016-09-30
7570.T, Updated at 2016-09-30
7751.T, Updated at 2016-09-30
7752.T, Updated at 2016-09-30
7862.T, Updated at 2016-09-30
7891.T, Updated at 2016-09-30
7970.T, Updated at 2016-09-30
7976.T, Updated at 2016-09-30
8005.T, Updated at 2016-09-30
8036.T, Updated at 2016-09-30
8076.NG, Updated at 2016-09-30
8081.T, Updated at 2016-09-30
8096.T, Updated at 2016-09-30
8128.HK, Updated at 2016-09-30
8138.HK, Updated at 2016-09-30
8170.HK, Updated at 2016-07-31
8174.T, Updated at 2016-09-30
8203.HK, Updated at 2016-09-30
8585.T, Updated at 2016-09-30
8586.T, Updated at 2016-09-30
8591.T, Updated at 2016-09-30
8609.T, Updated at 2016-09-30
8692.T, Updated at 2016-09-30
8699.T, Updated at 2016-09-30
8708.T, Updated at 2016-09-30
8806.T, Updated at 2016-09-30
8864.T, Updated at 2016-09-30
8871.T, Updated at 2016-09-30
900909.SS, Updated at 2016-09-30
900918.SS, Updated at 2016-09-30
900937.SS, Updated at 2016-09-30
900939.SS, Updated at 2016-09-30
900943.SS, Updated at 2016-09-30
900951.SS, Updated at 2016-09-30
9021.T, Updated at 2016-09-30
9022.T, Updated at 2016-09-30
9029.T, Updated at 2016-09-30
9037.T, Updated at 2016-09-30
9042.T, Updated at 2016-09-30
9065.T, Updated at 2016-09-30
9086.T, Updated at 2016-09-30
9368.T, Updated at 2016-09-30
9377.T, Updated at 2016-09-30
9505.T, Updated at 2016-09-30
9506.T, Updated at 2016-09-30
9507.T, Updated at 2016-09-30
9697.T, Updated at 2016-09-30
9731.T, Updated at 2016-09-30
9742.T, Updated at 2016-09-30
9759.T, Updated at 2016-09-30
9818.T, Updated at 2016-09-30
9889.T, Updated at 2016-09-30
9909.T, Updated at 2016-09-20
9914.T, Updated at 2016-09-20
9919.T, Updated at 2016-09-30
9991.T, Updated at 2016-09-30
AB, Updated at 2016-09-30
ABB, Updated at 2016-09-30
ABB.NS, Updated at 2016-09-30
ABBN.S, Updated at 2016-09-30
ABBNE.S, Updated at 2016-09-30
ABMD.O, Updated at 2016-09-30
ABX.TO, Updated at 2016-09-30
ACFC.O, Updated at 2016-09-30
ACNF.PA, Updated at 2016-09-30
ACOR.O, Updated at 2016-09-30
ACOx.TO, Updated at 2016-09-30
ACOy.TO, Updated at 2016-09-30
ACTG.O, Updated at 2016-09-30
ADDTb.ST, Updated at 2016-09-30
ADIF.NS, Updated at 2016-09-30
ADML.BO, Updated at 2016-09-30
ADN.TO, Updated at 2016-09-24
ADX.CD, Updated at 2016-06-30
AEM.TO, Updated at 2016-09-30
AET, Updated at 2016-09-30
AF, Updated at 2016-09-30
AF_pc, Updated at 2016-09-30
AGEN.O, Updated at 2016-09-30
AHCS.QA, Updated at 2016-09-30
AIT, Updated at 2016-09-30
AJBNK.DU, Updated at 2016-09-30
AJG, Updated at 2016-09-30
AJPH.NS, Updated at 2016-09-30
AKOa, Updated at 2016-09-30
AKOa.SN, Updated at 2016-09-30
AKOb, Updated at 2016-09-30
AKRA.JK, Updated at 2016-09-30
ALDR.O, Updated at 2016-09-30
ALDW.K, Updated at 2016-09-30
ALGT.O, Updated at 2016-09-30
ALIFb.ST, Updated at 2016-09-30
ALIVsdb.ST, Updated at 2016-09-30
ALV, Updated at 2016-09-30
ALXN.O, Updated at 2016-09-30
AMSF.O, Updated at 2016-09-30
AMT, Updated at 2016-09-30
AMTH.KL, Updated at 2016-08-31
AMT_pb, Updated at 2016-09-30
AMZN.O, Updated at 2016-09-30
AMZO34.SA, Updated at 2016-09-30
AND_pb.SN, Updated at 2016-09-30
AQUA.OL, Updated at 2016-09-30
ARA.PS, Updated at 2016-09-30
ARAY.O, Updated at 2016-09-30
ARGX.BR, Updated at 2016-09-30
ARIS.O, Updated at 2016-07-31
ARRS.O, Updated at 2016-09-30
ASGI.NS, Updated at 2016-09-30
ASGR.JK, Updated at 2016-09-30
ASMI.AS, Updated at 2016-09-30
ASPS.O, Updated at 2016-09-30
ATNI.O, Updated at 2016-09-30
ATR, Updated at 2016-09-30
AVANCE.OL, Updated at 2016-09-30
AVHI.O, Updated at 2016-09-30
AVT, Updated at 2016-10-01
AXS, Updated at 2016-09-30
AXTA.K, Updated at 2016-09-30
AXTI.O, Updated at 2016-09-30
AZPN.O, Updated at 2016-09-30
BAFARB.MX, Updated at 2016-09-30
BANR.O, Updated at 2016-09-30
BARC.L, Updated at 2016-09-30
BBPI.LS, Updated at 2016-09-30
BCOR.O, Updated at 2016-09-30
BCS, Updated at 2016-09-30
BDMN.JK, Updated at 2016-09-30
BEN, Updated at 2016-09-30
BESI.AS, Updated at 2016-09-30
BEZ.DE, Updated at 2016-09-30
BGCP.O, Updated at 2016-09-30
BGG, Updated at 2016-10-02
BICP.PA, Updated at 2016-09-30
BIOS.MC, Updated at 2016-09-30
BKIA.MC, Updated at 2016-09-30
BMS, Updated at 2016-09-30
BMY, Updated at 2016-09-30
BMYB34.SA, Updated at 2016-09-30
BOFI.O, Updated at 2016-09-30
BOKF.O, Updated at 2016-09-30
BOOM.O, Updated at 2016-09-30
BOOT.K, Updated at 2016-09-24
BOX_u.TO, Updated at 2016-09-30
BSAN33.SA, Updated at 2016-09-30
BSTS.BO, Updated at 2016-09-30
BSX, Updated at 2016-09-30
BT, Updated at 2016-09-30
BT.L, Updated at 2016-09-30
BVX, Updated at 2016-09-30
BWA, Updated at 2016-09-30
BWFG.O, Updated at 2016-09-30
BWLD.O, Updated at 2016-09-25
BZUN.O, Updated at 2016-06-30
BZW.WA, Updated at 2016-09-30
CAA, Updated at 2016-09-30
CACB.O, Updated at 2016-09-30
CACI.K, Updated at 2016-09-30
CADI.NS, Updated at 2016-09-30
CAJ, Updated at 2016-09-30
CAKE.O, Updated at 2016-09-27
CAPP.PA, Updated at 2016-09-30
CATM.O, Updated at 2016-09-30
CBL, Updated at 2016-09-30
CBLP.PA, Updated at 2016-09-30
CBL_pd, Updated at 2016-09-30
CBL_pe, Updated at 2016-09-30
CBV.V, Updated at 2016-08-31
CCMP.O, Updated at 2016-09-30
CELG.O, Updated at 2016-09-30
CEMP.O, Updated at 2016-09-30
CENX.O, Updated at 2016-09-30
CEVI.ST, Updated at 2016-09-30
CFFI.O, Updated at 2016-09-30
CFFN.O, Updated at 2016-09-30
CFP.TO, Updated at 2016-09-30
CFX, Updated at 2016-09-30
CFX.TO, Updated at 2016-09-30
CHDN.O, Updated at 2016-09-30
CHDRAUIB.MX, Updated at 2016-09-30
CHE, Updated at 2016-09-30
CIEB.MX, Updated at 2016-09-30
CL, Updated at 2016-09-30
CLF, Updated at 2016-09-30
CLGN34.SA, Updated at 2016-09-30
CLOEb.ST, Updated at 2016-09-30
CME.O, Updated at 2016-09-30
CMPR.O, Updated at 2016-09-30
CMRE.K, Updated at 2016-09-30
CMS, Updated at 2016-09-30
CNMD.O, Updated at 2016-09-30
CNOB.O, Updated at 2016-09-30
CNV.O, Updated at 2016-09-30
COCA34.SA, Updated at 2016-09-30
COHU.O, Updated at 2016-09-24
COLG34.SA, Updated at 2016-09-30
COP, Updated at 2016-09-30
COPH34.SA, Updated at 2016-09-30
COR, Updated at 2016-09-30
CORB.AS, Updated at 2016-09-30
COVI.OL, Updated at 2016-09-30
CPAP.WA, Updated at 2016-09-30
CPF, Updated at 2016-09-30
CRH.TO, Updated at 2016-09-30
CRI, Updated at 2016-10-01
CRR, Updated at 2016-09-30
CRS, Updated at 2016-09-30
CRUS.O, Updated at 2016-09-24
CRY, Updated at 2016-09-30
CSGP.O, Updated at 2016-09-30
CSII.O, Updated at 2016-09-30
CTRG.PA, Updated at 2016-09-30
CU.TO, Updated at 2016-09-30
CUBI.K, Updated at 2016-09-30
CUx.TO, Updated at 2016-09-30
CW, Updated at 2016-09-30
CWT, Updated at 2016-09-30
CXP, Updated at 2016-09-30
CY.O, Updated at 2016-10-02
DABU.NS, Updated at 2016-09-30
DDE, Updated at 2016-09-30
DDR, Updated at 2016-09-30
DDR_pj, Updated at 2016-09-30
DDR_pk, Updated at 2016-09-30
DEL, Updated at 2016-09-30
DFT, Updated at 2016-09-30
DGII.O, Updated at 2016-09-30
DISTIT.ST, Updated at 2016-09-30
DLB, Updated at 2016-09-30
DLX, Updated at 2016-09-30
DNB.OL, Updated at 2016-09-30
DOMI.MC, Updated at 2016-09-30
DOW, Updated at 2016-09-30
DOWB34.SA, Updated at 2016-09-30
DOXA.ST, Updated at 2016-09-30
DPS, Updated at 2016-09-30
DRE, Updated at 2016-09-30
DRQ, Updated at 2016-09-30
DTE, Updated at 2016-09-30
EFFNE.ST, Updated at 2016-09-30
EFX, Updated at 2016-09-30
EHTH.O, Updated at 2016-09-30
EIG, Updated at 2016-09-30
ELE.SN, Updated at 2016-09-30
EMAM.NS, Updated at 2016-09-30
EME, Updated at 2016-09-30
EPE, Updated at 2016-09-30
EQM, Updated at 2016-09-30
EQT, Updated at 2016-09-30
EQY, Updated at 2016-09-30
ERIE.O, Updated at 2016-09-30
ESCA.O, Updated at 2016-10-01
ESSA.O, Updated at 2016-09-30
ESV, Updated at 2016-09-30
ETEL.AD, Updated at 2016-09-30
ETH, Updated at 2016-09-30
EVBS.O, Updated at 2016-09-30
EXLS.O, Updated at 2016-09-30
EXR, Updated at 2016-09-30
F, Updated at 2016-09-30
FBHS.K, Updated at 2016-09-30
FBIZ.O, Updated at 2016-09-30
FBNC.O, Updated at 2016-09-30
FCBC.O, Updated at 2016-09-30
FCC.MC, Updated at 2016-09-30
FCF, Updated at 2016-09-30
FCFP.O, Updated at 2016-09-30
FCFS.O, Updated at 2016-09-30
FCN, Updated at 2016-09-30
FDMO34.SA, Updated at 2016-09-30
FFIV.O, Updated at 2016-09-30
FHB.O, Updated at 2016-09-30
FIA1S.HE, Updated at 2016-09-30
FII, Updated at 2016-09-30
FISV.O, Updated at 2016-09-30
FIX, Updated at 2016-09-30
FLEX.O, Updated at 2016-09-30
FLIC.O, Updated at 2016-09-30
FLS, Updated at 2016-09-30
FMEG.DE, Updated at 2016-09-30
FMS, Updated at 2016-09-30
FPAR.ST, Updated at 2016-09-30
FRBK.O, Updated at 2016-09-30
FSBW.O, Updated at 2016-09-30
FSCA.SI, Updated at 2016-09-30
FSV.TO, Updated at 2016-09-30
FTNT.O, Updated at 2016-09-30
FTV, Updated at 2016-09-30
G.TO, Updated at 2016-09-30
GADA.KL, Updated at 2016-08-31
GAS.SN, Updated at 2016-09-30
GBNK.O, Updated at 2016-09-30
GELA.SI, Updated at 2016-09-30
GEMA.JK, Updated at 2016-09-30
GFII.PA, Updated at 2016-09-30
GFINTERO.MX, Updated at 2016-09-30
GIFI.O, Updated at 2016-09-30
GJ.CO, Updated at 2016-08-31
GKPP.WA, Updated at 2016-09-30
GLBZ.O, Updated at 2016-09-30
GMTD.JK, Updated at 2016-09-30
GNC, Updated at 2016-09-30
GOEG.PA, Updated at 2016-09-30
GOV.O, Updated at 2016-09-30
GPROFUT.MX, Updated at 2016-09-30
GRA, Updated at 2016-09-30
GRANG.ST, Updated at 2016-09-30
GRPN.O, Updated at 2016-09-30
GRUB.K, Updated at 2016-09-30
GTLS.O, Updated at 2016-09-30
GVNV.AS, Updated at 2016-09-30
HBIO.O, Updated at 2016-09-30
HBP.O, Updated at 2016-09-30
HBWO.PA, Updated at 2016-09-30
HCA, Updated at 2016-09-30
HDFC.NS, Updated at 2016-09-30
HEES.O, Updated at 2016-09-30
HIG, Updated at 2016-09-30
HOMEX.MX, Updated at 2016-09-30
HPOLb.ST, Updated at 2016-09-30
HSE.TO, Updated at 2016-09-30
HTBI.O, Updated at 2016-09-30
HTH, Updated at 2016-09-30
HUBG.O, Updated at 2016-09-30
IART.O, Updated at 2016-09-30
IBA, Updated at 2016-09-30
IBCP.O, Updated at 2016-09-30
IBKC.O, Updated at 2016-09-30
IBKCO.O, Updated at 2016-09-30
IBKCP.O, Updated at 2016-09-30
IDA, Updated at 2016-09-30
IDCC.O, Updated at 2016-09-30
IDE.WA, Updated at 2016-09-30
IIFL.NS, Updated at 2016-09-30
IIVI.O, Updated at 2016-09-30
IM, Updated at 2016-10-01
INDi.LM, Updated at 2016-09-30
INGC.PA, Updated at 2016-09-30
INVA.O, Updated at 2016-09-30
IOTS.O, Updated at 2016-09-30
IPAR.PA, Updated at 2016-09-30
IPCC.SI, Updated at 2016-09-30
IPGP.O, Updated at 2016-09-30
IRDM.O, Updated at 2016-09-30
ISFIN.IS, Updated at 2016-09-30
ISGSY.IS, Updated at 2016-09-30
ISIG.O, Updated at 2016-09-30
ISOS.PA, Updated at 2016-09-30
IVZ, Updated at 2016-09-30
IX, Updated at 2016-09-30
JBT, Updated at 2016-09-30
JSWE.NS, Updated at 2016-09-30
JYSK.CO, Updated at 2016-09-30
KABEb.ST, Updated at 2016-09-30
KAMN.K, Updated at 2016-09-30
KARO.ST, Updated at 2016-09-30
KBCG.DE, Updated at 2016-09-30
KINVa.ST, Updated at 2016-09-30
KINVb.ST, Updated at 2016-09-30
KLBN11.SA, Updated at 2016-09-30
KLBN11S.SA, Updated at 2016-09-30
KLBN11T.SA, Updated at 2016-09-30
KLBN3.SA, Updated at 2016-09-30
KLBN4.SA, Updated at 2016-09-30
KMAR.SI, Updated at 2016-09-30
KMT, Updated at 2016-09-30
KNEBV.HE, Updated at 2016-09-30
KNX, Updated at 2016-09-30
KO, Updated at 2016-09-30
KONA.O, Updated at 2016-09-30
KOPN.O, Updated at 2016-09-24
KORI.PA, Updated at 2016-09-30
KOSS.O, Updated at 2016-09-30
KPIT.NS, Updated at 2016-09-30
KRA, Updated at 2016-09-30
KRC, Updated at 2016-09-30
KTKM.NS, Updated at 2016-09-30
LABB.MX, Updated at 2016-09-30
LANC.O, Updated at 2016-09-30
LARK.O, Updated at 2016-09-30
LBAI.O, Updated at 2016-09-30
LBCP.PA, Updated at 2016-09-30
LCMRUB.MX, Updated at 2016-09-30
LCMRUBC.MX, Updated at 2016-09-30
LH, Updated at 2016-09-30
LIAB.ST, Updated at 2016-09-30
LIDDS.ST, Updated at 2016-09-30
LITE.O, Updated at 2016-10-01
LLL, Updated at 2016-09-23
LLNW.O, Updated at 2016-09-30
LMAT.O, Updated at 2016-09-30
LNKD.K, Updated at 2016-09-30
LOB.O, Updated at 2016-09-30
LOGN.S, Updated at 2016-09-30
LPL, Updated at 2016-09-30
LTRX.O, Updated at 2016-09-30
LTSP.WA, Updated at 2016-09-30
LYTS.O, Updated at 2016-09-30
MAHB.KL, Updated at 2016-09-30
MANP.PA, Updated at 2016-09-30
MARI.JK, Updated at 2016-09-30
MB.O, Updated at 2016-09-30
MBVT.O, Updated at 2016-09-30
MCBC.O, Updated at 2016-09-30
MCH.MI, Updated at 2016-09-30
MCK, Updated at 2016-09-30
MCS, Updated at 2016-09-29
MD, Updated at 2016-09-30
MDCO.O, Updated at 2016-09-30
MDP, Updated at 2016-09-30
MDXG.O, Updated at 2016-09-30
MEDICAB.MX, Updated at 2016-09-30
MEG.TO, Updated at 2016-09-30
MEMS.PA, Updated at 2016-09-30
MERC.O, Updated at 2016-09-30
MEXCHEM.MX, Updated at 2016-09-30
MGI.V, Updated at 2016-08-31
MHH, Updated at 2016-09-30
MIDI.JK, Updated at 2016-09-30
MJCO.K, Updated at 2016-09-30
MJN, Updated at 2016-09-30
MKSI.O, Updated at 2016-09-30
MKTX.O, Updated at 2016-09-30
MLNX.O, Updated at 2016-09-30
MLVF.O, Updated at 2016-09-30
MMSI.O, Updated at 2016-09-30
MN, Updated at 2016-09-30
MNGL.NS, Updated at 2016-09-30
MNJL.NS, Updated at 2016-09-30
MO, Updated at 2016-09-30
MOH, Updated at 2016-09-30
MONEXA.MX, Updated at 2016-09-30
MONEXB.MX, Updated at 2016-09-30
MPC, Updated at 2016-09-30
MPHC.QA, Updated at 2016-09-30
MRLN.O, Updated at 2016-09-30
MSA, Updated at 2016-09-30
MSCI.K, Updated at 2016-09-30
MSFG.O, Updated at 2016-09-30
MSL, Updated at 2016-09-30
MSTR.O, Updated at 2016-09-30
MTH, Updated at 2016-09-30
MTRN.K, Updated at 2016-09-30
MUNK1.HE, Updated at 2016-09-30
N1.IC, Updated at 2016-09-30
NATI.O, Updated at 2016-09-30
NBN.O, Updated at 2016-09-30
NCIT.O, Updated at 2016-09-30
NDAQ.O, Updated at 2016-09-30
NET.WA, Updated at 2016-09-30
NEWM.K, Updated at 2016-09-25
NEXI.PA, Updated at 2016-09-30
NFBK.O, Updated at 2016-09-30
NGT.OL, Updated at 2016-09-30
NKSH.O, Updated at 2016-09-30
NOV, Updated at 2016-09-30
NOW, Updated at 2016-09-30
NP3.ST, Updated at 2016-09-30
NSIT.O, Updated at 2016-09-30
NSR, Updated at 2016-09-30
NTCT.O, Updated at 2016-09-30
NTGR.O, Updated at 2016-10-02
NVGR.LS, Updated at 2016-09-30
NVTK.MM, Updated at 2016-09-30
NVTKq.L, Updated at 2016-09-30
NXGEN.PS, Updated at 2016-06-30
NYCB.K, Updated at 2016-09-30
OCBC.SI, Updated at 2016-09-30
OCFC.O, Updated at 2016-09-30
OCN, Updated at 2016-09-30
ODFL.O, Updated at 2016-09-30
OFC, Updated at 2016-09-30
OMCL.O, Updated at 2016-09-30
OMSH.MM, Updated at 2016-09-30
ONGE.ST, Updated at 2016-09-30
ORIT.O, Updated at 2016-09-30
ORLY.O, Updated at 2016-09-30
ORRF.O, Updated at 2016-09-30
OSIS.O, Updated at 2016-09-30
OSLO.NFF, Updated at 2016-09-30
PAG, Updated at 2016-09-30
PAOS.KL, Updated at 2016-08-31
PAPPEL.MX, Updated at 2016-09-30
PATK.O, Updated at 2016-09-25
PB, Updated at 2016-09-30
PBIB.O, Updated at 2016-09-30
PCBK.O, Updated at 2016-09-30
PCMI.O, Updated at 2016-09-30
PDFS.O, Updated at 2016-09-30
PEB, Updated at 2016-09-30
PEBO.O, Updated at 2016-09-30
PEGE.JK, Updated at 2016-09-30
PENN.O, Updated at 2016-09-30
PENS.KL, Updated at 2016-08-31
PF, Updated at 2016-09-25
PGFM.KL, Updated at 2016-08-31
PGS.OL, Updated at 2016-09-30
PIRA.NS, Updated at 2016-09-30
PJC, Updated at 2016-09-30
PKX, Updated at 2016-09-30
PLAZb.ST, Updated at 2016-09-30
PLBE.KL, Updated at 2016-08-31
PLCS.OL, Updated at 2016-09-30
PLNT.K, Updated at 2016-09-30
PLXS.O, Updated at 2016-10-01
PMBC.O, Updated at 2016-09-30
PMD.O, Updated at 2016-09-30
POLME.OL, Updated at 2016-09-30
POOLb.ST, Updated at 2016-09-30
POSADASA.MX, Updated at 2016-09-30
POT.TO, Updated at 2016-09-30
POWI.O, Updated at 2016-09-30
PPC.O, Updated at 2016-09-25
PREVb.ST, Updated at 2016-09-30
PRLB.K, Updated at 2016-09-30
PRXL.O, Updated at 2016-09-30
PSA, Updated at 2016-09-30
PSA_pa, Updated at 2016-09-30
PSA_pb, Updated at 2016-09-30
PSA_pc, Updated at 2016-09-30
PSA_pd, Updated at 2016-09-30
PSA_ps, Updated at 2016-09-30
PSA_pt, Updated at 2016-09-30
PSA_pu, Updated at 2016-09-30
PSA_pv, Updated at 2016-09-30
PSA_pw, Updated at 2016-09-30
PSA_px, Updated at 2016-09-30
PSA_py, Updated at 2016-09-30
PSA_pz, Updated at 2016-09-30
PSMT.O, Updated at 2016-08-31
PSTB.O, Updated at 2016-09-30
PTC.O, Updated at 2016-09-30
PTEN.O, Updated at 2016-09-30
PTSI.O, Updated at 2016-09-30
PUB.O, Updated at 2016-09-30
PWLR.SI, Updated at 2016-09-30
PX, Updated at 2016-09-30
PXLW.O, Updated at 2016-09-30
PYCE.MC, Updated at 2016-09-30
QCA.CD, Updated at 2016-09-30
QSII.O, Updated at 2016-09-30
QTM, Updated at 2016-09-30
RAKB.AD, Updated at 2016-09-30
RCII.O, Updated at 2016-09-30
RCTROA.MX, Updated at 2016-09-30
RDLP.WA, Updated at 2016-09-30
RDN, Updated at 2016-09-30
REJLb.ST, Updated at 2016-09-30
RGA, Updated at 2016-09-30
RGS, Updated at 2016-09-30
RHI, Updated at 2016-09-30
RM, Updated at 2016-09-30
ROL, Updated at 2016-09-30
RTN, Updated at 2016-10-02
RUTAV.HE, Updated at 2016-09-30
SABL.PA, Updated at 2016-09-30
SAN.MC, Updated at 2016-09-30
SANMEXB.MX, Updated at 2016-09-30
SARE.MM, Updated at 2016-09-30
SAREB.MX, Updated at 2016-09-30
SAUD.KL, Updated at 2016-08-31
SBCF.O, Updated at 2016-09-30
SBCP.O, Updated at 2016-09-30
SBKB.NS, Updated at 2016-09-30
SBKM.NS, Updated at 2016-09-30
SBSG.DE, Updated at 2016-09-30
SC, Updated at 2016-06-30
SCAa.ST, Updated at 2016-09-30
SCAb.ST, Updated at 2016-09-30
SCHN.PA, Updated at 2016-09-30
SCI, Updated at 2016-09-30
SCNB.K, Updated at 2016-09-30
SEE, Updated at 2016-09-30
SFE, Updated at 2016-09-30
SGB, Updated at 2016-09-30
SGBK.O, Updated at 2016-09-30
SGEN.O, Updated at 2016-09-30
SGMO.O, Updated at 2016-09-30
SGNL.O, Updated at 2016-09-30
SIFI.O, Updated at 2016-09-30
SIFY.O, Updated at 2016-09-30
SIGI.O, Updated at 2016-09-30
SIMINN.IC, Updated at 2016-09-30
SIOFF.OL, Updated at 2016-09-30
SIRI.O, Updated at 2016-09-30
SJOVA.IC, Updated at 2016-09-30
SJW, Updated at 2016-09-30
SKAKO.CO, Updated at 2016-09-30
SKM, Updated at 2016-09-30
SKT, Updated at 2016-09-30
SLGN.O, Updated at 2016-09-30
SLPL.L, Updated at 2016-09-30
SMBK.O, Updated at 2016-09-30
SMCI.O, Updated at 2016-09-30
SMED.O, Updated at 2016-09-30
SMSI.O, Updated at 2016-09-30
SNMX.O, Updated at 2016-09-30
SNS.WA, Updated at 2016-09-30
SOBIV.ST, Updated at 2016-09-30
SON.SN, Updated at 2016-09-30
SONS.O, Updated at 2016-09-30
SPCB.O, Updated at 2016-06-30
SPMO.OL, Updated at 2016-09-30
SPNC.O, Updated at 2016-09-30
SPOK.O, Updated at 2016-09-30
SPPS.SI, Updated at 2016-09-30
SPU.OL, Updated at 2016-09-30
SRBANK.OL, Updated at 2016-09-30
SRI, Updated at 2016-09-30
SRPT.O, Updated at 2016-09-30
SSNC.O, Updated at 2016-09-30
STB.OL, Updated at 2016-09-30
STL.OL, Updated at 2016-09-30
STM, Updated at 2016-10-01
STO, Updated at 2016-09-30
STRT.O, Updated at 2016-10-02
STT, Updated at 2016-09-30
STT_pc, Updated at 2016-09-30
STT_pd, Updated at 2016-09-30
STT_pe, Updated at 2016-09-30
STT_pg, Updated at 2016-09-30
SU.TO, Updated at 2016-09-30
SUIN.NS, Updated at 2016-09-30
SUNW.KL, Updated at 2016-09-30
SUY1V.HE, Updated at 2016-09-30
SWAR.NS, Updated at 2016-09-30
SWOR.PA, Updated at 2016-09-30
SYBT.O, Updated at 2016-09-30
SYNA.O, Updated at 2016-09-30
TBK.O, Updated at 2016-09-30
TBNK.O, Updated at 2016-09-30
TCKa.TO, Updated at 2016-09-30
TCKb.TO, Updated at 2016-09-30
TDC, Updated at 2016-09-30
TDOC.K, Updated at 2016-09-30
TEAM.O, Updated at 2016-09-30
TECF.PA, Updated at 2016-09-30
TENA.KL, Updated at 2016-08-31
TER, Updated at 2016-10-02
TESS.O, Updated at 2016-09-25
TEXA34.SA, Updated at 2016-09-30
TFX, Updated at 2016-09-25
THOM.NS, Updated at 2016-09-30
THRM.O, Updated at 2016-09-30
TIS, Updated at 2016-09-30
TKR, Updated at 2016-09-30
TKTT.PA, Updated at 2016-09-30
TL5.MC, Updated at 2016-09-30
TMAS.JK, Updated at 2016-09-30
TMGN.IC, Updated at 2016-09-30
TMO, Updated at 2016-10-01
TMOS34.SA, Updated at 2016-10-01
TMST.K, Updated at 2016-09-30
TNG.V, Updated at 2016-08-31
TOBA.JK, Updated at 2016-09-30
TOBII.ST, Updated at 2016-09-30
TORP.NS, Updated at 2016-09-30
TOWN.O, Updated at 2016-09-30
TPH, Updated at 2016-09-30
TPIA.JK, Updated at 2016-09-30
TRN, Updated at 2016-09-30
TRNG.PA, Updated at 2016-09-30
TROW.O, Updated at 2016-09-30
TRS.O, Updated at 2016-09-30
TSLA.O, Updated at 2016-09-30
TTMI.O, Updated at 2016-09-26
TTSP.NS, Updated at 2016-09-30
TUES.O, Updated at 2016-09-30
TWY.V, Updated at 2016-09-30
TXN.O, Updated at 2016-09-30
TZOO.O, Updated at 2016-09-30
UAN, Updated at 2016-09-30
UBSI.O, Updated at 2016-09-30
UCTT.O, Updated at 2016-09-23
UFS.TO, Updated at 2016-09-30
UHS, Updated at 2016-09-30
UHT, Updated at 2016-09-30
ULBI.O, Updated at 2016-09-25
UNBP.AS, Updated at 2016-09-30
UNM, Updated at 2016-09-30
UOIS.SI, Updated at 2016-09-30
USAP.O, Updated at 2016-09-30
USLM.O, Updated at 2016-09-30
UTEC34.SA, Updated at 2016-09-30
UTHR.O, Updated at 2016-09-30
UTX, Updated at 2016-09-30
UVSP.O, Updated at 2016-09-30
VALMT.HE, Updated at 2016-09-30
VALUEGFO.MX, Updated at 2016-09-30
VAR, Updated at 2016-09-30
VC, Updated at 2016-09-30
VDSI.O, Updated at 2016-09-30
VESTA.MX, Updated at 2016-09-30
VG, Updated at 2016-09-30
VLP, Updated at 2016-09-30
VLY, Updated at 2016-09-30
VOLARA.MX, Updated at 2016-09-30
VOWG.DE, Updated at 2016-09-30
VRSN.O, Updated at 2016-09-30
VVAR11.SA, Updated at 2016-09-30
VVAR11S.SA, Updated at 2016-09-30
VVAR11T.SA, Updated at 2016-09-30
VVAR3.SA, Updated at 2016-09-30
VVAR4.SA, Updated at 2016-09-30
WAFGn.DE, Updated at 2016-09-30
WAL, Updated at 2016-09-30
WCC, Updated at 2016-09-30
WCHG.DE, Updated at 2016-09-30
WDC.O, Updated at 2016-09-30
WDIG.DE, Updated at 2016-09-30
WDR, Updated at 2016-09-30
WEX, Updated at 2016-09-30
WIPR.NS, Updated at 2016-09-30
WIRE.O, Updated at 2016-09-30
WIT, Updated at 2016-09-30
WLL, Updated at 2016-09-30
WOOF.O, Updated at 2016-09-30
WSCI.O, Updated at 2016-08-28
WTBA.O, Updated at 2016-09-30
WWE, Updated at 2016-09-30
WYN, Updated at 2016-09-30
XEL, Updated at 2016-09-30
XRM, Updated at 2016-09-30
XVIVO.ST, Updated at 2016-09-30
XXLA.OL, Updated at 2016-09-30
YPAS.JK, Updated at 2016-09-30
YRCW.O, Updated at 2016-09-30
YRI.TO, Updated at 2016-09-30
