000004.SZ, Updated at 2016-09-30
000005.SZ, Updated at 2016-09-30
000006.SZ, Updated at 2016-09-30
000007.SZ, Updated at 2016-09-30
000011.SZ, Updated at 2016-09-30
000014.SZ, Updated at 2016-09-30
000016.SZ, Updated at 2016-09-30
000017.SZ, Updated at 2016-09-30
000021.SZ, Updated at 2016-09-30
000030.SZ, Updated at 2016-09-30
000035.SZ, Updated at 2016-09-30
000036.SZ, Updated at 2016-09-30
000038.SZ, Updated at 2016-09-30
000048.SZ, Updated at 2016-09-30
000058.SZ, Updated at 2016-09-30
000063.SZ, Updated at 2016-09-30
000066.SZ, Updated at 2016-09-30
000068.SZ, Updated at 2016-09-30
000069.SZ, Updated at 2016-09-30
000078.SZ, Updated at 2016-09-30
000089.SZ, Updated at 2016-09-30
000150.SZ, Updated at 2016-09-30
000155.SZ, Updated at 2016-09-30
000157.SZ, Updated at 2016-09-30
000301.SZ, Updated at 2016-09-30
000333.SZ, Updated at 2016-09-30
000408.SZ, Updated at 2016-09-30
000409.SZ, Updated at 2016-09-30
000410.SZ, Updated at 2016-09-30
000411.SZ, Updated at 2016-09-30
000413.SZ, Updated at 2016-09-30
000415.SZ, Updated at 2016-09-30
000416.SZ, Updated at 2016-09-30
000422.SZ, Updated at 2016-09-30
000423.SZ, Updated at 2016-09-30
000425.SZ, Updated at 2016-09-30
000426.SZ, Updated at 2016-09-30
000428.SZ, Updated at 2016-09-30
000501.SZ, Updated at 2016-09-30
000503.SZ, Updated at 2016-09-30
000504.SZ, Updated at 2016-09-30
000505.SZ, Updated at 2016-09-30
000507.SZ, Updated at 2016-09-30
000509.SZ, Updated at 2016-09-30
000511.SZ, Updated at 2016-09-30
000517.SZ, Updated at 2016-09-30
000519.SZ, Updated at 2016-09-30
000520.SZ, Updated at 2016-09-30
000524.SZ, Updated at 2016-09-30
000528.SZ, Updated at 2016-09-30
000533.SZ, Updated at 2016-09-30
000534.SZ, Updated at 2016-09-30
000536.SZ, Updated at 2016-09-30
000539.SZ, Updated at 2016-09-30
000540.SZ, Updated at 2016-09-30
000548.SZ, Updated at 2016-09-30
000552.SZ, Updated at 2016-09-30
000564.SZ, Updated at 2016-09-30
000567.SZ, Updated at 2016-09-30
000572.SZ, Updated at 2016-09-30
000573.SZ, Updated at 2016-09-30
000586.SZ, Updated at 2016-09-30
000592.SZ, Updated at 2016-09-30
000593.SZ, Updated at 2016-09-30
000595.SZ, Updated at 2016-09-30
000596.SZ, Updated at 2016-09-30
000599.SZ, Updated at 2016-09-30
000601.SZ, Updated at 2016-09-30
000617.SZ, Updated at 2016-09-30
000620.SZ, Updated at 2016-09-30
000626.SZ, Updated at 2016-09-30
000629.SZ, Updated at 2016-09-30
000633.SZ, Updated at 2016-09-30
000638.SZ, Updated at 2016-09-30
000651.SZ, Updated at 2016-09-30
000652.SZ, Updated at 2016-09-30
000656.SZ, Updated at 2016-09-30
000662.SZ, Updated at 2016-09-30
000663.SZ, Updated at 2016-09-30
000671.SZ, Updated at 2016-09-30
000676.SZ, Updated at 2016-09-30
000679.SZ, Updated at 2016-09-30
000680.SZ, Updated at 2016-09-30
000707.SZ, Updated at 2016-09-30
000712.SZ, Updated at 2016-09-30
000713.SZ, Updated at 2016-09-30
000722.SZ, Updated at 2016-09-30
000732.SZ, Updated at 2016-09-30
000736.SZ, Updated at 2016-09-30
000748.SZ, Updated at 2016-09-30
000755.SZ, Updated at 2016-09-30
000760.SZ, Updated at 2016-09-30
000778.SZ, Updated at 2016-09-30
000779.SZ, Updated at 2016-09-30
000783.SZ, Updated at 2016-09-30
000789.SZ, Updated at 2016-09-30
000791.SZ, Updated at 2016-09-30
000796.SZ, Updated at 2016-09-30
000797.SZ, Updated at 2016-09-30
000799.SZ, Updated at 2016-09-30
000800.SZ, Updated at 2016-09-30
000801.SZ, Updated at 2016-09-30
000807.SZ, Updated at 2016-09-30
000813.SZ, Updated at 2016-09-30
000815.SZ, Updated at 2016-09-30
000816.SZ, Updated at 2016-09-30
000818.SZ, Updated at 2016-09-30
000819.SZ, Updated at 2016-09-30
000820.SZ, Updated at 2016-09-30
000821.SZ, Updated at 2016-09-30
000823.SZ, Updated at 2016-09-30
000826.SZ, Updated at 2016-09-30
000829.SZ, Updated at 2016-09-30
000833.SZ, Updated at 2016-09-30
000835.SZ, Updated at 2016-09-30
000837.SZ, Updated at 2016-09-30
000850.SZ, Updated at 2016-09-30
000860.SZ, Updated at 2016-09-30
000887.SZ, Updated at 2016-09-30
000889.SZ, Updated at 2016-09-30
000893.SZ, Updated at 2016-09-30
000900.SZ, Updated at 2016-09-30
000901.SZ, Updated at 2016-09-30
000902.SZ, Updated at 2016-09-30
000903.SZ, Updated at 2016-09-30
000905.SZ, Updated at 2016-09-30
000913.SZ, Updated at 2016-09-30
000916.SZ, Updated at 2016-09-30
000917.SZ, Updated at 2016-09-30
000919.SZ, Updated at 2016-09-30
000923.SZ, Updated at 2016-09-30
000927.SZ, Updated at 2016-09-30
000928.SZ, Updated at 2016-09-30
000931.SZ, Updated at 2016-09-30
000932.SZ, Updated at 2016-09-30
000937.SZ, Updated at 2016-09-30
000939.SZ, Updated at 2016-09-30
000951.SZ, Updated at 2016-09-30
000953.SZ, Updated at 2016-09-30
000955.SZ, Updated at 2016-09-30
000957.SZ, Updated at 2016-09-30
000959.SZ, Updated at 2016-09-30
000962.SZ, Updated at 2016-09-30
000965.SZ, Updated at 2016-09-30
000966.SZ, Updated at 2016-09-30
000971.SZ, Updated at 2016-09-30
000972.SZ, Updated at 2016-09-30
000973.SZ, Updated at 2016-09-30
000978.SZ, Updated at 2016-09-30
000979.SZ, Updated at 2016-09-30
000981.SZ, Updated at 2016-09-30
000982.SZ, Updated at 2016-09-30
000983.SZ, Updated at 2016-09-30
000985.SZ, Updated at 2016-09-30
000993.SZ, Updated at 2016-09-30
000996.SZ, Updated at 2016-09-30
000997.SZ, Updated at 2016-09-30
000999.SZ, Updated at 2016-09-30
001696.SZ, Updated at 2016-09-30
001979.SZ, Updated at 2016-09-30
002014.SZ, Updated at 2016-09-30
002024.SZ, Updated at 2016-09-30
002027.SZ, Updated at 2016-09-30
002030.SZ, Updated at 2016-09-30
002055.SZ, Updated at 2016-09-30
002058.SZ, Updated at 2016-09-30
002067.SZ, Updated at 2016-09-30
002069.SZ, Updated at 2016-09-30
002090.SZ, Updated at 2016-09-30
002096.SZ, Updated at 2016-09-30
002097.SZ, Updated at 2016-09-30
002101.SZ, Updated at 2016-09-30
002102.SZ, Updated at 2016-09-30
002103.SZ, Updated at 2016-09-30
002120.SZ, Updated at 2016-09-30
002121.SZ, Updated at 2016-09-30
002127.SZ, Updated at 2016-09-30
002130.SZ, Updated at 2016-09-30
002131.SZ, Updated at 2016-09-30
002154.SZ, Updated at 2016-09-30
002156.SZ, Updated at 2016-09-30
002161.SZ, Updated at 2016-09-30
002163.SZ, Updated at 2016-09-30
002170.SZ, Updated at 2016-09-30
002175.SZ, Updated at 2016-09-30
002179.SZ, Updated at 2016-09-30
002180.SZ, Updated at 2016-09-30
002183.SZ, Updated at 2016-09-30
002185.SZ, Updated at 2016-09-30
002188.SZ, Updated at 2016-09-30
002195.SZ, Updated at 2016-09-30
002202.SZ, Updated at 2016-09-30
002203.SZ, Updated at 2016-09-30
002204.SZ, Updated at 2016-09-30
002208.SZ, Updated at 2016-09-30
002212.SZ, Updated at 2016-09-30
002213.SZ, Updated at 2016-09-30
002215.SZ, Updated at 2016-09-30
002219.SZ, Updated at 2016-09-30
002220.SZ, Updated at 2016-09-30
002224.SZ, Updated at 2016-09-30
002227.SZ, Updated at 2016-09-30
002228.SZ, Updated at 2016-09-30
002242.SZ, Updated at 2016-09-30
002244.SZ, Updated at 2016-09-30
002247.SZ, Updated at 2016-09-30
002251.SZ, Updated at 2016-09-30
002256.SZ, Updated at 2016-09-30
002266.SZ, Updated at 2016-09-30
002273.SZ, Updated at 2016-09-30
002274.SZ, Updated at 2016-09-30
002280.SZ, Updated at 2016-09-30
002284.SZ, Updated at 2016-09-30
002289.SZ, Updated at 2016-09-30
002290.SZ, Updated at 2016-09-30
002291.SZ, Updated at 2016-09-30
002292.SZ, Updated at 2016-09-30
002296.SZ, Updated at 2016-09-30
002297.SZ, Updated at 2016-09-30
002303.SZ, Updated at 2016-09-30
002308.SZ, Updated at 2016-09-30
002313.SZ, Updated at 2016-09-30
002314.SZ, Updated at 2016-09-30
002318.SZ, Updated at 2016-09-30
002319.SZ, Updated at 2016-09-30
002324.SZ, Updated at 2016-09-30
002325.SZ, Updated at 2016-09-30
002333.SZ, Updated at 2016-09-30
002334.SZ, Updated at 2016-09-30
002335.SZ, Updated at 2016-09-30
002339.SZ, Updated at 2016-09-30
002340.SZ, Updated at 2016-09-30
002354.SZ, Updated at 2016-09-30
002370.SZ, Updated at 2016-09-30
002375.SZ, Updated at 2016-09-30
002378.SZ, Updated at 2016-09-30
002382.SZ, Updated at 2016-09-30
002385.SZ, Updated at 2016-09-30
002391.SZ, Updated at 2016-09-30
002399.SZ, Updated at 2016-09-30
002412.SZ, Updated at 2016-09-30
002413.SZ, Updated at 2016-09-30
002417.SZ, Updated at 2016-09-30
002418.SZ, Updated at 2016-09-30
002419.SZ, Updated at 2016-09-30
002432.SZ, Updated at 2016-09-30
002447.SZ, Updated at 2016-09-30
002451.SZ, Updated at 2016-09-30
002452.SZ, Updated at 2016-09-30
002456.SZ, Updated at 2016-09-30
002473.SZ, Updated at 2016-09-30
002489.SZ, Updated at 2016-09-30
002503.SZ, Updated at 2016-09-30
002504.SZ, Updated at 2016-09-30
002505.SZ, Updated at 2016-09-30
002523.SZ, Updated at 2016-09-30
002531.SZ, Updated at 2016-09-30
002540.SZ, Updated at 2016-09-30
002555.SZ, Updated at 2016-09-30
002564.SZ, Updated at 2016-09-30
002570.SZ, Updated at 2016-09-30
002577.SZ, Updated at 2016-09-30
002585.SZ, Updated at 2016-09-30
002586.SZ, Updated at 2016-09-30
002593.SZ, Updated at 2016-09-30
002594.SZ, Updated at 2016-09-30
002605.SZ, Updated at 2016-09-30
002606.SZ, Updated at 2016-09-30
002647.SZ, Updated at 2016-09-30
002650.SZ, Updated at 2016-09-30
002663.SZ, Updated at 2016-09-30
002668.SZ, Updated at 2016-09-30
002672.SZ, Updated at 2016-09-30
002694.SZ, Updated at 2016-09-30
002736.SZ, Updated at 2016-09-30
002742.SZ, Updated at 2016-09-30
002745.SZ, Updated at 2016-09-30
002749.SZ, Updated at 2016-09-30
002768.SZ, Updated at 2016-09-30
002789.SZ, Updated at 2016-09-30
002797.SZ, Updated at 2016-09-30
0038.HK, Updated at 2016-09-30
003850.KS, Updated at 2016-09-30
004020.KS, Updated at 2016-09-30
006280.KS, Updated at 2016-09-30
006400.KS, Updated at 2016-09-30
006650.KS, Updated at 2016-09-30
007070.KS, Updated at 2016-09-30
008770.KS, Updated at 2016-09-30
008930.KS, Updated at 2016-09-30
011170.KS, Updated at 2016-09-30
011210.KS, Updated at 2016-09-30
011780.KS, Updated at 2016-09-30
012330.KS, Updated at 2016-09-30
0124.HK, Updated at 2016-09-30
012510.KS, Updated at 2016-09-30
014790.KS, Updated at 2016-09-30
014830.KS, Updated at 2016-09-30
016580.KS, Updated at 2016-09-30
0168.HK, Updated at 2016-09-30
0177.HK, Updated at 2016-09-30
018260.KS, Updated at 2016-09-30
0187.HK, Updated at 2016-09-30
022220.KQ, Updated at 2016-09-30
029780.KS, Updated at 2016-09-30
0300.HK, Updated at 2016-09-30
030200.KS, Updated at 2016-09-30
0317.HK, Updated at 2016-09-30
0323.HK, Updated at 2016-09-30
032850.KQ, Updated at 2016-09-30
035420.KS, Updated at 2016-09-30
037950.KQ, Updated at 2016-09-30
0386.HK, Updated at 2016-09-30
039570.KS, Updated at 2016-09-30
046890.KQ, Updated at 2016-09-30
052400.KQ, Updated at 2016-09-30
052690.KS, Updated at 2016-09-30
0548.HK, Updated at 2016-09-30
058820.KQ, Updated at 2016-09-30
059100.KQ, Updated at 2016-09-30
061970.KQ, Updated at 2016-09-30
064350.KS, Updated at 2016-09-30
065510.KQ, Updated at 2016-09-30
068790.KQ, Updated at 2016-09-30
078140.KQ, Updated at 2016-09-30
079980.KS, Updated at 2016-09-30
083610.KS, Updated at 2016-06-30
0895.HK, Updated at 2016-09-30
094860.KQ, Updated at 2016-09-30
096770.KS, Updated at 2016-09-30
0998.HK, Updated at 2016-09-30
1053.HK, Updated at 2016-09-30
1108.HK, Updated at 2016-09-30
1215.TW, Updated at 2016-09-30
123420.KQ, Updated at 2016-09-30
1288.HK, Updated at 2016-09-30
1398.HK, Updated at 2016-09-30
1730.TW, Updated at 2016-09-30
1788.T, Updated at 2016-09-30
1850.T, Updated at 2016-09-30
1946.T, Updated at 2016-09-30
1949.T, Updated at 2016-09-30
1959.T, Updated at 2016-09-30
1972.T, Updated at 2016-09-30
1973.T, Updated at 2016-09-30
1983.T, Updated at 2016-09-30
200011.SZ, Updated at 2016-09-30
200016.SZ, Updated at 2016-09-30
200017.SZ, Updated at 2016-09-30
200030.SZ, Updated at 2016-09-30
200053.SZ, Updated at 2016-09-30
200054.SZ, Updated at 2016-09-30
200058.SZ, Updated at 2016-09-30
200160.SZ, Updated at 2016-09-30
2003.T, Updated at 2016-09-30
200413.SZ, Updated at 2016-09-30
200468.SZ, Updated at 2016-09-30
200505.SZ, Updated at 2016-09-30
200539.SZ, Updated at 2016-09-30
200596.SZ, Updated at 2016-09-30
200992.SZ, Updated at 2016-09-30
2053.T, Updated at 2016-09-30
2114.T, Updated at 2016-09-30
2117.T, Updated at 2016-09-30
2124.T, Updated at 2016-09-30
2127.T, Updated at 2016-09-30
2139.T, Updated at 2016-09-30
2151.T, Updated at 2016-09-30
2175.T, Updated at 2016-09-30
2202.HK, Updated at 2016-09-30
2208.T, Updated at 2016-09-30
2212.T, Updated at 2016-09-30
2220.T, Updated at 2016-09-30
2303.TW, Updated at 2016-09-30
2308.TW, Updated at 2016-09-30
2327.T, Updated at 2016-09-30
2331.T, Updated at 2016-09-30
2340.T, Updated at 2016-09-30
2345.T, Updated at 2016-09-30
2378.T, Updated at 2016-09-30
2389.T, Updated at 2016-09-30
2393.T, Updated at 2016-09-30
2427.T, Updated at 2016-09-30
2464.T, Updated at 2016-09-30
2481.T, Updated at 2016-09-30
2548.TW, Updated at 2016-09-30
2573.T, Updated at 2016-09-30
2689.T, Updated at 2016-09-30
2693.T, Updated at 2016-09-30
2729.T, Updated at 2016-09-30
2804.T, Updated at 2016-09-30
2806.T, Updated at 2016-09-30
2875.T, Updated at 2016-09-30
2908.T, Updated at 2016-09-30
300001.SZ, Updated at 2016-09-30
300002.SZ, Updated at 2016-09-30
300003.SZ, Updated at 2016-09-30
300006.SZ, Updated at 2016-09-30
300010.SZ, Updated at 2016-09-30
300012.SZ, Updated at 2016-09-30
300022.SZ, Updated at 2016-09-30
300028.SZ, Updated at 2016-09-30
300030.SZ, Updated at 2016-09-30
300038.SZ, Updated at 2016-09-30
300042.SZ, Updated at 2016-09-30
300043.SZ, Updated at 2016-09-30
300048.SZ, Updated at 2016-09-30
300049.SZ, Updated at 2016-09-30
300051.SZ, Updated at 2016-09-30
300053.SZ, Updated at 2016-09-30
300055.SZ, Updated at 2016-09-30
300057.SZ, Updated at 2016-09-30
300058.SZ, Updated at 2016-09-30
300059.SZ, Updated at 2016-09-30
300062.SZ, Updated at 2016-09-30
300063.SZ, Updated at 2016-09-30
300065.SZ, Updated at 2016-09-30
300076.SZ, Updated at 2016-09-30
300080.SZ, Updated at 2016-09-30
300087.SZ, Updated at 2016-09-30
300093.SZ, Updated at 2016-09-30
300094.SZ, Updated at 2016-09-30
300097.SZ, Updated at 2016-09-30
300098.SZ, Updated at 2016-09-30
300106.SZ, Updated at 2016-09-30
300111.SZ, Updated at 2016-09-30
300112.SZ, Updated at 2016-09-30
300118.SZ, Updated at 2016-09-30
300123.SZ, Updated at 2016-09-30
300126.SZ, Updated at 2016-09-30
300129.SZ, Updated at 2016-09-30
300132.SZ, Updated at 2016-09-30
300135.SZ, Updated at 2016-09-30
300137.SZ, Updated at 2016-09-30
300139.SZ, Updated at 2016-09-30
300148.SZ, Updated at 2016-09-30
300153.SZ, Updated at 2016-09-30
300154.SZ, Updated at 2016-09-30
300156.SZ, Updated at 2016-09-30
300162.SZ, Updated at 2016-09-30
300170.SZ, Updated at 2016-09-30
300173.SZ, Updated at 2016-09-30
300178.SZ, Updated at 2016-09-30
300181.SZ, Updated at 2016-09-30
300182.SZ, Updated at 2016-09-30
300184.SZ, Updated at 2016-09-30
300189.SZ, Updated at 2016-09-30
300191.SZ, Updated at 2016-09-30
300192.SZ, Updated at 2016-09-30
300194.SZ, Updated at 2016-09-30
300195.SZ, Updated at 2016-09-30
300196.SZ, Updated at 2016-09-30
300198.SZ, Updated at 2016-09-30
300200.SZ, Updated at 2016-09-30
300201.SZ, Updated at 2016-09-30
300206.SZ, Updated at 2016-09-30
300208.SZ, Updated at 2016-09-30
300209.SZ, Updated at 2016-09-30
300210.SZ, Updated at 2016-09-30
300212.SZ, Updated at 2016-09-30
300214.SZ, Updated at 2016-09-30
300216.SZ, Updated at 2016-09-30
300219.SZ, Updated at 2016-09-30
300220.SZ, Updated at 2016-09-30
300222.SZ, Updated at 2016-09-30
300227.SZ, Updated at 2016-09-30
300228.SZ, Updated at 2016-09-30
300230.SZ, Updated at 2016-09-30
300231.SZ, Updated at 2016-09-30
300232.SZ, Updated at 2016-09-30
300241.SZ, Updated at 2016-09-30
300243.SZ, Updated at 2016-09-30
300244.SZ, Updated at 2016-09-30
300249.SZ, Updated at 2016-09-30
300254.SZ, Updated at 2016-09-30
300264.SZ, Updated at 2016-09-30
300267.SZ, Updated at 2016-09-30
300268.SZ, Updated at 2016-09-30
300270.SZ, Updated at 2016-09-30
300271.SZ, Updated at 2016-09-30
300273.SZ, Updated at 2016-09-30
300279.SZ, Updated at 2016-09-30
300282.SZ, Updated at 2016-09-30
300286.SZ, Updated at 2016-09-30
300289.SZ, Updated at 2016-09-30
300291.SZ, Updated at 2016-09-30
300292.SZ, Updated at 2016-09-30
3003.T, Updated at 2016-09-30
300300.SZ, Updated at 2016-09-30
300307.SZ, Updated at 2016-09-30
300320.SZ, Updated at 2016-09-30
300335.SZ, Updated at 2016-09-30
300345.SZ, Updated at 2016-09-30
300347.SZ, Updated at 2016-09-30
300348.SZ, Updated at 2016-09-30
300350.SZ, Updated at 2016-09-30
300351.SZ, Updated at 2016-09-30
300352.SZ, Updated at 2016-09-30
300355.SZ, Updated at 2016-09-30
300373.SZ, Updated at 2016-09-30
300377.SZ, Updated at 2016-09-30
300379.SZ, Updated at 2016-09-30
300381.SZ, Updated at 2016-09-30
300383.SZ, Updated at 2016-09-30
300385.SZ, Updated at 2016-09-30
300389.SZ, Updated at 2016-09-30
300401.SZ, Updated at 2016-09-30
300407.SZ, Updated at 2016-09-30
300408.SZ, Updated at 2016-09-30
300409.SZ, Updated at 2016-09-30
300417.SZ, Updated at 2016-09-30
300419.SZ, Updated at 2016-09-30
300420.SZ, Updated at 2016-09-30
300421.SZ, Updated at 2016-09-30
300426.SZ, Updated at 2016-09-30
300427.SZ, Updated at 2016-09-30
300429.SZ, Updated at 2016-09-30
300432.SZ, Updated at 2016-09-30
300433.SZ, Updated at 2016-09-30
300438.SZ, Updated at 2016-09-30
300447.SZ, Updated at 2016-09-30
300456.SZ, Updated at 2016-09-30
300459.SZ, Updated at 2016-09-30
300461.SZ, Updated at 2016-09-30
300468.SZ, Updated at 2016-09-30
300475.SZ, Updated at 2016-09-30
300480.SZ, Updated at 2016-09-30
300482.SZ, Updated at 2016-09-30
300487.SZ, Updated at 2016-09-30
300489.SZ, Updated at 2016-09-30
300494.SZ, Updated at 2016-09-30
300495.SZ, Updated at 2016-09-30
300505.SZ, Updated at 2016-09-30
300506.SZ, Updated at 2016-09-30
300509.SZ, Updated at 2016-09-30
300512.SZ, Updated at 2016-09-30
300513.SZ, Updated at 2016-09-30
300515.SZ, Updated at 2016-09-30
300519.SZ, Updated at 2016-09-30
300520.SZ, Updated at 2016-09-30
300521.SZ, Updated at 2016-09-30
300522.SZ, Updated at 2016-09-30
300526.SZ, Updated at 2016-09-30
300528.SZ, Updated at 2016-09-30
300529.SZ, Updated at 2016-09-30
3053.T, Updated at 2016-09-30
3064.T, Updated at 2016-09-30
3067.T, Updated at 2016-09-30
3077.T, Updated at 2016-09-30
3085.T, Updated at 2016-09-30
3092.T, Updated at 2016-09-30
3104.T, Updated at 2016-09-30
3116.T, Updated at 2016-09-30
3132.T, Updated at 2016-09-30
3153.T, Updated at 2016-09-30
3157.T, Updated at 2016-09-30
3199.T, Updated at 2016-09-30
3316.T, Updated at 2016-09-30
3326.T, Updated at 2016-09-30
3420.T, Updated at 2016-09-30
3426.T, Updated at 2016-09-30
3501.T, Updated at 2016-05-31
3577.T, Updated at 2016-09-30
3626.T, Updated at 2016-09-30
3630.T, Updated at 2016-09-30
3640.T, Updated at 2016-09-30
3648.T, Updated at 2016-09-30
3663.T, Updated at 2016-09-30
3666.T, Updated at 2016-09-30
3673.T, Updated at 2016-09-30
3763.T, Updated at 2016-09-30
3765.T, Updated at 2016-09-30
3771.T, Updated at 2016-09-30
3822.T, Updated at 2016-09-30
3835.T, Updated at 2016-09-30
3841.T, Updated at 2016-09-30
3848.T, Updated at 2016-09-30
3911.T, Updated at 2016-09-30
3945.T, Updated at 2016-09-30
3956.T, Updated at 2016-09-30
3993.HK, Updated at 2016-09-30
4005.T, Updated at 2016-09-30
4025.T, Updated at 2016-09-30
4043.T, Updated at 2016-09-30
4045.T, Updated at 2016-09-30
4063.T, Updated at 2016-09-30
4113.T, Updated at 2016-09-30
4151.T, Updated at 2016-09-30
4205.T, Updated at 2016-09-30
4212.T, Updated at 2016-09-30
4228.T, Updated at 2016-09-30
4284.T, Updated at 2016-09-30
4298.T, Updated at 2016-09-30
4307.T, Updated at 2016-09-30
4310.T, Updated at 2016-09-30
4327.T, Updated at 2016-09-30
4333.T, Updated at 2016-09-30
4347.T, Updated at 2016-09-30
4348.T, Updated at 2016-09-30
4362.T, Updated at 2016-09-30
4367.T, Updated at 2016-09-30
4410.T, Updated at 2016-09-30
4452.T, Updated at 2016-09-30
4462.T, Updated at 2016-09-30
4471.T, Updated at 2016-09-30
4503.T, Updated at 2016-09-30
4507.T, Updated at 2016-09-30
4517.T, Updated at 2016-09-30
4526.T, Updated at 2016-09-30
4531.T, Updated at 2016-09-30
4551.T, Updated at 2016-09-30
4557.T, Updated at 2016-09-30
4581.T, Updated at 2016-09-30
4617.T, Updated at 2016-09-30
4657.T, Updated at 2016-09-30
4661.T, Updated at 2016-09-30
4685.T, Updated at 2016-09-30
4709.T, Updated at 2016-09-30
4718.T, Updated at 2016-09-30
4722.T, Updated at 2016-09-30
4743.T, Updated at 2016-09-30
4761.T, Updated at 2016-09-30
4762.T, Updated at 2016-09-30
4779.T, Updated at 2016-09-30
4783.T, Updated at 2016-09-30
4812.T, Updated at 2016-09-30
4816.T, Updated at 2016-09-30
4838.T, Updated at 2016-09-30
4839.T, Updated at 2016-09-30
4921.T, Updated at 2016-09-30
4956.T, Updated at 2016-09-30
4957.T, Updated at 2016-09-30
4971.T, Updated at 2016-09-30
4987.T, Updated at 2016-09-30
4D9.BB, Updated at 2016-09-30
4DU.BB, Updated at 2016-09-30
4EJ.BB, Updated at 2016-09-30
4HY.BB, Updated at 2016-09-30
4MC.BB, Updated at 2016-09-30
4VD.BB, Updated at 2016-09-30
5015.T, Updated at 2016-09-30
5104.T, Updated at 2016-09-30
5187.T, Updated at 2016-09-30
5202.T, Updated at 2016-09-30
5279.T, Updated at 2016-09-30
5287.T, Updated at 2016-09-30
5302.T, Updated at 2016-09-30
5333.T, Updated at 2016-09-30
5352.T, Updated at 2016-09-30
5386.T, Updated at 2016-09-30
5411.T, Updated at 2016-09-30
5440.T, Updated at 2016-09-30
5464.T, Updated at 2016-09-30
5471.T, Updated at 2016-09-30
5476.T, Updated at 2016-09-30
5482.T, Updated at 2016-09-30
5484.T, Updated at 2016-09-30
5486.T, Updated at 2016-09-30
5491.T, Updated at 2016-09-30
5659.T, Updated at 2016-09-30
5703.T, Updated at 2016-09-30
5803.T, Updated at 2016-09-30
5807.T, Updated at 2016-09-30
5819.T, Updated at 2016-09-30
5851.T, Updated at 2016-09-30
5901.T, Updated at 2016-09-30
5905.T, Updated at 2016-09-30
5906.T, Updated at 2016-09-20
5909.T, Updated at 2016-09-30
5929.T, Updated at 2016-09-30
5936.T, Updated at 2016-09-30
5956.T, Updated at 2016-09-30
5975.T, Updated at 2016-09-30
600000.SS, Updated at 2016-09-30
600004.SS, Updated at 2016-09-30
600005.SS, Updated at 2016-09-30
600006.SS, Updated at 2016-09-30
600007.SS, Updated at 2016-09-30
600008.SS, Updated at 2016-09-30
600009.SS, Updated at 2016-09-30
600010.SS, Updated at 2016-09-30
600012.SS, Updated at 2016-09-30
600015.SS, Updated at 2016-09-30
600016.SS, Updated at 2016-09-30
600018.SS, Updated at 2016-09-30
600020.SS, Updated at 2016-09-30
600022.SS, Updated at 2016-09-30
600026.SS, Updated at 2016-09-30
600028.SS, Updated at 2016-09-30
600029.SS, Updated at 2016-09-30
600030.SS, Updated at 2016-09-30
600031.SS, Updated at 2016-09-30
600033.SS, Updated at 2016-09-30
600036.SS, Updated at 2016-09-30
600037.SS, Updated at 2016-09-30
600038.SS, Updated at 2016-09-30
600039.SS, Updated at 2016-09-30
600048.SS, Updated at 2016-09-30
600053.SS, Updated at 2016-09-30
600056.SS, Updated at 2016-09-30
600057.SS, Updated at 2016-09-30
600058.SS, Updated at 2016-09-30
600062.SS, Updated at 2016-09-30
600068.SS, Updated at 2016-09-30
600069.SS, Updated at 2016-09-30
600071.SS, Updated at 2016-09-30
600072.SS, Updated at 2016-09-30
600076.SS, Updated at 2016-09-30
600079.SS, Updated at 2016-09-30
600082.SS, Updated at 2016-09-30
600083.SS, Updated at 2016-09-30
600084.SS, Updated at 2016-09-30
600085.SS, Updated at 2016-09-30
600086.SS, Updated at 2016-09-30
600088.SS, Updated at 2016-09-30
600089.SS, Updated at 2016-09-30
600093.SS, Updated at 2016-09-30
600095.SS, Updated at 2016-09-30
600096.SS, Updated at 2016-09-30
600097.SS, Updated at 2016-09-30
600098.SS, Updated at 2016-09-30
600100.SS, Updated at 2016-09-30
600101.SS, Updated at 2016-09-30
600103.SS, Updated at 2016-09-30
600104.SS, Updated at 2016-09-30
600105.SS, Updated at 2016-09-30
600106.SS, Updated at 2016-09-30
600107.SS, Updated at 2016-09-30
600108.SS, Updated at 2016-09-30
600109.SS, Updated at 2016-09-30
600113.SS, Updated at 2016-09-30
600115.SS, Updated at 2016-09-30
600117.SS, Updated at 2016-09-30
600118.SS, Updated at 2016-09-30
600119.SS, Updated at 2016-09-30
600120.SS, Updated at 2016-09-30
600121.SS, Updated at 2016-09-30
600122.SS, Updated at 2016-09-30
600126.SS, Updated at 2016-09-30
600127.SS, Updated at 2016-09-30
600128.SS, Updated at 2016-09-30
600129.SS, Updated at 2016-09-30
600130.SS, Updated at 2016-09-30
600132.SS, Updated at 2016-09-30
600135.SS, Updated at 2016-09-30
600136.SS, Updated at 2016-09-30
600137.SS, Updated at 2016-09-30
600138.SS, Updated at 2016-09-30
600139.SS, Updated at 2016-09-30
600146.SS, Updated at 2016-09-30
600148.SS, Updated at 2016-09-30
600150.SS, Updated at 2016-09-30
600151.SS, Updated at 2016-09-30
600152.SS, Updated at 2016-09-30
600153.SS, Updated at 2016-09-30
600155.SS, Updated at 2016-09-30
600157.SS, Updated at 2016-09-30
600158.SS, Updated at 2016-09-30
600159.SS, Updated at 2016-09-30
600161.SS, Updated at 2016-09-30
600162.SS, Updated at 2016-09-30
600163.SS, Updated at 2016-09-30
600165.SS, Updated at 2016-09-30
600166.SS, Updated at 2016-09-30
600168.SS, Updated at 2016-09-30
600169.SS, Updated at 2016-09-30
600170.SS, Updated at 2016-09-30
600175.SS, Updated at 2016-09-30
600177.SS, Updated at 2016-09-30
600179.SS, Updated at 2016-09-30
600180.SS, Updated at 2016-09-30
600183.SS, Updated at 2016-09-30
600185.SS, Updated at 2016-09-30
600186.SS, Updated at 2016-09-30
600188.SS, Updated at 2016-09-30
600190.SS, Updated at 2016-09-30
600191.SS, Updated at 2016-09-30
600195.SS, Updated at 2016-09-30
600196.SS, Updated at 2016-09-30
600198.SS, Updated at 2016-09-30
600199.SS, Updated at 2016-09-30
600200.SS, Updated at 2016-09-30
600202.SS, Updated at 2016-09-30
600203.SS, Updated at 2016-09-30
600207.SS, Updated at 2016-09-30
600208.SS, Updated at 2016-09-30
600209.SS, Updated at 2016-09-30
600211.SS, Updated at 2016-09-30
600212.SS, Updated at 2016-09-30
600213.SS, Updated at 2016-09-30
600216.SS, Updated at 2016-09-30
600217.SS, Updated at 2016-09-30
600218.SS, Updated at 2016-09-30
600221.SS, Updated at 2016-09-30
600225.SS, Updated at 2016-09-30
600226.SS, Updated at 2016-09-30
600227.SS, Updated at 2016-09-30
600228.SS, Updated at 2016-09-30
600229.SS, Updated at 2016-09-30
600230.SS, Updated at 2016-09-30
600231.SS, Updated at 2016-09-30
600234.SS, Updated at 2016-09-30
600236.SS, Updated at 2016-09-30
600237.SS, Updated at 2016-09-30
600240.SS, Updated at 2016-09-30
600241.SS, Updated at 2016-09-30
600242.SS, Updated at 2016-09-30
600243.SS, Updated at 2016-09-30
600246.SS, Updated at 2016-09-30
600247.SS, Updated at 2016-09-30
600248.SS, Updated at 2016-09-30
600250.SS, Updated at 2016-09-30
600255.SS, Updated at 2016-09-30
600257.SS, Updated at 2016-09-30
600259.SS, Updated at 2016-09-30
600261.SS, Updated at 2016-09-30
600265.SS, Updated at 2016-09-30
600266.SS, Updated at 2016-09-30
600267.SS, Updated at 2016-09-30
600269.SS, Updated at 2016-09-30
600271.SS, Updated at 2016-09-30
600276.SS, Updated at 2016-09-30
600279.SS, Updated at 2016-09-30
600280.SS, Updated at 2016-09-30
600281.SS, Updated at 2016-09-30
600282.SS, Updated at 2016-09-30
600283.SS, Updated at 2016-09-30
600287.SS, Updated at 2016-09-30
600289.SS, Updated at 2016-09-30
600290.SS, Updated at 2016-09-30
600291.SS, Updated at 2016-09-30
600292.SS, Updated at 2016-09-30
600293.SS, Updated at 2016-09-30
600295.SS, Updated at 2016-09-30
600297.SS, Updated at 2016-09-30
600299.SS, Updated at 2016-09-30
600300.SS, Updated at 2016-09-30
600301.SS, Updated at 2016-09-30
600302.SS, Updated at 2016-09-30
600303.SS, Updated at 2016-09-30
600306.SS, Updated at 2016-09-30
600307.SS, Updated at 2016-09-30
600310.SS, Updated at 2016-09-30
600316.SS, Updated at 2016-09-30
600318.SS, Updated at 2016-09-30
600319.SS, Updated at 2016-09-30
600320.SS, Updated at 2016-09-30
600322.SS, Updated at 2016-09-30
600323.SS, Updated at 2016-09-30
600325.SS, Updated at 2016-09-30
600326.SS, Updated at 2016-09-30
600329.SS, Updated at 2016-09-30
600330.SS, Updated at 2016-09-30
600331.SS, Updated at 2016-09-30
600335.SS, Updated at 2016-09-30
600336.SS, Updated at 2016-09-30
600339.SS, Updated at 2016-09-30
600340.SS, Updated at 2016-09-30
600345.SS, Updated at 2016-09-30
600346.SS, Updated at 2016-09-30
600350.SS, Updated at 2016-09-30
600354.SS, Updated at 2016-09-30
600355.SS, Updated at 2016-09-30
600358.SS, Updated at 2016-09-30
600359.SS, Updated at 2016-09-30
600360.SS, Updated at 2016-09-30
600363.SS, Updated at 2016-09-30
600365.SS, Updated at 2016-09-30
600369.SS, Updated at 2016-09-30
600371.SS, Updated at 2016-09-30
600372.SS, Updated at 2016-09-30
600373.SS, Updated at 2016-09-30
600375.SS, Updated at 2016-09-30
600377.SS, Updated at 2016-09-30
600379.SS, Updated at 2016-09-30
600388.SS, Updated at 2016-09-30
600390.SS, Updated at 2016-09-30
600391.SS, Updated at 2016-09-30
600392.SS, Updated at 2016-09-30
600393.SS, Updated at 2016-09-30
600395.SS, Updated at 2016-09-30
600398.SS, Updated at 2016-09-30
600400.SS, Updated at 2016-09-30
600401.SS, Updated at 2016-09-30
600403.SS, Updated at 2016-09-30
600408.SS, Updated at 2016-09-30
600410.SS, Updated at 2016-09-30
600416.SS, Updated at 2016-09-30
600418.SS, Updated at 2016-09-30
600419.SS, Updated at 2016-09-30
600421.SS, Updated at 2016-09-30
600422.SS, Updated at 2016-09-30
600423.SS, Updated at 2016-09-30
600425.SS, Updated at 2016-09-30
600426.SS, Updated at 2016-09-30
600428.SS, Updated at 2016-09-30
600432.SS, Updated at 2016-09-30
600436.SS, Updated at 2016-09-30
600438.SS, Updated at 2016-09-30
600448.SS, Updated at 2016-09-30
600452.SS, Updated at 2016-09-30
600455.SS, Updated at 2016-09-30
600456.SS, Updated at 2016-09-30
600460.SS, Updated at 2016-09-30
600461.SS, Updated at 2016-09-30
600463.SS, Updated at 2016-09-30
600466.SS, Updated at 2016-09-30
600468.SS, Updated at 2016-09-30
600470.SS, Updated at 2016-09-30
600476.SS, Updated at 2016-09-30
600477.SS, Updated at 2016-09-30
600478.SS, Updated at 2016-09-30
600479.SS, Updated at 2016-09-30
600482.SS, Updated at 2016-09-30
600485.SS, Updated at 2016-09-30
600487.SS, Updated at 2016-09-30
600491.SS, Updated at 2016-09-30
600493.SS, Updated at 2016-09-30
600495.SS, Updated at 2016-09-30
600497.SS, Updated at 2016-09-30
600498.SS, Updated at 2016-09-30
600500.SS, Updated at 2016-09-30
600501.SS, Updated at 2016-09-30
600502.SS, Updated at 2016-09-30
600503.SS, Updated at 2016-09-30
600508.SS, Updated at 2016-09-30
600509.SS, Updated at 2016-09-30
600513.SS, Updated at 2016-09-30
600518.SS, Updated at 2016-09-30
600519.SS, Updated at 2016-09-30
600520.SS, Updated at 2016-09-30
600521.SS, Updated at 2016-09-30
600527.SS, Updated at 2016-09-30
600528.SS, Updated at 2016-09-30
600529.SS, Updated at 2016-09-30
600530.SS, Updated at 2016-09-30
600531.SS, Updated at 2016-09-30
600533.SS, Updated at 2016-09-30
600537.SS, Updated at 2016-09-30
600538.SS, Updated at 2016-09-30
600540.SS, Updated at 2016-09-30
600546.SS, Updated at 2016-09-30
600547.SS, Updated at 2016-09-30
600551.SS, Updated at 2016-09-30
600552.SS, Updated at 2016-09-30
600555.SS, Updated at 2016-09-30
600556.SS, Updated at 2016-09-30
600557.SS, Updated at 2016-09-30
600558.SS, Updated at 2016-09-30
600561.SS, Updated at 2016-09-30
600562.SS, Updated at 2016-09-30
600563.SS, Updated at 2016-09-30
600567.SS, Updated at 2016-09-30
600568.SS, Updated at 2016-09-30
600569.SS, Updated at 2016-09-30
600571.SS, Updated at 2016-09-30
600572.SS, Updated at 2016-09-30
600576.SS, Updated at 2016-09-30
600577.SS, Updated at 2016-09-30
600578.SS, Updated at 2016-09-30
600580.SS, Updated at 2016-09-30
600581.SS, Updated at 2016-09-30
600582.SS, Updated at 2016-09-30
600584.SS, Updated at 2016-09-30
600585.SS, Updated at 2016-09-30
600586.SS, Updated at 2016-09-30
600587.SS, Updated at 2016-09-30
600588.SS, Updated at 2016-09-30
600590.SS, Updated at 2016-09-30
600592.SS, Updated at 2016-09-30
600593.SS, Updated at 2016-09-30
600594.SS, Updated at 2016-09-30
600596.SS, Updated at 2016-09-30
600597.SS, Updated at 2016-09-30
600599.SS, Updated at 2016-09-30
600600.SS, Updated at 2016-09-30
600601.SS, Updated at 2016-09-30
600603.SS, Updated at 2016-09-30
600605.SS, Updated at 2016-09-30
600606.SS, Updated at 2016-09-30
600611.SS, Updated at 2016-09-30
600613.SS, Updated at 2016-09-30
600615.SS, Updated at 2016-09-30
600616.SS, Updated at 2016-09-30
600617.SS, Updated at 2016-09-30
600618.SS, Updated at 2016-09-30
600620.SS, Updated at 2016-09-30
600622.SS, Updated at 2016-09-30
600624.SS, Updated at 2016-09-30
600628.SS, Updated at 2016-09-30
600633.SS, Updated at 2016-09-30
600635.SS, Updated at 2016-09-30
600637.SS, Updated at 2016-09-30
600638.SS, Updated at 2016-09-30
600639.SS, Updated at 2016-09-30
600640.SS, Updated at 2016-09-30
600642.SS, Updated at 2016-09-30
600644.SS, Updated at 2016-09-30
600648.SS, Updated at 2016-09-30
600649.SS, Updated at 2016-09-30
600650.SS, Updated at 2016-09-30
600651.SS, Updated at 2016-09-30
600652.SS, Updated at 2016-09-30
600653.SS, Updated at 2016-09-30
600654.SS, Updated at 2016-09-30
600657.SS, Updated at 2016-09-30
600658.SS, Updated at 2016-09-30
600660.SS, Updated at 2016-09-30
600661.SS, Updated at 2016-09-30
600662.SS, Updated at 2016-09-30
600664.SS, Updated at 2016-09-30
600665.SS, Updated at 2016-09-30
600666.SS, Updated at 2016-09-30
600667.SS, Updated at 2016-09-30
600668.SS, Updated at 2016-09-30
600675.SS, Updated at 2016-09-30
600677.SS, Updated at 2016-09-30
600678.SS, Updated at 2016-09-30
600679.SS, Updated at 2016-09-30
600680.SS, Updated at 2016-09-30
600682.SS, Updated at 2016-09-30
600685.SS, Updated at 2016-09-30
600686.SS, Updated at 2016-09-30
600687.SS, Updated at 2016-09-30
600688.SS, Updated at 2016-09-30
600689.SS, Updated at 2016-09-30
600690.SS, Updated at 2016-09-30
600691.SS, Updated at 2016-09-30
600693.SS, Updated at 2016-09-30
600695.SS, Updated at 2016-09-30
600696.SS, Updated at 2016-09-30
600697.SS, Updated at 2016-09-30
600699.SS, Updated at 2016-09-30
600701.SS, Updated at 2016-09-30
600703.SS, Updated at 2016-09-30
600705.SS, Updated at 2016-09-30
600707.SS, Updated at 2016-09-30
600708.SS, Updated at 2016-09-30
600710.SS, Updated at 2016-09-30
600712.SS, Updated at 2016-09-30
600713.SS, Updated at 2016-09-30
600714.SS, Updated at 2016-09-30
600715.SS, Updated at 2016-09-30
600718.SS, Updated at 2016-09-30
600723.SS, Updated at 2016-09-30
600724.SS, Updated at 2016-09-30
600725.SS, Updated at 2016-09-30
600728.SS, Updated at 2016-09-30
600730.SS, Updated at 2016-09-30
600731.SS, Updated at 2016-09-30
600732.SS, Updated at 2016-09-30
600734.SS, Updated at 2016-09-30
600735.SS, Updated at 2016-09-30
600737.SS, Updated at 2016-09-30
600738.SS, Updated at 2016-09-30
600743.SS, Updated at 2016-09-30
600744.SS, Updated at 2016-09-30
600745.SS, Updated at 2016-09-30
600746.SS, Updated at 2016-09-30
600748.SS, Updated at 2016-09-30
600751.SS, Updated at 2016-09-30
600753.SS, Updated at 2016-09-30
600754.SS, Updated at 2016-09-30
600755.SS, Updated at 2016-09-30
600757.SS, Updated at 2016-09-30
600759.SS, Updated at 2016-09-30
600760.SS, Updated at 2016-09-30
600764.SS, Updated at 2016-09-30
600767.SS, Updated at 2016-09-30
600768.SS, Updated at 2016-09-30
600769.SS, Updated at 2016-09-30
600770.SS, Updated at 2016-09-30
600771.SS, Updated at 2016-09-30
600773.SS, Updated at 2016-09-30
600775.SS, Updated at 2016-09-30
600776.SS, Updated at 2016-09-30
600777.SS, Updated at 2016-09-30
600779.SS, Updated at 2016-09-30
600780.SS, Updated at 2016-09-30
600781.SS, Updated at 2016-09-30
600782.SS, Updated at 2016-09-30
600783.SS, Updated at 2016-09-30
600784.SS, Updated at 2016-09-30
600787.SS, Updated at 2016-09-30
600789.SS, Updated at 2016-09-30
600790.SS, Updated at 2016-09-30
600791.SS, Updated at 2016-09-30
600794.SS, Updated at 2016-09-30
600795.SS, Updated at 2016-09-30
600796.SS, Updated at 2016-09-30
600797.SS, Updated at 2016-09-30
600798.SS, Updated at 2016-09-30
600803.SS, Updated at 2016-09-30
600806.SS, Updated at 2016-09-30
600807.SS, Updated at 2016-09-30
600808.SS, Updated at 2016-09-30
600809.SS, Updated at 2016-09-30
600810.SS, Updated at 2016-09-30
600811.SS, Updated at 2016-09-30
600815.SS, Updated at 2016-09-30
600816.SS, Updated at 2016-09-30
600817.SS, Updated at 2016-09-30
600818.SS, Updated at 2016-09-30
600821.SS, Updated at 2016-09-30
600822.SS, Updated at 2016-09-30
600823.SS, Updated at 2016-09-30
600824.SS, Updated at 2016-09-30
600825.SS, Updated at 2016-09-30
600827.SS, Updated at 2016-09-30
600830.SS, Updated at 2016-09-30
600831.SS, Updated at 2016-09-30
600833.SS, Updated at 2016-09-30
600834.SS, Updated at 2016-09-30
600835.SS, Updated at 2016-09-30
600836.SS, Updated at 2016-09-30
600837.SS, Updated at 2016-09-30
600843.SS, Updated at 2016-09-30
600844.SS, Updated at 2016-09-30
600847.SS, Updated at 2016-09-30
600848.SS, Updated at 2016-09-30
600850.SS, Updated at 2016-09-30
600851.SS, Updated at 2016-09-30
600853.SS, Updated at 2016-09-30
600854.SS, Updated at 2016-09-30
600856.SS, Updated at 2016-09-30
600859.SS, Updated at 2016-09-30
600860.SS, Updated at 2016-09-30
600861.SS, Updated at 2016-09-30
600862.SS, Updated at 2016-09-30
600865.SS, Updated at 2016-09-30
600869.SS, Updated at 2016-09-30
600870.SS, Updated at 2016-09-30
600874.SS, Updated at 2016-09-30
600876.SS, Updated at 2016-09-30
600877.SS, Updated at 2016-09-30
600879.SS, Updated at 2016-09-30
600880.SS, Updated at 2016-09-30
600882.SS, Updated at 2016-09-30
600883.SS, Updated at 2016-09-30
600884.SS, Updated at 2016-09-30
600885.SS, Updated at 2016-09-30
600886.SS, Updated at 2016-09-30
600887.SS, Updated at 2016-09-30
600890.SS, Updated at 2016-09-30
600891.SS, Updated at 2016-09-30
600892.SS, Updated at 2016-09-30
600893.SS, Updated at 2016-09-30
600894.SS, Updated at 2016-09-30
600895.SS, Updated at 2016-09-30
600896.SS, Updated at 2016-09-30
600897.SS, Updated at 2016-09-30
600898.SS, Updated at 2016-09-30
600900.SS, Updated at 2016-09-30
600936.SS, Updated at 2016-09-30
600958.SS, Updated at 2016-09-30
600959.SS, Updated at 2016-09-30
600960.SS, Updated at 2016-09-30
600961.SS, Updated at 2016-09-30
600963.SS, Updated at 2016-09-30
600969.SS, Updated at 2016-09-30
600971.SS, Updated at 2016-09-30
600973.SS, Updated at 2016-09-30
600976.SS, Updated at 2016-09-30
600978.SS, Updated at 2016-09-30
600980.SS, Updated at 2016-09-30
600981.SS, Updated at 2016-09-30
600982.SS, Updated at 2016-09-30
600984.SS, Updated at 2016-09-30
600985.SS, Updated at 2016-09-30
600988.SS, Updated at 2016-09-30
600990.SS, Updated at 2016-09-30
600992.SS, Updated at 2016-09-30
600995.SS, Updated at 2016-09-30
600997.SS, Updated at 2016-09-30
600999.SS, Updated at 2016-09-30
601001.SS, Updated at 2016-09-30
601005.SS, Updated at 2016-09-30
601007.SS, Updated at 2016-09-30
601010.SS, Updated at 2016-09-30
601011.SS, Updated at 2016-09-30
601012.SS, Updated at 2016-09-30
601016.SS, Updated at 2016-09-30
601018.SS, Updated at 2016-09-30
601021.SS, Updated at 2016-09-30
601028.SS, Updated at 2016-09-30
601038.SS, Updated at 2016-09-30
601058.SS, Updated at 2016-09-30
601088.SS, Updated at 2016-09-30
601099.SS, Updated at 2016-09-30
601106.SS, Updated at 2016-09-30
601126.SS, Updated at 2016-09-30
601158.SS, Updated at 2016-09-30
601166.SS, Updated at 2016-09-30
601169.SS, Updated at 2016-09-30
601179.SS, Updated at 2016-09-30
601188.SS, Updated at 2016-09-30
601208.SS, Updated at 2016-09-30
601218.SS, Updated at 2016-09-30
601238.SS, Updated at 2016-09-30
601258.SS, Updated at 2016-09-30
601288.SS, Updated at 2016-09-30
601328.SS, Updated at 2016-09-30
601336.SS, Updated at 2016-09-30
601377.SS, Updated at 2016-09-30
601390.SS, Updated at 2016-09-30
601398.SS, Updated at 2016-09-30
601515.SS, Updated at 2016-09-30
601519.SS, Updated at 2016-09-30
601601.SS, Updated at 2016-09-30
601607.SS, Updated at 2016-09-30
601608.SS, Updated at 2016-09-30
601668.SS, Updated at 2016-09-30
601669.SS, Updated at 2016-09-30
601688.SS, Updated at 2016-09-30
601717.SS, Updated at 2016-09-30
601727.SS, Updated at 2016-09-30
601766.SS, Updated at 2016-09-30
601788.SS, Updated at 2016-09-30
601799.SS, Updated at 2016-09-30
601800.SS, Updated at 2016-09-30
601808.SS, Updated at 2016-09-30
601818.SS, Updated at 2016-09-30
601857.SS, Updated at 2016-09-30
601866.SS, Updated at 2016-09-30
601888.SS, Updated at 2016-09-30
601898.SS, Updated at 2016-09-30
601900.SS, Updated at 2016-09-30
601918.SS, Updated at 2016-09-30
601919.SS, Updated at 2016-09-30
601928.SS, Updated at 2016-09-30
601929.SS, Updated at 2016-09-30
601933.SS, Updated at 2016-09-30
601996.SS, Updated at 2016-09-30
603001.SS, Updated at 2016-09-30
603005.SS, Updated at 2016-09-30
603015.SS, Updated at 2016-09-30
603016.SS, Updated at 2016-09-30
603017.SS, Updated at 2016-09-30
603020.SS, Updated at 2016-09-30
603023.SS, Updated at 2016-09-30
603030.SS, Updated at 2016-09-30
603066.SS, Updated at 2016-09-30
603077.SS, Updated at 2016-09-30
603100.SS, Updated at 2016-09-30
603111.SS, Updated at 2016-09-30
603116.SS, Updated at 2016-09-30
603117.SS, Updated at 2016-09-30
603123.SS, Updated at 2016-09-30
603126.SS, Updated at 2016-09-30
603167.SS, Updated at 2016-09-30
603306.SS, Updated at 2016-09-30
603311.SS, Updated at 2016-09-30
603322.SS, Updated at 2016-09-30
603355.SS, Updated at 2016-09-30
603399.SS, Updated at 2016-09-30
603519.SS, Updated at 2016-09-30
603568.SS, Updated at 2016-09-30
603598.SS, Updated at 2016-09-30
603599.SS, Updated at 2016-09-30
603606.SS, Updated at 2016-09-30
603608.SS, Updated at 2016-09-30
603686.SS, Updated at 2016-09-30
603699.SS, Updated at 2016-09-30
603779.SS, Updated at 2016-09-30
603788.SS, Updated at 2016-09-30
603789.SS, Updated at 2016-09-30
603799.SS, Updated at 2016-09-30
603800.SS, Updated at 2016-09-30
603861.SS, Updated at 2016-09-30
603883.SS, Updated at 2016-09-30
603885.SS, Updated at 2016-09-30
603901.SS, Updated at 2016-09-30
603918.SS, Updated at 2016-09-30
603988.SS, Updated at 2016-09-30
603993.SS, Updated at 2016-09-30
603997.SS, Updated at 2016-09-30
6080.T, Updated at 2016-09-30
6176.TW, Updated at 2016-09-30
6181.T, Updated at 2016-09-30
6201.T, Updated at 2016-09-30
6222.T, Updated at 2016-09-30
6257.T, Updated at 2016-09-30
6292.T, Updated at 2016-09-30
6295.NG, Updated at 2016-09-30
6299.T, Updated at 2016-09-30
6328.T, Updated at 2016-09-30
6360.T, Updated at 2016-09-30
6382.T, Updated at 2016-09-30
6407.T, Updated at 2016-09-30
6419.T, Updated at 2016-09-30
6436.T, Updated at 2016-09-30
6454.T, Updated at 2016-09-30
6455.T, Updated at 2016-09-30
6516.T, Updated at 2016-09-30
6518.T, Updated at 2016-09-30
6586.T, Updated at 2016-09-30
6624.T, Updated at 2016-09-30
6629.T, Updated at 2016-09-30
6645.T, Updated at 2016-09-30
6676.T, Updated at 2016-09-30
6702.T, Updated at 2016-09-30
6703.T, Updated at 2016-09-30
6724.T, Updated at 2016-09-30
6737.T, Updated at 2016-09-30
6754.T, Updated at 2016-09-30
6770.T, Updated at 2016-09-30
6794.T, Updated at 2016-09-30
6796.T, Updated at 2016-09-30
6816.T, Updated at 2016-09-30
6817.T, Updated at 2016-09-30
6822.T, Updated at 2016-09-30
6823.T, Updated at 2016-09-30
6826.T, Updated at 2016-09-30
6832.T, Updated at 2016-09-30
6837.T, Updated at 2016-09-30
6864.T, Updated at 2016-09-30
6875.T, Updated at 2016-09-30
6882.T, Updated at 2016-09-30
6902.T, Updated at 2016-09-30
6911.T, Updated at 2016-09-30
6912.T, Updated at 2016-09-30
6928.T, Updated at 2016-09-30
6938.T, Updated at 2016-09-30
6946.T, Updated at 2016-09-30
6973.T, Updated at 2016-09-30
6994.T, Updated at 2016-09-30
7003.T, Updated at 2016-09-30
7011.T, Updated at 2016-09-30
7014.T, Updated at 2016-09-30
7105.T, Updated at 2016-09-30
7185.T, Updated at 2016-09-30
7211.T, Updated at 2016-09-30
7260.T, Updated at 2016-09-30
7278.T, Updated at 2016-09-30
7282.T, Updated at 2016-09-30
7297.T, Updated at 2016-09-30
7313.T, Updated at 2016-09-30
7404.T, Updated at 2016-09-30
7412.T, Updated at 2016-09-30
7421.T, Updated at 2016-09-30
7442.T, Updated at 2016-09-30
7461.T, Updated at 2016-09-30
7475.T, Updated at 2016-09-30
7500.T, Updated at 2016-09-30
7510.T, Updated at 2016-09-30
7518.T, Updated at 2016-09-30
7551.T, Updated at 2016-09-30
7554.T, Updated at 2016-09-30
7559.T, Updated at 2016-09-30
7595.T, Updated at 2016-09-30
7612.T, Updated at 2016-09-30
7646.T, Updated at 2016-09-20
7709.T, Updated at 2016-09-30
7732.T, Updated at 2016-09-30
7774.T, Updated at 2016-09-30
7823.T, Updated at 2016-09-30
7844.T, Updated at 2016-09-30
7896.T, Updated at 2016-09-30
7897.T, Updated at 2016-09-30
7908.T, Updated at 2016-09-30
7931.NG, Updated at 2016-09-20
7939.T, Updated at 2016-09-30
7942.T, Updated at 2016-09-30
7961.T, Updated at 2016-09-30
7984.T, Updated at 2016-09-30
7988.T, Updated at 2016-09-30
8011.T, Updated at 2016-09-30
8015.T, Updated at 2016-09-30
8025.T, Updated at 2016-09-30
8035.T, Updated at 2016-09-30
8044.T, Updated at 2016-09-30
8071.NG, Updated at 2016-09-30
8075.T, Updated at 2016-09-30
8084.T, Updated at 2016-09-30
8119.T, Updated at 2016-09-30
8137.T, Updated at 2016-09-30
8141.T, Updated at 2016-09-30
8157.T, Updated at 2016-09-30
8160.T, Updated at 2016-09-30
8165.T, Updated at 2016-09-30
8208.T, Updated at 2016-09-30
8249.T, Updated at 2016-09-30
8283.T, Updated at 2016-09-30
8601.T, Updated at 2016-09-30
8604.T, Updated at 2016-09-30
8613.T, Updated at 2016-09-30
8614.T, Updated at 2016-09-30
8616.T, Updated at 2016-09-30
8622.T, Updated at 2016-09-30
8624.T, Updated at 2016-09-30
8625.T, Updated at 2016-09-30
8697.T, Updated at 2016-09-30
8700.T, Updated at 2016-09-30
8706.T, Updated at 2016-09-30
8709.T, Updated at 2016-09-30
8732.T, Updated at 2016-09-30
8739.T, Updated at 2016-09-30
8771.T, Updated at 2016-09-30
8818.T, Updated at 2016-09-30
8877.T, Updated at 2016-09-30
8914.T, Updated at 2016-09-30
9007.T, Updated at 2016-09-30
900903.SS, Updated at 2016-09-30
900904.SS, Updated at 2016-09-30
900908.SS, Updated at 2016-09-30
900911.SS, Updated at 2016-09-30
900912.SS, Updated at 2016-09-30
900913.SS, Updated at 2016-09-30
900914.SS, Updated at 2016-09-30
900915.SS, Updated at 2016-09-30
900916.SS, Updated at 2016-09-30
900917.SS, Updated at 2016-09-30
900919.SS, Updated at 2016-09-30
900921.SS, Updated at 2016-09-30
900922.SS, Updated at 2016-09-30
900923.SS, Updated at 2016-09-30
900924.SS, Updated at 2016-09-30
900925.SS, Updated at 2016-09-30
900927.SS, Updated at 2016-09-30
900928.SS, Updated at 2016-09-30
900929.SS, Updated at 2016-09-30
900930.SS, Updated at 2016-09-30
900934.SS, Updated at 2016-09-30
900935.SS, Updated at 2016-09-30
900936.SS, Updated at 2016-09-30
900938.SS, Updated at 2016-09-30
900941.SS, Updated at 2016-09-30
900945.SS, Updated at 2016-09-30
900947.SS, Updated at 2016-09-30
900948.SS, Updated at 2016-09-30
900952.SS, Updated at 2016-09-30
900955.SS, Updated at 2016-09-30
900956.SS, Updated at 2016-09-30
9014.T, Updated at 2016-09-30
9020.T, Updated at 2016-09-30
9045.T, Updated at 2016-09-30
9055.T, Updated at 2016-09-30
9060.T, Updated at 2016-09-30
9062.T, Updated at 2016-09-30
9069.T, Updated at 2016-09-30
9081.T, Updated at 2016-09-30
9101.T, Updated at 2016-09-30
9104.T, Updated at 2016-09-30
9107.T, Updated at 2016-09-30
9115.T, Updated at 2016-09-30
911626.TW, Updated at 2016-03-31
9179.T, Updated at 2016-09-30
9206.T, Updated at 2016-09-30
9301.T, Updated at 2016-09-30
9307.T, Updated at 2016-09-30
9311.T, Updated at 2016-09-30
9353.T, Updated at 2016-09-30
9370.T, Updated at 2016-09-30
9384.T, Updated at 2016-09-30
9422.T, Updated at 2016-09-30
9437.T, Updated at 2016-09-30
9466.T, Updated at 2016-09-30
9474.T, Updated at 2016-09-30
9478.T, Updated at 2016-09-30
9502.T, Updated at 2016-09-30
9503.T, Updated at 2016-09-30
9509.T, Updated at 2016-09-30
9511.T, Updated at 2016-09-30
9531.T, Updated at 2016-09-30
9533.T, Updated at 2016-09-30
9536.T, Updated at 2016-09-30
9621.T, Updated at 2016-09-30
9719.T, Updated at 2016-09-30
9739.T, Updated at 2016-09-30
9753.T, Updated at 2016-09-30
9761.T, Updated at 2016-09-30
9763.T, Updated at 2016-09-30
9766.T, Updated at 2016-09-30
9799.T, Updated at 2016-09-30
9827.T, Updated at 2016-09-30
9828.T, Updated at 2016-09-30
9934.T, Updated at 2016-09-30
9959.T, Updated at 2016-09-30
9962.T, Updated at 2016-09-30
9986.T, Updated at 2016-09-30
AALI.JK, Updated at 2016-09-30
AAN, Updated at 2016-09-30
ABBV.K, Updated at 2016-09-30
ABBV34.SA, Updated at 2016-09-30
ABE.MC, Updated at 2016-09-30
ABEV.K, Updated at 2016-09-30
ABEV3.SA, Updated at 2016-09-30
ABEV3S.SA, Updated at 2016-09-30
ABEV3T.SA, Updated at 2016-09-30
ABI.BR, Updated at 2016-09-30
ABI.V, Updated at 2016-06-30
ACB.CD, Updated at 2016-06-30
ACES.JK, Updated at 2016-09-30
ACNB.O, Updated at 2016-09-30
ACST.JK, Updated at 2016-09-30
ADAG.DE, Updated at 2016-09-30
AER.V, Updated at 2016-06-30
AFL, Updated at 2016-09-30
AGYO.IS, Updated at 2016-09-30
AIV, Updated at 2016-09-30
AKZO.NS, Updated at 2016-09-30
ALCAR.IS, Updated at 2016-09-30
ALEX.K, Updated at 2016-09-30
ALGYO.IS, Updated at 2016-09-30
ALIG.ST, Updated at 2016-09-30
ALLE.K, Updated at 2016-09-30
ALN.V, Updated at 2016-08-31
ALOCA.PA, Updated at 2016-06-30
ALPLA.PA, Updated at 2016-09-30
ALQ.V, Updated at 2016-08-31
ALSEA.MX, Updated at 2016-09-30
AMAR3.SA, Updated at 2016-09-30
AMCC.O, Updated at 2016-09-30
AMGN.O, Updated at 2016-09-30
AMGN34.SA, Updated at 2016-09-30
AMPF.MI, Updated at 2016-09-30
AMUN.PA, Updated at 2016-09-30
AMXA.MX, Updated at 2016-09-30
AMXAA.MX, Updated at 2016-09-30
AMXL.MX, Updated at 2016-09-30
AN, Updated at 2016-09-30
ANTh.V, Updated at 2016-08-31
AON, Updated at 2016-09-30
APD, Updated at 2016-09-30
ARE.LM, Updated at 2016-09-30
AREi.LM, Updated at 2016-09-30
AREVA.PA, Updated at 2016-09-30
ARII.O, Updated at 2016-09-30
ASETEK.OL, Updated at 2016-09-30
ASGN.K, Updated at 2016-09-30
ASPO.HE, Updated at 2016-09-30
ASR.MI, Updated at 2016-06-30
ATAGY.IS, Updated at 2016-09-30
ATEN.K, Updated at 2016-09-30
ATLAS.IS, Updated at 2016-09-30
ATNM.K, Updated at 2016-09-30
ATPK.JK, Updated at 2016-09-30
ATRC.O, Updated at 2016-09-30
ATSM.KL, Updated at 2016-08-31
AUV.V, Updated at 2016-08-31
AVEGb.ST, Updated at 2016-09-30
AVGYO.IS, Updated at 2016-09-30
AZNh.V, Updated at 2016-06-30
B, Updated at 2016-09-30
BACA.JK, Updated at 2016-09-30
BAJA.NS, Updated at 2016-09-30
BBCA.JK, Updated at 2016-09-30
BBI.V, Updated at 2016-07-31
BBTOb.ST, Updated at 2016-09-30
BBVA.K, Updated at 2016-09-30
BBVA.MC, Updated at 2016-09-30
BBW, Updated at 2016-10-01
BDGE.O, Updated at 2016-09-30
BELFA.O, Updated at 2016-09-30
BELFB.O, Updated at 2016-09-30
BELS.OL, Updated at 2016-09-30
BFF.V, Updated at 2016-06-30
BFIN.JK, Updated at 2016-09-30
BGM.V, Updated at 2016-08-31
BGS, Updated at 2016-10-01
BHAE.NS, Updated at 2016-09-30
BHB, Updated at 2016-09-30
BHT.V, Updated at 2016-08-31
BIDU.O, Updated at 2016-09-30
BIGC.BK, Updated at 2016-09-30
BIGCf.BK, Updated at 2016-09-30
BIGCn.BK, Updated at 2016-09-30
BILIa.ST, Updated at 2016-09-30
BIMBOA.MX, Updated at 2016-09-30
BIOGG.ST, Updated at 2016-09-30
BIZIM.IS, Updated at 2016-09-30
BJAT.NS, Updated at 2016-09-30
BJATq.L, Updated at 2016-09-30
BJC.BK, Updated at 2016-09-30
BJCf.BK, Updated at 2016-09-30
BJCn.BK, Updated at 2016-09-30
BJFS.NS, Updated at 2016-09-30
BJTM.JK, Updated at 2016-09-30
BLMT.O, Updated at 2016-09-30
BMA.CD, Updated at 2016-06-30
BMG.V, Updated at 2016-07-31
BMRI.JK, Updated at 2016-09-30
BMRN.O, Updated at 2016-09-30
BNh.V, Updated at 2016-06-30
BNLI.JK, Updated at 2016-09-30
BNPP.PA, Updated at 2016-09-30
BON.OL, Updated at 2016-09-30
BRAM.JK, Updated at 2016-09-30
BRES.QA, Updated at 2016-09-30
BRFS.K, Updated at 2016-09-30
BRFS3.SA, Updated at 2016-09-30
BRG.WA, Updated at 2016-06-30
BRIO.MC, Updated at 2016-09-30
BRMS.JK, Updated at 2016-06-30
BSDE.JK, Updated at 2016-09-30
BSOKE.IS, Updated at 2016-09-30
BSRR.O, Updated at 2016-09-30
BTI.V, Updated at 2016-08-31
BUD, Updated at 2016-09-30
BULTEN.ST, Updated at 2016-09-30
BWC.CD, Updated at 2016-06-30
BWEN.O, Updated at 2016-09-30
BYBq.L, Updated at 2016-09-30
BYU.V, Updated at 2016-08-31
CA.O, Updated at 2016-09-30
CABLECPO.MX, Updated at 2016-09-30
CASOIL.ST, Updated at 2016-09-30
CAST.NS, Updated at 2016-09-30
CAV1V.HE, Updated at 2016-09-30
CBD, Updated at 2016-09-30
CBD.DU, Updated at 2016-09-30
CBG, Updated at 2016-09-30
CBI, Updated at 2016-09-30
CBI.V, Updated at 2016-08-31
CBOE.O, Updated at 2016-09-30
CBSM.PA, Updated at 2016-06-30
CBX.V, Updated at 2016-07-31
CEMEXA.MX, Updated at 2016-09-30
CEMEXB.MX, Updated at 2016-09-30
CFW.TO, Updated at 2016-09-30
CGAS3.SA, Updated at 2016-09-30
CGAS5.SA, Updated at 2016-09-30
CHH, Updated at 2016-09-30
CHLA.NS, Updated at 2016-09-30
CHVX34.SA, Updated at 2016-09-30
CIEA.MC, Updated at 2016-09-30
CIG.TO, Updated at 2016-09-30
CIR, Updated at 2016-10-02
CITT.PA, Updated at 2016-09-30
CIVB.O, Updated at 2016-09-30
CIVBP.O, Updated at 2016-09-30
CKH, Updated at 2016-09-30
CLBH.O, Updated at 2016-09-30
CLD, Updated at 2016-09-30
CLH.CN, Updated at 2016-09-30
CLMS.O, Updated at 2016-09-30
CMC, Updated at 2016-08-25
CMCO.O, Updated at 2016-09-30
CMOCTEZ.MX, Updated at 2016-09-30
CMXCPO.MX, Updated at 2016-09-30
CNKO.JK, Updated at 2016-09-30
COBZ.O, Updated at 2016-09-30
COG, Updated at 2016-09-30
COL.SN, Updated at 2016-09-30
COLB.O, Updated at 2016-09-30
COLG.NS, Updated at 2016-09-30
COLM.O, Updated at 2016-09-30
CONVERA.MX, Updated at 2016-09-30
CORF.NS, Updated at 2016-09-30
COWN.O, Updated at 2016-09-30
CPLN.MC, Updated at 2016-09-30
CPN, Updated at 2016-09-30
CPT, Updated at 2016-09-30
CRA1V.HE, Updated at 2016-09-30
CRAI.O, Updated at 2016-10-01
CRBP2.PA, Updated at 2016-09-30
CRCT.SI, Updated at 2016-09-30
CREA.SI, Updated at 2016-09-30
CREAL.MX, Updated at 2016-09-30
CRI.SN, Updated at 2016-09-30
CSX.V, Updated at 2016-06-30
CTS, Updated at 2016-09-30
CUBE.K, Updated at 2016-09-30
CUNB.O, Updated at 2016-09-30
CVE.TO, Updated at 2016-09-30
CVI, Updated at 2016-09-30
CVIE.KL, Updated at 2016-08-31
CVRR.K, Updated at 2016-09-30
CVX, Updated at 2016-09-30
CX, Updated at 2016-09-30
CY.V, Updated at 2016-08-31
CYDSASAA.MX, Updated at 2016-09-30
CYTK.O, Updated at 2016-09-30
CZX.V, Updated at 2016-06-30
DAIO.O, Updated at 2016-09-30
DALA.NS, Updated at 2016-09-30
DANSKE.CO, Updated at 2016-09-30
DB11.DE, Updated at 2016-09-30
DB1Gn.DE, Updated at 2016-09-30
DBKGn.DE, Updated at 2016-09-30
DCARb.ST, Updated at 2016-09-30
DCM, Updated at 2016-09-30
DCOM.O, Updated at 2016-09-30
DCORPm.BK, Updated at 2016-06-30
DCORPmf.BK, Updated at 2016-06-30
DCORPmn.BK, Updated at 2016-06-30
DECK.K, Updated at 2016-09-30
DEF.V, Updated at 2016-06-30
DESPC.IS, Updated at 2016-09-30
DEVh.V, Updated at 2016-06-30
DFI.V, Updated at 2016-06-30
DGICA.O, Updated at 2016-09-30
DGICB.O, Updated at 2016-09-30
DIA.V, Updated at 2016-08-31
DITAS.IS, Updated at 2016-09-30
DLR, Updated at 2016-09-30
DLVh.V, Updated at 2016-08-31
DOBUR.IS, Updated at 2016-09-30
DORO.ST, Updated at 2016-09-30
DTEX3.SA, Updated at 2016-09-30
DURCb.ST, Updated at 2016-09-30
DUTI.JK, Updated at 2016-09-30
DVD, Updated at 2016-09-30
DVLA.JK, Updated at 2016-09-30
DXX.V, Updated at 2016-06-30
ECKG.DE, Updated at 2016-09-30
ECL.SN, Updated at 2016-09-30
ECOL.O, Updated at 2016-09-30
EDE, Updated at 2016-09-30
EDN.LM, Updated at 2016-09-30
EGCYO.IS, Updated at 2016-09-30
EGIE3.SA, Updated at 2016-09-30
EGSER.IS, Updated at 2016-09-30
EI.CD, Updated at 2016-09-30
EICH.NS, Updated at 2016-09-30
EKTL.MC, Updated at 2016-09-30
ELEKTRA.MX, Updated at 2016-09-30
ELIS.PA, Updated at 2016-09-30
ELLI.K, Updated at 2016-09-30
ELPb.LM, Updated at 2016-09-30
ELUXa.ST, Updated at 2016-09-30
ELUXb.ST, Updated at 2016-09-30
ENA.V, Updated at 2016-06-30
ENFC.O, Updated at 2016-09-30
ENGI.LM, Updated at 2016-09-30
ENRO.ST, Updated at 2016-09-30
ENVA.K, Updated at 2016-09-30
EOLUb.ST, Updated at 2016-08-31
EPD, Updated at 2016-09-30
EPS.TO, Updated at 2016-09-30
EQGP.K, Updated at 2016-09-30
EQHL.NS, Updated at 2016-09-30
ERES.QA, Updated at 2016-09-30
ESAN.KL, Updated at 2016-08-31
ESS, Updated at 2016-09-30
ESXB.O, Updated at 2016-09-30
ETL.PA, Updated at 2016-09-30
ETOF.PA, Updated at 2016-09-30
EV.V, Updated at 2016-06-30
EVBN.K, Updated at 2016-09-30
EVER.K, Updated at 2016-09-30
EVER_pa.K, Updated at 2016-09-30
EWK.V, Updated at 2016-08-31
EXCL.JK, Updated at 2016-09-30
EXPE.O, Updated at 2016-09-30
EXXO34.SA, Updated at 2016-09-30
FAE.MC, Updated at 2016-09-30
FBP, Updated at 2016-09-30
FCAP.O, Updated at 2016-09-30
FEEL.ST, Updated at 2016-09-30
FEMSAUB.MX, Updated at 2016-09-30
FFNW.O, Updated at 2016-09-30
FFWM.O, Updated at 2016-09-30
FG.V, Updated at 2016-06-30
FGB.AD, Updated at 2016-09-30
FINAMEXO.MX, Updated at 2016-09-30
FINGb.ST, Updated at 2016-09-30
FLRY3.SA, Updated at 2016-09-30
FM.TO, Updated at 2016-09-30
FMIZP.IS, Updated at 2016-09-30
FMM.V, Updated at 2016-08-31
FMSAUBD.MX, Updated at 2016-09-30
FMX, Updated at 2016-09-30
FMXB34.SA, Updated at 2016-09-30
FORM.O, Updated at 2016-09-24
FPIP.ST, Updated at 2016-09-30
FPO, Updated at 2016-09-30
FR, Updated at 2016-09-30
FRAGUAB.MX, Updated at 2016-09-30
FROTO.IS, Updated at 2016-09-30
G1AG.DE, Updated at 2016-09-30
GBB.V, Updated at 2016-06-30
GBMO.MX, Updated at 2016-09-30
GCI, Updated at 2016-09-25
GENSEG.MX, Updated at 2016-09-30
GFLO.PA, Updated at 2016-09-30
GHP.ST, Updated at 2016-09-30
GIGANTE.MX, Updated at 2016-09-30
GILG.DE, Updated at 2016-09-30
GIMO.K, Updated at 2016-10-01
GISS.QA, Updated at 2016-09-30
GLEN.NS, Updated at 2016-09-30
GLJn.DE, Updated at 2016-09-30
GLOW.BK, Updated at 2016-09-30
GLOWn.BK, Updated at 2016-09-30
GMA.V, Updated at 2016-08-31
GMV.V, Updated at 2016-06-30
GN.V, Updated at 2016-08-31
GNBC.O, Updated at 2016-09-30
GOGL34.SA, Updated at 2016-09-30
GOGL35.SA, Updated at 2016-09-30
GOOG.O, Updated at 2016-09-30
GOOGL.O, Updated at 2016-09-30
GPH1.MX, Updated at 2016-09-30
GPW.WA, Updated at 2016-09-30
GRAS.NS, Updated at 2016-09-30
GRC, Updated at 2016-09-30
GSIT.O, Updated at 2016-09-30
GSW.V, Updated at 2016-08-31
GT.O, Updated at 2016-09-30
GTO.AS, Updated at 2016-09-30
GVA, Updated at 2016-09-30
GWB, Updated at 2016-09-30
GYL.OL, Updated at 2016-09-30
HBI, Updated at 2016-10-01
HBMN.S, Updated at 2016-09-30
HBMNN.S, Updated at 2016-09-30
HELIO.ST, Updated at 2016-09-30
HEOP.O, Updated at 2016-09-30
HEX.OL, Updated at 2016-09-30
HEXAb.ST, Updated at 2016-09-30
HFWA.O, Updated at 2016-09-30
HGTX3.SA, Updated at 2016-09-30
HLS, Updated at 2016-09-30
HOFI.ST, Updated at 2016-09-30
HPSa.TO, Updated at 2016-10-01
HQ.ST, Updated at 2016-09-30
HSHY34.SA, Updated at 2016-10-02
HSON.O, Updated at 2016-09-30
HSY, Updated at 2016-10-02
HTBK.O, Updated at 2016-09-30
HUN, Updated at 2016-09-30
IB.V, Updated at 2016-06-30
IBG.MC, Updated at 2016-09-30
ICAG.L, Updated at 2016-09-30
ICEAIR.IC, Updated at 2016-09-30
IDFC.NS, Updated at 2016-09-30
IDRA.O, Updated at 2016-09-30
IENOVA.MX, Updated at 2016-09-30
IEQi.LM, Updated at 2016-09-30
IEXh.V, Updated at 2016-09-30
IMGN.O, Updated at 2016-09-30
IMO.TO, Updated at 2016-09-30
IMPC.ST, Updated at 2016-09-30
IMR.V, Updated at 2016-08-31
IMTP.PA, Updated at 2016-09-30
IMU.V, Updated at 2016-08-31
INCO.JK, Updated at 2016-09-30
INDF.JK, Updated at 2016-09-30
INFO.IS, Updated at 2016-09-30
INFP.WA, Updated at 2016-09-30
INT, Updated at 2016-09-30
IP, Updated at 2016-09-30
IPAP.NS, Updated at 2016-09-30
IPHS.O, Updated at 2016-09-30
IPT.WA, Updated at 2016-06-30
IRC.V, Updated at 2016-06-30
IROQ.O, Updated at 2016-09-30
IRT, Updated at 2016-09-30
ISBC.O, Updated at 2016-09-30
ISMEN.IS, Updated at 2016-09-30
IZOCM.IS, Updated at 2016-09-30
JANTS.IS, Updated at 2016-09-30
JAPF.SI, Updated at 2016-09-30
JMSH.NS, Updated at 2016-09-30
JNSW.NS, Updated at 2016-09-30
JPFA.JK, Updated at 2016-09-30
JSTL.NS, Updated at 2016-09-30
JZR.V, Updated at 2016-06-30
KAP.V, Updated at 2016-08-31
KIM, Updated at 2016-09-30
KIM_pi, Updated at 2016-09-30
KIM_pj, Updated at 2016-09-30
KIM_pk, Updated at 2016-09-30
KINO.JK, Updated at 2016-09-30
KLGYO.IS, Updated at 2016-09-30
KMCh.V, Updated at 2016-06-30
KOG.OL, Updated at 2016-09-30
KPN.AS, Updated at 2016-09-30
KPRM.NS, Updated at 2016-09-30
KRG, Updated at 2016-09-30
KRGYO.IS, Updated at 2016-09-30
KRNY.O, Updated at 2016-09-30
KRONT.IS, Updated at 2016-09-30
KT, Updated at 2016-09-30
LAZ, Updated at 2016-09-30
LBEL.PA, Updated at 2016-09-30
LECS.PA, Updated at 2016-09-30
LEG, Updated at 2016-09-30
LFX.TO, Updated at 2016-09-30
LING.DE, Updated at 2016-09-30
LKQ.O, Updated at 2016-09-30
LM, Updated at 2016-09-30
LOGM.O, Updated at 2016-09-30
LPG, Updated at 2016-09-30
LPNT.O, Updated at 2016-09-30
LSIP.JK, Updated at 2016-09-30
LXK, Updated at 2016-09-30
MA, Updated at 2016-09-30
MAA, Updated at 2016-09-30
MAC, Updated at 2016-09-30
MAR.TO, Updated at 2016-09-30
MBCN.O, Updated at 2016-09-30
MBT.PS, Updated at 2016-09-30
MDO.V, Updated at 2016-06-30
MDV.V, Updated at 2016-08-31
MED.PS, Updated at 2016-09-30
MEPi.LM, Updated at 2016-09-30
MFRISCOA1.MX, Updated at 2016-09-30
MGI.O, Updated at 2016-09-30
MHO, Updated at 2016-09-30
MHO_pa, Updated at 2016-09-30
MIHO.ST, Updated at 2016-09-30
MIKA.JK, Updated at 2016-09-30
MIPAZ.IS, Updated at 2016-09-30
MIRA.JK, Updated at 2016-09-30
MIYO.SI, Updated at 2016-08-31
MLY.V, Updated at 2016-06-30
MMLP.JK, Updated at 2016-09-30
MNCP.WA, Updated at 2016-09-30
MOBL.O, Updated at 2016-09-30
MPLX.K, Updated at 2016-09-30
MPSL.NS, Updated at 2016-09-30
MRC.PS, Updated at 2016-09-30
MRG.ST, Updated at 2016-09-30
MSCD34.SA, Updated at 2016-09-30
MTNh.V, Updated at 2016-06-30
MUR, Updated at 2016-09-30
MVM.V, Updated at 2016-08-31
MX, Updated at 2016-09-30
NANO.O, Updated at 2016-09-24
NBF.AD, Updated at 2016-09-30
NCH.CN, Updated at 2016-09-30
NDR.V, Updated at 2016-08-31
NED.V, Updated at 2016-06-30
NEE.V, Updated at 2016-06-30
NEG.LM, Updated at 2016-09-30
NEKG.DE, Updated at 2016-09-30
NEST.NS, Updated at 2016-09-30
NGD.TO, Updated at 2016-09-30
NI.PS, Updated at 2016-09-30
NIA.V, Updated at 2016-08-31
NLCS.QA, Updated at 2016-09-30
NOBI.ST, Updated at 2016-09-30
NOFI.OL, Updated at 2016-09-30
NOK, Updated at 2016-09-30
NOKIA.HE, Updated at 2016-09-30
NONG.OL, Updated at 2016-09-30
NOVOb.CO, Updated at 2016-09-30
NR, Updated at 2016-09-30
NSEL.NS, Updated at 2016-09-30
NSU.TO, Updated at 2016-09-30
NSUG.DE, Updated at 2016-09-30
NTE.V, Updated at 2016-08-31
NVO, Updated at 2016-09-30
NWL, Updated at 2016-09-30
NXJ.TO, Updated at 2016-09-30
NZZ.V, Updated at 2016-06-30
OAK, Updated at 2016-09-30
OBDUb.NGM, Updated at 2016-09-30
OCO.V, Updated at 2016-08-31
OFG, Updated at 2016-09-30
OFMN.PA, Updated at 2016-09-30
OGC.AX, Updated at 2016-09-30
OGC.TO, Updated at 2016-09-30
OHLMEX.MX, Updated at 2016-09-30
OII, Updated at 2016-09-30
OIS, Updated at 2016-09-30
OLG.PA, Updated at 2016-06-30
OMRh.V, Updated at 2016-08-31
OP.ST, Updated at 2016-09-30
OPC.CD, Updated at 2016-06-30
OPY, Updated at 2016-09-30
ORI, Updated at 2016-09-30
OSB.TO, Updated at 2016-09-24
OTTTz.F, Updated at 2016-09-30
OVBC.O, Updated at 2016-09-30
OX.V, Updated at 2016-06-30
OYAYO.IS, Updated at 2016-09-30
PADI.JK, Updated at 2016-09-30
PBF, Updated at 2016-09-30
PCAR3.SA, Updated at 2016-09-30
PCAR4.SA, Updated at 2016-09-30
PCCC.O, Updated at 2016-09-30
PCO.O, Updated at 2016-09-30
PCTI.O, Updated at 2016-09-30
PCYO.O, Updated at 2016-08-31
PEBK.O, Updated at 2016-09-30
PENOLES.MX, Updated at 2016-09-30
PERS.NS, Updated at 2016-09-30
PET.V, Updated at 2016-08-31
PFB.TO, Updated at 2016-09-30
PFBX.O, Updated at 2016-09-30
PFG, Updated at 2016-09-30
PFS, Updated at 2016-09-30
PGC.O, Updated at 2016-09-30
PKD, Updated at 2016-09-30
PMBT.KL, Updated at 2016-09-30
PMC.CD, Updated at 2016-06-30
PNBN.JK, Updated at 2016-09-30
PNM, Updated at 2016-09-30
POLHO.IS, Updated at 2016-09-30
POM.LM, Updated at 2016-09-30
POR, Updated at 2016-09-30
PP.V, Updated at 2016-06-30
PPA.V, Updated at 2016-06-30
PPP.V, Updated at 2016-08-31
PPRO.JK, Updated at 2016-09-30
PRGX.O, Updated at 2016-09-30
PRICb.ST, Updated at 2016-09-30
PRIF.BR, Updated at 2016-09-30
PRK, Updated at 2016-09-30
PROTCT.OL, Updated at 2016-09-30
PROX.BR, Updated at 2016-09-30
PRZMA.IS, Updated at 2016-09-30
PSTM.KL, Updated at 2016-09-30
PSV.V, Updated at 2016-09-30
PSX, Updated at 2016-09-30
PSXP.K, Updated at 2016-09-30
PTBA.JK, Updated at 2016-09-30
PXP.PS, Updated at 2016-09-30
PZ.V, Updated at 2016-08-31
QBA.V, Updated at 2016-06-30
QCRH.O, Updated at 2016-09-30
QEWC.QA, Updated at 2016-09-30
QGIR.QA, Updated at 2016-09-30
QI.V, Updated at 2016-06-30
QUFG.BR, Updated at 2016-09-30
RADL3.SA, Updated at 2016-09-30
RAJA.JK, Updated at 2016-09-30
RANC.JK, Updated at 2016-09-30
RBS, Updated at 2016-09-30
RBS.L, Updated at 2016-09-30
RBS_pf, Updated at 2016-09-30
RBS_ph, Updated at 2016-09-30
RBS_pl, Updated at 2016-09-30
RBS_pr, Updated at 2016-09-30
RBS_ps, Updated at 2016-09-30
RBS_pt, Updated at 2016-09-30
RCG.V, Updated at 2016-06-30
RCL, Updated at 2016-09-30
RDY, Updated at 2016-09-30
RECi.LM, Updated at 2016-09-30
RGC, Updated at 2016-09-30
RHT.V, Updated at 2016-06-30
RJCP3.SA, Updated at 2014-12-31
RKS.CD, Updated at 2016-08-31
RLV.V, Updated at 2016-06-30
RMK.WA, Updated at 2016-09-30
ROCK.O, Updated at 2016-09-30
RPI_u.TO, Updated at 2016-09-30
RSG, Updated at 2016-09-30
RSYS.NS, Updated at 2016-09-30
RTM.V, Updated at 2016-08-31
RUG.V, Updated at 2016-08-31
RUTH.O, Updated at 2016-09-25
RVSB.O, Updated at 2016-09-30
RXL.PA, Updated at 2016-09-30
RZ.V, Updated at 2016-06-30
SANKO.IS, Updated at 2016-09-30
SASY.PA, Updated at 2016-09-30
SBBX.O, Updated at 2016-09-30
SBSI.O, Updated at 2016-09-30
SCC.BK, Updated at 2016-09-30
SCCC.BK, Updated at 2016-09-30
SCCCf.BK, Updated at 2016-09-30
SCCCn.BK, Updated at 2016-09-30
SCCf.BK, Updated at 2016-09-30
SCCn.BK, Updated at 2016-09-30
SCG, Updated at 2016-09-30
SCOR.PA, Updated at 2016-09-30
SCX, Updated at 2016-09-30
SDGI.PA, Updated at 2016-09-30
SERV.K, Updated at 2016-09-30
SERVE.IS, Updated at 2016-09-30
SEVI.PA, Updated at 2016-09-30
SFBC.O, Updated at 2016-09-30
SGOB.PA, Updated at 2016-09-30
SGZ.V, Updated at 2016-06-30
SHFG.DE, Updated at 2016-09-30
SHNT.NS, Updated at 2016-09-30
SHOR.O, Updated at 2016-09-30
SHP.LM, Updated at 2016-09-30
SIC.V, Updated at 2016-06-30
SINV.SI, Updated at 2016-09-30
SKAb.ST, Updated at 2016-09-30
SKI.OL, Updated at 2016-09-30
SKMO.ST, Updated at 2016-09-30
SKYW.O, Updated at 2016-09-30
SL.CD, Updated at 2016-06-30
SMGR.JK, Updated at 2016-09-30
SMIi.LM, Updated at 2016-09-30
SMMA.JK, Updated at 2016-09-30
SMN.V, Updated at 2016-08-31
SMP, Updated at 2016-09-30
SMP.V, Updated at 2016-06-30
SMRA.JK, Updated at 2016-09-30
SNY, Updated at 2016-09-30
SOLARb.CO, Updated at 2016-09-30
SPB.TO, Updated at 2016-09-30
SPRC.NS, Updated at 2016-09-30
SPSC.O, Updated at 2016-09-30
SRCL.O, Updated at 2016-09-30
SRCLP.O, Updated at 2016-09-30
SRIL.JK, Updated at 2016-09-30
SS.V, Updated at 2016-06-30
SSABa.ST, Updated at 2016-09-30
SSABb.ST, Updated at 2016-09-30
SSBI.O, Updated at 2016-09-30
SSD, Updated at 2016-09-30
SSS.V, Updated at 2016-06-30
STBZ.O, Updated at 2016-09-30
STF.PA, Updated at 2016-09-30
STRZA.O, Updated at 2016-09-30
STRZB.O, Updated at 2016-09-30
STSA.NS, Updated at 2016-09-30
STWK.ST, Updated at 2016-09-30
STX.O, Updated at 2016-09-30
SUN.CD, Updated at 2016-06-30
SUP, Updated at 2016-09-25
SUP.LM, Updated at 2016-09-30
SUPI.NS, Updated at 2016-09-30
SWAH.KL, Updated at 2016-08-31
SWC, Updated at 2016-09-30
SWH, Updated at 2016-10-01
SWK, Updated at 2016-10-01
SYC.CD, Updated at 2016-06-30
SYK, Updated at 2016-09-30
TASB.MM, Updated at 2016-09-30
TATGD.IS, Updated at 2016-09-30
TBBK.O, Updated at 2016-09-30
TECN3.SA, Updated at 2016-09-30
TEF, Updated at 2016-09-30
TEF.MC, Updated at 2016-09-30
TEML.NS, Updated at 2016-09-30
TEN, Updated at 2016-09-30
TFSL.O, Updated at 2016-09-30
TGHG.F, Updated at 2016-09-30
TGS.OL, Updated at 2016-09-30
TGZ.AX, Updated at 2016-09-30
TGZ.TO, Updated at 2016-09-30
THULE.ST, Updated at 2016-09-30
TIAN.SI, Updated at 2016-09-30
TINP.NS, Updated at 2016-09-30
TKO.TO, Updated at 2016-09-30
TLEVISAA.MX, Updated at 2016-09-30
TLEVISAB.MX, Updated at 2016-09-30
TLEVISAD.MX, Updated at 2016-09-30
TLEVISAL.MX, Updated at 2016-09-30
TLGT.O, Updated at 2016-09-30
TLIG.DE, Updated at 2016-09-30
TLVACPO.MX, Updated at 2016-09-30
TOPO.NS, Updated at 2016-09-30
TOT, Updated at 2016-09-30
TOTF.PA, Updated at 2016-09-30
TPL, Updated at 2016-09-30
TPLC.KL, Updated at 2016-08-31
TPX, Updated at 2016-09-30
TRA.LM, Updated at 2016-09-30
TRA.V, Updated at 2016-08-31
TREE.O, Updated at 2016-09-30
TRIL.JK, Updated at 2016-09-30
TRPL3.SA, Updated at 2016-09-30
TRPL4.SA, Updated at 2016-09-30
TSHS.SI, Updated at 2016-09-30
TSKB.IS, Updated at 2016-09-30
TSTH.BK, Updated at 2016-09-30
TSTHn.BK, Updated at 2016-09-30
TTOh.V, Updated at 2016-08-31
TTRAK.IS, Updated at 2016-09-30
TTRGn.DE, Updated at 2016-09-30
TV, Updated at 2016-09-30
TWTR.K, Updated at 2016-09-30
TWTR34.SA, Updated at 2016-09-30
TYP.V, Updated at 2016-08-31
TYPE.O, Updated at 2016-09-30
UBOH.O, Updated at 2016-09-30
UBSG.S, Updated at 2016-09-30
UFI, Updated at 2016-09-25
UICS.SI, Updated at 2016-09-30
ULH.O, Updated at 2016-09-26
UMC, Updated at 2016-09-30
UNI.LM, Updated at 2016-09-30
UNIi.LM, Updated at 2016-09-30
UPS, Updated at 2016-09-30
UPSS34.SA, Updated at 2016-09-30
URE.TO, Updated at 2016-09-30
USIM3.SA, Updated at 2016-09-30
USIM5.SA, Updated at 2016-09-30
USIM6.SA, Updated at 2016-09-30
VALE.K, Updated at 2016-09-30
VALE3.SA, Updated at 2016-09-30
VALE5.SA, Updated at 2016-09-30
VALEp.K, Updated at 2016-09-30
VASCONI.MX, Updated at 2016-09-30
VASTB.BR, Updated at 2016-09-30
VCRA.K, Updated at 2016-09-30
VDAN.NS, Updated at 2016-09-30
VESTL.IS, Updated at 2016-09-30
VGUA.NS, Updated at 2016-09-30
VIS.MC, Updated at 2016-09-30
VIT.V, Updated at 2016-08-31
VITROA.MX, Updated at 2016-09-30
VKGYO.IS, Updated at 2016-09-30
VRTS.O, Updated at 2016-09-30
VSOL.KL, Updated at 2016-06-30
VTR, Updated at 2016-09-30
VTT.V, Updated at 2016-08-31
VVI, Updated at 2016-09-30
WBB.O, Updated at 2016-09-30
WCB.V, Updated at 2016-06-30
WEBK.O, Updated at 2016-09-30
WFT, Updated at 2016-09-30
WG, Updated at 2016-09-30
WILT.SI, Updated at 2016-09-30
WMR.V, Updated at 2016-08-31
WNDT.NS, Updated at 2016-09-30
WRE, Updated at 2016-09-30
WRG.TO, Updated at 2016-09-30
WRI, Updated at 2016-09-30
WRP.V, Updated at 2016-08-31
WSFS.O, Updated at 2016-09-30
WSKT.JK, Updated at 2016-09-30
WST, Updated at 2016-09-30
WSTG.O, Updated at 2016-09-30
WSUG.DE, Updated at 2016-09-30
WY, Updated at 2016-09-30
XIM.V, Updated at 2016-06-30
XOM, Updated at 2016-09-30
YNDX.O, Updated at 2016-09-30
YVI.V, Updated at 2016-06-30
ZTE.CD, Updated at 2016-06-30
