000009.SZ
000009.SZ
000009.SZ
000009.SZ
000009.SZ
000009.SZ
000012.SZ
000012.SZ
000012.SZ
000012.SZ
000012.SZ
000027.SZ
000027.SZ
000027.SZ
000027.SZ
000060.SZ
000060.SZ
000060.SZ
000060.SZ
000060.SZ
000061.SZ
000061.SZ
000061.SZ
000061.SZ
000061.SZ
000088.SZ
000088.SZ
000088.SZ
000088.SZ
000088.SZ
000096.SZ
000096.SZ
000096.SZ
000096.SZ
000096.SZ
000096.SZ
000096.SZ
000096.SZ
000150.KS
000156.SZ
000156.SZ
000156.SZ
000156.SZ
000156.SZ
000156.SZ
000166.SZ
000166.SZ
000166.SZ
000166.SZ
000166.SZ
000166.SZ
000166.SZ
000338.SZ
000338.SZ
000338.SZ
000338.SZ
000338.SZ
000338.SZ
000370.KS
000403.SZ
000403.SZ
000403.SZ
000403.SZ
000403.SZ
000518.SZ
000518.SZ
000518.SZ
000518.SZ
000518.SZ
000550.SZ
000550.SZ
000550.SZ
000550.SZ
000550.SZ
000557.SZ
000557.SZ
000557.SZ
000557.SZ
000557.SZ
000576.SZ
000576.SZ
000576.SZ
000576.SZ
000582.SZ
000582.SZ
000582.SZ
000582.SZ
000584.SZ
000584.SZ
000584.SZ
000584.SZ
000616.SZ
000616.SZ
000616.SZ
000616.SZ
000650.SZ
000650.SZ
000650.SZ
000650.SZ
000650.SZ
000650.SZ
000650.SZ
000650.SZ
000650.SZ
000650.SZ
000657.SZ
000657.SZ
000657.SZ
000657.SZ
000657.SZ
000665.SZ
000665.SZ
000665.SZ
000665.SZ
000665.SZ
000665.SZ
000669.SZ
000669.SZ
000669.SZ
000669.SZ
000669.SZ
000669.SZ
000669.SZ
000669.SZ
000681.SZ
000681.SZ
000681.SZ
000681.SZ
000681.SZ
000688.SZ
000688.SZ
000688.SZ
000688.SZ
000688.SZ
000688.SZ
000688.SZ
000688.SZ
000690.SZ
000690.SZ
000690.SZ
000690.SZ
000690.SZ
000739.SZ
000739.SZ
000739.SZ
000739.SZ
000739.SZ
000750.SZ
000750.SZ
000750.SZ
000750.SZ
000750.SZ
000750.SZ
000761.SZ
000761.SZ
000761.SZ
000761.SZ
000761.SZ
000776.SZ
000786.SZ
000786.SZ
000786.SZ
000786.SZ
000786.SZ
000786.SZ
000786.SZ
000786.SZ
000786.SZ
000793.SZ
000793.SZ
000793.SZ
000793.SZ
000793.SZ
000793.SZ
000803.SZ
000803.SZ
000803.SZ
000803.SZ
000806.SZ
000806.SZ
000806.SZ
000806.SZ
000810.KS
000830.SZ
000830.SZ
000830.SZ
000830.SZ
000830.SZ
000830.SZ
000830.SZ
000830.SZ
000858.SZ
000858.SZ
000858.SZ
000858.SZ
000858.SZ
000863.SZ
000863.SZ
000863.SZ
000863.SZ
000878.SZ
000878.SZ
000878.SZ
000878.SZ
000878.SZ
000878.SZ
000883.SZ
000883.SZ
000883.SZ
000883.SZ
000883.SZ
000883.SZ
000910.SZ
000910.SZ
000910.SZ
000910.SZ
000910.SZ
000918.SZ
000918.SZ
000918.SZ
000918.SZ
000936.SZ
000936.SZ
000936.SZ
000936.SZ
000936.SZ
000936.SZ
000938.SZ
000938.SZ
000938.SZ
000938.SZ
000938.SZ
000958.SZ
000958.SZ
000958.SZ
000958.SZ
000958.SZ
000958.SZ
000960.SZ
000960.SZ
000960.SZ
000960.SZ
000960.SZ
000967.SZ
000967.SZ
000967.SZ
000967.SZ
000967.SZ
000970.SZ
000970.SZ
000970.SZ
000970.SZ
000970.SZ
000970.SZ
000987.SZ
000987.SZ
000987.SZ
000987.SZ
000987.SZ
001450.KS
001896.SZ
001896.SZ
002001.SZ
002001.SZ
002001.SZ
002001.SZ
002001.SZ
002001.SZ
002003.SZ
002003.SZ
002006.SZ
002006.SZ
002006.SZ
002006.SZ
002006.SZ
002020.SZ
002020.SZ
002020.SZ
002020.SZ
002020.SZ
002031.SZ
002031.SZ
002031.SZ
002031.SZ
002031.SZ
002031.SZ
002037.SZ
002037.SZ
002041.SZ
002041.SZ
002041.SZ
002041.SZ
002041.SZ
002041.SZ
002047.SZ
002047.SZ
002048.SZ
002048.SZ
002048.SZ
002048.SZ
002048.SZ
002063.SZ
002063.SZ
002063.SZ
002063.SZ
002063.SZ
002070.SZ
002070.SZ
002070.SZ
002071.SZ
002071.SZ
002071.SZ
002071.SZ
002081.SZ
002081.SZ
002081.SZ
002081.SZ
002081.SZ
002100.SZ
002100.SZ
002104.SZ
002143.SZ
002143.SZ
002143.SZ
002143.SZ
002143.SZ
002146.SZ
002146.SZ
002146.SZ
002172.SZ
002172.SZ
002172.SZ
002172.SZ
002172.SZ
002172.SZ
002189.SZ
002189.SZ
002189.SZ
002189.SZ
002189.SZ
002209.SZ
002209.SZ
002209.SZ
002209.SZ
002295.SZ
002295.SZ
002295.SZ
002295.SZ
002295.SZ
002300.SZ
002300.SZ
002300.SZ
002304.SZ
002304.SZ
002304.SZ
002304.SZ
002304.SZ
002356.SZ
002356.SZ
002356.SZ
002356.SZ
002356.SZ
002373.SZ
002373.SZ
002373.SZ
002373.SZ
002373.SZ
002373.SZ
002384.SZ
002384.SZ
002384.SZ
002384.SZ
002396.SZ
002396.SZ
002396.SZ
002396.SZ
002396.SZ
002404.SZ
002404.SZ
002404.SZ
002404.SZ
002404.SZ
002404.SZ
002410.SZ
002410.SZ
002410.SZ
002410.SZ
002410.SZ
002410.SZ
002411.SZ
002411.SZ
002425.SZ
002425.SZ
002425.SZ
002425.SZ
002425.SZ
002436.SZ
002444.SZ
002444.SZ
002444.SZ
002444.SZ
002444.SZ
002444.SZ
002448.SZ
002448.SZ
002448.SZ
002448.SZ
002448.SZ
002471.SZ
002471.SZ
002471.SZ
002471.SZ
002471.SZ
002471.SZ
002481.SZ
002481.SZ
002481.SZ
002481.SZ
002481.SZ
002481.SZ
002481.SZ
002481.SZ
002481.SZ
002484.SZ
002484.SZ
002484.SZ
002484.SZ
002484.SZ
002518.SZ
002518.SZ
002518.SZ
002518.SZ
002518.SZ
002520.SZ
002520.SZ
002520.SZ
002520.SZ
002520.SZ
002530.SZ
002530.SZ
002530.SZ
002530.SZ
002530.SZ
002530.SZ
002538.SZ
002538.SZ
002538.SZ
002538.SZ
002538.SZ
002538.SZ
002538.SZ
002538.SZ
002563.SZ
002563.SZ
002563.SZ
002563.SZ
002563.SZ
002579.SZ
002579.SZ
002579.SZ
002579.SZ
002579.SZ
002589.SZ
002589.SZ
002589.SZ
002589.SZ
002589.SZ
002589.SZ
002589.SZ
002589.SZ
002603.SZ
002603.SZ
002603.SZ
002603.SZ
002603.SZ
002611.SZ
002611.SZ
002633.SZ
002633.SZ
002633.SZ
002633.SZ
002641.SZ
002641.SZ
002641.SZ
002641.SZ
002641.SZ
002641.SZ
002642.SZ
002642.SZ
002642.SZ
002654.SZ
002654.SZ
002654.SZ
002654.SZ
002654.SZ
002655.SZ
002655.SZ
002655.SZ
002655.SZ
002655.SZ
002698.SZ
002698.SZ
002698.SZ
002698.SZ
002701.SZ
002717.SZ
002717.SZ
002717.SZ
002717.SZ
002717.SZ
002739.SZ
002739.SZ
002739.SZ
002739.SZ
002739.SZ
002741.SZ
002741.SZ
002741.SZ
002741.SZ
002741.SZ
002769.SZ
002769.SZ
002769.SZ
002769.SZ
002769.SZ
002769.SZ
002769.SZ
002769.SZ
002777.SZ
002777.SZ
002777.SZ
002777.SZ
002777.SZ
002777.SZ
002781.SZ
002781.SZ
002781.SZ
002781.SZ
002781.SZ
002788.SZ
002788.SZ
002788.SZ
002788.SZ
002788.SZ
002788.SZ
008560.KS
016360.KS
034020.KS
034020.KS
071050.KS
071050.KS
082640.KS
086520.KQ
088350.KS
101390.KQ
1186.HK
1186.HK
1186.HK
1186.HK
1186.HK
138040.KS
139480.KS
1566.TWO
1930.T
1930.T
1934.T
1934.T
1934.T
200012.SZ
200012.SZ
200012.SZ
200012.SZ
200012.SZ
200168.SZ
200168.SZ
200168.SZ
200168.SZ
200168.SZ
2002.T
2002.T
200550.SZ
200550.SZ
200550.SZ
200550.SZ
200550.SZ
200761.SZ
200761.SZ
200761.SZ
200761.SZ
200761.SZ
2317.T
2317.T
2317.TW
2317q.L
2326.T
2326.T
2338.HK
2338.HK
2338.HK
2338.HK
2338.HK
2338.HK
2358.TW
2391.T
2391.T
2597.T
2597.T
2597.T
2715.T
2715.T
2715.T
2715.T
2760.T
2760.T
2760.T
2760.T
2760.T
2760.T
2760.T
2760.T
2767.T
2767.T
2818.T
2818.T
2818.T
2894.T
2894.T
2894.T
2894.T
2ENT.ST
2ENT.ST
2ENT.ST
2ENT.ST
2ENT.ST
2ENT.ST
300017.SZ
300017.SZ
300017.SZ
300017.SZ
300017.SZ
300017.SZ
300023.SZ
300023.SZ
300023.SZ
300023.SZ
300023.SZ
300023.SZ
300023.SZ
300023.SZ
300035.SZ
300035.SZ
300035.SZ
300035.SZ
300035.SZ
300035.SZ
300068.SZ
300068.SZ
300068.SZ
300068.SZ
300068.SZ
300068.SZ
300075.SZ
300075.SZ
300075.SZ
300075.SZ
300075.SZ
300078.SZ
300078.SZ
300078.SZ
300078.SZ
300078.SZ
300078.SZ
300090.SZ
300090.SZ
300090.SZ
300090.SZ
300090.SZ
300113.SZ
300113.SZ
300113.SZ
300113.SZ
300113.SZ
300113.SZ
300128.SZ
300128.SZ
300128.SZ
300128.SZ
300128.SZ
300133.SZ
300133.SZ
300133.SZ
300133.SZ
300133.SZ
300134.SZ
300134.SZ
300134.SZ
300134.SZ
300136.SZ
300136.SZ
300136.SZ
300136.SZ
300136.SZ
300136.SZ
300136.SZ
300136.SZ
300146.SZ
300146.SZ
300146.SZ
300146.SZ
300146.SZ
300147.SZ
300147.SZ
300147.SZ
300149.SZ
300149.SZ
300149.SZ
300149.SZ
300149.SZ
300149.SZ
300149.SZ
300149.SZ
300149.SZ
300150.SZ
300150.SZ
300150.SZ
300150.SZ
300150.SZ
300150.SZ
300150.SZ
300155.SZ
300155.SZ
300155.SZ
300155.SZ
300155.SZ
300155.SZ
300155.SZ
300155.SZ
300155.SZ
300180.SZ
300180.SZ
300180.SZ
300180.SZ
300180.SZ
300180.SZ
300180.SZ
300197.SZ
300197.SZ
300197.SZ
300197.SZ
300197.SZ
300197.SZ
300197.SZ
300197.SZ
300217.SZ
300217.SZ
300217.SZ
300217.SZ
300217.SZ
300217.SZ
300224.SZ
300224.SZ
300224.SZ
300224.SZ
300224.SZ
300247.SZ
300247.SZ
300247.SZ
300247.SZ
300247.SZ
300247.SZ
300247.SZ
300247.SZ
300263.SZ
300263.SZ
300263.SZ
300263.SZ
300263.SZ
300263.SZ
300263.SZ
300263.SZ
300263.SZ
300266.SZ
300266.SZ
300266.SZ
300266.SZ
300266.SZ
300266.SZ
300266.SZ
300266.SZ
300269.SZ
300269.SZ
300269.SZ
300269.SZ
300269.SZ
300269.SZ
300285.SZ
300285.SZ
300285.SZ
300285.SZ
300285.SZ
300288.SZ
300288.SZ
300288.SZ
300288.SZ
300288.SZ
300288.SZ
300288.SZ
300288.SZ
300288.SZ
300297.SZ
300297.SZ
300298.SZ
300298.SZ
300298.SZ
300298.SZ
300298.SZ
300298.SZ
300298.SZ
300298.SZ
300298.SZ
300299.SZ
300299.SZ
300304.SZ
300304.SZ
300314.SZ
300314.SZ
300314.SZ
300314.SZ
300314.SZ
300314.SZ
300341.SZ
300341.SZ
300341.SZ
300341.SZ
300341.SZ
300341.SZ
300341.SZ
300341.SZ
300341.SZ
300363.SZ
300363.SZ
300363.SZ
300363.SZ
300363.SZ
300366.SZ
300366.SZ
300366.SZ
300367.SZ
300367.SZ
300376.SZ
300376.SZ
300376.SZ
300376.SZ
300376.SZ
300397.SZ
300397.SZ
300397.SZ
300397.SZ
300397.SZ
300431.SZ
300431.SZ
300431.SZ
300431.SZ
300431.SZ
300443.SZ
300443.SZ
300443.SZ
300443.SZ
300443.SZ
300455.SZ
300455.SZ
300455.SZ
300455.SZ
300455.SZ
300455.SZ
300465.SZ
300465.SZ
300465.SZ
300465.SZ
300465.SZ
300471.SZ
300471.SZ
300471.SZ
300471.SZ
300471.SZ
300485.SZ
300485.SZ
300485.SZ
300485.SZ
300485.SZ
300485.SZ
300485.SZ
300485.SZ
300502.SZ
300502.SZ
300502.SZ
300502.SZ
300502.SZ
3231.T
3231.T
3231.T
3231.T
3264.T
3264.T
3264.T
3264.T
3264.T
3264.T
3440.FU
3440.FU
3440.FU
3440.FU
3440.FU
3440.FU
3440.FU
3440.FU
3440.FU
3633.T
3633.T
3633.T
3649.T
3816.T
4291.T
4291.T
4552.T
4552.T
4726.T
4726.T
4763.T
4763.T
4763.T
4763.T
4763.T
4763.T
4917.T
4951.T
4951.T
4980.T
4980.T
4980.T
4980.T
5481.T
600017.SS
600017.SS
600017.SS
600017.SS
600017.SS
600017.SS
600023.SS
600023.SS
600023.SS
600023.SS
600023.SS
600023.SS
600035.SS
600035.SS
600035.SS
600035.SS
600035.SS
600064.SS
600064.SS
600064.SS
600064.SS
600064.SS
600074.SS
600074.SS
600074.SS
600172.SS
600172.SS
600173.SS
600173.SS
600277.SS
600277.SS
600277.SS
600277.SS
600277.SS
600284.SS
600284.SS
600284.SS
600284.SS
600284.SS
600284.SS
600356.SS
600356.SS
600356.SS
600356.SS
600356.SS
600356.SS
600356.SS
600356.SS
600380.SS
600380.SS
600380.SS
600380.SS
600380.SS
600380.SS
600380.SS
600380.SS
600396.SS
600396.SS
600396.SS
600396.SS
600396.SS
600396.SS
600446.SS
600446.SS
600446.SS
600446.SS
600446.SS
600458.SS
600458.SS
600458.SS
600458.SS
600458.SS
600458.SS
600507.SS
600507.SS
600507.SS
600507.SS
600507.SS
600526.SS
600526.SS
600526.SS
600526.SS
600526.SS
600526.SS
600559.SS
600559.SS
600559.SS
600559.SS
600559.SS
600560.SS
600560.SS
600560.SS
600560.SS
600560.SS
600560.SS
600560.SS
600560.SS
600560.SS
600560.SS
600560.SS
600560.SS
600560.SS
600560.SS
600560.SS
600560.SS
600560.SS
600560.SS
600626.SS
600626.SS
600626.SS
600626.SS
600626.SS
600716.SS
600716.SS
600716.SS
600716.SS
600716.SS
600717.SS
600717.SS
600717.SS
600717.SS
600717.SS
600717.SS
600717.SS
600736.SS
600736.SS
600736.SS
600736.SS
600736.SS
600855.SS
600855.SS
600855.SS
600855.SS
600855.SS
600855.SS
600855.SS
600855.SS
600864.SS
600872.SS
600872.SS
600872.SS
600872.SS
600872.SS
601111.SS
601111.SS
601111.SS
601111.SS
601111.SS
601117.SS
601117.SS
601117.SS
601117.SS
601117.SS
601117.SS
601186.SS
601186.SS
601186.SS
601186.SS
601186.SS
601211.SS
601211.SS
601211.SS
601211.SS
601211.SS
601211.SS
601211.SS
601211.SS
601216.SS
601216.SS
601216.SS
601216.SS
601216.SS
601231.SS
601231.SS
601231.SS
601518.SS
601518.SS
601518.SS
601518.SS
601518.SS
601588.SS
601588.SS
601588.SS
601588.SS
601588.SS
601628.SS
601628.SS
601628.SS
601628.SS
601628.SS
601628.SS
601628.SS
601628.SS
601628.SS
601628.SS
601628.SS
601628.SS
601628.SS
601628.SS
601628.SS
601628.SS
601636.SS
601636.SS
601636.SS
601636.SS
601636.SS
601718.SS
601718.SS
601718.SS
601872.SS
601872.SS
601872.SS
601872.SS
601872.SS
601872.SS
601939.SS
601939.SS
601939.SS
601939.SS
601939.SS
601939.SS
601939.SS
601939.SS
601939.SS
601939.SS
601939.SS
601985.SS
601985.SS
601985.SS
601985.SS
601985.SS
601985.SS
601989.SS
601989.SS
601989.SS
601991.SS
601991.SS
601991.SS
601991.SS
601991.SS
601999.SS
601999.SS
601999.SS
601999.SS
601999.SS
6023.T
603018.SS
603018.SS
603166.SS
603166.SS
603166.SS
603166.SS
603166.SS
603168.SS
603168.SS
603168.SS
603168.SS
603168.SS
603168.SS
603456.SS
603456.SS
603456.SS
603456.SS
603456.SS
603456.SS
603456.SS
603456.SS
603456.SS
603456.SS
603456.SS
603456.SS
603567.SS
603567.SS
603698.SS
603979.SS
603979.SS
603979.SS
603989.SS
603989.SS
6246.TWO
6264.T
6264.T
6470.T
6504.T
6504.T
6504.T
6627.T
6627.T
6627.T
6627.T
6627.T
6627.T
6627.T
6747.T
6747.T
6747.T
6747.T
6788.T
6788.T
6860.T
6955.T
6955.T
6995.T
6995.T
6S2.BB
6S2.BB
7012.T
7241.T
7241.T
7241.T
7268.T
7268.T
7268.T
7422.T
7512.T
7850.T
7862.T
7862.T
7862.T
7862.T
7862.T
7862.T
7891.T
7891.T
7891.T
8005.T
8005.T
8076.NG
8076.NG
8076.NG
8170.HK
8170.HK
8170.HK
8170.HK
8170.HK
8170.HK
8609.T
8609.T
8708.T
8708.T
8708.T
8708.T
8708.T
8708.T
8864.T
8864.T
8864.T
8864.T
8864.T
9037.T
9037.T
9037.T
9037.T
9037.T
9065.T
9065.T
9065.T
9065.T
9065.T
9065.T
9065.T
9065.T
9377.T
9507.T
9507.T
9507.T
9507.T
9507.T
9507.T
9507.T
9507.T
9629.T
9629.T
9759.T
9759.T
9759.T
9759.T
9759.T
9759.T
9759.T
9889.T
9889.T
9889.T
ABB
ABB
ABB
ABX.TO
ACBM.KL
ACBM.KL
ACBM.KL
ACBM.KL
ACBM.KL
ACBM.KL
ACBM.KL
ACBM.KL
ACBM.KL
ACBM.KL
ACBM.KL
ACBM.KL
ACBM.KL
ACBM.KL
ACBM.KL
ACBM.KL
ACOR.O
ACOR.O
ACOR.O
ACOR.O
ACOR.O
ACOR.O
ACOR.O
ACOR.O
ACOR.O
ACOR.O
ACOR.O
ACOR.O
ACOR.O
ACOR.O
ACT.WA
ADRh.V
ADRh.V
ADRh.V
ADRh.V
ADRh.V
ADRh.V
ADRh.V
ADRh.V
AET
AET
AET
AFSh.V
AFSh.V
AFSh.V
AFSh.V
AFSh.V
AFSh.V
AFSh.V
AFSh.V
AFSh.V
AFSh.V
AFSh.V
AIT
AIT
AJG
AJG
AJG
AJG
AJG
AKFGY.IS
AKFGY.IS
AKFGY.IS
AKR
AKR
AKR
AKR
AKR
ALDR.O
ALDR.O
ALDR.O
ALDR.O
ALDR.O
ALDR.O
ALPRO.PA
AMT
AMT
AMT
AMT
AMT_pb
AMT_pb
AMT_pb
AMT_pb
AMZN.O
AMZN.O
AMZN.O
AMZN.O
AMZN.O
AMZN.O
AMZN.O
AMZO34.SA
AMZO34.SA
AMZO34.SA
AMZO34.SA
AMZO34.SA
AMZO34.SA
AMZO34.SA
ANB.V
ANB.V
ANB.V
ANB.V
ANB.V
ANB.V
ANB.V
ANB.V
ANX.TO
ANX.TO
ANX.TO
ANX.TO
ANX.TO
ANX.TO
ANX.TO
ANX.TO
ANX.TO
ANX.TO
APH.V
APH.V
APH.V
APH.V
APH.V
APH.V
APH.V
APH.V
APH.V
APH.V
APH.V
APH.V
APH.V
APH.V
ARIS.O
ARIS.O
ARIS.O
ARIS.O
ARIS.O
ARIS.O
ARIS.O
ASB
ASB
ASB
ASB
ASB
ASB
ASB
ASB_pb
ASB_pb
ASB_pb
ASB_pb
ASB_pb
ASB_pb
ASB_pb
ASB_pc
ASB_pc
ASB_pc
ASB_pc
ASB_pc
ASB_pc
ASB_pc
ASEP.WA
ASEP.WA
ASEP.WA
ASEP.WA
ASEP.WA
ASEP.WA
ASEP.WA
ASEP.WA
ASEP.WA
ASEP.WA
ASEP.WA
ASEP.WA
ASEP.WA
ASEP.WA
ASEP.WA
ASEP.WA
ASEP.WA
ASEP.WA
ASEP.WA
ASEP.WA
ASEP.WA
ASEP.WA
ASEP.WA
ASPS.O
ASPS.O
ASPS.O
ASPS.O
ATR
ATR
ATR
ATR
ATR
ATR
ATR
ATR
ATR
ATR
ATR
ATR
ATR
ATR
AVHI.O
AVHI.O
AVHI.O
AVHI.O
AVHI.O
AVHI.O
AVHI.O
AVHI.O
AVHI.O
AVHI.O
AVT
AVT
AVT
AVT
AVT
AVT
AVT
AVT
AVT
AVT
AVT
AVT
AVT
AVT
AVT
AVT
AVT
AVT
AXC.CD
AXC.CD
AXC.CD
AXC.CD
AXC.CD
AXC.CD
AXS
AXS
AXS
AXS
AXS
AXS
AXS
AXS
AXS
AXS
AXS
AXS
AXS
AXS
AXTA.K
AXTA.K
AXTA.K
AXTA.K
AXTA.K
AXTA.K
AXTI.O
AXTI.O
AXTI.O
AXTI.O
AXTI.O
AXTI.O
AXTI.O
AXTI.O
AXTI.O
AXTI.O
AXTI.O
AXTI.O
AXTI.O
AXTI.O
AYI
AYI
AYI
AYI
AZPN.O
AZPN.O
AZPN.O
AZPN.O
AZPN.O
BAHI3.SA
BEAV.O
BEAV.O
BEAV.O
BEAV.O
BEAV.O
BESI.AS
BESI.AS
BESI.AS
BESI.AS
BESI.AS
BEX.V
BEX.V
BEX.V
BEX.V
BEX.V
BEX.V
BEX.V
BEX.V
BEX.V
BEX.V
BEX.V
BGCP.O
BGCP.O
BGCP.O
BGCP.O
BGCP.O
BGCP.O
BINV.ST
BINV.ST
BINV.ST
BINV.ST
BINV.ST
BINV.ST
BINV.ST
BINV.ST
BINV.ST
BINV.ST
BKR.V
BKR.V
BKR.V
BKR.V
BKR.V
BKR.V
BKR.V
BKR.V
BKR.V
BKR.V
BKR.V
BKR.V
BKR.V
BKR.V
BKR.V
BKR.V
BKR.V
BKSL.JK
BLR.V
BLR.V
BLR.V
BLR.V
BLR.V
BLR.V
BLR.V
BLR.V
BLR.V
BLR.V
BLR.V
BLR.V
BLR.V
BLR.V
BMI
BMI
BMI
BMI
BMI
BMI
BMS
BMS
BMS
BMS
BMS
BMY
BMY
BMY
BMY
BMY
BMY
BMY
BMY
BMYB34.SA
BMYB34.SA
BMYB34.SA
BMYB34.SA
BMYB34.SA
BMYB34.SA
BMYB34.SA
BMYB34.SA
BNCL.O
BNCL.O
BNCL.O
BNCL.O
BNCL.O
BOFI.O
BROCK.BK
BROCKf.BK
BROCKn.BK
BVO.V
BVO.V
BVO.V
BVO.V
BVO.V
BVO.V
BVO.V
BVO.V
BVO.V
BVO.V
BVO.V
BVO.V
BVO.V
BVO.V
BWA
BWA
BWA
BWA
BWA
BWA
BWA
CAB
CAB
CAB
CAB
CACI.K
CATM.O
CATM.O
CATM.O
CBL
CBL
CBL
CBL
CBL
CBL
CBL
CBL
CBL
CBL
CBL
CBL_pd
CBL_pd
CBL_pd
CBL_pd
CBL_pd
CBL_pd
CBL_pd
CBL_pd
CBL_pd
CBL_pd
CBL_pd
CBL_pe
CBL_pe
CBL_pe
CBL_pe
CBL_pe
CBL_pe
CBL_pe
CBL_pe
CBL_pe
CBL_pe
CBL_pe
CBV.V
CBV.V
CBV.V
CBV.V
CBV.V
CBV.V
CCK
CELG.O
CELG.O
CELG.O
CELG.O
CEMP.O
CEMP.O
CEMP.O
CEMP.O
CENX.O
CENX.O
CENX.O
CENX.O
CENX.O
CENX.O
CENX.O
CENX.O
CENX.O
CENX.O
CENX.O
CENX.O
CENX.O
CENX.O
CENX.O
CENX.O
CENX.O
CENX.O
CENX.O
CENX.O
CENX.O
CFFN.O
CFFN.O
CFFN.O
CFFN.O
CL
CL
CL
CL
CL
CL
CL
CLGN34.SA
CLGN34.SA
CLGN34.SA
CLGN34.SA
CNMD.O
CNMD.O
CNMD.O
CNMD.O
CNMD.O
CNMD.O
CNMD.O
CNMD.O
CNMD.O
CNMD.O
CNMD.O
CNMD.O
CNMD.O
CNMD.O
COHU.O
COHU.O
COHU.O
COHU.O
COHU.O
COHU.O
COHU.O
COHU.O
COHU.O
COLG34.SA
COLG34.SA
COLG34.SA
COLG34.SA
COLG34.SA
COLG34.SA
COLG34.SA
COR
COR
COR
COR
COR
COR
COR
COR
COR
COR
CRH.TO
CRH.TO
CRH.TO
CRH.TO
CRH.TO
CRH.TO
CRI
CRR
CRR
CRR
CRR
CRR
CRUS.O
CRY
CRY
CRY
CRY
CRY
CRY
CRY
CRY
CRY
CRY
CRY
CRY
CRY
CRY
CRY
CRY
CRY
CRY
CRY
CRY
CSGP.O
CVLT.O
CVLT.O
CW
CW
CW
CW
CW
CW
CWT
CWT
CWT
CXP
CXP
CXP
CYS
CYS
CYS
CYS
CYY.AX
CYY.AX
CYY.AX
DDE
DDE
DFS
DFS
DFS
DFS
DFS_pb
DFS_pb
DFS_pb
DFS_pb
DLX
DLX
DLX
DLX
DLX
DLX
DLX
DLX
DLX
DLX
DOXA.ST
DOXA.ST
DOXA.ST
DOXA.ST
DOXA.ST
DOXA.ST
DOXA.ST
DOXA.ST
DOXA.ST
DOXA.ST
DOXA.ST
DOXA.ST
DOXA.ST
DOXA.ST
DOXA.ST
DOXA.ST
DOXA.ST
DOXA.ST
DRE
DRE
DRE
DRE
ECHO.O
ECHO.O
ECHO.O
ECHO.O
ECHO.O
ECHO.O
EEFT.O
EEFT.O
EEFT.O
EEFT.O
EEFT.O
EEFT.O
EEFT.O
EEFT.O
EEFT.O
EEFT.O
EEFT.O
EGP
EGP
EHTH.O
EHTH.O
EHTH.O
EHTH.O
ELOSSb.ST
ELOSSb.ST
ELOSSb.ST
ELOSSb.ST
ELOSSb.ST
ELOSSb.ST
ELOSSb.ST
ELOSSb.ST
ELOSSb.ST
ELOSSb.ST
ELOSSb.ST
ELOSSb.ST
ELOSSb.ST
ELOSSb.ST
ELOSSb.ST
ELOSSb.ST
ELOSSb.ST
ELOSSb.ST
ELOSSb.ST
ELOSSb.ST
ELS
ELS
ELS
ELS
ELS
ELS_pc
ELS_pc
ELS_pc
ELS_pc
ELS_pc
ELY.V
EME
EME
EME
EPE
EPE
EPE
EQM
EQM
EQM
EQM
EQM
EQM
EQM
EQM
EQM
EQM
EQM
EQM
EQM
EQM
EQM
EQM
EQM
EQM
EQM
EQM
EQT
EQT
ERIE.O
ERIE.O
ERIE.O
ERIE.O
ERIE.O
ERIE.O
ERIE.O
ERIE.O
ERIE.O
ESCA.O
ESCA.O
ESV
ESV
ESV
ESV
ESV
ESV
EUK.V
EVBS.O
EVBS.O
EW
EW
EW
EW
EW
EW
EXLS.O
EXLS.O
EXLS.O
EXLS.O
EXLS.O
F
F
F
F
F
F
F
F
F
F
FBIZ.O
FBIZ.O
FBIZ.O
FBIZ.O
FBIZ.O
FBIZ.O
FBIZ.O
FCFS.O
FCFS.O
FCFS.O
FCFS.O
FCFS.O
FCFS.O
FCFS.O
FCFS.O
FCFS.O
FCFS.O
FCFS.O
FCFS.O
FCN
FCN
FCN
FCN
FCN
FCN
FCN
FCN
FCN
FDMO34.SA
FDMO34.SA
FDMO34.SA
FDMO34.SA
FDMO34.SA
FDMO34.SA
FDMO34.SA
FDMO34.SA
FDMO34.SA
FDMO34.SA
FHB.O
FHB.O
FHB.O
FII
FII
FII
FII
FII
FII
FII
FII
FII
FII
FII
FII
FISV.O
FISV.O
FISV.O
FIX
FLEX.O
FLEX.O
FLEX.O
FLEX.O
FLIC.O
FLIC.O
FLIC.O
FLIC.O
FLIC.O
FLIC.O
FLIC.O
FLIC.O
FLS
FLS
FLS
FLS
FLS
FLS
FLS
FREN.JK
FTI
FTI
FTI
FTI
FTNT.O
FTNT.O
FTNT.O
FTNT.O
FTV
FTV
FTV
FTV
FTV
FTV
FTV
FTV
FTV
FTV
FTV
FTV
FTV
FTV
FTV
FTV
FTV
FTV
FTV
FTV
FTV
FTV
FTV
GDLN.BO
GIFI.O
GIFI.O
GIFI.O
GIFI.O
GIFI.O
GIFI.O
GLW
GLW
GPC
GRANG.ST
GRJ.WA
GRPN.O
GTG.V
GTG.V
GTG.V
GTG.V
GTLS.O
GTLS.O
GTLS.O
GUOL.KL
GUOL.KL
GUOL.KL
GUOL.KL
GUOL.KL
GUOL.KL
GUOL.KL
GUOL.KL
GUOL.KL
GUOL.KL
GUOL.KL
GWW
GWW
GWW
HAL
HAL
HALI34.SA
HALI34.SA
HBIO.O
HBIO.O
HBIO.O
HBIO.O
HBIO.O
HBIO.O
HCSG.O
HCSG.O
HCSG.O
HCSG.O
HCSG.O
HCSG.O
HCSG.O
HCSG.O
HEES.O
HIG
HIG
HIG
HIG
HIG
HMSN.ST
HMSN.ST
HMSN.ST
HMSN.ST
HMSN.ST
HMSN.ST
HMSN.ST
HMSN.ST
HMSN.ST
HMSN.ST
HMSN.ST
HMSN.ST
HMSN.ST
HMSN.ST
HMSN.ST
HMSN.ST
HMSN.ST
HMSN.ST
HMSN.ST
HMSN.ST
HMSN.ST
HSPG.OL
HSPG.OL
HSPG.OL
HSPG.OL
HSPG.OL
HSPG.OL
HSPG.OL
HSPG.OL
HSPG.OL
HT
HTH
HTH
IART.O
IART.O
IART.O
IART.O
IART.O
IART.O
IART.O
IART.O
IART.O
IART.O
IART.O
IART.O
IART.O
IART.O
IART.O
IART.O
IART.O
IBCP.O
IBCP.O
IBCP.O
IBCP.O
IBCP.O
IBCP.O
IDCC.O
IDCC.O
IDCC.O
IDCC.O
IDCC.O
IIIN.O
IIIN.O
IM
IM
IM
IM
IM
IM
IM
IMAS.JK
IMOS.O
INVA.O
INVA.O
INVA.O
INVA.O
INVA.O
INVA.O
INVA.O
INVA.O
INVA.O
INVA.O
INVA.O
INVA.O
INVA.O
INVA.O
INVA.O
INVA.O
INVA.O
IPG
IPOP.WA
IPOP.WA
IPOP.WA
IRD.TO
IRD.TO
IRD.TO
IRD.TO
IRD.TO
IRD.TO
IRD.TO
IRD.TO
IRD.TO
IRD.TO
IRD.TO
IRD.TO
IRD.TO
IRD.TO
ISET.SI
ISET.SI
ISET.SI
ISET.SI
ISET.SI
ISET.SI
ISET.SI
ISET.SI
ISET.SI
ISET.SI
ISET.SI
ISET.SI
ISET.SI
ISET.SI
ITW
ITW
ITW
ITW
ITW
IVZ
IVZ
IVZ
IVZ
IVZ
IVZ
IX
IX
IX
IX
IX
IX
IX
IX
IX
IX
IX
IX
JBHT.O
JBHT.O
JBHT.O
JBHT.O
JBT
JBT
JBT
JBT
JBT
JBT
JBT
JTIA.KL
JTIA.KL
JTIA.KL
JTIA.KL
JTIA.KL
JTIA.KL
JTIA.KL
JTIA.KL
JTIA.KL
JTIA.KL
JTIA.KL
JTIA.KL
JTIA.KL
JTIA.KL
KAJR.NS
KAMN.K
KAMN.K
KAMN.K
KAMN.K
KEYR.PA
KIRO.NS
KIRO.NS
KIRO.NS
KIRO.NS
KIRO.NS
KNOW.ST
KNOW.ST
KNOW.ST
KNOW.ST
KNOW.ST
KNOW.ST
KNOW.ST
KNOW.ST
KONA.O
KONA.O
KONA.O
KONA.O
KONA.O
KONA.O
KONA.O
KONA.O
KONA.O
KOSS.O
KOSS.O
KRA
KRA
KRA
KRA
KRA
KRC
KRC
KRC
KRC
KRC
KRC
LAD
LAD
LAD
LAD
LCMRUB.MX
LCMRUBC.MX
LH
LILY34.SA
LILY34.SA
LILY34.SA
LILY34.SA
LILY34.SA
LILY34.SA
LILY34.SA
LILY34.SA
LILY34.SA
LILY34.SA
LILY34.SA
LILY34.SA
LILY34.SA
LILY34.SA
LILY34.SA
LILY34.SA
LILY34.SA
LILY34.SA
LILY34.SA
LILY34.SA
LILY34.SA
LITE.O
LITE.O
LITE.O
LITE.O
LLL
LLL
LLL
LLL
LLL
LLL
LLNW.O
LLY
LLY
LLY
LLY
LLY
LLY
LLY
LLY
LLY
LLY
LLY
LLY
LLY
LLY
LLY
LLY
LLY
LLY
LLY
LLY
LLY
LNKD.K
LNKD.K
LNKD.K
LNKD.K
LNKD.K
LNKD.K
LNKD.K
LNKD.K
LNKD.K
LOGN.S
LOGN.S
LPKR.JK
LPKR.JK
LPKR.JK
LSTR.O
LSTR.O
LSTR.O
LSTR.O
LSTR.O
LSTR.O
LTRX.O
LTRX.O
LTRX.O
LTRX.O
LTRX.O
LTRX.O
LTSP.WA
LTSP.WA
LTSP.WA
LTSP.WA
LTSP.WA
MARL.IC
MARL.IC
MARL.IC
MARL.IC
MAT.O
MAT.O
MAT.O
MAT.O
MAT.O
MAT.O
MAT.O
MAT.O
MAT.O
MAT.O
MAT.O
MAT.O
MAT.O
MAT.O
MAT.O
MAT.O
MBVT.O
MBVT.O
MCBC.O
MCBC.O
MD
MD
MD
MDCO.O
MDCO.O
MDCO.O
MDCO.O
MDCO.O
MDCO.O
MDCO.O
MDCO.O
MDCO.O
MDCO.O
MDCO.O
MDCO.O
MDCO.O
MDCO.O
MDCO.O
MDCO.O
MDP
MDP
MDP
MDP
MDP
MDP
MERC.O
MERC.O
MERC.O
MERC.O
MERC.O
MERC.O
MGW.V
MGW.V
MGW.V
MGW.V
MINT.NS
MINT.NS
MINT.NS
MINT.NS
MINT.NS
MJN
MJN
MJN
MJN
MKTX.O
MKTX.O
MKTX.O
MKTX.O
MKTX.O
MKTX.O
MKTX.O
MKTX.O
MKTX.O
MKTX.O
MMC
MMC
MMC
MMC
MMC
MMC
MMC
MMC
MOH
MOH
MOH
MOH
MORN.O
MORN.O
MORN.O
MPX
MPX
MPX
MRLN.O
MRLN.O
MRLN.O
MSA
MSA
MSA
MSA
MSA
MSA
MSA
MSA
MSA
MSCI.K
MSCI.K
MSCI.K
MSCI.K
MSCI.K
MSCI.K
MSCI.K
MSCI.K
MSCI.K
MSCI.K
MSCI.K
MSCI.K
MSCI.K
MSCI.K
MSCI.K
MSCI.K
MSCI.K
MSTR.O
MSTR.O
MSTR.O
MSTR.O
MSTR.O
MSTR.O
MTH
MTH
MTH
MTH
MTH
MTH
MU.O
MU.O
MYEG.KL
MYEG.KL
MYEG.KL
MYEG.KL
MYEG.KL
MYEG.KL
N
NATI.O
NATI.O
NATI.O
NATI.O
NATI.O
NATI.O
NCR
NCR
NEWM.K
NEWS.SI
NEWS.SI
NEWS.SI
NEWS.SI
NEWS.SI
NEWS.SI
NEWS.SI
NEWS.SI
NEWS.SI
NEWS.SI
NNb.ST
NNb.ST
NNb.ST
NNb.ST
NNb.ST
NNb.ST
NNb.ST
NNb.ST
NOTE.ST
NOTE.ST
NOTE.ST
NOTE.ST
NOTE.ST
NOTE.ST
NOV
NOV
NOV
NOV
NOV
NOV
NOV
NSIT.O
NSIT.O
NSIT.O
NSIT.O
NSR
NSR
NSR
NSR
NSR
NTCT.O
NTCT.O
NTCT.O
NTCT.O
NTCT.O
NTCT.O
NTCT.O
NTCT.O
NTCT.O
NTCT.O
NTCT.O
NTCT.O
NTCT.O
NTCT.O
NTCT.O
NTCT.O
NVR
NVR
NVR
NYCB.K
OFC
OFC
OFC
OFC
OFC
OFC
OFC
OFC
ORR.V
ORR.V
ORR.V
ORR.V
ORR.V
ORR.V
ORR.V
ORR.V
ORR.V
ORR.V
OSIS.O
OSIS.O
OSIS.O
OSIS.O
OSIS.O
OSIS.O
OSLO.NFF
OSLO.NFF
OSLO.NFF
OSLO.NFF
OSLO.NFF
OSLO.NFF
OSLO.NFF
OSLO.NFF
OSLO.NFF
OSLO.NFF
OSLO.NFF
OSLO.NFF
OSLO.NFF
OSLO.NFF
OSLO.NFF
OSLO.NFF
OSS.V
OSS.V
OSS.V
OSS.V
OSS.V
OSSRu.IC
OSSRu.IC
OSSRu.IC
OSSRu.IC
OSSRu.IC
OSSRu.IC
OSSRu.IC
OSSRu.IC
OSSRu.IC
OSSRu.IC
PAG
PAG
PAG
PAG
PAG
PAG
PATK.O
PATK.O
PATK.O
PATK.O
PCMI.O
PCMI.O
PCMI.O
PCMI.O
PCMI.O
PCUa.SN
PCUa.SN
PCUa.SN
PCUa.SN
PCUa.SN
PCUa.SN
PCUa.SN
PCUa.SN
PCUa.SN
PCU_pc.SN
PCU_pc.SN
PCU_pc.SN
PCU_pc.SN
PCU_pc.SN
PCU_pc.SN
PCU_pc.SN
PCU_pc.SN
PCU_pc.SN
PCU_pd.SN
PCU_pd.SN
PCU_pd.SN
PCU_pd.SN
PCU_pd.SN
PCU_pd.SN
PCU_pd.SN
PCU_pd.SN
PCU_pd.SN
PEB
PEB
PEB
PEB
PEB
PENP.WA
PF
PF
PGFM.KL
PGFM.KL
PGFM.KL
PGFM.KL
PGFM.KL
PGFM.KL
PGFM.KL
PGFM.KL
PGFM.KL
PGFM.KL
PGFM.KL
PGFM.KL
PGFM.KL
PGFM.KL
PII
PII
PJC
PJC
PJC
PJC
PJC
PJC
PJC
PJC
PJC
PJC
PJC
PJC
PJC
PJC
PJC
PJC
PJC
PKT.V
PKT.V
PKT.V
PKT.V
PKT.V
PKT.V
PKT.V
PKT.V
PKT.V
PNR
POLME.OL
POLME.OL
POLME.OL
POT.TO
POT.TO
POT.TO
POT.TO
POT.TO
POWI.O
POWI.O
POWI.O
POWI.O
POWI.O
POWI.O
POWI.O
POWI.O
POWI.O
POWI.O
POWI.O
POWI.O
POWI.O
POWI.O
POWI.O
PPC.O
PPC.O
PPC.O
PPC.O
PRBC4.SA
PREVb.ST
PREVb.ST
PREVb.ST
PRLB.K
PRLB.K
PRLB.K
PRLB.K
PRLB.K
PRLB.K
PSB
PSB
PSB
PSB
PSB_ps
PSB_ps
PSB_ps
PSB_ps
PSB_pt
PSB_pt
PSB_pt
PSB_pt
PSB_pu
PSB_pu
PSB_pu
PSB_pu
PSB_pv
PSB_pv
PSB_pv
PSB_pv
PSMT.O
PSMT.O
PSMT.O
PSMT.O
PSMT.O
PSSA3.SA
PTPP.JK
PTPP.JK
PX
PX
PX
QDEL.O
QDEL.O
QDEL.O
QDEL.O
QDEL.O
QDEL.O
QDEL.O
QDEL.O
QDEL.O
QDEL.O
QDEL.O
QDEL.O
QDEL.O
QDEL.O
QDEL.O
QDEL.O
QDEL.O
QDEL.O
QDEL.O
QDEL.O
QSII.O
QSII.O
QSII.O
QSII.O
QSII.O
QSII.O
QSII.O
RB.V
RB.V
RB.V
RB.V
RB.V
RB.V
RB.V
RB.V
RB.V
RB.V
RB.V
RB.V
RCII.O
RCII.O
RCII.O
RCII.O
RCII.O
RCII.O
RCII.O
RCII.O
RCII.O
RCII.O
RCII.O
RCII.O
RCII.O
RCII.O
RCII.O
RCII.O
RCII.O
RCKY.O
RCKY.O
RCKY.O
RCKY.O
RCKY.O
RGS
RGS
RGS
RGS
RGS
RILBA.CO
RILBA.CO
RILBA.CO
RILBA.CO
RM
RM
RM
RM
RM
RM
RM
RMBS.O
RMBS.O
RMBS.O
RMBS.O
RMD
RMD.AX
ROL
ROL
ROL
ROL
ROL
ROL
ROL
ROL
RTN
RTN
RTN
RTN
RTN
RTN
RTN
RVV.V
RVV.V
RVV.V
RVV.V
RVV.V
RVV.V
RVV.V
SA.V
SA.V
SA.V
SA.V
SA.V
SA.V
SA.V
SA.V
SA.V
SAG.LM
SAVA.BO
SAVA.BO
SAVA.BO
SAVA.BO
SAVA.BO
SAVA.BO
SAVA.BO
SAVA.BO
SAVA.BO
SAVA.BO
SAVA.BO
SAVA.BO
SAVA.BO
SBSG.DE
SBSG.DE
SBSG.DE
SBSG.DE
SBSG.DE
SBSG.DE
SBSG.DE
SBSG.DE
SBSG.DE
SBSG.DE
SC
SC
SC
SC
SC
SDIF.PA
SDIF.PA
SDIF.PA
SDIF.PA
SDIF.PA
SDIF.PA
SDIF.PA
SDIF.PA
SDIF.PA
SDIF.PA
SDIF.PA
SDIF.PA
SDIF.PA
SDIF.PA
SDIF.PA
SDIF.PA
SDIF.PA
SDIF.PA
SDIF.PA
SDIFn.PA
SDIFn.PA
SDIFn.PA
SDIFn.PA
SDIFn.PA
SDIFn.PA
SDIFn.PA
SDIFn.PA
SDIFn.PA
SDIFn.PA
SDIFn.PA
SDIFn.PA
SDIFn.PA
SDIFn.PA
SDIFn.PA
SDIFn.PA
SDIFn.PA
SDIFn.PA
SDIFn.PA
SFE
SFE
SFE
SFE
SFE
SFE
SFE
SGMO.O
SGMO.O
SGMO.O
SGMO.O
SGMO.O
SGMO.O
SGMO.O
SGMO.O
SGMO.O
SGMO.O
SGMO.O
SGMO.O
SGMO.O
SGMO.O
SIRI.O
SIRI.O
SIRI.O
SIRI.O
SJOVA.IC
SJOVA.IC
SJOVA.IC
SJOVA.IC
SJOVA.IC
SJOVA.IC
SJOVA.IC
SKLN.O
SKT
SKT
SKT
SKT
SKT
SMCI.O
SMCI.O
SMCI.O
SMCI.O
SMCI.O
SMMF.O
SMMF.O
SMMF.O
SMMF.O
SMMF.O
SMMF.O
SMMF.O
SMRT.SI
SNMX.O
SNMX.O
SNMX.O
SNMX.O
SNMX.O
SNMX.O
SNMX.O
SNMX.O
SNMX.O
SNMX.O
SNMX.O
SOBIV.ST
SOBIV.ST
SOBIV.ST
SOBIV.ST
SOBIV.ST
SOBIV.ST
SOBIV.ST
SONS.O
SPNC.O
SPNC.O
SPNC.O
SPNC.O
SPNC.O
SPNC.O
SPOK.O
SPOK.O
SPOK.O
SPOK.O
SPSa.V
SPU.OL
SPU.OL
SPU.OL
SRI
SRI
SRI
SRI
SRI
SRI
SRPT.O
SRPT.O
SRPT.O
SSN
SSN
SSN
SSN
SSN
SSN
SSN
SSN
SSN
SSNC.O
SSNC.O
SSNC.O
SSNC.O
SSNC.O
SSNC.O
SSNC.O
STRT.O
STRT.O
STRT.O
STRT.O
STRT.O
STS
STS
STS
STS
STS
STS
STS
STS
STS
STS
STS
STS
SWRh.V
SWRh.V
SWRh.V
SWRh.V
SWRh.V
SWRh.V
SWRh.V
SWRh.V
TBK.O
TBK.O
TBK.O
TBK.O
TBK.O
TBK.O
TBK.O
TCKa.TO
TCKa.TO
TCKa.TO
TCKa.TO
TCKa.TO
TCKa.TO
TCKa.TO
TCKa.TO
TCKa.TO
TCKa.TO
TCKa.TO
TCKa.TO
TCKa.TO
TCKb.TO
TCKb.TO
TCKb.TO
TCKb.TO
TCKb.TO
TCKb.TO
TCKb.TO
TCKb.TO
TCKb.TO
TCKb.TO
TCKb.TO
TCKb.TO
TCKb.TO
TEAM.O
TEAM.O
TEAM.O
TEL2a.ST
TEL2b.ST
THRM.O
THRM.O
THRM.O
THRM.O
THRM.O
THRM.O
THRM.O
TKR
TKR
TKR
TMG.V
TMG.V
TMG.V
TMG.V
TMG.V
TMG.V
TMG.V
TMGN.IC
TMGN.IC
TMGN.IC
TMGN.IC
TMGN.IC
TMGN.IC
TMGN.IC
TMO
TMO
TMO
TMO
TMOS34.SA
TMOS34.SA
TMOS34.SA
TMOS34.SA
TMST.K
TMST.K
TMST.K
TMST.K
TMST.K
TNG.V
TNG.V
TNG.V
TNG.V
TNG.V
TNG.V
TNG.V
TNG.V
TNG.V
TNG.V
TNG.V
TNG.V
TNG.V
TNG.V
TPH
TPH
TPH
TPH
TPH
TPH
TRS.O
TRS.O
TRS.O
TRS.O
TRS.O
TRS.O
TRS.O
TUES.O
TUES.O
TUES.O
TZOO.O
TZOO.O
TZOO.O
TZOO.O
TZOO.O
TZOO.O
TZOO.O
TZOO.O
TZOO.O
TZOO.O
TZOO.O
TZOO.O
TZOO.O
TZOO.O
TZOO.O
UFPI.O
UFPI.O
UFPI.O
UHT
UHT
UHT
UHT
UHT
UHT
UIS
ULBI.O
ULBI.O
UNM
UNM
UNM
UNM
UNM
UNM
UNM
UNM
UNM
UNM
UNM
UNM
UNM
UNTY.O
UNTY.O
UNTY.O
UNTY.O
UNTY.O
UNTY.O
USLM.O
USLM.O
USLM.O
USLM.O
USLM.O
USLM.O
USLM.O
USLM.O
USLM.O
USLM.O
USLM.O
USS.V
UTEC34.SA
UTEC34.SA
UTEC34.SA
UTEK.O
UTEK.O
UTEK.O
UTEK.O
UTEK.O
UTEK.O
UTX
UTX
UTX
VC
VC
VC
VC
VC
VC
VDSI.O
VDSI.O
VDSI.O
VDSI.O
VDSI.O
VDSI.O
VDSI.O
VDSI.O
VDSI.O
VDSI.O
VDSI.O
VDSI.O
VDSI.O
VDSI.O
VG
VG
VG
VG
VG
VG
VG
VGEL.BO
VGEL.BO
VGEL.BO
VGEL.BO
VGEL.BO
VGEL.BO
VGEL.BO
VGEL.BO
VGEL.BO
VGEL.BO
VGEL.BO
VGEL.BO
VGEL.BO
VGEL.BO
VICE.NS
VICR.O
VICR.O
VICR.O
VICR.O
VRSN.O
VRSN.O
VVAR11.SA
VVAR11.SA
VVAR11.SA
VVAR11S.SA
VVAR11S.SA
VVAR11S.SA
VVAR11T.SA
VVAR11T.SA
VVAR11T.SA
VVAR3.SA
VVAR3.SA
VVAR3.SA
VVAR4.SA
VVAR4.SA
VVAR4.SA
WCHG.DE
WCHG.DE
WCHG.DE
WCHG.DE
WDR
WEX
WEX
WEX
WEX
WEX
WEX
WEX
WEX
WEX
WEX
WEX
WLL
WLL
WLL
WTON.JK
WWE
WWE
WWE
WWE
WWE
WWE
WWE
XEL
XEL
XEL
XEL
XEL
XEL
XEL
XEL
XEL
XEL
XEL
XEL
XEL
XEL
XEL
XEL
XEL
XEL
XEL
XEL
XEL
XEL
XLNX.O
XLNX.O
XLNX.O
XLNX.O
XLNX.O
XRM
XRM
XRM
XRM
XRM
XRM
XRM
XRM
XRM
XRM
XRM
XRM
XRM
XRM
XRM
XRM
XRM
XRM
XRM
XRM
XRM
XRX
XRXB34.SA
YRCW.O
YRCW.O
YTLP.KL
YTLP.KL
YTLP.KL
YTLP.KL
YTLP.KL
YTLP.KL
YTLP.KL
YTLS.KL
YTLS.KL
YTLS.KL
YTLS.KL
YTLS.KL
YTLS.KL
YTLS.KL
YTLS.KL
