000040.KS, Updated at 2016-09-30
000080.KS, Updated at 2016-09-30
000140.KS, Updated at 2016-09-30
000250.KQ, Updated at 2016-09-30
000480.KS, Updated at 2016-09-30
000490.KS, Updated at 2016-09-30
000520.KS, Updated at 2016-09-30
000850.KS, Updated at 2016-09-30
000880.KS, Updated at 2016-09-30
000990.KS, Updated at 2016-09-30
001130.KS, Updated at 2016-09-30
001210.KS, Updated at 2016-09-30
001390.KS, Updated at 2016-09-30
001550.KS, Updated at 2016-09-30
001560.KS, Updated at 2016-09-30
001840.KQ, Updated at 2016-09-30
002030.KS, Updated at 2016-09-30
002150.KS, Updated at 2016-09-30
002210.KS, Updated at 2016-09-30
002230.KQ, Updated at 2016-09-30
002250.KS, Updated at 2016-09-30
002310.KS, Updated at 2016-09-30
002390.KS, Updated at 2016-09-30
002710.KS, Updated at 2016-09-30
002720.KS, Updated at 2016-09-30
002840.KS, Updated at 2016-09-30
002900.KS, Updated at 2016-09-30
003000.KS, Updated at 2016-09-30
003060.KS, Updated at 2016-09-30
003080.KS, Updated at 2016-09-30
003350.KS, Updated at 2016-09-30
003410.KS, Updated at 2016-09-30
003580.KS, Updated at 2016-09-30
003650.KS, Updated at 2016-09-30
003800.KQ, Updated at 2016-09-30
003960.KS, Updated at 2016-09-30
0043.HK, Updated at 2016-09-30
004710.KS, Updated at 2016-09-30
004770.KS, Updated at 2016-09-30
005070.KS, Updated at 2016-09-30
005160.KQ, Updated at 2016-09-30
005320.KS, Updated at 2016-09-30
005670.KQ, Updated at 2016-09-30
005800.KS, Updated at 2016-09-30
005980.KS, Updated at 2016-09-30
006090.KS, Updated at 2016-09-30
006120.KS, Updated at 2016-09-30
006140.KQ, Updated at 2016-09-30
006370.KS, Updated at 2016-09-30
006880.KS, Updated at 2016-09-30
006920.KQ, Updated at 2016-09-30
007120.KS, Updated at 2016-09-30
007190.KS, Updated at 2016-09-30
007340.KS, Updated at 2016-09-30
007530.KQ, Updated at 2016-09-30
007700.KS, Updated at 2016-09-30
008040.KS, Updated at 2016-09-30
008110.KS, Updated at 2016-09-30
008600.KS, Updated at 2016-09-30
008730.KS, Updated at 2016-09-30
009180.KS, Updated at 2016-09-30
009270.KS, Updated at 2016-09-30
009290.KS, Updated at 2016-09-30
009770.KS, Updated at 2016-09-30
010240.KQ, Updated at 2016-09-30
010600.KS, Updated at 2016-09-30
011090.KS, Updated at 2016-09-30
011390.KS, Updated at 2016-09-30
011790.KS, Updated at 2016-09-30
013720.KQ, Updated at 2016-09-30
014440.KS, Updated at 2016-09-30
014570.KQ, Updated at 2016-09-30
014680.KS, Updated at 2016-09-30
014710.KS, Updated at 2016-09-30
016450.KS, Updated at 2016-09-30
017370.KS, Updated at 2016-09-30
017480.KQ, Updated at 2016-09-30
017550.KS, Updated at 2016-09-30
018670.KS, Updated at 2016-09-30
018680.KQ, Updated at 2016-09-30
019010.KQ, Updated at 2016-09-30
019770.KQ, Updated at 2016-09-30
020710.KQ, Updated at 2016-09-30
021040.KQ, Updated at 2016-09-30
021050.KS, Updated at 2016-09-30
022100.KQ, Updated at 2016-09-30
023150.KS, Updated at 2016-09-30
023600.KQ, Updated at 2016-09-30
023910.KQ, Updated at 2016-09-30
024070.KS, Updated at 2016-09-30
024720.KS, Updated at 2016-09-30
024840.KQ, Updated at 2016-09-30
025820.KS, Updated at 2016-09-30
025880.KQ, Updated at 2016-09-30
026960.KS, Updated at 2016-09-30
027740.KS, Updated at 2016-09-30
028300.KQ, Updated at 2016-09-30
029530.KS, Updated at 2016-09-30
030790.KS, Updated at 2016-09-30
031310.KQ, Updated at 2016-09-30
031330.KQ, Updated at 2016-09-30
031390.KQ, Updated at 2016-09-30
031440.KS, Updated at 2016-09-30
032280.KQ, Updated at 2016-09-30
032350.KS, Updated at 2016-09-30
032500.KQ, Updated at 2016-09-30
032560.KS, Updated at 2016-09-30
032580.KQ, Updated at 2016-09-30
032680.KQ, Updated at 2016-09-30
032790.KQ, Updated at 2016-09-30
032800.KQ, Updated at 2016-09-30
032830.KS, Updated at 2016-09-30
033050.KQ, Updated at 2016-09-30
033100.KQ, Updated at 2016-09-30
033110.KQ, Updated at 2016-09-30
033170.KQ, Updated at 2016-09-30
033230.KQ, Updated at 2016-09-30
033270.KS, Updated at 2016-09-30
034120.KS, Updated at 2016-09-30
034830.KS, Updated at 2016-09-30
035610.KQ, Updated at 2016-09-30
035900.KQ, Updated at 2016-09-30
036540.KQ, Updated at 2016-09-30
036560.KQ, Updated at 2016-09-30
036830.KQ, Updated at 2016-09-30
036930.KQ, Updated at 2016-09-30
037370.KQ, Updated at 2016-09-30
038160.KQ, Updated at 2016-09-30
039340.KQ, Updated at 2016-09-30
039440.KQ, Updated at 2016-09-30
039860.KQ, Updated at 2016-09-30
040160.KQ, Updated at 2016-09-30
041460.KQ, Updated at 2016-09-30
041510.KQ, Updated at 2016-09-30
041830.KQ, Updated at 2016-09-30
042500.KQ, Updated at 2016-09-30
043100.KQ, Updated at 2016-09-30
043200.KQ, Updated at 2016-09-30
043650.KQ, Updated at 2016-09-30
044490.KQ, Updated at 2016-09-30
044780.KQ, Updated at 2016-09-30
045100.KQ, Updated at 2016-09-30
045390.KQ, Updated at 2016-09-30
045660.KQ, Updated at 2016-09-30
046140.KQ, Updated at 2016-09-30
046390.KQ, Updated at 2016-09-30
047310.KQ, Updated at 2016-09-30
047400.KS, Updated at 2016-09-30
047820.KQ, Updated at 2016-09-30
049070.KQ, Updated at 2016-09-30
049180.KQ, Updated at 2016-09-30
049950.KQ, Updated at 2016-09-30
050760.KQ, Updated at 2016-09-30
051490.KQ, Updated at 2016-09-30
052020.KQ, Updated at 2016-09-30
052300.KQ, Updated at 2016-09-30
052420.KQ, Updated at 2016-09-30
052600.KQ, Updated at 2016-09-30
052790.KQ, Updated at 2016-09-30
052900.KQ, Updated at 2016-09-30
053030.KQ, Updated at 2016-09-30
053270.KQ, Updated at 2016-09-30
053280.KQ, Updated at 2016-09-30
053350.KQ, Updated at 2016-09-30
053450.KQ, Updated at 2016-09-30
053590.KQ, Updated at 2016-09-30
053610.KQ, Updated at 2016-09-30
054220.KQ, Updated at 2016-09-30
054540.KQ, Updated at 2016-09-30
054630.KQ, Updated at 2016-09-30
054670.KQ, Updated at 2016-09-30
0551.HK, Updated at 2016-09-30
056000.KQ, Updated at 2016-09-30
056190.KQ, Updated at 2016-09-30
056360.KQ, Updated at 2016-09-30
057500.KQ, Updated at 2016-09-30
058530.KQ, Updated at 2016-09-30
058610.KQ, Updated at 2016-09-30
058630.KQ, Updated at 2016-09-30
060250.KQ, Updated at 2016-09-30
060260.KQ, Updated at 2016-09-30
060310.KQ, Updated at 2016-09-30
060480.KQ, Updated at 2016-09-30
060590.KQ, Updated at 2016-09-30
063440.KQ, Updated at 2016-09-30
064260.KQ, Updated at 2016-09-30
065170.KQ, Updated at 2016-09-30
065440.KQ, Updated at 2016-09-30
065450.KQ, Updated at 2016-09-30
065560.KQ, Updated at 2016-09-30
065620.KQ, Updated at 2016-09-30
065650.KQ, Updated at 2016-09-30
065660.KQ, Updated at 2016-09-30
065680.KQ, Updated at 2016-09-30
066130.KQ, Updated at 2016-09-30
066310.KQ, Updated at 2016-09-30
067010.KQ, Updated at 2016-09-30
067170.KQ, Updated at 2016-09-30
067770.KQ, Updated at 2016-09-30
067830.KS, Updated at 2016-09-30
067990.KQ, Updated at 2016-09-30
068940.KQ, Updated at 2016-09-30
069410.KQ, Updated at 2016-09-30
069640.KS, Updated at 2016-09-30
071090.KS, Updated at 2016-09-30
071200.KQ, Updated at 2016-09-30
071320.KS, Updated at 2016-09-30
071950.KS, Updated at 2016-09-30
072770.KQ, Updated at 2016-09-30
073110.KQ, Updated at 2016-09-30
073190.KQ, Updated at 2016-09-30
074430.KQ, Updated at 2016-09-30
078070.KQ, Updated at 2016-09-30
078940.KQ, Updated at 2016-09-30
079170.KQ, Updated at 2016-09-30
079190.KQ, Updated at 2016-09-30
079660.KS, Updated at 2016-09-30
079810.KQ, Updated at 2016-09-30
079950.KQ, Updated at 2016-09-30
079970.KQ, Updated at 2016-09-30
080470.KQ, Updated at 2016-09-30
081000.KS, Updated at 2016-09-30
081150.KQ, Updated at 2016-09-30
082210.KQ, Updated at 2016-09-30
082800.KQ, Updated at 2016-09-30
083310.KQ, Updated at 2016-09-30
083650.KQ, Updated at 2016-09-30
084180.KQ, Updated at 2016-09-30
084730.KQ, Updated at 2016-09-30
085910.KQ, Updated at 2016-09-30
086250.KQ, Updated at 2016-09-30
086670.KQ, Updated at 2016-09-30
086900.KQ, Updated at 2016-09-30
087600.KQ, Updated at 2016-09-30
088800.KQ, Updated at 2016-09-30
088910.KQ, Updated at 2016-09-30
089980.KQ, Updated at 2016-09-30
091580.KQ, Updated at 2016-09-30
092040.KQ, Updated at 2016-09-30
092200.KS, Updated at 2016-09-30
093050.KS, Updated at 2016-09-30
093190.KQ, Updated at 2016-09-30
093520.KQ, Updated at 2016-09-30
094820.KQ, Updated at 2016-09-30
094970.KQ, Updated at 2016-09-30
095660.KQ, Updated at 2016-09-30
096240.KQ, Updated at 2016-09-30
096640.KQ, Updated at 2016-09-30
097520.KQ, Updated at 2016-09-30
099320.KQ, Updated at 2016-09-30
099440.KQ, Updated at 2016-09-30
100120.KQ, Updated at 2016-09-30
100250.KS, Updated at 2016-09-30
100660.KQ, Updated at 2016-09-30
101060.KS, Updated at 2016-09-30
101490.KQ, Updated at 2016-09-30
103230.KQ, Updated at 2016-09-30
104040.KQ, Updated at 2016-09-30
104460.KQ, Updated at 2016-09-30
105630.KS, Updated at 2016-09-30
106190.KQ, Updated at 2016-09-30
109080.KQ, Updated at 2016-09-30
109860.KQ, Updated at 2016-09-30
1108.TW, Updated at 2016-09-30
1110.TW, Updated at 2016-09-30
113810.KQ, Updated at 2016-09-30
114120.KQ, Updated at 2016-09-30
114190.KQ, Updated at 2016-09-30
115450.KQ, Updated at 2016-09-30
115960.KQ, Updated at 2016-09-30
1203.TW, Updated at 2016-09-30
1210.TW, Updated at 2016-09-30
121600.KQ, Updated at 2016-09-30
1217.TW, Updated at 2016-09-30
122450.KQ, Updated at 2016-09-30
1229.TW, Updated at 2016-09-30
123330.KQ, Updated at 2016-09-30
123690.KS, Updated at 2016-09-30
123840.KQ, Updated at 2016-09-30
126600.KQ, Updated at 2016-09-30
126700.KQ, Updated at 2016-09-30
127710.KQ, Updated at 2016-09-30
1303.TW, Updated at 2016-09-30
1305.TW, Updated at 2016-09-30
131370.KQ, Updated at 2016-09-30
1316.TW, Updated at 2016-09-30
1336.TWO, Updated at 2016-09-30
134060.KQ, Updated at 2016-09-30
136490.KS, Updated at 2016-09-30
137400.KQ, Updated at 2016-09-30
137940.KQ, Updated at 2016-09-30
137950.KQ, Updated at 2016-09-30
1400.T, Updated at 2016-09-30
141020.KQ, Updated at 2016-09-30
1417.TW, Updated at 2016-09-30
1420.T, Updated at 2016-09-30
1431.FU, Updated at 2016-09-30
1441.TW, Updated at 2016-09-30
1444.TW, Updated at 2016-09-30
1447.TW, Updated at 2016-09-30
1451.TW, Updated at 2016-09-30
1457.TW, Updated at 2016-09-30
1474.TW, Updated at 2016-09-30
147830.KQ, Updated at 2016-09-30
148250.KQ, Updated at 2016-09-30
1512.TW, Updated at 2016-09-30
1538.HK, Updated at 2016-09-30
1538.TW, Updated at 2016-09-30
155660.KS, Updated at 2016-09-30
1593.TWO, Updated at 2016-09-30
1604.TW, Updated at 2016-09-30
1605.T, Updated at 2016-09-30
1609.TW, Updated at 2016-09-30
1612.TW, Updated at 2016-09-30
1615.TW, Updated at 2016-09-30
161890.KS, Updated at 2016-09-30
170030.KQ, Updated at 2016-09-30
1701.TW, Updated at 2016-09-30
170920.KQ, Updated at 2016-09-30
171120.KQ, Updated at 2016-09-30
1715.TW, Updated at 2016-09-30
1717.TW, Updated at 2016-09-30
1718.TW, Updated at 2016-09-30
1722.TW, Updated at 2016-09-30
1727.TW, Updated at 2016-09-30
1736.TW, Updated at 2016-09-30
173940.KQ, Updated at 2016-09-30
1743.T, Updated at 2016-09-30
1757.T, Updated at 2016-09-30
177350.KQ, Updated at 2016-09-30
1777.TWO, Updated at 2016-09-30
1782.T, Updated at 2016-09-30
1783.TW, Updated at 2016-09-30
1784.TWO, Updated at 2016-09-30
1788.TWO, Updated at 2016-09-30
1795.TWO, Updated at 2016-09-30
1801.T, Updated at 2016-09-30
1805.T, Updated at 2016-09-30
1805.TW, Updated at 2016-09-30
1809.TW, Updated at 2016-09-30
1813.T, Updated at 2016-09-30
1815.T, Updated at 2016-09-30
1815.TWO, Updated at 2016-09-30
182360.KQ, Updated at 2016-09-30
1824.T, Updated at 2016-09-30
182690.KQ, Updated at 2016-09-30
1827.T, Updated at 2016-09-30
183190.KS, Updated at 2016-09-30
1847.T, Updated at 2016-09-30
1861.T, Updated at 2016-09-30
1879.T, Updated at 2016-09-30
1883.T, Updated at 2016-09-30
1884.T, Updated at 2016-09-30
1885.T, Updated at 2016-09-30
1890.T, Updated at 2016-09-30
1892.NG, Updated at 2016-09-30
1893.T, Updated at 2016-09-30
1904.TW, Updated at 2016-09-30
1905.T, Updated at 2016-09-30
1914.T, Updated at 2016-09-30
192410.KQ, Updated at 2016-09-30
1931.T, Updated at 2016-09-30
1937.T, Updated at 2016-09-30
1954.T, Updated at 2016-09-30
1961.T, Updated at 2016-09-30
1964.T, Updated at 2016-09-30
1968.T, Updated at 2016-09-30
1975.T, Updated at 2016-09-30
1979.T, Updated at 2016-09-30
1984.T, Updated at 2016-09-30
1987.T, Updated at 2016-09-30
1989.T, Updated at 2016-09-30
200130.KQ, Updated at 2016-09-30
200670.KQ, Updated at 2016-09-30
2012.TW, Updated at 2016-09-30
2027.TW, Updated at 2016-09-30
2058.FU, Updated at 2016-09-30
206400.KQ, Updated at 2016-09-30
208870.KQ, Updated at 2016-09-30
2101.TW, Updated at 2016-09-30
2102.TW, Updated at 2016-09-30
2105.TW, Updated at 2016-09-30
2106.TW, Updated at 2016-09-30
2108.T, Updated at 2016-09-30
211270.KQ, Updated at 2016-09-30
2138.T, Updated at 2016-09-30
214330.KS, Updated at 2016-09-30
2172.SP, Updated at 2016-09-30
2179.T, Updated at 2016-09-30
2181.T, Updated at 2016-09-30
2183.T, Updated at 2016-09-30
2191.T, Updated at 2016-09-30
219130.KQ, Updated at 2016-09-30
220260.KQ, Updated at 2016-09-30
220630.KQ, Updated at 2016-09-30
2215.T, Updated at 2016-09-30
222110.KQ, Updated at 2016-09-30
2226.T, Updated at 2016-09-30
2267.T, Updated at 2016-09-30
2293.T, Updated at 2016-09-30
2305.TW, Updated at 2016-09-30
2311.T, Updated at 2016-09-30
2316.TW, Updated at 2016-09-30
2321.T, Updated at 2016-09-30
2323.T, Updated at 2016-09-30
2340.TW, Updated at 2016-09-30
2351.TW, Updated at 2016-09-30
2353.TW, Updated at 2016-09-30
2377.TW, Updated at 2016-09-30
2379.TW, Updated at 2016-09-30
2385.T, Updated at 2016-09-30
2388.TW, Updated at 2016-09-30
2392.TW, Updated at 2016-09-30
2399.TW, Updated at 2016-09-30
2409.TW, Updated at 2016-09-30
2412.TW, Updated at 2016-09-30
2413.TW, Updated at 2016-09-30
2415.T, Updated at 2016-09-30
2418.T, Updated at 2016-09-30
2431.TW, Updated at 2016-09-30
2436.T, Updated at 2016-09-30
2442.TW, Updated at 2016-09-30
2453.TW, Updated at 2016-09-30
2457.TW, Updated at 2016-09-30
2459.TW, Updated at 2016-09-30
2460.TW, Updated at 2016-09-30
2475.T, Updated at 2016-09-30
2485.TW, Updated at 2016-09-30
2486.TW, Updated at 2016-09-30
2488.T, Updated at 2016-09-30
2489.TW, Updated at 2016-09-30
2493.TW, Updated at 2016-09-30
2495.TW, Updated at 2016-09-30
2498.TW, Updated at 2016-09-30
2505.TW, Updated at 2016-09-30
2520.TW, Updated at 2016-09-30
2527.TW, Updated at 2016-09-30
2534.TW, Updated at 2016-09-30
2537.TW, Updated at 2016-09-30
2538.TW, Updated at 2016-09-30
2542.TW, Updated at 2016-09-30
2546.TW, Updated at 2016-09-30
2580.T, Updated at 2016-09-30
2588.T, Updated at 2016-09-30
2603.TW, Updated at 2016-09-30
2603q.L, Updated at 2016-09-30
2607.TW, Updated at 2016-09-30
2608.T, Updated at 2016-09-30
2617.TW, Updated at 2016-09-30
2618.TW, Updated at 2016-09-30
2634.TW, Updated at 2016-09-30
2666.T, Updated at 2016-09-30
2681.T, Updated at 2016-09-30
2703.T, Updated at 2016-09-30
2705.TW, Updated at 2016-09-30
2707.TW, Updated at 2016-09-30
2719.T, Updated at 2016-09-30
2731.TW, Updated at 2016-09-30
2743.T, Updated at 2016-09-30
2762.T, Updated at 2016-09-30
2764.T, Updated at 2016-09-30
2780.T, Updated at 2016-09-30
2790.T, Updated at 2016-09-30
2795.T, Updated at 2016-09-30
2831.T, Updated at 2016-09-30
2876.T, Updated at 2016-09-30
2877.T, Updated at 2016-09-30
2903.TW, Updated at 2016-09-30
2904.T, Updated at 2016-09-30
2917.T, Updated at 2016-09-30
2924.TWO, Updated at 2016-09-30
2926.T, Updated at 2016-09-30
2926.TWO, Updated at 2016-09-30
3002.TW, Updated at 2016-09-30
3004.TW, Updated at 2016-09-30
3014.TW, Updated at 2016-09-30
3016.TW, Updated at 2016-09-30
3022.TW, Updated at 2016-09-30
3026.TW, Updated at 2016-09-30
3031.TW, Updated at 2016-09-30
3032.NG, Updated at 2016-09-30
3032.TW, Updated at 2016-09-30
3042.T, Updated at 2016-09-30
3046.TW, Updated at 2016-09-30
3051.TW, Updated at 2016-09-30
3056.TW, Updated at 2016-09-30
3059.TW, Updated at 2016-09-30
3068.T, Updated at 2016-09-30
3069.T, Updated at 2016-09-30
3083.TWO, Updated at 2016-09-30
3088.T, Updated at 2016-09-30
3088.TWO, Updated at 2016-09-30
3090.TW, Updated at 2016-09-30
3105.TWO, Updated at 2016-09-30
3121.T, Updated at 2016-09-30
3131.TWO, Updated at 2016-09-30
3135.T, Updated at 2016-09-30
3138.T, Updated at 2016-09-30
3143.T, Updated at 2016-09-30
3162.TWO, Updated at 2016-09-30
3163.TWO, Updated at 2016-09-30
3164.TW, Updated at 2016-09-30
3165.T, Updated at 2016-09-30
3171.TWO, Updated at 2016-09-30
3175.T, Updated at 2016-09-30
3188.TWO, Updated at 2016-09-30
3206.TWO, Updated at 2016-09-30
3217.TWO, Updated at 2016-09-30
3218.TWO, Updated at 2016-09-30
3221.TWO, Updated at 2016-09-30
3230.TWO, Updated at 2016-09-30
3231.TW, Updated at 2016-09-30
3231q.L, Updated at 2016-09-30
3236.TWO, Updated at 2016-09-30
3238.T, Updated at 2016-09-30
3245.T, Updated at 2016-09-30
3266.TW, Updated at 2016-09-30
3272.TWO, Updated at 2016-09-30
3296.TW, Updated at 2016-09-30
3306.T, Updated at 2016-09-30
3311.TW, Updated at 2016-09-30
3313.TWO, Updated at 2016-09-30
3321.TW, Updated at 2016-09-30
3339.TWO, Updated at 2016-09-30
3358.T, Updated at 2016-09-30
3370.T, Updated at 2016-09-30
3374.T, Updated at 2016-09-30
3375.T, Updated at 2016-09-30
3388.TWO, Updated at 2016-09-30
3390.T, Updated at 2016-09-30
3393.T, Updated at 2016-09-30
3395.T, Updated at 2016-09-30
3402.TWO, Updated at 2016-09-30
3406.TW, Updated at 2016-09-30
3408.T, Updated at 2016-09-30
3416.TW, Updated at 2016-09-30
3424.T, Updated at 2016-09-30
3434.T, Updated at 2016-09-30
3437.T, Updated at 2016-09-30
3443.TW, Updated at 2016-09-30
3444.TWO, Updated at 2016-09-30
3452.T, Updated at 2016-09-30
3469.T, Updated at 2016-09-30
3481.TW, Updated at 2016-09-30
3483.TWO, Updated at 2016-09-30
3489.TWO, Updated at 2016-09-30
3504.NG, Updated at 2016-09-30
3511.TWO, Updated at 2016-09-30
3515.T, Updated at 2016-09-30
3518.TW, Updated at 2016-09-30
3528.T, Updated at 2016-09-30
3533.TW, Updated at 2016-09-30
3536.TW, Updated at 2016-09-30
3537.T, Updated at 2016-09-30
3537.TWO, Updated at 2016-09-30
3556.TWO, Updated at 2016-09-30
3578.T, Updated at 2016-09-30
3583.T, Updated at 2016-09-30
3588.TW, Updated at 2016-09-30
3596.TW, Updated at 2016-09-30
3600.T, Updated at 2016-09-30
3625.T, Updated at 2016-09-30
3653.TW, Updated at 2016-09-30
3655.T, Updated at 2016-09-30
3659.T, Updated at 2016-09-30
3666.TWO, Updated at 2016-09-30
3674.T, Updated at 2016-09-30
3679.T, Updated at 2016-09-30
3682.TW, Updated at 2016-09-30
3683.T, Updated at 2016-09-30
3685.T, Updated at 2016-09-30
3689.T, Updated at 2016-09-30
3689.TWO, Updated at 2016-09-30
3692.T, Updated at 2016-09-30
3696.T, Updated at 2016-09-30
3698.T, Updated at 2016-09-30
3703.TW, Updated at 2016-09-30
3704.TW, Updated at 2016-09-30
3705.TW, Updated at 2016-09-30
3708.T, Updated at 2016-09-30
3719.T, Updated at 2016-09-30
3726.T, Updated at 2016-09-30
3747.T, Updated at 2016-09-30
3758.T, Updated at 2016-09-30
3766.T, Updated at 2016-09-30
3782.T, Updated at 2016-09-30
3794.T, Updated at 2016-09-30
3798.T, Updated at 2016-09-30
3814.T, Updated at 2016-09-30
3825.T, Updated at 2016-09-30
3839.HK, Updated at 2016-09-30
3845.T, Updated at 2016-09-30
3851.T, Updated at 2016-09-30
3864.T, Updated at 2016-09-30
3880.T, Updated at 2016-09-30
3905.T, Updated at 2016-09-30
3906.T, Updated at 2016-09-30
3916.T, Updated at 2016-09-30
3926.T, Updated at 2016-09-30
3934.T, Updated at 2016-09-30
3936.T, Updated at 2016-09-30
3937.T, Updated at 2016-09-30
3944.T, Updated at 2016-09-30
3953.T, Updated at 2016-09-30
4022.T, Updated at 2016-09-30
4031.T, Updated at 2016-09-30
4080.T, Updated at 2016-09-30
4097.T, Updated at 2016-09-30
4100.T, Updated at 2016-09-30
4102.TWO, Updated at 2016-09-30
4106.TW, Updated at 2016-09-30
4119.T, Updated at 2016-09-30
4160.TWO, Updated at 2016-09-30
4161.TWO, Updated at 2016-09-30
4168.TWO, Updated at 2016-09-30
4173.TWO, Updated at 2016-09-30
4175.TWO, Updated at 2016-09-30
4203.T, Updated at 2016-09-30
4205.TWO, Updated at 2016-09-30
4221.T, Updated at 2016-09-30
4222.T, Updated at 2016-09-30
4242.T, Updated at 2016-09-30
4243.T, Updated at 2016-09-30
4248.T, Updated at 2016-09-30
4288.T, Updated at 2016-09-30
4293.T, Updated at 2016-09-30
4295.T, Updated at 2016-09-30
4321.T, Updated at 2016-09-30
4336.T, Updated at 2016-09-30
4365.T, Updated at 2016-09-30
4429.TWO, Updated at 2016-09-30
4432.TWO, Updated at 2016-09-30
4438.TWO, Updated at 2016-09-30
4526.TW, Updated at 2016-09-30
4527.T, Updated at 2016-09-30
4532.TW, Updated at 2016-09-30
4534.TWO, Updated at 2016-09-30
4543.TWO, Updated at 2016-09-30
4550.TWO, Updated at 2016-09-30
4554.T, Updated at 2016-09-30
4556.TWO, Updated at 2016-09-30
4557.TW, Updated at 2016-09-30
4571.T, Updated at 2016-09-30
4574.T, Updated at 2016-09-30
4575.T, Updated at 2016-09-30
4578.T, Updated at 2016-09-30
4582.T, Updated at 2016-09-30
4594.T, Updated at 2016-09-30
4620.T, Updated at 2016-09-30
4623.T, Updated at 2016-09-30
4625.T, Updated at 2016-09-30
4631.T, Updated at 2016-09-30
4633.T, Updated at 2016-09-30
4640.T, Updated at 2016-09-30
4649.NG, Updated at 2016-09-30
4662.T, Updated at 2016-09-30
4664.T, Updated at 2016-09-30
4667.T, Updated at 2016-09-30
4708.T, Updated at 2016-09-30
4712.TWO, Updated at 2016-09-30
4716.TWO, Updated at 2016-09-30
4725.T, Updated at 2016-09-30
4726.TWO, Updated at 2016-09-30
4743.TWO, Updated at 2016-09-30
4776.T, Updated at 2016-09-30
4777.T, Updated at 2016-09-30
4814.T, Updated at 2016-09-30
4833.T, Updated at 2016-09-30
4848.T, Updated at 2016-09-30
4903.TWO, Updated at 2016-09-30
4905.TWO, Updated at 2016-09-30
4906.TW, Updated at 2016-09-30
4914.T, Updated at 2016-09-30
4915.TW, Updated at 2016-09-30
4916.TW, Updated at 2016-09-30
4938.TW, Updated at 2016-09-30
4939.TWO, Updated at 2016-09-30
4942.TW, Updated at 2016-09-30
4958.T, Updated at 2016-09-30
4966.T, Updated at 2016-09-30
4971.TWO, Updated at 2016-09-30
4979.T, Updated at 2016-09-30
4987.TWO, Updated at 2016-09-30
4990.T, Updated at 2016-09-30
5012.T, Updated at 2016-09-30
5013.TWO, Updated at 2016-09-30
5101.T, Updated at 2016-09-30
5161.T, Updated at 2016-09-30
5194.T, Updated at 2016-09-30
5209.TWO, Updated at 2016-09-30
5230.TWO, Updated at 2016-09-30
5262.T, Updated at 2016-09-30
5268.T, Updated at 2016-09-30
5269.T, Updated at 2016-09-30
5269.TW, Updated at 2016-09-30
5277.T, Updated at 2016-09-30
5285.T, Updated at 2016-09-30
5289.T, Updated at 2016-09-30
5305.TW, Updated at 2016-09-30
5310.T, Updated at 2016-09-30
5337.T, Updated at 2016-09-30
5345.TWO, Updated at 2016-09-30
5347.TWO, Updated at 2016-09-30
5353.TWO, Updated at 2016-09-30
5355.TWO, Updated at 2016-09-30
5363.T, Updated at 2016-09-30
5388.TW, Updated at 2016-09-30
5391.T, Updated at 2016-09-30
5460.TWO, Updated at 2016-09-30
5487.TWO, Updated at 2016-09-30
5488.TWO, Updated at 2016-09-30
5515.TW, Updated at 2016-09-30
5536.TWO, Updated at 2016-09-30
5541.T, Updated at 2016-09-30
5542.T, Updated at 2016-09-30
5601.TWO, Updated at 2016-09-30
5604.TWO, Updated at 2016-09-30
5607.NG, Updated at 2016-09-30
5698.T, Updated at 2016-09-30
5706.TW, Updated at 2016-09-30
5713.T, Updated at 2016-09-30
5753.T, Updated at 2016-09-30
5757.NG, Updated at 2016-09-30
5856.T, Updated at 2016-09-30
5871.TW, Updated at 2016-09-30
5902.TWO, Updated at 2016-09-30
5912.T, Updated at 2016-09-30
5915.T, Updated at 2016-09-30
5921.T, Updated at 2016-09-30
5952.T, Updated at 2016-09-30
5957.T, Updated at 2016-09-30
5962.T, Updated at 2016-09-30
5981.T, Updated at 2016-09-30
5986.T, Updated at 2016-09-30
5997.T, Updated at 2016-09-30
5998.T, Updated at 2016-09-30
6030.T, Updated at 2016-09-30
6038.T, Updated at 2016-09-30
6045.T, Updated at 2016-09-30
6046.T, Updated at 2016-09-30
6059.T, Updated at 2016-09-30
6061.T, Updated at 2016-09-30
6072.T, Updated at 2016-09-30
6078.T, Updated at 2016-09-30
6082.T, Updated at 2016-09-30
6087.T, Updated at 2016-09-30
6090.T, Updated at 2016-09-30
6092.T, Updated at 2016-09-30
6107.TWO, Updated at 2016-09-30
6116.TW, Updated at 2016-09-30
6123.TWO, Updated at 2016-09-30
6126.TWO, Updated at 2016-09-30
6128.TW, Updated at 2016-09-30
6130.TWO, Updated at 2016-09-30
6131.T, Updated at 2016-09-30
6133.TW, Updated at 2016-09-30
6139.TW, Updated at 2016-09-30
6144.T, Updated at 2016-09-30
6147.T, Updated at 2016-09-30
6147.TWO, Updated at 2016-09-30
6149.T, Updated at 2016-09-30
6150.TWO, Updated at 2016-09-30
6155.T, Updated at 2016-09-30
6156.T, Updated at 2016-09-30
6158.TWO, Updated at 2016-09-30
6160.TWO, Updated at 2016-09-30
6163.TWO, Updated at 2016-09-30
6164.TW, Updated at 2016-09-30
6165.TW, Updated at 2016-09-30
6166.T, Updated at 2016-09-30
6167.T, Updated at 2016-09-30
6168.TW, Updated at 2016-09-30
6171.T, Updated at 2016-09-30
6174.TWO, Updated at 2016-09-30
6177.T, Updated at 2016-09-30
6179.TWO, Updated at 2016-09-30
6183.TW, Updated at 2016-09-30
6193.T, Updated at 2016-09-30
6200.T, Updated at 2016-09-30
6205.T, Updated at 2016-09-30
6205.TW, Updated at 2016-09-30
6207.TWO, Updated at 2016-09-30
6208.T, Updated at 2016-09-30
6209.TW, Updated at 2016-09-30
6215.TW, Updated at 2016-09-30
6221.TWO, Updated at 2016-09-30
6226.TW, Updated at 2016-09-30
6227.TWO, Updated at 2016-09-30
6228.TWO, Updated at 2016-09-30
6236.T, Updated at 2016-09-30
6238.T, Updated at 2016-09-30
6245.T, Updated at 2016-09-30
6247.T, Updated at 2016-09-30
6254.T, Updated at 2016-09-30
6258.T, Updated at 2016-09-30
6261.TWO, Updated at 2016-09-30
6263.TWO, Updated at 2016-09-30
6272.T, Updated at 2016-09-30
6277.T, Updated at 2016-09-30
6281.TW, Updated at 2016-09-30
6283.TW, Updated at 2016-09-30
6287.TWO, Updated at 2016-09-30
6291.T, Updated at 2016-09-30
6292.TWO, Updated at 2016-09-30
6294.T, Updated at 2016-09-30
6298.T, Updated at 2016-09-30
6310.T, Updated at 2016-09-30
6314.T, Updated at 2016-09-30
6316.T, Updated at 2016-09-30
6317.T, Updated at 2016-09-30
6327.T, Updated at 2016-09-30
6342.T, Updated at 2016-09-30
6346.T, Updated at 2016-09-30
6351.T, Updated at 2016-09-30
6358.T, Updated at 2016-09-30
6392.T, Updated at 2016-09-30
6397.T, Updated at 2016-09-30
6400.T, Updated at 2016-09-30
6409.TW, Updated at 2016-09-30
6416.T, Updated at 2016-09-30
6417.TWO, Updated at 2016-09-30
6425.T, Updated at 2016-09-30
6428.T, Updated at 2016-09-30
6430.T, Updated at 2016-09-30
6431.TW, Updated at 2016-09-30
6432.TWO, Updated at 2016-09-30
6443.TW, Updated at 2016-09-30
6449.TW, Updated at 2016-09-30
6459.T, Updated at 2016-09-30
6462.TWO, Updated at 2016-09-30
6463.T, Updated at 2016-09-30
6464.TW, Updated at 2016-09-30
6465.TWO, Updated at 2016-09-30
6470.TWO, Updated at 2016-09-30
6494.T, Updated at 2016-09-30
6497.T, Updated at 2016-09-30
6618.T, Updated at 2016-09-30
6620.T, Updated at 2016-09-30
6633.T, Updated at 2016-09-30
6662.T, Updated at 2016-09-30
6704.T, Updated at 2016-09-30
6718.T, Updated at 2016-09-30
6728.T, Updated at 2016-09-30
6743.T, Updated at 2016-09-30
6763.T, Updated at 2016-09-30
6775.T, Updated at 2016-09-30
6789.T, Updated at 2016-09-30
6791.T, Updated at 2016-09-30
6808.HK, Updated at 2016-09-30
6819.T, Updated at 2016-09-30
6824.T, Updated at 2016-09-30
6834.T, Updated at 2016-09-30
6835.T, Updated at 2016-09-30
6838.T, Updated at 2016-09-30
6840.T, Updated at 2016-09-30
6846.NG, Updated at 2016-09-30
6852.T, Updated at 2016-09-30
6862.T, Updated at 2016-09-30
6863.T, Updated at 2016-09-30
6890.T, Updated at 2016-09-30
6895.T, Updated at 2016-09-30
6904.T, Updated at 2016-09-30
6918.T, Updated at 2016-09-30
6942.T, Updated at 2016-09-30
6944.T, Updated at 2016-09-30
6951.T, Updated at 2016-09-30
6962.T, Updated at 2016-09-30
6969.T, Updated at 2016-09-30
6972.T, Updated at 2016-09-30
6977.T, Updated at 2016-09-30
7021.T, Updated at 2016-09-30
7150.T, Updated at 2016-09-30
7161.T, Updated at 2016-09-30
7169.T, Updated at 2016-09-30
7173.T, Updated at 2016-09-30
7183.T, Updated at 2016-09-30
7186.T, Updated at 2016-09-30
7217.T, Updated at 2016-09-30
7239.T, Updated at 2016-09-30
7245.T, Updated at 2016-09-30
7264.T, Updated at 2016-09-30
7266.T, Updated at 2016-09-30
7273.T, Updated at 2016-09-30
7284.T, Updated at 2016-09-30
7294.T, Updated at 2016-09-30
7305.T, Updated at 2016-09-30
7314.T, Updated at 2016-09-30
7315.T, Updated at 2016-09-30
7444.T, Updated at 2016-09-30
7446.T, Updated at 2016-09-30
7455.T, Updated at 2016-09-30
7472.T, Updated at 2016-09-30
7481.T, Updated at 2016-09-30
7505.T, Updated at 2016-09-30
7524.T, Updated at 2016-09-30
7562.T, Updated at 2016-09-30
7567.T, Updated at 2016-09-30
7604.T, Updated at 2016-09-30
7635.T, Updated at 2016-09-30
7716.T, Updated at 2016-09-30
7717.T, Updated at 2016-09-30
7729.T, Updated at 2016-09-30
7734.T, Updated at 2016-09-30
7746.T, Updated at 2016-09-30
7747.T, Updated at 2016-09-30
7749.T, Updated at 2016-09-30
7758.T, Updated at 2016-09-30
7762.T, Updated at 2016-09-30
7768.T, Updated at 2016-09-30
7812.T, Updated at 2016-09-30
7837.T, Updated at 2016-09-30
7839.T, Updated at 2016-09-30
7849.T, Updated at 2016-09-30
7863.T, Updated at 2016-09-30
7875.NG, Updated at 2016-09-30
7886.T, Updated at 2016-09-30
7902.T, Updated at 2016-09-30
7907.NG, Updated at 2016-09-30
7911.T, Updated at 2016-09-30
7922.T, Updated at 2016-09-30
7927.T, Updated at 2016-09-30
7946.T, Updated at 2016-09-30
7957.T, Updated at 2016-09-30
7986.T, Updated at 2016-09-30
7999.T, Updated at 2016-09-30
8005.HK, Updated at 2016-09-30
8006.HK, Updated at 2016-09-30
8011.TW, Updated at 2016-09-30
8021.TW, Updated at 2016-09-30
8022.T, Updated at 2016-09-30
8032.HK, Updated at 2016-09-30
8038.TWO, Updated at 2016-09-30
8040.T, Updated at 2016-09-30
8041.T, Updated at 2016-09-30
8044.TWO, Updated at 2016-09-30
8050.HK, Updated at 2016-09-30
8061.T, Updated at 2016-09-30
8070.TW, Updated at 2016-09-30
8072.HK, Updated at 2016-09-30
8072.TW, Updated at 2016-09-30
8074.TWO, Updated at 2016-09-30
8077.HK, Updated at 2016-09-30
8078.T, Updated at 2016-09-30
8079.HK, Updated at 2016-09-30
8086.HK, Updated at 2016-09-30
8088.HK, Updated at 2016-09-30
8089.T, Updated at 2016-09-30
8090.HK, Updated at 2016-09-30
8093.TWO, Updated at 2016-09-30
8098.HK, Updated at 2016-09-30
8103.TW, Updated at 2016-09-30
8107.T, Updated at 2016-09-30
8107.TWO, Updated at 2016-09-30
8108.FU, Updated at 2016-09-30
8112.HK, Updated at 2016-09-30
8112.TW, Updated at 2016-09-30
8115.T, Updated at 2016-09-30
8117.HK, Updated at 2016-09-30
8119.HK, Updated at 2016-09-30
8122.HK, Updated at 2016-09-30
8123.T, Updated at 2016-09-30
8125.HK, Updated at 2016-09-30
8129.HK, Updated at 2016-09-30
8139.T, Updated at 2016-09-30
8141.HK, Updated at 2016-09-30
8145.NG, Updated at 2016-09-30
8147.T, Updated at 2016-09-30
8148.T, Updated at 2016-09-30
8150.TW, Updated at 2016-09-30
8153.T, Updated at 2016-09-30
8156.HK, Updated at 2016-09-30
8159.HK, Updated at 2016-09-30
8162.HK, Updated at 2016-09-30
8163.TW, Updated at 2016-09-30
8172.HK, Updated at 2016-09-30
8173.T, Updated at 2016-09-30
8183.TWO, Updated at 2016-09-30
8191.T, Updated at 2016-09-30
8196.HK, Updated at 2016-09-30
8201.HK, Updated at 2016-09-30
8205.T, Updated at 2016-09-30
8212.HK, Updated at 2016-09-30
8213.TW, Updated at 2016-09-30
8215.T, Updated at 2016-09-30
8219.T, Updated at 2016-09-30
8225.T, Updated at 2016-09-30
8226.HK, Updated at 2016-09-30
8228.NG, Updated at 2016-09-30
8238.HK, Updated at 2016-09-30
8255.HK, Updated at 2016-09-30
8270.HK, Updated at 2016-09-30
8273.HK, Updated at 2016-09-30
8277.TWO, Updated at 2016-09-30
8280.HK, Updated at 2016-09-30
8281.T, Updated at 2016-09-30
8282.HK, Updated at 2016-09-30
8287.TWO, Updated at 2016-09-30
8292.HK, Updated at 2016-09-30
8293.NG, Updated at 2016-09-30
8308.T, Updated at 2016-09-30
8324.T, Updated at 2016-09-30
8325.T, Updated at 2016-09-30
8336.T, Updated at 2016-09-30
8341.T, Updated at 2016-09-30
8342.T, Updated at 2016-09-30
8344.T, Updated at 2016-09-30
8345.T, Updated at 2016-09-30
8348.HK, Updated at 2016-09-30
8349.T, Updated at 2016-09-30
8351.HK, Updated at 2016-09-30
8356.T, Updated at 2016-09-30
8359.T, Updated at 2016-09-30
8361.T, Updated at 2016-09-30
8364.T, Updated at 2016-09-30
8365.T, Updated at 2016-09-30
8366.T, Updated at 2016-09-30
8367.T, Updated at 2016-09-30
8374.T, Updated at 2016-09-30
8377.T, Updated at 2016-09-30
8381.T, Updated at 2016-09-30
8382.T, Updated at 2016-09-30
8383.T, Updated at 2016-09-30
8385.T, Updated at 2016-09-30
8386.T, Updated at 2016-09-30
8387.T, Updated at 2016-09-30
8388.T, Updated at 2016-09-30
8390.HK, Updated at 2016-09-30
8397.T, Updated at 2016-09-30
8418.T, Updated at 2016-09-30
8420.TWO, Updated at 2016-09-30
8422.TW, Updated at 2016-09-30
8424.TWO, Updated at 2016-09-30
8427.TW, Updated at 2016-09-30
8435.TWO, Updated at 2016-09-30
8508.T, Updated at 2016-09-30
8521.T, Updated at 2016-09-30
8522.T, Updated at 2016-09-30
8524.T, Updated at 2016-09-30
8527.T, Updated at 2016-09-30
8530.T, Updated at 2016-09-30
8537.T, Updated at 2016-09-30
8540.FU, Updated at 2016-09-30
8542.T, Updated at 2016-09-30
8551.T, Updated at 2016-09-30
8554.FU, Updated at 2016-09-30
8559.FU, Updated at 2016-09-30
8560.FU, Updated at 2016-09-30
8562.T, Updated at 2016-09-30
8563.T, Updated at 2016-09-30
8570.T, Updated at 2016-09-30
8594.SP, Updated at 2016-09-30
8704.T, Updated at 2016-09-30
8742.T, Updated at 2016-09-30
8746.T, Updated at 2016-09-30
8795.T, Updated at 2016-09-30
8798.T, Updated at 2016-09-30
8801.T, Updated at 2016-09-30
8830.T, Updated at 2016-09-30
8835.T, Updated at 2016-09-30
8836.T, Updated at 2016-09-30
8869.T, Updated at 2016-09-30
8890.T, Updated at 2016-09-30
8917.TWO, Updated at 2016-09-30
8924.TWO, Updated at 2016-09-30
8928.TWO, Updated at 2016-09-30
8931.TWO, Updated at 2016-09-30
8938.T, Updated at 2016-09-30
8938.TWO, Updated at 2016-09-30
8995.T, Updated at 2016-09-30
8999.T, Updated at 2016-09-30
9017.T, Updated at 2016-09-30
9025.T, Updated at 2016-09-30
9052.T, Updated at 2016-09-30
9068.T, Updated at 2016-09-30
9073.T, Updated at 2016-09-30
9074.T, Updated at 2016-09-30
9076.T, Updated at 2016-09-30
911608.TW, Updated at 2016-09-30
9233.T, Updated at 2016-09-30
9357.NG, Updated at 2016-09-30
9361.T, Updated at 2016-09-30
9363.T, Updated at 2016-09-30
9364.T, Updated at 2016-09-30
9365.T, Updated at 2016-09-30
9373.T, Updated at 2016-09-30
9421.T, Updated at 2016-09-30
9439.T, Updated at 2016-09-30
9441.T, Updated at 2016-09-30
9535.T, Updated at 2016-09-30
9605.T, Updated at 2016-09-30
9610.T, Updated at 2016-09-30
9628.T, Updated at 2016-09-30
9631.T, Updated at 2016-09-30
9643.NG, Updated at 2016-09-30
9707.T, Updated at 2016-09-30
9713.T, Updated at 2016-09-30
9729.T, Updated at 2016-09-30
9758.T, Updated at 2016-09-30
9767.T, Updated at 2016-09-30
9769.T, Updated at 2016-09-30
9816.T, Updated at 2016-09-30
9823.T, Updated at 2016-09-30
9852.T, Updated at 2016-09-30
9854.T, Updated at 2016-09-30
9856.T, Updated at 2016-09-30
9867.T, Updated at 2016-09-30
9869.T, Updated at 2016-09-30
9900.T, Updated at 2016-09-30
9902.TW, Updated at 2016-09-30
9904.T, Updated at 2016-09-30
9906.T, Updated at 2016-09-30
9906.TW, Updated at 2016-09-30
9908.T, Updated at 2016-09-30
9908.TW, Updated at 2016-09-30
9912.TW, Updated at 2016-09-30
9914.TW, Updated at 2016-09-30
9921.TW, Updated at 2016-09-30
9930.T, Updated at 2016-09-30
9941.TW, Updated at 2016-09-30
9942.TW, Updated at 2016-09-30
9955.T, Updated at 2016-09-30
9980.T, Updated at 2016-09-30
9992.T, Updated at 2016-09-30
9994.T, Updated at 2016-09-30
AAR_u.TO, Updated at 2016-09-30
AAV.BK, Updated at 2016-09-30
AAVf.BK, Updated at 2016-09-30
AAVn.BK, Updated at 2016-09-30
ABG.PS, Updated at 2016-09-30
ABRL.NS, Updated at 2016-09-30
ACE.MI, Updated at 2016-09-30
ACIDq.L, Updated at 2016-09-30
ACTI.ST, Updated at 2016-09-30
ADES.O, Updated at 2016-09-30
ADNI.AD, Updated at 2016-09-30
AFLU3.SA, Updated at 2016-09-30
AFLU5.SA, Updated at 2016-09-30
AGEm.BK, Updated at 2016-09-30
AGEmn.BK, Updated at 2016-09-30
AGI.TO, Updated at 2016-09-30
AHAP.JK, Updated at 2016-09-30
AHEB3.SA, Updated at 2016-09-30
AHEB5.SA, Updated at 2016-09-30
AHEB6.SA, Updated at 2016-09-30
AIF.TO, Updated at 2016-09-30
AJX.TO, Updated at 2016-09-30
AKG.TO, Updated at 2016-09-30
AKPI.JK, Updated at 2016-09-30
AKSL.NS, Updated at 2016-09-30
ALC.TO, Updated at 2016-09-30
ALDEL.PA, Updated at 2016-09-30
ALHI.PS, Updated at 2016-09-30
ALKA.JK, Updated at 2016-09-30
ALLGb.ST, Updated at 2016-09-30
ALUF.BO, Updated at 2016-09-30
ALUP11.SA, Updated at 2016-09-30
ALUP11S.SA, Updated at 2016-09-30
ALUP11T.SA, Updated at 2016-09-30
ALUP13.SA, Updated at 2016-09-30
ALUP9.SA, Updated at 2016-09-30
ALVG.DE, Updated at 2016-09-30
AMAST.ST, Updated at 2016-09-30
AMDA.O, Updated at 2016-09-30
AMOC.CA, Updated at 2016-09-30
ANAN.BK, Updated at 2016-09-30
ANANf.BK, Updated at 2016-09-30
ANANn.BK, Updated at 2016-09-30
ANIM.MI, Updated at 2016-09-30
ANPS.BO, Updated at 2016-09-30
APII.JK, Updated at 2016-09-30
APOL.JK, Updated at 2016-09-30
AR.TO, Updated at 2016-09-30
ARG.TO, Updated at 2016-09-30
ARISE.ST, Updated at 2016-09-30
ARTG.DE, Updated at 2016-09-30
ARX.TO, Updated at 2016-09-30
ASHM.NS, Updated at 2016-09-30
ATL.MI, Updated at 2016-09-30
ATOG.BO, Updated at 2016-09-30
ATSYH.IS, Updated at 2016-09-30
ATTE.ST, Updated at 2016-09-30
AU, Updated at 2016-06-30
AUB.PS, Updated at 2016-09-30
AUO, Updated at 2016-09-30
AVIR.O, Updated at 2016-09-30
AVK.TO, Updated at 2016-09-30
AWX, Updated at 2016-09-30
AXY.TO, Updated at 2016-09-30
AZK.MC, Updated at 2016-09-30
BABA.K, Updated at 2016-09-30
BACTIb.ST, Updated at 2016-09-30
BAMa.TO, Updated at 2016-09-30
BANPU.BK, Updated at 2016-09-30
BANPUf.BK, Updated at 2016-09-30
BANPUn.BK, Updated at 2016-09-30
BANY.SI, Updated at 2016-09-30
BAPA.JK, Updated at 2016-09-30
BAVA.CO, Updated at 2016-09-30
BBJL.NS, Updated at 2016-09-30
BC8G.DE, Updated at 2016-09-30
BCI.TO, Updated at 2016-09-24
BCIC.JK, Updated at 2016-09-30
BCU.MI, Updated at 2016-09-30
BEC.BK, Updated at 2016-09-30
BECf.BK, Updated at 2016-09-30
BECn.BK, Updated at 2016-09-30
BEFsdb.ST, Updated at 2016-09-30
BGNE.O, Updated at 2016-09-30
BICL.TA, Updated at 2016-09-30
BIOM3.SA, Updated at 2016-09-30
BLMI.BO, Updated at 2016-09-30
BLOOM.PS, Updated at 2016-09-30
BLTA.JK, Updated at 2016-09-30
BLUS.NS, Updated at 2016-09-30
BMEB3.SA, Updated at 2016-09-30
BMEB4.SA, Updated at 2016-09-30
BMIN3.SA, Updated at 2016-09-30
BMIN4.SA, Updated at 2016-09-30
BRAP3.SA, Updated at 2016-09-30
BRAP4.SA, Updated at 2016-09-30
BRSAN.IS, Updated at 2016-09-30
BUFF.O, Updated at 2016-09-30
BURE.ST, Updated at 2016-09-30
BUTT.NS, Updated at 2016-09-30
BVIC.JK, Updated at 2016-09-30
BYSD.TA, Updated at 2016-09-30
BYWG.F, Updated at 2016-09-30
BYWGnx.DE, Updated at 2016-09-30
BZU.MI, Updated at 2016-09-30
CADOn.S, Updated at 2016-09-30
CALI.MI, Updated at 2016-09-30
CAMF.NS, Updated at 2016-09-30
CAPAC.ST, Updated at 2016-09-30
CAPF.NS, Updated at 2016-09-30
CASN3.SA, Updated at 2016-09-30
CASN4.SA, Updated at 2016-09-30
CASS.MI, Updated at 2016-09-30
CATE.ST, Updated at 2016-09-30
CCU, Updated at 2016-09-30
CCU.SN, Updated at 2016-09-30
CDC.PS, Updated at 2016-09-30
CEI.PS, Updated at 2016-09-30
CEPE3.SA, Updated at 2016-09-30
CEPE5.SA, Updated at 2016-09-30
CEPE6.SA, Updated at 2016-09-30
CESP3.SA, Updated at 2016-09-30
CESP5.SA, Updated at 2016-09-30
CESP6.SA, Updated at 2016-09-30
CFCO.O, Updated at 2016-09-30
CFCOU.O, Updated at 2016-09-30
CGG.TO, Updated at 2016-09-30
CGRA3.SA, Updated at 2016-09-30
CGRA4.SA, Updated at 2016-09-30
CHE_u.TO, Updated at 2016-09-30
CHH.TO, Updated at 2016-09-30
CHO.SN, Updated at 2016-09-30
CHP_u.TO, Updated at 2016-09-30
CHR.TO, Updated at 2016-09-30
CHSN.SI, Updated at 2016-09-30
CHW.TO, Updated at 2016-09-30
CLEBI.IS, Updated at 2016-09-30
CLR.TO, Updated at 2016-10-01
CLSC3.SA, Updated at 2016-09-30
CLSC4.SA, Updated at 2016-09-30
CMG.TO, Updated at 2016-09-30
CNE.TO, Updated at 2016-09-30
COMI.BO, Updated at 2016-09-30
COMI.CA, Updated at 2016-09-30
COMI.NS, Updated at 2016-09-30
COMIq.L, Updated at 2016-09-30
CPALL.BK, Updated at 2016-09-30
CPALLf.BK, Updated at 2016-09-30
CPALLn.BK, Updated at 2016-09-30
CPGT.JK, Updated at 2016-09-30
CPH.TO, Updated at 2016-09-30
CRDE3.SA, Updated at 2016-09-30
CRDI.MI, Updated at 2016-09-30
CRIP.PA, Updated at 2016-09-30
CRPG3.SA, Updated at 2016-09-30
CRPG5.SA, Updated at 2016-09-30
CRPG6.SA, Updated at 2016-09-30
CRT, Updated at 2016-09-30
CSES.SI, Updated at 2016-09-30
CSWC.O, Updated at 2016-09-30
CSWI.O, Updated at 2016-09-30
CTSS.NS, Updated at 2016-09-30
CTTS.ST, Updated at 2016-09-30
CWI.TO, Updated at 2016-09-30
CWIHx.SI, Updated at 2016-09-30
CWV.V, Updated at 2016-09-30
DA.MI, Updated at 2016-09-30
DAL.MI, Updated at 2016-09-30
DAMG.DE, Updated at 2016-09-30
DCON.BK, Updated at 2016-09-30
DCONf.BK, Updated at 2016-09-30
DCONn.BK, Updated at 2016-09-30
DDS, Updated at 2016-10-29
DECH.BO, Updated at 2016-09-30
DECL.SI, Updated at 2016-09-30
DEFLb.ST, Updated at 2016-09-30
DEIN.CA, Updated at 2016-09-30
DEK.WA, Updated at 2016-09-30
DGATE.IS, Updated at 2016-09-30
DGGYO.IS, Updated at 2016-09-30
DIB.MI, Updated at 2016-09-30
DIS, Updated at 2016-10-01
DISB34.SA, Updated at 2016-10-01
DLG.MI, Updated at 2016-09-30
DMLP.O, Updated at 2016-09-30
DNA.TO, Updated at 2016-09-30
DNIN.DU, Updated at 2016-09-30
DOHL3.SA, Updated at 2016-09-30
DOHL4.SA, Updated at 2016-09-30
DRT.TO, Updated at 2016-09-30
DSFI.JK, Updated at 2016-09-30
DSGT.BK, Updated at 2016-09-30
DSGTn.BK, Updated at 2016-09-30
DTCY3.SA, Updated at 2016-09-30
DTRM.O, Updated at 2016-09-30
DXIL.TA, Updated at 2016-09-30
E.TO, Updated at 2016-09-30
E5T.MI, Updated at 2016-09-30
E7SG.DE, Updated at 2016-09-30
ECR.MC, Updated at 2016-09-30
ED4.DE, Updated at 2016-09-30
EDC.PS, Updated at 2016-09-30
EDT.TO, Updated at 2016-09-30
ED_u.V, Updated at 2016-09-30
EHDR.CA, Updated at 2016-09-30
EIC.AD, Updated at 2016-09-30
EIF.TO, Updated at 2016-09-30
ELEN.MI, Updated at 2016-09-30
ELHO.BO, Updated at 2016-09-30
EMAN.K, Updated at 2016-09-30
EMDE.JK, Updated at 2016-09-30
EMES.K, Updated at 2016-09-30
EMII.MI, Updated at 2016-09-30
ENEI.MI, Updated at 2016-09-30
ENWL.BO, Updated at 2016-09-30
EPG.BK, Updated at 2016-09-30
EPGf.BK, Updated at 2016-09-30
EPGn.BK, Updated at 2016-09-30
EQB.TO, Updated at 2016-09-30
EQCR.SI, Updated at 2016-09-30
ESIC.PA, Updated at 2016-09-30
ESN.TO, Updated at 2016-09-30
ESSO.BK, Updated at 2016-09-30
ESSOn.BK, Updated at 2016-09-30
ESTC3.SA, Updated at 2016-09-30
ESTR3.SA, Updated at 2016-09-30
ESTR4.SA, Updated at 2016-09-30
ETEL.CA, Updated at 2016-09-30
ETELq.L, Updated at 2016-09-30
ETWA.JK, Updated at 2016-09-30
EVEN3.SA, Updated at 2016-09-30
EXE.TO, Updated at 2016-09-30
FFI.PS, Updated at 2016-09-30
FFLY.ST, Updated at 2016-09-30
FJTA3.SA, Updated at 2016-09-30
FJTA4.SA, Updated at 2016-09-30
GALK.NS, Updated at 2016-09-30
GAM.MC, Updated at 2016-09-30
GASI.MI, Updated at 2016-09-30
GATI.NS, Updated at 2016-09-30
GB2842277.L, Updated at 2016-09-30
GBBFTD6M8.L, Updated at 2016-09-30
GBU.TO, Updated at 2016-09-30
GCG.TO, Updated at 2016-09-30
GCGa.TO, Updated at 2016-09-30
GCSAq.L, Updated at 2016-09-30
GENI.ST, Updated at 2016-09-30
GFRN.MI, Updated at 2016-09-30
GID.AX, Updated at 2016-09-30
GKOS.K, Updated at 2016-09-30
GLAND.BK, Updated at 2016-09-30
GLANDf.BK, Updated at 2016-09-30
GLANDn.BK, Updated at 2016-09-30
GUGEO.NGM, Updated at 2016-09-30
H.TO, Updated at 2016-09-30
HAGA3.SA, Updated at 2016-09-30
HAGA4.SA, Updated at 2016-09-30
HEAR.O, Updated at 2016-09-30
HEET.SI, Updated at 2016-09-30
HEPq.L, Updated at 2016-09-30
HEPr.AT, Updated at 2016-09-30
HIMD.PA, Updated at 2016-09-30
HLF.TO, Updated at 2016-10-01
HLHG.SI, Updated at 2016-09-30
HLSF.SI, Updated at 2016-09-30
HOMEb.ST, Updated at 2016-09-30
HOND.NS, Updated at 2016-09-30
HPAR.SI, Updated at 2016-09-30
HPPS.SI, Updated at 2016-09-30
HTRS.SI, Updated at 2016-09-30
HUBRb.ST, Updated at 2016-09-30
HWBK.O, Updated at 2016-09-30
HWD.TO, Updated at 2016-09-30
IACa.TO, Updated at 2016-09-30
IGAR.JK, Updated at 2016-09-30
IKBI.JK, Updated at 2016-09-30
IMI.PS, Updated at 2016-09-30
IMP.TO, Updated at 2016-09-30
INCI.JK, Updated at 2016-09-30
INPC.JK, Updated at 2016-09-30
INRU.JK, Updated at 2016-09-30
INTAb.ST, Updated at 2016-09-30
INTT.K, Updated at 2016-09-30
ITMG.JK, Updated at 2016-09-30
ITMI.MI, Updated at 2016-09-30
ITP.TO, Updated at 2016-09-30
ITWY.MI, Updated at 2016-09-30
IXXG.DE, Updated at 2016-09-30
JCQ.PA, Updated at 2016-09-30
JFEN3.SA, Updated at 2016-09-30
JNHT.BO, Updated at 2016-09-30
JSRN.BO, Updated at 2016-09-30
JWN, Updated at 2016-10-29
KALS.BO, Updated at 2016-09-30
KAT.TO, Updated at 2016-09-30
KBLI.JK, Updated at 2016-09-30
KBRE.NS, Updated at 2016-09-30
KBRO.SI, Updated at 2016-09-30
KBS.BK, Updated at 2016-09-30
KBSf.BK, Updated at 2016-09-30
KBSn.BK, Updated at 2016-09-30
KCAP.O, Updated at 2016-09-30
KECL.NS, Updated at 2016-09-30
KEPL3.SA, Updated at 2016-09-30
KLBE.BO, Updated at 2016-09-30
KMDA.TA, Updated at 2016-09-30
KOMHL.IS, Updated at 2016-09-30
KYO, Updated at 2016-09-30
LAN.SN, Updated at 2016-09-30
LAND.PS, Updated at 2016-09-30
LASa.TO, Updated at 2016-10-01
LBIh.V, Updated at 2016-08-31
LCTH.KL, Updated at 2016-09-30
LDO.MI, Updated at 2016-09-30
LFL, Updated at 2016-09-30
LH.BK, Updated at 2016-09-30
LHER3.SA, Updated at 2016-09-30
LHER4.SA, Updated at 2016-09-30
LHf.BK, Updated at 2016-09-30
LHn.BK, Updated at 2016-09-30
LINP.NS, Updated at 2016-09-30
LION.JK, Updated at 2016-09-30
LIQ.TO, Updated at 2016-09-30
LKEL.NS, Updated at 2016-09-30
LOGN3.SA, Updated at 2016-09-30
LPKR.JK, Updated at 2016-09-30
LPPS.JK, Updated at 2016-09-30
LR.MI, Updated at 2016-09-30
LTG.PS, Updated at 2016-09-30
LTLS.JK, Updated at 2016-09-30
M.BK, Updated at 2016-09-30
MAC.PS, Updated at 2016-09-30
MACA.MI, Updated at 2016-09-30
MADR.NS, Updated at 2016-09-30
MAGM.NS, Updated at 2016-09-30
MAGP.JK, Updated at 2016-09-30
MBC.PS, Updated at 2016-09-30
MBC.V, Updated at 2016-09-30
MCG.OL, Updated at 2016-09-30
MCM.MC, Updated at 2016-09-30
MDPJ.J, Updated at 2016-09-30
MEG.PS, Updated at 2016-09-30
MEGA.BK, Updated at 2016-09-30
MEGAn.BK, Updated at 2016-09-30
MEKO.ST, Updated at 2016-09-30
MELK.ST, Updated at 2016-09-30
MERC3.SA, Updated at 2016-09-30
MERC4.SA, Updated at 2016-09-30
Mf.BK, Updated at 2016-09-30
MGEL3.SA, Updated at 2016-09-30
MGEL4.SA, Updated at 2016-09-30
MGNA.JK, Updated at 2016-09-30
MGOR.TA, Updated at 2016-09-30
MICE.JK, Updated at 2016-09-30
MICH.CA, Updated at 2016-09-30
MINT.BK, Updated at 2016-09-30
MINTf.BK, Updated at 2016-09-30
MINTn.BK, Updated at 2016-09-30
MKP.TO, Updated at 2016-09-30
MLIA.JK, Updated at 2016-09-30
MMS, Updated at 2016-09-30
Mn.BK, Updated at 2016-09-30
MOEX.MM, Updated at 2016-09-30
MONO.BK, Updated at 2016-09-30
MONOf.BK, Updated at 2016-09-30
MONOn.BK, Updated at 2016-09-30
MPIC.BK, Updated at 2016-09-30
MPICf.BK, Updated at 2016-09-30
MPICn.BK, Updated at 2016-09-30
MPV.TO, Updated at 2016-09-30
MRC.TO, Updated at 2016-09-30
MRCO.CA, Updated at 2016-09-30
MRD.TO, Updated at 2016-09-30
MRFG3.SA, Updated at 2016-09-30
MRM.PA, Updated at 2016-09-30
MRSA3B.SO, Updated at 2016-09-30
MRSA6B.SO, Updated at 2016-09-30
MR_u.TO, Updated at 2016-09-30
MSEIS.OL, Updated at 2016-09-30
MSP.WA, Updated at 2016-09-30
MT, Updated at 2016-09-30
MTBI.BO, Updated at 2016-09-30
MTRA.JK, Updated at 2016-09-30
MTRX.TA, Updated at 2016-09-30
MTSM.JK, Updated at 2016-09-30
MWET3.SA, Updated at 2016-09-30
MWET4.SA, Updated at 2016-09-30
MZOR.O, Updated at 2016-09-30
MZOR.TA, Updated at 2016-09-30
NAFG3.SA, Updated at 2016-09-30
NAFG4.SA, Updated at 2016-09-30
NAGA.JK, Updated at 2016-09-30
NAGR.NS, Updated at 2016-09-30
NAHO.CA, Updated at 2016-09-30
NARM.BO, Updated at 2016-09-30
NEWAb.ST, Updated at 2016-09-30
NFI.TO, Updated at 2016-10-02
NIF_u.TO, Updated at 2016-09-30
NISP.NS, Updated at 2016-09-30
NJOB.ST, Updated at 2016-09-30
NOMIN.OL, Updated at 2016-09-30
NSTEc.AS, Updated at 2016-09-30
NTIP.K, Updated at 2016-09-30
NTTUR.IS, Updated at 2016-09-30
NTYO.SI, Updated at 2016-09-30
NUGYO.IS, Updated at 2016-09-30
NUTR3.SA, Updated at 2016-09-30
NVV.V, Updated at 2016-09-30
OAKS.K, Updated at 2016-09-30
OCAP.JK, Updated at 2016-09-30
OCX.TO, Updated at 2016-09-30
OGXP3.SA, Updated at 2016-09-30
OKAS.JK, Updated at 2016-09-30
OM.PS, Updated at 2016-09-30
ONC.TO, Updated at 2016-09-30
OPM.PS, Updated at 2016-09-30
OPMB.PS, Updated at 2016-09-30
ORCL.NS, Updated at 2016-09-30
ORE.PS, Updated at 2016-09-30
ORGC.ST, Updated at 2016-09-30
ORIFL.ST, Updated at 2016-09-30
ORNT.NS, Updated at 2016-09-30
OSK.TO, Updated at 2016-09-30
OTPB.BU, Updated at 2016-09-30
OTPBq.L, Updated at 2016-09-30
PAGE.NS, Updated at 2016-09-30
PAGR.MI, Updated at 2016-09-30
PAM, Updated at 2016-09-30
PATI3.SA, Updated at 2016-09-30
PATI4.SA, Updated at 2016-09-30
PDES.JK, Updated at 2016-09-30
PDL.TO, Updated at 2016-09-30
PGLI.JK, Updated at 2016-09-30
PHES.PS, Updated at 2016-09-30
PICO.JK, Updated at 2016-09-30
PIU.TA, Updated at 2016-09-30
PKPK.JK, Updated at 2016-09-30
PLAT.BK, Updated at 2016-09-30
PLATf.BK, Updated at 2016-09-30
PLATn.BK, Updated at 2016-09-30
PLT.MI, Updated at 2016-09-30
PNB.PS, Updated at 2016-09-30
PNYM.BO, Updated at 2016-09-30
POLYG.ST, Updated at 2016-09-30
PRE.LM, Updated at 2016-09-30
PRGO.K, Updated at 2016-10-01
PRII.MI, Updated at 2016-09-30
PRINC.BK, Updated at 2016-09-30
PRINCn.BK, Updated at 2016-09-30
PSPC.PS, Updated at 2016-09-30
PSPN.S, Updated at 2016-09-30
PTC.PS, Updated at 2016-09-30
PTIS.JK, Updated at 2016-09-30
PTRO.JK, Updated at 2016-09-30
PWF.TO, Updated at 2016-09-30
PYFA.JK, Updated at 2016-09-30
QHC, Updated at 2016-09-30
QICu.V, Updated at 2016-08-31
RAIKV.HE, Updated at 2016-09-30
RAIVV.HE, Updated at 2016-09-30
RCMT.O, Updated at 2016-10-01
REAC.CA, Updated at 2016-09-30
RELI.JK, Updated at 2016-09-30
REXP.NS, Updated at 2016-09-30
RIBA.BO, Updated at 2016-09-30
RICY.JK, Updated at 2016-09-30
RIMO.JK, Updated at 2016-09-30
RLT.PS, Updated at 2016-09-30
RMX.TO, Updated at 2016-09-30
ROBINS.BK, Updated at 2016-09-30
ROBINSf.BK, Updated at 2016-09-30
ROBINSn.BK, Updated at 2016-09-30
ROSN.MM, Updated at 2016-09-30
ROSNq.L, Updated at 2016-09-30
ROSyq.L, Updated at 2016-09-30
RPGL.NS, Updated at 2016-09-30
RPOL.NS, Updated at 2016-09-30
RSUL4.SA, Updated at 2016-09-30
RTKM.MM, Updated at 2016-09-30
RYSAS.IS, Updated at 2016-09-30
S24.MI, Updated at 2016-09-30
S92G.DE, Updated at 2016-09-30
SAM.BK, Updated at 2016-09-30
SAMART.BK, Updated at 2016-09-30
SAMARTf.BK, Updated at 2016-09-30
SAMARTn.BK, Updated at 2016-09-30
SAMn.BK, Updated at 2016-09-30
SAXG.DE, Updated at 2016-09-30
SBI.NS, Updated at 2016-09-30
SBIq.L, Updated at 2016-09-30
SBS.PS, Updated at 2016-09-30
SBVGV.OL, Updated at 2016-09-30
SBVV.SI, Updated at 2016-09-30
SCCO.JK, Updated at 2016-09-30
SCLO3.SA, Updated at 2016-09-30
SCLO4.SA, Updated at 2016-09-30
SCOP1.TA, Updated at 2016-09-30
SEA.TO, Updated at 2016-09-30
SELC.BO, Updated at 2016-09-30
SFRGR.PA, Updated at 2016-09-30
SGAS3.SA, Updated at 2016-09-30
SGAS4.SA, Updated at 2016-09-30
SGHC.SI, Updated at 2016-09-30
SGPS3.SA, Updated at 2016-09-30
SHDS.SI, Updated at 2016-09-30
SIEGn.DE, Updated at 2016-09-30
SII.TO, Updated at 2016-09-30
SIL.V, Updated at 2016-09-30
SIS.MI, Updated at 2016-09-30
SKH1.WA, Updated at 2016-09-30
SKR.BK, Updated at 2016-09-30
SKRf.BK, Updated at 2016-09-30
SKRn.BK, Updated at 2016-09-30
SKUE.OL, Updated at 2016-09-30
SLARL.TA, Updated at 2016-09-30
SMT.TO, Updated at 2016-09-30
SMU_u.TO, Updated at 2016-09-30
SNGRq.L, Updated at 2016-09-30
SNOW.NS, Updated at 2016-09-30
SOIL.SI, Updated at 2016-09-30
SOMA.NS, Updated at 2016-09-30
SONAC.LS, Updated at 2016-09-30
SOND3.SA, Updated at 2016-09-30
SOND5.SA, Updated at 2016-09-30
SOND6.SA, Updated at 2016-09-30
SONG.OL, Updated at 2016-09-30
SOT_u.TO, Updated at 2016-09-30
SPMA.JK, Updated at 2016-09-30
SPRC.BK, Updated at 2016-09-30
SQLI.PA, Updated at 2016-09-30
SSHP.SI, Updated at 2016-09-30
STB.TO, Updated at 2016-09-30
STEL.SI, Updated at 2016-09-30
STLI.KL, Updated at 2016-09-30
STORM.OL, Updated at 2016-09-30
SUM.TO, Updated at 2016-09-30
SUN.NS, Updated at 2016-09-30
SUN.PS, Updated at 2016-09-30
SUPV.K, Updated at 2016-09-30
SVH.BK, Updated at 2016-09-30
SVHf.BK, Updated at 2016-09-30
SVHn.BK, Updated at 2016-09-30
SWH.TO, Updated at 2016-09-30
TACO.SI, Updated at 2016-09-30
TAMT.NS, Updated at 2016-09-30
TATG.KL, Updated at 2016-08-31
TAURb.ST, Updated at 2016-08-31
TBGI.PS, Updated at 2016-09-30
TBMS.JK, Updated at 2016-09-30
TCPC.O, Updated at 2016-09-30
TCSA3.SA, Updated at 2016-09-30
TEGG.DE, Updated at 2016-09-30
TEL.TO, Updated at 2016-09-30
TEONE.ST, Updated at 2016-09-30
TFG.BK, Updated at 2016-09-30
TFGn.BK, Updated at 2016-09-30
TGLT32T.SA, Updated at 2016-09-30
THCOM.BK, Updated at 2016-09-30
THCOMf.BK, Updated at 2016-09-30
THCOMn.BK, Updated at 2016-09-30
THMX.NS, Updated at 2016-09-30
THYO.NS, Updated at 2016-09-30
TII.V, Updated at 2016-09-30
TIRA.JK, Updated at 2016-09-30
TIRT.JK, Updated at 2016-09-30
TKNO3.SA, Updated at 2016-09-30
TKNO4.SA, Updated at 2016-09-30
TLGG.DE, Updated at 2016-09-30
TNSL.NS, Updated at 2016-09-30
TPBI.BK, Updated at 2016-09-30
TPBIf.BK, Updated at 2016-09-30
TPBIn.BK, Updated at 2016-09-30
TPCHm.BK, Updated at 2016-09-30
TPCHmn.BK, Updated at 2016-09-30
TRAD.ST, Updated at 2016-09-30
TRE.MC, Updated at 2016-09-30
TRIS3.SA, Updated at 2016-09-30
TRUE.BK, Updated at 2016-09-30
TRUEf.BK, Updated at 2016-09-30
TRUEn.BK, Updated at 2016-09-30
TSCP.KL, Updated at 2016-09-30
TTCH.NS, Updated at 2016-09-30
TTW.BK, Updated at 2016-09-30
TTWf.BK, Updated at 2016-09-30
TTWn.BK, Updated at 2016-09-30
TUBA.MC, Updated at 2016-09-30
TVI.V, Updated at 2016-09-30
TZZ.TO, Updated at 2016-09-30
UBI.MI, Updated at 2016-09-30
UBOI.NS, Updated at 2016-09-30
UNPI.MI, Updated at 2016-09-30
UNSP.JK, Updated at 2016-09-30
UNVR.NS, Updated at 2016-09-30
UPOIC.BK, Updated at 2016-09-30
UPOICf.BK, Updated at 2016-09-30
UPOICn.BK, Updated at 2016-09-30
UPPS.SI, Updated at 2016-09-30
UPRO.MM, Updated at 2016-09-30
URB.TO, Updated at 2016-09-30
URBa.TO, Updated at 2016-09-30
US.MI, Updated at 2016-09-30
UTOS.SI, Updated at 2016-09-30
VATE.NS, Updated at 2016-09-30
VCM.TO, Updated at 2016-09-30
VEGE.BO, Updated at 2016-09-30
VERB.VI, Updated at 2016-09-30
VNT.BK, Updated at 2016-09-30
VNTn.BK, Updated at 2016-09-30
WACOAL.BK, Updated at 2016-09-30
WACOALf.BK, Updated at 2016-09-30
WACOALn.BK, Updated at 2016-09-30
WAHA.AD, Updated at 2016-09-30
WCKH.NS, Updated at 2016-09-30
WEHA.JK, Updated at 2016-09-30
WEQ.TO, Updated at 2016-09-30
WG.TO, Updated at 2016-09-30
WHA.BK, Updated at 2016-09-30
WHAf.BK, Updated at 2016-09-30
WHAn.BK, Updated at 2016-09-30
WIRu.TO, Updated at 2016-09-30
WORK.BK, Updated at 2016-09-30
WORKf.BK, Updated at 2016-09-30
WORKn.BK, Updated at 2016-09-30
WUWGn.DE, Updated at 2016-09-30
XOP.V, Updated at 2016-09-30
XPL, Updated at 2016-09-30
ZAZ.TO, Updated at 2016-09-30
ZBRG.SI, Updated at 2016-09-30
ZOREN.IS, Updated at 2016-09-30
ZORENbe.IS, Updated at 2016-09-30
ZWCG.BU, Updated at 2016-09-30
