000017.SZ
000017.SZ
000017.SZ
000017.SZ
000017.SZ
000017.SZ
000017.SZ
000017.SZ
000017.SZ
000017.SZ
000017.SZ
000017.SZ
000017.SZ
000017.SZ
000017.SZ
000390.KS
000390.KS
000523.SZ
000523.SZ
000523.SZ
000523.SZ
000523.SZ
000523.SZ
000523.SZ
000523.SZ
000530.SZ
000530.SZ
000530.SZ
000530.SZ
000530.SZ
000530.SZ
000553.SZ
000611.SZ
000611.SZ
000611.SZ
000611.SZ
000677.SZ
000677.SZ
000677.SZ
000677.SZ
000677.SZ
000677.SZ
000677.SZ
000677.SZ
000737.SZ
000737.SZ
000737.SZ
000737.SZ
000810.KS
000915.SZ
000915.SZ
000915.SZ
000915.SZ
000915.SZ
000915.SZ
000915.SZ
000915.SZ
000915.SZ
000915.SZ
000915.SZ
000915.SZ
000915.SZ
000915.SZ
000915.SZ
000915.SZ
000915.SZ
000980.SZ
000980.SZ
000980.SZ
000980.SZ
001440.KS
001440.KS
001440.KS
001440.KS
001440.KS
001440.KS
001440.KS
001450.KS
002060.SZ
002060.SZ
002060.SZ
002060.SZ
002060.SZ
002068.SZ
002068.SZ
002068.SZ
002068.SZ
002068.SZ
002160.SZ
002160.SZ
002160.SZ
002160.SZ
002160.SZ
002162.SZ
002162.SZ
002162.SZ
002163.SZ
002163.SZ
002240.SZ
002240.SZ
002369.SZ
002369.SZ
002369.SZ
002533.SZ
002533.SZ
002548.SZ
002548.SZ
002548.SZ
002548.SZ
002548.SZ
002548.SZ
002548.SZ
002565.SZ
002565.SZ
002565.SZ
002565.SZ
002565.SZ
002566.SZ
002566.SZ
002566.SZ
002566.SZ
002566.SZ
002566.SZ
002607.SZ
002607.SZ
002731.SZ
002731.SZ
002731.SZ
002731.SZ
002731.SZ
002731.SZ
002734.SZ
002734.SZ
002734.SZ
002734.SZ
002734.SZ
002742.SZ
002742.SZ
002742.SZ
002758.SZ
002758.SZ
002758.SZ
002758.SZ
002758.SZ
002760.KS
002760.KS
002760.KS
002760.KS
002760.KS
002760.KS
002760.KS
002760.KS
002760.KS
002760.KS
002760.KS
002760.KS
002760.KS
002760.KS
002760.KS
002760.KS
002760.KS
002760.KS
002760.KS
002760.SZ
002760.SZ
002760.SZ
002760.SZ
002760.SZ
002789.SZ
002789.SZ
002789.SZ
002790.SZ
002790.SZ
002790.SZ
002790.SZ
002790.SZ
002790.SZ
002796.SZ
002796.SZ
002796.SZ
002796.SZ
002796.SZ
002802.SZ
002802.SZ
002802.SZ
002802.SZ
002802.SZ
002803.SZ
002803.SZ
002803.SZ
002803.SZ
002803.SZ
002803.SZ
002808.SZ
002808.SZ
002808.SZ
002808.SZ
002808.SZ
002808.SZ
002880.KS
002880.KS
002880.KS
002880.KS
002880.KS
002880.KS
002880.KS
002880.KS
002880.KS
002880.KS
002880.KS
002880.KS
002880.KS
002880.KS
002880.KS
002880.KS
002880.KS
002880.KS
002880.KS
003220.KS
003220.KS
004090.KS
004090.KS
004090.KS
004090.KS
004090.KS
004170.KS
004170.KS
004170.KS
004170.KS
004170.KS
004170.KS
004170.KS
004170.KS
004170.KS
004170.KS
004170.KS
004170.KS
004170.KS
004170.KS
004170.KS
004170.KS
004170.KS
004170.KS
004170.KS
004170.KS
004170.KS
004170.KS
004170.KS
004170.KS
004910.KS
004910.KS
004910.KS
004910.KS
006040.KS
006040.KS
006040.KS
006040.KS
006040.KS
006040.KS
006040.KS
006040.KS
006040.KS
006040.KS
006040.KS
006040.KS
006040.KS
006040.KS
006040.KS
006040.KS
006040.KS
006040.KS
006040.KS
006340.KS
006340.KS
006650.KS
006650.KS
006650.KS
006650.KS
006650.KS
006650.KS
006650.KS
006650.KS
006650.KS
006650.KS
006650.KS
006650.KS
006650.KS
006650.KS
006650.KS
006650.KS
006650.KS
006650.KS
006650.KS
006650.KS
006650.KS
006650.KS
006650.KS
006650.KS
006650.KS
006650.KS
008350.KS
008350.KS
008350.KS
008350.KS
008350.KS
008350.KS
009310.KS
009450.KS
009450.KS
009450.KS
009450.KS
009450.KS
009450.KS
009450.KS
009450.KS
009450.KS
009450.KS
009450.KS
009450.KS
009450.KS
009450.KS
009450.KS
009450.KS
009450.KS
009450.KS
009450.KS
009450.KS
009520.KQ
009520.KQ
009520.KQ
009520.KQ
009520.KQ
009520.KQ
009520.KQ
009520.KQ
009520.KQ
009520.KQ
009520.KQ
009520.KQ
009520.KQ
009520.KQ
009520.KQ
009520.KQ
009520.KQ
009520.KQ
009520.KQ
010060.KS
010060.KS
010060.KS
010060.KS
010060.KS
010060.KS
010060.KS
010060.KS
010060.KS
010060.KS
010060.KS
010060.KS
010060.KS
010060.KS
010060.KS
010060.KS
010060.KS
010060.KS
010060.KS
010060.KS
010060.KS
010060.KS
010060.KS
013030.KQ
013030.KQ
013030.KQ
013030.KQ
013030.KQ
013030.KQ
013030.KQ
013030.KQ
013030.KQ
013030.KQ
013030.KQ
013030.KQ
013030.KQ
013030.KQ
013030.KQ
013030.KQ
013030.KQ
013030.KQ
013030.KQ
014620.KQ
014620.KQ
014620.KQ
014620.KQ
014620.KQ
014620.KQ
014620.KQ
014620.KQ
014620.KQ
014620.KQ
014620.KQ
014620.KQ
014620.KQ
014620.KQ
014620.KQ
014620.KQ
014620.KQ
014620.KQ
014620.KQ
016090.KS
016090.KS
016090.KS
016090.KS
016170.KQ
016170.KQ
016170.KQ
016170.KQ
016170.KQ
016580.KS
016580.KS
016580.KS
016580.KS
016580.KS
016580.KS
016580.KS
016580.KS
016580.KS
016580.KS
016580.KS
016580.KS
016580.KS
016580.KS
016580.KS
016580.KS
016580.KS
023900.KQ
023900.KQ
023900.KQ
023900.KQ
023900.KQ
023900.KQ
023900.KQ
023900.KQ
023900.KQ
023900.KQ
023900.KQ
023900.KQ
023900.KQ
023900.KQ
023900.KQ
023900.KQ
023900.KQ
023900.KQ
023900.KQ
024950.KQ
024950.KQ
024950.KQ
024950.KQ
024950.KQ
024950.KQ
024950.KQ
024950.KQ
024950.KQ
024950.KQ
024950.KQ
024950.KQ
024950.KQ
024950.KQ
024950.KQ
024950.KQ
024950.KQ
024950.KQ
024950.KQ
024950.KQ
026890.KS
026890.KS
033130.KQ
033130.KQ
033130.KQ
034020.KS
034020.KS
035720.KQ
035720.KQ
035720.KQ
035720.KQ
035720.KQ
035720.KQ
035720.KQ
035720.KQ
035720.KQ
035720.KQ
035720.KQ
035720.KQ
035720.KQ
035720.KQ
035720.KQ
035720.KQ
035720.KQ
035720.KQ
035720.KQ
035720.KQ
035720.KQ
035720.KQ
036010.KQ
036010.KQ
036010.KQ
036010.KQ
036010.KQ
036010.KQ
036010.KQ
036010.KQ
036010.KQ
036010.KQ
036010.KQ
036010.KQ
036010.KQ
036010.KQ
036010.KQ
036010.KQ
036010.KQ
036010.KQ
036010.KQ
036010.KQ
036180.KQ
036180.KQ
036180.KQ
036190.KQ
036190.KQ
036190.KQ
036190.KQ
040420.KQ
040420.KQ
040420.KQ
040420.KQ
040420.KQ
040420.KQ
040420.KQ
040420.KQ
040420.KQ
040420.KQ
040420.KQ
040420.KQ
040420.KQ
040420.KQ
040420.KQ
040420.KQ
040420.KQ
040420.KQ
040420.KQ
040420.KQ
040420.KQ
040420.KQ
040420.KQ
040420.KQ
041140.KQ
041140.KQ
041140.KQ
041140.KQ
041140.KQ
041140.KQ
041140.KQ
041140.KQ
041140.KQ
041140.KQ
042510.KQ
042510.KQ
042510.KQ
043590.KQ
043590.KQ
043590.KQ
043590.KQ
043590.KQ
043590.KQ
043590.KQ
043590.KQ
044820.KS
044820.KS
044820.KS
044820.KS
044820.KS
044820.KS
044820.KS
044820.KS
044820.KS
044820.KS
044820.KS
044820.KS
044820.KS
044820.KS
044820.KS
044820.KS
044820.KS
044820.KS
044820.KS
044820.KS
045300.KQ
045300.KQ
045300.KQ
045300.KQ
045300.KQ
045300.KQ
045300.KQ
045300.KQ
045300.KQ
045300.KQ
045300.KQ
045300.KQ
045300.KQ
045300.KQ
045300.KQ
045300.KQ
045300.KQ
045300.KQ
045300.KQ
046120.KQ
046120.KQ
046120.KQ
046120.KQ
046120.KQ
046120.KQ
046120.KQ
047050.KS
047050.KS
047050.KS
047050.KS
047050.KS
047050.KS
047050.KS
047560.KQ
047560.KQ
047560.KQ
047560.KQ
047560.KQ
047560.KQ
047560.KQ
047560.KQ
047560.KQ
047560.KQ
047560.KQ
047560.KQ
047560.KQ
047560.KQ
047560.KQ
047560.KQ
047770.KQ
047770.KQ
049550.KQ
049550.KQ
049550.KQ
049550.KQ
049770.KS
049770.KS
049770.KS
049770.KS
049770.KS
049770.KS
049770.KS
049770.KS
049770.KS
049770.KS
049960.KQ
049960.KQ
049960.KQ
049960.KQ
049960.KQ
049960.KQ
049960.KQ
049960.KQ
049960.KQ
049960.KQ
049960.KQ
049960.KQ
049960.KQ
049960.KQ
049960.KQ
049960.KQ
049960.KQ
052260.KQ
052260.KQ
052260.KQ
052260.KQ
052260.KQ
052260.KQ
052260.KQ
052260.KQ
052260.KQ
052260.KQ
052260.KQ
052260.KQ
052260.KQ
052260.KQ
052260.KQ
052260.KQ
052260.KQ
052260.KQ
052260.KQ
052330.KQ
052330.KQ
052330.KQ
052330.KQ
052330.KQ
052330.KQ
052330.KQ
052330.KQ
052330.KQ
052330.KQ
052330.KQ
052330.KQ
052330.KQ
052330.KQ
052330.KQ
052330.KQ
052330.KQ
052460.KQ
052460.KQ
052460.KQ
052460.KQ
052460.KQ
052460.KQ
052460.KQ
052460.KQ
052460.KQ
052460.KQ
052460.KQ
052460.KQ
052460.KQ
052460.KQ
052460.KQ
052460.KQ
052460.KQ
052460.KQ
054050.KQ
054050.KQ
054050.KQ
054050.KQ
054050.KQ
054050.KQ
054050.KQ
054050.KQ
054050.KQ
054050.KQ
054050.KQ
058430.KS
058430.KS
058430.KS
058430.KS
058430.KS
058430.KS
058430.KS
058430.KS
058430.KS
058430.KS
058430.KS
058430.KS
058430.KS
058430.KS
058430.KS
058430.KS
058430.KS
058430.KS
058430.KS
058470.KQ
058470.KQ
058470.KQ
058470.KQ
058470.KQ
059100.KQ
059100.KQ
059100.KQ
059100.KQ
065510.KQ
065510.KQ
065510.KQ
065510.KQ
065510.KQ
065510.KQ
065510.KQ
065510.KQ
065510.KQ
065510.KQ
065510.KQ
065510.KQ
065510.KQ
065510.KQ
065510.KQ
065510.KQ
065510.KQ
065510.KQ
065510.KQ
065570.KQ
065570.KQ
065570.KQ
065570.KQ
065570.KQ
065570.KQ
065570.KQ
065570.KQ
065570.KQ
065570.KQ
065570.KQ
065570.KQ
065570.KQ
065570.KQ
065570.KQ
065570.KQ
065570.KQ
065570.KQ
065710.KQ
065710.KQ
065710.KQ
065710.KQ
066970.KQ
066970.KQ
069080.KQ
069080.KQ
069080.KQ
069080.KQ
069080.KQ
069080.KQ
069080.KQ
069080.KQ
069080.KQ
069080.KQ
069080.KQ
069080.KQ
069080.KQ
069080.KQ
069080.KQ
071050.KS
071050.KS
071460.KQ
071460.KQ
071460.KQ
071460.KQ
071460.KQ
071460.KQ
078520.KS
078520.KS
078520.KS
078520.KS
078520.KS
078520.KS
078520.KS
078520.KS
078520.KS
078520.KS
078520.KS
078520.KS
078520.KS
078520.KS
078520.KS
078520.KS
078520.KS
078520.KS
078520.KS
078520.KS
078520.KS
078520.KS
079980.KS
079980.KS
079980.KS
079980.KS
079980.KS
079980.KS
079980.KS
079980.KS
079980.KS
079980.KS
079980.KS
079980.KS
079980.KS
079980.KS
079980.KS
079980.KS
079980.KS
079980.KS
079980.KS
079980.KS
084370.KQ
084370.KQ
084370.KQ
084370.KQ
084370.KQ
084870.KS
084870.KS
084870.KS
084870.KS
084870.KS
084870.KS
084870.KS
084870.KS
084870.KS
084870.KS
084870.KS
084870.KS
084870.KS
084870.KS
084870.KS
084870.KS
084870.KS
084870.KS
086040.KQ
086040.KQ
086040.KQ
086040.KQ
086040.KQ
086040.KQ
086040.KQ
086040.KQ
086040.KQ
086040.KQ
086040.KQ
086040.KQ
086040.KQ
086040.KQ
086040.KQ
086040.KQ
086040.KQ
086040.KQ
086960.KQ
086960.KQ
086960.KQ
086960.KQ
086960.KQ
086960.KQ
086960.KQ
086960.KQ
086960.KQ
086960.KQ
086960.KQ
086960.KQ
086960.KQ
086960.KQ
086960.KQ
086960.KQ
086960.KQ
086960.KQ
086960.KQ
093640.KQ
093640.KQ
093640.KQ
093640.KQ
093640.KQ
094850.KQ
094850.KQ
094850.KQ
094850.KQ
094850.KQ
094850.KQ
094850.KQ
094850.KQ
094850.KQ
094850.KQ
094850.KQ
094850.KQ
094850.KQ
094850.KQ
094850.KQ
094850.KQ
094850.KQ
094850.KQ
096630.KQ
096630.KQ
096630.KQ
096630.KQ
096630.KQ
096630.KQ
099190.KQ
099190.KQ
099190.KQ
099190.KQ
099190.KQ
099190.KQ
099190.KQ
099190.KQ
099190.KQ
099190.KQ
099190.KQ
099190.KQ
099190.KQ
099190.KQ
099190.KQ
099190.KQ
099190.KQ
099190.KQ
099520.KQ
100700.KQ
100700.KQ
100700.KQ
100700.KQ
100700.KQ
100700.KQ
100700.KQ
100700.KQ
100700.KQ
100700.KQ
100700.KQ
100700.KQ
100700.KQ
100700.KQ
100700.KQ
100700.KQ
100700.KQ
100700.KQ
101400.KQ
101400.KQ
101400.KQ
101400.KQ
101400.KQ
101400.KQ
101730.KQ
101730.KQ
101730.KQ
101730.KQ
101730.KQ
101730.KQ
101730.KQ
112040.KQ
112040.KQ
112040.KQ
112040.KQ
112040.KQ
112040.KQ
112040.KQ
112040.KQ
112040.KQ
112040.KQ
112040.KQ
112040.KQ
112040.KQ
112040.KQ
114090.KS
114090.KS
114090.KS
114090.KS
114090.KS
114090.KS
114090.KS
114090.KS
114090.KS
114090.KS
114090.KS
114090.KS
114090.KS
114090.KS
114090.KS
114090.KS
114090.KS
114090.KS
114090.KS
114090.KS
114090.KS
114090.KS
114090.KS
115390.KS
115390.KS
115390.KS
115390.KS
115390.KS
115390.KS
115390.KS
115390.KS
115390.KS
115390.KS
115390.KS
115390.KS
115390.KS
115390.KS
115390.KS
115390.KS
115390.KS
115390.KS
115390.KS
115390.KS
115390.KS
123750.KQ
123750.KQ
123750.KQ
123750.KQ
123750.KQ
123750.KQ
123750.KQ
123750.KQ
123750.KQ
123750.KQ
123750.KQ
123750.KQ
123750.KQ
123750.KQ
123750.KQ
123750.KQ
123750.KQ
1307.TW
1307.TW
1307.TW
1307.TW
1307.TW
1309.TW
1312.TW
1312.TW
1312.TW
1312.TW
1312.TW
1312.TW
1312.TW
1312.TW
1313.TW
1313.TW
1313.TW
1313.TW
131390.KQ
131390.KQ
131390.KQ
131390.KQ
131390.KQ
131390.KQ
131390.KQ
1339.TW
1339.TW
1339.TW
1339.TW
1339.TW
1339.TW
1339.TW
136540.KQ
136540.KQ
136540.KQ
136540.KQ
136540.KQ
136540.KQ
136540.KQ
136540.KQ
136540.KQ
138040.KS
138080.KQ
138080.KQ
138080.KQ
138080.KQ
138080.KQ
138080.KQ
138080.KQ
138080.KQ
138080.KQ
138080.KQ
138080.KQ
138080.KQ
138080.KQ
138080.KQ
138080.KQ
138080.KQ
138080.KQ
138080.KQ
1414.TW
1414.TW
1414.TW
1414.TW
1414.TW
1434.TW
1434.TW
1434.TW
1434.TW
1434.TW
1442.TW
1442.TW
144510.KQ
144510.KQ
144510.KQ
144510.KQ
144510.KQ
144510.KQ
144510.KQ
144510.KQ
144510.KQ
144510.KQ
144510.KQ
144510.KQ
144510.KQ
144510.KQ
1469.TW
1469.TW
1469.TW
1469.TW
1506.TW
1506.TW
1506.TW
1506.TW
1506.TW
1506.TW
1506.TW
1537.TW
1537.TW
1537.TW
1537.TW
1537.TW
1537.TW
1565.TWO
1565.TWO
1565.TWO
1565.TWO
1565.TWO
1565.TWO
1565.TWO
1565.TWO
1568.TW
1568.TW
1568.TW
1568.TW
1568.TW
1568.TW
160980.KQ
160980.KQ
160980.KQ
160980.KQ
160980.KQ
160980.KQ
160980.KQ
160980.KQ
160980.KQ
160980.KQ
160980.KQ
160980.KQ
160980.KQ
160980.KQ
160980.KQ
160980.KQ
160980.KQ
160980.KQ
1720.T
1720.T
1720.T
1720.T
1720.TW
1720.TW
1720.TW
1720.TW
1720.TW
1720.TW
1724.TW
1724.TW
1724.TW
1724.TW
1724.TW
1724.TW
1726.TW
1726.TW
1726.TW
1726.TW
1726.TW
1726.TW
1726.TW
1733.TW
1733.TW
1733.TW
1733.TW
1733.TW
1733.TW
1733.TW
1735.TW
1735.TW
1735.TW
1735.TW
1735.TW
1735.TW
1735.TW
1737.T
1737.T
1770.T
1770.T
1770.T
1770.T
1795.T
1795.T
1795.T
1795.T
1795.T
1821.T
1821.T
1821.T
1835.T
1835.T
1841.T
1841.T
1841.T
1841.T
1846.T
1846.T
1846.T
1846.T
1846.T
1860.T
1860.T
1860.T
1860.T
1860.T
1860.T
1860.T
1860.T
1904.T
1904.T
1904.T
1904.T
1904.T
1904.T
1916.T
192820.KS
192820.KS
192820.KS
192820.KS
192820.KS
192820.KS
192820.KS
192820.KS
192820.KS
192820.KS
192820.KS
192820.KS
192820.KS
192820.KS
192820.KS
192820.KS
192820.KS
192820.KS
192820.KS
192820.KS
192820.KS
192820.KS
192820.KS
192820.KS
1935.T
1941.T
1941.T
1941.T
1941.T
1941.T
1950.T
1950.T
1950.T
1950.T
1950.T
1960.T
1960.T
1960.T
1960.T
1965.T
1965.T
1965.T
1965.T
1965.T
1969.T
1969.T
1969.T
1980.T
1980.T
1980.T
1980.T
1980.T
1981.T
1981.T
1981.T
1981.T
1981.T
1981.T
1981.T
200017.SZ
200017.SZ
200017.SZ
200017.SZ
200017.SZ
200017.SZ
200017.SZ
200017.SZ
200017.SZ
200017.SZ
200017.SZ
200017.SZ
200017.SZ
200017.SZ
200017.SZ
200053.SZ
200160.SZ
200160.SZ
200160.SZ
200160.SZ
200160.SZ
200530.SZ
200530.SZ
200530.SZ
200530.SZ
200530.SZ
200530.SZ
200553.SZ
200780.KQ
200780.KQ
200780.KQ
200780.KQ
200780.KQ
200780.KQ
2008.T
2009.TW
2009.TW
2009.TW
2009.TW
2009.TW
2033.TW
2033.TW
2033.TW
2033.TW
2033.TW
2033.TW
2114.TW
2114.TW
2114.TW
2114.TW
2114.TW
2114.TW
213090.KQ
213090.KQ
213090.KQ
213090.KQ
213090.KQ
214420.KS
214420.KS
214420.KS
214420.KS
214420.KS
214420.KS
214420.KS
214420.KS
214420.KS
214420.KS
214420.KS
214420.KS
214420.KS
214420.KS
214420.KS
214420.KS
214420.KS
214420.KS
214420.KS
214430.KQ
214430.KQ
214430.KQ
214430.KQ
214430.KQ
214430.KQ
214430.KQ
214430.KQ
214430.KQ
214430.KQ
214430.KQ
214430.KQ
214430.KQ
214430.KQ
214430.KQ
214430.KQ
214430.KQ
214430.KQ
214430.KQ
2146.T
2146.T
2146.T
2146.T
2156.T
2156.T
2156.T
2156.T
2156.T
2156.T
2156.T
2185.T
2185.T
2206.T
2206.T
2206.T
2206.T
2206.T
222800.KQ
222800.KQ
222800.KQ
222800.KQ
222800.KQ
222800.KQ
222800.KQ
222800.KQ
222800.KQ
222800.KQ
222800.KQ
222800.KQ
222800.KQ
222800.KQ
222800.KQ
222800.KQ
222800.KQ
2270.T
2270.T
2270.T
2270.T
2288.T
2288.T
2288.T
2288.T
2288.T
2288.T
2288.T
228850.KQ
228850.KQ
228850.KQ
228850.KQ
228850.KQ
228850.KQ
228850.KQ
228850.KQ
228850.KQ
228850.KQ
228850.KQ
228850.KQ
228850.KQ
228850.KQ
228850.KQ
228850.KQ
228850.KQ
2325.T
2325.T
2327.T
2327.T
2349.T
2349.T
2349.T
2349.T
2349.T
2349.T
2349.T
2349.T
2349.T
2360.TW
2360.TW
2363.TW
2363.TW
2370.T
2370.T
2372.T
2372.T
2372.T
2372.T
2372.T
2372.T
2382.TW
2382.TW
2382.TW
2382.TW
2382.TW
2382.TW
2408.TW
2408.TW
2408.TW
2408.TW
2415.TW
2415.TW
2415.TW
2415.TW
2423.TW
2423.TW
2423.TW
2423.TW
2423.TW
2423.TW
2445.T
2445.T
2445.T
2445.T
2454.T
2454.T
2454.T
2454.T
2454.T
2476.TW
2476.TW
2476.TW
2476.TW
2476.TW
2476.TW
2478.TW
2478.TW
2478.TW
2478.TW
2478.TW
2478.TW
2478.TW
2478.TW
2478.TW
2480.TW
2480.TW
2480.TW
2480.TW
2480.TW
2480.TW
2488.TW
2488.TW
2488.TW
2488.TW
2488.TW
2606.TW
2606.TW
2606.TW
2606.TW
2606.TW
2606.TW
2606.TW
2606.TW
2640.TWO
2640.TWO
2640.TWO
2640.TWO
2640.TWO
2640.TWO
2640.TWO
2640.TWO
2667.T
2667.T
2701.TW
2701.TW
2701.TW
2701.TW
2701.TW
2701.TW
2701.TW
2708.T
2708.T
2708.T
2708.T
2727.TW
2727.TW
2754.T
2754.T
2754.T
2754.T
2901.TW
2901.TW
2901.TW
2901.TW
2901.TW
2901.TW
2901.TW
2901.TW
2901.TW
2910.TW
2910.TW
2910.TW
2910.TW
2910.TW
2910.TW
2929.TW
2929.TW
2929.TW
2929.TW
2929.TW
2929.TW
300019.SZ
300019.SZ
300019.SZ
300019.SZ
300019.SZ
300019.SZ
300019.SZ
300019.SZ
300152.SZ
300152.SZ
300152.SZ
300152.SZ
300163.SZ
300163.SZ
300163.SZ
300163.SZ
300165.SZ
300165.SZ
300165.SZ
300165.SZ
300275.SZ
300275.SZ
300275.SZ
3003.TW
3003.TW
3003.TW
3003.TW
3003.TW
3003.TW
3003.TW
300387.SZ
300387.SZ
300387.SZ
300387.SZ
300387.SZ
300395.SZ
300395.SZ
300395.SZ
300395.SZ
300395.SZ
300400.SZ
300400.SZ
300400.SZ
300435.SZ
300435.SZ
300435.SZ
300464.SZ
300464.SZ
300464.SZ
300478.SZ
300478.SZ
300478.SZ
300478.SZ
300478.SZ
300483.SZ
300483.SZ
300483.SZ
300483.SZ
300483.SZ
300488.SZ
300488.SZ
300488.SZ
300488.SZ
300488.SZ
300500.SZ
300500.SZ
300500.SZ
300500.SZ
300500.SZ
300500.SZ
300511.SZ
300511.SZ
300511.SZ
300511.SZ
300511.SZ
300515.SZ
300517.SZ
300517.SZ
300517.SZ
300517.SZ
300517.SZ
300517.SZ
300517.SZ
300531.SZ
300531.SZ
300531.SZ
300531.SZ
300531.SZ
300531.SZ
3047.TW
3101.T
3101.T
3101.T
3101.T
3101.T
3101.T
3101.T
3101.T
3141.TWO
3141.TWO
3141.TWO
3141.TWO
3141.TWO
3141.TWO
3141.TWO
3151.T
3151.T
3151.T
3151.T
3154.T
3154.T
3154.T
3299.T
3299.T
3299.T
3302.T
3302.T
3302.T
3319.T
3319.T
3380.TW
3380.TW
3380.TW
3380.TW
3380.TW
3380.TW
3380.TW
3380.TW
3435.T
3435.T
3435.T
3501.TW
3501.TW
3501.TW
3501.TW
3501.TW
3501.TW
3532.TW
3532.TW
3532.TW
3532.TW
3532.TW
3532.TW
3532.TW
3553.T
3553.T
3553.T
3553.T
3553.T
3561.TW
3561.TW
3561.TW
3561.TW
3561.TW
3591.TW
3591.TW
3591.TW
3607.TW
3607.TW
3607.TW
3607.TW
3607.TW
3652.T
3652.T
3652.T
3652.T
3652.T
3652.T
3652.T
3652.T
3669.TW
3669.TW
3669.TW
3669.TW
3669.TW
3690.T
3690.T
3690.T
3727.T
3727.T
3738.T
3738.T
3751.T
3751.T
3751.T
3756.T
3756.T
3756.T
3834.T
3834.T
3834.T
3847.T
3847.T
3847.T
3847.T
3923.T
3923.T
3923.T
3923.T
3923.T
3956.T
3956.T
4007.T
4007.T
4007.T
4027.T
4027.T
4027.T
4027.T
4078.T
4078.T
4078.T
4078.T
4078.T
4092.T
4092.T
4092.T
4092.T
4092.T
4114.T
4126.TWO
4126.TWO
4126.TWO
4126.TWO
4126.TWO
4126.TWO
4126.TWO
4215.T
4215.T
4215.T
4215.T
4237.T
4237.T
4237.T
4237.T
4237.T
4237.T
4237.T
4237.T
4246.T
4246.T
4246.T
4246.T
4246.T
4282.T
4282.T
4282.T
4282.T
4304.T
4304.T
4304.T
4304.T
4304.T
4304.T
4306.TW
4326.T
4326.T
4326.T
4326.T
4326.T
4337.T
4337.T
4337.T
4342.T
4342.T
4368.T
4368.T
4521.T
4527.TWO
4527.TWO
4527.TWO
4527.TWO
4527.TWO
4527.TWO
4528.TWO
4528.TWO
4528.TWO
4528.TWO
4528.TWO
4528.TWO
4528.TWO
4533.TWO
4533.TWO
4533.TWO
4533.TWO
4533.TWO
4533.TWO
4548.T
4548.T
4548.T
4555.T
4555.T
4555.T
4568.T
4579.T
4579.T
4579.T
4579.T
4619.T
4619.T
4619.T
4624.T
4624.T
4624.T
4624.T
4624.T
4656.T
4656.T
4671.T
4671.T
4671.T
4681.T
4681.T
4681.T
4681.T
4689.T
4694.T
4694.T
4733.T
4733.T
4739.TWO
4739.TWO
4739.TWO
4739.TWO
4739.TWO
4739.TWO
4739.TWO
4755.T
4801.T
4801.T
4801.T
4801.T
4801.T
4827.FU
4827.FU
4827.FU
4827.FU
4847.T
4847.T
4847.T
4847.T
4917.T
4918.T
4918.T
4918.T
4918.T
4918.T
4918.T
4918.T
4926.T
4926.T
4926.T
4943.TWO
4952.TW
4952.TW
4955.T
4955.T
4955.T
4960.T
4960.T
4960.T
4960.T
4960.T
4960.T
4960.T
4960.T
4977.T
4977.T
4977.T
4977.T
5013.T
5021.T
5021.T
5021.T
5195.T
5195.T
5210.T
5210.T
5210.T
5210.T
5212.T
5212.T
5212.T
5233.T
5233.T
5233.T
5234.TW
5234.TW
5234.TW
5234.TW
5234.TW
5234.TW
5234.TW
5234.TW
5243.TW
5243.TW
5243.TW
5243.TW
5243.TW
5243.TW
5274.TWO
5274.TWO
5274.TWO
5274.TWO
5274.TWO
5288.T
5288.T
5288.T
5288.T
5288.T
5288.T
5288.T
5288.T
5401.T
5401.T
5401.T
5401.T
5401.T
5446.T
5446.T
5446.T
5446.T
5533.TW
5533.TW
5533.TW
5533.TW
5533.TW
5533.TW
5533.TW
5533.TW
5909.T
5909.T
5950.T
5950.T
5950.T
5989.T
5989.T
600127.SS
600127.SS
600127.SS
600127.SS
600127.SS
600127.SS
600127.SS
600127.SS
600127.SS
600127.SS
600127.SS
600127.SS
600127.SS
600127.SS
600127.SS
600127.SS
600149.SS
600149.SS
600149.SS
600149.SS
600149.SS
600179.SS
600179.SS
600179.SS
600179.SS
600179.SS
600262.SS
600262.SS
600262.SS
600300.SS
600300.SS
600327.SS
600327.SS
600327.SS
600327.SS
600327.SS
600327.SS
600608.SS
600608.SS
600608.SS
600608.SS
600740.SS
600740.SS
600740.SS
600740.SS
600740.SS
600853.SS
600853.SS
600853.SS
600853.SS
600853.SS
6013.T
603101.SS
603101.SS
603101.SS
603101.SS
603101.SS
603339.SS
603339.SS
603339.SS
603339.SS
603339.SS
603339.SS
603663.SS
603663.SS
603663.SS
603663.SS
603663.SS
603663.SS
603703.SS
603703.SS
603703.SS
603703.SS
603703.SS
603822.SS
603822.SS
603822.SS
603822.SS
603822.SS
603958.SS
603958.SS
603958.SS
603958.SS
603958.SS
6071.T
6071.T
6071.T
6071.T
6074.T
6074.T
6074.T
6074.T
6074.T
6079.T
6079.T
6098.T
6098.T
6098.T
6098.T
6098.T
6099.T
6099.T
6101.T
6101.T
6101.T
6101.T
6113.T
6113.T
6113.T
6113.T
6113.T
6118.T
6118.T
6118.T
6131.TW
6131.TW
6131.TW
6131.TW
6131.TW
6145.T
6145.T
6145.T
6145.T
6145.T
6145.T
6166.TW
6181.T
6181.T
6181.T
6181.T
6187.TWO
6187.TWO
6187.TWO
6187.TWO
6187.TWO
6206.TW
6206.TW
6206.TW
6206.TW
6206.TW
6206.TW
6206.TW
6206.TW
6230.TW
6230.TW
6230.TW
6230.TW
6230.TW
6235.TW
6235.TW
6235.TW
6235.TW
6235.TW
6235.TW
6250.T
6250.T
6250.T
6250.T
6250.T
6281.T
6281.T
6285.TW
6285.TW
6285.TW
6285.TW
6285.TW
6303.T
6303.T
6303.T
6303.T
6303.T
6303.T
6303.T
6307.T
6307.T
6307.T
6307.T
6307.T
6307.T
6307.T
6307.T
6307.T
6315.T
6315.T
6315.T
6315.T
6315.T
6315.T
6315.T
6315.T
6315.T
6315.T
6315.T
6315.T
6330.T
6330.T
6330.T
6330.T
6330.T
6330.T
6330.T
6330.T
6361.T
6365.T
6365.T
6365.T
6365.T
6365.T
6366.T
6376.T
6376.T
6376.T
6383.T
6383.T
6383.T
6383.T
6383.T
6383.T
6383.T
6384.T
6384.T
6384.T
6390.T
6390.T
6390.T
6393.T
6393.T
6393.T
6408.T
6408.T
6411.T
6411.T
6411.T
6411.T
6414.TW
6414.TW
6414.TW
6414.TW
6414.TW
6414.TW
6451.TW
6451.TW
6451.TW
6451.TW
6451.TW
6451.TW
6451.TW
6465.T
6465.T
6507.T
6507.T
6507.T
6507.T
6507.T
6507.T
6507.T
6507.T
6622.T
6622.T
6622.T
6626.T
6626.T
6626.T
6626.T
6626.T
6626.T
6626.T
6636.T
6636.T
6636.T
6636.T
6638.T
6638.T
6638.T
6638.T
6638.T
6638.T
6638.T
6638.T
6638.T
6638.T
6638.T
6638.T
6648.T
6648.T
6648.T
6666.T
6666.T
6666.T
6666.T
6723.T
6751.T
6751.T
6771.T
6771.T
6771.T
6773.T
6773.T
6787.T
6787.T
6787.T
6787.T
6816.T
6816.T
6837.T
6837.T
6881.T
6881.T
6881.T
6881.T
6912.T
6912.T
6971.T
6971.T
6971.T
6971.T
6971.T
6971.T
6986.T
6986.T
6986.T
6989.T
6989.T
6989.T
6989.T
6996.T
6S2.BB
6S2.BB
6S2.BB
7164.T
7164.T
7220.T
7220.T
7220.T
7220.T
7244.T
7244.T
7244.T
7280.T
7280.T
7399.T
7399.T
7399.T
7399.T
7399.T
7399.T
7399.T
7399.T
7399.T
7413.T
7413.T
7413.T
7413.T
7438.T
7438.T
7438.T
7438.T
7443.T
7443.T
7467.T
7467.T
7467.T
7467.T
7467.T
7480.T
7480.T
7480.T
7480.T
7480.T
7480.T
7480.T
7521.T
7521.T
7521.T
7521.T
7523.T
7523.T
7525.T
7525.T
7525.T
7525.T
7539.T
7539.T
7593.T
7593.T
7597.T
7597.T
7597.T
7597.T
7597.T
7597.T
7637.T
7637.T
7637.T
7637.T
7637.T
7637.T
7637.T
7637.T
7637.T
7637.T
7637.T
7711.T
7711.T
7711.T
7715.T
7715.T
7715.T
7715.T
7715.T
7715.T
7721.T
7721.T
7721.T
7721.T
7721.T
7721.T
7743.T
7743.T
7743.T
7743.T
7743.T
7743.T
7743.T
7743.T
7744.T
7745.T
7745.T
7745.T
7816.T
7816.T
7816.T
7816.T
7851.T
7851.T
7851.T
7851.T
7860.T
7860.T
7871.T
7871.T
7871.T
7871.T
7871.T
7871.T
7871.T
7871.T
7877.T
7877.T
7877.T
7889.T
7889.T
7889.T
7889.T
7895.T
7895.T
7895.T
7913.T
7913.T
7913.T
7913.T
7914.T
7914.T
7914.T
7914.T
7917.T
7917.T
7918.T
7918.T
7990.T
7990.T
7990.T
7990.T
7990.T
7990.T
7990.T
7990.T
8006.T
8006.T
8006.T
8007.HK
8018.HK
8026.HK
8026.HK
8026.HK
8026.HK
8026.HK
8026.HK
8026.HK
8038.HK
8038.HK
8038.HK
8039.T
8039.T
8039.T
8039.T
8051.T
8051.T
8051.T
8053.T
8057.HK
8057.HK
8057.HK
8057.HK
8057.HK
8057.HK
8058.HK
8058.HK
8065.T
8065.T
8065.T
8065.T
8066.T
8066.T
8066.T
8066.T
8066.T
8066.T
8066.T
8086.T
8086.T
8086.T
8086.T
8086.T
8086.TWO
8086.TWO
8086.TWO
8097.HK
8097.HK
8097.HK
8097.HK
8103.T
8103.T
8103.T
8103.T
8103.T
8103.T
8103.T
8113.T
8115.HK
8115.HK
8117.T
8117.T
8117.T
8117.T
8117.T
8117.T
8117.T
8117.T
8130.T
8130.T
8143.HK
8143.HK
8143.HK
8143.HK
8143.HK
8143.HK
8143.HK
8143.HK
8143.HK
8143.HK
8143.HK
8153.HK
8153.HK
8153.HK
8153.HK
8153.HK
8153.HK
8153.HK
8153.HK
8153.HK
8153.HK
8159.T
8159.T
8159.T
8189.HK
8189.HK
8203.T
8203.T
8203.T
8206.HK
8206.HK
8222.TW
8222.TW
8222.TW
8222.TW
8222.TW
8222.TW
8222.TW
8222.TW
8222.TW
8222.TW
8251.HK
8251.HK
8251.HK
8251.HK
8251.HK
8251.HK
8251.HK
8251.HK
8251.HK
8251.HK
8251.HK
8251.HK
8265.HK
8279.HK
8279.HK
8346.T
8346.T
8346.T
8346.T
8356.HK
8356.HK
8356.HK
8356.HK
8356.HK
8356.HK
8356.HK
8356.HK
8368.T
8368.T
8368.T
8395.T
8395.T
8395.T
8395.T
8404.TW
8404.TW
8404.TW
8404.TW
8404.TW
8404.TW
8404.TW
8404.TW
8462.T
8511.T
8511.T
8511.T
8511.T
8545.T
8545.T
8545.T
8545.T
8550.T
8550.T
8550.T
8558.T
8558.T
8558.T
8558.T
8558.T
8558.T
8589.T
8709.T
8709.T
8709.T
8709.T
8709.T
8709.T
8709.T
8713.T
8713.T
8713.T
8713.T
8840.T
8840.T
8840.T
8840.T
8840.T
9003.T
9003.T
9003.T
9003.T
900951.SS
900951.SS
900951.SS
900951.SS
9033.T
9033.T
9033.T
9051.T
9051.T
9051.T
9051.T
9057.T
9057.T
9057.T
9057.T
9083.T
9083.T
9310.T
9310.T
9310.T
9310.T
9319.T
9319.T
9319.T
9319.T
9362.T
9362.T
9362.T
9362.T
9362.T
9366.T
9366.T
9366.T
9366.T
9366.T
9367.T
9367.T
9367.T
9367.T
9367.T
9445.T
9445.T
9445.T
9445.T
9476.T
9476.T
9476.T
9476.T
9539.T
9539.T
9539.T
9539.T
9539.T
9539.T
9607.T
9607.T
9607.T
9607.T
9608.T
9699.T
9699.T
9699.T
9709.T
9709.T
9709.T
9709.T
9709.T
9746.T
9746.T
9746.T
9749.T
9749.T
9788.T
9788.T
9788.T
9792.T
9792.T
9792.T
9792.T
9792.T
9802.TW
9802.TW
9802.TW
9802.TW
9802.TW
9802.TW
9873.T
9873.T
9896.T
9896.T
9896.T
9896.T
9896.T
9899.T
9911.TW
9911.TW
9911.TW
9911.TW
9911.TW
9924.TW
9924.TW
9924.TW
9924.TW
9924.TW
9924.TW
9924.TW
9924.TW
9926.TW
9926.TW
9926.TW
9926.TW
9926.TW
9926.TW
9926.TW
9926.TW
9926.TW
9931.TW
9931.TW
9931.TW
9931.TW
9931.TW
9931.TW
9938.TW
9938.TW
9938.TW
9938.TW
9938.TW
9938.TW
9938.TW
9942.FU
9942.FU
9942.FU
9956.T
9956.T
9956.T
9956.T
9964.T
9964.T
9964.T
9964.T
9964.T
9964.T
9989.T
9989.T
9989.T
9989.T
ABCD.O
ABCD.O
ABCO.O
ABUS.O
ABUS.O
ABUS.O
ABUS.O
ABUS.O
ACANb.ST
ADMA.O
ADMA.O
ADMA.O
ADMA.O
ADMA.O
AEG
AEG
AEG
AEG
AEG
AEG
AEG
AEG
AEG
AEG
AEG
AEGN.AS
AEGN.AS
AEGN.AS
AEGN.AS
AEGN.AS
AEGN.AS
AEGN.AS
AEGN.AS
AEGN.AS
AEGN.AS
AERI.O
AGT.TO
AGT.TO
AGT.TO
AGT.TO
AGT.TO
AGT.TO
AGT.TO
AGT.TO
AGT.TO
AGT.TO
AGT.TO
AGT.TO
AGT.TO
AGT.TO
AGT.TO
AGT.TO
AGT.TO
AINV.O
AINV.O
AJX
AJX
AJX
AJX
AJX
AJX
AJX
ALARK.IS
ALBRK.IS
ALBRK.IS
ALBRK.IS
ALCTL.IS
ALCTL.IS
ALCTL.IS
ALCTL.IS
ALCTL.IS
ALCTL.IS
ALCTL.IS
ALCTL.IS
ALDR.AD
ALDR.AD
ALDR.AD
ALL
ALLY.K
ALLY.K
ALL_pa
ALL_pc
ALL_pd
ALL_pe
ALL_pf
AM3D.DE
AM3D.DE
AM3D.DE
AM3D.DE
AM3D.DE
AM3D.DE
AM3D.DE
AM3D.DE
AM3D.DE
AMM.TO
AMM.TO
AMM.TO
AMRK.O
AMRK.O
ANCX.O
ANCX.O
ANCX.O
ANCX.O
ANCX.O
APN.WA
APN.WA
APRI.O
APRI.O
APRI.O
APT
APT
AQMS.O
AQMS.O
AQMS.O
AQMS.O
AQMS.O
AQXP.O
AQXP.O
AQXP.O
AQXP.O
AQXP.O
AQXP.O
ARCW.O
ARCW.O
ARCW.O
ARCW.O
ARCW.O
ARCW.O
ARCX.K
ARCX.K
ARCX.K
ARCX.K
ARCX.K
ARCX.K
ARCX.K
ARLZ.O
ARLZ.O
ARLZ.O
ARLZ.O
ARLZ.O
ARWA.L
ARWA.L
ARWA.L
ARWA.L
ARWA.L
ARWA.L
ARWA.L
ARWA.L
ARWA.L
ASM.V
ASM.V
ASM.V
ASM.V
ASM.V
ASM.V
ASM.V
ASM.V
ASM.V
ASM.V
ASM.V
ASM.V
ASMB.O
ASMB.O
ASMB.O
ASMB.O
ASMB.O
ASMB.O
ASRV.O
ASUP.KL
ASUP.KL
ASUP.KL
ASUP.KL
ASUP.KL
ASUP.KL
ASUP.KL
ASUP.KL
ASUP.KL
ASUP.KL
ASUP.KL
ASUP.KL
ASUP.KL
ASUP.KL
ASUP.KL
ASUP.KL
ATAX.O
ATAX.O
ATAX.O
ATAX.O
ATAX.O
ATAX.O
ATMR.O
ATMR.O
ATMR.O
ATMR.O
ATMR.O
ATMR.O
ATTA.KL
AVE.V
AVH
AVH
AVH
AVH
AVH
AVH
AVH
AVH
AVH
AVH
AVH
AVH
AVXS.O
AVXS.O
AVXS.O
AVXS.O
AVXS.O
AVXS.O
AVXS.O
AVXS.O
AYEN.IS
AYEN.IS
AYEN.IS
AYEN.IS
AZ.TO
AZ.TO
AZ.TO
AZ.TO
AZ.TO
AZ.TO
AZ.TO
AZ.TO
AZ.TO
AZ.TO
AZ.TO
AZ.TO
BBL.BK
BBL.BK
BBL.BK
BBL.BK
BBL.BK
BBLf.BK
BBLf.BK
BBLf.BK
BBLf.BK
BBLf.BK
BBLn.BK
BBLn.BK
BBLn.BK
BBLn.BK
BBLn.BK
BC
BCK.V
BEI_u.TO
BEI_u.TO
BEI_u.TO
BEI_u.TO
BEI_u.TO
BEI_u.TO
BEI_u.TO
BEI_u.TO
BEI_u.TO
BEI_u.TO
BEM.BK
BEM.BK
BEM.BK
BEM.BK
BEM.BK
BEM.BK
BEM.BK
BEM.BK
BEM.BK
BEM.BK
BEM.BK
BEM.BK
BEM.BK
BEM.BK
BEMf.BK
BEMf.BK
BEMf.BK
BEMf.BK
BEMf.BK
BEMf.BK
BEMf.BK
BEMf.BK
BEMf.BK
BEMf.BK
BEMf.BK
BEMf.BK
BEMf.BK
BEMf.BK
BEMn.BK
BEMn.BK
BEMn.BK
BEMn.BK
BEMn.BK
BEMn.BK
BEMn.BK
BEMn.BK
BEMn.BK
BEMn.BK
BEMn.BK
BEMn.BK
BEMn.BK
BEMn.BK
BESQ.ST
BESQ.ST
BESQ.ST
BESQ.ST
BFR
BFR
BFR
BFR
BFR
BIOA.K
BIOA.K
BIOA.K
BIOGb.ST
BIOGb.ST
BIOGb.ST
BIOGb.ST
BIOGb.ST
BIOGb.ST
BIOGb.ST
BIOGb.ST
BIOGb.ST
BIOGb.ST
BIOGb.ST
BIOGb.ST
BIOGb.ST
BIOO.KL
BIOO.KL
BIOO.KL
BIOO.KL
BIOO.KL
BIOO.KL
BIOO.KL
BIOO.KL
BIOO.KL
BIOO.KL
BIOO.KL
BIOO.KL
BKX.TO
BKX.TO
BKX.TO
BKX.TO
BKX.TO
BKX.TO
BKX.TO
BKX.TO
BLFS.O
BLFS.O
BLFS.O
BLPH.O
BMEKS.IS
BMEKS.IS
BMEKS.IS
BMEKS.IS
BMEKS.IS
BMEKS.IS
BMEKS.IS
BMEKS.IS
BOJA.O
BOJA.O
BOJA.O
BOJA.O
BOJA.O
BOJA.O
BOSP.WA
BOSP.WA
BOSP.WA
BOSP.WA
BOSP.WA
BOUVET.OL
BOUVET.OL
BOUVET.OL
BOX_u.TO
BOX_u.TO
BOX_u.TO
BOX_u.TO
BOX_u.TO
BOX_u.TO
BOX_u.TO
BOX_u.TO
BOYP.IS
BPF_u.TO
BPF_u.TO
BPF_u.TO
BPF_u.TO
BPF_u.TO
BPF_u.TO
BPF_u.TO
BPF_u.TO
BPF_u.TO
BPF_u.TO
BPF_u.TO
BPF_u.TO
BPF_u.TO
BPF_u.TO
BPMC.O
BPMC.O
BPMC.O
BPMC.O
BPMC.O
BRKS.O
BRKS.O
BSDE.JK
BSTP.WA
BSTP.WA
BSTP.WA
BSTP.WA
BSTP.WA
BSTP.WA
BSTP.WA
BSTP.WA
BSTP.WA
BSTP.WA
BTCIM.IS
BTCIM.IS
BTCIM.IS
BTCIM.IS
BTCIM.IS
BTCIM.IS
BVB.DE
BVB.DE
BVB.DE
BVB.DE
BVB.DE
BVB.DE
BVB.DE
BVB.DE
BVB.DE
CALA.O
CALA.O
CALA.O
CALA.O
CALA.O
CALA.O
CAMB4.SA
CAMB4.SA
CAMB4.SA
CAMB4.SA
CAMB4.SA
CAMB4.SA
CAT
CAT
CATP34.SA
CATP34.SA
CBAN.O
CBAN.O
CBAN.O
CBAN.O
CBAY.O
CBAY.O
CBAY.O
CBAY.O
CBAY.O
CBI.V
CBI.V
CBI.V
CBI.V
CBI.V
CBI.V
CBI.V
CBI.V
CBI.V
CBI.V
CBI.V
CBI.V
CBI.V
CBL.TO
CBL.TO
CBL.TO
CBL.TO
CBL.TO
CBL.TO
CBL.TO
CBL.TO
CBL.TO
CBL.TO
CBL.TO
CBL.TO
CBMG.O
CBMG.O
CBMG.O
CBMG.O
CCLP.O
CCLP.O
CCLP.O
CCLP.O
CCLP.O
CCLP.O
CCLP.O
CCLP.O
CCLP.O
CCLP.O
CCLP.O
CCLP.O
CCLP.O
CCLP.O
CCLP.O
CCLP.O
CCLP.O
CCLP.O
CCLP.O
CCLP.O
CCZ.TO
CCZ.TO
CCZ.TO
CCZ.TO
CCZ.TO
CCZ.TO
CCZ.TO
CCZ.TO
CCZ.TO
CCZ.TO
CCZ.TO
CCZ.TO
CCZ.TO
CEGR3.SA
CEGR3.SA
CEGR3.SA
CEGR3.SA
CERC.O
CERC.O
CERC.O
CERV.MI
CERV.MI
CERV.MI
CERV.MI
CERV.MI
CFCB.O
CFCB.O
CFCB.O
CFCB.O
CFCB.O
CFCB.O
CFF.TO
CFF.TO
CFF.TO
CFF.TO
CFF.TO
CFFI.O
CFFI.O
CFMS.O
CFMS.O
CFMS.O
CFNL.O
CFNL.O
CFNL.O
CGEN.TA
CHUBA.O
CHUBA.O
CHUBA.O
CHUBA.O
CHUBA.O
CHUBA.O
CHUBA.O
CHUBK.O
CHUBK.O
CHUBK.O
CHUBK.O
CHUBK.O
CHUBK.O
CHUBK.O
CIC.PS
CIC.PS
CIC.PS
CIC.PS
CIC.PS
CIC.PS
CIC.PS
CIC.PS
CIRX.MI
CIVB.O
CIVB.O
CIVB.O
CIVB.O
CIVB.O
CIVB.O
CIVBP.O
CIVBP.O
CIVBP.O
CIVBP.O
CIVBP.O
CIVBP.O
CJT.TO
CJT.TO
CJT.TO
CJT.TO
CJT.TO
CJT.TO
CJT.TO
CJT.TO
CJT.TO
CJT.TO
CJT.TO
CJT.TO
CJT.TO
CJT.TO
CJT.TO
CJT.TO
CJT.TO
CJT.TO
CJTa.TO
CJTa.TO
CJTa.TO
CJTa.TO
CJTa.TO
CJTa.TO
CJTa.TO
CJTa.TO
CJTa.TO
CJTa.TO
CJTa.TO
CJTa.TO
CJTa.TO
CJTa.TO
CJTa.TO
CJTa.TO
CJTa.TO
CJTa.TO
CLFD.O
CLFD.O
CLFD.O
CLMT.O
CMV.V
CMV.V
CMV.V
CMV.V
CMV.V
CMV.V
CMV.V
CMV.V
CMV.V
CMV.V
CMV.V
CMV.V
CMV.V
COKE.O
COKE.O
COOR.ST
COOR.ST
COUR.SI
COUR.SI
COUR.SI
COUR.SI
COUR.SI
COUR.SI
COUR.SI
CPFE3.SA
CPFE3.SA
CPFE3.SA
CPFE3.SA
CPFE3.SA
CPI.TO
CPL
CPL
CPL
CPL
CPL
CPLE3.SA
CPLE3.SA
CPLE3.SA
CPLE3.SA
CPLE3.SA
CPLE3.SA
CPLE3.SA
CPLE3.SA
CPLE5.SA
CPLE5.SA
CPLE5.SA
CPLE5.SA
CPLE5.SA
CPLE5.SA
CPLE5.SA
CPLE5.SA
CPLE6.SA
CPLE6.SA
CPLE6.SA
CPLE6.SA
CPLE6.SA
CPLE6.SA
CPLE6.SA
CPLE6.SA
CPSH.O
CPSH.O
CPSH.O
CPSH.O
CPSH.O
CQE.TO
CQVh.V
CSRA.K
CTC.TO
CTC.TO
CTC.TO
CTC.TO
CTCa.TO
CTCa.TO
CTCa.TO
CTCa.TO
CTIP3.SA
CTIP3.SA
CTIP3.SA
CTIP3.SA
CTIP3.SA
CTKA3.SA
CTKA3.SA
CTKA3.SA
CTKA3.SA
CTKA4.SA
CTKA4.SA
CTKA4.SA
CTKA4.SA
CTRA.JK
CTSA3.SA
CTSA3.SA
CTSA3.SA
CTSA4.SA
CTSA4.SA
CTSA4.SA
CTSA8.SA
CTSA8.SA
CTSA8.SA
CUPu.TO
CUPu.TO
CUPu.TO
CUPu.TO
CUPu.TO
CUPu.TO
CUPu.TO
CUPu.TO
CUPu.TO
CUPu.TO
CUPu.TO
CUPu.TO
CUPu.TO
CUPu.TO
CUPu.TO
CUPu.TO
CUPu.TO
CUPu.TO
CUPu.TO
CVCY.O
CVCY.O
CVCY.O
CVCY.O
CVLY.O
CVU
CVU
CVU
CVU
CVU
CWCG.DE
CWCG.DE
CWCG.DE
CWCG.DE
CWCG.DE
CWCG.DE
CWCG.DE
CWCG.DE
CWCG.DE
CWCG.DE
CWCG.DE
CWCG.DE
CWCG.DE
CWCG.DE
CWN.V
CWN.V
CWN.V
CWN.V
CWN.V
CWN.V
CWN.V
CYAN.O
CYAN.O
CYAN.O
CYAN.O
CYAN.O
CYRE3.SA
CYRE3.SA
CYRE3.SA
CYRE3.SA
CYRE3.SA
DAR
DAR
DAR
DAR
DAR
DAR
DAR
DAR
DAR
DAR
DAR
DAR
DAR
DAR
DAR
DAR
DAR
DAR
DAR
DCTH.O
DCTH.O
DCTH.O
DCTH.O
DCTH.O
DCTH.O
DCTH.O
DEZG.DE
DEZG.DE
DEZG.DE
DGKLB.IS
DGKLB.IS
DGKLB.IS
DGKLB.IS
DGKLB.IS
DGKLB.IS
DGLY.O
DGLY.O
DGLY.O
DILD.JK
DOAS.IS
DOAS.IS
DOC
DOHOL.IS
DOHOL.IS
DOHOL.IS
DPRX.O
DPRX.O
DPRX.O
DPRX.O
DPRX.O
DPRX.O
DPRX.O
DPRX.O
DPRX.O
DRIO.O
DRIO.O
DRIO.O
DRIO.O
DRIO.O
DRIO.O
DRIO.O
DRIO.O
DRIO.O
DTEGn.DE
DTEGn.DE
DTEGn.DE
DTEGn.DE
DTEGn.DE
DTEGn.DE
DTEGn.DE
DTEGn.DE
DTEGn.DE
DTEGn.DE
DTEGn.DE
DTEGn.DE
DTEGn.DE
DTEGn.DE
DTEGn.DE
DTEGn.DE
DXYN.O
D_u.TO
D_u.TO
D_u.TO
D_u.TO
D_u.TO
D_u.TO
D_u.TO
D_u.TO
D_u.TO
D_u.TO
D_u.TO
D_u.TO
EBIX.O
EBKG.DE
EBKG.DE
EBKG.DE
EBKG.DE
EBKG.DE
EBKG.DE
EBKG.DE
EBKG.DE
ECILC.IS
ECILC.IS
ECILC.IS
ECILC.IS
ECILC.IS
ECILC.IS
ECILC.IS
ECO.TO
ECO.TO
ECO.TO
ECO.TO
ECO.TO
ECO.TO
ECO.TO
ECO.TO
ECO.TO
ECO.TO
ECO.TO
ECO.TO
ECO.TO
ECZYT.IS
ECZYT.IS
ECZYT.IS
ECZYT.IS
ECZYT.IS
ECZYT.IS
ECZYT.IS
ECZYT.IS
ECZYT.IS
ECZYT.IS
ECZYT.IS
EGEEN.IS
EGEEN.IS
EGEEN.IS
EGEEN.IS
EGEEN.IS
EGEEN.IS
EGIE3.SA
EGT.O
EGT.O
EGT.O
ELANb.ST
ELANb.ST
ELANb.ST
ELANb.ST
ELANb.ST
ELP
ELP
ELP
ELP
ELP
ELP
ELP
ELP
ELPb.LM
ELPb.LM
ELPb.LM
ELPb.LM
ELTEL.ST
ELTEL.ST
ELTEL.ST
ELTEL.ST
EOX.TO
EOX.TO
EOX.TO
EOX.TO
EOX.TO
EOX.TO
EOX.TO
EOX.TO
EOX.TO
EOX.TO
EOX.TO
EOX.TO
EOX.TO
EOX.TO
EQI.TO
EQI.TO
EQI.TO
EQI.TO
EQI.TO
EQI.TO
EQI.TO
EQI.TO
EQI.TO
EQI.TO
ERGA.WA
ERGA.WA
ERGA.WA
ERGA.WA
ERGA.WA
ERGA.WA
ERI.O
ERI.O
ERI.O
ERI.O
ESL
ESL
ESL
ESL
ESL
ESL
ESL
ESU.LM
ESU.LM
ESXB.O
ESXB.O
ESXB.O
ETX.TO
ETX.TO
ETX.TO
ETX.TO
ETX.TO
ETYAT.IS
ETYAT.IS
ETYAT.IS
ETYAT.IS
ETYAT.IS
ETYAT.IS
ETYAT.IS
ETYAT.IS
EVTG.DE
EVTG.DE
EVTG.DE
EVTG.DE
EVTG.DE
EVTG.DE
FAJA.KL
FAJA.KL
FAJA.KL
FAJA.KL
FAJA.KL
FAJA.KL
FAJA.KL
FAJA.KL
FAJA.KL
FAJA.KL
FAJA.KL
FAJA.KL
FAJA.KL
FAJA.KL
FAJA.KL
FALC.O
FALC.O
FALC.O
FALC.O
FBHS.K
FBMS.O
FBMS.O
FBMS.O
FBMS.O
FBMS.O
FBMS.O
FC.TO
FC.TO
FCCY.O
FCCY.O
FCCY.O
FCCY.O
FCPT.K
FCPT.K
FCPT.K
FCPT.K
FCSC.O
FCSC.O
FCSC.O
FCSC.O
FDC
FDC
FDC
FDC
FDC
FDC
FDC
FDC
FDC
FDC
FDC
FDC
FDC
FFWM.O
FFWM.O
FFWM.O
FHB.O
FHB.O
FHB.O
FHB.O
FLKS.O
FLKS.O
FLKS.O
FLKS.O
FLKS.O
FLY.V
FLY.V
FLY.V
FLY.V
FLY.V
FLY.V
FMBH.O
FMBH.O
FNJN.O
FOLD.O
FOLD.O
FOLD.O
FOLD.O
FOLD.O
FOLD.O
FOOD.AD
FP.TO
FP.TO
FP.TO
FP.TO
FP.TO
FP.TO
FP.TO
FP.TO
FP.TO
FP.TO
FP.TO
FPI
FPI
FPI
FPI
FPI
FRC.TO
FRC.TO
FRC.TO
FRC.TO
FRC.TO
FRC.TO
FRC.TO
FRC.TO
FREN.JK
FREN.JK
FREN.JK
FSBK.O
FSBK.O
FSBK.O
FSBK.O
FTG.TO
FTG.TO
FTG.TO
FTG.TO
FTG.TO
FTG.TO
FTG.TO
FTG.TO
FTG.TO
FTG.TO
FTG.TO
FTG.TO
GDEN.O
GDEN.O
GDI.TO
GDI.TO
GEO
GEO
GEO
GEO
GEO
GEO
GEPA3.SA
GEPA3.SA
GEPA3.SA
GEPA3.SA
GEPA4.SA
GEPA4.SA
GEPA4.SA
GEPA4.SA
GFTG.DE
GFTG.DE
GFTG.DE
GFTG.DE
GFTG.DE
GFTG.DE
GFTG.DE
GFTG.DE
GFTG.DE
GI
GI
GI
GI
GI
GI
GI
GK.O
GLC.WA
GLC.WA
GLC.WA
GLC.WA
GLOW.BK
GLOW.BK
GLOW.BK
GLOWn.BK
GLOWn.BK
GLOWn.BK
GLPI.O
GLYHO.IS
GLYHO.IS
GLYHO.IS
GMP.TO
GMP.TO
GMP.TO
GMP.TO
GMP.TO
GMP.TO
GMP.TO
GMP.TO
GNE
GNE
GNE
GNE
GNE
GNE
GQM.TO
GQM.TO
GQM.TO
GQM.TO
GQM.TO
GS.TO
GS.TO
GS.TO
GS.TO
GS.TO
GS.TO
GS.TO
GS.TO
GS.TO
GS.TO
GS.TO
GSDDE.IS
GSDDE.IS
GSDDE.IS
GSDDE.IS
GSPA.BU
GSPA.BU
GSPA.BU
GSPA.BU
GSPA.BU
GSPA.BU
GSPA.BU
GSPA.BU
GSPA.BU
GSPA.BU
GSPA.BU
GSPA.BU
GSPA.BU
GSPA.BU
GSPA.BU
GSY.TO
GSY.TO
GSY.TO
GSY.TO
GSY.TO
GSY.TO
GTN.WA
GTN.WA
GUBRF.IS
GUBRF.IS
GXE.TO
GXE.TO
GXE.TO
GXE.TO
GXE.TO
GXE.TO
GXE.TO
GXE.TO
GXE.TO
GXO.TO
GXO.TO
GXO.TO
GXO.TO
GXO.TO
GXO.TO
GXO.TO
GXO.TO
GXO.TO
GXO.TO
HABG.DE
HABG.DE
HBCP.O
HBCP.O
HBCP.O
HBCP.O
HBCP.O
HBCP.O
HCHC.K
HCHC.K
HCHC.K
HCHC.K
HCHC.K
HCHC.K
HFBC.O
HFBC.O
HFBC.O
HFBC.O
HGN.TO
HGN.TO
HGN.TO
HGN.TO
HGN.TO
HGN.TO
HGN.TO
HGN.TO
HGN.TO
HGN.TO
HGN.TO
HGN.TO
HGN.TO
HGN.TO
HGN.TO
HGN.TO
HMED.ST
HNRGn.DE
HNRGn.DE
HNRGn.DE
HNRGn.DE
HNRGn.DE
HNRGn.DE
HOG
HONE.O
HONE.O
HONE.O
HONE.O
HONE.O
HONE.O
HONE.O
HOT_u.TO
HOT_u.TO
HOT_u.TO
HOT_u.TO
HOT_u.TO
HOT_u.TO
HOT_u.TO
HOT_u.TO
HOT_u.TO
HOT_u.TO
HOT_u.TO
HOT_u.TO
HOT_u.TO
HOT_u.TO
HPJ.O
HPJ.O
HPJ.O
HPJ.O
HSGX.O
HSGX.O
HSGX.O
HSKA.O
HSKA.O
HSKA.O
HSKA.O
HSKA.O
HSKA.O
HSKA.O
HSKA.O
HSKA.O
HSKA.O
HSKA.O
HSKA.O
HSKA.O
HSKA.O
HTGC.K
HTGC.K
HTGC.K
HTGC.K
HTGC.K
HURGZ.IS
HURGZ.IS
HURGZ.IS
HURGZ.IS
HUSA.K
HUSA.K
HUSA.K
HYG.TO
HYG.TO
HYG.TO
HYG.TO
HYG.TO
HYG.TO
HYG.TO
HZN
HZN
HZN
HZN
IBG.TO
ICCC.O
ICCC.O
ICCC.O
ICCC.O
ICCC.O
IDG.TO
IDG.TO
IDG.TO
IDG.TO
IDG.TO
IDN
IDN
IDN
IDN
IFON.O
IFON.O
IFON.O
IFON.O
IMAS.JK
IMAS.JK
IMAS.JK
IMH
IMH
IMH
IMH
IMH
IMH
IMH
IMH
IMH
IMH
IMH
IMH
IMH
IMH
IMI.O
IMI.O
IMI.O
IMI.O
IMI.O
IMI.O
IMI.O
IMJS.JK
IMJS.JK
IMJS.JK
INAF.JK
INOD.O
INOD.O
INOD.O
INST.K
INST.K
INST.K
INVE.O
INVE.O
INVE.O
INVE.O
INVE.O
INVE.O
IRCP.O
IRCP.O
IRCP.O
IRCP.O
IREE.MI
IREE.MI
IREE.MI
IREE.MI
IREE.MI
IREE.MI
IREE.MI
IREE.MI
IREE.MI
IREE.MI
IREE.MI
IRIX.O
IRIX.O
IRIX.O
IRIX.O
IRIX.O
IRIX.O
IRIX.O
ISSP.JK
ISSP.JK
ISSP.JK
ITI.O
ITI.O
ITI.O
ITI.O
ITI.O
ITI.O
ITPG.MI
ITPG.MI
IVN.TO
JCS.O
JCS.O
JCS.O
JCS.O
JCS.O
JENG.DE
JENG.DE
JENG.DE
JENG.DE
JENG.DE
JENG.DE
JENG.DE
JRVR.O
JRVR.O
KCHOL.IS
KDI.V
KDI.V
KDI.V
KDI.V
KDI.V
KDI.V
KDI.V
KDI.V
KDI.V
KDI.V
KDI.V
KDI.V
KEL.TO
KEL.TO
KEL.TO
KEL.TO
KEL.TO
KEL.TO
KERVT.IS
KERVT.IS
KERVT.IS
KERVT.IS
KERVT.IS
KERVT.IS
KERVT.IS
KFS.TO
KINS.O
KINS.O
KINS.O
KKP.BK
KKP.BK
KKP.BK
KKP.BK
KKP.BK
KKPf.BK
KKPf.BK
KKPf.BK
KKPf.BK
KKPf.BK
KKPn.BK
KKPn.BK
KKPn.BK
KKPn.BK
KKPn.BK
KLBF.JK
KLS.TO
KLS.TO
KLS.TO
KLS.TO
KLS.TO
KLS.TO
KLS.TO
KORS.K
KORS.K
KORS.K
KORS.K
KORS.K
KORS.K
KRN.TO
KRN.TO
KRN.TO
KRN.TO
KRN.TO
KRN.TO
KRN.TO
KRN.TO
KRN.TO
KRN.TO
KRN.TO
KRN.TO
LAC.TO
LAME3.SA
LAME3.SA
LAME3.SA
LAME4.SA
LAME4.SA
LAME4.SA
LBIO.O
LBIO.O
LBIO.O
LBIO.O
LBIO.O
LBIO.O
LINK.O
LINK.O
LINK.O
LINK.O
LINK.O
LIOF.KL
LIOF.KL
LIOF.KL
LIOF.KL
LIOF.KL
LIOF.KL
LIOF.KL
LIOF.KL
LLSWb.ST
LLSWb.ST
LLSWb.ST
LLSWb.ST
LLSWb.ST
LLSWb.ST
LLSWb.ST
LLSWb.ST
LMCA.O
LMCA.O
LMCA.O
LMCA.O
LMCA.O
LMCK.O
LMCK.O
LMCK.O
LMCK.O
LMCK.O
LMNX.O
LNF.TO
LNF.TO
LNF.TO
LNF.TO
LNF.TO
LNF.TO
LPGI.JK
LRTI.NS
LSBG.O
LSBG.O
LUG.TO
LUG.TO
LUG.TO
LUG.TO
LUG.TO
LUG.TO
LUG.TO
LUG.TO
LUG.TO
LUG.TO
LUG.TO
LUNA.O
LUNA.O
LUNA.O
LVN.TO
LXSG.DE
LXSG.DE
LXSG.DE
LXSG.DE
MAGG3.SA
MAGG3.SA
MAGG3.SA
MAKRO.BK
MAKRO.BK
MAKRO.BK
MAKRO.BK
MAKRO.BK
MAKRO.BK
MAKRO.BK
MAKRO.BK
MAKRO.BK
MAKRO.BK
MAKRO.BK
MAKRO.BK
MAKRO.BK
MAKRO.BK
MAKRO.BK
MAKRO.BK
MAKRO.BK
MAKRO.BK
MAKRO.BK
MAKRO.BK
MAKRO.BK
MAKROf.BK
MAKROf.BK
MAKROf.BK
MAKROf.BK
MAKROf.BK
MAKROf.BK
MAKROf.BK
MAKROf.BK
MAKROf.BK
MAKROf.BK
MAKROf.BK
MAKROf.BK
MAKROf.BK
MAKROf.BK
MAKROf.BK
MAKROf.BK
MAKROf.BK
MAKROf.BK
MAKROf.BK
MAKROf.BK
MAKROf.BK
MAKROn.BK
MAKROn.BK
MAKROn.BK
MAKROn.BK
MAKROn.BK
MAKROn.BK
MAKROn.BK
MAKROn.BK
MAKROn.BK
MAKROn.BK
MAKROn.BK
MAKROn.BK
MAKROn.BK
MAKROn.BK
MAKROn.BK
MAKROn.BK
MAKROn.BK
MAKROn.BK
MAKROn.BK
MAKROn.BK
MAKROn.BK
MBKET.BK
MBKETn.BK
MBRG.O
MBRG.O
MCZ
MCZ
MCZ
MCZ
MCZ
MCZ
MCZ
MDC
MEET.O
MEET.O
MEET.O
MEET.O
MEET.O
MEET.O
MEPi.LM
MEPi.LM
MEPi.LM
MEPi.LM
MFLTz.F
MFLTz.F
MFLTz.F
MFLTz.F
MFLTz.F
MFLTz.F
MFLTz.F
MHK
MHK
MHK
MHK
MHK
MHK
MHK
MHK
MHK
MHK
MIDD.O
MIDD.O
MIDD.O
MIDD.O
MIDD.O
MJCO.K
MJCO.K
MJCO.K
MJCO.K
MLP
MLP
MLP
MLP
MLP
MLP
MLP
MLP
MNCS.KL
MNCS.KL
MNCS.KL
MNCS.KL
MNCS.KL
MNCS.KL
MNDRS.IS
MNDRS.IS
MNDRS.IS
MNDRS.IS
MNDRS.IS
MNDRS.IS
MNDRS.IS
MNDRS.IS
MNDRS.IS
MNDRS.IS
MNDRS.IS
MNDRS.IS
MOSY.O
MOSY.O
MOSY.O
MPB.O
MPB.O
MPB.O
MPB.O
MPI.PS
MPI.PS
MPLB.KL
MPLB.KL
MPLB.KL
MPLB.KL
MPLB.KL
MRNS.O
MRUS.O
MRUS.O
MRUS.O
MRUS.O
MRUS.O
MRUS.O
MSCC.O
MSCC.O
MSCC.O
MSCC.O
MSCC.O
MSN
MSN
MSN
MSN
MSN
MSN
MSN
MSN
MSN
MSN
MSN
MSTX.K
MTAB.KL
MTAB.KL
MTAB.KL
MTAB.KL
MTAB.KL
MTAB.KL
MTAB.KL
MTAB.KL
MTAB.KL
MTBC.O
MTBC.O
MTEL.BU
MTEL.BU
MTEL.BU
MTEL.BU
MTEL.BU
MTEL.BU
MTEL.BU
MTEL.BU
MTEL.BU
MTEL.BU
MTEL.BU
MTEL.BU
MTEL.BU
MTEL.BU
MTEL.BU
MTEL.BU
MUIP.KL
MUIP.KL
MUIP.KL
MUIP.KL
MUIP.KL
MUIP.KL
MWTP.WA
MWTP.WA
MWTP.WA
MWTP.WA
MWTP.WA
MWTP.WA
MWTP.WA
MWTP.WA
MWTP.WA
MWTP.WA
MWTP.WA
MWTP.WA
MWTP.WA
MWTP.WA
MWTP.WA
MXPT.O
MXPT.O
MXPT.O
MYCS.KL
MYCS.KL
MYCS.KL
MYCS.KL
MYCS.KL
MYCS.KL
MYCS.KL
MYCS.KL
MYCS.KL
MYCS.KL
MYCS.KL
MYCS.KL
MYCS.KL
MYCS.KL
MYOK.O
MYOK.O
MYOK.O
NATL.O
NBN.O
NBN.O
NBN.O
NBN.O
NDLS.O
NDLS.O
NDLS.O
NDLS.O
NDLS.O
NDLS.O
NDLS.O
NDLS.O
NDLS.O
NDLS.O
NDXG.DE
NDXG.DE
NFX
NGL
NGL
NGL
NGL
NGL
NGL
NH.O
NH.O
NH.O
NH.O
NHC.TO
NHC.TO
NHC.TO
NHC.TO
NICH.KL
NICH.KL
NICH.KL
NICH.KL
NICH.KL
NICH.KL
NMI.TO
NMI.TO
NMI.TO
NML.TO
NML.TO
NML.TO
NML.TO
NML.TO
NML.TO
NML.TO
NRE
NRE
NRE
NRE
NRE
NRE
NRE
NRE
NRE
NRE
NRE
NRE
NRE
NRE
NRE
NRSM.OL
NRSM.OL
NRSM.OL
NRSM.OL
NRSM.OL
NRSM.OL
NRSM.OL
NRSM.OL
NTHOL.IS
NTHOL.IS
NTHOL.IS
NTHOL.IS
NTHOL.IS
NTHOL.IS
NTHOL.IS
NTHOL.IS
NTHOL.IS
NTHOL.IS
NTN
NTN
NTRA.O
NTRA.O
NTRA.O
NVDA.O
NVDA.O
NVDA.O
NVDA.O
NVLS.O
NVTA.K
NVTA.K
NVTA.K
NWLI.O
NWLI.O
OCIP.K
OCIP.K
OCIP.K
OCIP.K
OCIP.K
OCIP.K
OGD.TO
OGD.TO
OGD.TO
OGD.TO
OGD.TO
OGD.TO
OGD.TO
OGD.TO
OGD.TO
OGD.TO
OGD.TO
OGD.TO
OLMIP.IS
OLN
OLN
OLN
ONDK.K
ONDK.K
ONDK.K
ONDK.K
ONVI.O
ORA.TO
ORA.TO
OTEr.AT
OTEr.AT
OTEr.AT
OTEr.AT
OTEr.AT
OXC.TO
OXC.TO
OXC.TO
OXC.TO
OXC.TO
OXC.TO
OXC.TO
OZKGY.IS
OZKGY.IS
OZKGY.IS
OZKGY.IS
OZKGY.IS
OZKGY.IS
OZKGY.IS
PARB.KL
PARB.KL
PARB.KL
PARB.KL
PARB.KL
PARB.KL
PARB.KL
PARB.KL
PARB.KL
PAR_u.TO
PAR_u.TO
PAR_u.TO
PAR_u.TO
PAR_u.TO
PAR_u.TO
PAR_u.TO
PAR_u.TO
PAR_u.TO
PAR_u.TO
PAR_u.TO
PAS.SN
PAS.SN
PAS.SN
PAS.SN
PAS.SN
PAS.SN
PAS.SN
PAS.SN
PAS.SN
PASsd.SN
PASsd.SN
PASsd.SN
PASsd.SN
PASsd.SN
PASsd.SN
PASsd.SN
PASsd.SN
PASsd.SN
PBFX.K
PBFX.K
PBFX.K
PBFX.K
PBFX.K
PBFX.K
PBFX.K
PBFX.K
PBFX.K
PBFX.K
PBFX.K
PBR
PBR
PBR
PBRa
PBRa
PBRa
PCCC.O
PCR.WA
PCR.WA
PCR.WA
PCR.WA
PCR.WA
PCR.WA
PCR.WA
PCR.WA
PCR.WA
PCR.WA
PCR.WA
PCR.WA
PCR.WA
PCR.WA
PCR.WA
PCR.WA
PCR.WA
PCR.WA
PCR.WA
PCR.WA
PCR.WA
PEABb.ST
PEABb.ST
PEABb.ST
PEABb.ST
PEABb.ST
PEABb.ST
PEM.WA
PEM.WA
PEM.WA
PEM.WA
PEM.WA
PEM.WA
PEM.WA
PEM.WA
PEM.WA
PEM.WA
PER
PER
PETR3.SA
PETR3.SA
PETR3.SA
PETR4.SA
PETR4.SA
PETR4.SA
PFBI.O
PFBI.O
PFBI.O
PFBI.O
PFBI.O
PFBI.O
PFE
PFE
PFE
PFE
PFE
PFE
PFE
PFE
PFE
PFE
PFE
PFE
PFE
PFE
PFE
PFE
PFE
PFE
PFE
PFE
PFE
PFIZ34.SA
PFIZ34.SA
PFIZ34.SA
PFIZ34.SA
PFIZ34.SA
PFIZ34.SA
PFIZ34.SA
PFIZ34.SA
PFIZ34.SA
PFIZ34.SA
PFIZ34.SA
PFIZ34.SA
PFIZ34.SA
PFIZ34.SA
PFIZ34.SA
PFIZ34.SA
PFIZ34.SA
PFIZ34.SA
PFIZ34.SA
PFIZ34.SA
PFIZ34.SA
PGK.V
PGK.V
PGK.V
PGK.V
PGK.V
PGK.V
PGK.V
PHX.TO
PHX.TO
PHX.TO
PHX.TO
PHX.TO
PIEN.KL
PIEN.KL
PIEN.KL
PIEN.KL
PIEN.KL
PIEN.KL
PIP
PIP
PLPM.O
PLPM.O
PLPM.O
PLPM.O
PLPM.O
PLPM.O
PLPM.O
PLPM.O
PMBT.KL
PMBT.KL
PMBT.KL
PMBT.KL
PMBT.KL
PMBT.KL
PMBT.KL
PMBT.KL
PMBT.KL
PMBT.KL
PMBT.KL
PMBT.KL
PMBT.KL
PME.O
PME.O
PME.O
PME.O
PME.O
PME.O
PME.O
POM.LM
POM.LM
POSI3.SA
POSI3.SA
POSI3.SA
PRKAB.IS
PRKAB.IS
PRKAB.IS
PRKAB.IS
PRKAB.IS
PRKAB.IS
PRKAB.IS
PRKAB.IS
PRKAB.IS
PROC.NS
PROC.NS
PROC.NS
PRTY.K
PRTY.K
PRTY.K
PSB.PS
PSB.PS
PSB.PS
PSB.PS
PSB.PS
PSB.PS
PSB.PS
PSB.PS
PSB.PS
PSB.PS
PSB.PS
PTPP.JK
PTPP.JK
PTPP.JK
PTX.O
PTX.O
PTX.O
PTX.O
PTX.O
PVCT.K
PVCT.K
PVCT.K
PVCT.K
PVCT.K
PVCT.K
PVCT.K
PVCT.K
PWPB.KL
PWPB.KL
PWPB.KL
PWPB.KL
PWPB.KL
PWPB.KL
PWPB.KL
PXT.TO
PXT.TO
PXT.TO
PXT.TO
PXT.TO
PXT.TO
PXT.TO
PXT.TO
PXT.TO
PXT.TO
PXT.TO
PXT.TO
PXX.TO
PXX.TO
PXX.TO
PXX.TO
PXX.TO
PXX.TO
PXX.TO
PXX.TO
PXX.TO
PXX.TO
PXX.TO
PXX.TO
PXX.TO
PXX.TO
PXXSsdb.ST
PXXSsdb.ST
PXXSsdb.ST
PXXSsdb.ST
PXXSsdb.ST
PXXSsdb.ST
PXXSsdb.ST
PXXSsdb.ST
PXXSsdb.ST
PXXSsdb.ST
PXXSsdb.ST
PXXSsdb.ST
PXXSsdb.ST
PXXSsdb.ST
PZG
PZG
PZG
PZG
PZG
PZG
PZRX.O
PZRX.O
PZRX.O
PZRX.O
PZRX.O
QSII.O
QUIK.O
QUIK.O
QUIK.O
RAS
RBC
RBC
RBC
RDNI3.SA
RDNT.O
RDNT.O
RDNT.O
REPH.O
REPH.O
REPH.O
RF
RF
RF_pa
RF_pa
RF_pb
RF_pb
RIC.TO
RIC.TO
RIC.TO
RIC.TO
RIC.TO
RIC.TO
RIC.TO
RL
RL
RL
RL
RL
RL
RLH
RLH
RLH
RME.TO
RME.TO
RME.TO
RME.TO
RNN
RNN
RNN
RNN
RNN
RNN
RNN
RROS.ST
RROS.ST
RROS.ST
RROS.ST
RROS.ST
RROS.ST
RROS.ST
RROS.ST
RRR.O
RRR.O
RRR.O
RRR.O
RRR.O
RRR.O
RRR.O
RRR.O
RRR.O
RRR.O
RRR.O
RRR.O
RRR.O
RRR.O
RRR.O
RRR.O
RRR.O
RRR.O
RRR.O
RSL.V
RUN.O
RUN.O
RWLK.O
SAMCO.BK
SAMCO.BK
SAMCO.BK
SAMCO.BK
SAMCO.BK
SAMCO.BK
SAMCO.BK
SAMCO.BK
SAMCO.BK
SAMCO.BK
SAMCO.BK
SAMCO.BK
SAMCO.BK
SAMCO.BK
SAMCO.BK
SAMCO.BK
SAMCO.BK
SAMCO.BK
SAMCO.BK
SAMCO.BK
SAMCO.BK
SAMCO.BK
SAMCO.BK
SAMCOf.BK
SAMCOf.BK
SAMCOf.BK
SAMCOf.BK
SAMCOf.BK
SAMCOf.BK
SAMCOf.BK
SAMCOf.BK
SAMCOf.BK
SAMCOf.BK
SAMCOf.BK
SAMCOf.BK
SAMCOf.BK
SAMCOf.BK
SAMCOf.BK
SAMCOf.BK
SAMCOf.BK
SAMCOf.BK
SAMCOf.BK
SAMCOf.BK
SAMCOf.BK
SAMCOf.BK
SAMCOf.BK
SAMCOn.BK
SAMCOn.BK
SAMCOn.BK
SAMCOn.BK
SAMCOn.BK
SAMCOn.BK
SAMCOn.BK
SAMCOn.BK
SAMCOn.BK
SAMCOn.BK
SAMCOn.BK
SAMCOn.BK
SAMCOn.BK
SAMCOn.BK
SAMCOn.BK
SAMCOn.BK
SAMCOn.BK
SAMCOn.BK
SAMCOn.BK
SAMCOn.BK
SAMCOn.BK
SAMCOn.BK
SAMCOn.BK
SANW.O
SANW.O
SANW.O
SARKY.IS
SARKY.IS
SARKY.IS
SATS.SI
SATS.SI
SATS.SI
SATS.SI
SATS.SI
SATS.SI
SATS.SI
SATS.SI
SATS.SI
SATS.SI
SAUC.O
SAUC.O
SAUC.O
SBS
SBS
SBS
SBS
SBS
SBS
SBSP3.SA
SBSP3.SA
SBSP3.SA
SBSP3.SA
SBSP3.SA
SBSP3.SA
SCC.BK
SCCf.BK
SCCn.BK
SCM
SCM
SCM
SCM
SCM
SCM
SDR
SDR
SDR
SDR
SDR
SDR
SDR
SDR
SDR
SDR
SDR
SDT
SDT
SDT
SDT
SDT
SDT
SDT
SDT
SDT
SDT
SDT
SDT
SDT
SEAL.KL
SEAL.KL
SEAL.KL
SEAL.KL
SEAL.KL
SEAL.KL
SEAL.KL
SEAL.KL
SEAL.KL
SEAL.KL
SEDG.O
SEDG.O
SEDG.O
SEDG.O
SEDG.O
SELB.O
SEMI.O
SEMI.O
SEMI.O
SEMI.O
SEVAN.OL
SEVAN.OL
SEVAN.OL
SEVAN.OL
SEVAN.OL
SEVAN.OL
SEVAN.OL
SEVAN.OL
SGM
SHBI.O
SHHR.KL
SHHR.KL
SHHR.KL
SHHR.KL
SHHR.KL
SHHR.KL
SHHR.KL
SHHR.KL
SHHR.KL
SHUL3.SA
SHUL3.SA
SHUL3.SA
SHUL3.SA
SHUL3.SA
SHUL3.SA
SHUL3.SA
SHUL3.SA
SHUL3.SA
SHUL3.SA
SHUL4.SA
SHUL4.SA
SHUL4.SA
SHUL4.SA
SHUL4.SA
SHUL4.SA
SHUL4.SA
SHUL4.SA
SHUL4.SA
SHUL4.SA
SIA.TO
SIM.CO
SIM.CO
SIM.CO
SIM.CO
SIM.CO
SIM.CO
SIPFc.AS
SIPFc.AS
SIPFc.AS
SIPFc.AS
SIPFc.AS
SIPFc.AS
SLF.TO
SLF.TO
SLF.TO
SLF.TO
SLF.TO
SLTG.DE
SLTG.DE
SLTG.DE
SLTG.DE
SLTG.DE
SLTG.DE
SLTG.DE
SLTG.DE
SLTG.DE
SLTG.DE
SLTG.DE
SLTG.DE
SLTG.DE
SNGYO.IS
SNGYO.IS
SNGYO.IS
SNGYO.IS
SOFF.OL
SOFF.OL
SOFF.OL
SOFF.OL
SOFF.OL
SOFF.OL
SOFF.OL
SOFF.OL
SOFF.OL
SOY.TO
SOY.TO
SOY.TO
SPH
SPTN.O
SPTN.O
SPTN.O
SPWR.O
SPWR.O
SQ
SQBG.O
SRTS.O
SRTS.O
SRTS.O
SRTS.O
SRT_u.TO
SRT_u.TO
SRT_u.TO
SRT_u.TO
SRT_u.TO
SRT_u.TO
SRT_u.TO
SRT_u.TO
SRT_u.TO
SRT_u.TO
SRT_u.TO
SRV1V.HE
SRV_u.TO
SRV_u.TO
SRV_u.TO
SRV_u.TO
SRV_u.TO
SRV_u.TO
SRV_u.TO
SRV_u.TO
SRV_u.TO
SRV_u.TO
SRV_u.TO
SRV_u.TO
SRV_u.TO
SSBI.O
SSBI.O
SSBI.O
SSBI.O
SSL.TO
SSL.TO
SSL.TO
SSL.TO
SSL.TO
SSL.TO
SSL.TO
SSL.TO
SSL.TO
SSL.TO
SSL.TO
SSL.TO
ST.TO
ST.TO
ST.TO
ST.TO
ST.TO
ST.TO
ST.TO
ST.TO
ST.TO
ST.TO
STEM.O
STEM.O
STEM.O
STEM.O
STEM.O
STEM.O
STEM.O
STFP.WA
STN.TO
STT
STT_pc
STT_pd
STT_pe
STT_pg
SWAH.KL
SWAH.KL
SWAH.KL
SWAH.KL
SWAH.KL
SWAH.KL
SWAH.KL
SWAH.KL
SWAH.KL
SWAH.KL
SWAH.KL
SWAH.KL
SWAH.KL
SWAH.KL
SWAH.KL
SWAH.KL
SWAH.KL
SXE
SYZG.DE
SYZG.DE
SYZG.DE
SYZG.DE
SYZG.DE
SYZG.DE
SYZG.DE
SYZG.DE
SYZG.DE
SYZG.DE
SYZG.DE
SYZG.DE
SYZG.DE
SYZG.DE
SYZG.DE
SYZG.DE
SYZG.DE
SYZG.DE
SYZG.DE
SYZG.DE
SYZG.DE
SYZG.DE
SYZG.DE
SZGG.DE
SZGG.DE
SZGG.DE
SZGG.DE
SZGG.DE
SZGG.DE
SZGG.DE
SZGG.DE
SZGG.DE
SZGG.DE
TANC.KL
TANC.KL
TANC.KL
TANC.KL
TANC.KL
TANC.KL
TANC.KL
TCFC.O
TCFC.O
TCFC.O
TCFC.O
TCN.TO
TCN.TO
TCS
TCW.TO
TEAR.O
TEAR.O
TEAR.O
TEAR.O
TEAR.O
TEAR.O
TEAR.O
TEAR.O
TEO
TEO
TEO
TER
TER
TER
TES.MI
TES.MI
TES.MI
TES.MI
TES.MI
TES.MI
TES.MI
TES.MI
TES.MI
TES.MI
TES.MI
TGLB.KL
TGLB.KL
TGLB.KL
TGLB.KL
TICC.O
TICC.O
TICC.O
TICC.O
TICC.O
TICC.O
TICC.O
TICC.O
TICC.O
TISCO.BK
TISCO.BK
TISCO.BK
TISCO.BK
TISCO.BK
TISCO.BK
TISCO.BK
TISCO.BK
TISCOf.BK
TISCOf.BK
TISCOf.BK
TISCOf.BK
TISCOf.BK
TISCOf.BK
TISCOf.BK
TISCOf.BK
TISCOn.BK
TISCOn.BK
TISCOn.BK
TISCOn.BK
TISCOn.BK
TISCOn.BK
TISCOn.BK
TISCOn.BK
TLN
TLN
TLN
TLOG.O
TLOG.O
TLOG.O
TLOG.O
TLOG.O
TLOG.O
TMI.TO
TMI.TO
TMI.TO
TMI.TO
TMI.TO
TMI.TO
TMI.TO
TMI.TO
TMI.TO
TMI.TO
TMI.TO
TMI.TO
TMIb.TO
TMIb.TO
TMIb.TO
TMIb.TO
TMIb.TO
TMIb.TO
TMIb.TO
TMIb.TO
TMIb.TO
TMIb.TO
TMIb.TO
TMIb.TO
TMR.TO
TMR.TO
TMR.TO
TMR.TO
TMR.TO
TMR.TO
TMR.TO
TMR.TO
TMR.TO
TMR.TO
TMSN.IS
TMSN.IS
TMSN.IS
TMSN.IS
TMSN.IS
TMSN.IS
TNK
TNT_u.TO
TNT_u.TO
TNT_u.TO
TNT_u.TO
TNT_u.TO
TNT_u.TO
TNT_u.TO
TNXP.O
TNXP.O
TNXP.O
TNXP.O
TNXP.O
TNXP.O
TOP.BK
TOP.BK
TOP.BK
TOP.BK
TOPf.BK
TOPf.BK
TOPf.BK
TOPf.BK
TOPn.BK
TOPn.BK
TOPn.BK
TOPn.BK
TPHS.K
TPHS.K
TPHS.K
TPHS.K
TRCH.O
TRCH.O
TRCH.O
TRCH.O
TRCH.O
TRN.MI
TRN.MI
TRN.MI
TRN.MI
TRN.MI
TRN.MI
TRTL.O
TRTL.O
TRTL.O
TRTL.O
TRTL.O
TRTL.O
TRTLU.O
TRTLU.O
TRTLU.O
TRTLU.O
TRTLU.O
TRTLU.O
TTNP.O
TTNP.O
TTNP.O
TTNP.O
TTNP.O
TTNP.O
TTNP.O
TTNP.O
TTNP.O
TTNP.O
TTNP.O
TTNP.O
TTNP.O
TTNP.O
TTNP.O
TTNP.O
TTNP.O
TTNP.O
TTWO.O
TVPT.K
TWC.TO
TWC.TO
TWC.TO
TWC.TO
TWC.TO
TWC.TO
TWC.TO
TWC.TO
TWC.TO
TWC.TO
UG.O
UG.O
UG.O
ULH.O
ULH.O
ULH.O
ULH.O
ULH.O
ULH.O
ULH.O
ULH.O
ULH.O
ULH.O
ULH.O
ULH.O
ULH.O
ULH.O
ULH.O
ULH.O
ULH.O
ULH.O
ULH.O
ULH.O
ULH.O
ULH.O
UNC.TO
UNC.TO
UNC.TO
UNC.TO
UNC.TO
UNC.TO
UNC.TO
UNC.TO
UNC.TO
UNC.TO
UNC.TO
UPLD.O
UPLD.O
UPLD.O
UPLD.O
UQM
UQM
UQM
UR.TO
UR.TO
UR.TO
UR.TO
UR.TO
UR.TO
URRE.O
USAT.O
USDP.K
USDP.K
USDP.K
USDP.K
USDP.K
USDP.K
USDP.K
USDP.K
UTSI.O
UTSI.O
UTSI.O
UTSI.O
UTSI.O
VALE.K
VALE3.SA
VALE5.SA
VALEp.K
VBKG.DE
VBKG.DE
VBKG.DE
VBKG.DE
VBKG.DE
VERUS.IS
VERUS.IS
VERUS.IS
VERUS.IS
VERUS.IS
VERUS.IS
VERUS.IS
VERUS.IS
VERUS.IS
VERUS.IS
VERUS.IS
VIHG.DE
VIHG.DE
VIRT.O
VIRT.O
VIRT.O
VIRT.O
VIRT.O
VIRT.O
VIRT.O
VIVO.O
VLID3.SA
VLID3.SA
VSOL.KL
VSOL.KL
VSOL.KL
VSOL.KL
VSOL.KL
VSOL.KL
VSOL.KL
VSOL.KL
VSOL.KL
VSOL.KL
VSOL.KL
VSOL.KL
VSOL.KL
VSOL.KL
VSOL.KL
VSOL.KL
VSTO.K
VSTO.K
VSTO.K
VSTO.K
VSTO.K
VSTO.K
VSTO.K
VSTO.K
WATT.O
WATT.O
WATT.O
WATT.O
WATT.O
WGBS.O
WGBS.O
WIKA.JK
WLDN.O
WLDN.O
WLDN.O
WLDN.O
WLDN.O
WLDN.O
WPT
WPT
WPT
WPT
WPT
WPT
WSKT.JK
WSKT.JK
WSKT.JK
WVVI.O
WVVI.O
WWASA.OL
WWASA.OL
WWASA.OL
WWASA.OL
WWASA.OL
WWASA.OL
WWASA.OL
WWASA.OL
WWASA.OL
X
X
XENE.O
XENE.O
XENE.O
XENE.O
XENE.O
XENE.O
XPLR.O
XPLR.O
XPLR.O
XPLR.O
XPLR.O
XPLR.O
XPLR.O
XPLR.O
YAZIC.IS
YAZIC.IS
YAZIC.IS
YAZIC.IS
YAZIC.IS
YAZIC.IS
YKGYO.IS
YKGYO.IS
YKGYO.IS
YKGYO.IS
YKGYO.IS
YKGYO.IS
YKGYO.IS
YKGYO.IS
YKGYO.IS
YKGYO.IS
YKGYO.IS
YKGYO.IS
YKGYO.IS
YKGYO.IS
YKGYO.IS
YKGYO.IS
YKGYO.IS
YKGYO.IS
YKGYO.IS
YKGYO.IS
YKGYO.IS
YPF
YPF
YPF
YPF
YPF
YPFL3.SA
YPFL3.SA
YPFL3.SA
YPFL3.SA
YPFL3.SA
ZAGG.O
