000017.SZ
000030.KS
000050.KS
000060.KS
000060.KS
000063.SZ
000070.KS
000080.KS
000100.KS
000120.KS
000140.KS
000150.KS
000150.KS
000150.KS
000150.KS
000150.KS
000210.KS
000210.KS
000230.KS
000240.KS
000270.KS
000320.KS
000370.KS
000370.KS
000370.KS
000390.KS
000420.SZ
000420.SZ
000420.SZ
000440.KQ
000490.KS
000500.KS
000520.KS
000590.KS
000640.KS
000650.KS
000660.KS
000670.KS
000720.KS
000760.KS
000810.KS
000810.KS
000810.KS
000810.KS
000850.KS
000860.KS
000880.KS
000881.SZ
000901.SZ
000950.KS
000970.KS
001040.KS
001060.KS
001070.KS
001080.KS
001120.KS
001130.KS
001140.KS
001210.KS
001230.KS
001250.KS
001270.KS
001390.KS
001450.KS
001450.KS
001450.KS
001460.KS
001470.KS
001500.KS
001530.KS
001540.KQ
001630.KS
001680.KS
001720.KS
001750.KS
001770.KS
001790.KS
001800.KS
001940.KS
002000.KS
002020.KS
002030.KS
002066.SZ
002070.KS
002100.KS
002102.SZ
002102.SZ
002102.SZ
002114.SZ
002170.KS
002192.SZ
002220.KS
002250.KS
002270.KS
002300.KS
002310.KS
002320.KS
002350.KS
002368.SZ
002380.KS
002390.KS
002402.SZ
002420.KS
002430.SZ
002430.SZ
002430.SZ
002430.SZ
002451.SZ
002460.KS
002499.SZ
002499.SZ
002499.SZ
002499.SZ
002499.SZ
002499.SZ
002505.SZ
002517.SZ
002517.SZ
002517.SZ
002517.SZ
002517.SZ
002517.SZ
002517.SZ
002517.SZ
002517.SZ
002547.SZ
002547.SZ
002547.SZ
002547.SZ
002547.SZ
002547.SZ
002550.KS
002620.KS
002840.KS
002870.KS
002920.KS
002960.KS
003030.KS
003070.KS
003090.KS
003100.KQ
003120.KS
003200.KS
003230.KS
003240.KS
003300.KS
003350.KS
003450.KS
003450.KS
003460.KS
003480.KS
003490.KS
003490.KS
003490.KS
003490.KS
003490.KS
003490.KS
003540.KS
003570.KS
003610.KS
003650.KS
003680.KS
003690.KS
003800.KQ
003830.KS
003920.KS
003960.KS
004000.KS
004020.KS
004020.KS
004020.KS
004020.KS
004020.KS
004020.KS
004090.KS
004130.KS
004170.KS
004360.KS
004370.KS
004430.KS
004440.KS
004450.KS
004490.KS
004560.KS
004590.KQ
004650.KQ
004690.KS
004700.KS
004710.KS
004800.KS
004800.KS
004800.KS
004840.KS
004890.KS
004910.KS
004960.KS
004970.KS
004980.KS
004990.KS
005010.KS
005010.KS
005090.KS
005180.KS
005250.KS
005300.KS
005380.KS
005430.KS
005440.KS
005450.KS
005490.KS
005490.KS
005490.KS
005490.KS
005490.KS
005490.KS
005490.KS
005490.KS
005490.KS
005490.KS
005490.KS
005500.KS
005610.KS
005620.KS
005710.KQ
005720.KS
005740.KS
005810.KS
005820.KS
005830.KS
005830.KS
005850.KS
005880.KS
005940.KS
005950.KS
005960.KS
005990.KQ
006090.KS
006120.KS
006220.KS
006260.KS
006280.KS
006360.KS
006360.KS
006370.KS
006390.KS
006400.KS
006400.KS
006400.KS
006580.KQ
006650.KS
006660.KS
006730.KQ
006800.KS
006840.KS
006880.KS
007160.KS
007310.KS
007330.KQ
007340.KS
007540.KS
007570.KS
007590.KS
007690.KS
007700.KS
007770.KQ
007810.KS
007860.KS
008060.KS
008110.KS
008250.KS
008490.KS
008560.KS
008560.KS
008560.KS
008730.KS
008770.KS
008830.KQ
008870.KS
008930.KS
009150.KS
009300.KQ
009410.KS
009450.KS
009540.KS
009680.KS
009770.KS
009830.KS
009830.KS
010060.KS
010100.KS
010120.KS
010130.KS
010140.KS
010140.KS
010140.KS
010620.KS
010660.KS
010690.KS
010780.KS
011040.KQ
011070.KS
011160.KS
011170.KS
011210.KS
011390.KS
011560.KQ
011760.KS
011780.KS
011790.KS
012320.KS
012330.KS
012450.KS
012620.KQ
012630.KS
012700.KQ
012750.KS
012790.KQ
013030.KQ
013360.KS
013520.KS
013570.KS
013580.KS
013700.KS
013870.KS
014280.KS
014620.KQ
014710.KS
015360.KS
015750.KQ
015760.KS
016170.KQ
016250.KQ
016360.KS
016360.KS
016360.KS
016360.KS
016380.KS
016580.KS
016590.KS
016610.KS
016710.KS
016800.KS
017390.KS
017670.KS
017800.KS
017810.KS
017890.KQ
017940.KS
018120.KQ
018260.KS
018310.KQ
018670.KS
019010.KQ
019210.KQ
019440.KS
019490.KS
020000.KS
021240.KS
021320.KQ
021960.KS
023160.KQ
023350.KS
023450.KS
023530.KS
023530.KS
023530.KS
023530.KS
023530.KS
023530.KS
023530.KS
023530.KS
023530.KS
023530q.L
023530q.L
023530q.L
023530q.L
023530q.L
023530q.L
023530q.L
023530q.L
023530q.L
023590.KS
023600.KQ
023800.KS
023890.KQ
023900.KQ
023910.KQ
024090.KS
024720.KS
024830.KQ
025000.KS
025540.KS
025900.KQ
026960.KS
027390.KS
027410.KS
028080.KQ
028100.KS
028150.KQ
028260.KS
028260.KS
028260.KS
028260.KS
028260.KS
02826K.KS
02826K.KS
02826K.KS
02826K.KS
02826K.KS
029530.KS
029780.KS
029780.KS
029780.KS
030200.KS
030610.KS
031390.KQ
031430.KS
031440.KS
032190.KQ
032560.KS
032830.KS
032960.KQ
033160.KQ
033270.KS
033530.KS
033660.KS
033780.KS
033830.KQ
033920.KS
034020.KS
034020.KS
034020.KS
034020.KS
034020.KS
034120.KS
034220.KS
034230.KQ
034310.KS
034590.KS
034730.KS
03473K.KS
034810.KQ
034940.KQ
034950.KQ
035250.KS
035420.KS
035720.KQ
035760.KQ
036190.KQ
036460.KS
036460.KS
036460.KS
036460.KS
036460.KS
036460.KS
036460.KS
036480.KQ
036490.KQ
036530.KS
036570.KS
036800.KQ
036830.KQ
037350.KQ
037560.KS
037620.KS
037620.KS
037620.KS
037620.KS
037710.KS
038950.KQ
039030.KQ
039130.KS
039490.KS
039570.KS
041510.KQ
041520.KQ
042420.KQ
042660.KS
042660.KS
042660.KS
042660.KS
042670.KS
042670.KS
043650.KQ
044490.KQ
044820.KS
045970.KQ
045970.KQ
046890.KQ
047040.KS
047050.KS
047810.KS
049070.KQ
049430.KQ
049520.KQ
049770.KS
049830.KQ
051370.KQ
051500.KQ
051600.KS
051900.KS
051910.KS
052290.KQ
052330.KQ
052400.KQ
052690.KS
052710.KQ
052790.KQ
053210.KS
053450.KQ
053610.KQ
053620.KQ
053700.KQ
053800.KQ
0538q.L
054050.KQ
054930.KQ
054950.KQ
055550.KS
056190.KQ
057050.KS
058430.KS
058470.KQ
058650.KS
060720.KQ
062860.KQ
063160.KS
064350.KS
064960.KS
065150.KQ
065530.KQ
065680.KQ
065710.KQ
066620.KQ
067280.KQ
068270.KQ
068400.KS
068760.KQ
068870.KS
069260.KS
069510.KQ
069620.KS
069640.KS
069960.KS
071050.KS
071050.KS
071050.KS
071050.KS
071320.KS
072710.KS
072870.KQ
073110.KQ
073490.KQ
075180.KS
078020.KQ
078070.KQ
078160.KQ
078340.KQ
078520.KS
078930.KS
079000.KQ
079160.KS
079370.KQ
079430.KS
079550.KS
079660.KS
079960.KQ
079980.KS
080420.KQ
081660.KS
082640.KS
082640.KS
082640.KS
082740.KS
084010.KS
084110.KQ
084670.KS
084690.KS
084730.KQ
084870.KS
085620.KS
085620.KS
085620.KS
086450.KQ
086790.KS
086900.KQ
086960.KQ
087600.KQ
088350.KS
088350.KS
088350.KS
088350.KS
088390.KQ
090430.KS
090730.KQ
091590.KQ
092230.KS
093050.KS
093190.KQ
094840.KQ
095340.KQ
095570.KS
095660.KQ
096770.KS
097230.KS
097870.KQ
097950.KS
098460.KQ
099190.KQ
100030.KQ
100840.KS
101330.KQ
101530.KS
101680.KQ
101930.KQ
102210.KQ
102460.KS
102710.KQ
102940.KQ
103140.KS
104700.KS
104830.KQ
105560.KS
106190.KQ
107590.KS
108320.KQ
108380.KQ
108670.KS
109860.KQ
112040.KQ
112610.KS
115160.KQ
115310.KQ
115390.KS
115570.KQ
115960.KQ
117580.KS
120030.KS
120240.KQ
121440.KQ
122870.KQ
122900.KS
123420.KQ
123860.KQ
130960.KQ
131290.KQ
134380.KS
134790.KS
136490.KS
1376.T
1376.T
1376.T
138040.KS
138040.KS
138040.KS
138250.KS
138930.KS
138930.KS
138930.KS
138930.KS
138930.KS
139130.KS
139130.KS
139130.KS
139480.KS
139480.KS
1430.T
1430.T
1430.T
1430.T
1430.T
143160.KQ
144620.KS
145020.KQ
145210.KS
145990.KS
1515.T
161390.KS
163560.KS
170900.KS
170920.KQ
1712.T
1712.T
1712.T
1712.T
1712.T
1712.T
1712.T
175330.KS
1762.TW
180400.KQ
180640.KS
181710.KS
183190.KS
185750.KS
190510.KQ
192080.KQ
192400.KS
192440.KQ
192530.KS
194480.KQ
195870.KS
200017.SZ
200670.KQ
200780.KQ
200880.KS
204320.KS
210980.KS
212560.KQ
214420.KS
214430.KQ
215200.KQ
2157.T
2157.T
2157.T
2157.T
2157.T
221980.KQ
2228.T
226320.KS
227840.KS
2316.TW
236200.KQ
237690.KQ
2400.T
2408.T
2408.T
2471.T
2471.T
2471.T
2471.T
2637.TW
2637.TW
2655.T
2655.T
2655.T
2655.T
2655.T
2668.T
2668.T
2668.T
2668.T
2668.T
300093.SZ
300097.SZ
300144.SZ
300144.SZ
300144.SZ
300144.SZ
300144.SZ
300144.SZ
300144.SZ
300144.SZ
300191.SZ
300442.SZ
3041.T
3050.T
3050.T
3063.T
3063.T
3063.T
3063.T
3063.T
3083.T
3083.T
3083.T
3083.T
3083.T
3083.T
3086.T
3086.T
3086.T
3086.T
3086.T
3086.T
3086.T
3086.T
3094.T
3094.T
3094.T
3094.T
3149.TW
3189.T
3194.T
3194.T
3194.T
3194.T
3194.T
3194.T
3194.T
3194.T
3230.T
3244.T
3244.T
3244.T
3244.T
3244.T
3244.T
3244.T
3244.T
3260.NG
3260.NG
3260.NG
3260.NG
3260.NG
3260.NG
3260.NG
3454.T
3454.T
3454.T
3454.T
4266q.BE
4266q.BE
4266q.BE
4266q.BE
4365.T
4745.T
4745.T
4745.T
4745.T
4976.T
4992.T
4992.T
4992.T
4992.T
5900.T
5900.T
5900.T
5900.T
5903.T
5903.T
5983.T
600099.SS
600107.SS
600207.SS
600355.SS
600365.SS
600661.SS
600661.SS
600661.SS
600821.SS
601003.SS
601177.SS
603199.SS
603199.SS
603199.SS
603199.SS
603199.SS
603199.SS
603299.SS
603456.SS
6070.T
6070.T
6070.T
6156.T
6156.T
6273.T
6391.T
6469.T
6469.T
6469.T
6469.T
6469.T
6469.T
6474.T
6474.T
6474.T
6474.T
6474.T
6474.T
6734.T
6734.T
6734.T
6734.T
6734.T
6734.T
6754.T
6S3.BB
6S3.BB
6S3.BB
6S3.BB
6S3.BB
6S3.BB
6S3.BB
6S3.BB
6S3.BB
6S3.BB
6S3.BB
6S3.BB
6S3.BB
6S3.BB
6S3.BB
6S3.BB
6S3.BB
6S3.BB
7434.T
7434.T
7434.T
7434.T
7434.T
7434.T
7463.T
7463.T
7463.T
7463.T
7463.T
7463.T
7463.T
7485.NG
7730.T
7730.T
7818.T
7818.T
7818.T
7818.T
7818.T
7879.T
7879.T
7879.T
7879.T
7879.T
7879.T
7928.T
7928.T
7928.T
7965.T
7965.T
7965.T
7965.T
7965.T
7965.T
7975.T
7975.T
7975.T
7975.T
7975.T
7975.T
7975.T
8086.HK
8086.HK
8086.HK
8086.HK
8086.HK
8086.HK
8109.HK
8109.HK
8109.HK
8109.HK
8109.HK
8109.HK
8109.HK
8109.HK
8109.HK
8109.HK
8140.HK
8227.T
8227.T
8251.T
8251.T
8251.T
8251.T
8251.T
8251.T
8251.T
8251.T
8274.T
8274.T
8274.T
8274.T
8274.T
8274.T
8274.T
8287.T
8287.T
8287.T
8287.T
8345.T
8519.T
8519.T
8519.T
8519.T
8519.T
8519.T
8522.T
8787.T
8923.T
8923.T
8931.T
8931.T
8931.T
8931.T
8931.T
8931.T
8940.T
8940.T
8940.T
8940.T
8940.T
8940.T
900120.KQ
9022.T
9407.FU
9414.T
9414.T
9414.T
9414.T
9414.T
9414.T
9414.T
9414.T
9716.T
9716.T
9716.T
9716.T
9716.T
9716.T
9793.T
9793.T
ACHL.BO
ADHI.JK
ADHI.JK
ADHI.JK
AKILI.RTS
AKLCI.RTS
AKMGY.IS
ALFAA.MX
ALOCT.PA
ALPM.BO
APLF.BO
APLF.BO
APLF.BO
APLY.BO
APPC.CA
APPC.CA
APPC.CA
APPC.CA
APPC.CA
APPC.CA
APPC.CA
APPC.CA
APPC.CA
APPC.CA
APPC.CA
APPC.CA
APPC.CA
APPU.BO
APTI4.SA
ARG.CN
ARSA.MM
ARTF.PA
ASTP.PA
ASTP.PA
ASTP.PA
ASTP.PA
ASTP.PA
ASTP.PA
ASTP.PA
ASTP.PA
ASTP.PA
ASTP.PA
ASTP.PA
ASTP.PA
ASTP.PA
ASTP.PA
ASTP.PA
ASTP.PA
ASTP.PA
ATEME.PA
AVAr.AT
AVAr.AT
AVAr.AT
AVAr.AT
AVAr.AT
AVAr.AT
AVAr.AT
AVAr.AT
AVAr.AT
AVAr.AT
AVAr.AT
AVAr.AT
AVAr.AT
AVAr.AT
AVAr.AT
AVSII.RTS
BABr.AT
BABr.AT
BABr.AT
BABr.AT
BABr.AT
BABr.AT
BABr.AT
BABr.AT
BABr.AT
BABr.AT
BBMD.JK
BCH
BCI.SN
BCIC.JK
BELAr.AT
BELAr.AT
BELAr.AT
BELAr.AT
BELAr.AT
BELAr.AT
BELAr.AT
BELAr.AT
BELAr.AT
BELAr.AT
BERK34.SA
BIC.CN
BINY.BO
BKSL.JK
BLBDq.L
BLREI.RTS
BMCP.WA
BMCP.WA
BMCP.WA
BMCP.WA
BMCP.WA
BMCP.WA
BMCP.WA
BMCP.WA
BMCP.WA
BMCP.WA
BMCP.WA
BMCP.WA
BOGZI.RTS
BRADI.RTS
BRKa
BRKb
BROGI.RTS
BSDE.JK
BSDE.JK
BSDE.JK
BSDE.JK
BSDE.JK
BTSTI.RTS
CAMX.BO
CDM.CN
CEM.CN
CIB
CIBP.PA
CLB.SN
CRT.CN
CWCG.DE
CWCG.DE
CWCG.DE
CWCG.DE
CWCG.DE
CWCG.DE
DILD.JK
DILL.BO
DIVF.BO
DNPPI.RTS
EC
ELE.CN
ELGZI.RTS
ELMU.BU
ELSTI.RTS
EMAS.BU
EOLr.AT
EOLr.AT
EOLr.AT
EOLr.AT
EOLr.AT
EOLr.AT
EOLr.AT
EOLr.AT
EOLr.AT
EOLr.AT
EOLr.AT
FRAG.DE
FRAG.DE
FREN.JK
FREN.JK
FREN.JK
GDLN.BO
GDX.V
GDX.V
GDX.V
GGOKI.RTS
GGRM.JK
GOKA.BO
GOKA.BO
GOKA.BO
GSGZI.RTS
GTCL.PA
GTNGI.RTS
GUMZI.RTS
GZESI.RTS
HAGq.L
HIPa.SN
HPI.SN
HTIh.V
IKTr.AT
IKTr.AT
IKTr.AT
IKTr.AT
IKTr.AT
IKTr.AT
IKTr.AT
IKTr.AT
IKTr.AT
IKTr.AT
IKTr.AT
IKTr.AT
IKTr.AT
IKTr.AT
IMAS.JK
IMAS.JK
IMAS.JK
IMAS.JK
IMI.CN
IMId.CN
IMJS.JK
ISFIN.IS
ISFIN.IS
ISFIN.IS
ISFIN.IS
ISFIN.IS
ISFIN.IS
ISFIN.IS
ISFIN.IS
ISFIN.IS
ISFIN.IS
ISFIN.IS
ISFIN.IS
ISFIN.IS
ISFIN.IS
ISFIN.IS
ISFIN.IS
ISFIN.IS
ISFIN.IS
ISFIN.IS
ISFIN.IS
ISFIN.IS
ISFIN.IS
IXBI.SI
IXBI.SI
IXBI.SI
IXBI.SI
IXBI.SI
IXBI.SI
IXBI.SI
IXBI.SI
JOY
KALC.BO
KB
KEP
KIJA.JK
KLBF.JK
KLBF.JK
KLOGI.RTS
KOGK.MM
KOMM.MM
KPIG.JK
KPIG.JK
KRGZI.RTS
KSINI.RTS
KT
LCO.SN
LEGSI.RTS
LOHO.SI
LPKR.JK
LPKR.JK
LPKR.JK
LPKR.JK
LPKR.JK
LPKR.JK
LPKR.JK
LPOGI.RTS
LUCS.SI
LUCS.SI
LUCS.SI
LUCS.SI
LUCS.SI
LUCS.SI
LUCS.SI
LUCS.SI
LUCS.SI
LUCS.SI
LUCS.SI
LUCS.SI
LUCS.SI
LUCS.SI
LUCS.SI
LUCS.SI
LUCS.SI
LUCS.SI
LUCS.SI
LUCS.SI
LUCS.SI
MAHL.BO
MATE.KL
MCS.CN
MDLN.JK
MFRISCOA1.MX
MGW.V
MGW.V
MGW.V
MGW.V
MGW.V
MGW.V
MGW.V
MGW.V
MGW.V
MGW.V
MGW.V
MGW.V
MGW.V
MINDM.ST
MINDM.ST
MKPZI.RTS
MNCW.KL
MNCW.KL
MOLB.BU
MRB.SN
MSIRI.RTS
MSTSI.RTS
MTPVI.RTS
MYOR.JK
MZIKI.RTS
NCH.CN
NIB.SN
NIKE34.SA
NIKE34.SA
NIKE34.SA
NIKE34.SA
NIKE34.SA
NIKE34.SA
NIKE34.SA
NKE
NKE
NKE
NKE
NKE
NKE
NKE
NNA.V
NPPSI.RTS
NTCZI.RTS
ORB.CN
ORGZI.RTS
OSLO.NFF
PEN
PGZFI.RTS
PKX
PKX
PKX
PKX
PKX
PKX
PKX
PKX
PKX
PKX
PKX
PNCa.TO
PNCa.TO
PNCb.TO
PNCb.TO
PTPP.JK
PTPP.JK
PTPP.JK
PTPP.JK
PTPP.JK
QUAS.BO
RDLP.WA
RDLP.WA
RDLP.WA
RDLP.WA
RDLP.WA
RDLP.WA
RDLP.WA
RDLP.WA
RDLP.WA
RDLP.WA
RDLP.WA
RDLP.WA
RDLP.WA
RDLP.WA
RELL.O
RELL.O
RELL.O
RELL.O
RLSE.SI
RLSE.SI
RLSE.SI
RLSE.SI
RLSE.SI
RLSE.SI
RLSE.SI
RNKP.WA
RONP.WA
RPSZI.RTS
SBAG.CA
SBAG.CA
SBAG.CA
SCPI.JK
SEVGI.RTS
SGP.PS
SHG
SIME.KL
SIME.KL
SIME.KL
SIME.KL
SIME.KL
SIME.KL
SIME.KL
SIME.KL
SIME.KL
SIME.KL
SIME.KL
SIME.KL
SIME.KL
SIME.KL
SIME.KL
SIME.KL
SIS.CN
SKCMI.RTS
SKM
SPEAS.CO
SPR.CN
SRAQ.O
SRAQU.O
SUCEI.RTS
SUM.TO
TLAZI.RTS
TLK
TM
TMPAI.RTS
TOURq.L
TUOGI.RTS
TVAGI.RTS
TVEOI.RTS
TZEPI.RTS
UNI.SN
UNKL.MM
UNTR.JK
URKZ.MM
USBI.O
VBTX.O
VBTX.O
VBTX.O
VBTX.O
VBTX.O
VBTX.O
VBTX.O
VBTX.O
VBTX.O
VBTX.O
VBTX.O
VBTX.O
VBTX.O
VBTX.O
VBTX.O
VBTX.O
VBTX.O
VBTX.O
VBTX.O
VBTX.O
VBTX.O
VBTX.O
VBTX.O
VCO
VIN.SN
VKJI.BO
VLGGI.RTS
VRV.AT
VRV.AT
VSPT3.SA
VSPT4.SA
WF
WSKT.JK
WSKT.JK
WSKT.JK
WSKT.JK
WSKT.JK
WSTC.O
WSTC.O
WSTC.O
WSTC.O
WSTC.O
WSTC.O
WSTC.O
WTS.TA
YAMI.BO
YARZI.RTS
ZEEN.NS
