0660.HK
082390.KQ^G16
088980q.L^C16
219420.KN
2818.HK^F16
3708.HK
3828.T^G16
4740.TWO^G16
5375.TWO^H03
6250.TWO^E16
6259.T^H16
6286.TW^D16
6801.T^D16
6974.T^G16
8073.T^H16
8270.T
8300.HK
8381.HK^F16
8391.HK^C16
8925.TWO^F16
8982.T
9961.TWO^D16
ALRIC.PA^B16
ALSAS.PA
BEUK.BR^F16
BG1A.H
BRND.PK^G16
CNC1VN0109.HE^E09
CNC1VN0111.HE^D11
CRUZ3.SA^L15
GMTh.V^G16
GPF_u.TO^C16
HKFdb.CD^F16
IKHK.DE
KAFT.KL^G16
KDRh.V^C16
KTL.AX
KTMP.VI^F16
LAKh.V
LF^D16
LMTZ.RTS^A04
LMZ.TO^G09
LOGh.V^G16
LPSB.O^G16
LRE.TO^G16
LRK.WA
LVL.V^E16
MA.PS
MAOh.V^E16
MAUh.V
MEAI.BO
MEDJ.J
MEDP.WA^G16
MENh.V^E16
MESh.V^E16
METR.O^B16
MEWX.PK^D16
MFSO.SI^E16
MFTH.PK^G16
MHRCQ.PK^E16
MKE.AX^D16
MLTCO.PA^L15
MMT.TO^C16
MWE^L15
NCRh.V^C16
NEE_pf^C14
NIST.NS^G16
NLCI.NS
NMM.AX
NPOT.KL^B16
NTCN.AS^C16
NTVh.V^E16
NUNA.CO^G16
NXTV.PA^B16
OER.TO^E16
OFP.PA
OPM.TO^D16
OREPn.PA^D16
ORIO.KL
OSEM.TA^D16
OSIL.SI
PA.L^D16
PARN.O
PARPA.BR^E16
PAVM.O
PCMh.V^G16
PCP.AX
PEMh.V^C16
PENCON.ST
PFEh.V^C16
PGIL.L^L15
PLEJD.ST
PLX.NZ
PNSh.V^E16
POP.V^C16
POZN.O^B16
PPN.AX^C16
PRE.TO^E16
PRON.S^E16
PRS.V
PRVT.PK^G16
PSIBb.BQB
PVLY.PK^L15
QINO.BN^D16
QUAC.PA^G16
QUIC.NS
RAC.AX
RE.TO^G16
REPI.S^D16
REX.L^G16
RGR.CD^D16
RIGG34.SA
RIL.AX^C16
RINFY.PK^D16
RSB.L^B16
RSNh.V^G16
RVDM.PK^B16
SCM.MI
SCMh.V^E16
SDNh.V^C16
SDY.TO
SEAE.L^G16
SECG.L
SFh.V^E16
SFLG.TA^E16
SGDh.V^G16
SIAr.TO^H16
SIPP.L
SKAX.PK^D16
SKYh.V^G16
SLE.AX
SLEm.TO^A12
SLIh.V^E16
SLTA.PK^L15
SLTD.CA^G16
SLVh.V^C16
SMh.V^C16
SNGGk.DE
SNR.AX^D16
SPRCn.BK
SPRN34.SA
SRGL.SI
SRRh.V^E16
SRT.NZ^C96
STNr.TO^E16
STRA.SI
STYLE.CO^D16
SUNE.S^L15
SUWG.PK^C16
SUZLq.L^D16
SYDSV.ST
SYL.V^D16
SYSE.VI^H16
TATNG.L^D16
TCFN.PA^G16
TEAK.VI^H16
THO.AX
TKNf.BK
TKNn.BK
TMA.TO^G16
TMCO.PK^B16
TMSr.L^G98
TOW.WA
TSOR.PK^B16
TSOR34.SA
TUS.V^G16
TVEr.TO^G16
TXPH.SI^D16
UEP.L^D16
UGHSQ.PK^B16
URIRP.PK^D16
USGT.PK^D16
USSX34.SA
VALOE.HE
VIIr.TO
VIPU.BO
VIVN.BO
VLOE34.SA
VMIh.V^G16
VMS.V^D16
VMVh.V^E16
VOCN.AX^B16
VOZ.MC
VPWI.PK^D16
VRD.V
VRDT.PK^L15
WAVE.PA
WCC.AX
WCPr.TO^F16
WCTPA.AX^F16
WGCBP.PK^B16
WONG.SI
WPR.V^C16
WRh.V
WWDA.PK^D16
YATAS.IS
YATASbe.IS^I11
ZAGO.SI^D16
ZNRh.V^G16
ZQKSQ.PK^B16
ZYB.AX
