002380.KS, Updated at 2016-09-30
002990.KS, Updated at 2016-09-30
003560.KS, Updated at 2016-09-30
005360.KS, Updated at 2016-09-30
005950.KS, Updated at 2016-09-30
009450.KS, Updated at 2016-09-30
010660.KS, Updated at 2016-09-30
018880.KS, Updated at 2016-09-30
020560.KS, Updated at 2016-09-30
027410.KS, Updated at 2016-09-30
032080.KQ, Updated at 2016-09-30
036180.KQ, Updated at 2016-09-30
0401.HK, Updated at 2016-09-30
043590.KQ, Updated at 2016-09-30
047770.KQ, Updated at 2016-09-30
054620.KQ, Updated at 2016-09-30
058730.KS, Updated at 2016-09-30
058860.KS, Updated at 2016-09-30
060240.KQ, Updated at 2016-09-30
064480.KQ, Updated at 2016-09-30
066410.KQ, Updated at 2016-09-30
068930.KQ, Updated at 2016-09-30
069260.KS, Updated at 2016-09-30
078520.KS, Updated at 2016-09-30
086890.KQ, Updated at 2016-09-30
092600.KQ, Updated at 2016-09-30
0981.HK, Updated at 2016-09-30
102940.KQ, Updated at 2016-09-30
110570.KS, Updated at 2016-09-30
1323.TW, Updated at 2016-09-30
1333.T, Updated at 2016-09-30
1337.TW, Updated at 2016-09-30
1384.T, Updated at 2016-08-31
139480.KS, Updated at 2016-09-30
143240.KQ, Updated at 2016-09-30
1455.TW, Updated at 2016-09-30
1476.TW, Updated at 2016-09-30
1535.TW, Updated at 2016-09-30
1606.T, Updated at 2016-09-30
1626.TW, Updated at 2016-09-30
1662.T, Updated at 2016-09-30
1719.T, Updated at 2016-09-30
1736.T, Updated at 2016-09-30
1737.T, Updated at 2016-09-30
1738.NG, Updated at 2016-09-30
1787.T, Updated at 2016-09-30
1802.T, Updated at 2016-09-30
1803.T, Updated at 2016-09-30
1812.T, Updated at 2016-09-30
1835.T, Updated at 2016-09-30
184230.KQ, Updated at 2016-09-30
1867.T, Updated at 2016-09-30
1870.T, Updated at 2016-09-30
1896.T, Updated at 2016-09-30
1933.T, Updated at 2016-09-30
1935.T, Updated at 2016-09-30
1936.NG, Updated at 2016-09-30
1952.T, Updated at 2016-09-30
1960.T, Updated at 2016-09-30
1965.T, Updated at 2016-09-30
1966.T, Updated at 2016-09-30
2001.T, Updated at 2016-09-30
2009.T, Updated at 2016-09-30
2024.TW, Updated at 2016-09-30
2059.TW, Updated at 2016-09-30
214150.KQ, Updated at 2016-09-30
215750.KQ, Updated at 2016-09-30
217810.KQ, Updated at 2016-09-30
2180.T, Updated at 2016-09-30
2206.T, Updated at 2016-09-30
2207.T, Updated at 2016-09-30
2209.T, Updated at 2016-09-30
2305.T, Updated at 2016-09-30
2309.T, Updated at 2016-09-30
2332.TW, Updated at 2016-09-30
2344.T, Updated at 2016-09-30
2376.T, Updated at 2016-09-30
2398.T, Updated at 2016-09-30
2400.T, Updated at 2016-09-30
2405.T, Updated at 2016-09-30
2415.TW, Updated at 2016-09-30
2425.T, Updated at 2016-09-30
2429.T, Updated at 2016-09-30
2432.T, Updated at 2016-09-30
2436.TW, Updated at 2016-09-30
2445.T, Updated at 2016-09-30
2449.TW, Updated at 2016-09-30
2458.T, Updated at 2016-09-30
2461.T, Updated at 2016-09-30
2483.TW, Updated at 2016-09-30
2485.T, Updated at 2016-09-30
2511.TW, Updated at 2016-09-30
2607.T, Updated at 2016-09-30
2609.TW, Updated at 2016-09-30
2609q.L, Updated at 2016-09-30
2613.T, Updated at 2016-09-30
2643.TWO, Updated at 2016-09-30
2669.T, Updated at 2016-09-30
2777.T, Updated at 2016-09-30
2802.T, Updated at 2016-09-30
2902.NG, Updated at 2016-09-30
2915.T, Updated at 2016-09-30
2924.T, Updated at 2016-09-30
3001.T, Updated at 2016-09-30
3015.TW, Updated at 2016-09-30
3024.T, Updated at 2016-09-30
3035.TW, Updated at 2016-09-30
3036.T, Updated at 2016-09-30
3054.T, Updated at 2016-09-30
3099.T, Updated at 2016-09-30
3107.T, Updated at 2016-09-30
3109.T, Updated at 2016-09-30
3123.T, Updated at 2016-09-30
3173.T, Updated at 2016-09-30
3179.T, Updated at 2016-09-30
3183.T, Updated at 2016-09-30
3221.T, Updated at 2016-09-30
3232.T, Updated at 2016-09-30
3299.T, Updated at 2016-09-30
3319.T, Updated at 2016-09-30
3372.TWO, Updated at 2016-09-30
3386.T, Updated at 2016-09-30
3401.T, Updated at 2016-09-30
3402.T, Updated at 2016-09-30
3417.T, Updated at 2016-09-30
3423.T, Updated at 2016-09-30
3467.T, Updated at 2016-09-30
3515.TW, Updated at 2016-09-30
3609.TWO, Updated at 2016-09-30
3634.T, Updated at 2016-09-30
3676.T, Updated at 2016-09-30
3682.T, Updated at 2016-09-30
3784.T, Updated at 2016-09-30
3788.T, Updated at 2016-09-30
3796.T, Updated at 2016-09-30
3837.T, Updated at 2016-09-30
3861.T, Updated at 2016-09-30
3948.T, Updated at 2016-09-30
3951.T, Updated at 2016-09-30
4007.T, Updated at 2016-09-30
4041.T, Updated at 2016-09-30
4046.T, Updated at 2016-09-30
4061.T, Updated at 2016-09-30
4094.T, Updated at 2016-09-30
4095.T, Updated at 2016-09-30
4114.T, Updated at 2016-09-30
4117.T, Updated at 2016-09-30
4120.T, Updated at 2016-09-30
4186.T, Updated at 2016-09-30
4218.T, Updated at 2016-09-30
4220.T, Updated at 2016-09-30
4231.T, Updated at 2016-09-30
4237.T, Updated at 2016-09-30
4272.T, Updated at 2016-09-30
4320.T, Updated at 2016-09-30
4323.T, Updated at 2016-09-30
4337.T, Updated at 2016-09-30
4349.NG, Updated at 2016-09-30
4350.T, Updated at 2016-09-30
4409.T, Updated at 2016-09-30
4464.T, Updated at 2016-09-30
4514.T, Updated at 2016-09-30
4516.T, Updated at 2016-09-30
4521.T, Updated at 2016-09-30
4528.T, Updated at 2016-09-30
4541.T, Updated at 2016-09-30
4558.T, Updated at 2016-09-30
4569.T, Updated at 2016-09-30
4572.T, Updated at 2016-09-30
4589.T, Updated at 2016-09-30
4621.T, Updated at 2016-09-30
4629.T, Updated at 2016-09-30
4642.T, Updated at 2016-09-30
4674.T, Updated at 2016-09-30
4686.T, Updated at 2016-09-30
4690.T, Updated at 2016-09-30
4694.T, Updated at 2016-09-30
4719.T, Updated at 2016-09-30
4732.T, Updated at 2016-09-30
4746.T, Updated at 2016-09-30
4770.T, Updated at 2016-09-30
4772.T, Updated at 2016-09-30
4784.T, Updated at 2016-09-30
4800.T, Updated at 2016-09-30
4809.T, Updated at 2016-09-30
4827.FU, Updated at 2016-09-30
4904.TW, Updated at 2016-09-30
4923.T, Updated at 2016-09-30
4965.T, Updated at 2016-09-30
4972.T, Updated at 2016-09-30
4994.T, Updated at 2016-09-30
5011.T, Updated at 2016-09-30
5013.T, Updated at 2016-09-30
5020.T, Updated at 2016-09-30
5110.T, Updated at 2016-09-30
5142.T, Updated at 2016-09-30
5162.T, Updated at 2016-09-30
5189.T, Updated at 2016-09-30
5192.T, Updated at 2016-09-30
5199.T, Updated at 2016-09-30
5232.T, Updated at 2016-09-30
5283.T, Updated at 2016-09-30
5331.T, Updated at 2016-09-30
5367.T, Updated at 2016-09-30
5393.T, Updated at 2016-09-30
5395.T, Updated at 2016-09-30
5408.T, Updated at 2016-09-30
5463.T, Updated at 2016-09-30
5563.T, Updated at 2016-09-30
5602.T, Updated at 2016-09-30
5631.T, Updated at 2016-09-30
5660.T, Updated at 2016-09-30
5695.T, Updated at 2016-09-30
5707.T, Updated at 2016-09-30
5714.T, Updated at 2016-09-30
5715.T, Updated at 2016-09-30
5902.T, Updated at 2016-09-30
5930.T, Updated at 2016-09-30
5938.T, Updated at 2016-09-30
5940.T, Updated at 2016-09-30
5949.T, Updated at 2016-09-30
5973.T, Updated at 2016-09-30
5976.T, Updated at 2016-09-30
5984.T, Updated at 2016-09-30
5988.T, Updated at 2016-09-30
6005.T, Updated at 2016-09-30
6018.T, Updated at 2016-09-30
6050.T, Updated at 2016-09-30
6062.T, Updated at 2016-09-30
6088.T, Updated at 2016-09-30
6137.T, Updated at 2016-09-30
6141.T, Updated at 2016-09-30
6146.T, Updated at 2016-09-30
6151.T, Updated at 2016-09-30
6164.T, Updated at 2016-09-30
6185.T, Updated at 2016-09-30
6203.T, Updated at 2016-09-30
6244.TWO, Updated at 2016-09-30
6274.T, Updated at 2016-09-30
6278.T, Updated at 2016-09-30
6300.T, Updated at 2016-09-30
6333.T, Updated at 2016-09-30
6339.T, Updated at 2016-09-30
6340.T, Updated at 2016-09-30
6365.T, Updated at 2016-09-30
6371.T, Updated at 2016-09-30
6381.T, Updated at 2016-09-30
6390.T, Updated at 2016-09-30
6403.T, Updated at 2016-09-30
6405.T, Updated at 2016-09-30
6444.T, Updated at 2016-09-30
6457.T, Updated at 2016-09-30
6461.T, Updated at 2016-09-30
6465.T, Updated at 2016-09-30
6480.T, Updated at 2016-09-30
6485.T, Updated at 2016-09-30
6507.T, Updated at 2016-09-30
6531.TW, Updated at 2016-09-30
6647.T, Updated at 2016-09-30
6661.T, Updated at 2016-09-30
6707.T, Updated at 2016-09-30
6744.T, Updated at 2016-09-30
6745.T, Updated at 2016-09-30
6750.T, Updated at 2016-09-30
6751.T, Updated at 2016-09-30
6797.NG, Updated at 2016-09-30
6844.T, Updated at 2016-09-30
6853.T, Updated at 2016-09-30
6855.T, Updated at 2016-09-30
6856.T, Updated at 2016-09-30
6877.T, Updated at 2016-09-30
6894.T, Updated at 2016-09-30
6907.T, Updated at 2016-09-30
6914.T, Updated at 2016-09-30
6924.T, Updated at 2016-09-30
6947.T, Updated at 2016-09-30
6957.T, Updated at 2016-09-30
6958.T, Updated at 2016-09-30
6965.T, Updated at 2016-09-30
6976.T, Updated at 2016-09-30
6982.T, Updated at 2016-09-30
7201.T, Updated at 2016-09-30
7202.T, Updated at 2016-09-30
7212.T, Updated at 2016-09-30
7222.T, Updated at 2016-09-30
7242.T, Updated at 2016-09-30
7244.T, Updated at 2016-09-30
7246.T, Updated at 2016-09-30
7256.T, Updated at 2016-09-30
7277.T, Updated at 2016-09-30
7287.T, Updated at 2016-09-30
7308.NG, Updated at 2016-09-30
7408.T, Updated at 2016-09-30
7414.T, Updated at 2016-09-30
7419.T, Updated at 2016-09-30
7458.T, Updated at 2016-09-30
7467.T, Updated at 2016-09-30
7480.T, Updated at 2016-09-30
7525.T, Updated at 2016-09-30
7550.T, Updated at 2016-09-30
7587.T, Updated at 2016-09-30
7616.T, Updated at 2016-09-30
7619.T, Updated at 2016-09-30
7628.T, Updated at 2016-09-30
7634.T, Updated at 2016-09-30
7643.T, Updated at 2016-09-30
7701.T, Updated at 2016-09-30
7722.T, Updated at 2016-09-30
7727.T, Updated at 2016-09-30
7735.T, Updated at 2016-09-30
7825.T, Updated at 2016-09-30
7846.T, Updated at 2016-09-30
7905.T, Updated at 2016-09-30
7906.T, Updated at 2016-09-30
7915.T, Updated at 2016-09-30
7916.T, Updated at 2016-09-30
7920.T, Updated at 2016-09-30
7943.T, Updated at 2016-09-30
7947.T, Updated at 2016-09-30
7951.T, Updated at 2016-09-30
7955.T, Updated at 2016-09-30
7963.T, Updated at 2016-09-30
7980.T, Updated at 2016-09-30
7985.T, Updated at 2016-09-30
7990.T, Updated at 2016-09-30
8002.T, Updated at 2016-09-30
8006.T, Updated at 2016-09-30
8011.HK, Updated at 2016-09-30
8029.HK, Updated at 2016-09-30
8031.HK, Updated at 2016-09-30
8043.T, Updated at 2016-09-30
8065.T, Updated at 2016-09-30
8085.T, Updated at 2016-09-30
8092.HK, Updated at 2016-09-30
8097.T, Updated at 2016-09-30
8098.T, Updated at 2016-09-30
8111.T, Updated at 2016-09-30
8113.T, Updated at 2016-09-30
8118.T, Updated at 2016-09-30
8123.HK, Updated at 2016-09-30
8132.HK, Updated at 2016-09-30
8135.T, Updated at 2016-09-30
8150.T, Updated at 2016-09-30
8152.T, Updated at 2016-09-30
8159.T, Updated at 2016-09-30
8203.T, Updated at 2016-09-30
8207.HK, Updated at 2016-09-30
8213.HK, Updated at 2016-09-30
8215.HK, Updated at 2016-09-30
8226.T, Updated at 2016-09-30
8242.HK, Updated at 2016-09-30
8271.HK, Updated at 2016-09-30
8277.HK, Updated at 2016-09-30
8291.T, Updated at 2016-09-30
8311.HK, Updated at 2016-09-30
8315.HK, Updated at 2016-09-30
8329.HK, Updated at 2016-09-30
8334.T, Updated at 2016-09-30
8355.T, Updated at 2016-09-30
8399.T, Updated at 2016-09-30
8450.TWO, Updated at 2016-09-30
8511.T, Updated at 2016-09-30
8518.T, Updated at 2016-09-30
8541.T, Updated at 2016-09-30
8593.T, Updated at 2016-09-30
8715.T, Updated at 2016-09-30
8769.T, Updated at 2016-09-30
8802.T, Updated at 2016-09-30
8804.T, Updated at 2016-09-30
8841.T, Updated at 2016-09-30
8844.T, Updated at 2016-09-30
8850.T, Updated at 2016-09-30
8854.T, Updated at 2016-09-30
8881.T, Updated at 2016-09-30
8893.T, Updated at 2016-09-30
9033.T, Updated at 2016-09-30
9057.T, Updated at 2016-09-30
9066.T, Updated at 2016-09-30
9077.NG, Updated at 2016-09-30
9127.T, Updated at 2016-09-30
9232.T, Updated at 2016-09-30
9302.T, Updated at 2016-09-30
9303.T, Updated at 2016-09-30
9304.T, Updated at 2016-09-30
9312.T, Updated at 2016-09-30
9319.T, Updated at 2016-09-30
9376.T, Updated at 2016-09-30
9402.NG, Updated at 2016-09-30
9405.T, Updated at 2016-09-30
9419.T, Updated at 2016-09-30
9424.T, Updated at 2016-09-30
9449.T, Updated at 2016-09-30
9539.T, Updated at 2016-09-30
9674.T, Updated at 2016-09-30
9722.T, Updated at 2016-09-30
9744.T, Updated at 2016-09-30
9747.T, Updated at 2016-09-30
9755.T, Updated at 2016-09-30
9780.T, Updated at 2016-09-30
9797.T, Updated at 2016-09-30
9831.T, Updated at 2016-09-30
9857.T, Updated at 2016-09-30
9896.T, Updated at 2016-09-30
9899.T, Updated at 2016-09-30
9902.T, Updated at 2016-09-30
9943.T, Updated at 2016-09-30
9957.T, Updated at 2016-09-30
9966.T, Updated at 2016-09-30
9967.T, Updated at 2016-09-30
9984.T, Updated at 2016-09-30
AAMC.K, Updated at 2016-09-30
ABT.TO, Updated at 2016-09-30
ACBI.O, Updated at 2016-09-30
ACSP.WA, Updated at 2016-09-30
ADUS.O, Updated at 2016-09-30
AEIG.DE, Updated at 2016-09-30
AGRX.O, Updated at 2016-09-30
AHL, Updated at 2016-09-30
AIKb.NGM, Updated at 2016-09-30
AKAO.O, Updated at 2016-09-30
AKER.OL, Updated at 2016-09-30
ALB, Updated at 2016-09-30
ALGN.O, Updated at 2016-09-30
ALKIM.IS, Updated at 2016-09-30
ALM.MC, Updated at 2016-09-30
ALML.NS, Updated at 2016-09-30
ALR, Updated at 2016-09-30
ALSS.LS, Updated at 2016-09-30
ALTHE.PA, Updated at 2016-09-30
AMAG.JK, Updated at 2016-09-30
AMAR.NS, Updated at 2016-09-30
AMRK.O, Updated at 2016-09-30
ANDE.O, Updated at 2016-09-30
AOI, Updated at 2016-09-30
AOSL.O, Updated at 2016-09-30
AOXG.DE, Updated at 2016-09-30
APCI.NS, Updated at 2016-09-30
APEI.O, Updated at 2016-09-30
APIC.JK, Updated at 2016-09-30
APLE.K, Updated at 2016-09-30
APN.WA, Updated at 2016-09-30
APPF.O, Updated at 2016-09-30
AQMS.O, Updated at 2016-09-30
ARDX.O, Updated at 2016-09-30
ARES.K, Updated at 2016-09-30
ARHO.BO, Updated at 2016-09-30
ARIA.O, Updated at 2016-09-30
ARMDA.IS, Updated at 2016-09-30
ARN.MI, Updated at 2016-09-30
ARNA.O, Updated at 2016-09-30
ARQL.O, Updated at 2016-09-30
ASAL.BO, Updated at 2016-09-30
ASCI.DU, Updated at 2016-09-30
ASCMA.O, Updated at 2016-09-30
ASP.BK, Updated at 2016-09-30
ASPf.BK, Updated at 2016-09-30
ASPn.BK, Updated at 2016-09-30
ASTE.NS, Updated at 2016-09-30
ATAX.O, Updated at 2016-09-30
ATI.V, Updated at 2016-09-30
ATIC.JK, Updated at 2016-09-30
AVAU.SI, Updated at 2016-09-30
AVE.V, Updated at 2016-09-30
AXON.K, Updated at 2016-09-30
AYCES.IS, Updated at 2016-09-30
BAKAN.IS, Updated at 2016-09-30
BART.BO, Updated at 2016-09-30
BBSE3.SA, Updated at 2016-09-30
BBSE3S.SA, Updated at 2016-09-30
BBSE3T.SA, Updated at 2016-09-30
BCAP.JK, Updated at 2016-09-30
BCRX.O, Updated at 2016-09-30
BERK34.SA, Updated at 2016-09-30
BEST.SI, Updated at 2016-09-30
BID, Updated at 2016-09-30
BIMAS.IS, Updated at 2016-09-30
BIOA.K, Updated at 2016-09-30
BISI.JK, Updated at 2016-09-30
BKSL.JK, Updated at 2016-09-30
BKSW.JK, Updated at 2016-09-30
BLSI.BO, Updated at 2016-09-30
BOBR4.SA, Updated at 2016-09-30
BPAN4.SA, Updated at 2016-09-30
BPHP.WA, Updated at 2016-09-30
BRBI.MI, Updated at 2016-09-30
BRET.SI, Updated at 2016-09-30
BRG, Updated at 2016-09-30
BRKa, Updated at 2016-09-30
BRKb, Updated at 2016-09-30
BRMEN.IS, Updated at 2016-09-30
BRUN.AS, Updated at 2016-09-30
BRWY.SI, Updated at 2016-09-30
BSM, Updated at 2016-09-30
BTB_u.TO, Updated at 2016-09-30
BTEK.JK, Updated at 2016-09-30
BTEL.JK, Updated at 2016-06-30
BUCIM.IS, Updated at 2016-09-30
C4X.PA, Updated at 2016-09-30
CACQ.O, Updated at 2016-09-30
CAMT.TA, Updated at 2016-09-30
CAP.SN, Updated at 2016-09-30
CAR_u.TO, Updated at 2016-09-30
CASC.O, Updated at 2016-09-30
CBFV.O, Updated at 2016-09-30
CBI.AD, Updated at 2016-09-30
CBMX.O, Updated at 2016-09-30
CBPX.K, Updated at 2016-09-30
CC, Updated at 2016-09-30
CCXI.O, Updated at 2016-09-30
CEIT.NS, Updated at 2016-09-30
CENT.JK, Updated at 2016-09-30
CERA.CA, Updated at 2016-09-30
CEVA.SCT, Updated at 2016-09-30
CG.TO, Updated at 2016-09-30
CGE.SN, Updated at 2016-09-30
CGEN.TA, Updated at 2016-09-30
CGO.TO, Updated at 2016-08-31
CHGG.K, Updated at 2016-09-30
CHUBA.O, Updated at 2016-09-30
CHUBK.O, Updated at 2016-09-30
CIA, Updated at 2016-09-30
CIC.PS, Updated at 2016-09-30
CIN.SN, Updated at 2016-09-30
CINsd.SN, Updated at 2016-09-30
CIO, Updated at 2016-09-30
CJ.TO, Updated at 2016-09-30
CJT.TO, Updated at 2016-09-30
CJTa.TO, Updated at 2016-09-30
CKI.TO, Updated at 2016-09-30
CKX, Updated at 2016-09-30
CLBS.O, Updated at 2016-09-30
CLDX.O, Updated at 2016-09-30
CLE.V, Updated at 2016-09-30
CLMT.O, Updated at 2016-09-30
CLNY.K, Updated at 2016-09-30
CMBTN.IS, Updated at 2016-09-30
CMENT.IS, Updated at 2016-09-30
CMRX.O, Updated at 2016-09-30
CMTM.SCT, Updated at 2016-09-30
CNXR.O, Updated at 2016-09-30
COHE.PA, Updated at 2016-09-30
COM.TO, Updated at 2016-09-30
CORE.O, Updated at 2016-09-30
CPA.BO, Updated at 2016-09-30
CRAY.O, Updated at 2016-09-30
CRBR.NS, Updated at 2016-09-30
CRDa, Updated at 2016-09-30
CRDb, Updated at 2016-09-30
CRTO.O, Updated at 2016-09-30
CSC.BK, Updated at 2016-09-30
CSCf.BK, Updated at 2016-09-30
CSCn.BK, Updated at 2016-09-30
CSFL.NS, Updated at 2016-09-30
CSL.BK, Updated at 2016-09-30
CSLf.BK, Updated at 2016-09-30
CSLn.BK, Updated at 2016-09-30
CST, Updated at 2016-09-30
CTLT.K, Updated at 2016-09-30
CTRP.JK, Updated at 2016-09-30
CTRS.JK, Updated at 2016-09-30
CTSH.O, Updated at 2016-09-30
CTSH34.SA, Updated at 2016-09-30
CTSO.O, Updated at 2016-09-30
CUCO.BO, Updated at 2016-09-30
CUM.TO, Updated at 2016-09-30
CUTR.O, Updated at 2016-09-30
CXR.TO, Updated at 2016-09-30
CZR.O, Updated at 2016-09-30
CZWI.O, Updated at 2016-09-30
DAMAC.DU, Updated at 2016-09-30
DBC.WA, Updated at 2016-09-30
DEPO.O, Updated at 2016-09-30
DERM.O, Updated at 2016-09-30
DEWA.JK, Updated at 2016-09-30
DF, Updated at 2016-09-30
DJUR.CO, Updated at 2016-09-30
DMAS.JK, Updated at 2016-09-30
DMD, Updated at 2016-09-30
DMYDb.ST, Updated at 2016-08-31
DPUM.JK, Updated at 2016-09-30
DRAD.O, Updated at 2016-09-30
DRNA.O, Updated at 2016-09-30
DTLK.O, Updated at 2016-09-30
DTSI.O, Updated at 2016-09-30
DTY.L, Updated at 2016-09-23
DVAX.O, Updated at 2016-09-30
EATP.WA, Updated at 2016-09-30
EBS, Updated at 2016-09-30
ECBYO.IS, Updated at 2016-09-30
ECII.JK, Updated at 2016-09-30
ECOF.KL, Updated at 2016-08-31
EDIP.IS, Updated at 2016-09-30
EFH.TO, Updated at 2016-09-30
ELANb.ST, Updated at 2016-09-30
ELNK.O, Updated at 2016-09-30
ELZ.WA, Updated at 2016-09-30
EMA.TO, Updated at 2016-09-30
EMAA.DU, Updated at 2016-09-30
EMG, Updated at 2016-09-30
ENAM.SN, Updated at 2016-09-30
ENCH.SN, Updated at 2016-09-30
ENDA.SN, Updated at 2016-09-30
ENH, Updated at 2016-09-30
ENH_pc, Updated at 2016-09-30
ENIA.K, Updated at 2016-09-30
ENIC.K, Updated at 2016-09-30
ENV, Updated at 2016-09-30
EOCA.K, Updated at 2016-09-30
EOX.TO, Updated at 2016-09-30
EPAM.K, Updated at 2016-09-30
EPMT.JK, Updated at 2016-09-30
EQV1V.HE, Updated at 2016-09-30
ESU.LM, Updated at 2016-09-30
ETM, Updated at 2016-09-30
EXCL.DE, Updated at 2016-09-30
FAM.WA, Updated at 2016-09-30
FANG.O, Updated at 2016-09-30
FARM.O, Updated at 2016-09-30
FAST.JK, Updated at 2016-09-30
FATE.O, Updated at 2016-09-30
FDC, Updated at 2016-09-30
FICO.K, Updated at 2016-09-30
FIGE3.SA, Updated at 2016-09-30
FIGE4.SA, Updated at 2016-09-30
FLTX.K, Updated at 2016-09-30
FLXN.O, Updated at 2016-09-30
FNV.TO, Updated at 2016-09-30
FOGO.O, Updated at 2016-10-02
FOLD.O, Updated at 2016-09-30
FREN.JK, Updated at 2016-09-30
FRGI.O, Updated at 2016-10-02
FRIM.ST, Updated at 2016-09-30
FRNM.SI, Updated at 2016-09-30
FRSE.BO, Updated at 2016-09-30
FSTR.O, Updated at 2016-09-30
FTD.O, Updated at 2016-09-30
FTG.TO, Updated at 2016-08-26
FUM1V.HE, Updated at 2016-09-30
FUNC.O, Updated at 2016-09-30
GAIN.O, Updated at 2016-09-30
GARM.BO, Updated at 2016-09-30
GB2986324.L, Updated at 2016-09-30
GBLB.BR, Updated at 2016-09-30
GDKGS.IS, Updated at 2016-09-30
GEOJ.NS, Updated at 2016-09-30
GFN.O, Updated at 2016-09-30
GI, Updated at 2016-09-30
GIGA.O, Updated at 2016-09-24
GISI.BO, Updated at 2016-09-30
GJB.V, Updated at 2016-08-31
GLO.PS, Updated at 2016-09-30
GLP, Updated at 2016-09-30
GLRE.O, Updated at 2016-09-30
GLRYH.IS, Updated at 2016-09-30
GMO, Updated at 2016-09-30
GMPC.AD, Updated at 2016-09-30
GOCP.NS, Updated at 2016-09-30
GPSC.BK, Updated at 2016-09-30
GPSCf.BK, Updated at 2016-09-30
GPSCn.BK, Updated at 2016-09-30
GRBK.O, Updated at 2016-09-30
GRNT.MM, Updated at 2016-09-30
GSHC.SI, Updated at 2016-09-30
GTE, Updated at 2016-09-30
GTN.WA, Updated at 2016-09-30
GULS.NS, Updated at 2016-09-30
GYHOL.IS, Updated at 2016-09-30
HAE, Updated at 2016-10-01
HALO.O, Updated at 2016-09-30
HCKT.O, Updated at 2016-09-30
HCLI.NS, Updated at 2016-09-30
HITA.NS, Updated at 2016-09-30
HKSAV.HE, Updated at 2016-09-30
HLHL.SI, Updated at 2016-09-30
HSBA.L, Updated at 2016-09-30
HSBC_pa.K, Updated at 2016-09-30
HSNI.O, Updated at 2016-09-30
HTWK.BO, Updated at 2016-09-30
HYFL.SI, Updated at 2016-09-30
HYG.TO, Updated at 2016-09-30
HZNP.O, Updated at 2016-09-30
IBN, Updated at 2016-09-30
IBOC.O, Updated at 2016-09-30
IBPI.SI, Updated at 2016-09-30
ICBK.NS, Updated at 2016-09-30
ICT.PS, Updated at 2016-09-30
IDGYO.IS, Updated at 2016-09-30
IFF, Updated at 2016-09-30
IGV.SN, Updated at 2016-09-30
III.O, Updated at 2016-09-30
IIP_u.TO, Updated at 2016-09-30
INAF.JK, Updated at 2016-09-30
INGP.WA, Updated at 2016-09-30
INT.LM, Updated at 2016-09-30
IOLC.NS, Updated at 2016-09-30
IPAS.O, Updated at 2016-09-30
IQNT.O, Updated at 2016-09-30
IRIX.O, Updated at 2016-10-01
ISV.TO, Updated at 2016-09-30
ITABb.ST, Updated at 2016-09-30
ITTr.AT, Updated at 2016-06-30
IZMDC.IS, Updated at 2016-09-30
JAX, Updated at 2016-10-02
JCDX.PA, Updated at 2016-09-30
JDOR.BO, Updated at 2016-09-30
JKHY.O, Updated at 2016-09-30
JPEP.K, Updated at 2016-09-30
JULS.NS, Updated at 2016-09-30
JUTBK.CO, Updated at 2016-09-30
KBLV.JK, Updated at 2016-09-30
KCIKI.RTS, Updated at 2016-09-30
KCOGn.DE, Updated at 2016-09-30
KELYA.O, Updated at 2016-10-02
KELYB.O, Updated at 2016-10-02
KICM.BO, Updated at 2016-09-30
KIJA.JK, Updated at 2016-09-30
KILC.BO, Updated at 2016-09-30
KIN.O, Updated at 2016-09-30
KINA.BO, Updated at 2016-09-30
KMP.WA, Updated at 2016-09-30
KND, Updated at 2016-09-30
KOS, Updated at 2016-09-30
KPTI.O, Updated at 2016-09-30
KRSTL.IS, Updated at 2016-09-30
KURA.O, Updated at 2016-09-30
LC, Updated at 2016-09-30
LINC.O, Updated at 2016-09-30
LINX3.SA, Updated at 2016-09-30
LJPC.O, Updated at 2016-09-30
LMIA.O, Updated at 2016-09-30
LNCE.O, Updated at 2016-10-01
LSCC.O, Updated at 2016-09-30
LYV, Updated at 2016-09-30
MAGN.MM, Updated at 2016-09-30
MAGN.SI, Updated at 2016-09-30
MAGNq.L, Updated at 2016-09-30
MANH.SI, Updated at 2016-09-30
MATX.K, Updated at 2016-09-30
MAVI.NS, Updated at 2016-09-30
MAZD.BO, Updated at 2016-09-30
MBAP.JK, Updated at 2016-09-30
MBBG.F, Updated at 2016-09-30
MCCS.QA, Updated at 2016-09-30
MCHL.SI, Updated at 2016-09-30
MCHP.O, Updated at 2016-09-30
MCI.WA, Updated at 2016-09-30
MDF.MC, Updated at 2016-09-30
MDKA.JK, Updated at 2016-09-30
MEET.O, Updated at 2016-09-30
META.JK, Updated at 2016-09-30
MFIN.O, Updated at 2016-09-30
MGM, Updated at 2016-09-30
MGNG.DE, Updated at 2016-09-30
MGP, Updated at 2016-09-30
MICS.BO, Updated at 2016-09-30
MILS3.SA, Updated at 2016-09-30
MIXJ.J, Updated at 2016-09-30
MIXT.K, Updated at 2016-09-30
MLPL.JK, Updated at 2016-09-30
MNGA.KL, Updated at 2016-09-30
MORG.DE, Updated at 2016-09-30
MOSC.BO, Updated at 2016-09-30
MRCC.O, Updated at 2016-09-30
MREI.JK, Updated at 2016-09-30
MSK.MI, Updated at 2016-09-30
MTRX.O, Updated at 2016-09-30
MXL, Updated at 2016-09-30
MYOK.O, Updated at 2016-09-30
NAII.O, Updated at 2016-09-30
NASR.CA, Updated at 2016-09-30
NC.BK, Updated at 2016-09-30
NCf.BK, Updated at 2016-09-30
NCn.BK, Updated at 2016-09-30
NELY.JK, Updated at 2016-09-30
NETW.BO, Updated at 2016-09-30
NEWN.AS, Updated at 2016-09-30
NEWR.K, Updated at 2016-09-30
NH.O, Updated at 2016-09-30
NHC.TO, Updated at 2016-09-30
NHFH.KL, Updated at 2016-09-30
NHI, Updated at 2016-09-30
NIBAS.IS, Updated at 2016-09-30
NILE.O, Updated at 2016-10-02
NL, Updated at 2016-09-30
NMRX.O, Updated at 2016-09-30
NOA.TO, Updated at 2016-09-30
NRP, Updated at 2016-09-30
NSSC.O, Updated at 2016-09-30
NVEE.O, Updated at 2016-09-30
NVLS.O, Updated at 2016-09-30
NVRO.K, Updated at 2016-09-30
NVTA.K, Updated at 2016-09-30
NWS.AX, Updated at 2016-09-30
NWS.O, Updated at 2016-09-30
NWSA.O, Updated at 2016-09-30
NWSLV.AX, Updated at 2016-09-30
OAS, Updated at 2016-09-30
OBCGn.DE, Updated at 2016-09-30
OCIP.K, Updated at 2016-09-30
OERL.S, Updated at 2016-09-30
OMF, Updated at 2016-09-30
ON.O, Updated at 2016-09-30
OPK.O, Updated at 2016-09-30
ORA, Updated at 2016-09-30
OTKAR.IS, Updated at 2016-09-30
OUER.SI, Updated at 2016-09-30
P1ZGn.DE, Updated at 2016-09-30
PACC.SI, Updated at 2016-09-30
PARG.S, Updated at 2016-09-30
PBNC.O, Updated at 2016-09-30
PCAS.PA, Updated at 2016-09-30
PCLN.O, Updated at 2016-09-30
PCYG.O, Updated at 2016-09-30
PEGI.O, Updated at 2016-09-30
PENP.WA, Updated at 2016-09-30
PFBI.O, Updated at 2016-09-30
PFIZ.NS, Updated at 2016-09-30
PGEM.K, Updated at 2016-10-01
PGNX.O, Updated at 2016-09-30
PHII.O, Updated at 2016-09-30
PHIIK.O, Updated at 2016-09-30
PIEN.KL, Updated at 2016-09-30
PINC.O, Updated at 2016-09-30
PKI, Updated at 2016-10-02
PKK1V.HE, Updated at 2016-09-30
PKO.WA, Updated at 2016-09-30
PLUG.O, Updated at 2016-09-30
PNBS.JK, Updated at 2016-09-30
PNIN.JK, Updated at 2016-09-30
PNP.TO, Updated at 2016-09-30
POLV.VI, Updated at 2016-09-30
POMO3.SA, Updated at 2016-09-30
POMO4.SA, Updated at 2016-09-30
POPI.PS, Updated at 2016-06-30
PRAA.O, Updated at 2016-09-30
PRCP.O, Updated at 2016-09-30
PRLP.NS, Updated at 2016-09-30
PRMG.BO, Updated at 2016-09-30
PRTO.O, Updated at 2016-09-30
PSDTC.IS, Updated at 2016-09-30
PSDV.O, Updated at 2016-09-30
PSL.BK, Updated at 2016-09-30
PSLf.BK, Updated at 2016-09-30
PSLn.BK, Updated at 2016-09-30
PTLA.O, Updated at 2016-09-30
PZRX.O, Updated at 2016-09-30
QIMC.QA, Updated at 2016-09-30
QUAL3.SA, Updated at 2016-09-30
QUE.SN, Updated at 2016-09-30
RABL.NS, Updated at 2016-09-30
RAKC.AD, Updated at 2016-09-30
RBC, Updated at 2016-10-01
RCHR.NS, Updated at 2016-09-30
REN, Updated at 2016-09-30
RENE.LS, Updated at 2016-09-30
RESI.K, Updated at 2016-09-30
RESN.KL, Updated at 2016-09-30
REYU.MC, Updated at 2016-09-30
RJFR.BO, Updated at 2016-09-30
RMPL.BO, Updated at 2016-09-30
RMR1V.HE, Updated at 2016-09-30
RMTI.O, Updated at 2016-09-30
RNBS.ST, Updated at 2016-08-31
RNET.O, Updated at 2016-09-30
RODA.JK, Updated at 2016-09-30
ROK, Updated at 2016-09-30
ROKA.O, Updated at 2016-09-30
RRR.O, Updated at 2016-09-30
RST, Updated at 2016-09-30
RTEC.K, Updated at 2016-09-30
RTTR.O, Updated at 2016-09-30
RXDX.O, Updated at 2016-09-30
RYA.I, Updated at 2016-09-30
RYAAY.O, Updated at 2016-09-30
SACH.BO, Updated at 2016-09-30
SALM.O, Updated at 2016-09-30
SALM.QA, Updated at 2016-09-30
SAOL.NS, Updated at 2016-09-30
SAUD.CA, Updated at 2016-09-30
SCCM.KL, Updated at 2016-09-30
SCSC.O, Updated at 2016-09-30
SCYX.O, Updated at 2016-09-30
SDR.L, Updated at 2016-09-30
SDRt.L, Updated at 2016-09-30
SEC.TO, Updated at 2016-09-30
SEMG.K, Updated at 2016-09-30
SENEA.O, Updated at 2016-10-01
SENEB.O, Updated at 2016-10-01
SENS.K, Updated at 2016-09-30
SFR, Updated at 2016-09-30
SGY, Updated at 2016-09-30
SHEM.NS, Updated at 2016-09-30
SHEN.O, Updated at 2016-09-30
SHOTE.ST, Updated at 2016-09-30
SHTU.SI, Updated at 2016-09-30
SIHL.SI, Updated at 2016-09-30
SITE.K, Updated at 2016-10-02
SKPS.BO, Updated at 2016-09-30
SMBR.JK, Updated at 2016-09-30
SMCB.JK, Updated at 2016-09-30
SMI, Updated at 2016-09-30
SMPH.PS, Updated at 2016-09-30
SN, Updated at 2016-09-30
SNI.O, Updated at 2016-09-30
SOCI.JK, Updated at 2016-09-30
SPCG.BK, Updated at 2016-09-30
SPCGf.BK, Updated at 2016-09-30
SPCGn.BK, Updated at 2016-09-30
SPHL.SI, Updated at 2016-06-30
SPIE.PA, Updated at 2016-09-30
SPLP.K, Updated at 2016-09-30
SPNS.O, Updated at 2016-09-30
SPOS.SI, Updated at 2016-09-30
SRAJ.JK, Updated at 2016-09-30
SRC, Updated at 2016-09-30
SRDC.BO, Updated at 2016-09-30
SRLP.K, Updated at 2016-09-30
SRS.MI, Updated at 2016-09-30
SRT, Updated at 2016-09-30
SRTG.JK, Updated at 2016-09-30
SUGR.CA, Updated at 2016-09-30
SUNA.BO, Updated at 2016-06-30
SUPR.JK, Updated at 2016-09-30
SVAH.BO, Updated at 2016-09-30
SWVKk.DE, Updated at 2016-09-30
SWX, Updated at 2016-09-30
SYY, Updated at 2016-10-01
TAKE.NS, Updated at 2016-09-30
TAMF.NS, Updated at 2016-09-30
TAXI.JK, Updated at 2016-09-30
TCAP.K, Updated at 2016-09-30
TDPS.NS, Updated at 2016-09-30
TDW, Updated at 2016-09-30
TELE.JK, Updated at 2016-09-30
TERA.BO, Updated at 2016-09-30
TET.TO, Updated at 2016-09-30
TGKJI.RTS, Updated at 2016-09-30
TGTX.O, Updated at 2016-09-30
THLD.O, Updated at 2016-09-30
TIH.TO, Updated at 2016-09-30
TIHL.SI, Updated at 2016-09-30
TIRE.IS, Updated at 2016-09-30
TLK, Updated at 2016-09-30
TMET.NS, Updated at 2016-09-30
TMPOL.IS, Updated at 2016-09-30
TOS.TO, Updated at 2016-09-30
TOTA.CO, Updated at 2016-09-30
TOTO.JK, Updated at 2016-09-30
TPHS.K, Updated at 2016-09-30
TREX.K, Updated at 2016-09-30
TRGP.K, Updated at 2016-09-30
TRIV.BO, Updated at 2016-09-30
TRN.MI, Updated at 2016-09-30
TSb.TO, Updated at 2016-09-30
TSLX.K, Updated at 2016-09-30
TU.BK, Updated at 2016-09-30
TUf.BK, Updated at 2016-09-30
TUKAS.IS, Updated at 2016-09-30
TUn.BK, Updated at 2016-09-30
TUPY3.SA, Updated at 2016-09-30
TURI.JK, Updated at 2016-09-30
UBIP.PA, Updated at 2016-09-30
UCB.BR, Updated at 2016-09-30
UEPS.O, Updated at 2016-09-30
UNBE.CA, Updated at 2016-09-30
UNIP3.SA, Updated at 2016-09-30
UNIP5.SA, Updated at 2016-09-30
UNIP6.SA, Updated at 2016-09-30
USPG.SI, Updated at 2016-09-30
VAIB.NS, Updated at 2016-09-30
VAKR.NS, Updated at 2016-09-30
VATN.S, Updated at 2016-09-30
VCEL.O, Updated at 2016-09-30
VENM.SI, Updated at 2016-09-30
VGI.BK, Updated at 2016-09-30
VGIf.BK, Updated at 2016-09-30
VGIn.BK, Updated at 2016-09-30
VIKO.SI, Updated at 2016-09-30
VKING.IS, Updated at 2016-09-30
VLUE.SI, Updated at 2016-09-30
VNOM.O, Updated at 2016-09-30
VRNA.JK, Updated at 2016-09-30
VSH, Updated at 2016-10-01
VSTM.O, Updated at 2016-09-30
VVA.V, Updated at 2016-06-30
WATT.O, Updated at 2016-09-30
WAYN.O, Updated at 2016-09-30
WEST.BO, Updated at 2016-09-30
WEYS.O, Updated at 2016-09-30
WHEL.NS, Updated at 2016-09-30
WIN.O, Updated at 2016-09-30
WLTW.O, Updated at 2016-09-30
WMBY3.SA, Updated at 2016-06-30
WRK, Updated at 2016-09-30
WWL.WA, Updated at 2016-09-30
XTNT.K, Updated at 2016-09-30
YGGYO.IS, Updated at 2016-09-30
ZGNX.O, Updated at 2016-09-30
ZUE.WA, Updated at 2016-09-30
