000025.SZ
000025.SZ
000025.SZ
000025.SZ
000025.SZ
000025.SZ
000400.SZ
000400.SZ
000400.SZ
000400.SZ
000400.SZ
000400.SZ
000532.SZ
000532.SZ
000532.SZ
000532.SZ
000532.SZ
000532.SZ
000532.SZ
000548.SZ
000548.SZ
000548.SZ
000548.SZ
000548.SZ
000548.SZ
000548.SZ
000548.SZ
000548.SZ
000548.SZ
000548.SZ
000548.SZ
000548.SZ
000548.SZ
000548.SZ
000548.SZ
000551.SZ
000551.SZ
000554.SZ
000554.SZ
000558.SZ
000558.SZ
000558.SZ
000558.SZ
000573.SZ
000573.SZ
000595.SZ
000595.SZ
000595.SZ
000595.SZ
000595.SZ
000595.SZ
000595.SZ
000711.SZ
000711.SZ
000711.SZ
000711.SZ
000726.SZ
000726.SZ
000726.SZ
000726.SZ
000726.SZ
000736.SZ
000736.SZ
000736.SZ
000736.SZ
000736.SZ
000736.SZ
000736.SZ
000736.SZ
000736.SZ
000736.SZ
000736.SZ
000799.SZ
000799.SZ
000799.SZ
000799.SZ
000799.SZ
000810.KS
000813.SZ
000813.SZ
000813.SZ
000813.SZ
000813.SZ
000813.SZ
000868.SZ
000868.SZ
000868.SZ
000868.SZ
000868.SZ
000868.SZ
000868.SZ
000868.SZ
000897.SZ
000897.SZ
000897.SZ
000897.SZ
000897.SZ
000903.SZ
000903.SZ
000903.SZ
000903.SZ
000903.SZ
000908.SZ
000908.SZ
000908.SZ
000908.SZ
000908.SZ
000922.SZ
000922.SZ
000922.SZ
000922.SZ
000922.SZ
000923.SZ
000923.SZ
000923.SZ
000923.SZ
000965.SZ
000965.SZ
000965.SZ
000965.SZ
000965.SZ
000965.SZ
000985.SZ
000985.SZ
000996.SZ
000996.SZ
001450.KS
002016.SZ
002016.SZ
002016.SZ
002016.SZ
002024.SZ
002024.SZ
002024.SZ
002024.SZ
002024.SZ
002024.SZ
002024.SZ
002024.SZ
002024.SZ
002024.SZ
002024.SZ
002024.SZ
002024.SZ
002024.SZ
002024.SZ
002024.SZ
002084.SZ
002084.SZ
002086.SZ
002086.SZ
002096.SZ
002096.SZ
002096.SZ
002097.SZ
002097.SZ
002097.SZ
002097.SZ
002097.SZ
002097.SZ
002127.SZ
002127.SZ
002127.SZ
002127.SZ
002159.SZ
002159.SZ
002159.SZ
002159.SZ
002159.SZ
002159.SZ
002194.SZ
002194.SZ
002194.SZ
002194.SZ
002206.SZ
002206.SZ
002206.SZ
002206.SZ
002206.SZ
002264.SZ
002264.SZ
002264.SZ
002264.SZ
002264.SZ
002314.SZ
002314.SZ
002314.SZ
002339.SZ
002339.SZ
002339.SZ
002339.SZ
002339.SZ
002339.SZ
002352.SZ
002352.SZ
002352.SZ
002352.SZ
002352.SZ
002400.SZ
002400.SZ
002400.SZ
002400.SZ
002400.SZ
002400.SZ
002418.SZ
002418.SZ
002418.SZ
002418.SZ
002418.SZ
002473.SZ
002483.SZ
002483.SZ
002483.SZ
002483.SZ
002483.SZ
002537.SZ
002537.SZ
002537.SZ
002537.SZ
002537.SZ
002551.SZ
002551.SZ
002551.SZ
002551.SZ
002551.SZ
002554.SZ
002554.SZ
002583.SZ
002583.SZ
002583.SZ
002583.SZ
002583.SZ
002583.SZ
002601.SZ
002601.SZ
002601.SZ
002601.SZ
002601.SZ
002627.SZ
002627.SZ
002627.SZ
002627.SZ
002674.SZ
002674.SZ
002674.SZ
002674.SZ
002674.SZ
002676.SZ
002676.SZ
002685.SZ
002745.SZ
002745.SZ
002745.SZ
002745.SZ
002747.SZ
002747.SZ
002747.SZ
002747.SZ
002747.SZ
002753.SZ
002753.SZ
002753.SZ
002753.SZ
002753.SZ
002753.SZ
002778.SZ
002778.SZ
002778.SZ
002778.SZ
002778.SZ
002778.SZ
002778.SZ
002778.SZ
002778.SZ
002778.SZ
002778.SZ
002778.SZ
002778.SZ
002778.SZ
002778.SZ
002778.SZ
002797.SZ
002797.SZ
002797.SZ
002797.SZ
017180.KS
017180.KS
017180.KS
017180.KS
017180.KS
017180.KS
017180.KS
034020.KS
034020.KS
071050.KS
071050.KS
088350.KS
094860.KQ
094860.KQ
094860.KQ
094860.KQ
094860.KQ
095340.KQ
095340.KQ
095340.KQ
095340.KQ
095340.KQ
095340.KQ
095340.KQ
095340.KQ
096690.KQ
138040.KS
1454.TW
1454.TW
1454.TW
1454.TW
1454.TW
1454.TW
1584.TWO
1584.TWO
1730.T
1730.T
1730.T
1730.T
1730.T
1730.T
1730.T
1730.T
1730.T
200025.SZ
200025.SZ
200025.SZ
200025.SZ
200025.SZ
200025.SZ
2004.T
2004.T
2004.T
200726.SZ
200726.SZ
200726.SZ
200726.SZ
200726.SZ
2013.TW
2013.TW
2013.TW
2013.TW
2013.TW
2013.TW
2013.TW
2032.TW
2032.TW
2032.TW
2032.TW
2032.TW
2034.TW
2034.TW
2034.TW
2034.TW
2034.TW
2034.TW
2034.TW
2154.T
2154.T
2221.T
2221.T
2281.T
2281.T
2281.T
2281.T
2325.TW
2325.TW
2325.TW
2325.TW
2325.TW
2325.TW
2342.T
2342.T
2342.T
2342.T
2342.T
2345.T
2345.T
2451.TW
2451.TW
2451.TW
2459.T
2459.T
2459.T
2459.T
2469.T
2469.T
2469.T
2602.T
2602.T
2602.T
2602.T
2602.T
2602.T
2602.T
2602.T
2633.TWO
2633.TWO
2633.TWO
2633.TWO
2633.TWO
2633.TWO
2633.TWO
2705.T
2705.T
2705.T
2705.T
2705.T
2705.T
2705.T
2705.T
2773.T
2773.T
2773.T
2813.T
2914.T
2914.T
300010.SZ
300010.SZ
300010.SZ
300010.SZ
300010.SZ
300010.SZ
300067.SZ
300067.SZ
300076.SZ
300088.SZ
300088.SZ
300088.SZ
300088.SZ
300093.SZ
300103.SZ
300103.SZ
300103.SZ
300103.SZ
300103.SZ
300151.SZ
300151.SZ
300151.SZ
300151.SZ
300151.SZ
300166.SZ
300166.SZ
300166.SZ
300166.SZ
300166.SZ
300166.SZ
300166.SZ
300166.SZ
300233.SZ
300233.SZ
300233.SZ
300233.SZ
300233.SZ
300239.SZ
300239.SZ
300239.SZ
300239.SZ
300239.SZ
300239.SZ
300239.SZ
300239.SZ
300239.SZ
300242.SZ
300242.SZ
300242.SZ
300242.SZ
300242.SZ
300245.SZ
300245.SZ
300273.SZ
300273.SZ
300273.SZ
300273.SZ
300273.SZ
300280.SZ
300284.SZ
300284.SZ
300284.SZ
300284.SZ
300284.SZ
300289.SZ
300289.SZ
300289.SZ
300289.SZ
300289.SZ
300289.SZ
300289.SZ
300289.SZ
300319.SZ
300319.SZ
300328.SZ
300337.SZ
300337.SZ
300337.SZ
300337.SZ
300337.SZ
300337.SZ
300337.SZ
300337.SZ
300349.SZ
300349.SZ
300349.SZ
300349.SZ
300349.SZ
300357.SZ
300357.SZ
300358.SZ
300358.SZ
300358.SZ
300358.SZ
300358.SZ
300384.SZ
300384.SZ
300384.SZ
300384.SZ
300384.SZ
300392.SZ
300392.SZ
300392.SZ
300392.SZ
300393.SZ
300393.SZ
300402.SZ
300402.SZ
300402.SZ
300402.SZ
300410.SZ
300410.SZ
300410.SZ
300410.SZ
300410.SZ
300422.SZ
300422.SZ
300422.SZ
300422.SZ
300422.SZ
300432.SZ
300432.SZ
300432.SZ
300432.SZ
300432.SZ
300439.SZ
300439.SZ
300439.SZ
300439.SZ
300439.SZ
300442.SZ
300442.SZ
300442.SZ
300442.SZ
300442.SZ
300456.SZ
300456.SZ
300456.SZ
300456.SZ
300456.SZ
300466.SZ
300466.SZ
300466.SZ
300466.SZ
300467.SZ
300467.SZ
300470.SZ
300470.SZ
300470.SZ
300470.SZ
300470.SZ
300470.SZ
300476.SZ
300476.SZ
300476.SZ
300489.SZ
300489.SZ
300509.SZ
300509.SZ
300509.SZ
300509.SZ
300509.SZ
300512.SZ
300512.SZ
300512.SZ
300512.SZ
300512.SZ
300512.SZ
300520.SZ
300520.SZ
300520.SZ
300520.SZ
300520.SZ
3054.TW
3054.TW
3054.TW
3054.TW
3054.TW
3068.TWO
3068.TWO
3068.TWO
3068.TWO
3068.TWO
3068.TWO
3166.T
3166.T
3166.T
3347.T
3347.T
3347.T
3347.T
3347.T
3536.T
3536.T
3536.T
3536.T
3536.T
3536.T
3536.T
3536.T
3536.T
3750.T
3750.T
3750.T
3769.T
3769.T
3769.T
3769.T
3769.T
3769.T
3839.T
3839.T
3839.T
3839.T
3850.T
3850.T
3850.T
3850.T
3850.T
3850.T
3850.T
3929.T
3929.T
3929.T
3929.T
3929.T
3946.T
3946.T
3946.T
3946.T
3946.T
4112.T
4239.T
4239.T
4239.T
4239.T
4319.T
4319.T
4319.T
4319.T
4319.T
4319.T
4319.T
4319.T
4404.T
4404.T
4404.T
4556.T
4559.T
4559.T
4559.T
4559.T
4559.T
4584.T
4684.T
4684.T
4684.T
4695.T
4695.T
4695.T
4695.T
4722.TW
4722.TW
4765.T
4765.T
4952.T
4952.T
4980.T
4980.T
4980.T
4980.T
4980.T
5007.TW
5007.TW
5007.TW
5007.TW
5007.TW
5007.TW
5007.TW
5007.TW
5009.T
5009.T
5217.T
5217.T
5217.T
5281.TWO
5281.TWO
5281.TWO
5281.TWO
5281.TWO
5281.TWO
5284.T
5284.T
5284.T
5358.T
5358.T
5358.T
5358.T
5358.T
5380.T
5380.T
5380.T
5406.T
5406.T
5406.T
5406.T
5406.T
600039.SS
600039.SS
600053.SS
600070.SS
600070.SS
600070.SS
600070.SS
600070.SS
600071.SS
600071.SS
600071.SS
600071.SS
600071.SS
600095.SS
600103.SS
600103.SS
600103.SS
600103.SS
600103.SS
600103.SS
600108.SS
600108.SS
600108.SS
600108.SS
600108.SS
600113.SS
600113.SS
600120.SS
600120.SS
600120.SS
600120.SS
600120.SS
600120.SS
600120.SS
600129.SS
600129.SS
600129.SS
600129.SS
600132.SS
600132.SS
600132.SS
600132.SS
600132.SS
600137.SS
600137.SS
600137.SS
600137.SS
600137.SS
600137.SS
600137.SS
600137.SS
600182.SS
600182.SS
600182.SS
600182.SS
600182.SS
600182.SS
600182.SS
600182.SS
600182.SS
600182.SS
600182.SS
600182.SS
600182.SS
600182.SS
600182.SS
600182.SS
600182.SS
600182.SS
600182.SS
600182.SS
600182.SS
600190.SS
600190.SS
600190.SS
600190.SS
600190.SS
600190.SS
600190.SS
600209.SS
600209.SS
600209.SS
600209.SS
600209.SS
600210.SS
600210.SS
600210.SS
600210.SS
600210.SS
600210.SS
600210.SS
600213.SS
600213.SS
600213.SS
600231.SS
600231.SS
600231.SS
600231.SS
600231.SS
600231.SS
600231.SS
600231.SS
600240.SS
600240.SS
600240.SS
600240.SS
600240.SS
600248.SS
600248.SS
600248.SS
600248.SS
600248.SS
600267.SS
600280.SS
600280.SS
600280.SS
600280.SS
600280.SS
600280.SS
600283.SS
600302.SS
600302.SS
600302.SS
600302.SS
600306.SS
600336.SS
600336.SS
600336.SS
600336.SS
600337.SS
600337.SS
600337.SS
600337.SS
600337.SS
600346.SS
600346.SS
600346.SS
600346.SS
600346.SS
600360.SS
600360.SS
600360.SS
600360.SS
600360.SS
600391.SS
600391.SS
600391.SS
600391.SS
600391.SS
600422.SS
600422.SS
600422.SS
600422.SS
600422.SS
600422.SS
600428.SS
600428.SS
600428.SS
600428.SS
600428.SS
600428.SS
600428.SS
600428.SS
600428.SS
600428.SS
600428.SS
600428.SS
600428.SS
600428.SS
600428.SS
600428.SS
600428.SS
600432.SS
600432.SS
600432.SS
600432.SS
600448.SS
600448.SS
600448.SS
600448.SS
600448.SS
600460.SS
600460.SS
600460.SS
600460.SS
600460.SS
600462.SS
600462.SS
600462.SS
600462.SS
600462.SS
600480.SS
600480.SS
600480.SS
600480.SS
600480.SS
600509.SS
600509.SS
600509.SS
600509.SS
600509.SS
600515.SS
600515.SS
600520.SS
600520.SS
600520.SS
600520.SS
600520.SS
600520.SS
600523.SS
600523.SS
600523.SS
600523.SS
600523.SS
600523.SS
600523.SS
600537.SS
600537.SS
600537.SS
600537.SS
600537.SS
600546.SS
600546.SS
600546.SS
600546.SS
600557.SS
600557.SS
600557.SS
600557.SS
600557.SS
600558.SS
600558.SS
600563.SS
600563.SS
600563.SS
600563.SS
600563.SS
600563.SS
600571.SS
600571.SS
600571.SS
600571.SS
600571.SS
600577.SS
600580.SS
600580.SS
600580.SS
600580.SS
600580.SS
600580.SS
600580.SS
600580.SS
600580.SS
600580.SS
600580.SS
600580.SS
600580.SS
600580.SS
600580.SS
600580.SS
600580.SS
600596.SS
600596.SS
600596.SS
600596.SS
600596.SS
600613.SS
600613.SS
600613.SS
600613.SS
600613.SS
600616.SS
600616.SS
600616.SS
600616.SS
600616.SS
600622.SS
600622.SS
600622.SS
600622.SS
600622.SS
600622.SS
600629.SS
600629.SS
600629.SS
600629.SS
600629.SS
600629.SS
600629.SS
600629.SS
600636.SS
600636.SS
600636.SS
600636.SS
600636.SS
600645.SS
600645.SS
600645.SS
600662.SS
600662.SS
600662.SS
600662.SS
600662.SS
600662.SS
600676.SS
600676.SS
600676.SS
600676.SS
600676.SS
600676.SS
600676.SS
600678.SS
600678.SS
600678.SS
600678.SS
600696.SS
600696.SS
600696.SS
600696.SS
600696.SS
600719.SS
600719.SS
600719.SS
600719.SS
600719.SS
600719.SS
600719.SS
600726.SS
600726.SS
600726.SS
600726.SS
600730.SS
600730.SS
600730.SS
600730.SS
600730.SS
600731.SS
600734.SS
600734.SS
600744.SS
600744.SS
600744.SS
600744.SS
600744.SS
600745.SS
600745.SS
600745.SS
600745.SS
600745.SS
600745.SS
600745.SS
600745.SS
600745.SS
600746.SS
600746.SS
600748.SS
600748.SS
600748.SS
600748.SS
600748.SS
600748.SS
600755.SS
600755.SS
600755.SS
600755.SS
600755.SS
600755.SS
600755.SS
600758.SS
600758.SS
600758.SS
600758.SS
600790.SS
600790.SS
600790.SS
600790.SS
600790.SS
600790.SS
600796.SS
600807.SS
600807.SS
600807.SS
600807.SS
600807.SS
600807.SS
600817.SS
600817.SS
600817.SS
600817.SS
600817.SS
600833.SS
600833.SS
600833.SS
600833.SS
600833.SS
600833.SS
600848.SS
600848.SS
600848.SS
600848.SS
600848.SS
600848.SS
600848.SS
600848.SS
600848.SS
600848.SS
600848.SS
600848.SS
600848.SS
600848.SS
600848.SS
600848.SS
600848.SS
600859.SS
600859.SS
600879.SS
600879.SS
600879.SS
600879.SS
600879.SS
600879.SS
600879.SS
600888.SS
600888.SS
600888.SS
600888.SS
600888.SS
600960.SS
600960.SS
600960.SS
600984.SS
600984.SS
600995.SS
600995.SS
600995.SS
600995.SS
600995.SS
600995.SS
600995.SS
600995.SS
600995.SS
600999.SS
600999.SS
600999.SS
600999.SS
600999.SS
600999.SS
601016.SS
601188.SS
601188.SS
601188.SS
601188.SS
601188.SS
601222.SS
601222.SS
601222.SS
601222.SS
601222.SS
601368.SS
601368.SS
601368.SS
601368.SS
601368.SS
601369.SS
601369.SS
601369.SS
601369.SS
601369.SS
601668.SS
601668.SS
601668.SS
601668.SS
601668.SS
603015.SS
603015.SS
603016.SS
603016.SS
603016.SS
603016.SS
603016.SS
603020.SS
603020.SS
603020.SS
603020.SS
603020.SS
603020.SS
603020.SS
603021.SS
603021.SS
603021.SS
603021.SS
603021.SS
603088.SS
603117.SS
603117.SS
603117.SS
603117.SS
603117.SS
603126.SS
603126.SS
603126.SS
603126.SS
603126.SS
603126.SS
603223.SS
603223.SS
603223.SS
603223.SS
603223.SS
603268.SS
603268.SS
603268.SS
603268.SS
603268.SS
603268.SS
603306.SS
603306.SS
603306.SS
603306.SS
603306.SS
603306.SS
603308.SS
603308.SS
603308.SS
603308.SS
603308.SS
603315.SS
603315.SS
603518.SS
603519.SS
603519.SS
603519.SS
603519.SS
603519.SS
603568.SS
603568.SS
603568.SS
603568.SS
603568.SS
603588.SS
603588.SS
603588.SS
603588.SS
603588.SS
603636.SS
603636.SS
603729.SS
603729.SS
603799.SS
603799.SS
603799.SS
603799.SS
603799.SS
603799.SS
603808.SS
603861.SS
603861.SS
603861.SS
603861.SS
603861.SS
603861.SS
603883.SS
603883.SS
603883.SS
603883.SS
603883.SS
603901.SS
603901.SS
603901.SS
603901.SS
603901.SS
603936.SS
603936.SS
603936.SS
603936.SS
603936.SS
603936.SS
603998.SS
603998.SS
603998.SS
603998.SS
603998.SS
603998.SS
6077.T
6077.T
6094.T
6094.T
6094.T
6276.T
6276.T
6276.T
6360.T
6360.T
6360.T
6360.T
6360.T
6379.T
6379.T
6379.T
6379.T
6382.T
6382.T
6382.T
6382.T
6617.T
6617.T
6617.T
6617.T
6617.T
6625.T
6625.T
6625.T
6625.T
6655.NG
6655.NG
6655.NG
6655.NG
6715.T
6715.T
6715.T
6715.T
6715.T
6715.T
6715.T
6736.T
6736.T
6736.T
6736.T
6736.T
6736.T
6736.T
6767.T
6769.T
6836.T
6836.T
6943.T
6961.T
6961.T
6961.T
6961.T
6961.T
6961.T
6961.T
7004.T
7004.T
7004.T
7162.T
7184.T
7184.T
7184.T
7184.T
7510.T
7510.T
7510.T
7510.T
7510.T
7615.T
7836.T
7836.T
7836.T
7859.T
7859.T
7859.T
7859.T
7859.T
7874.T
7874.T
7874.T
7874.T
7897.T
7932.T
7932.T
7932.T
7932.T
7932.T
7936.T
7936.T
7936.T
7936.T
7936.T
7936.T
7936.T
7962.T
7971.T
7971.T
8020.T
8020.T
8020.T
8020.T
8057.HK
8059.T
8059.T
8059.T
8071.NG
8071.NG
8071.NG
8071.NG
8071.NG
8071.NG
8071.NG
8074.T
8074.T
8074.T
8074.T
8158.T
8158.T
8158.T
8158.T
8158.T
8174.T
8206.HK
8206.HK
8206.HK
8206.HK
8206.HK
8206.HK
8206.HK
8206.HK
8206.HK
8318.HK
8318.HK
8318.HK
8318.HK
8318.HK
8318.HK
8318.HK
8410.T
8410.T
8410.T
8423.T
8423.T
8423.T
8439.T
8439.T
8439.T
8439.T
8439.T
8439.T
8439.T
8704.T
900904.SS
900904.SS
900904.SS
900904.SS
900904.SS
900928.SS
900928.SS
900928.SS
900928.SS
900928.SS
900928.SS
900928.SS
900928.SS
900928.SS
900928.SS
900928.SS
900928.SS
900928.SS
900928.SS
900928.SS
900928.SS
900928.SS
900937.SS
900937.SS
900937.SS
900937.SS
900952.SS
900952.SS
900952.SS
900952.SS
900952.SS
900952.SS
900952.SS
9311.T
9311.T
9311.T
9401.T
9401.T
9401.T
9428.T
9428.T
9428.T
9428.T
9644.T
9644.T
9644.T
9644.T
9914.T
9914.T
9930.TW
9930.TW
9930.TW
9930.TW
9930.TW
9986.T
9986.T
9986.T
9986.T
9986.T
AAT
AAT
AAT
AAT
ABBV.K
ABBV.K
ABBV.K
ABBV.K
ABBV.K
ABBV.K
ABBV.K
ABBV.K
ABBV.K
ABBV.K
ABBV.K
ABBV.K
ABBV.K
ABBV.K
ABBV.K
ABBV.K
ABBV.K
ABBV.K
ABBV.K
ABBV34.SA
ABBV34.SA
ABBV34.SA
ABBV34.SA
ABBV34.SA
ABBV34.SA
ABBV34.SA
ABBV34.SA
ABBV34.SA
ABBV34.SA
ABBV34.SA
ABBV34.SA
ABBV34.SA
ABBV34.SA
ABBV34.SA
ABBV34.SA
ABBV34.SA
ABBV34.SA
ABBV34.SA
ABMD.O
ABMD.O
ABMD.O
ABMD.O
ABMD.O
ACC
ACC
ACC
ACGL.O
ACGL.O
ACGL.O
ACGL.O
ACGL.O
ACN
ACN
ACNB34.SA
ACNB34.SA
ACU
ACU
ACU
ACU
ACU
ACWNn.DE
ACWNn.DE
ACWNn.DE
ACWNn.DE
ACWNn.DE
ACWNn.DE
ACWNn.DE
ACWNn.DE
ACWNn.DE
ACWNn.DE
ADDTb.ST
ADDTb.ST
ADDTb.ST
ADDTb.ST
ADDTb.ST
ADMF.JK
ADMF.JK
ADS
ADS
ADS
ADS
ADS
ADS
ADS
ADS
ADS
ADS
AEGR.O
AEGR.O
AEGR.O
AEGR.O
AEGR.O
AEPB.KL
AEPB.KL
AEPB.KL
AEPB.KL
AEPB.KL
AEPB.KL
AEPB.KL
AEPB.KL
AEPB.KL
AEPB.KL
AES
AES
AES
AES
AFG
AFG
AFG
AFG
AFG
AFG
AFG
AFG
AFG
AFG
AFG
AFL
AGII.O
AGII.O
AGII.O
AGII.O
AGII.O
AGN
AGN
AGN
AGN
AGN
AGN
AGN
AGN
AGO
AGO
AGO
AGO
AGO
AGO
AGR
AGR
AGR
AGR
AGR
AGR
AGR
AGRO3.SA
AGRO3.SA
AGRO3.SA
AGRO3.SA
AGRO3.SA
AGRO3.SA
AGRO3.SA
AHS
AHT
AHT
AHT
AHT
AHT
AHT
AI
AI
AI
AI
AINT.SI
AINT.SI
AINT.SI
AIQ.O
AIQ.O
AKENR.IS
AKKU.JK
AKSUE.IS
ALACI.PA
ALACI.PA
ALACI.PA
ALACI.PA
ALACI.PA
ALACI.PA
ALACI.PA
ALACI.PA
ALACI.PA
ALAUP.PA
ALE
ALE
ALE
ALE
ALFA.ST
ALFA.ST
ALFA.ST
ALFA.ST
ALFA.ST
ALFA.ST
ALFA.ST
ALFA.ST
ALFA.ST
ALFA.ST
ALFA.ST
ALFA.ST
ALFA.ST
ALFA.ST
ALFA.ST
ALFA.ST
ALFA.ST
ALFA.ST
ALFA.ST
ALFA.ST
ALFA.ST
ALG
ALG
ALG
ALG
ALG
ALG
ALIM.O
ALSK.O
ALSK.O
ALSK.O
ALSK.O
ALSK.O
ALSK.O
AMCX.O
AMG
AMG
AMG
AMG
AMG
AMG
AMG
AMG
AMH
AMH
AMH
AMH
AMH
AMH
AMI.TO
AMI.TO
AMI.TO
AMI.TO
AMI.TO
AMI.TO
AMI.TO
AMI.TO
AMI.TO
AMI.TO
AMI.TO
AMI.TO
AMI.TO
AMI.TO
AMI.TO
AMKR.O
AMNB.O
AMNB.O
AMNB.O
AMNB.O
AMRB.O
AMRB.O
AMRB.O
AMT.WA
AMT.WA
ANAT.O
ANAT.O
ANAT.O
ANAT.O
ANAT.O
ANAT.O
ANH
ANH
ANH
ANH
ANH
ANH
ANH
APLP.O
APLP.O
APLP.O
APLP.O
APLP.O
APLP.O
ARRS.O
ARRS.O
ARRS.O
ARTNA.O
ARTNA.O
ARTNA.O
ARTNA.O
ARTNA.O
ARTNA.O
ARTNA.O
ARTNA.O
ARTNA.O
ARTNA.O
ARTNA.O
ASG.SN
ASG.SN
ASG.SN
ASG.SN
ASG.SN
ASG.SN
ASP.TO
ASP.TO
ASP.TO
ASP.TO
ASP.TO
ASP.TO
ASP.TO
ASP.TO
ASP.TO
ASP.TO
ASP.TO
ASP.TO
ASP.TO
ASTE.O
ASTE.O
ASTE.O
ASTE.O
ASTE.O
ASTE.O
ASTE.O
ASTE.O
ASTE.O
ASTE.O
ASTE.O
ATLAS.IS
ATLAS.IS
ATLAS.IS
ATLAS.IS
ATLAS.IS
ATLAS.IS
ATLAS.IS
ATLAS.IS
ATLAS.IS
ATLAS.IS
ATLAS.IS
ATLAS.IS
ATLAS.IS
ATLAS.IS
AUMN.K
AUMN.K
AUMN.K
AUMN.K
AUMN.K
AUMN.K
AUMN.K
AUTO.JK
AVEO.O
AVEO.O
AVEO.O
AVG
AVX
AVX
AVX
AVX
AVX
AVX
AVX
AVX
AVX
AVX
AVX
AVX
AZO
BANR.O
BANR.O
BANR.O
BANR.O
BATA.JK
BAX
BAX
BAX
BAX
BAX
BAX
BAX
BAX
BAX
BAX
BAX
BAX
BAX
BAX
BAX
BAX
BAX
BAX
BBKP.JK
BBKP.JK
BBKP.JK
BBOX.O
BBOX.O
BBOX.O
BBOX.O
BBOX.O
BCBB.KL
BCBB.KL
BCBB.KL
BCBB.KL
BCBB.KL
BCBB.KL
BCBB.KL
BCBB.KL
BCBB.KL
BCBB.KL
BCPC.O
BCPC.O
BDGE.O
BDGE.O
BDGE.O
BDGE.O
BDGE.O
BDGE.O
BELFA.O
BELFA.O
BELFA.O
BELFA.O
BELFA.O
BELFA.O
BELFA.O
BELFB.O
BELFB.O
BELFB.O
BELFB.O
BELFB.O
BELFB.O
BELFB.O
BFAM.K
BH
BH
BH
BH
BH
BH
BH
BH
BH
BH
BH
BH
BH
BH
BH
BH
BH
BH
BH
BH
BH
BH.BK
BH.BK
BH.BK
BH.BK
BH.BK
BH.BK
BH.BK
BH.BK
BH.BK
BH.BK
BH.BK
BHf.BK
BHf.BK
BHf.BK
BHf.BK
BHf.BK
BHf.BK
BHf.BK
BHf.BK
BHf.BK
BHf.BK
BHf.BK
BHn.BK
BHn.BK
BHn.BK
BHn.BK
BHn.BK
BHn.BK
BHn.BK
BHn.BK
BHn.BK
BHn.BK
BHn.BK
BIG.BK
BIG.BK
BIG.BK
BIG.BK
BIG.BK
BIG.BK
BIG.BK
BIG.BK
BIG.BK
BIG.BK
BIGf.BK
BIGf.BK
BIGf.BK
BIGf.BK
BIGf.BK
BIGf.BK
BIGf.BK
BIGf.BK
BIGf.BK
BIGf.BK
BIGn.BK
BIGn.BK
BIGn.BK
BIGn.BK
BIGn.BK
BIGn.BK
BIGn.BK
BIGn.BK
BIGn.BK
BIGn.BK
BKI.TO
BKI.TO
BKI.TO
BKI.TO
BKI.TO
BKI.TO
BKI.TO
BKI.TO
BKI.TO
BKU
BKU
BKU
BKU
BKU
BLDR.O
BLDR.O
BLDR.O
BLDR.O
BLDR.O
BLDR.O
BLKB.O
BMAS.JK
BMRC.O
BMRC.O
BMRC.O
BMRC.O
BMRC.O
BMTC.O
BMTC.O
BMTC.O
BMTC.O
BOCH.O
BOCH.O
BOCH.O
BOCH.O
BOXP34.SA
BOXP34.SA
BOXP34.SA
BOXP34.SA
BRE2.ST
BRE2.ST
BRE2.ST
BRE2.ST
BRE2.ST
BRE2.ST
BRE2.ST
BRE2.ST
BRE2.ST
BRE2.ST
BRE2.ST
BRKL.O
BRKL.O
BRKL.O
BRKL.O
BSDE.JK
BXP
BXP
BXP
BXP
BXP_pb
BXP_pb
BXP_pb
BXP_pb
BXS
BXS
BXS
BXS
CAC.O
CAC.O
CACB.O
CACB.O
CACB.O
CACB.O
CACB.O
CAKE.O
CAKE.O
CAKE.O
CAKE.O
CAKE.O
CAKE.O
CAKE.O
CAKE.O
CAKE.O
CAKE.O
CAKE.O
CAKE.O
CAKE.O
CAKE.O
CAKE.O
CAKE.O
CAKE.O
CAKE.O
CAKE.O
CATY.O
CATY.O
CATY.O
CATY.O
CBIO.O
CBIO.O
CBIO.O
CBSH.O
CBSH.O
CBSH.O
CBSH.O
CBSH.O
CBSH.O
CBSH.O
CBSHP.O
CBSHP.O
CBSHP.O
CBSHP.O
CBSHP.O
CBSHP.O
CBSHP.O
CCLP.O
CCLP.O
CCRN.O
CCRN.O
CCRN.O
CCRN.O
CEQP.K
CEQP.K
CEQP.K
CEQP.K
CEQP.K
CEQP.K
CEQP.K
CEQP.K
CEQP.K
CEQP.K
CFX
CG.O
CG.O
CG.O
CG.O
CG.O
CHKP.O
CHKP.O
CIE
CIE
CIE
CIE
CIE
CIE
CIE
CIE
CIE
CIE
CIE
CIMSA.IS
CIMSA.IS
CIMSA.IS
CIMSA.IS
CIMSA.IS
CIMSA.IS
CIMSA.IS
CIMSA.IS
CLEP.WA
CLEP.WA
CLEP.WA
CLEP.WA
CLEP.WA
CLEP.WA
CLEP.WA
CLEP.WA
CLNE.O
CLNE.O
CLNE.O
CMO
CMO
CNNX.K
CNNX.K
CNNX.K
CNNX.K
CNNX.K
CNO
CNO
CNO
CNO
CNOB.O
CNOB.O
CNOB.O
CNOB.O
CNOB.O
CNOB.O
COBZ.O
CONIC.ST
CONIC.ST
CONIC.ST
CONIC.ST
CONIC.ST
CONIC.ST
COR.LM
COR.LM
COR.LM
COR.LM
COR.LM
CORi.LM
CORi.LM
CORi.LM
CORi.LM
CORi.LM
CPSH.O
CPSH.O
CPSH.O
CPSH.O
CPSH.O
CPSI.O
CRS
CRVS.O
CRVS.O
CRVS.O
CSBK.O
CSBK.O
CSBK.O
CSBK.O
CSBK.O
CSBK.O
CSBK.O
CSBK.O
CSBK.O
CSBK.O
CSG.LM
CSG.LM
CSG.LM
CSG.LM
CSG.LM
CSG.LM
CSII.O
CSII.O
CSII.O
CSII.O
CSII.O
CSII.O
CTRA.JK
CTS
CTXS.O
CWHB.KL
CWHB.KL
CWHB.KL
CWHB.KL
CWHB.KL
CWHB.KL
CWHB.KL
CWHB.KL
CWHB.KL
CWHB.KL
CWHB.KL
CWHB.KL
CWHB.KL
CWHB.KL
CWHB.KL
CWHB.KL
CWHB.KL
CWST.O
CWST.O
DAGI.IS
DAGI.IS
DAGI.IS
DAGI.IS
DAGI.IS
DAGI.IS
DAGI.IS
DATA.K
DATA.K
DCO
DCO
DCO
DCO
DCO
DCO
DCO
DCO
DCO
DCO
DCO
DCO
DCO
DCO
DCO
DCO
DCO
DCO
DCO
DCO
DCO
DCT
DCT
DCT
DCT
DEA.MI
DEA.MI
DEA.MI
DEA.MI
DEA.MI
DEA.MI
DEI
DEI
DEI
DEI
DERIM.IS
DERIM.IS
DERIM.IS
DERIM.IS
DERIM.IS
DERIM.IS
DERIM.IS
DERIM.IS
DERIM.IS
DERIM.IS
DERIM.IS
DERIM.IS
DERIM.IS
DERIM.IS
DERIM.IS
DEVA.IS
DEVA.IS
DGAS.O
DGAS.O
DGAS.O
DGAS.O
DGZTE.IS
DGZTE.IS
DGZTE.IS
DGZTE.IS
DGZTE.IS
DGZTE.IS
DGZTE.IS
DGZTE.IS
DICn.DE
DICn.DE
DILD.JK
DKL
DKL
DKL
DKL
DKL
DLX
DNR
DNR
DNR
DNR
DNR
DNR
DNR
DNR
DNR
DNR
DNR
DNR
DRIL.ST
DRIL.ST
DRIL.ST
DRIL.ST
DVLA.JK
DWSN.O
DWSN.O
DWSN.O
DWSN.O
DZGYO.IS
DZGYO.IS
DZGYO.IS
DZGYO.IS
DZGYO.IS
DZGYO.IS
DZGYO.IS
DZGYO.IS
DZGYO.IS
DZGYO.IS
EBN.V
EBN.V
EBN.V
EBN.V
EBN.V
EBN.V
EBN.V
EBSB.O
EBSB.O
EBSB.O
EBSB.O
EBSB.O
EBSB.O
EBSB.O
EBTC.O
EBTC.O
EBTC.O
EBTC.O
ECOM.K
ECOM.K
ECOM.K
ECR
ECR
ECR
EDV.TO
EDV.TO
EDV.TO
EDV.TO
EDV.TO
EDV.TO
EDV.TO
EDV.TO
EELT.SI
EELT.SI
EELT.SI
EELT.SI
EELT.SI
EIGI.O
EIGI.O
ELSA.JK
ELSA.JK
ELY
ELY
ELY
EMCI.O
EMCI.O
EMCI.O
ENG.O
ENG.O
ENG.O
ENG.O
ENG.O
ENG.O
ENG.O
ENOC.O
ENTL.O
ENTL.O
ENTL.O
ENX.SN
ENX.SN
ENX.SN
ENX.SN
ENX.SN
ENZY.ST
ENZY.ST
ENZY.ST
ENZY.ST
ENZY.ST
ENZY.ST
ENZY.ST
ENZY.ST
EOG
EOG
EOG
EPD
EPD
EPD
EPD
EPD
EPD
EPD
EPD
EPD
EPD
EPD
EPD
EPD
EPD
EPD
EPD
ERIE.O
ERSU.IS
ERSU.IS
ERSU.IS
ERSU.IS
ERSU.IS
ERSU.IS
ESNT.K
ESNT.K
ESNT.K
ESNT.K
ESNT.K
ESNT.K
ESP.TO
ESP.TO
ESP.TO
ESS.V
ESS.V
ESS.V
ESS.V
ESS.V
ESS.V
ESS.V
ESS.V
ESS.V
ESS.V
ESS.V
ESS.V
EWBC.O
EWBC.O
EWBC.O
EWBC.O
EWBC.O
EWBC.O
EYES.O
EYES.O
EYES.O
EYES.O
EYES.O
EYES.O
FBRC.O
FBRC.O
FBRC.O
FCHA.MI
FCHA.MI
FCHA.MI
FCHA.MI
FCHA.MI
FCHA.MI
FCHA.MI
FCHA.MI
FCHA.MI
FCHA.MI
FCHA.MI
FCHA.MI
FCHA.MI
FCHA.MI
FCHA.MI
FCHA.MI
FCHA.MI
FCHA.MI
FCHA.MI
FCHA.MI
FCHA.MI
FCHA.MI
FCPT.K
FCPT.K
FCPT.K
FCPT.K
FCPT.K
FCPT.K
FFIC.O
FFIC.O
FFIC.O
FFIC.O
FFIC.O
FHN
FHN
FHN
FHN
FHN
FHN_pa
FHN_pa
FHN_pa
FHN_pa
FHN_pa
FIBN.KL
FIBN.KL
FIBN.KL
FIBN.KL
FIBN.KL
FIBN.KL
FIBN.KL
FIBN.KL
FIBN.KL
FIBN.KL
FIBN.KL
FIBN.KL
FIBN.KL
FIBN.KL
FIREm.BK
FIREmn.BK
FISI.O
FISI.O
FISI.O
FISI.O
FISI.O
FISI.O
FISI.O
FISI.O
FISI.O
FISI.O
FISI.O
FLIR.O
FLIR.O
FMBI.O
FMBI.O
FMBI.O
FMBI.O
FMBI.O
FNB
FNB
FNB
FNB
FNB_pe
FNB_pe
FNB_pe
FNB_pe
FNWB.O
FNWB.O
FNWB.O
FNWB.O
FNWB.O
FNWB.O
FNWB.O
FNWB.O
FNWB.O
FOS.LM
FOS.LM
FOS.LM
FOS.LM
FOS.LM
FOS.LM
FRAE.SI
FRPT.O
FRPT.O
FSBW.O
FSBW.O
FSBW.O
FSBW.O
FTS.TO
FTS.TO
FTS.TO
FTS.TO
FTS.TO
FTS.TO
FTS.TO
FTS.TO
FTS.TO
FTS.TO
FTS.TO
FTS.TO
FTS.TO
FUNO11.MX
G5EN.ST
G5EN.ST
G5EN.ST
G5EN.ST
G5EN.ST
G5EN.ST
G5EN.ST
GAIA.O
GAIA.O
GAIA.O
GAIA.O
GAIA.O
GAIA.O
GBB07T496.L
GBL
GBL
GBL
GBL
GBL
GBLI.O
GBLI.O
GBLI.O
GBLI.O
GBLI.O
GBLI.O
GBLI.O
GEMP.O
GEN
GEN
GEN
GHDX.O
GHDX.O
GHDX.O
GHDX.O
GHDX.O
GHDX.O
GIG
GIG
GIG
GIG
GIG
GILD.O
GILD.O
GILD.O
GILD.O
GILD.O
GILD.O
GILD.O
GILD.O
GILD.O
GILD.O
GILD.O
GILD34.SA
GILD34.SA
GILD34.SA
GILD34.SA
GILD34.SA
GILD34.SA
GILD34.SA
GILD34.SA
GILD34.SA
GILD34.SA
GILD34.SA
GJ.CO
GJ.CO
GJ.CO
GJ.CO
GJ.CO
GLA1V.HE
GLA1V.HE
GLA1V.HE
GLA1V.HE
GN.CO
GN.CO
GN.CO
GN.CO
GN.CO
GN.CO
GN.CO
GN.CO
GN.CO
GN.CO
GNCA.O
GNCA.O
GNCA.O
GNCA.O
GNCA.O
GNCA.O
GNCA.O
GNCMA.O
GNCMA.O
GNCMA.O
GNCMA.O
GNCMA.O
GNIC.KL
GNIC.KL
GNIC.KL
GNIC.KL
GNIC.KL
GNIC.KL
GNTX.O
GNTX.O
GNTX.O
GNTX.O
GNTX.O
GNTX.O
GNTX.O
GPHL.SI
GPHL.SI
GPHL.SI
GPHL.SI
GPHL.SI
GPP.O
GPP.O
GPP.O
GPP.O
GPP.O
GPP.O
GPP.O
GPRO.O
GPRO.O
GPRO.O
GSBC.O
GSBC.O
GSBC.O
GSBC.O
GST
GST
GST
GST
GST
GST
GST
GST
GST
GTS
GTS
GTS
GTS
GTXI.O
GTXI.O
GTXI.O
GTXI.O
GTXI.O
GTXI.O
GTXI.O
HASI.K
HASI.K
HASI.K
HASI.K
HASI.K
HBP.TO
HBP.TO
HBP.TO
HBP.TO
HBP.TO
HBP.TO
HBP.TO
HBP.TO
HBP.TO
HBP.TO
HCAC.O
HCACU.O
HCI
HCI
HCI
HCI
HCLP.K
HCLP.K
HCLP.K
HCLP.K
HCMB.KL
HCMB.KL
HE
HE
HE
HE
HE
HE
HE
HE
HE
HE
HE
HE
HE
HE
HE
HE
HE
HF
HF
HF
HF
HF
HF
HF
HF
HF
HF
HIIQ.O
HIIQ.O
HIIQ.O
HIIQ.O
HIIQ.O
HIIQ.O
HIPI.SI
HIPI.SI
HIPI.SI
HIPI.SI
HIPI.SI
HIPI.SI
HIPI.SI
HIPI.SI
HLDX.ST
HLDX.ST
HLDX.ST
HLDX.ST
HOMB.O
HOMB.O
HOMB.O
HOMB.O
HPP
HPP
HPP
HPP
HXZS.KL
HXZS.KL
HXZS.KL
HXZS.KL
HXZS.KL
HXZS.KL
HXZS.KL
HXZS.KL
HXZS.KL
HXZS.KL
HZNDR.IS
HZNDR.IS
ICAD.O
ICAD.O
ICAD.O
ICAD.O
ICAD.O
ICAD.O
ICAD.O
ICAD.O
ICAD.O
ICAD.O
ICAD.O
ICAD.O
ICAD.O
ICAD.O
ICAD.O
ICAD.O
ICBCT.IS
ICBCT.IS
ICBCT.IS
ICBCT.IS
ICBCT.IS
ICBCT.IS
ICBCT.IS
ICBCT.IS
ICBCT.IS
ICBCT.IS
IDI
IDI
IDI
IEXh.V
ILBM.KL
ILBM.KL
ILBM.KL
ILBM.KL
ILBM.KL
ILBM.KL
ILBM.KL
ILBM.KL
ILBM.KL
ILBM.KL
IMAS.JK
IMAS.JK
IMAS.JK
IMAS.JK
IMJS.JK
IMJS.JK
IMJS.JK
IMMR.O
IMMR.O
IMMR.O
IMMR.O
IMMR.O
IMMR.O
IMMR.O
INFO.IS
INFO.IS
INFP.WA
INFP.WA
INFP.WA
INFP.WA
INFP.WA
INFP.WA
INFP.WA
INFP.WA
INFP.WA
INFP.WA
INFP.WA
INFP.WA
INFP.WA
INFP.WA
INFP.WA
INFP.WA
INFP.WA
INFP.WA
ININ.O
ININ.O
ININ.O
ININ.O
INTC.O
INTC.O
IRBT.O
IRBT.O
IRBT.O
IRBT.O
IRPC.BK
IRPC.BK
IRPC.BK
IRPC.BK
IRPC.BK
IRPC.BK
IRPC.BK
IRPC.BK
IRPCf.BK
IRPCf.BK
IRPCf.BK
IRPCf.BK
IRPCf.BK
IRPCf.BK
IRPCf.BK
IRPCf.BK
IRPCn.BK
IRPCn.BK
IRPCn.BK
IRPCn.BK
IRPCn.BK
IRPCn.BK
IRPCn.BK
IRPCn.BK
ISET.SI
ISET.SI
ISET.SI
ISET.SI
ISET.SI
ISET.SI
ISET.SI
ISET.SI
ISET.SI
ISET.SI
ISET.SI
ISET.SI
ISET.SI
ISET.SI
ISET.SI
ISET.SI
ISET.SI
ISET.SI
ISIG.O
ISIG.O
ISIG.O
ISIG.O
ISIG.O
ITB.WA
ITB.WA
ITB.WA
ITB.WA
ITIC.O
ITIC.O
ITIC.O
ITIC.O
ITIC.O
ITIC.O
ITIC.O
ITIC.O
ITIC.O
ITIC.O
ITIC.O
ITLC34.SA
ITLC34.SA
JBLU.O
JCTCF.O
JCTCF.O
JCTCF.O
JCTCF.O
JCTCF.O
JNJ
JNJB34.SA
KAYC.BO
KAYC.BO
KAYC.BO
KAYC.BO
KAYC.BO
KAYC.BO
KAYC.BO
KAYC.BO
KAYC.BO
KAYC.BO
KAYC.BO
KCG
KCG
KCG
KKR
KKR
KKR
KKR
KKR
KKR
KKR
KKR
KKR
KKR
KLBF.JK
KLNMA.IS
KLNMA.IS
KLNMA.IS
KLNMA.IS
KLNMA.IS
KLNMA.IS
KLNMA.IS
KLNMA.IS
KLNMA.IS
KOIN.KL
KOIN.KL
KPOW.KL
KPOW.KL
KPOW.KL
KPOW.KL
KRGYO.IS
KRGYO.IS
KRGYO.IS
KRGYO.IS
KRGYO.IS
KRGYO.IS
KRGYO.IS
KRGYO.IS
KW
KW
KW
KW
KXS.TO
KXS.TO
KXS.TO
KXS.TO
KXS.TO
KXS.TO
KXS.TO
KXS.TO
KXS.TO
KXS.TO
KXS.TO
KXS.TO
KXS.TO
KXS.TO
KXS.TO
KXS.TO
KXS.TO
LAMOSA.MX
LAMOSA.MX
LBRDA.O
LBRDA.O
LBRDA.O
LBRDA.O
LBRDA.O
LBRDK.O
LBRDK.O
LBRDK.O
LBRDK.O
LBRDK.O
LBY
LBY
LBY
LBY
LBY
LBY
LBY
LCI
LCI
LCI
LCI
LDIV.KL
LDIV.KL
LDIV.KL
LDIV.KL
LDIV.KL
LDIV.KL
LDIV.KL
LDIV.KL
LDIV.KL
LDIV.KL
LDIV.KL
LDIV.KL
LDIV.KL
LDOS.K
LDOS.K
LDOS.K
LDOS.K
LDOS.K
LDOS.K
LDOS.K
LDOS.K
LDOS.K
LIF.TO
LIF.TO
LIF.TO
LIF.TO
LIF.TO
LIF.TO
LIF.TO
LIF.TO
LINK.IS
LINK.IS
LINK.IS
LINK.IS
LINK.IS
LINK.IS
LINK.IS
LMRK.O
LMRK.O
LMRK.O
LMRK.O
LMRK.O
LMRK.O
LMRK.O
LMRK.O
LMRK.O
LMRK.O
LMRK.O
LMRK.O
LND
LND
LND
LND
LND
LND
LND
LPX
LXK
LXK
LXK
LXK
LXK
LXK
LXK
LXK
LXP
LXP
LXP
LXP
LXP
LXRX.O
LXRX.O
LXRX.O
LXRX.O
LXRX.O
LXRX.O
LXRX.O
LXRX.O
LXRX.O
LXRX.O
LXRX.O
LYTS.O
LYTS.O
LYTS.O
LYTS.O
LYTS.O
LYTS.O
LYTS.O
LYTS.O
LYTS.O
LYTS.O
LYTS.O
MANT.O
MANT.O
MATR.O
MAYA.JK
MBC.V
MBVT.O
MBVT.O
MBVT.O
MBVT.O
MBVT.O
MBVT.O
MBVT.O
MBVT.O
MBVT.O
MBVT.O
MDPJ.J
MDPJ.J
MDU
MDU
MDU
MDU
MDU
MDU
MDU
MDU
MDU
MDU
MDU
MDU
MDU
MDU
MDU
MDU
MDU
MDU
MDU
MDU
MDU
MDU
MEGH.NS
MEGH.SI
METSA.HE
METSB.HE
MICsdb.ST
MICsdb.ST
MICsdb.ST
MICsdb.ST
MICsdb.ST
MICsdb.ST
MICsdb.ST
MICsdb.ST
MIFI.O
MIFI.O
MIFI.O
MIFI.O
MIFI.O
MIFI.O
MIL.LM
MIL.LM
MIL.LM
MIL.LM
MILi.LM
MILi.LM
MILi.LM
MILi.LM
MITT.K
MITT.K
MITT.K
MITT.K
MLAB.O
MLAB.O
MLAB.O
MLAB.O
MLAB.O
MLAB.O
MLAB.O
MLAB.O
MLAB.O
MLAB.O
MLAB.O
MLAB.O
MLAB.O
MLAB.O
MLAB.O
MLAB.O
MLAB.O
MLAB.O
MLAB.O
MLI
MMI
MMI
MMI
MMPR.SI
MMPR.SI
MMPR.SI
MMPR.SI
MMPR.SI
MMPR.SI
MMPR.SI
MMPR.SI
MN
MNTA.O
MNTA.O
MNTA.O
MORE.K
MORE.K
MORE.K
MORE.K
MOSY.O
MOSY.O
MOSY.O
MOSY.O
MOSY.O
MOSY.O
MOSY.O
MOSY.O
MOSY.O
MOSY.O
MOSY.O
MOSY.O
MOSY.O
MOSY.O
MOSY.O
MOSY.O
MPC
MRC
MRC
MRCK34.SA
MRCK34.SA
MRCK34.SA
MRCK34.SA
MRCK34.SA
MRCK34.SA
MRCK34.SA
MRCK34.SA
MRCK34.SA
MRCK34.SA
MRCK34.SA
MRCK34.SA
MRCK34.SA
MRCK34.SA
MRCK34.SA
MRCK34.SA
MRCK34.SA
MRCK34.SA
MRCK34.SA
MRCK34.SA
MRCK34.SA
MRCK34.SA
MRCK34.SA
MRG_u.TO
MRG_u.TO
MRG_u.TO
MRG_u.TO
MRG_u.TO
MRG_u.TO
MRG_u.TO
MRK
MRK
MRK
MRK
MRK
MRK
MRK
MRK
MRK
MRK
MRK
MRK
MRK
MRK
MRK
MRK
MRK
MRK
MRK
MRK
MRK
MRK
MRK
MRS.SN
MRS.SN
MRS.SN
MRS.SN
MRS.SN
MRS.SN
MRS.SN
MRS.SN
MRS.SN
MRS.SN
MRS.SN
MRS.SN
MRS.SN
MRVC.O
MRVC.O
MRVC.O
MRVC.O
MRVC.O
MSMTz.F
MTB
MTD
MTD
MTX
MTX
MTX
NATL.O
NATL.O
NATL.O
NATL.O
NATL.O
NATL.O
NATL.O
NATL.O
NATL.O
NATL.O
NAVI.O
NAVI.O
NAVI.O
NAVI.O
NAVI.O
NAVI.O
NAVI.O
NAVI.O
NEP
NEP
NEP
NETX.KL
NETX.KL
NETX.KL
NETX.KL
NETX.KL
NETX.KL
NETX.KL
NETX.KL
NETX.KL
NETX.KL
NETX.KL
NETX.KL
NETX.KL
NGL
NGL
NGL
NGL
NGL
NGS
NGS
NGS
NGS
NGS
NGS
NKSH.O
NKSH.O
NKSH.O
NKSH.O
NKSH.O
NKSH.O
NNBR.O
NNBR.O
NNBR.O
NNBR.O
NNBR.O
NNBR.O
NNBR.O
NNBR.O
NNBR.O
NOW
NRG
NRG
NRG
NSA
NSA
NSA
NSA
NSA
NSA
NSH
NSH
NSH
NSH
NSH
NSH
NSH
NSH
NSH
NSH
NSH
NSH
NSH
NSTG.O
NSTG.O
NSTG.O
NSTG.O
NTGR.O
NTGR.O
NTGR.O
NTGR.O
NTGR.O
NTGR.O
NTLA.O
NTLA.O
NTLA.O
NTLA.O
NTLA.O
NUTR3.SA
NYLD.K
NYLD.K
NYLD.K
NYLD.K
NYLD.K
NYLD.K
NYLD.K
NYLDa.K
NYLDa.K
NYLDa.K
NYLDa.K
NYLDa.K
NYLDa.K
NYLDa.K
NYNY.O
NYNY.O
OAK
OAK
OAK
OAK
OAK
OAK
OAK
OAK
OCLR.O
OCLR.O
OCLR.O
OCLR.O
OCLR.O
OCN
OCN
ODFL.O
ODFL.O
ODFL.O
ODFL.O
ODFL.O
ODFL.O
ODFL.O
OFC
OFC
OFC
OFC
OFG
OFG
OFG
OFG
OFLX.O
OFLX.O
OFLX.O
OFLX.O
OFLX.O
OKSB.O
OKSB.O
OKSB.O
OKSB.O
OKSB.O
OKSB.O
OLBK.O
OLBK.O
OLBK.O
OLBK.O
OMCL.O
ONB.O
ONB.O
ONB.O
ONB.O
ONS.O
ONS.O
ONS.O
ONS.O
ONS.O
ORC
ORC
ORC
ORC
ORC
ORC
ORI
ORI
ORI
ORI
ORI
ORI
OTC.TO
OTC.TO
OTTR.O
OYAYO.IS
OYAYO.IS
OYAYO.IS
OYAYO.IS
OYAYO.IS
OYAYO.IS
OYAYO.IS
OYAYO.IS
OYAYO.IS
OYAYO.IS
OZGYO.IS
OZGYO.IS
OZM
OZM
PACB.O
PACB.O
PACB.O
PACB.O
PACW.O
PACW.O
PACW.O
PACW.O
PACW.O
PAH
PANS.JK
PARR.K
PARR.K
PARR.K
PARR.K
PB
PB
PB
PB
PB
PB
PBB.PS
PBB.PS
PBB.PS
PBB.PS
PBB.PS
PBB.PS
PBB.PS
PCAR.O
PCAR.O
PCAR.O
PCAT.ST
PCAT.ST
PCAT.ST
PCAT.ST
PCAT.ST
PCAT.ST
PCAT.ST
PCAT.ST
PCAT.ST
PCAT.ST
PCAT.ST
PCAT.ST
PCAT.ST
PCAT.ST
PCAT.ST
PCAT.ST
PDLI.O
PDLI.O
PDLI.O
PDLI.O
PENN.O
PENN.O
PENN.O
PETKM.IS
PETKM.IS
PETKM.IS
PETKM.IS
PETKM.IS
PETKM.IS
PETKM.IS
PGC.O
PGC.O
PGC.O
PGC.O
PGC.O
PI.O
PI.O
PI.O
PINSU.IS
PINSU.IS
PINSU.IS
PINSU.IS
PINSU.IS
PINSU.IS
PJPq.L
PKG
PKG
PKG
PKG
PKG
PKG
PKG
PKG
PKG
PKG
PKG
PKG
PKG
PKG
PKG
PKG
PKG
PKG
PKG
PKG
PLUS.O
PLUS.O
PLUS.O
PLUS.O
PLUS.O
PLUS.O
PMT
PMT
PMT
PMT
PMT
PPS
PPS
PRU
PRU
PRU
PRU
PSMGn.DE
PSMGn.DE
PSMGn.DE
PSMGn.DE
PSMGn.DE
PSMGn.DE
PSMGn.DE
PSMGn.DE
PSMGn.DE
PSMGn.DE
PSMGn.DE
PSMGn.DE
PSMGn.DE
PSMGn.DE
PSMGn.DE
PSMGn.DE
PTBL3.SA
PTBL3.SA
PTBL3.SA
PTBL3.SA
PTPP.JK
PTPP.JK
PTPP.JK
PTS.TO
PTS.TO
PTS.TO
PTS.TO
PTS.TO
PTS.TO
PVTB.O
PVTB.O
PVTB.O
PVTB.O
PVTB.O
PZN
PZN
PZN
PZN
PZN
PZN
PZN
PZN
PZN
QLT.TO
QLT.TO
QLT.TO
QLT.TO
QLT.TO
QLT.TO
QLYS.O
QLYS.O
QRVO.O
QRVO.O
QTNT.O
QUFG.BR
QUFG.BR
QUFG.BR
QUFG.BR
QUFG.BR
QUFG.BR
QUFG.BR
QUFG.BR
QUFG.BR
QUFG.BR
RCII.O
RDM.MI
RDM.MI
RDM.MI
RDN
RDN
RDN
RDN
RDN
RDN
REGI.O
REGI.O
REGI.O
REGI.O
REGI.O
REGI.O
REGINN.IC
REGINN.IC
REGINN.IC
REGINN.IC
REXT.KL
REXT.KL
REXT.KL
REXT.KL
REXT.KL
RHEAG.IS
RIGP.K
RIGP.K
RIGP.K
RIGP.K
RIGP.K
RIGP.K
RIGP.K
RLGY.K
RLGY.K
RLGY.K
RLGY.K
RLGY.K
ROCK.O
ROCK.O
ROP
ROP
ROP
ROP
ROP
RRGB.O
RRGB.O
RRGB.O
RRGB.O
RSG
RSTI.O
RTIX.O
RTIX.O
RTIX.O
RTIX.O
RUTH.O
RVNC.O
RVNC.O
RVNC.O
RYGYO.IS
RYGYO.IS
RYGYO.IS
RYN
RYN
RYN
RYN
RYN
RYN
RYN
RYN
RYN
RYN
RYN
RYN
SAFT.O
SAFT.O
SAFT.O
SAFT.O
SAFT.O
SAFT.O
SAG.LM
SAG.LM
SAG.LM
SAG.LM
SAG.LM
SAG.LM
SAG.LM
SAG.LM
SASR.O
SASR.O
SASR.O
SASR.O
SCHW.K
SCHW.K
SCHW.K
SCHW.K
SCHW.K
SCHW.K
SCHW.K
SCHW.K
SCHW.K
SCHW.K
SCHW.K
SCHW.K
SCHW.K
SCHW.K
SCHW.K
SCHW34.SA
SCHW34.SA
SCHW34.SA
SCHW34.SA
SCHW34.SA
SCHW34.SA
SCHW34.SA
SCHW34.SA
SCHW34.SA
SCHW34.SA
SCHW34.SA
SCHW34.SA
SCHW34.SA
SCHW34.SA
SCHW34.SA
SCHW_pb.K
SCHW_pb.K
SCHW_pb.K
SCHW_pb.K
SCHW_pb.K
SCHW_pb.K
SCHW_pb.K
SCHW_pb.K
SCHW_pb.K
SCHW_pb.K
SCHW_pb.K
SCHW_pb.K
SCHW_pb.K
SCHW_pb.K
SCHW_pb.K
SCHW_pc.K
SCHW_pc.K
SCHW_pc.K
SCHW_pc.K
SCHW_pc.K
SCHW_pc.K
SCHW_pc.K
SCHW_pc.K
SCHW_pc.K
SCHW_pc.K
SCHW_pc.K
SCHW_pc.K
SCHW_pc.K
SCHW_pc.K
SCHW_pc.K
SCHW_pd.K
SCHW_pd.K
SCHW_pd.K
SCHW_pd.K
SCHW_pd.K
SCHW_pd.K
SCHW_pd.K
SCHW_pd.K
SCHW_pd.K
SCHW_pd.K
SCHW_pd.K
SCHW_pd.K
SCHW_pd.K
SCHW_pd.K
SCHW_pd.K
SEA.LM
SEA.LM
SEA.LM
SEA.LM
SEA.LM
SES.TO
SES.TO
SFLY.O
SFLY.O
SGNL.O
SHFG.DE
SHFG.DE
SID.LM
SID.LM
SID.LM
SID.LM
SID.LM
SIHM.SI
SIHM.SI
SIHM.SI
SIHM.SI
SIHM.SI
SIMP.JK
SIMP.JK
SIMP.JK
SIMP.JK
SJRa.V
SJRa.V
SJRa.V
SJRa.V
SJRa.V
SJRa.V
SJRa.V
SJRa.V
SJRa.V
SJRa.V
SJRa.V
SJRa.V
SJRa.V
SJRa.V
SJRa.V
SJRa.V
SJRb.TO
SJRb.TO
SJRb.TO
SJRb.TO
SJRb.TO
SJRb.TO
SJRb.TO
SJRb.TO
SJRb.TO
SJRb.TO
SJRb.TO
SJRb.TO
SJRb.TO
SJRb.TO
SJRb.TO
SJRb.TO
SKOU.KL
SKOU.KL
SKOU.KL
SKOU.KL
SKOU.KL
SKOU.KL
SKOU.KL
SKOU.KL
SKX
SKX
SKX
SKX
SKYW.O
SKYW.O
SKYW.O
SKYW.O
SKYW.O
SKYW.O
SKYW.O
SKYW.O
SKYW.O
SLCA.K
SLCA.K
SLCA.K
SLCA.K
SLCA.K
SNAK.O
SNAK.O
SNAK.O
SNKRN.IS
SNV
SNV
SNV
SNV
SOHU.O
SOHU.O
SOHU.O
SOHU.O
SOHU.O
SONME.IS
SONME.IS
SONME.IS
SONME.IS
SONME.IS
SONME.IS
SONME.IS
SONME.IS
SONME.IS
SOX.TO
SOX.TO
SOX.TO
SOX.TO
SOX.TO
SOX.TO
SPIL.O
SPIL.O
SPIL.O
SPIL.O
SPIL.O
SPPS.SI
SPPS.SI
SPPS.SI
SPPS.SI
SPPS.SI
SPPS.SI
SRPT.O
SRPT.O
SRPT.O
SRPT.O
SRPT.O
SRPT.O
SRPT.O
SRPT.O
SRPT.O
SRPT.O
SRPT.O
SRPT.O
SRPT.O
SRPT.O
SRPT.O
SRTS.O
SRTS.O
SRTS.O
SRTS.O
SRTS.O
SSB.O
SSB.O
SSB.O
SSB.O
SSBR3.SA
SSP
SSP
SSP
SSP
SSP
SSP
STG.SN
STG.SN
STG.SN
STJ
STJ
STJ
STJ
STJ
STJ
STL
STL
STL
STL
SVEDb.ST
SVEDb.ST
SVEDb.ST
SVEDb.ST
SVEDb.ST
SVEDb.ST
SVEDb.ST
SVEDb.ST
SVEDb.ST
SVEDb.ST
SWSB.KL
SWSB.KL
SWSB.KL
SWSB.KL
SWSB.KL
SWSB.KL
SWSB.KL
SWSB.KL
SWSB.KL
SXI
SXT
SYBT.O
SYK
SYN
SYX
SYX
SYX
SYX
SYX
SYX
SYX
SYX
T.TO
T.TO
T.TO
T.TO
TCP
TCP
TCP
TCP
TCP
TCP
TCP
TDOC.K
TDOC.K
TDOC.K
TDOC.K
TDS
TDS
TDS
TDS
TESS.O
TESS.O
TESS.O
TESS.O
TESS.O
TESS.O
TESS.O
TESS.O
TESS.O
TESS.O
TESS.O
TESS.O
TESS.O
TESS.O
TESS.O
TESS.O
TESS.O
TESS.O
TESS.O
TESS.O
TESS.O
TESS.O
TETY.ST
TETY.ST
TETY.ST
TETY.ST
TETY.ST
TETY.ST
TETY.ST
TETY.ST
TETY.ST
TETY.ST
TETY.ST
TETY.ST
TETY.ST
TETY.ST
TETY.ST
TETY.ST
TETY.ST
TETY.ST
TETY.ST
TETY.ST
TETY.ST
THG
THG
THG
THG
THG
TIME.K
TIME.K
TIME.K
TIME.K
TIME.K
TIME.K
TIME.K
TISI.K
TISI.K
TISI.K
TISI.K
TISI.K
TISI.K
TISI.K
TMH
TMH
TMH
TMH
TMH
TMH
TMO
TMO
TMOS34.SA
TMOS34.SA
TOE.V
TOE.V
TOYA.WA
TOYA.WA
TOYA.WA
TOYA.WA
TOYA.WA
TOYA.WA
TOYA.WA
TOYA.WA
TOYA.WA
TOYA.WA
TOYA.WA
TOYA.WA
TOYA.WA
TOYA.WA
TOYA.WA
TOYA.WA
TOYA.WA
TOYA.WA
TPRE.K
TPRE.K
TPRE.K
TPRE.K
TPRE.K
TPX
TREC.K
TREC.K
TREC.K
TRMR.K
TRMR.K
TRMR.K
TRS.O
TRST.O
TRST.O
TRST.O
TRST.O
TRST.O
TRUP.O
TRUP.O
TRUP.O
TRUP.O
TRUP.O
TRVN.O
TSBK.O
TSBK.O
TSL
TSL
TSL
TSL
TSL
TSRO.O
TSRO.O
TSRO.O
TSS
TSS
TSS
TSS
TSS
TSS
TSS
TSS
TSS
TWLO.K
TWLO.K
TWLO.K
TWLO.K
TWX
TWX
TWX
TWX
TWXB34.SA
TWXB34.SA
TWXB34.SA
TWXB34.SA
TXMD.K
TXMD.K
TXMD.K
TXRH.O
TXRH.O
TXRH.O
TXRH.O
ULTI.O
ULTI.O
ULTI.O
ULTI.O
ULTI.O
UNSM.KL
UNSM.KL
UNSM.KL
UNSM.KL
UNSM.KL
UNSM.KL
UNSM.KL
UNSM.KL
USB
USB
USB
USB
USB
USBC34.SA
USBC34.SA
USBC34.SA
USBC34.SA
USBC34.SA
USB_pa
USB_pa
USB_pa
USB_pa
USB_pa
USB_ph
USB_ph
USB_ph
USB_ph
USB_ph
USB_pm
USB_pm
USB_pm
USB_pm
USB_pm
USB_pn
USB_pn
USB_pn
USB_pn
USB_pn
USB_po
USB_po
USB_po
USB_po
USB_po
USM
USM
USM
USM
UVE
UVE
VAL.SN
VAL.SN
VAL.SN
VAN.V
VCRA.K
VCRA.K
VCRA.K
VCRA.K
VCRA.K
VCRA.K
VIP.O
VIP.O
VIP.O
VIP.O
VIP.O
VIP.O
VIP.O
VIP.O
VIP.O
VIP.O
VITR.ST
VITR.ST
VITR.ST
VITR.ST
VITR.ST
VITR.ST
VITR.ST
VITR.ST
VITR.ST
VITR.ST
VITR.ST
VNP.TO
VRNS.O
VRNS.O
VRTS.O
VRTS.O
VRTS.O
VRTS.O
VRTS.O
VRTS.O
VRTS.O
VRTS.O
VRTS.O
VRTS.O
VRTS.O
VRTS.O
VRTS.O
VRTS.O
VRTS.O
VRTS.O
VRTS.O
VSKI.NS
VSKI.NS
VSKI.NS
VSKI.NS
VSKI.NS
VSKI.NS
VSKI.NS
VSKI.NS
VSKI.NS
VSKI.NS
WAB
WAB
WAB
WAB
WAB
WAB
WAB
WAB
WAB
WAB
WAB
WAB
WAB
WAB
WAB
WAB
WAB
WAB
WAB
WAB
WAB
WAB
WAB
WAT
WAT
WAT
WAT
WAT
WAT
WAT
WAT
WAT
WBS
WBS
WBS
WBS
WBS
WBS
WBS_pe
WBS_pe
WBS_pe
WBS_pe
WBS_pe
WBS_pe
WCC
WCC
WCC
WCC
WCC
WCC
WCC
WCC
WCC
WIFI.O
WIFI.O
WIFI.O
WIFI.O
WIFI.O
WLH
WLH
WLH
WMC
WMC
WMK
WMK
WMK
WMK
WMLP.K
WRB
WRB
WSBC.O
WSBC.O
WSBC.O
WSBC.O
WSKT.JK
WSKT.JK
WSKT.JK
WTON.JK
WTT
WTT
WTT
WTT
WTT
WTT
WTT
WTT
WTT
WTT
WTT
WTT
WTT
WYNN.O
WYNN.O
WYNN.O
WYNN.O
WYNN.O
WYNN.O
WYNN.O
WYNN.O
WYNN.O
WYNN.O
WYNN.O
WYNN.O
WYNN.O
WYNN.O
WYNN.O
WYNN.O
WYNN.O
WYNN.O
WYNN.O
WYNN.O
WYNN.O
X.TO
X.TO
X.TO
X.TO
X.TO
X.TO
X.TO
X.TO
X.TO
XL
XL
XL
XL
XRAY.O
XRAY.O
XRAY.O
XRAY.O
ZNGA.O
ZNGA.O
ZNGA.O
