000591.SZ, Updated at 2016-09-30
000825.SZ, Updated at 2016-09-30
000909.SZ, Updated at 2016-09-30
000926.SZ, Updated at 2016-09-30
000952.SZ, Updated at 2016-09-30
002050.SZ, Updated at 2016-09-30
002116.SZ, Updated at 2016-09-30
002458.SZ, Updated at 2016-09-30
002462.SZ, Updated at 2016-09-30
002515.SZ, Updated at 2016-09-30
002686.SZ, Updated at 2016-09-30
002793.SZ, Updated at 2016-09-30
004440.KS, Updated at 2016-09-30
036490.KQ, Updated at 2016-09-30
039840.KQ, Updated at 2016-09-30
049830.KQ, Updated at 2016-09-30
051910.KS, Updated at 2016-09-30
300072.SZ, Updated at 2016-09-30
300281.SZ, Updated at 2016-09-30
300308.SZ, Updated at 2016-09-30
300339.SZ, Updated at 2016-09-30
300491.SZ, Updated at 2016-09-30
3543.T, Updated at 2016-08-31
600143.SS, Updated at 2016-09-30
600178.SS, Updated at 2016-09-30
600298.SS, Updated at 2016-09-30
600539.SS, Updated at 2016-09-30
600801.SS, Updated at 2016-09-30
601116.SS, Updated at 2016-09-30
603601.SS, Updated at 2016-09-30
603898.SS, Updated at 2016-09-30
603899.SS, Updated at 2016-09-30
603969.SS, Updated at 2016-09-30
900933.SS, Updated at 2016-09-30
ABCB.O, Updated at 2016-09-30
AKE.CD, Updated at 2016-08-31
ALFAA.MX, Updated at 2016-09-30
ALLHB.PA, Updated at 2016-09-30
ALNBT.PA, Updated at 2016-06-30
ALPEKA.MX, Updated at 2016-09-30
ANCB.O, Updated at 2016-09-30
ANCX.O, Updated at 2016-09-30
ARNA.JK, Updated at 2016-09-30
ARTI.JK, Updated at 2016-06-30
ASRV.O, Updated at 2016-09-30
AVANZ.ST, Updated at 2016-09-30
AXC.CD, Updated at 2016-08-31
AXTELCPO.MX, Updated at 2016-09-30
BKSC.O, Updated at 2016-09-30
BLAK34.SA, Updated at 2016-09-30
BLK, Updated at 2016-09-30
BMI, Updated at 2016-09-30
BOBI.SCT, Updated at 2016-06-30
BVI.PA, Updated at 2016-09-30
CE, Updated at 2016-09-30
CMA, Updated at 2016-09-30
CMV.V, Updated at 2016-08-31
COMH.ST, Updated at 2016-09-30
CPSS.O, Updated at 2016-09-30
CYIE.NS, Updated at 2016-09-30
DANO.PA, Updated at 2016-09-30
DCBA.NS, Updated at 2016-09-30
DIAH.ST, Updated at 2016-09-30
DINEA.MX, Updated at 2016-09-30
DINEB.MX, Updated at 2016-09-30
DPZ, Updated at 2016-09-11
DUTY.SI, Updated at 2016-08-31
ECEI.NS, Updated at 2016-03-31
EGID.PA, Updated at 2016-09-30
ELS, Updated at 2016-09-30
ELS_pc, Updated at 2016-09-30
ENAG.MC, Updated at 2016-09-30
ENBD.DU, Updated at 2016-09-30
EQFN.O, Updated at 2015-12-31
ESGI.CA, Updated at 2016-09-30
ESS.V, Updated at 2016-05-31
FDEF.O, Updated at 2016-09-30
FEU.PS, Updated at 2016-08-31
FMBI.O, Updated at 2016-09-30
GETIb.ST, Updated at 2016-09-30
GIG, Updated at 2016-09-25
GS, Updated at 2016-09-30
GSGI34.SA, Updated at 2016-09-30
GS_pa, Updated at 2016-09-30
GS_pb, Updated at 2016-09-30
GS_pc, Updated at 2016-09-30
GS_pd, Updated at 2016-09-30
GS_pi, Updated at 2016-09-30
GS_pj, Updated at 2016-09-30
GS_pk, Updated at 2016-09-30
GS_pn, Updated at 2016-09-30
GWW, Updated at 2016-09-30
HAFC.O, Updated at 2016-09-30
HAS.O, Updated at 2016-09-25
HOG, Updated at 2016-09-25
IBKR.O, Updated at 2016-09-30
IBM, Updated at 2016-09-30
IBMB34.SA, Updated at 2016-09-30
IEX, Updated at 2016-09-30
IMR.V, Updated at 2016-05-31
ISRG.O, Updated at 2016-09-30
JBHT.O, Updated at 2016-09-30
JNJ, Updated at 2016-10-02
JNJB34.SA, Updated at 2016-10-02
KEPL.SI, Updated at 2016-09-30
KNIN.S, Updated at 2016-09-30
KREB.NS, Updated at 2016-06-30
KSU, Updated at 2016-09-30
LBIh.V, Updated at 2016-05-31
LLTC.O, Updated at 2016-10-02
LSBK.O, Updated at 2016-09-30
LTXB.O, Updated at 2016-09-30
MANH.O, Updated at 2016-09-30
MARK.QA, Updated at 2016-09-30
MBWM.O, Updated at 2016-09-30
MTG, Updated at 2016-09-30
MY.CD, Updated at 2016-06-30
NAVI.O, Updated at 2016-09-30
NEMAKA.MX, Updated at 2016-09-30
NFLX.O, Updated at 2016-09-30
NFLX34.SA, Updated at 2016-09-30
NOD.OL, Updated at 2016-09-30
OKSB.O, Updated at 2016-09-30
OMC, Updated at 2016-09-30
OPB.O, Updated at 2016-06-30
ORPP.NS, Updated at 2016-09-30
PACW.O, Updated at 2016-09-30
PM, Updated at 2016-09-30
PNFP.O, Updated at 2016-09-30
PNTE.KL, Updated at 2016-08-31
PROB.ST, Updated at 2016-09-30
PZN, Updated at 2016-09-30
QIAN.SI, Updated at 2016-09-30
QIGD.QA, Updated at 2016-09-30
QIT.V, Updated at 2016-07-31
RCH.TO, Updated at 2016-08-31
RCOP.PA, Updated at 2016-09-30
SABA.SI, Updated at 2016-09-30
SAPR3.SA, Updated at 2016-09-30
SAPR4.SA, Updated at 2016-09-30
SCHW.K, Updated at 2016-09-30
SCHW34.SA, Updated at 2016-09-30
SCHW_pb.K, Updated at 2016-09-30
SCHW_pc.K, Updated at 2016-09-30
SCHW_pd.K, Updated at 2016-09-30
SCL, Updated at 2016-09-30
SFBS.O, Updated at 2016-09-30
SNV, Updated at 2016-09-30
SNXP.WA, Updated at 2016-06-30
STLRU.O, Updated at 2016-08-31
TCA.V, Updated at 2016-08-31
TEEI.SI, Updated at 2016-08-31
TETY.ST, Updated at 2016-09-30
TISCO.BK, Updated at 2016-09-30
TISCOf.BK, Updated at 2016-09-30
TISCOn.BK, Updated at 2016-09-30
TRACb.ST, Updated at 2016-09-30
TTS.O, Updated at 2016-09-30
UNH, Updated at 2016-09-30
VICOR.ST, Updated at 2016-09-30
WGO, Updated at 2016-08-27
WODh.V, Updated at 2016-07-31
WTFC.O, Updated at 2016-09-30
WWW, Updated at 2016-09-10
ZMD.V, Updated at 2016-05-31
