000070.KS
000070.KS
000070.KS
000080.KS
000080.KS
000080.KS
000080.KS
000100.KS
000100.KS
000100.KS
000100.KS
000100.KS
000120.KS
000120.KS
000140.KS
000140.KS
000140.KS
000140.KS
000140.KS
000140.KS
000140.KS
000140.KS
000140.KS
000140.KS
000140.KS
000150.KS
000150.KS
000150.KS
000150.KS
000150.KS
000210.KS
000210.KS
000210.KS
000210.KS
000210.KS
000210.KS
000210.KS
000210.KS
000240.KS
000270.KS
000300.KS
000320.KS
000320.KS
000320.KS
000320.KS
000320.KS
000320.KS
000320.KS
000320.KS
000370.KS
000430.KS
000480.KS
000480.KS
000490.KS
000500.KS
000500.KS
000540.KS
000640.KS
000640.KS
000640.KS
000640.KS
000640.KS
000640.KS
000640.KS
000660.KS
000680.KS
000680.KS
000680.KS
000720.KS
000720.KS
000720.KS
000720.KS
000720.KS
000720.KS
000720.KS
000720.KS
000720.KS
000720.KS
000810.KS
000880.KS
000880.KS
000880.KS
000880.KS
000880.KS
000880.KS
000880.KS
000880.KS
000880.KS
000880.KS
000880.KS
000880.KS
000890.KS
000890.KS
000990.KS
000990.KS
000990.KS
000990.KS
001040.KS
001040.KS
001040.KS
001060.KS
001060.KS
001060.KS
001060.KS
001230.KS
001230.KS
001250.KS
001250.KS
001270.KS
001440.KS
001440.KS
001440.KS
001440.KS
001440.KS
001440.KS
001440.KS
001460.KS
001460.KS
001460.KS
001470.KS
001500.KS
001510.KS
001520.KS
001520.KS
001520.KS
001530.KS
001620.KS
001680.KS
001680.KS
001680.KS
001680.KS
001680.KS
001680.KS
001680.KS
001680.KS
001720.KS
001740.KS
001740.KS
001740.KS
001740.KS
001780.KS
001780.KS
001780.KS
001780.KS
001780.KS
001790.KS
001790.KS
001790.KS
001790.KS
001790.KS
001790.KS
001790.KS
001800.KS
001800.KS
001880.KS
002000.KS
002000.KS
002020.KS
002020.KS
002020.KS
002020.KS
002020.KS
002020.KS
002020.KS
002240.KS
002240.KS
002270.KS
002300.KS
002310.KS
002320.KS
002320.KS
002350.KS
002350.KS
002350.KS
002350.KS
002350.KS
002350.KS
002350.KS
002360.KS
002380.KS
002460.KS
002550.KS
002620.KS
002780.KS
002780.KS
002780.KS
002790.KS
002790.KS
002790.KS
002790.KS
002820.KS
002880.KS
002880.KS
002880.KS
002880.KS
002880.KS
002880.KS
002880.KS
002880.KS
002880.KS
002990.KS
002990.KS
002990.KS
002990.KS
002990.KS
002990.KS
003070.KS
003070.KS
003070.KS
003070.KS
003070.KS
003070.KS
003070.KS
003090.KS
003100.KQ
003100.KQ
003100.KQ
003100.KQ
003240.KS
003280.KS
003410.KS
003410.KS
003410.KS
003410.KS
003410.KS
003410.KS
003410.KS
003450.KS
003480.KS
003480.KS
003550.KS
003550.KS
003550.KS
003550.KS
003550.KS
003550.KS
003550.KS
003580.KS
003620.KS
003620.KS
003670.KQ
003690.KS
003850.KS
003920.KS
003920.KS
003920.KS
003920.KS
003920.KS
003960.KS
004000.KS
004020.KS
004090.KS
004090.KS
004090.KS
004090.KS
004090.KS
004100.KS
004100.KS
004100.KS
004100.KS
004130.KS
004130.KS
004130.KS
004130.KS
004140.KS
004140.KS
004140.KS
004150.KS
004150.KS
004170.KS
004200.KS
004250.KS
004250.KS
004360.KS
004360.KS
004360.KS
004360.KS
004360.KS
004360.KS
004360.KS
004370.KS
004430.KS
004430.KS
004490.KS
004540.KS
004540.KS
004540.KS
004540.KS
004540.KS
004560.KS
004560.KS
004560.KS
004560.KS
004690.KS
004710.KS
004800.KS
004800.KS
004840.KS
004960.KS
004960.KS
004960.KS
004960.KS
004960.KS
004960.KS
004980.KS
004980.KS
004980.KS
004980.KS
004980.KS
004980.KS
004980.KS
004980.KS
005160.KQ
005250.KS
005250.KS
005250.KS
005250.KS
005250.KS
005250.KS
005250.KS
005250.KS
005290.KQ
005300.KS
005300.KS
005300.KS
005300.KS
005300.KS
005300.KS
005300.KS
005300.KS
005300.KS
005380.KS
005380.KS
005380.KS
005380.KS
005380.KS
005380.KS
005380.KS
005380.KS
005380.KS
005380.KS
005380.KS
005380.KS
005390.KS
005390.KS
005430.KS
005430.KS
005440.KS
005440.KS
005710.KQ
005710.KQ
005720.KS
005720.KS
005720.KS
005740.KS
005740.KS
005740.KS
005740.KS
005740.KS
005740.KS
005740.KS
005740.KS
005740.KS
005850.KS
005880.KS
005940.KS
005940.KS
005960.KS
005960.KS
005960.KS
005960.KS
005960.KS
005960.KS
005960.KS
005990.KQ
005990.KQ
006040.KS
006120.KS
006120.KS
006120.KS
006120.KS
006120.KS
006120.KS
006120.KS
006120.KS
006120.KS
006340.KS
006340.KS
006340.KS
006340.KS
006340.KS
006340.KS
006360.KS
006370.KS
006370.KS
006390.KS
006400.KS
006400.KS
006400.KS
006400.KS
006400.KS
006400.KS
006400.KS
006840.KS
007070.KS
007070.KS
007160.KS
007190.KS
007310.KS
007340.KS
007340.KS
007570.KS
007570.KS
007570.KS
007590.KS
007590.KS
007660.KS
007810.KS
007810.KS
007860.KS
007860.KS
008000.KS
008040.KS
008350.KS
008350.KS
008350.KS
008770.KS
008770.KS
008770.KS
008770.KS
008770.KS
008770.KS
008770.KS
008770.KS
008970.KS
009150.KS
009150.KS
009150.KS
009150.KS
009150.KS
009150.KS
009150.KS
009150.KS
009150.KS
009150.KS
009150.KS
009150.KS
009200.KS
009200.KS
009240.KS
009270.KS
009270.KS
009270.KS
009270.KS
009270.KS
009270.KS
009290.KS
009410.KS
009410.KS
009410.KS
009410.KS
009410.KS
009410.KS
009450.KS
009540.KS
009540.KS
009580.KS
009830.KS
009830.KS
009830.KS
009830.KS
009830.KS
009830.KS
009830.KS
009830.KS
009830.KS
009970.KS
010120.KS
010120.KS
010140.KS
010140.KS
010140.KS
010140.KS
010140.KS
010140.KS
010140.KS
010140.KS
010140.KS
010620.KS
010690.KS
010770.KS
010770.KS
010780.KS
010780.KS
010950.KS
010950.KS
010950.KS
011070.KS
011150.KS
011160.KS
011160.KS
011160.KS
011160.KS
011160.KS
011160.KS
011160.KS
011160.KS
011160.KS
011170.KS
011170.KS
011200.KS
011200.KS
011200.KS
011200.KS
011200.KS
011200.KS
011200.KS
011200.KS
011200.KS
011200.KS
011200.KS
011210.KS
011370.KQ
011780.KS
011780.KS
011780.KS
011780.KS
011780.KS
011780.KS
011780.KS
011790.KS
011810.KS
011810.KS
011810.KS
011810.KS
011810.KS
011810.KS
011810.KS
011810.KS
011930.KS
011930.KS
011930.KS
012200.KS
012320.KS
012320.KS
012330.KS
012330.KS
012330.KS
012330.KS
012330.KS
012330.KS
012330.KS
012330.KS
012630.KS
012700.KQ
012800.KS
012800.KS
012800.KS
012800.KS
012800.KS
012800.KS
012860.KQ
012860.KQ
013310.KQ
013310.KQ
013310.KQ
013310.KQ
013360.KS
013360.KS
013520.KS
013520.KS
013570.KS
013580.KS
014280.KS
014280.KS
014280.KS
014790.KS
014790.KS
014790.KS
014820.KS
014820.KS
014820.KS
014820.KS
014820.KS
014820.KS
014820.KS
014820.KS
014820.KS
014820.KS
015350.KS
015360.KS
015360.KS
015750.KQ
015750.KQ
015860.KS
015890.KS
016170.KQ
016360.KS
016380.KS
016380.KS
016380.KS
016380.KS
016380.KS
016380.KS
016380.KS
016380.KS
016380.KS
016380.KS
016450.KS
016740.KS
016740.KS
016740.KS
017670.KS
017800.KS
017800.KS
017810.KS
017940.KS
018000.KQ
018260.KS
018500.KS
018670.KS
018670.KS
018880.KS
018880.KS
019170.KS
019170.KS
019170.KS
019210.KQ
019210.KQ
019440.KS
019680.KS
019680.KS
020000.KS
020560.KS
020560.KS
021040.KQ
021240.KS
021240.KS
021320.KQ
021320.KQ
023530.KS
023530.KS
023530q.L
023530q.L
023590.KS
023590.KS
023890.KQ
024660.KQ
024660.KQ
024800.KQ
024800.KQ
024900.KS
025540.KS
025860.KS
026960.KS
027410.KS
027710.KQ
028050.KS
028050.KS
028260.KS
028260.KS
028260.KS
028260.KS
028260.KS
028260.KS
028260.KS
028260.KS
028260.KS
028260.KS
028260.KS
02826K.KS
02826K.KS
02826K.KS
02826K.KS
02826K.KS
02826K.KS
02826K.KS
02826K.KS
02826K.KS
02826K.KS
02826K.KS
029530.KS
031330.KQ
032190.KQ
032190.KQ
032640.KS
034020.KS
034120.KS
034120.KS
034220.KS
034230.KQ
034230.KQ
034310.KS
034730.KS
03473K.KS
035080.KQ
035420.KS
036000.KQ
036530.KS
036710.KQ
037270.KS
037350.KQ
037400.KQ
037460.KQ
037560.KS
038110.KQ
038110.KQ
0386.HK
0386.HK
039490.KS
040610.KQ
042660.KS
042670.KS
043370.KQ
045100.KQ
046890.KQ
046890.KQ
047050.KS
047310.KQ
047810.KS
047810.KS
049520.KQ
049770.KS
051370.KQ
051500.KQ
051900.KS
051900.KS
051900.KS
051900.KS
051900.KS
051900.KS
051900.KS
051900.KS
051900.KS
051900.KS
051900.KS
051900.KS
051900.KS
051900.KS
052690.KS
053210.KS
053700.KQ
0538q.L
0538q.L
0538q.L
0538q.L
0538q.L
0538q.L
0538q.L
0538q.L
0538q.L
0538q.L
0538q.L
0538q.L
054210.KQ
054210.KQ
054620.KQ
054620.KQ
054620.KQ
054800.KQ
056190.KQ
058430.KS
058850.KS
058860.KS
064350.KS
064350.KS
064960.KS
064960.KS
064960.KS
064960.KS
066570.KS
067170.KQ
068270.KQ
068400.KS
068870.KS
068870.KS
068870.KS
068870.KS
071050.KS
071320.KS
071840.KS
071970.KS
071970.KS
071970.KS
073110.KQ
073110.KQ
073110.KQ
073240.KS
075580.KS
076080.KQ
077970.KS
077970.KS
077970.KS
077970.KS
078520.KS
078930.KS
078930.KS
079160.KS
079430.KS
079550.KS
079550.KS
079660.KS
081660.KS
082640.KS
082850.KQ
084010.KS
084670.KS
084670.KS
084690.KS
084690.KS
084690.KS
084690.KS
084690.KS
084690.KS
084690.KS
084690.KS
084690.KS
084690.KS
085660.KQ
0857.HK
0857.HK
086280.KS
088390.KQ
088390.KQ
088390.KQ
088390.KQ
088390.KQ
088390.KQ
089470.KS
089470.KS
089590.KS
090350.KS
090350.KS
090350.KS
090350.KS
090350.KS
090430.KS
090430.KS
091700.KQ
091700.KQ
091700.KQ
091700.KQ
092200.KS
092230.KS
092230.KS
093050.KS
095570.KS
095570.KS
095610.KQ
095610.KQ
095610.KQ
095700.KQ
095720.KS
096240.KQ
096770.KS
096770.KS
096770.KS
096770.KS
096770.KS
096770.KS
096770.KS
096770.KS
097230.KS
097520.KQ
097950.KS
097950.KS
097950.KS
100130.KQ
101060.KS
101490.KQ
101530.KS
101530.KS
102260.KS
102260.KS
102280.KS
102280.KS
103140.KS
103590.KS
103590.KS
103590.KS
103590.KS
104480.KQ
104700.KS
105630.KS
106240.KQ
108320.KQ
108670.KS
108670.KS
108670.KS
108670.KS
111770.KS
112610.KS
114120.KQ
114120.KQ
114120.KQ
115160.KQ
117580.KS
117930.KS
117930.KS
1186.HK
120110.KS
120110.KS
120110.KS
120110.KS
120110.KS
120110.KS
120110.KS
122350.KQ
122350.KQ
122350.KQ
122350.KQ
122690.KQ
122690.KQ
122690.KQ
122690.KQ
122690.KQ
122690.KQ
122690.KQ
122870.KQ
122900.KS
123040.KQ
128820.KS
128820.KS
128940.KS
130960.KQ
1332.T
136480.KQ
138250.KS
139480.KS
139480.KS
145990.KS
145990.KS
145990.KS
145990.KS
145990.KS
145990.KS
145990.KS
1605.T
161890.KS
161890.KS
1801.T
1802.T
1802.T
180640.KS
180640.KS
180640.KS
180640.KS
183190.KS
1860.T
1925.T
1925.T
1928.T
1928.T
192820.KS
1963.T
2002.TW
2002.TW
2002.TW
2002.TW
2002q.L
2002q.L
2002q.L
2002q.L
200670.KQ
200880.KS
213500.KS
214320.KS
215200.KQ
2181.T
2181.T
2212.T
222800.KQ
2264.T
2264.T
2269.T
2269.T
2270.T
2296.T
2317.TW
2317q.L
2318.HK
2324.TW
2330.TW
2356.TW
2356.TW
2357.TW
237690.KQ
237690.KQ
2433.T
2502.T
2503.T
2503.T
2580.T
2593.T
2593.T
2593.T
2593.T
2651.T
2692.T
2692.T
2730.T
2730.T
2733.T
2768.T
2768.T
2784.T
2802.T
2809.T
2871.T
2897.T
2914.T
3065.T
3065.T
3086.T
3088.T
3103.T
3103.T
3103.T
3103.T
3141.T
3151.T
3222.T
3222.T
3231.TW
3231q.L
3240q.L
3291.T
3349.T
3382.T
3382.T
3391.T
3401.T
3401.T
3402.T
3402.T
3405.T
3407.T
3702.TW
3738.T
3760.T
3863.T
3863.T
3941.T
4004.T
4004.T
4005.T
4042.T
4043.T
4043.T
4043.T
4063.T
4088.T
4091.T
4118.T
4182.T
4188.T
4188.T
4208.T
4217.T
4266q.BE
4307.T
4452.T
4452.T
4502.T
4502.T
4506.T
4508.T
4578.T
4612.T
4631.T
4676.T
4689.T
4755.T
4768.T
4768.T
4901.T
4901.T
4902.T
4911.T
5012.T
5018.T
5018.T
5019.T
5020.T
5021.T
5108.T
5110.T
5202.T
5233.T
5332.T
5401.T
5401.T
5406.T
5406.T
5413.T
5413.T
5471.T
5486.T
5703.T
5713.T
5741.T
5801.T
5802.T
5802.T
5938.T
5991.T
600028.SS
600028.SS
600104.SS
600104.SS
601186.SS
601318.SS
601390.SS
601390.SS
601628.SS
601668.SS
601668.SS
601668.SS
601668.SS
601668.SS
601668.SS
601668.SS
601668.SS
601857.SS
601857.SS
601857.SS
6178.T
6201.T
6288.HK
6301.T
6302.T
6305.T
6305.T
6326.T
6367.T
6367.T
6472.T
6473.T
6479.T
6501.T
6501.T
6503.T
6504.T
6586.T
6588.T
6594.T
6594.T
6657q.L
6724.T
6724.T
6740.T
6753.T
6753.T
6753.T
6753.T
6753.T
6753.T
6758.T
6762.T
6902.T
6981.T
6988.T
6988.T
7003.T
7011.T
7012.T
7013.T
7013.T
7181.T
7201.T
7201.T
7202.T
7203.T
7203.T
7203.T
7203.T
7203.T
7203.T
7203.T
7203.T
7203.T
7203.T
7205.T
7211.T
7240.T
7248.T
7259.T
7261.T
7261.T
7267.T
7269.T
7270.T
7270.T
7272.T
7272.T
7276.T
7276.T
7282.T
7312.T
7485.NG
7532.T
7532.T
7550.T
7649.T
7731.T
7733.T
7751.T
8002.T
8002.T
8012.T
8015.T
8020.T
8020.T
8028.T
8032.T
8036.T
8053.T
8058.T
8060.T
8097.T
8097.T
8098.T
8098.T
8113.T
8129.T
8133.T
8194.T
8233.T
8233.T
8242.T
8270.T
8282.T
8283.T
8424.T
8439.T
8585.T
8585.T
8585.T
8585.T
8585.T
8585.T
8585.T
8593.T
8593.T
8604.T
8766.T
8801.T
8801.T
8802.T
8802.T
8830.T
8840.T
8840.T
8840.T
8848.T
9001.T
9007.T
9020.T
9020.T
9021.T
9021.T
9022.T
9024.T
9024.T
9042.T
9042.T
9064.T
9065.T
9065.T
9069.T
9076.T
9076.T
9101.T
9104.T
9201.T
9202.T
9202.T
9375.T
9432.T
9433.T
9435.T
9437.T
9501.T
9501.T
9501.T
9501.T
9501.T
9501.T
9501.T
9501.T
9501.T
9502.T
9502.T
9504.T
9504.T
9505.T
9506.T
9507.T
9507.T
9508.T
9508.T
9508.T
9508.T
9508.T
9509.T
9509.T
9509.T
9509.T
9509.T
9509.T
9509.T
9531.T
9532.T
9603.T
9613.T
9735.T
9735.T
9869.T
9948.T
9983.T
AALI.JK
AC.PS
AC.PS
AC.PS
AC.PS
AC.PS
AC.PS
AC.PS
AC.PS
ACES.JK
ACST.JK
ADES.JK
ADES.JK
ADHI.JK
ADHI.JK
ADMF.JK
AFKS.MM
AGUAa.SN
AGUAb.SN
AKOa
AKOa
AKOa.SN
AKOa.SN
AKOb
AKOb
ALI.PS
ALI.PS
ALI.PS
ALKA.JK
ALMI.JK
AMAG.JK
AMFG.JK
AMFG.JK
AMOV.O
AMX
AMXA.MX
AMXAA.MX
AMXL.MX
AND_pb.SN
AND_pb.SN
ANTM.JK
ANTM.JK
ANTM.JK
ANTM.JK
ANTM.JK
ANTM.JK
ANTM.JK
ANTM.JK
ANTM.JK
APLN.JK
APOL.JK
ASGR.JK
ASII.JK
ASII.JK
ASRI.JK
ASRI.JK
ASSA.JK
ATIC.JK
ATM.AX
ATM.AX
ATM.AX
ATM.AX
ATM.AX
ATM.AX
ATM.AX
ATM.AX
ATM.AX
AUTO.JK
BATA.JK
BATA.JK
BCAP.JK
BHIT.JK
BIKA.JK
BISI.JK
BISI.JK
BLTZ.JK
BMSR.JK
BMSR.JK
BMTR.JK
BMTR.JK
BOLT.JK
BOLT.JK
BP
BP.L
BP.L
BPEz.F
BPEz.F
BUKK.JK
BUKK.JK
BUMI.SI
BUP.SN
BWPT.JK
BWPT.JK
CAJ
CASS.JK
CCB.CN
CCB.CN
CCB.CN
CCB.CN
CCB.CN
CCB.CN
CCB.CN
CCU
CCU.SN
CEN.SN
CGD.SN
CHLC.SN
CHT.SN
CHT.SN
CMNP.JK
CMNP.JK
CNCO.K
CNKO.JK
COAL.NS
CON.CN
CON.CN
COWL.JK
CPIN.JK
CPRO.JK
CRT.CN
CRT.CN
CRZ.SN
CRZ.SN
CSAP.JK
CSAP.JK
CTRA.JK
CTRS.JK
CTV.CN
CTV.CN
DAJK.JK
DCM
DGIK.JK
DILD.JK
DILD.JK
DLTA.JK
DMAS.JK
DMAS.JK
DSFI.JK
DSNG.JK
DUTI.JK
DUTI.JK
DVLA.JK
DVLA.JK
DYAN.JK
DYAN.JK
ECII.JK
EEB.CN
EEB.CN
ELM.SN
ELSA.JK
ELSA.JK
EMTK.JK
EMTK.JK
ENCH.SN
ENDA.SN
ENDC.SN
ENDC.SN
ENIC.K
EOCA.K
EOCC.K
EOCC.K
ERAA.JK
ERAA.JK
FAL.SN
FAST.JK
FASW.JK
FEES.MM
FEESq.L
FHT.CN
FPH.PS
FREN.JK
GAS.SN
GDST.JK
GDST.JK
GEMA.JK
GJTL.JK
GJTL.JK
GPRL.SI
HAGq.L
HDFC.NS
HDTX.JK
HERO.JK
HERO.JK
HMC
HMSP.JK
HMSP.JK
HMSP.JK
HYDR.MM
HYDRq.L
IAM.SN
ICBP.JK
ICBP.JK
IDEL.BO
IDPR.JK
IEC.BK
IECf.BK
IECn.BK
IGAR.JK
ILC.SN
ILFT.NS
IMAS.JK
IMI.CN
IMId.CN
IMJS.JK
IMJS.JK
IMPC.JK
INAF.JK
INAI.JK
INDS.JK
INFY.K
INFY.K
INFY.NS
INFY.NS
INPP.JK
INTA.JK
INTP.JK
INVS.JK
ISA.CN
ISA.CN
ISAT.JK
ISG.CN
ISSP.JK
IX
IX
JAWA.JK
JECC.JK
JGS.PS
JGS.PS
JGS.PS
JGS.PS
JKON.JK
JPFA.JK
JSMR.JK
JSMR.JK
KAEF.JK
KBLI.JK
KBLI.JK
KBLM.JK
KDSI.JK
KIAS.JK
KMGq.L
KMGq.L
KOIN.JK
KPIG.JK
LAF.SN
LINK.JK
LINK.JK
LION.JK
LKOH.MM
LKOHyq.L
LPCK.JK
LPGI.JK
LPKR.JK
LPL
LSIP.JK
MAIN.JK
MAPI.JK
MERK.JK
META.JK
MFIN.JK
MIDI.JK
MIDI.JK
MIKA.JK
MKPI.JK
MLBI.JK
MLIA.JK
MLPL.JK
MLPT.JK
MLPT.JK
MOLB.BU
MOLB.BU
MOLB.BU
MOLB.BU
MPI.PS
MPI.PS
MPPA.JK
MREI.JK
MTDL.JK
MTEL.BU
MTLA.JK
MYOR.JK
MYOR.JK
MYRX.JK
MYRX.JK
NCH.CN
NCH.CN
NIPS.JK
NMR
NRCA.JK
NTT
NVTK.MM
NVTKq.L
ORB.CN
PANR.JK
PDES.JK
PICO.JK
PJAA.JK
PLET.KL
PLET.KL
PLIN.JK
PNIN.JK
PNLF.JK
PPRO.JK
PSDN.JK
PSDN.JK
PTBA.JK
PTPP.JK
PTR
PTR
PTT.BK
PTTf.BK
PTTn.BK
QNN.SN
RCIa.TO
RCIb.TO
REXP.NS
RICY.JK
RIP.SN
RJBI.BO
ROSN.MM
ROSNq.L
ROTI.JK
ROTI.JK
RUIS.JK
RUIS.JK
SAIL.NS
SAILq.L
SAL.SN
SAL.SN
SAME.JK
SAMT.SI
SCBD.JK
SCCO.JK
SCMA.JK
SCPI.JK
SDPC.JK
SGRO.JK
SIDO.JK
SIDO.JK
SILO.JK
SIPD.JK
SKBM.JK
SKLT.JK
SKM
SMAR.JK
SMC.PS
SMC.PS
SMC.PS
SMCB.JK
SMCB.JK
SMRA.JK
SMSM.JK
SNE
SNP
SOBI.JK
SONA.JK
SONA.JK
SPMA.JK
SPMA.JK
SRAJ.JK
SRAJ.JK
SRSN.JK
SRTG.JK
SSAq.L
SSMS.JK
TALF.JK
TATNxq.L
TATNxq.L
TATNxq.L
TATNxq.L
TAXI.JK
TBIG.JK
TBLA.JK
TCID.JK
TEL.PS
TEL.PS
TEL.PS
TEL.PS
TEL.PS
TELE.JK
TFHI.PS
TFHI.PS
TGKA.JK
TGKA.MM
TINS.JK
TIRT.JK
TISC.NS
TISCq.L
TLEVISAA.MX
TLEVISAB.MX
TLEVISAD.MX
TLEVISAL.MX
TLK
TLK
TLKM.JK
TLKM.JK
TLVACPO.MX
TM
TM
TMAS.JK
TOTL.JK
TOTO.JK
TOWR.JK
TRIS.JK
TRST.JK
TSM
TSPC.JK
TTM
TURI.JK
TURI.JK
TV
U.BK
Uf.BK
ULTJ.JK
ULTJ.JK
Un.BK
UNSP.JK
UNSP.JK
UNTR.JK
VBS.CN
VBS.CN
VCO
VCO
VDAN.NS
VSPT3.SA
VSPT4.SA
WICO.JK
WIKA.JK
WIKA.JK
WIKA.JK
WIKA.JK
WIKA.JK
WIKA.JK
WIKA.JK
WIKA.JK
WIKA.JK
WMC.SN
WOMF.JK
WSKT.JK
WSKT.JK
WTON.JK
