000070.KS
000070.KS
000070.KS
000070.KS
000070.KS
000070.KS
000070.KS
000070.KS
000070.KS
000100.KS
000100.KS
000100.KS
000100.KS
000100.KS
000100.KS
000100.KS
000210.KS
000210.KS
000210.KS
000210.KS
000210.KS
000210.KS
000270.KS
000270.KS
000270.KS
000270.KS
000270.KS
000270.KS
000270.KS
000490.KS
000660.KS
000660.KS
000660.KS
000660.KS
000660.KS
000662.SZ
000720.KS
000720.KS
000720.KS
000720.KS
000720.KS
000720.KS
000720.KS
000720.KS
000720.KS
000720.KS
000720.KS
001120.KS
001120.KS
001120.KS
001120.KS
001120.KS
001120.KS
001430.KS
001430.KS
001430.KS
001430.KS
001430.KS
001430.KS
001430.KS
001740.KS
001740.KS
001740.KS
001740.KS
001740.KS
001740.KS
001800.KS
001800.KS
001800.KS
001800.KS
002270.KS
002270.KS
002270.KS
002270.KS
002270.KS
002270.KS
002271.SZ
002310.KS
002310.KS
002310.KS
002310.KS
002310.KS
002310.KS
002310.KS
002534.SZ
002790.KS
002790.KS
002790.KS
002790.KS
002790.KS
002790.KS
002790.KS
003060.KS
003060.KS
003060.KS
003060.KS
003240.KS
003240.KS
003240.KS
003240.KS
003240.KS
003490.KS
003520.KS
003520.KS
003520.KS
003520.KS
003520.KS
003520.KS
003550.KS
003550.KS
003550.KS
003550.KS
003550.KS
003550.KS
003550.KS
003550.KS
003620.KS
003620.KS
003620.KS
003620.KS
003620.KS
003620.KS
003620.KS
003620.KS
004020.KS
004370.KS
004370.KS
004370.KS
004370.KS
004370.KS
004370.KS
004800.KS
004800.KS
004800.KS
005380.KS
005380.KS
005380.KS
005380.KS
005380.KS
005380.KS
005440.KS
005440.KS
005440.KS
005440.KS
005440.KS
005440.KS
005440.KS
005440.KS
005440.KS
005440.KS
005440.KS
005440.KS
005440.KS
005440.KS
005440.KS
005440.KS
005440.KS
005440.KS
005440.KS
005440.KS
005440.KS
005440.KS
005440.KS
005490.KS
005490.KS
005490.KS
005490.KS
005490.KS
005490.KS
005490.KS
005490.KS
005490.KS
005490.KS
005490.KS
005490.KS
005490.KS
005490.KS
005490.KS
005610.KS
005610.KS
005850.KS
005850.KS
005940.KS
005940.KS
005940.KS
005940.KS
005940.KS
005940.KS
005940.KS
005940.KS
005940.KS
005940.KS
005940.KS
005940.KS
005940.KS
005940.KS
005940.KS
005940.KS
005940.KS
005940.KS
005940.KS
006040.KS
006040.KS
006040.KS
006040.KS
006040.KS
006260.KS
006260.KS
006260.KS
006260.KS
006260.KS
006360.KS
006360.KS
006360.KS
006360.KS
006360.KS
006360.KS
006400.KS
006400.KS
006400.KS
006400.KS
006400.KS
006400.KS
006800.KS
006800.KS
006800.KS
006800.KS
006800.KS
006800.KS
006800.KS
006800.KS
006800.KS
006800.KS
006800.KS
006800.KS
006800.KS
006800.KS
006800.KS
006800.KS
006800.KS
007310.KS
007310.KS
007310.KS
007310.KS
007310.KS
007310.KS
007310.KS
007310.KS
007770.KQ
007770.KQ
007770.KQ
007770.KQ
007770.KQ
007860.KS
007860.KS
007860.KS
007860.KS
007860.KS
008490.KS
008490.KS
008490.KS
008490.KS
008490.KS
008490.KS
008490.KS
008560.KS
008560.KS
008560.KS
008560.KS
008560.KS
008560.KS
008560.KS
008560.KS
008560.KS
008560.KS
008560.KS
008560.KS
008560.KS
008560.KS
008560.KS
008560.KS
008930.KS
008930.KS
008930.KS
008930.KS
008930.KS
008930.KS
009150.KS
009150.KS
009150.KS
009150.KS
009150.KS
009150.KS
009150.KS
009150.KS
009150.KS
009240.KS
009240.KS
009240.KS
009240.KS
009240.KS
009240.KS
009240.KS
009240.KS
009580.KS
009580.KS
009580.KS
009580.KS
009580.KS
009580.KS
010140.KS
010140.KS
010780.KS
010780.KS
010780.KS
010780.KS
010780.KS
010780.KS
010950.KS
010950.KS
010950.KS
010950.KS
010950.KS
010950.KS
011070.KS
011070.KS
011070.KS
011170.KS
011170.KS
011170.KS
011170.KS
011170.KS
011170.KS
011210.KS
011210.KS
011210.KS
011210.KS
011210.KS
011210.KS
011210.KS
011210.KS
011780.KS
011780.KS
011780.KS
011780.KS
011780.KS
011780.KS
011780.KS
011780.KS
011780.KS
011780.KS
011780.KS
011790.KS
011790.KS
011790.KS
011790.KS
012330.KS
012330.KS
012330.KS
012330.KS
012330.KS
012330.KS
012330.KS
012330.KS
012330.KS
012330.KS
012330.KS
012330.KS
012330.KS
012630.KS
012630.KS
012630.KS
012630.KS
012630.KS
012630.KS
012630.KS
014820.KS
014820.KS
014820.KS
014820.KS
014820.KS
014820.KS
014820.KS
016360.KS
016360.KS
016360.KS
016360.KS
016360.KS
016360.KS
016360.KS
016360.KS
016360.KS
016360.KS
016360.KS
016360.KS
016360.KS
016360.KS
016360.KS
016360.KS
016360.KS
016360.KS
016360.KS
016360.KS
017670.KS
017670.KS
017800.KS
017800.KS
017800.KS
018260.KS
018260.KS
018260.KS
018260.KS
018260.KS
018260.KS
018260.KS
018880.KS
018880.KS
021240.KS
021240.KS
021240.KS
021240.KS
021240.KS
023530.KS
023530.KS
023530.KS
023530.KS
023530.KS
023530.KS
023530.KS
023530.KS
023530.KS
023530.KS
023530.KS
023530.KS
023530.KS
023530.KS
023530.KS
023530.KS
023530.KS
023530.KS
023530.KS
023530.KS
023530.KS
023530.KS
023530.KS
023530.KS
023530.KS
023530q.L
023530q.L
023530q.L
023530q.L
023530q.L
023530q.L
023530q.L
023530q.L
023530q.L
023530q.L
023530q.L
023530q.L
023530q.L
023530q.L
023530q.L
023530q.L
023530q.L
023530q.L
023530q.L
023530q.L
023530q.L
023530q.L
023530q.L
023530q.L
023530q.L
025540.KS
025540.KS
025540.KS
025540.KS
025540.KS
025540.KS
025540.KS
025820.KS
025820.KS
025820.KS
025820.KS
025820.KS
025820.KS
028150.KQ
028150.KQ
028150.KQ
028150.KQ
028150.KQ
028150.KQ
028150.KQ
028260.KS
028260.KS
028260.KS
028260.KS
028260.KS
028260.KS
028260.KS
028260.KS
02826K.KS
02826K.KS
02826K.KS
02826K.KS
02826K.KS
02826K.KS
02826K.KS
02826K.KS
028670.KS
028670.KS
028670.KS
028670.KS
028670.KS
028670.KS
030000.KS
030000.KS
030200.KS
030200.KS
030200.KS
030200.KS
030200.KS
030200.KS
030200.KS
030200.KS
030200.KS
032560.KS
032560.KS
032560.KS
032560.KS
032560.KS
032560.KS
033780.KS
033780.KS
033780.KS
033780.KS
033780.KS
033780.KS
033780.KS
033780.KS
033780.KS
033780.KS
033780.KS
033920.KS
033920.KS
033920.KS
033920.KS
033920.KS
033920.KS
033920.KS
033920.KS
033920.KS
034020.KS
034220.KS
034220.KS
034220.KS
034220.KS
034220.KS
034220.KS
034220.KS
034230.KQ
034230.KQ
034230.KQ
034230.KQ
034230.KQ
034230.KQ
034230.KQ
034230.KQ
034730.KS
034730.KS
034730.KS
034730.KS
034730.KS
034730.KS
034730.KS
034730.KS
03473K.KS
03473K.KS
03473K.KS
03473K.KS
03473K.KS
03473K.KS
03473K.KS
03473K.KS
035250.KS
035250.KS
035250.KS
035250.KS
035250.KS
035250.KS
035250.KS
035420.KS
035420.KS
035760.KQ
035760.KQ
035760.KQ
035760.KQ
035760.KQ
035760.KQ
035760.KQ
035760.KQ
035760.KQ
035760.KQ
035760.KQ
036480.KQ
036480.KQ
036480.KQ
036480.KQ
036490.KQ
036490.KQ
036490.KQ
036490.KQ
036530.KS
036530.KS
036530.KS
036530.KS
036530.KS
036530.KS
036530.KS
036530.KS
036530.KS
036530.KS
036530.KS
036530.KS
036530.KS
036530.KS
036530.KS
036530.KS
036530.KS
036530.KS
036530.KS
036530.KS
036530.KS
036530.KS
041960.KQ
041960.KQ
041960.KQ
041960.KQ
042660.KS
042660.KS
042660.KS
042660.KS
042660.KS
042670.KS
042670.KS
042670.KS
042670.KS
042670.KS
042700.KS
042700.KS
042700.KS
042700.KS
042700.KS
042700.KS
042700.KS
047040.KS
047040.KS
047040.KS
047040.KS
047040.KS
047040.KS
047040.KS
047810.KS
047810.KS
047810.KS
047810.KS
047810.KS
047810.KS
047810.KS
047810.KS
047810.KS
047810.KS
047810.KS
047810.KS
047810.KS
051900.KS
051900.KS
051900.KS
051900.KS
051900.KS
051900.KS
051900.KS
051900.KS
051900.KS
051900.KS
052020.KQ
052420.KQ
053210.KS
053210.KS
053210.KS
053210.KS
053210.KS
053210.KS
053210.KS
053210.KS
053210.KS
053210.KS
053210.KS
053210.KS
053210.KS
053210.KS
053210.KS
053210.KS
053210.KS
053210.KS
053210.KS
053210.KS
053210.KS
0538q.L
0538q.L
0538q.L
0538q.L
0538q.L
0538q.L
057050.KS
057050.KS
064350.KS
066570.KS
066570.KS
066570.KS
066570.KS
066970.KQ
068270.KQ
068270.KQ
068270.KQ
068270.KQ
068270.KQ
068270.KQ
068270.KQ
069260.KS
069260.KS
069260.KS
069260.KS
069260.KS
069260.KS
069260.KS
069620.KS
069620.KS
069620.KS
069620.KS
069620.KS
069620.KS
071050.KS
071050.KS
071460.KQ
071460.KQ
072870.KQ
072870.KQ
072870.KQ
072870.KQ
072870.KQ
072870.KQ
073240.KS
073240.KS
073240.KS
073240.KS
073240.KS
078340.KQ
078340.KQ
078520.KS
078520.KS
078520.KS
078930.KS
078930.KS
078930.KS
078930.KS
078930.KS
078930.KS
078930.KS
078930.KS
079160.KS
079160.KS
079160.KS
079160.KS
079160.KS
079160.KS
079160.KS
079160.KS
079950.KQ
079950.KQ
079950.KQ
079950.KQ
079950.KQ
079950.KQ
086280.KS
086280.KS
086280.KS
086280.KS
086280.KS
086280.KS
086280.KS
086280.KS
086280.KS
086280.KS
086280.KS
090430.KS
090430.KS
090430.KS
090430.KS
090430.KS
090430.KS
090430.KS
090430.KS
090430.KS
090430.KS
092730.KQ
092730.KQ
092730.KQ
092730.KQ
092730.KQ
092730.KQ
092730.KQ
092730.KQ
092730.KQ
092730.KQ
092730.KQ
092730.KQ
092730.KQ
092730.KQ
092730.KQ
092730.KQ
092730.KQ
092730.KQ
092730.KQ
096770.KS
096770.KS
096770.KS
096770.KS
096770.KS
097950.KS
097950.KS
097950.KS
097950.KS
097950.KS
097950.KS
097950.KS
098460.KQ
098460.KQ
098460.KQ
098460.KQ
098460.KQ
098460.KQ
098460.KQ
098460.KQ
098460.KQ
098460.KQ
098460.KQ
098460.KQ
098460.KQ
098460.KQ
098460.KQ
098460.KQ
098460.KQ
098460.KQ
098460.KQ
098460.KQ
102940.KQ
102940.KQ
102940.KQ
102940.KQ
102940.KQ
102940.KQ
103140.KS
103140.KS
103140.KS
103140.KS
103140.KS
103140.KS
103140.KS
103140.KS
103140.KS
106190.KQ
106190.KQ
106190.KQ
106190.KQ
106190.KQ
106190.KQ
106190.KQ
108670.KS
108670.KS
111770.KS
111770.KS
1219.TW
1219.TW
1229.TW
1229.TW
1229.TW
1229.TW
1229.TW
1236.TW
1236.TW
1236.TW
1236.TW
1236.TW
1236.TW
128940.KS
128940.KS
128940.KS
128940.KS
128940.KS
128940.KS
128940.KS
1324.TW
1324.TW
139130.KS
139130.KS
139130.KS
139130.KS
139130.KS
1420.T
1420.T
1423.TW
1423.TW
1439.TW
1439.TW
1470.TW
1470.TW
1470.TW
1470.TW
1470.TW
1470.TW
1470.TW
1470.TW
1471.TW
1473.TW
1473.TW
1530.TW
1530.TW
1531.TW
1531.TW
1541.TW
1541.TW
1541.TW
1541.TW
1541.TW
1541.TW
1541.TW
1663.T
1663.T
1702.TW
1702.TW
1702.TW
1702.TW
1702.TW
1702.TW
1707.TW
1707.TW
1707.TW
1707.TW
1707.TW
1707.TW
1707.TW
1707.TW
170900.KS
170900.KS
170900.KS
170900.KS
171120.KQ
171120.KQ
171120.KQ
171120.KQ
171120.KQ
171120.KQ
171120.KQ
1712.TW
1712.TW
1712.TW
1712.TW
1712.TW
1712.TW
1712.TW
1715.TW
1731.TW
1731.TW
1731.TW
1731.TW
1731.TW
1731.TW
1736.TW
1736.TW
1736.TW
1736.TW
1736.TW
1736.TW
1736.TW
1739.T
1739.T
1739.T
1739.T
1810.TW
1810.TW
1810.TW
1810.TW
1810.TW
1811.T
1811.T
1811.T
1811.T
1811.T
1817.TW
1817.TW
1817.TW
1817.TW
1817.TW
1817.TW
1852.T
1852.T
1852.T
1871.T
1871.T
1871.T
1871.T
1871.T
1888.T
1888.T
1899.T
1899.T
1916.T
1916.T
1916.T
192400.KS
192400.KS
192400.KS
192400.KS
192400.KS
192400.KS
1938.T
1938.T
1938.T
1944.T
1954.T
1954.T
1954.T
1954.T
1961.T
1961.T
1961.T
1961.T
1964.T
1979.T
1979.T
1979.T
1984.T
1984.T
1984.T
1984.T
1984.T
1984.T
1984.T
2010.TW
2010.TW
2012.HK
2012.HK
2012.HK
2012.HK
2012.HK
2012.HK
2012.HK
2012.HK
2012.HK
2012.HK
2012.HK
2012.HK
2012.HK
2027.TW
2027.TW
2027.TW
2027.TW
2027.TW
2027.TW
2101.TW
2101.TW
2101.TW
2101.TW
2101.TW
2101.TW
2101.TW
2108.T
2108.T
2131.T
2131.T
2131.T
2131.T
213500.KS
213500.KS
213500.KS
213500.KS
213500.KS
213500.KS
213500.KS
213500.KS
213500.KS
213500.KS
213500.KS
213500.KS
213500.KS
213500.KS
213500.KS
213500.KS
213500.KS
213500.KS
213500.KS
213500.KS
213500.KS
213500.KS
213500.KS
2136.T
2136.T
2136.T
2136.T
2136.T
2146.T
2146.T
2146.T
2173.T
2173.T
2173.T
2173.T
2173.T
2173.T
2173.T
2183.T
2183.T
2191.T
2191.T
2191.T
2191.T
2191.T
2191.T
2226.T
2226.T
2231.TW
2231.TW
226320.KS
226320.KS
226320.KS
226320.KS
226320.KS
226320.KS
226320.KS
226320.KS
226320.KS
2311.T
2311.T
2311.T
2321.T
2321.T
2321.T
2321.T
2321.T
2323.T
2329.T
2329.T
2329.T
2329.T
2329.T
2329.T
2329.T
2329.T
2331.TW
2331.TW
2331.TW
2331.TW
2331.TW
2331.TW
2365.TW
2365.TW
2365.TW
2365.TW
2365.TW
2367.TW
2367.TW
2367.TW
2367.TW
2367.TW
2369.TW
2369.TW
2369.TW
2369.TW
2369.TW
2369.TW
2371.T
2371.T
2371.T
2371.T
2385.TW
2385.TW
2385.TW
2385.TW
2385.TW
2428.TW
2428.TW
2428.TW
2428.TW
2428.TW
2428.TW
2431.TW
2431.TW
2431.TW
2431.TW
2431.TW
2431.TW
2436.T
2436.T
2442.TW
2442.TW
2442.TW
2442.TW
2442.TW
2442.TW
2442.TW
2458.TW
2458.TW
2458.TW
2458.TW
2458.TW
2458.TW
2468.T
2468.T
2468.T
2471.TW
2471.TW
2471.TW
2471.TW
2471.TW
2471.TW
2471.TW
2485.TW
2485.TW
2485.TW
2485.TW
2485.TW
2485.TW
2486.TW
2486.TW
2486.TW
2486.TW
2486.TW
2486.TW
2488.T
2488.T
2489.TW
2489.TW
2489.TW
2489.TW
2489.TW
2489.TW
2489.TW
2489.TW
2489.TW
2605.TW
2605.TW
2605.TW
2605.TW
2605.TW
2605.TW
2605.TW
2666.T
2666.T
2666.T
2666.T
2703.T
2703.T
2703.T
2719.T
2743.T
2743.T
2743.T
2743.T
2743.T
2750.T
2750.T
2750.T
2750.T
2750.T
2750.T
2750.T
2750.T
2754.T
2754.T
2754.T
2754.T
2763.T
2763.T
2763.T
2763.T
2763.T
2764.T
2764.T
2764.T
2764.T
2764.T
2764.T
2764.T
2764.T
2764.T
2764.T
2764.T
2764.T
2764.T
2764.T
2764.T
2764.T
2764.T
2764.T
2764.T
2764.T
2764.T
2764.T
2768.T
2768.T
2877.T
2877.T
2877.T
2877.T
2877.T
2917.T
2917.T
2917.T
300275.SZ
300275.SZ
300275.SZ
300275.SZ
3042.T
3042.T
3057.TW
3057.TW
3057.TW
3057.TW
3057.TW
3057.TW
3057.TW
3057.TW
3068.T
3068.T
3068.T
3068.T
3068.T
3069.T
3069.T
3069.T
3069.T
3164.TW
3165.T
3165.T
3165.T
3165.T
3205.TWO
3205.TWO
3205.TWO
3205.TWO
3205.TWO
3205.TWO
3221.TWO
3221.TWO
3221.TWO
3221.TWO
3226.TWO
3226.TWO
3226.TWO
3226.TWO
3226.TWO
3240q.L
3240q.L
3240q.L
3240q.L
3240q.L
3284.T
3284.T
3284.T
3288.T
3288.T
3291.T
3388.TWO
3388.TWO
3388.TWO
3388.TWO
3388.TWO
3388.TWO
3388.TWO
3388.TWO
3388.TWO
3390.T
3390.T
3390.T
3390.T
3390.T
3393.T
3393.T
3406.TW
3406.TW
3406.TW
3406.TW
3406.TW
3406.TW
3406.TW
3424.T
3424.T
3428.TWO
3428.TWO
3428.TWO
3428.TWO
3428.TWO
3428.TWO
3428.TWO
3431.T
3431.T
3431.T
3431.T
3443.T
3443.T
3443.T
3443.T
3465.T
3465.T
3465.T
3515.T
3515.T
3515.T
3515.T
3515.T
3533.TW
3533.TW
3556.TWO
3556.TWO
3556.TWO
3556.TWO
3556.TWO
3557.TW
3557.TW
3557.TW
3557.TW
3557.TW
3557.TW
3641.T
3641.T
3664.T
3664.T
3664.T
3687.T
3687.T
3687.T
3689.T
3689.T
3694.TW
3694.TW
3694.TW
3694.TW
3694.TW
3694.TW
3758.T
3758.T
3798.T
3798.T
3798.T
3798.T
3798.T
3798.T
3798.T
3798.T
3798.T
3798.T
3798.T
3798.T
3817.T
3817.T
3864.T
3864.T
3864.T
3877.T
3877.T
3877.T
3877.T
3877.T
3877.T
3953.T
3953.T
3953.T
3953.T
4107.TWO
4107.TWO
4107.TWO
4107.TWO
4107.TWO
4107.TWO
4107.TWO
4116.T
4116.T
4138.TWO
4138.TWO
4138.TWO
4138.TWO
4138.TWO
4138.TWO
4138.TWO
4138.TWO
4161.TWO
4161.TWO
4161.TWO
4161.TWO
4161.TWO
4173.TWO
4173.TWO
4173.TWO
4173.TWO
4173.TWO
4173.TWO
4190.TW
4190.TW
4190.TW
4190.TW
4190.TW
4190.TW
4190.TW
4190.TW
4203.T
4203.T
4242.T
4242.T
4242.T
4266q.BE
4266q.BE
4266q.BE
4266q.BE
4266q.BE
4288.T
4288.T
4288.T
4288.T
4344.T
4344.T
4344.T
4356.T
4356.T
4365.T
4365.T
4406.T
4406.T
4406.T
4406.T
4406.T
4406.T
4406.T
4406.T
4406.T
4406.T
4406.T
4406.T
4406.T
4406.T
4406.T
4406.T
4406.T
4406.T
4406.T
4406.T
4406.T
4406.T
4406.T
4452.T
4554.T
4554.T
4574.T
4574.T
4576.T
4576.T
4576.T
4582.T
4587.T
4587.T
4611.T
4611.T
4667.T
4667.T
4667.T
4667.T
4667.T
4667.T
4667.T
4708.T
4708.T
4708.T
4746.TW
4746.TW
4746.TW
4746.TW
4746.TW
4746.TW
4746.TW
4746.TW
4755.TW
4755.TW
4755.TW
4755.TW
4755.TW
4755.TW
4776.T
4776.T
4776.T
4776.T
4776.T
4776.T
4776.T
4814.T
4814.T
4814.T
4814.T
4819.T
4819.T
4819.T
4849.T
4849.T
4849.T
4849.T
4849.T
4849.T
4942.TW
4942.TW
4942.TW
4942.TW
4942.TW
4978.T
4984.TW
4984.TW
4998.T
4998.T
5101.T
5101.T
5101.T
5101.T
5161.T
5161.T
5161.T
5161.T
5161.T
5269.T
5269.T
5269.TW
5269.TW
5269.TW
5269.TW
5269.TW
5269.TW
5269.TW
5269.TW
5381.T
5381.T
5381.T
5381.T
5381.T
5381.T
5381.T
5413.T
5413.T
5413.T
5413.T
5413.T
5538.TW
5538.TW
5658.T
5658.T
5945.T
5945.T
5945.T
5945.T
5945.T
5945.T
5945.T
600756.SS
600859.SS
6030.T
6030.T
6030.T
6030.T
6055.T
6055.T
6055.T
6063.T
6063.T
6071.T
6071.T
6071.T
6112.TW
6112.TW
6112.TW
6112.TW
6112.TW
6133.TW
6133.TW
6133.TW
6133.TW
6133.TW
6133.TW
6133.TW
6133.TW
6136.TW
6136.TW
6136.TW
6136.TW
6136.TW
6136.TW
6136.TW
6165.TW
6165.TW
6165.TW
6165.TW
6165.TW
6165.TW
6174.TWO
6174.TWO
6174.TWO
6174.TWO
6174.TWO
6174.TWO
6174.TWO
6184.TW
6184.TW
6184.TW
6184.TW
6184.TW
6184.TW
6205.TW
6205.TW
6205.TW
6205.TW
6205.TW
6205.TW
6214.TW
6214.TW
6215.TW
6216.TW
6216.TW
6254.T
6254.T
6254.T
6254.T
6258.T
6258.T
6286.T
6286.T
6286.T
6286.T
6286.T
6290.TWO
6290.TWO
6290.TWO
6290.TWO
6290.TWO
6290.TWO
6290.TWO
6302.T
6302.T
6302.T
6302.T
6302.T
6306.T
6306.T
6306.T
6306.T
6306.T
6306.T
6306.T
6306.T
6363.T
6363.T
6363.T
6363.T
6363.T
6363.T
6363.T
6363.T
6363.T
6363.T
6363.T
6363.T
6406.T
6406.T
6406.T
6406.T
6406.T
6406.T
6406.T
6406.T
6416.T
6416.T
6430.T
6430.T
6430.T
6430.T
6430.T
6430.T
6430.T
6430.T
6430.T
6430.T
6445.T
6445.T
6445.T
6449.TW
6449.TW
6458.T
6458.T
6458.T
6488.TWO
6488.TWO
6488.TWO
6488.TWO
6488.TWO
6488.TWO
6488.TWO
6488.TWO
6513.T
6517.T
6517.T
6552.TWO
6552.TWO
6552.TWO
6552.TWO
6552.TWO
6552.TWO
6569.TWO
6569.TWO
6569.TWO
6569.TWO
6569.TWO
6569.TWO
6615.T
6615.T
6615.T
6615.T
6628.T
6636.T
6657q.L
6657q.L
6657q.L
6657q.L
6662.T
6662.T
6662.T
6662.T
6662.T
6662.T
6755.T
6755.T
6787.T
6787.T
6787.T
6787.T
6787.T
6819.T
6819.T
6835.T
6835.T
6835.T
6835.T
6835.T
6835.T
6835.T
6838.T
6838.T
6840.T
6840.T
6852.T
6852.T
6852.T
6852.T
6862.T
6862.T
6862.T
6879.T
6879.T
6879.T
6879.T
6879.T
6879.T
6896.NG
6896.NG
6918.T
6918.T
6942.T
6942.T
6944.T
6944.T
6944.T
6944.T
6944.T
6951.T
6951.T
6951.T
6951.T
6951.T
6951.T
6951.T
6962.T
6962.T
6989.T
6989.T
6989.T
6989.T
6989.T
7157.T
7157.T
7157.T
7173.T
7173.T
7173.T
7173.T
7180.T
7180.T
7180.T
7180.T
7181.T
7181.T
7181.T
7181.T
7181.T
7182.T
7182.T
7215.T
7224.T
7247.T
7247.T
7255.T
7255.T
7255.T
7255.T
7264.T
7264.T
7266.T
7280.T
7280.T
7280.T
7291.T
7291.T
7291.T
7294.T
7294.T
7294.T
7294.T
7294.T
7309.T
7426.T
7426.T
7426.T
7426.T
7426.T
7426.T
7426.T
7426.T
7426.T
7426.T
7426.T
7462.T
7462.T
7462.T
7462.T
7462.T
7462.T
7462.T
7522.T
7522.T
7522.T
7522.T
7555.T
7555.T
7555.T
7555.T
7555.T
7555.T
7555.T
7571.T
7571.T
7571.T
7571.T
7635.T
7635.T
7635.T
7635.T
7638.T
7638.T
7638.T
7638.T
7638.T
7715.T
7715.T
7715.T
7715.T
7715.T
7715.T
7749.T
7749.T
7752.T
7779.T
7779.T
7779.T
7779.T
7779.T
7780.T
7780.T
7780.T
7780.T
7780.T
7780.T
7814.T
7814.T
7814.T
7814.T
7832.T
7832.T
7832.T
7832.T
7832.T
7832.T
7832.T
7837.T
7837.T
7837.T
7837.T
7849.T
7849.T
7863.T
7863.T
7863.T
7863.T
7863.T
7863.T
7863.T
7927.T
7927.T
7927.T
7927.T
7927.T
7952.T
7952.T
7952.T
7952.T
7952.T
7952.T
7952.T
7986.T
7986.T
7987.T
7987.T
7987.T
7987.T
7987.T
7987.T
7987.T
7987.T
7991.T
7991.T
7999.T
7999.T
7999.T
7999.T
8016.TW
8016.TW
8016.TW
8016.TW
8016.TW
8016.TW
8016.TW
8016.TW
8016.TW
8021.TW
8021.TW
8021.TW
8021.TW
8021.TW
8021.TW
8021.TW
8038.TWO
8038.TWO
8038.TWO
8038.TWO
8038.TWO
8054.TWO
8054.TWO
8054.TWO
8054.TWO
8054.TWO
8054.TWO
8059.HK
8070.TW
8070.TW
8074.TWO
8074.TWO
8074.TWO
8074.TWO
8074.TWO
8103.HK
8103.HK
8127.HK
8127.HK
8127.HK
8127.HK
8127.HK
8127.HK
8127.HK
8127.HK
8130.HK
8130.HK
8130.HK
8130.HK
8130.HK
8130.HK
8130.HK
8130.HK
8130.HK
8130.HK
8130.HK
8130.HK
8130.HK
8130.HK
8132.HK
8132.HK
8132.HK
8132.HK
8132.HK
8133.HK
8133.HK
8171.HK
8171.HK
8191.T
8191.T
8191.T
8210.TW
8210.TW
8210.TW
8210.TW
8210.TW
8210.TW
8210.TW
8210.TW
8213.TW
8213.TW
8213.TW
8213.TW
8213.TW
8215.T
8215.T
8215.T
8215.T
8215.T
8215.T
8215.T
8225.T
8225.T
8225.T
8225.T
8225.T
8225.T
8228.HK
8228.HK
8245.HK
8245.HK
8245.HK
8266.HK
8266.HK
8266.HK
8266.HK
8266.HK
8266.HK
8266.HK
8266.HK
8266.HK
8281.T
8281.T
8282.HK
8282.HK
8282.HK
8306.T
8306.T
8306.T
8310.HK
8310.HK
8311.HK
8316.HK
8316.HK
8316.T
8316.T
8316.T
8316.T
8316.T
8336.HK
8336.HK
8336.HK
8336.HK
8344.T
8344.T
8367.T
8367.T
8374.T
8374.T
8374.T
8374.T
8374.T
8374.T
8386.T
8386.T
8386.T
8386.T
8386.T
8386.T
8386.T
8386.T
8386.T
8392.T
8392.T
8393.T
8393.T
8393.T
8396.T
8396.T
8396.T
8398.FU
8398.FU
8398.FU
8508.T
8508.T
8508.T
8508.T
8558.T
8558.T
8558.T
8558.T
8591.T
8591.T
8591.T
8591.T
8591.T
8591.T
8596.FU
8596.FU
8596.FU
8596.FU
8596.FU
8616.T
8616.T
8616.T
8616.T
8616.T
8714.T
8714.T
8714.T
8714.T
8729.T
8729.T
8729.T
8729.T
8729.T
8729.T
8746.T
8750.T
8750.T
8750.T
8750.T
8750.T
8750.T
8750.T
8798.T
8798.T
8798.T
8798.T
8798.T
8830.T
8830.T
8890.T
8890.T
8890.T
8890.T
8917.TWO
8917.TWO
8917.TWO
8917.TWO
8917.TWO
8917.TWO
8917.TWO
8917.TWO
8917.TWO
8917.TWO
8938.T
8938.T
8938.TWO
8938.TWO
8938.TWO
8938.TWO
8938.TWO
8938.TWO
8938.TWO
8942.TWO
8942.TWO
9012.T
9012.T
9012.T
9035.FU
9035.FU
9035.FU
9052.T
9052.T
9052.T
9085.SP
9085.SP
9085.SP
9085.SP
9085.SP
9085.SP
9310.T
9310.T
9359.NG
9359.NG
9359.NG
9359.NG
9359.NG
9416.T
9416.T
9416.T
9421.T
9421.T
9421.T
9423.T
9423.T
9441.T
9441.T
9446.T
9467.T
9467.T
9467.T
9508.T
9605.T
9605.T
9605.T
9633.T
9633.T
9633.T
9641.T
9641.T
9641.T
9641.T
9695.T
9695.T
9695.T
9695.T
9695.T
9695.T
9704.T
9704.T
9704.T
9704.T
9704.T
9704.T
9704.T
9723.T
9723.T
9747.T
9758.T
9758.T
9852.T
9852.T
9852.T
9867.T
9867.T
9867.T
9867.T
9895.T
9895.T
9906.TW
9906.TW
9933.TW
9933.TW
9933.TW
9933.TW
9933.TW
9933.TW
9934.TW
9934.TW
9934.TW
9934.TW
9934.TW
9934.TW
9964.T
9964.T
9964.T
9992.T
9992.T
9992.T
9992.T
AAP
AAP
AAP
AAP
AAP
AAP
AAP
AAP
AAP
AAP
AAP
AAP
AAP
AAP
ABCP.WA
ABCP.WA
ABCP.WA
ABCP.WA
ABCP.WA
ABCP.WA
ABCP.WA
ABCP.WA
ABEO.O
ABEO.O
ABEO.O
ABEO.O
ABEO.O
ABEO.O
ABIO.O
ABIO.O
ABIO.O
ABIO.O
ABIO.O
ABIO.O
ABIO.O
ABR
ABR
ABR
ABR
ABR
ABR
ABSP.WA
ACTI.ST
ACUR.O
ADESE.IS
ADLG.DE
ADLG.DE
ADLG.DE
ADLG.DE
ADLG.DE
ADLG.DE
ADMP.O
ADMP.O
ADMP.O
ADMP.O
ADWa.TO
ADWa.TO
ADWa.TO
ADWa.TO
ADWa.TO
ADWa.TO
ADWa.TO
ADWa.TO
ADWa.TO
ADWa.TO
ADWa.TO
ADWa.TO
ADWa.TO
ADWb.TO
ADWb.TO
ADWb.TO
ADWb.TO
ADWb.TO
ADWb.TO
ADWb.TO
ADWb.TO
ADWb.TO
ADWb.TO
ADWb.TO
ADWb.TO
ADWb.TO
AETI.O
AETI.O
AETI.O
AETI.O
AETI.O
AETI.O
AETI.O
AETI.O
AFSI.O
AFSI.O
AFSI.O
AFSI.O
AFSI.O
AFSI.O
AFSI.O
AFSI.O
AFSI.O
AFSI.O
AFSI.O
AFSI.O
AFSI.O
AFSI.O
AFSI.O
AFSI_pb.K
AFSI_pb.K
AFSI_pb.K
AFSI_pb.K
AFSI_pb.K
AFSI_pb.K
AFSI_pb.K
AFSI_pb.K
AFSI_pb.K
AFSI_pb.K
AFSI_pb.K
AFSI_pb.K
AFSI_pb.K
AFSI_pb.K
AFSI_pb.K
AFSI_pc.K
AFSI_pc.K
AFSI_pc.K
AFSI_pc.K
AFSI_pc.K
AFSI_pc.K
AFSI_pc.K
AFSI_pc.K
AFSI_pc.K
AFSI_pc.K
AFSI_pc.K
AFSI_pc.K
AFSI_pc.K
AFSI_pc.K
AFSI_pc.K
AFSI_pd.K
AFSI_pd.K
AFSI_pd.K
AFSI_pd.K
AFSI_pd.K
AFSI_pd.K
AFSI_pd.K
AFSI_pd.K
AFSI_pd.K
AFSI_pd.K
AFSI_pd.K
AFSI_pd.K
AFSI_pd.K
AFSI_pd.K
AFSI_pd.K
AFSI_pe.K
AFSI_pe.K
AFSI_pe.K
AFSI_pe.K
AFSI_pe.K
AFSI_pe.K
AFSI_pe.K
AFSI_pe.K
AFSI_pe.K
AFSI_pe.K
AFSI_pe.K
AFSI_pe.K
AFSI_pe.K
AFSI_pe.K
AFSI_pe.K
AGI.PS
AGI.PS
AGI.PS
AGI.PS
AGI.PS
AGLE.O
AGLE.O
AGLE.O
AGLE.O
AHGP.O
AKTa.TO
AKTa.TO
AKTb.TO
AKTb.TO
ALACI.PA
ALACI.PA
ALACI.PA
ALACI.PA
ALACI.PA
ALACI.PA
ALACI.PA
ALACI.PA
ALACI.PA
ALACI.PA
ALAQU.PA
ALHI.PS
ALHI.PS
ALHI.PS
ALHI.PS
ALHI.PS
ALHI.PS
ALHI.PS
ALHI.PS
ALHI.PS
ALHI.PS
ALHI.PS
ALHI.PS
ALHI.PS
ALHI.PS
ALHI.PS
ALHI.PS
ALHI.PS
ALHI.PS
ALHI.PS
ALHI.PS
ALHI.PS
ALLGb.ST
ALLGb.ST
ALLGb.ST
ALLGb.ST
ALLGb.ST
ALLGb.ST
ALLGb.ST
ALLGb.ST
ALLGb.ST
ALLGb.ST
ALQA.O
ALQA.O
ALQA.O
ALQA.O
ALQA.O
ALQA.O
ALUP11.SA
ALUP11.SA
ALUP11.SA
ALUP11.SA
ALUP11.SA
ALUP11.SA
ALUP11S.SA
ALUP11S.SA
ALUP11S.SA
ALUP11S.SA
ALUP11S.SA
ALUP11S.SA
ALUP11T.SA
ALUP11T.SA
ALUP11T.SA
ALUP11T.SA
ALUP11T.SA
ALUP11T.SA
ALUP13.SA
ALUP13.SA
ALUP13.SA
ALUP13.SA
ALUP13.SA
ALUP13.SA
ALUP9.SA
ALUP9.SA
ALUP9.SA
ALUP9.SA
ALUP9.SA
ALUP9.SA
AMDA.O
AMDA.O
AMDA.O
ANCB.O
ANCB.O
ANCB.O
ANCB.O
ANCB.O
ANTH.O
ANTH.O
ANTH.O
APPF.O
APPF.O
APPF.O
APPF.O
APPF.O
APTP.WA
APTP.WA
APTP.WA
APTP.WA
APTP.WA
APTP.WA
APTP.WA
APTP.WA
APVO.O
APVO.O
APVO.O
APVO.O
ARCB.O
ARCB.O
ARDM.O
ARDM.O
ARDM.O
ARDM.O
ARG.TO
ARG.TO
ARG.TO
ARG.TO
ARG.TO
ARG.TO
ARG.TO
ARGS.O
ARGS.O
ARGS.O
ARGS.O
ARGS.O
ARGS.O
ARGS.O
ARGS.O
ARGS.O
ARGS.O
ARGS.O
ARISE.ST
ARISE.ST
ARISE.ST
ARISE.ST
ARISE.ST
ARISE.ST
ARISE.ST
ARISE.ST
ARISE.ST
ARISE.ST
ARISE.ST
ARTX.O
ARTX.O
ARTX.O
ARTX.O
ARTX.O
ASTH.WA
ASTH.WA
ASTH.WA
ASTH.WA
ASTH.WA
ASTH.WA
ASTH.WA
ATEC.O
ATEC.O
ATEC.O
ATEC.O
ATEC.O
ATEC.O
ATEC.O
ATEC.O
ATO
ATO
ATO
AVTE.DE
AVTE.DE
AVTE.DE
AVTE.DE
AVTE.DE
AVTE.DE
AVTE.DE
AXTI.O
AXTI.O
AXTI.O
AXTI.O
BAD.TO
BAD.TO
BAD.TO
BAD.TO
BAD.TO
BAD.TO
BAD.TO
BAD.TO
BAHI3.SA
BAHI3.SA
BAHI3.SA
BAHI3.SA
BAHI3.SA
BAHI3.SA
BAHI3.SA
BAHI3.SA
BAMa.TO
BAMa.TO
BAMa.TO
BAMa.TO
BAMa.TO
BAMa.TO
BAMa.TO
BAMa.TO
BAMa.TO
BAX
BAY.BK
BAY.BK
BAY.BK
BAY.BK
BAY.BK
BAY.BK
BAYf.BK
BAYf.BK
BAYf.BK
BAYf.BK
BAYf.BK
BAYf.BK
BAYn.BK
BAYn.BK
BAYn.BK
BAYn.BK
BAYn.BK
BAYn.BK
BBIG.F
BBIG.F
BCRH.K
BCRH.K
BCRH.K
BCRH.K
BCRH.K
BCRH.K
BEL
BEN
BEN
BEN
BEN
BEN
BEN
BEN
BEN
BEN
BEN
BEN
BEN
BEN
BEN
BEN
BEN
BETR.K
BETR.K
BETR.K
BETR.K
BETR.K
BETR.K
BETR.K
BETR.K
BETR.K
BETR.K
BETR.K
BETR.K
BETR.K
BETR.K
BETR.K
BETR.K
BETR.K
BETR.K
BETR.K
BETR.K
BETR.K
BETR.K
BETR.K
BFR
BHB
BHB
BIOL.O
BIOL.O
BIOL.O
BIOL.O
BIOL.O
BIOL.O
BIOT.ST
BIOT.ST
BIOT.ST
BIOT.ST
BIOT.ST
BLU.TO
BLU.TO
BLU.TO
BLU.TO
BLU.TO
BLU.TO
BLU.TO
BLU.TO
BNBR3.SA
BNBR3.SA
BNBR3.SA
BNBR3.SA
BNBR3.SA
BNBR3.SA
BRGE11.SA
BRGE11.SA
BRGE11.SA
BRGE11.SA
BRGE11.SA
BRGE11.SA
BRGE11.SA
BRGE12.SA
BRGE12.SA
BRGE12.SA
BRGE12.SA
BRGE12.SA
BRGE12.SA
BRGE12.SA
BRGE3.SA
BRGE3.SA
BRGE3.SA
BRGE3.SA
BRGE3.SA
BRGE3.SA
BRGE3.SA
BRGE5.SA
BRGE5.SA
BRGE5.SA
BRGE5.SA
BRGE5.SA
BRGE5.SA
BRGE5.SA
BRGE6.SA
BRGE6.SA
BRGE6.SA
BRGE6.SA
BRGE6.SA
BRGE6.SA
BRGE6.SA
BRGE7.SA
BRGE7.SA
BRGE7.SA
BRGE7.SA
BRGE7.SA
BRGE7.SA
BRGE7.SA
BRGE8.SA
BRGE8.SA
BRGE8.SA
BRGE8.SA
BRGE8.SA
BRGE8.SA
BRGE8.SA
BSDE.JK
BSEV3.SA
BSEV3T.SA
BSTG.O
BSTG.O
BSTG.O
BSTG.O
BSTG.O
BSX.TO
BSX.TO
BSX.TO
BSX.TO
BSX.TO
BSX.TO
BSX.TO
BSX.TO
BSX.TO
BSX.TO
BSX.TO
BU.TO
BU.TO
BU.TO
BU.TO
BU.TO
BU.TO
BU.TO
BU.TO
BU.TO
BU.TO
BU.TO
BU.TO
BU.TO
BU.TO
BUFF.O
BURE.ST
BURE.ST
BURE.ST
BURE.ST
BURE.ST
BURE.ST
BURE.ST
BURE.ST
BURE.ST
BYFC.O
BYFC.O
BYFC.O
BYFC.O
BYFC.O
BYFC.O
BYFC.O
BYFC.O
BYFC.O
BYFC.O
BYFC.O
CADOn.S
CADOn.S
CADOn.S
CADOn.S
CADOn.S
CADOn.S
CAS.TO
CAS.TO
CAS.TO
CAS.TO
CAS.TO
CAS.TO
CAS.TO
CAS.TO
CAS.TO
CAS.TO
CAS.TO
CASM.O
CATE.ST
CATE.ST
CATE.ST
CATE.ST
CATE.ST
CATE.ST
CATE.ST
CATE.ST
CATE.ST
CATE.ST
CATE.ST
CATE.ST
CATE.ST
CBLI.O
CBLI.O
CBLI.O
CCF
CCF
CCF
CCF
CCF
CCNE.O
CCUR.O
CCUR.O
CCUR.O
CCUR.O
CCUR.O
CCUR.O
CCUR.O
CCUR.O
CCUR.O
CCUR.O
CDZI.O
CDZI.O
CDZI.O
CDZI.O
CEEB3.SA
CEEB3.SA
CEEB5.SA
CEEB5.SA
CEL.LM
CEMI.O
CEMI.O
CEMI.O
CEMI.O
CEMI.O
CEMI.O
CEMI.O
CEWL.SI
CEWL.SI
CEWL.SI
CEWL.SI
CEWL.SI
CEWL.SI
CEWL.SI
CEWL.SI
CEWL.SI
CEWL.SI
CEWL.SI
CEWL.SI
CFBP.WA
CFBP.WA
CFBP.WA
CFBP.WA
CFBP.WA
CFBP.WA
CFBP.WA
CFBP.WA
CFBP.WA
CFBP.WA
CFBP.WA
CFBP.WA
CFBP.WA
CFBP.WA
CFBP.WA
CFRX.O
CFRX.O
CFRX.O
CFRX.O
CFRX.O
CHKR.K
CHKR.K
CHKR.K
CHKR.K
CHKR.K
CHKR.K
CHKR.K
CHKR.K
CHKR.K
CHKR.K
CHW.TO
CHW.TO
CHW.TO
CHW.TO
CHW.TO
CHW.TO
CHW.TO
CHW.TO
CHW.TO
CHW.TO
CHW.TO
CHW.TO
CHW.TO
CHW.TO
CHW.TO
CHW.TO
CHW.TO
CIDM.O
CIDM.O
CIDM.O
CIDM.O
CIDM.O
CIDM.O
CIDM.O
CIDM.O
CIDM.O
CIDM.O
CIDM.O
CIDM.O
CIDM.O
CIDM.O
CIDM.O
CIDM.O
CIDM.O
CIDM.O
CKE.TO
CKE.TO
CKE.TO
CKE.TO
CKE.TO
CKE.TO
CKE.TO
CKE.TO
CKE.TO
CKE.TO
CLE.V
CLE.V
CLE.V
CLE.V
CLE.V
CLE.V
CLE.V
CLE.V
CLE.V
CLE.V
CLE.V
CLI.V
CLI.V
CLI.V
CLI.V
CLI.V
CLI.V
CLI.V
CLI.V
CLI.V
CLI.V
CLI.V
CLRO.O
CLRO.O
CLRO.O
CLRO.O
CLRO.O
CLRO.O
CLRO.O
CNXR.O
CNXR.O
CNXR.O
COLM.O
CRPG3.SA
CRPG3.SA
CRPG3.SA
CRPG3.SA
CRPG3.SA
CRPG3.SA
CRPG3.SA
CRPG3.SA
CRPG5.SA
CRPG5.SA
CRPG5.SA
CRPG5.SA
CRPG5.SA
CRPG5.SA
CRPG5.SA
CRPG5.SA
CRPG6.SA
CRPG6.SA
CRPG6.SA
CRPG6.SA
CRPG6.SA
CRPG6.SA
CRPG6.SA
CRPG6.SA
CSAL.O
CSAL.O
CSAL.O
CSAL.O
CSAL.O
CSAL.O
CSAL.O
CSX.V
CTRA.JK
CTTS.ST
CTTS.ST
CTTS.ST
CTTS.ST
CTTS.ST
CTTS.ST
CTTS.ST
CTTS.ST
CTTS.ST
CTTS.ST
CTTS.ST
CTTS.ST
CTTS.ST
CUBI.K
CVL.TO
CVL.TO
CVL.TO
CVL.TO
CVL.TO
CVR
CVR
CVR
CVR
CVR
CVR
CVR
CVR
CVR
CVTI.O
CVTI.O
CVTI.O
CVTI.O
CVTI.O
CVTI.O
CVTI.O
CVTI.O
CVTI.O
CVTI.O
CVTI.O
CVTI.O
CVTI.O
CVTI.O
CVTI.O
CVTI.O
CVTI.O
CY.O
CY.O
CY.O
CY.O
CY.O
CY.O
CY.O
CY.O
CY.O
CYAN.O
DA.MI
DA.MI
DA.MI
DA.MI
DBD
DBD
DBD
DBD
DBD
DBD
DBD
DBD
DBD
DBD
DBD
DBD
DBD
DBD
DBD
DBD
DBD
DBD
DBD
DBD
DBD
DBD
DBD
DCC.BK
DCC.BK
DCC.BK
DCC.BK
DCC.BK
DCC.BK
DCC.BK
DCCf.BK
DCCf.BK
DCCf.BK
DCCf.BK
DCCf.BK
DCCf.BK
DCCf.BK
DCCn.BK
DCCn.BK
DCCn.BK
DCCn.BK
DCCn.BK
DCCn.BK
DCCn.BK
DEQGn.DE
DEQGn.DE
DEQGn.DE
DEQGn.DE
DIB.MI
DIB.MI
DIB.MI
DIB.MI
DIB.MI
DIB.MI
DIB.MI
DIB.MI
DIB.MI
DIB.MI
DIB.MI
DIB.MI
DIB.MI
DILD.JK
DLG.MI
DLG.MI
DLG.MI
DLG.MI
DLG.MI
DNAI.O
DNAI.O
DNAI.O
DNAI.O
DNAI.O
DNAI.O
DNAI.O
DNAI.O
DPM.TO
DPM.TO
DPM.TO
DPM.TO
DPM.TO
DPM.TO
DPM.TO
DPM.TO
DPM.TO
DPM.TO
DPM.TO
DRA2.LM
DRA2.LM
DRA2.LM
DRA2.LM
DRA2.LM
DRA2.LM
DRA2.LM
DSS
DSS
DSS
DSS
DSS
DSS
DSS
DUD.WA
DUD.WA
DUD.WA
DUD.WA
DUD.WA
DUD.WA
DXPE.O
DXPE.O
DXPE.O
DXPE.O
EBIO.O
EBIO.O
EBIO.O
EBIO.O
EBIO.O
EBIO.O
EDP.LS
EDP.LS
EDP.LS
EDP.LS
EDP.LS
EDP.LS
EDP.LS
EDP.LS
EDP.LS
EDP.LS
EDP.LS
EDP.LS
EDP.LS
EDP.LS
EDP.LS
EDP.LS
EFC
EFC
EFC
EGPRO.IS
EHT.V
EHT.V
EHT.V
EHT.V
EHT.V
EHT.V
EHT.V
EHT.V
EHT.V
EHT.V
EHT.V
EHT.V
EKP.WA
EKP.WA
EKP.WA
EKP.WA
EKP.WA
EKP.WA
EKP.WA
EKP.WA
EKP.WA
EKP.WA
EKP.WA
EKP.WA
EKP.WA
EKP.WA
EKP.WA
EKP.WA
ELON.O
EMAA.DU
EMAA.DU
EMAA.DU
EMAA.DU
EMAA.DU
EMAA.DU
EMAA.DU
EMAA.DU
EMAA.DU
EMAA.DU
EMAA.DU
EMAA.DU
EMAA.DU
EMAA.DU
EMAA.DU
EMAA.DU
EMAA.DU
EMAA.DU
EMAA.DU
EMAA.DU
EMAA.DU
EMAA.DU
EMAN.K
EMAN.K
EMAN.K
EMAN.K
EMAN.K
EMAN.K
EMCM.WA
EMCM.WA
EMCM.WA
EMCM.WA
EMCM.WA
EMCM.WA
ENEI.MI
ENEI.MI
ENEI.MI
ENEI.MI
ENP.LM
ENP.LM
ENP.LM
ENP.LM
ENP.LM
ENP.LM
ENPi.LM
ENPi.LM
ENPi.LM
ENPi.LM
ENPi.LM
ENPi.LM
ENT.TO
ENT.TO
ENT.TO
ENT.TO
ENT.TO
ENT.TO
ENT.TO
ENT.TO
ENT.TO
ENT.TO
ENT.TO
ENT.TO
ENT.TO
ENT.TO
ENT.TO
ENT.TO
EQB.TO
EQB.TO
EQB.TO
EQB.TO
EQB.TO
EQB.TO
EQB.TO
EQB.TO
EQB.TO
EQB.TO
EQB.TO
EQFN.O
EQFN.O
EQFN.O
EQFN.O
EQFN.O
EQFN.O
ERB.WA
ERB.WA
ERB.WA
ERB.WA
ERB.WA
ERB.WA
ERB.WA
ERB.WA
ERB.WA
ERB.WA
ESEb.LM
ESEb.LM
ESEb.LM
ESEb.LM
ESEb.LM
ESEb.LM
ESEb.LM
ESSP.WA
ESSP.WA
ESSP.WA
ESSP.WA
ETF.V
ETF.V
ETF.V
ETF.V
ETF.V
ETF.V
ETF.V
ETF.V
ETF.V
ETF.V
ETF.V
ETF.V
ETF.V
ETRM.O
EUR.WA
EUR.WA
EUR.WA
EUR.WA
EUR.WA
EVER.PS
EVER.PS
EVER.PS
EVER.PS
EVER.PS
EVER.PS
EVER.PS
EVER.PS
EVER.PS
EVER.PS
EVER.PS
EVER.PS
EVER.PS
EVER.PS
EVER.PS
EVER.PS
EVER.PS
EVK.O
EVK.O
EVK.O
EVK.O
EVSB.BR
EVSB.BR
EVSB.BR
EVSB.BR
EVSB.BR
FBSS.O
FBSS.O
FBSS.O
FBSS.O
FBSS.O
FC
FC
FC
FC
FC
FCAP.O
FCAP.O
FCAP.O
FCAP.O
FCAP.O
FCAP.O
FCAP.O
FCAP.O
FCAP.O
FCAP.O
FCAP.O
FCAP.O
FCAP.O
FEGL.SI
FEGL.SI
FGBI.O
FGBI.O
FGBI.O
FGBI.O
FIMI.MI
FIMI.MI
FJTA3.SA
FJTA3.SA
FJTA3.SA
FJTA3.SA
FJTA3.SA
FJTA3.SA
FJTA4.SA
FJTA4.SA
FJTA4.SA
FJTA4.SA
FJTA4.SA
FJTA4.SA
FLML.O
FLML.O
FLML.O
FLWS.O
FMNB.O
FMNB.O
FMNB.O
FMNB.O
FNB
FNB
FNB_pe
FNB_pe
FORM.O
FREN.JK
FREN.JK
FREN.JK
FSI
FSI
FSI
FSI
FSI
FSI
FSI
FSI
FSLT.SI
FSLT.SI
FSLT.SI
FSLT.SI
FSLT.SI
FSLT.SI
FSLT.SI
FSZ.TO
FSZ.TO
FSZ.TO
FSZ.TO
FSZ.TO
FSZ.TO
FSZ.TO
FSZ.TO
FSZ.TO
FVIG.DE
FVIG.DE
FVIG.DE
FVIG.DE
FVIG.DE
FVT.TA
FVT.TA
FVT.TA
FVT.TA
FVT.TA
FVT.TA
FVT.TA
FVT.TA
FVT.TA
FVT.TA
GDC.TO
GDC.TO
GDC.TO
GDC.TO
GDC.TO
GENI.ST
GENI.ST
GENI.ST
GENI.ST
GENI.ST
GENI.ST
GENI.ST
GENI.ST
GENI.ST
GEO.TO
GEO.TO
GESH.KL
GESH.KL
GESH.KL
GESH.KL
GESH.KL
GESH.KL
GESH.KL
GESH.KL
GESH.KL
GESH.KL
GESH.KL
GKOS.K
GKOS.K
GKOS.K
GKOS.K
GMMG.DE
GMMG.DE
GMMG.DE
GMMG.DE
GNK
GNK
GNK
GOD.OL
GOD.OL
GOD.OL
GOD.OL
GOD.OL
GOD.OL
GOD.OL
GOD.OL
GOD.OL
GOLTS.IS
GOLTS.IS
GOLTS.IS
GUGEO.NGM
GUGEO.NGM
GUSGR.IS
GUSGR.IS
GUSGR.IS
GUSGR.IS
GUSGR.IS
GUSGR.IS
GUSGR.IS
GUSGR.IS
GUSGR.IS
GUSGR.IS
GWRS.O
GWRS.O
GWRS.O
GWRS.O
GWRS.O
GWRS.O
GWRS.O
GWRS.O
HARTb.CO
HARTb.CO
HBMD.O
HBMD.O
HBMD.O
HBMD.O
HBMD.O
HBMD.O
HBMD.O
HBMD.O
HBMD.O
HDDG.DE
HDDG.DE
HDDG.DE
HDDG.DE
HDDG.DE
HDDG.DE
HDDG.DE
HDDG.DE
HDDG.DE
HDDG.DE
HDDG.DE
HDRA.O
HDRA.O
HDRA.O
HDRA.O
HDRA.O
HDRAU.O
HDRAU.O
HDRAU.O
HDRAU.O
HDRAU.O
HEAR.O
HEAR.O
HEAR.O
HEAR.O
HEB
HEB
HEB
HEB
HEB
HEB
HEB
HEB
HEB
HEET.SI
HEET.SI
HEET.SI
HEET.SI
HEET.SI
HEET.SI
HEET.SI
HIDi.LM
HIDi.LM
HIDi.LM
HIDi.LM
HLI
HLI
HLI
HLI
HLI
HLI
HLI
HLI
HTBK.O
HWD.TO
HWD.TO
HWD.TO
HWD.TO
HWD.TO
HWD.TO
IF.MI
IF.MI
IF.MI
IF.MI
IF.MI
IF.MI
IF.MI
IF.MI
IMAS.JK
IMAS.JK
IMAS.JK
IMJS.JK
IMJS.JK
IMJS.JK
IMMY.O
IMMY.O
IMMY.O
IMMY.O
IMMY.O
IMMY.O
IMPC.ST
IMPC.ST
IMPC.ST
IMPC.ST
IMPC.ST
IMPC.ST
IMPC.ST
IMPC.ST
IMPC.ST
IMPC.ST
IMPC.ST
INBK.O
INBK.O
INBK.O
INBK.O
INDES.IS
INDES.IS
ING.LM
ING.LM
ING.LM
ING.LM
ING.LM
INTUCH.BK
INTUCH.BK
INTUCH.BK
INTUCH.BK
INTUCH.BK
INTUCH.BK
INTUCH.BK
INTUCH.BK
INTUCHf.BK
INTUCHf.BK
INTUCHf.BK
INTUCHf.BK
INTUCHf.BK
INTUCHf.BK
INTUCHf.BK
INTUCHf.BK
INTUCHn.BK
INTUCHn.BK
INTUCHn.BK
INTUCHn.BK
INTUCHn.BK
INTUCHn.BK
INTUCHn.BK
INTUCHn.BK
INVE.O
INVE.O
INVE.O
INVE.O
INVE.O
INVE.O
IOT
IOT
IOT
IOT
IOT
IOT
IOT
IOT
IOT
IPE.WA
IPE.WA
IPXP.WA
IPXP.WA
IPXP.WA
IPXP.WA
IPXP.WA
IPXP.WA
IPXP.WA
IPXP.WA
IRCP.O
IRMD.O
IRMD.O
IRMD.O
IRMD.O
IRMD.O
IRMD.O
IRT
IRT
IRT
IRT
ITC.TO
ITC.TO
ITC.TO
ITC.TO
ITC.TO
ITC.TO
ITC.TO
ITC.TO
ITC.TO
IX
IX
IX
IX
IX
IX
JAEREN.OL
JAEREN.OL
JAEREN.OL
JAEREN.OL
JAEREN.OL
JASN.O
JASN.O
JAU.V
JAX
JAX
JAX
KBANK.BK
KBANK.BK
KBANK.BK
KBANK.BK
KBANK.BK
KBANKf.BK
KBANKf.BK
KBANKf.BK
KBANKf.BK
KBANKf.BK
KBANKn.BK
KBANKn.BK
KBANKn.BK
KBANKn.BK
KBANKn.BK
KE.O
KKBE.KL
KKBE.KL
KKBE.KL
KKBE.KL
KKBE.KL
KKBE.KL
KKBE.KL
KKBE.KL
KKBE.KL
KKBE.KL
KKBE.KL
KKBE.KL
KLBF.JK
KLRE.O
KLRE.O
KLRE.O
KLRE.O
KLRE.O
KLRE.O
KLRE.O
KLREU.O
KLREU.O
KLREU.O
KLREU.O
KLREU.O
KLREU.O
KLREU.O
KOSS.O
KOSS.O
KOSS.O
KOSS.O
KOSS.O
KOSS.O
KOSS.O
KOSS.O
KOSS.O
KOSS.O
KOSS.O
KOSS.O
KOSS.O
KOSS.O
KOSS.O
KOSS.O
KOSS.O
KOSS.O
KT
KT
KT
KT
KT
KT
KT
KT
KT
KTB.BK
KTB.BK
KTB.BK
KTB.BK
KTB.BK
KTB.BK
KTB.BK
KTBf.BK
KTBf.BK
KTBf.BK
KTBf.BK
KTBf.BK
KTBf.BK
KTBf.BK
KTBn.BK
KTBn.BK
KTBn.BK
KTBn.BK
KTBn.BK
KTBn.BK
KTBn.BK
LBIP.KL
LBW.WA
LBW.WA
LBW.WA
LCNB.O
LEU
LEU
LEU
LEU
LEU
LGC.TO
LGC.TO
LGC.TO
LGC.TO
LGC.TO
LGC.TO
LGC.TO
LGC.TO
LGC.TO
LGC.TO
LGM.CD
LIFE.O
LIFE.O
LIFE.O
LIFE.O
LIFE.O
LIFE.O
LIGT3.SA
LIGT3.SA
LIGT3.SA
LIGT3.SA
LINC.O
LINC.O
LINC.O
LINC.O
LIO1k.DE
LIO1k.DE
LIO1k.DE
LIO1k.DE
LLC.V
LLC.V
LLC.V
LLC.V
LLC.V
LLC.V
LLC.V
LLC.V
LLC.V
LLC.V
LLC.V
LLC.V
LLC.V
LMAT.O
LMAT.O
LMAT.O
LMAT.O
LMAT.O
LMAT.O
LMAT.O
LMAT.O
LMAT.O
LOGO.IS
LPKG.DE
LPKG.DE
LPKG.DE
LPKG.DE
LPKG.DE
LPKG.DE
LPKG.DE
LPKG.DE
LPKG.DE
LPKG.DE
LPKG.DE
LPKG.DE
LPKR.JK
LPKR.JK
LPKR.JK
LPKR.JK
LPKR.JK
LPL
LPL
LPL
LPL
LPL
LPL
LPL
LPPP.WA
LPPP.WA
LPPP.WA
LPPP.WA
LPPP.WA
LPTH.O
LPTH.O
LTG.PS
LTG.PS
LTLS.JK
LTLS.JK
LTLS.JK
LTLS.JK
LTLS.JK
LUG.WA
LUG.WA
LUG.WA
LUG.WA
LUG.WA
LUG.WA
LUG.WA
LUG.WA
LUG.WA
LUG.WA
LUG.WA
LUG.WA
LUG.WA
LUG.WA
LUG.WA
LUG.WA
LUG.WA
LUG.WA
LUG.WA
LUG.WA
LXFR.K
LXFR.K
LXFR.K
LXFR.K
LXFR.K
LXFR.K
LXFR.K
LXFR.K
MAC.PS
MAC.PS
MAC.PS
MAC.PS
MAC.PS
MAC.PS
MAC.PS
MAC.PS
MAC.PS
MAC.PS
MAC.PS
MAC.PS
MAC.PS
MAC.PS
MAC.PS
MAC.PS
MAC.PS
MAC.PS
MAC.PS
MAC.PS
MAC.V
MAC.V
MAC.V
MAC.V
MAC.V
MAC.V
MACAY.PS
MACAY.PS
MACAY.PS
MACAY.PS
MACAY.PS
MAGN.MM
MAGN.MM
MAGNq.L
MAGNq.L
MAKP.WA
MAKP.WA
MAKP.WA
MAKP.WA
MAX.TO
MAX.TO
MAX.TO
MAX.TO
MAX.TO
MAX.TO
MAX.TO
MAX.TO
MAX.TO
MAX.TO
MAX.TO
MAYA.JK
MBII.O
MBII.O
MCFT.O
MCLP.WA
MCLP.WA
MCLP.WA
MCLP.WA
MCLP.WA
MDGL.O
MDGL.O
MDGL.O
MDGL.O
MDGL.O
MDGL.O
MDGL.O
MDLY.K
MDLY.K
MDLY.K
MDLY.K
MDLY.K
MDLY.K
MDLY.K
MDLY.K
MDLY.K
MDLY.K
MDLY.K
MEDG.DE
MEDG.DE
MEDG.DE
MEDG.DE
MEDG.DE
MEDG.DE
MEDG.DE
MEDG.DE
MEDG.DE
MEDG.DE
MEGH.NS
MEGH.SI
MELG.OL
MELG.OL
MELG.OL
MELG.OL
MELG.OL
MELG.OL
MELG.OL
MELG.OL
MELG.OL
MELG.OL
MELG.OL
MFNC.O
MFNC.O
MFNC.O
MFX.V
MFX.V
MFX.V
MFX.V
MFX.V
MFX.V
MLGP.WA
MMDE.KL
MMDE.KL
MMDE.KL
MMDE.KL
MMDE.KL
MMDE.KL
MMDE.KL
MMDE.KL
MMDE.KL
MMDE.KL
MMDE.KL
MMS
MMS
MMS
MMS
MOGa
MOGa
MOGb
MOGb
MOL.MI
MONP.WA
MONP.WA
MONP.WA
MONP.WA
MONP.WA
MONP.WA
MONP.WA
MONP.WA
MPI.PS
MPI.PS
MPI.PS
MPI.PS
MPI.PS
MPWR.O
MP_pd
MP_pd
MP_pd
MP_pd
MP_pd
MP_pd
MRCC.O
MRCC.O
MRCC.O
MRCC.O
MRCC.O
MRCC.O
MRCC.O
MRCC.O
MRCC.O
MRCC.O
MRCC.O
MRCC.O
MRCC.O
MRD.TO
MRD.TO
MRSA3B.SO
MRSA3B.SO
MRSA3B.SO
MRSA3B.SO
MRSA6B.SO
MRSA6B.SO
MRSA6B.SO
MRSA6B.SO
MSBF.O
MSBF.O
MSBF.O
MSBF.O
MSBF.O
MSBF.O
MSBF.O
MSBF.O
MSBF.O
MUL.SN
MUL.SN
MUL.SN
MUL.SN
MUL.SN
MUL.SN
MUL.SN
MUL.SN
MUL.SN
MYPK3.SA
MYPK3.SA
MYPK3.SA
MYPK3.SA
MYPK3.SA
NBY
NBY
NBY
NBY
NBY
NBY
NBY
NBY
NBY
NCU.TO
NCU.TO
NCU.TO
NCU.TO
NCU.TO
NCU.TO
NCU.TO
NCU.TO
NCU.TO
NCU.TO
NCU.TO
NCU.TO
NCU.TO
NEN
NEN
NEN
NEN
NEN
NEN
NEUP.WA
NEUP.WA
NIF_u.TO
NIF_u.TO
NIF_u.TO
NIF_u.TO
NIF_u.TO
NIF_u.TO
NIF_u.TO
NNVC.K
NNVC.K
NNVC.K
NNVC.K
NNVC.K
NRI.TO
NRI.TO
NRI.TO
NRI.TO
NRI.TO
NRP
NRP
NTRA.O
NTRA.O
NTRA.O
NTRA.O
NTWK.O
NTWK.O
NTWK.O
NTWK.O
NTWK.O
NUHCM.IS
NVET.O
NVET.O
NVET.O
NVET.O
NVET.O
O2Dn.DE
O2Dn.DE
O2Dn.DE
OAKS.K
OAKS.K
OCX
OCX
OCX
OCX
OCX
OFS.O
OFS.O
OFS.O
ONB.O
ONB.O
ONB.O
OPOF.O
OPOF.O
OPOF.O
OPOF.O
OSK.TO
OTEL.O
OTEL.O
OTEL.O
OTEL.O
OTEL.O
OX.V
OX.V
OX.V
OX.V
OX.V
OX.V
OX.V
OX.V
OX.V
PAGP.K
PAGP.K
PAGR.MI
PAGR.MI
PAGR.MI
PAGR.MI
PAGR.MI
PAGR.MI
PAGR.MI
PAGR.MI
PAGR.MI
PAGR.MI
PAGR.MI
PAGR.MI
PAGR.MI
PAGR.MI
PAGR.MI
PAGR.MI
PAGR.MI
PAGR.MI
PAGR.MI
PAGR.MI
PANL.O
PANL.O
PANL.O
PANL.O
PANL.O
PARSN.IS
PAZ.SN
PAZ.SN
PAZ.SN
PAZ.SN
PAZ.SN
PAZ.SN
PAZ.SN
PAZ.SN
PBNC.O
PBNC.O
PBT
PBT
PBT
PBT
PBT
PBT
PBT
PBT
PBT
PBT
PCAR.O
PEKA.WA
PEKA.WA
PEKA.WA
PEKA.WA
PEKA.WA
PERi.LM
PERi.LM
PERi.LM
PERi.LM
PFSW.O
PFSW.O
PFSW.O
PFSW.O
PFSW.O
PFSW.O
PFSW.O
PFSW.O
PFSW.O
PFSW.O
PFSW.O
PFSW.O
PFSW.O
PFSW.O
PFSW.O
PFSW.O
PFSW.O
PFSW.O
PFSW.O
PFSW.O
PH
PHMD.O
PHMD.O
PHMD.O
PHMD.O
PHMD.O
PHMD.O
PHMD.O
PHMD.O
PHMD.O
PHMD.O
PHMD.O
PHMD.O
PHMD.O
PHMD.O
PHMD.O
PHMD.O
PHMD.O
PHMD.O
PHMD.O
PHMD.O
PHMD.O
PI.O
PI.O
PI.O
PKBK.O
PKBK.O
PKBK.O
PKBK.O
PKBK.O
PKBK.O
PKBK.O
PKBK.O
PKX
PKX
PKX
PKX
PKX
PKX
PKX
PKX
PKX
PKX
PKX
PKX
PKX
PKX
PKX
PLAZb.ST
PMAS.KL
PMAS.KL
PMAS.KL
PMAS.KL
PMAS.KL
PMAS.KL
PMAS.KL
PMAS.KL
PMBC.O
PMBC.O
PMBC.O
PMBC.O
PMBC.O
PMCS.KL
PMCS.KL
PMCS.KL
PMCS.KL
PMCS.KL
PMCS.KL
PMCS.KL
PMCS.KL
PMCS.KL
PMCS.KL
PMCS.KL
PNE.TO
PNE.TO
PNE.TO
PNE.TO
PNE.TO
PNE.TO
PNE.TO
POPE.O
POPE.O
POPE.O
POPE.O
POPE.O
PROFb.ST
PROV.O
PROV.O
PROV.O
PROV.O
PROV.O
PROV.O
PRXL.O
PRY.MI
PTPP.JK
PTPP.JK
PTPP.JK
RAPT3.SA
RAPT3.SA
RAPT3.SA
RAPT3.SA
RAPT4.SA
RAPT4.SA
RAPT4.SA
RAPT4.SA
RAYa.TO
RAYa.TO
RAYa.TO
RAYa.TO
RAYa.TO
RAYa.TO
RAYa.TO
RAYa.TO
RAYa.TO
RAYa.TO
RAYa.TO
RAYa.TO
RAYa.TO
RAYb.TO
RAYb.TO
RAYb.TO
RAYb.TO
RAYb.TO
RAYb.TO
RAYb.TO
RAYb.TO
RAYb.TO
RAYb.TO
RAYb.TO
RAYb.TO
RAYb.TO
RDI.O
RDIB.O
RECIb.ST
RECIb.ST
RECIb.ST
RECIb.ST
RECIb.ST
RELV.O
RELV.O
RELV.O
RELV.O
RELV.O
RELV.O
REY.MI
REY.MI
REY.MI
REY.MI
REY.MI
RGNX.O
RGNX.O
RGNX.O
RGNX.O
RGNX.O
RGNX.O
RGNX.O
RGNX.O
RGNX.O
RGSE.O
RMX.TO
RMX.TO
RMX.TO
RMX.TO
RMX.TO
RMX.TO
RMX.TO
RMX.TO
RMX.TO
RMX.TO
RMX.TO
RMX.TO
ROK
ROK
ROX.V
ROX.V
ROX.V
ROX.V
ROX.V
ROX.V
ROX.V
ROX.V
ROYT.K
ROYT.K
ROYT.K
ROYT.K
ROYT.K
ROYT.K
ROYT.K
ROYT.K
RPAD3.SA
RPAD3.SA
RPAD3.SA
RPAD3.SA
RPAD3.SA
RPAD3.SA
RPAD5.SA
RPAD5.SA
RPAD5.SA
RPAD5.SA
RPAD5.SA
RPAD5.SA
RPAD6.SA
RPAD6.SA
RPAD6.SA
RPAD6.SA
RPAD6.SA
RPAD6.SA
RRTS.K
RRTS.K
RRTS.K
RRTS.K
RSO
RSO
RSO
RSO
RXDX.O
RXDX.O
RXDX.O
RXDX.O
RXDX.O
SABF.MI
SABF.MI
SABF.MI
SABF.MI
SABF.MI
SABF.MI
SBOO.OL
SBOO.OL
SBOO.OL
SBOO.OL
SBOO.OL
SBOO.OL
SBOO.OL
SBS
SBSP3.SA
SBVGV.OL
SBVGV.OL
SBVGV.OL
SBVGV.OL
SBVGV.OL
SBVGV.OL
SBVGV.OL
SBVGV.OL
SBVGV.OL
SBVGV.OL
SCB.TO
SCB.TO
SCB.TO
SCB.TO
SCB.TO
SCB.TO
SCB.TO
SCB.TO
SCB.TO
SCC.PS
SCC.PS
SCC.PS
SCC.PS
SCC.PS
SEN.TO
SEN.TO
SEN.TO
SEN.TO
SEN.TO
SEN.TO
SFBC.O
SFBC.O
SFBC.O
SFBC.O
SFBC.O
SFBC.O
SFBC.O
SFBC.O
SFBC.O
SFBC.O
SFBC.O
SFD.TO
SFD.TO
SFD.TO
SFD.TO
SFD.TO
SFD.TO
SFD.TO
SFD.TO
SFD.TO
SFD.TO
SFD.TO
SFD.TO
SFD.TO
SFD.TO
SFD.TO
SFI.PS
SFI.PS
SFI.PS
SFI.PS
SFI.PS
SFI.PS
SFI.PS
SFI.PS
SFI.PS
SFI.PS
SFI.PS
SFI.PS
SFI.PS
SFI.PS
SFI.PS
SFQN.DE
SFQN.DE
SFQN.DE
SFQN.DE
SGAS3.SA
SGAS3.SA
SGAS3.SA
SGAS3.SA
SGAS3.SA
SGAS4.SA
SGAS4.SA
SGAS4.SA
SGAS4.SA
SGAS4.SA
SGFI.MI
SGFI.MI
SGFI.MI
SGFI.MI
SGFI.MI
SGFI.MI
SGFI.MI
SGQ.TO
SGQ.TO
SGQ.TO
SGQ.TO
SGQ.TO
SGQ.TO
SGQ.TO
SIR.V
SIR.V
SIR.V
SIR.V
SIR.V
SIR.V
SIR.V
SISG.DE
SISG.DE
SKBN.OL
SKBN.OL
SKBN.OL
SKBN.OL
SKBN.OL
SKBN.OL
SKBN.OL
SKBN.OL
SKM
SKM
SKM
SKM
SLCT.O
SLCT.O
SLCT.O
SLCT.O
SLP.O
SLP.O
SLP.O
SLP.O
SLP.O
SOHO.O
SORL.O
SORL.O
SORL.O
SORL.O
SORL.O
SORL.O
SPE.TO
SPE.TO
SPE.TO
SPE.TO
SPE.TO
SPE.TO
SPE.TO
SPLP.K
SPLP.K
SPLP.K
SPLP.K
SPLP.K
SPLP.K
SPLP.K
SPPI.O
SPPI.O
SPPI.O
SPPI.O
SPPI.O
SPPI.O
SPRM.SI
SPRM.SI
SPRM.SI
SPRM.SI
SSFN.O
SSFN.O
SSFN.O
SSFN.O
STAGn.DE
STAGn.DE
STAGn.DE
STAGn.DE
STAGn.DE
STAR.K
SUN.CD
SUN.CD
SUN.CD
SUN.CD
SUN.CD
SUN.CD
SUN.CD
SUN.CD
SUN.CD
SUN.CD
SUN.CD
SUN.CD
SUN.CD
SUN.CD
SUN.CD
SUP.LM
SUP.LM
SUP.LM
SUP.LM
SVY.TO
SVY.TO
SVY.TO
SVY.TO
SVY.TO
SVY.TO
SVY.TO
SVY.TO
SVY.TO
SVY.TO
SVY.TO
SVY.TO
SVY.TO
SWVKk.DE
SWVKk.DE
SWVKk.DE
SWVKk.DE
SWVKk.DE
SWVKk.DE
SWVKk.DE
SWVKk.DE
SWVKk.DE
SWVKk.DE
SWVKk.DE
SWVKk.DE
SWVKk.DE
SWVKk.DE
SWVKk.DE
SWVKk.DE
SWVKk.DE
SWVKk.DE
SXA.AX
SXA.AX
SXA.AX
SXA.AX
SYMC.BK
SYMC.BK
SYMC.BK
SYMC.BK
SYMC.BK
SYMC.BK
SYMC.BK
SYMC.BK
SYMC.BK
SYMC.BK
SYMC.BK
SYMC.BK
SYMC.BK
SYMC.BK
SYMC.BK
SYMC.BK
SYMC.BK
SYMC.BK
SYMC.BK
SYMC.BK
SYMC.BK
SYMC.BK
SYMC.BK
SYMCn.BK
SYMCn.BK
SYMCn.BK
SYMCn.BK
SYMCn.BK
SYMCn.BK
SYMCn.BK
SYMCn.BK
SYMCn.BK
SYMCn.BK
SYMCn.BK
SYMCn.BK
SYMCn.BK
SYMCn.BK
SYMCn.BK
SYMCn.BK
SYMCn.BK
SYMCn.BK
SYMCn.BK
SYMCn.BK
SYMCn.BK
SYMCn.BK
SYMCn.BK
SYNC.O
SYNL.O
SYNL.O
SYNL.O
SYNL.O
SYNL.O
SYNL.O
SYNL.O
SYNL.O
TACT.O
TACT.O
TACT.O
TACT.O
TACT.O
TACT.O
TACT.O
TACT.O
TCAP.BK
TCAP.BK
TCAP.BK
TCAP.BK
TCAP.BK
TCAPf.BK
TCAPf.BK
TCAPf.BK
TCAPf.BK
TCAPf.BK
TCAPn.BK
TCAPn.BK
TCAPn.BK
TCAPn.BK
TCAPn.BK
TCMD.O
TCMD.O
TES.MI
TES.MI
TFG.BK
TFG.BK
TFG.BK
TFG.BK
TFG.BK
TFG.BK
TFG.BK
TFG.BK
TFG.BK
TFG.BK
TFG.BK
TFG.BK
TFG.BK
TFGn.BK
TFGn.BK
TFGn.BK
TFGn.BK
TFGn.BK
TFGn.BK
TFGn.BK
TFGn.BK
TFGn.BK
TFGn.BK
TFGn.BK
TFGn.BK
TFGn.BK
TGC
TGC
TGC
TGLT32T.SA
TGLT32T.SA
TGLT32T.SA
TGLT32T.SA
TGLT32T.SA
TGLT32T.SA
TGLT32T.SA
TGLT32T.SA
TGLT32T.SA
TGLT32T.SA
TGLT32T.SA
TGLT32T.SA
TGLT32T.SA
TGLT32T.SA
TGLT32T.SA
TGLT32T.SA
TGLT32T.SA
TGLT32T.SA
THST.O
THST.O
THST.O
THST.O
THST.O
TINY.O
TINY.O
TINY.O
TINY.O
TLSP.WA
TLSP.WA
TLSP.WA
TLSP.WA
TLSP.WA
TLSP.WA
TLSP.WA
TMB.BK
TMB.BK
TMB.BK
TMB.BK
TMB.BK
TMBf.BK
TMBf.BK
TMBf.BK
TMBf.BK
TMBf.BK
TMBn.BK
TMBn.BK
TMBn.BK
TMBn.BK
TMBn.BK
TPH.TO
TPH.TO
TPH.TO
TPH.TO
TPH.TO
TPH.TO
TPH.TO
TRCAS.IS
TRCAS.IS
TRUP.O
TTEC.O
TTEC.O
TTEC.O
TTEC.O
TTEC.O
TTEC.O
TTEC.O
TTEC.O
TTEC.O
TTEC.O
TTEC.O
TTEC.O
TTEC.O
TTEC.O
TTEC.O
TTEC.O
TTEC.O
TVE.TO
TVE.TO
TVE.TO
TVE.TO
TVE.TO
TVE.TO
TVE.TO
TVE.TO
TVE.TO
TVE.TO
TVE.TO
TXTS.MI
TXTS.MI
U.BK
U.BK
U.BK
U.BK
U.BK
U.BK
U.BK
U.BK
UBI.MI
UBI.MI
UBI.MI
UBI.MI
UBI.MI
UBI.MI
UBI.MI
UBI.MI
UBI.MI
Uf.BK
Uf.BK
Uf.BK
Uf.BK
Uf.BK
Uf.BK
Uf.BK
Uf.BK
UFI
UG.O
UG.O
UG.O
UG.O
UG.O
UG.O
UG.O
UG.O
UG.O
UG.O
UG.O
UG.O
UG.O
UG.O
UG.O
UG.O
UG.O
UG.O
UG.O
Un.BK
Un.BK
Un.BK
Un.BK
Un.BK
Un.BK
Un.BK
Un.BK
UNIS.O
UNIS.O
UNIS.O
UNS.AX
UNS.AX
UNS.AX
USPG.SI
USPG.SI
USPG.SI
USPG.SI
USPG.SI
USPG.SI
USPG.SI
USPG.SI
USPG.SI
USPG.SI
USPG.SI
VAKKO.IS
VAKKO.IS
VAKKO.IS
VAKKO.IS
VAKKO.IS
VAKKO.IS
VAKKO.IS
VAKKO.IS
VAKKO.IS
VAKKO.IS
VAKKO.IS
VAKKO.IS
VAKKO.IS
VAKKO.IS
VAKKO.IS
VAKKO.IS
VAKKO.IS
VAKKO.IS
VAKKO.IS
VAKKO.IS
VCEL.O
VCEL.O
VCEL.O
VCEL.O
VCEL.O
VLO
VNR.O
VNR.O
VR.V
VR.V
VR.V
VR.V
VR.V
VR.V
VR.V
VR.V
VVT.PS
VVT.PS
WCC.V
WCC.V
WCC.V
WCC.V
WCC.V
WCC.V
WCC.V
WCC.V
WCC.V
WCC.V
WCC.V
WCC.V
WCC.V
WDPP.BR
WDPP.BR
WDPP.BR
WDPP.BR
WDPP.BR
WDPP.BR
WK
WK
WK
WNR
WPPL.WA
WPPL.WA
WSKT.JK
WSKT.JK
WSKT.JK
WTN.WA
WTN.WA
WTN.WA
WTN.WA
WTN.WA
WTN.WA
WTN.WA
XMYn.DE
XMYn.DE
XMYn.DE
XMYn.DE
XMYn.DE
XMYn.DE
XMYn.DE
XMYn.DE
XOP.V
XOP.V
XOP.V
XOP.V
XOP.V
XOP.V
XOP.V
XOP.V
XOP.V
XOP.V
XOP.V
XOP.V
XOP.V
XOP.V
XOP.V
XOP.V
Y.TO
Y.TO
Y.TO
Y.TO
Y.TO
Y.TO
Y.TO
ZAPP.WA
ZHNE.O
ZHNE.O
ZHNE.O
ZHNE.O
ZHNE.O
ZHNE.O
ZHNE.O
ZHNE.O
ZHNE.O
ZOES.K
ZOES.K
ZOES.K
ZOES.K
ZSAN.O
ZSAN.O
ZSAN.O
ZSAN.O
ZSAN.O
ZUE.WA
ZUE.WA
ZUE.WA
ZUE.WA
ZUE.WA
ZUE.WA
ZYNE.O
ZYNE.O
ZYNE.O
ZYNE.O
ZYNE.O
ZYNE.O
ZYNE.O
ZYNE.O
ZYNE.O
