000070.KS
000080.KS
000080.KS
000080.KS
000080.KS
000080.KS
000080.KS
000080.KS
000080.KS
000100.KS
000100.KS
000100.KS
000120.KS
000140.KS
000140.KS
000140.KS
000140.KS
000140.KS
000140.KS
000140.KS
000140.KS
000140.KS
000140.KS
000150.KS
000150.KS
000150.KS
000150.KS
000210.KS
000210.KS
000210.KS
000210.KS
000210.KS
000210.KS
000210.KS
000210.KS
000210.KS
000210.KS
000210.KS
000220.KS
000240.KS
000240.KS
000270.KS
000270.KS
000300.KS
000300.KS
000320.KS
000320.KS
000320.KS
000320.KS
000320.KS
000320.KS
000320.KS
000370.KS
000390.KS
000480.KS
000490.KS
000490.KS
000500.KS
000500.KS
000640.KS
000640.KS
000640.KS
000640.KS
000640.KS
000660.KS
000660.KS
000670.KS
000680.KS
000680.KS
000680.KS
000680.KS
000680.KS
000680.KS
000680.KS
000700.KS
000720.KS
000720.KS
000720.KS
000720.KS
000720.KS
000720.KS
000720.KS
000720.KS
000880.KS
000880.KS
000880.KS
000880.KS
000880.KS
000890.KS
000990.KS
000990.KS
000990.KS
001040.KS
001040.KS
001040.KS
001040.KS
001060.KS
001060.KS
001060.KS
001120.KS
001130.KS
001200.KS
001230.KS
001250.KS
001260.KS
001270.KS
001380.KS
001380.KS
001390.KS
001430.KS
001430.KS
001440.KS
001440.KS
001440.KS
001440.KS
001440.KS
001440.KS
001440.KS
001460.KS
001460.KS
001460.KS
001460.KS
001470.KS
001470.KS
001520.KS
001520.KS
001520.KS
001520.KS
001520.KS
001620.KS
001620.KS
001680.KS
001680.KS
001680.KS
001680.KS
001680.KS
001680.KS
001680.KS
001680.KS
001720.KS
001740.KS
001740.KS
001740.KS
001740.KS
001780.KS
001780.KS
001780.KS
001780.KS
001780.KS
001790.KS
001790.KS
001790.KS
001790.KS
001790.KS
001790.KS
001790.KS
001790.KS
001800.KS
001880.KS
001940.KS
002000.KS
002000.KS
002020.KS
002020.KS
002020.KS
002020.KS
002020.KS
002020.KS
002020.KS
002020.KS
002020.KS
002020.KS
002030.KS
002240.KS
002240.KS
002270.KS
002270.KS
002300.KS
002310.KS
002350.KS
002350.KS
002350.KS
002350.KS
002350.KS
002350.KS
002350.KS
002350.KS
002350.KS
002350.KS
002360.KS
002380.KS
002390.KS
002460.KS
002620.KS
002710.KS
002780.KS
002780.KS
002780.KS
002780.KS
002790.KS
002790.KS
002790.KS
002790.KS
002790.KS
002820.KS
002820.KS
002880.KS
002880.KS
002880.KS
002880.KS
002880.KS
002880.KS
002880.KS
002880.KS
002990.KS
002990.KS
002990.KS
002990.KS
002990.KS
002990.KS
002990.KS
002990.KS
002990.KS
003030.KS
003070.KS
003070.KS
003070.KS
003070.KS
003090.KS
003100.KQ
003100.KQ
003100.KQ
003200.KS
003240.KS
003280.KS
003300.KS
003410.KS
003410.KS
003410.KS
003450.KS
003490.KS
003490.KS
003540.KS
003550.KS
003550.KS
003550.KS
003550.KS
003550.KS
003550.KS
003550.KS
003570.KS
003620.KS
003670.KQ
003690.KS
003850.KS
003920.KS
003920.KS
003920.KS
003960.KS
004090.KS
004090.KS
004090.KS
004100.KS
004100.KS
004100.KS
004100.KS
004130.KS
004130.KS
004130.KS
004130.KS
004130.KS
004140.KS
004140.KS
004140.KS
004140.KS
004150.KS
004150.KS
004170.KS
004250.KS
004250.KS
004250.KS
004360.KS
004360.KS
004360.KS
004360.KS
004490.KS
004540.KS
004540.KS
004540.KS
004540.KS
004560.KS
004560.KS
004560.KS
004560.KS
004690.KS
004690.KS
004710.KS
004800.KS
004830.KS
004840.KS
004960.KS
004960.KS
004960.KS
004960.KS
004960.KS
004960.KS
004960.KS
004960.KS
004980.KS
004980.KS
004980.KS
004980.KS
004990.KS
005160.KQ
005160.KQ
005250.KS
005250.KS
005250.KS
005250.KS
005250.KS
005250.KS
005250.KS
005250.KS
005250.KS
005250.KS
005290.KQ
005300.KS
005300.KS
005300.KS
005300.KS
005300.KS
005300.KS
005300.KS
005300.KS
005380.KS
005380.KS
005380.KS
005380.KS
005380.KS
005380.KS
005380.KS
005380.KS
005380.KS
005390.KS
005390.KS
005430.KS
005440.KS
005490.KS
005490.KS
005610.KS
005620.KS
005710.KQ
005720.KS
005720.KS
005720.KS
005720.KS
005740.KS
005740.KS
005740.KS
005740.KS
005740.KS
005830.KS
005850.KS
005850.KS
005880.KS
005940.KS
005950.KS
005950.KS
005960.KS
005960.KS
005960.KS
005960.KS
005960.KS
005960.KS
005960.KS
005990.KQ
006040.KS
006040.KS
006060.KS
006120.KS
006120.KS
006120.KS
006120.KS
006120.KS
006120.KS
006120.KS
006260.KS
006340.KS
006340.KS
006340.KS
006340.KS
006360.KS
006360.KS
006370.KS
006400.KS
006400.KS
006400.KS
006400.KS
006400.KS
006400.KS
006400.KS
006400.KS
006400.KS
006650.KS
006840.KS
007160.KS
007190.KS
007190.KS
007310.KS
007570.KS
007570.KS
007570.KS
007590.KS
007590.KS
007660.KS
007660.KS
007690.KS
007810.KS
007810.KS
007860.KS
007980.KS
007980.KS
008000.KS
008040.KS
008060.KS
008060.KS
008350.KS
008350.KS
008350.KS
008700.KS
008700.KS
008770.KS
008770.KS
008770.KS
008770.KS
008770.KS
008770.KS
008930.KS
009150.KS
009150.KS
009150.KS
009150.KS
009150.KS
009150.KS
009150.KS
009150.KS
009150.KS
009150.KS
009150.KS
009150.KS
009150.KS
009200.KS
009200.KS
009240.KS
009270.KS
009270.KS
009270.KS
009270.KS
009270.KS
009290.KS
009290.KS
009410.KS
009410.KS
009410.KS
009410.KS
009410.KS
009410.KS
009410.KS
009410.KS
009410.KS
009410.KS
009540.KS
009830.KS
009830.KS
009830.KS
009830.KS
009830.KS
009830.KS
009830.KS
009830.KS
009830.KS
010060.KS
010100.KS
010100.KS
010120.KS
010130.KS
010140.KS
010140.KS
010140.KS
010140.KS
010140.KS
010140.KS
010620.KS
010620.KS
010770.KS
010780.KS
010780.KS
010950.KS
010950.KS
010950.KS
010950.KS
011150.KS
011160.KS
011160.KS
011160.KS
011160.KS
011160.KS
011160.KS
011160.KS
011160.KS
011170.KS
011200.KS
011200.KS
011200.KS
011200.KS
011200.KS
011200.KS
011200.KS
011200.KS
011760.KS
011760.KS
011780.KS
011780.KS
011780.KS
011780.KS
011780.KS
011780.KS
011780.KS
011780.KS
011780.KS
011780.KS
011780.KS
011780.KS
011780.KS
011780.KS
011790.KS
011930.KS
011930.KS
011930.KS
011930.KS
012200.KS
012320.KS
012320.KS
012330.KS
012330.KS
012330.KS
012330.KS
012330.KS
012330.KS
012330.KS
012330.KS
012330.KS
012450.KS
012750.KS
012800.KS
012800.KS
012800.KS
012800.KS
012860.KQ
013120.KQ
013310.KQ
013310.KQ
013310.KQ
013310.KQ
013360.KS
013360.KS
013360.KS
013520.KS
013520.KS
013570.KS
013570.KS
013580.KS
013870.KS
014130.KS
014130.KS
014280.KS
014280.KS
014280.KS
014280.KS
014280.KS
014680.KS
014790.KS
014790.KS
014790.KS
014790.KS
014820.KS
014820.KS
014820.KS
014820.KS
014820.KS
014820.KS
014820.KS
014820.KS
014830.KS
015350.KS
015360.KS
015860.KS
015860.KS
016170.KQ
016250.KQ
016250.KQ
016360.KS
016380.KS
016380.KS
016380.KS
016380.KS
016380.KS
016380.KS
016380.KS
016380.KS
016450.KS
016450.KS
016710.KS
016740.KS
016740.KS
016740.KS
017390.KS
017550.KS
017670.KS
017800.KS
017800.KS
017810.KS
017810.KS
018000.KQ
018260.KS
019170.KS
019170.KS
019170.KS
019170.KS
019170.KS
019210.KQ
019210.KQ
019210.KQ
019210.KQ
019210.KQ
019440.KS
019440.KS
019680.KS
019680.KS
019680.KS
020560.KS
020560.KS
021240.KS
022100.KQ
022100.KQ
023410.KQ
023530.KS
023530.KS
023530q.L
023530q.L
023590.KS
023800.KS
023890.KQ
023890.KQ
024660.KQ
024800.KQ
024900.KS
024910.KQ
024910.KQ
025000.KS
026960.KS
027410.KS
027710.KQ
028260.KS
028260.KS
028260.KS
028260.KS
028260.KS
028260.KS
028260.KS
028260.KS
028260.KS
028260.KS
028260.KS
028260.KS
028260.KS
02826K.KS
02826K.KS
02826K.KS
02826K.KS
02826K.KS
02826K.KS
02826K.KS
02826K.KS
02826K.KS
02826K.KS
02826K.KS
02826K.KS
02826K.KS
028300.KQ
030000.KS
030000.KS
030200.KS
031330.KQ
031430.KS
031440.KS
032190.KQ
032640.KS
032830.KS
033530.KS
033560.KQ
033560.KQ
033780.KS
033780.KS
034020.KS
034310.KS
035080.KQ
035250.KS
035760.KQ
035810.KQ
036580.KS
037270.KS
037270.KS
037400.KQ
037460.KQ
037560.KS
037620.KS
038500.KQ
039490.KS
040610.KQ
042660.KS
042660.KS
042670.KS
046890.KQ
047050.KS
047310.KQ
047810.KS
049070.KQ
049520.KQ
051370.KQ
051500.KQ
051600.KS
051900.KS
051900.KS
051900.KS
051900.KS
051900.KS
051900.KS
051900.KS
051900.KS
051910.KS
051910.KS
051910.KS
051910.KS
051910.KS
051910.KS
051910.KS
051910.KS
051910.KS
052690.KS
053210.KS
053700.KQ
0538q.L
0538q.L
0538q.L
0538q.L
0538q.L
0538q.L
0538q.L
0538q.L
0538q.L
054210.KQ
054620.KQ
056190.KQ
056190.KQ
057050.KS
058650.KS
058860.KS
060980.KS
060980.KS
064350.KS
064350.KS
064960.KS
064960.KS
064960.KS
064960.KS
064960.KS
068270.KQ
068870.KS
068870.KS
068870.KS
068870.KS
068870.KS
071320.KS
071840.KS
071970.KS
071970.KS
071970.KS
071970.KS
071970.KS
071970.KS
072710.KS
073110.KQ
073240.KS
075580.KS
075580.KS
076080.KQ
078650.KQ
078890.KQ
078930.KS
078930.KS
078930.KS
079550.KS
079660.KS
079960.KQ
079980.KS
082640.KS
082740.KS
082850.KQ
084010.KS
084010.KS
084690.KS
084690.KS
084690.KS
084690.KS
084690.KS
084690.KS
084690.KS
084690.KS
084690.KS
084690.KS
084690.KS
084870.KS
086280.KS
086280.KS
088350.KS
088390.KQ
089470.KS
089590.KS
090350.KS
090350.KS
090350.KS
090350.KS
090430.KS
090430.KS
091700.KQ
091700.KQ
092200.KS
093050.KS
093050.KS
094280.KS
095570.KS
095570.KS
095700.KQ
096760.KS
096770.KS
096770.KS
096770.KS
096770.KS
096770.KS
096770.KS
096770.KS
096770.KS
096770.KS
096770.KS
096770.KS
096770.KS
097520.KQ
097950.KS
097950.KS
097950.KS
097950.KS
101060.KS
101490.KQ
101530.KS
101530.KS
102260.KS
102260.KS
103140.KS
103590.KS
103590.KS
103590.KS
103590.KS
103590.KS
103590.KS
104480.KQ
106240.KQ
108320.KQ
108320.KQ
108670.KS
111770.KS
111770.KS
112610.KS
115160.KQ
117580.KS
117930.KS
1186.HK
120110.KS
120110.KS
120110.KS
120110.KS
120110.KS
120110.KS
120110.KS
120110.KS
120110.KS
120110.KS
1216.TW
122350.KQ
122690.KQ
122690.KQ
122690.KQ
122690.KQ
122690.KQ
122690.KQ
122870.KQ
122870.KQ
122900.KS
122900.KS
123040.KQ
123040.KQ
128820.KS
128820.KS
128820.KS
128820.KS
128940.KS
129260.KS
130960.KQ
136480.KQ
136490.KS
138040.KS
1416.TW
145990.KS
152330.KS
161000.KS
161390.KS
161890.KS
180640.KS
180640.KS
180640.KS
180640.KS
180640.KS
180640.KS
180640.KS
180640.KS
1809.TW
181710.KS
185750.KS
185750.KS
192820.KS
2002.TW
2002.TW
2002q.L
2002q.L
200670.KQ
200880.KS
200880.KS
204320.KS
214320.KS
214320.KS
215200.KQ
2317.TW
2317q.L
2324.TW
2330.TW
2330.TW
2356.TW
237690.KQ
237690.KQ
237690.KQ
2382.TW
2382.TW
2881.TW
2882.TW
2882aq.L
3231.TW
3231q.L
3240q.L
3382.T
4266q.BE
4266q.BE
601186.SS
601390.SS
601390.SS
601668.SS
601668.SS
601668.SS
601668.SS
601668.SS
601668.SS
601668.SS
601800.SS
6501.T
6501.T
6505.TW
6505.TW
6753.T
6753.T
6758.T
6902.T
7201.T
7203.T
7203.T
7203.T
7203.T
7203.T
7203.T
7203.T
7203.T
7203.T
7611.T
8001.T
8002.T
8058.T
8267.T
8585.T
8585.T
8585.T
8725.T
8913.TWO
9432.T
9501.T
9501.T
9501.T
9501.T
9501.T
9501.T
9508.T
9508.T
9509.T
9509.T
AALI.JK
AC.PS
AC.PS
AC.PS
AC.PS
AC.PS
ADHI.JK
AGUAa.SN
AGUAb.SN
AISA.JK
AKOa
AKOa
AKOa.SN
AKOa.SN
AKOb
AKOb
AKPI.JK
AKRA.JK
ALDO.JK
ALKA.JK
AMOV.O
AMOV.O
AMX
AMX
AMXA.MX
AMXA.MX
AMXAA.MX
AMXAA.MX
AMXL.MX
AMXL.MX
AND_pb.SN
AND_pb.SN
ANTM.JK
ANTM.JK
ANTM.JK
ANTM.JK
ANTM.JK
ANTM.JK
ANTM.JK
ANTM.JK
ANTM.JK
ANTM.JK
ANTM.JK
ANTM.JK
APLN.JK
APLN.JK
APOL.JK
APOL.JK
ARNA.JK
ASRI.JK
ASRI.JK
ATIC.JK
ATIC.JK
ATM.AX
ATM.AX
ATM.AX
ATM.AX
ATM.AX
ATM.AX
ATM.AX
ATM.AX
ATM.AX
ATM.AX
ATM.AX
ATM.AX
AUTO.JK
AUTO.JK
BAYU.JK
BHEL.NS
BHIT.JK
BHIT.JK
BIRD.JK
BLTZ.JK
BMSR.JK
BMSR.JK
BMTR.JK
BMTR.JK
BOLT.JK
BOLT.JK
BRNA.JK
BSDE.JK
BUKK.JK
CASS.JK
CCB.CN
CCB.CN
CCB.CN
CCB.CN
CCB.CN
CCB.CN
CCU
CCU
CCU.SN
CCU.SN
CEL.CN
CEN.SN
CHLC.SN
CHLC.SN
CIC.CN
CMLS.O
CMNP.JK
CNCO.K
CNKO.JK
CNKO.JK
COAL.NS
CON.CN
CPALL.BK
CPALLf.BK
CPALLn.BK
CPF.BK
CPFf.BK
CPFn.BK
CPIN.JK
CPIN.JK
CPRO.JK
CPRO.JK
CRZ.SN
CSAP.JK
CSAP.JK
CTRP.JK
CTRS.JK
CTV.CN
CTV.CN
DAJK.JK
DART.JK
DILD.JK
DMAS.JK
DMC.PS
DPUM.JK
DPUM.JK
DSFI.JK
DUTI.JK
DVLA.JK
DVLA.JK
DYAN.JK
EC
ECO.CN
ELM.SN
EMTK.JK
ENAM.SN
ENAM.SN
ENDA.SN
ENDA.SN
ENDC.SN
ENIA.K
ENIA.K
EOCA.K
EOCA.K
EOCC.K
EPMT.JK
EPS.CN
ERAA.JK
FAL.SN
FAST.JK
FAST.JK
FASW.JK
FASW.JK
FEES.MM
FEESq.L
FHT.CN
FREN.JK
FREN.JK
GAS.SN
GAZP.MM
GAZPq.L
GDST.JK
GEMA.JK
GEMA.JK
GGRM.JK
GJTL.JK
GLO.PS
GLO.PS
GLOB.JK
GMRI.NS
GPRL.SI
HAGq.L
HDFC.NS
HDTX.JK
HERO.JK
HERO.JK
HMSP.JK
HMSP.JK
HUPS.SI
HUPS.SI
IAM.SN
IDPR.JK
ILFT.NS
IMAS.JK
IMAS.JK
IMI.CN
IMId.CN
IMJS.JK
IMPC.JK
IMPC.JK
INAI.JK
INAI.JK
INDF.JK
INDS.JK
INVS.JK
INVS.JK
ISAT.JK
IXBI.SI
JAWA.JK
JBFI.NS
JECC.JK
JECC.JK
JGS.PS
JGS.PS
JGS.PS
JIHD.JK
JPFA.JK
JRPT.JK
JRPT.JK
JTPE.JK
KAEF.JK
KBLI.JK
KIAS.JK
KIAS.JK
KIJA.JK
KINO.JK
KINO.JK
KLBF.JK
KMGq.L
KSKE.NS
KT
LAF.SN
LKOH.MM
LKOHyq.L
LPGI.JK
LPKR.JK
LPPF.JK
LTLS.JK
LTLS.JK
MAPI.JK
MDIA.JK
MDLN.JK
MDRN.JK
MEG.PS
MERK.JK
MERK.JK
MIDI.JK
MIDI.JK
MLIA.JK
MLIA.JK
MLPL.JK
MNCN.JK
MOSS.NS
MPMX.JK
MPMX.JK
MPPA.JK
MPPA.JK
MREI.JK
MTDL.JK
MYG.CN
NCH.CN
NCH.CN
NIPS.JK
NIPS.JK
NOR.SN
NRCA.JK
NTT
OGKB.MM
ORB.CN
ORB.CN
OV.PS
PANS.JK
PECL.SI
PECL.SI
PICO.JK
PKX
PKX
PLIN.JK
PSDN.JK
PSDN.JK
PTBA.JK
PTBA.JK
PTPP.JK
PTPP.JK
PTR
PTX.O
PWON.JK
PWON.JK
QNN.SN
QNN.SN
RALS.JK
RANC.JK
RANC.JK
RDTX.JK
REXP.NS
RICY.JK
RICY.JK
RMBA.JK
RMBA.JK
SAL.SN
SCBD.JK
SCC.BK
SCCf.BK
SCCn.BK
SCCO.JK
SCMA.JK
SCMA.JK
SDPC.JK
SGRO.JK
SILO.JK
SIPD.JK
SIS.CN
SKBM.JK
SKBM.JK
SKLT.JK
SKM
SLVX.SI
SLVX.SI
SMAR.JK
SMBR.JK
SMRA.JK
SNE
SON.SN
SONA.JK
SRSN.JK
SSMS.JK
SSMS.JK
TALF.JK
TAXI.JK
TBLA.JK
TBLA.JK
TCID.JK
TELE.JK
TFHI.PS
TGKA.JK
TGKN.MM
TINS.JK
TIRT.JK
TLEVISAA.MX
TLEVISAB.MX
TLEVISAD.MX
TLEVISAL.MX
TLVACPO.MX
TM
TMAS.JK
TOTO.JK
TOTO.JK
TRIO.JK
TRIS.JK
TRST.JK
TSM
TSM
TTM
TTM
TURI.JK
TV
UNTR.JK
VDAN.NS
VOKS.JK
WALMEX.MX
WICO.JK
WICO.JK
WIKA.JK
WIKA.JK
WIKA.JK
WIKA.JK
WIKA.JK
WIKA.JK
WIKA.JK
WIKA.JK
WIKA.JK
WIKA.JK
WSKT.JK
WTON.JK
