000686.SZ
002134.SZ
002134.SZ
002457.SZ
015540.KS
015540.KS
047440.KQ
047440.KQ
067900.KQ
067900.KQ
1376.T
1376.T
2231.TW
2231.TW
2231.TW
2364.TW
2364.TW
2369.T
2369.T
2369.T
2369.T
2455.TW
2455.TW
2455.TW
2612.TW
2612.TW
2612.TW
2685.T
2685.T
2685.T
2685.T
2747.T
2747.T
2918.T
300015.SZ
300204.SZ
3021.TW
3021.TW
3021.TW
3141.T
3141.T
3222.T
3222.T
3291.TWO
3339.TWO
3339.TWO
3645.T
3776.T
3776.T
3808.NG
4335.T
4335.T
4575.T
4575.T
4829.T
4829.T
5283.T
5353.TWO
5353.TWO
5353.TWO
600586.SS
601198.SS
6336.T
6336.T
6336.T
6336.T
6336.T
6336.T
6336.T
7267.T
7308.NG
7308.NG
7308.NG
7308.NG
7465.T
7649.T
7649.T
7747.T
7747.T
7747.T
7921.T
7921.T
8081.HK
8093.HK
8093.HK
8093.HK
8093.HK
8093.HK
8093.HK
8190.HK
8190.HK
8190.HK
8190.HK
8190.HK
8190.HK
8190.HK
8190.HK
8190.HK
8233.HK
8233.HK
8233.HK
8267.T
8267.T
8267.T
8267.T
8267.T
9876.T
9946.T
9946.T
AA
AA
AA
AAI.AX
AAI.AX
AAI.AX
AA_pb
AA_pb
AA_pb
ACN
ACN
ACN
ACN
ACN
ACN
ACN
ACN
ACN
ACN
ACN
ACN
ACN
ACN
ACN
ACN
ACN
ACNB34.SA
ACNB34.SA
ACNB34.SA
ACNB34.SA
ACNB34.SA
ACNB34.SA
ACNB34.SA
ACNB34.SA
ACNB34.SA
ACNB34.SA
ACNB34.SA
ACNB34.SA
ACNB34.SA
ACNB34.SA
ACNB34.SA
ACNB34.SA
ACNB34.SA
AFM.V
AHS.V
AHS.V
AHS.V
AHS.V
AHS.V
AHS.V
AHS.V
AHS.V
AHS.V
AHS.V
AMBUb.CO
AMBUb.CO
AMBUb.CO
AMBUb.CO
AMBUb.CO
AMBUb.CO
ANCR.KL
ANCR.KL
ANCR.KL
ANCR.KL
ANCR.KL
ANCR.KL
ANCR.KL
ANCR.KL
ANCR.KL
ANCR.KL
ANCR.KL
ANCR.KL
ANGO.O
ANGO.O
ANGO.O
ANGO.O
ANGO.O
ANGO.O
ANGO.O
ANNJ.KL
AOS
AOS
AOS
APIC.O
APIC.O
APIC.O
APIC.O
APIC.O
APIC.O
APIC.O
APIC.O
APIC.O
APIC.O
APIC.O
APIC.O
APIC.O
APOG.O
APOG.O
APOG.O
APOG.O
APOG.O
APOG.O
ARSA.MM
ARSA.MM
ARSA.MM
ATRO.O
AXN
AXN
AXN
AXN
AZZ
AZZ
AZZ
AZZ
AZZ
AZZ
AZZ
BAR.TO
BTGI.MI
BTGI.MI
BTGI.MI
BTGI.MI
BTGI.MI
BTGI.MI
BTGI.MI
BTGI.MI
BTGI.MI
BTGI.MI
BTGI.MI
BTGI.MI
BTGI.MI
BWLa
BWLa
BWLa
BWLa
BWLa
BWLa
CDC.AX
CDC.AX
CDC.AX
CDC.AX
CDC.AX
CDC.AX
CDC.AX
CDC.AX
CDC.AX
CDC.AX
CDC.AX
CDC.AX
CELh.V
CHAr.AT
CHAr.AT
CHAr.AT
CHAr.AT
CHAr.AT
CHAr.AT
CHAr.AT
CHAr.AT
CHAr.AT
CHAr.AT
CHAr.AT
CHAr.AT
CHOF.SI
CHOF.SI
CHOF.SI
CHOF.SI
CHOF.SI
CHOF.SI
CHOF.SI
CHOF.SI
CHOF.SI
CHOF.SI
CHOF.SI
CHOF.SI
CHOF.SI
CHOF.SI
COT.V
COT.V
COT.V
COT.V
COT.V
COT.V
COT.V
COT.V
COT.V
CPLP.O
CPLP.O
CPLP.O
CPLP.O
CPLP.O
CPLP.O
CPLP.O
CPLP.O
CPLP.O
CPLP.O
CPLP.O
CPLP.O
CRN.TO
CRN.TO
CRN.TO
CRN.TO
CRN.TO
CRN.TO
CRN.TO
CRN.TO
CRN.TO
CRN.TO
CRN.TO
CRN.TO
CRN.TO
CRN.TO
CROE.SI
CROE.SI
CROE.SI
CROE.SI
CRPG3.SA
CRPG5.SA
CRPG6.SA
CTV.CN
CUZ
CZh.V
DANT.CO
DANT.CO
DANT.CO
DANT.CO
DANT.CO
DHRM.O
DHRM.O
DHRM.O
DHRM.O
DIOr.AT
DIOr.AT
DIOr.AT
DIOr.AT
DIOr.AT
DIOr.AT
DIOr.AT
DIOr.AT
DIOr.AT
DIOr.AT
DIOr.AT
DIOr.AT
DIXr.AT
DIXr.AT
DIXr.AT
DIXr.AT
DIXr.AT
DIXr.AT
DIXr.AT
DIXr.AT
DIXr.AT
DIXr.AT
DMSP.PA
DMSP.PA
DMSP.PA
DMSP.PA
DMSP.PA
DMSP.PA
DMSP.PA
DMSP.PA
DMSP.PA
DMSP.PA
DMSP.PA
DMSP.PA
DMSP.PA
DMSP.PA
DMSP.PA
DMSP.PA
DMSP.PA
DPG1y.F
DRI
DRI
DRI
DRI
DURr.AT
DURr.AT
DURr.AT
DURr.AT
DURr.AT
DURr.AT
DURr.AT
DURr.AT
DURr.AT
DURr.AT
DURr.AT
DURr.AT
DURr.AT
DURr.AT
DWS.V
DWS.V
DWS.V
DWS.V
DWS.V
DWS.V
DWS.V
DWS.V
DWS.V
DWS.V
DWS.V
DWS.V
DWS.V
DWS.V
DWS.V
DWS.V
DWS.V
DWS.V
DWS.V
EBF
EBF
EBF
ELIr.AT
ELIr.AT
ELIr.AT
ELIr.AT
ELIr.AT
ELIr.AT
ELIr.AT
ELIr.AT
ELIr.AT
ELIr.AT
ELIr.AT
ELIr.AT
ELIr.AT
ELIr.AT
ELIr.AT
ELSH.CA
ELSH.CA
ENGC.CA
ENGC.CA
EVEP.O
FCU.TO
FCWH.KL
FENG.K
FENG.K
FENG.K
GBMO.MX
GLK.V
GLK.V
GLK.V
GLK.V
GLK.V
GLK.V
GLK.V
GLK.V
GLK.V
GLK.V
GLK.V
GLK.V
GLK.V
GLK.V
GLLI.SI
GLLI.SI
GLLI.SI
GLLI.SI
GLLI.SI
GLLI.SI
GOLD.KL
GOLD.KL
GOLD.KL
GOLD.KL
GOLD.KL
GOLD.KL
GOLD.KL
GOLD.KL
GOLD.KL
GOLD.KL
GOLD.KL
GOLD.KL
GOLD.KL
GOLD.KL
GOLD.KL
GOLD.KL
GOLD.KL
GOLD.KL
GOLD.KL
GOLD.KL
GOLD.KL
GOLD.KL
GPIF.PA
GPN
GPN
GPN
GPN
GPN
GPN
HATT.NS
HATT.NS
HATT.NS
HATT.NS
HATT.NS
HMC
HMIH.SI
HMIH.SI
HMIH.SI
HMIH.SI
HMIH.SI
HMIH.SI
HMIH.SI
HMIH.SI
HMIH.SI
HMIH.SI
HMIH.SI
HMIH.SI
HMIH.SI
HMIH.SI
HOG
HRMS.PA
HXC.V
HXC.V
HXC.V
HXC.V
HXC.V
HXC.V
HXC.V
HXC.V
HXC.V
HXC.V
HXC.V
HXC.V
HXC.V
IFSa.ST
IFSb.ST
ISFIN.IS
ISFIN.IS
ISFIN.IS
ISFIN.IS
ISFIN.IS
ISFIN.IS
ISFIN.IS
ISFIN.IS
ISFIN.IS
ISFIN.IS
ISFIN.IS
ISFIN.IS
ISFIN.IS
ISFIN.IS
ISFIN.IS
ISFIN.IS
ISFIN.IS
ISFIN.IS
ISFIN.IS
ISFIN.IS
ISFIN.IS
ISFIN.IS
ISFIN.IS
ISFIN.IS
ISFIN.IS
JAYS.ST
JAYS.ST
JAYS.ST
JAYS.ST
JAYS.ST
JAYS.ST
JDL.V
JDL.V
JVLh.V
JVLh.V
JWC.WA
JWC.WA
JWC.WA
JWC.WA
JWC.WA
JWC.WA
JWC.WA
JWC.WA
KMGq.L
KMX
KRIr.AT
KRIr.AT
KRIr.AT
KRIr.AT
KRIr.AT
KRIr.AT
KRIr.AT
KRIr.AT
KRIr.AT
KRIr.AT
KRIr.AT
KRIr.AT
KRIr.AT
LAME3.SA
LAME4.SA
LARK.O
LGN.V
LGN.V
LGN.V
LGN.V
LGN.V
LGN.V
LGN.V
LPK.V
LPK.V
LPK.V
LPK.V
LPK.V
LPK.V
LPK.V
LTS
LTS
MCLC.PA
MEGM.CA
MGRC.KL
MGRC.KL
MGRC.KL
MGRC.KL
MGRC.KL
MGRC.KL
MGRC.KL
MGRC.KL
MGRC.KL
MGRC.KL
MGRC.KL
MGRC.KL
MGRC.KL
MGRC.KL
MGRC.KL
MGRC.KL
MGRC.KL
MGRC.KL
MGRC.KL
MGW.V
MGYR.O
MGYR.O
MGYR.O
MGYR.O
MGYR.O
MGYR.O
MGYR.O
MGYR.O
MGYR.O
MGYR.O
MGYR.O
MGYR.O
MGYR.O
MGYR.O
MINT.KL
MINT.KL
MINT.KL
MINT.KL
MINT.KL
MINT.KL
MINT.KL
MINT.KL
MINT.KL
MINT.KL
MINT.KL
MMO1V.HE
NEPI.L
NIBEb.ST
NISP.NS
NRT.V
NSP.V
NSP.V
NSP.V
NSP.V
NSP.V
NSP.V
NSP.V
NSP.V
NSP.V
NSP.V
NSP.V
NSP.V
NSP.V
NSP.V
NSP.V
NSP.V
NSP.V
NUSA.BK
NUSAf.BK
NUSAn.BK
NVO.V
NVO.V
NVO.V
NVO.V
NVO.V
NVO.V
OPHC.O
OPHC.O
OSMEN.IS
OSMEN.IS
OSMEN.IS
OSMEN.IS
OSMEN.IS
OSMEN.IS
OSMEN.IS
OSMEN.IS
OSMEN.IS
OSMEN.IS
OSMEN.IS
PATC.PA
PCI.V
PCI.V
PCI.V
PCI.V
PCI.V
PCI.V
PCI.V
PCI.V
PCI.V
PCI.V
PCI.V
PCI.V
PCI.V
PCI.V
PCI.V
PCI.V
PCI.V
PCI.V
PDNI.KL
PGZ.V
PGZ.V
PGZ.V
PGZ.V
PGZ.V
PGZ.V
PGZ.V
PGZ.V
PRGS.O
PRGS.O
PRGS.O
PRGS.O
PRGS.O
PRGS.O
Q
Q
RAUh.V
RAUh.V
RAUh.V
RAUh.V
RAUh.V
RAUh.V
RAUh.V
RAUh.V
RAUh.V
RAUh.V
REAG.NS
REAG.NS
REAG.NS
REAG.NS
REAG.NS
REAG.NS
REAG.NS
REAG.NS
REAG.NS
REAG.NS
REAG.NS
REAG.NS
REAG.NS
REAG.NS
REAG.NS
REAG.NS
REAG.NS
REAGq.L
REAGq.L
REAGq.L
REAGq.L
REAGq.L
REAGq.L
REAGq.L
REAGq.L
REAGq.L
REAGq.L
REAGq.L
REAGq.L
REAGq.L
REAGq.L
REAGq.L
REAGq.L
REAGq.L
RGE.CD
RGE.CD
RGE.CD
RGE.CD
RGE.CD
RGE.CD
RGE.CD
RGE.CD
RGE.CD
RGE.CD
RGE.CD
RHT
RHT
RPM
RPM
RPM
RPM
RPM
RWD.WA
RWD.WA
RWD.WA
RWD.WA
RWD.WA
RWD.WA
SAFM.O
SAFM.O
SAGT.OL
SALU.KL
SALU.KL
SALU.KL
SALU.KL
SALU.KL
SALU.KL
SALU.KL
SALU.KL
SALU.KL
SALU.KL
SALU.KL
SALU.KL
SALU.KL
SALU.KL
SALU.KL
SALU.KL
SALU.KL
SALU.KL
SALU.KL
SALU.KL
SANH.NS
SANH.NS
SANH.NS
SANH.NS
SANH.NS
SANH.NS
SANH.NS
SANH.NS
SANH.NS
SANH.NS
SANH.NS
SANH.NS
SANH.NS
SANH.NS
SANH.NS
SANH.NS
SANH.NS
SFAr.AT
SFAr.AT
SFAr.AT
SFAr.AT
SFAr.AT
SFAr.AT
SFAr.AT
SFAr.AT
SFAr.AT
SFAr.AT
SFAr.AT
SFAr.AT
SFAr.AT
SFAr.AT
SLC.V
SLC.V
SLC.V
SLC.V
SLC.V
SLC.V
SLC.V
SLC.V
SONI.LS
SSY
SSY
SSY
STZ
STZ
STZ
STZ
STZ
STZb
STZb
STZb
STZb
STZb
SVGL.BO
SWTE.BO
TATG.KL
TATG.KL
TATG.KL
TATG.KL
TATG.KL
TATG.KL
TATG.KL
TATG.KL
TATG.KL
TATG.KL
TATG.KL
TATG.KL
TATG.KL
TATG.KL
TATG.KL
TATG.KL
TATG.KL
TATG.KL
TATG.KL
TATG.KL
TATG.KL
TEMN.S
TEMN.S
TEMN.S
TEMN.S
TEMN.S
TEMN.S
TEMN.S
TEMN.S
TEMN.S
TEMN.S
TEMN.S
TEMN.S
TEMN.S
TEMN.S
TEMN.S
TEMN.S
TEMN.S
TEMN.S
TEMN.S
TEMN.S
TEMN.S
TEMN.S
TEMN.S
TEMN.S
TFI.BK
TFI.TO
TFIf.BK
TFIn.BK
TGH
TGH
TGH
TGH
TGH
TGH
TIPK.PA
TRIG.NS
TSPOR.IS
TSPOR.IS
TSPOR.IS
TSPOR.IS
TSPOR.IS
TSPOR.IS
TSPOR.IS
TSPOR.IS
TSPOR.IS
TSPOR.IS
TSPOR.IS
TSPOR.IS
TSPOR.IS
TSPOR.IS
TSPOR.IS
TSPOR.IS
TSPOR.IS
TSPOR.IS
TSPOR.IS
TXCL.PA
TXCL.PA
ULI.V
ULI.V
ULI.V
ULI.V
ULI.V
ULI.V
ULI.V
ULI.V
ULI.V
ULI.V
ULI.V
ULI.V
ULI.V
ULI.V
ULI.V
UNIP3.SA
UNIP5.SA
UNIP6.SA
VBS.CN
VBS.CN
VBS.CN
VBS.CN
VBS.CN
VBS.CN
VBS.CN
VBS.CN
VBS.CN
VBS.CN
VBS.CN
VBS.CN
VBS.CN
VBS.CN
VBS.CN
VBS.CN
VBTX.O
VBTX.O
VBTX.O
VBTX.O
VBTX.O
VBTX.O
VBTX.O
VBTX.O
VBTX.O
VBTX.O
VBTX.O
VBTX.O
VBTX.O
VBTX.O
VBTX.O
VBTX.O
VBTX.O
VIO.V
VIO.V
VIO.V
VIO.V
VIO.V
VIO.V
VIO.V
VIO.V
VIO.V
VIO.V
VIO.V
VIO.V
VIO.V
VIO.V
WSUG.DE
WTHS.SI
XANOb.ST
ZST.WA
