000005.SZ
000005.SZ
000005.SZ
000005.SZ
000005.SZ
000021.SZ
000021.SZ
000021.SZ
000021.SZ
000021.SZ
000021.SZ
000159.SZ
000159.SZ
000409.SZ
000420.SZ
000420.SZ
000420.SZ
000420.SZ
000420.SZ
000429.SZ
000429.SZ
000429.SZ
000429.SZ
000429.SZ
000505.SZ
000505.SZ
000505.SZ
000505.SZ
000514.SZ
000514.SZ
000514.SZ
000514.SZ
000514.SZ
000551.SZ
000551.SZ
000551.SZ
000551.SZ
000554.SZ
000554.SZ
000554.SZ
000570.SZ
000570.SZ
000570.SZ
000570.SZ
000570.SZ
000570.SZ
000573.SZ
000573.SZ
000573.SZ
000632.SZ
000707.SZ
000707.SZ
000707.SZ
000707.SZ
000782.SZ
000782.SZ
000782.SZ
000782.SZ
000810.KS
000850.SZ
000935.SZ
000935.SZ
000935.SZ
000935.SZ
000935.SZ
000949.SZ
000949.SZ
000949.SZ
000949.SZ
000949.SZ
000949.SZ
000949.SZ
000949.SZ
000962.SZ
000962.SZ
000962.SZ
000962.SZ
000968.SZ
000985.SZ
000985.SZ
000985.SZ
000985.SZ
000985.SZ
000985.SZ
000985.SZ
000985.SZ
000985.SZ
000985.SZ
000985.SZ
000985.SZ
000989.SZ
000989.SZ
000989.SZ
000989.SZ
000989.SZ
000989.SZ
000996.SZ
000996.SZ
000996.SZ
001450.KS
002084.SZ
002084.SZ
002086.SZ
002086.SZ
002086.SZ
002120.SZ
002120.SZ
002120.SZ
002120.SZ
002120.SZ
002288.SZ
002288.SZ
002319.SZ
002350.SZ
002350.SZ
002350.SZ
002350.SZ
002350.SZ
002350.SZ
002409.SZ
002409.SZ
002409.SZ
002409.SZ
002409.SZ
002473.SZ
002473.SZ
002473.SZ
002478.SZ
002492.SZ
002492.SZ
002492.SZ
002492.SZ
002514.SZ
002514.SZ
002545.SZ
002545.SZ
002554.SZ
002554.SZ
002554.SZ
002554.SZ
002601.SZ
002659.SZ
002659.SZ
002659.SZ
002659.SZ
002675.SZ
002675.SZ
002675.SZ
002675.SZ
002675.SZ
002676.SZ
002676.SZ
002676.SZ
002685.SZ
002685.SZ
002685.SZ
002685.SZ
002685.SZ
002685.SZ
002696.SZ
002696.SZ
002726.SZ
002726.SZ
002726.SZ
002726.SZ
002726.SZ
003570.KS
003570.KS
003570.KS
003570.KS
003570.KS
003570.KS
003570.KS
003570.KS
003570.KS
003570.KS
003570.KS
003570.KS
003570.KS
003570.KS
003570.KS
003570.KS
003570.KS
003570.KS
003570.KS
003570.KS
003570.KS
003570.KS
003570.KS
003570.KS
023900.KQ
034020.KS
034020.KS
047770.KQ
047770.KQ
064960.KS
064960.KS
064960.KS
064960.KS
064960.KS
064960.KS
064960.KS
064960.KS
064960.KS
064960.KS
064960.KS
064960.KS
064960.KS
064960.KS
064960.KS
064960.KS
064960.KS
064960.KS
064960.KS
064960.KS
064960.KS
064960.KS
064960.KS
064960.KS
066410.KQ
066410.KQ
066410.KQ
066410.KQ
066410.KQ
066410.KQ
066410.KQ
066410.KQ
071050.KS
071050.KS
088350.KS
100840.KS
110570.KS
110570.KS
110570.KS
110570.KS
110570.KS
130740.KQ
130740.KQ
130740.KQ
130740.KQ
130740.KQ
130740.KQ
130740.KQ
130740.KQ
130740.KQ
130740.KQ
130740.KQ
130740.KQ
130740.KQ
130740.KQ
130740.KQ
130740.KQ
130740.KQ
130740.KQ
130740.KQ
1333.T
138040.KS
143240.KQ
143240.KQ
1514.T
1514.T
1514.T
1514.T
1514.T
1662.T
1662.T
1662.T
1738.NG
1802.T
1802.T
1802.T
1802.T
1803.T
1803.T
1803.T
1803.T
1812.T
1867.T
1867.T
1867.T
1867.T
1933.T
1983.T
1983.T
200429.SZ
200429.SZ
200429.SZ
200429.SZ
200429.SZ
200468.SZ
200505.SZ
200505.SZ
200505.SZ
200505.SZ
200570.SZ
200570.SZ
200570.SZ
200570.SZ
200570.SZ
200570.SZ
200992.SZ
200992.SZ
2154.T
215750.KQ
215750.KQ
215750.KQ
215750.KQ
215750.KQ
215750.KQ
215750.KQ
2221.T
2221.T
2309.T
2309.T
2309.T
2309.T
2332.TW
2332.TW
2332.TW
2332.TW
2332.TW
2332.TW
2332.TW
2344.T
2344.T
2425.T
2425.T
2436.TW
2436.TW
2436.TW
2436.TW
2436.TW
2436.TW
2436.TW
2461.T
2461.T
2461.T
2461.T
2461.T
2485.T
2485.T
2485.T
2602.T
2607.T
2607.T
2607.T
2607.T
2607.T
2609.TW
2609.TW
2609.TW
2609.TW
2609.TW
2609q.L
2609q.L
2609q.L
2609q.L
2609q.L
2613.T
2613.T
2613.T
2613.T
2669.T
2669.T
2669.T
2669.T
2669.T
2802.T
2802.T
2802.T
2802.T
2802.T
2802.T
2802.T
2813.T
2813.T
2813.T
2813.T
2813.T
2813.T
2902.NG
2902.NG
300067.SZ
300067.SZ
300067.SZ
300076.SZ
300076.SZ
300076.SZ
300076.SZ
300084.SZ
300084.SZ
300084.SZ
300084.SZ
300093.SZ
300093.SZ
300093.SZ
3001.T
300157.SZ
300157.SZ
300157.SZ
300157.SZ
300157.SZ
300195.SZ
300195.SZ
300245.SZ
300245.SZ
300245.SZ
300245.SZ
300265.SZ
300265.SZ
300265.SZ
300265.SZ
300265.SZ
300280.SZ
300280.SZ
300280.SZ
300280.SZ
300280.SZ
300280.SZ
300319.SZ
300319.SZ
300319.SZ
300319.SZ
300323.SZ
300354.SZ
300354.SZ
300354.SZ
300354.SZ
300357.SZ
300357.SZ
300357.SZ
300357.SZ
300372.SZ
300372.SZ
300372.SZ
300372.SZ
300372.SZ
300380.SZ
300380.SZ
300380.SZ
300380.SZ
300382.SZ
300382.SZ
300382.SZ
300382.SZ
300382.SZ
300389.SZ
300389.SZ
300393.SZ
300393.SZ
300393.SZ
300393.SZ
300411.SZ
300411.SZ
300411.SZ
300411.SZ
300417.SZ
300417.SZ
300417.SZ
300417.SZ
300417.SZ
300417.SZ
300428.SZ
300428.SZ
300434.SZ
300434.SZ
300434.SZ
300434.SZ
300434.SZ
300452.SZ
300452.SZ
300452.SZ
300452.SZ
300452.SZ
300467.SZ
300467.SZ
300467.SZ
300467.SZ
300477.SZ
300489.SZ
300489.SZ
300489.SZ
300490.SZ
300490.SZ
300490.SZ
300490.SZ
300490.SZ
3036.T
3036.T
3054.T
3055.SP
3055.SP
3055.SP
3057.NG
3099.T
3099.T
3099.T
3099.T
3173.T
3173.T
3173.T
3173.T
3232.T
3232.T
3402.T
3402.T
3402.T
3402.T
3467.T
3467.T
3467.T
3467.T
3676.T
3676.T
3676.T
3676.T
3676.T
3676.T
3676.T
3676.T
3951.T
3951.T
4041.T
4041.T
4041.T
4041.T
4112.T
4114.T
4114.T
4218.T
4218.T
4218.T
4218.T
4350.T
4350.T
4514.T
4514.T
4558.T
4558.T
4558.T
4558.T
4558.T
4558.T
4572.T
4584.T
4584.T
4584.T
4584.T
4584.T
4621.T
4621.T
4621.T
4621.T
4621.T
4621.T
4621.T
4690.T
4690.T
4722.TW
4722.TW
4722.TW
4722.TW
4732.T
4732.T
4732.T
4732.T
4772.T
4772.T
4772.T
4772.T
4784.T
4784.T
4800.T
4800.T
4800.T
4952.T
4952.T
4952.T
4952.T
4952.T
4952.T
4965.T
4965.T
4965.T
4972.T
4972.T
4973.T
4973.T
4973.T
5020.T
5142.T
5142.T
5142.T
5142.T
5142.T
5142.T
5232.T
5232.T
5232.T
5232.T
5283.T
5283.T
5283.T
5333.T
5333.T
5333.T
5333.T
5333.T
5463.T
5463.T
5463.T
5602.T
5602.T
5602.T
5602.T
5602.T
5695.T
5695.T
5714.T
5714.T
5714.T
5714.T
5821.T
5821.T
5821.T
5821.T
5821.T
5930.T
5930.T
5940.T
5984.T
600039.SS
600039.SS
600039.SS
600095.SS
600095.SS
600095.SS
600113.SS
600113.SS
600113.SS
600113.SS
600145.SS
600145.SS
600145.SS
600145.SS
600145.SS
600145.SS
600145.SS
600145.SS
600145.SS
600145.SS
600145.SS
600145.SS
600145.SS
600145.SS
600145.SS
600162.SS
600162.SS
600162.SS
600162.SS
600162.SS
600234.SS
600238.SS
600238.SS
600238.SS
600238.SS
600249.SS
600267.SS
600267.SS
600267.SS
600283.SS
600283.SS
600283.SS
600283.SS
600301.SS
600301.SS
600301.SS
600301.SS
600301.SS
600301.SS
600301.SS
600301.SS
600305.SS
600305.SS
600306.SS
600306.SS
600306.SS
600306.SS
600328.SS
600328.SS
600339.SS
600339.SS
600339.SS
600339.SS
600339.SS
600355.SS
600355.SS
600378.SS
600378.SS
600378.SS
600378.SS
600378.SS
600378.SS
600378.SS
600390.SS
600390.SS
600390.SS
600390.SS
600390.SS
600416.SS
600416.SS
600416.SS
600416.SS
600416.SS
600459.SS
600459.SS
600459.SS
600459.SS
600459.SS
600459.SS
600488.SS
600488.SS
600488.SS
600488.SS
600488.SS
600515.SS
600515.SS
600515.SS
600515.SS
600529.SS
600529.SS
600529.SS
600529.SS
600529.SS
600558.SS
600558.SS
600558.SS
600558.SS
600576.SS
600576.SS
600576.SS
600576.SS
600576.SS
600576.SS
600576.SS
600576.SS
600577.SS
600577.SS
600577.SS
600589.SS
600589.SS
600589.SS
600589.SS
600589.SS
600589.SS
600589.SS
600589.SS
600593.SS
600593.SS
600593.SS
600593.SS
600593.SS
600615.SS
600615.SS
600615.SS
600615.SS
600615.SS
600615.SS
600671.SS
600671.SS
600671.SS
600671.SS
600698.SS
600698.SS
600725.SS
600725.SS
600725.SS
600725.SS
600731.SS
600731.SS
600731.SS
600734.SS
600734.SS
600734.SS
600734.SS
600746.SS
600746.SS
600746.SS
600746.SS
600760.SS
600760.SS
600760.SS
600760.SS
600760.SS
600760.SS
600760.SS
600791.SS
600791.SS
600791.SS
600791.SS
600796.SS
600796.SS
600796.SS
600796.SS
600830.SS
600830.SS
600830.SS
600830.SS
600830.SS
600830.SS
600838.SS
600838.SS
600859.SS
600859.SS
600859.SS
600984.SS
600984.SS
600984.SS
600984.SS
600984.SS
600984.SS
601099.SS
601099.SS
601099.SS
601099.SS
601099.SS
601099.SS
601177.SS
601313.SS
601313.SS
601313.SS
601313.SS
601313.SS
601313.SS
601313.SS
601566.SS
601566.SS
601566.SS
601566.SS
601566.SS
603015.SS
603015.SS
603015.SS
603017.SS
603017.SS
603017.SS
603017.SS
603017.SS
603017.SS
603315.SS
603315.SS
603315.SS
603315.SS
603399.SS
603399.SS
603399.SS
603399.SS
603518.SS
603518.SS
603518.SS
603518.SS
603569.SS
603569.SS
603569.SS
603569.SS
603569.SS
603606.SS
603606.SS
603606.SS
603606.SS
603606.SS
603606.SS
603609.SS
603609.SS
603616.SS
603616.SS
603616.SS
603616.SS
603616.SS
603636.SS
603636.SS
603636.SS
603686.SS
603686.SS
603686.SS
603686.SS
603686.SS
603729.SS
603729.SS
603729.SS
603838.SS
6077.T
6077.T
6077.T
6077.T
6077.T
6088.T
6088.T
6088.T
6088.T
6088.T
6088.T
6137.T
6137.T
6185.T
6185.T
6381.T
6381.T
6381.T
6381.T
6381.T
6403.T
6485.T
6485.T
6531.TW
6531.TW
6531.TW
6531.TW
6531.TW
6531.TW
6531.TW
6715.T
6715.T
6744.T
6744.T
6769.T
6769.T
6769.T
6769.T
6769.T
6806.T
6806.T
6806.T
6806.T
6806.T
6806.T
6806.T
6877.T
6877.T
6877.T
6877.T
6S2.BB
6S2.BB
6S2.BB
7201.T
7256.T
7256.T
7308.NG
7308.NG
7408.T
7408.T
7408.T
7550.T
7550.T
7550.T
7550.T
7619.T
7619.T
7619.T
7619.T
7619.T
7643.T
7735.T
7735.T
7846.T
7846.T
7939.T
7943.T
7943.T
7947.T
7963.T
7963.T
7971.T
7971.T
7971.T
7971.T
7971.T
7971.T
8029.HK
8029.HK
8029.HK
8029.HK
8029.HK
8029.HK
8029.HK
8029.HK
8029.HK
8029.HK
8029.HK
8029.HK
8029.HK
8043.T
8128.HK
8128.HK
8128.HK
8135.T
8135.T
8135.T
8135.T
8215.HK
8215.HK
8271.HK
8315.HK
8315.HK
8315.HK
8315.HK
8315.HK
8315.HK
8315.HK
8315.HK
8315.HK
8315.HK
8850.T
8850.T
900946.SS
900946.SS
9042.T
9042.T
9042.T
9042.T
9042.T
9232.T
9303.T
9303.T
9303.T
9303.T
9303.T
9304.T
9376.T
9376.T
9424.T
9424.T
9722.T
9744.T
9744.T
9747.T
9747.T
9957.T
9957.T
9957.T
9957.T
9957.T
9967.T
9967.T
9967.T
9967.T
9967.T
9967.T
9967.T
9967.T
9967.T
9967.T
9967.T
9967.T
AAOI.O
AAOI.O
AAOI.O
AAOI.O
AAOI.O
AAOI.O
AAOI.O
ABA.CD
ACANb.ST
ACOR.O
ACOR.O
ACOR.O
ACOR.O
ACOR.O
ACOR.O
ACOR.O
ACOR.O
ACOR.O
ACPW.O
ACPW.O
ACPW.O
ACPW.O
ACTA.O
ACTA.O
ACTA.O
ADTN.O
AEM.TO
AGNC.O
AGNC.O
AGNC.O
AGNC.O
AGNCB.O
AGNCB.O
AGNCB.O
AGNCB.O
AGRO3.SA
AHL
AHL
AHL
AHL
AHL
AHL
AKAO.O
AKAO.O
AKAO.O
AKAO.O
AKENR.IS
AKENR.IS
AKENR.IS
AKMGY.IS
AKMGY.IS
AKMGY.IS
AKMGY.IS
AKMGY.IS
AKMGY.IS
AKMGY.IS
AKMGY.IS
AKSUE.IS
AKSUE.IS
AKSUE.IS
AKSUE.IS
AKSUE.IS
AKSUE.IS
AKSUE.IS
AKSUE.IS
AKSUE.IS
AKSUE.IS
AKSUE.IS
AKSUE.IS
AKSUE.IS
AKSUE.IS
AKSUE.IS
AKSUE.IS
AKSUE.IS
AKSUE.IS
AKSUE.IS
ALAUP.PA
ALAUP.PA
ALGN.O
ALGN.O
ALGN.O
AMAG.JK
AMRB.O
AMRB.O
AMRN.O
AMRN.O
AMRN.O
AMRN.O
AMT.WA
AMT.WA
AMT.WA
AMT.WA
AMT.WA
AMT.WA
AMT.WA
AMT.WA
AMT.WA
AMT.WA
AMT.WA
AMT.WA
AMT.WA
AMT.WA
AMT.WA
ANDE.O
ANDE.O
ANDE.O
ANDE.O
ANDE.O
ANDE.O
AOI
AOI
AOI
AOSL.O
AOSL.O
APTS.K
ARES.K
ARES.K
ARES.K
ARES.K
ARES.K
ARES.K
ARES.K
ARES.K
ARES.K
ARES.K
ARES.K
ARES.K
ARIA.O
ARIA.O
ARIA.O
ARIA.O
ARIA.O
ARIA.O
ARIA.O
ARIA.O
ARIA.O
ARIA.O
ARIA.O
ARIA.O
ARIA.O
ARMDA.IS
ARMDA.IS
ARMDA.IS
ARMDA.IS
ARMDA.IS
ARMDA.IS
ARNA.O
ARNA.O
ARNA.O
ARNA.O
ARNA.O
ARNA.O
ARNA.O
ARRS.O
ASBB.O
ASBB.O
ASBB.O
ASBB.O
ASBB.O
ASBB.O
ASBB.O
ASBB.O
ASBB.O
ASBB.O
ASCMA.O
ASCMA.O
ASCMA.O
ASGN.K
ASGN.K
ASGN.K
ASGN.K
ASGN.K
ASGN.K
ASGN.K
ASGN.K
ASMI.JK
ATSG.O
ATSG.O
ATSG.O
ATSG.O
AVGR.O
AVGR.O
AVGR.O
AVGR.O
AXGN.O
AXL
B
BASFn.DE
BASFn.DE
BASFn.DE
BASFn.DE
BASFn.DE
BASFn.DE
BASFn.DE
BASFn.DE
BASFn.DE
BASFn.DE
BASFn.DE
BASFn.DE
BASFn.DE
BASFn.DE
BASFn.DE
BASFn.DE
BASFn.DE
BASFn.DE
BASFn.DE
BASFn.DE
BASFn.DE
BASFn.DE
BASFn.DE
BAX
BHB
BHB
BHB
BHB
BHB
BHB
BHB
BHB
BHE
BHE
BID
BIGI.KL
BIGI.KL
BIGI.KL
BIGI.KL
BIGI.KL
BIGI.KL
BIGI.KL
BIMAS.IS
BIMAS.IS
BIMAS.IS
BIMAS.IS
BIMAS.IS
BIMAS.IS
BIMAS.IS
BKMU.O
BKMU.O
BKMU.O
BKMU.O
BLAK34.SA
BLDR.O
BLK
BOBR4.SA
BOBR4.SA
BOBR4.SA
BOBR4.SA
BOBR4.SA
BPAN4.SA
BPAN4.SA
BPAN4.SA
BPHP.WA
BPHP.WA
BRG
BRG
BRG
BRG
BSDE.JK
BSLG.DE
BSLG.DE
BSLG.DE
BSLG.DE
BSLG.DE
BSLG.DE
BSLG.DE
BSLG.DE
BSLG.DE
BSLG.DE
BSLG.DE
BSLG.DE
BSLG.DE
BSLG.DE
BSM
BSRR.O
BSRR.O
BSRR.O
BSRR.O
BURVA.IS
BURVA.IS
BURVA.IS
BURVA.IS
BURVA.IS
BURVA.IS
BURVA.IS
BURVA.IS
BUSE.O
BUSE.O
BUSE.O
BUSE.O
BUVA.JK
CAO.TO
CAR_u.TO
CAR_u.TO
CAR_u.TO
CAR_u.TO
CAR_u.TO
CAR_u.TO
CAR_u.TO
CAR_u.TO
CAR_u.TO
CAR_u.TO
CAR_u.TO
CAR_u.TO
CAVM.O
CAVM.O
CAVM.O
CAVM.O
CBFV.O
CBFV.O
CBFV.O
CBFV.O
CBL
CBL
CBL
CBL
CBL_pd
CBL_pd
CBL_pd
CBL_pd
CBL_pe
CBL_pe
CBL_pe
CBL_pe
CBOE.O
CBOE.O
CBOE.O
CBOE.O
CCXI.O
CCXI.O
CCXI.O
CCXI.O
CFFI.O
CFFI.O
CFFI.O
CFFI.O
CFFI.O
CFFI.O
CFFI.O
CFFI.O
CFFI.O
CFFI.O
CFIN.JK
CFIN.JK
CFNL.O
CFNL.O
CFNL.O
CFNL.O
CFNL.O
CHFL.SI
CHKP.O
CHKP.O
CHKP.O
CHKP.O
CHKP.O
CHKP.O
CHKP.O
CHKP.O
CHUBA.O
CHUBA.O
CHUBA.O
CHUBA.O
CHUBA.O
CHUBK.O
CHUBK.O
CHUBK.O
CHUBK.O
CHUBK.O
CIO
CIO
CIO
CIO
CIO
CIO
CIO
CJ.TO
CJ.TO
CJ.TO
CJ.TO
CJ.TO
CJ.TO
CJ.TO
CJ.TO
CJ.TO
CJ.TO
CJ.TO
CLAC.O
CLAC.O
CLAC.O
CLAC.O
CLAC.O
CLBS.O
CLBS.O
CLBS.O
CLBS.O
CNBKA.O
CNBKA.O
CNBKA.O
CNBKA.O
CNHI.MI
CNHI.MI
CNHI.MI
CNHI.MI
CPF
CPF
CPF
CPF
CRTO.O
CRTO.O
CRTO.O
CRVS.O
CRVS.O
CST
CST
CST
CST
CST
CST
CST
CST
CST
CST
CST
CST
CST
CST
CST
CST
CTBI.O
CTBI.O
CTBI.O
CTBI.O
CTBI.O
CTBI.O
CTLT.K
CTLT.K
CTMX.O
CTMX.O
CTMX.O
CTRA.JK
CUBI.K
CUBI.K
CUBI.K
CUBI.K
CUBI.K
CUTR.O
CUTR.O
CUTR.O
CUTR.O
CVLY.O
CVLY.O
CVLY.O
CVLY.O
CWC.V
CWC.V
CWC.V
CWC.V
CWC.V
CWC.V
CWC.V
CWC.V
CYNO.O
CYNO.O
CYNO.O
CYNO.O
CYNO.O
CYNO.O
CZR.O
CZR.O
CZR.O
CZR.O
CZR.O
CZR.O
CZR.O
DCO
DEVA.IS
DEVA.IS
DEVA.IS
DGICA.O
DGICA.O
DGICA.O
DGICA.O
DGICA.O
DGICA.O
DGICB.O
DGICB.O
DGICB.O
DGICB.O
DGICB.O
DGICB.O
DICn.DE
DICn.DE
DICn.DE
DILD.JK
DMD
DMD
DMD
DMD
DMD
DMD
DNBF.O
DNBF.O
DNBF.O
DNBF.O
DNBF.O
DNBF.O
DNR
DNR
DVD
DX
DX
DX
DX
EDE
EDE
EDE
EDE
EDE
EDE
EDE
EDE
EDE
EDE
EDE
EDE
EDE
EDE
EDE
EDE
EDE
EDE
EDE
EDE
EDSB.KL
EDSB.KL
EDSB.KL
EDSB.KL
EDSB.KL
EDSB.KL
EDSB.KL
EGCM.KL
EGCM.KL
EGCM.KL
EGCM.KL
EGCM.KL
EGCM.KL
EGCM.KL
EGCYH.IS
ELGX.O
ELGX.O
ELGX.O
ELGX.O
ELNK.O
EMG
EMG
EMG
EMG
EMG
EMG
EMNIS.IS
EMNIS.IS
EMNIS.IS
EMNIS.IS
EMNIS.IS
EMNIS.IS
EMNIS.IS
EMNIS.IS
ENH
ENH
ENH
ENH
ENH
ENH
ENH_pc
ENH_pc
ENH_pc
ENH_pc
ENH_pc
ENH_pc
ENV
ENV
ENV
ENV
ENV
ENV
ENV
ENV
EPAY.O
EPAY.O
EPAY.O
EPAY.O
ESAN.KL
ESAN.KL
ESAN.KL
ESAN.KL
ESAN.KL
ESAN.KL
ESAN.KL
ESAN.KL
ESAN.KL
ESAN.KL
ESAN.KL
ESAN.KL
ESAN.KL
ESAN.KL
ESAN.KL
ESAN.KL
ESRT.K
ESRT.K
ESRT.K
ESRT.K
ESRT.K
ESRT.K
ESRT.K
ESRT.K
ETM
ETSY.O
ETSY.O
ETSY.O
ETSY.O
EUKYO.IS
EUKYO.IS
EXCL.DE
EXCL.DE
EXCL.DE
EXCL.DE
EXCL.DE
FANG.O
FANG.O
FAR.TO
FAR.TO
FAR.TO
FAR.TO
FAR.TO
FARM.O
FARM.O
FARM.O
FBC
FBC
FBC
FBC
FBC
FDEF.O
FDEF.O
FDEF.O
FDEF.O
FER.LM
FER.LM
FER.LM
FER.LM
FER.LM
FER.LM
FER.LM
FER.LM
FER.LM
FER.LM
FFBC.O
FFBC.O
FFBC.O
FFBC.O
FFCh.V
FFNW.O
FFNW.O
FFNW.O
FFNW.O
FFNW.O
FMII.JK
FMNB.O
FMNB.O
FMNB.O
FMNB.O
FNHC.O
FNHC.O
FNHC.O
FNHC.O
FNHC.O
FNHC.O
FNHC.O
FNHC.O
FNHC.O
FNHC.O
FRBK.O
FRBK.O
FRBK.O
FRBK.O
FREN.JK
FREN.JK
FREN.JK
FREN.JK
FSTR.O
FSTR.O
FSTR.O
FSTR.O
FSTR.O
FTD.O
FTD.O
FTD.O
FTD.O
FTD.O
FTD.O
FTD.O
FTD.O
FTD.O
FTD.O
FUJI.KL
FUJI.KL
FUJI.KL
FUJI.KL
FUNC.O
FUNC.O
FUNC.O
GAMU.KL
GAMU.KL
GAMU.KL
GAMU.KL
GAMU.KL
GAMU.KL
GB2986324.L
GB2986324.L
GB2986324.L
GB2986324.L
GB2986324.L
GCAP.K
GCAP.K
GCAP.K
GCAP.K
GCAP.K
GCAP.K
GCAP.K
GCAP.K
GCAP.K
GCAP.K
GCAP.K
GCAP.K
GCAP.K
GCAP.K
GDEN.O
GDEN.O
GDEN.O
GDEN.O
GDEN.O
GDEN.O
GDEN.O
GDEN.O
GDEN.O
GDEN.O
GDEN.O
GDEN.O
GDEN.O
GDEN.O
GDEN.O
GDEN.O
GDEN.O
GDEN.O
GEMP.O
GEMP.O
GEMP.O
GEMP.O
GFN.O
GFN.O
GFN.O
GFN.O
GFN.O
GIMO.K
GIMO.K
GIMO.K
GLP
GLP
GLP
GLP
GLRE.O
GLRE.O
GLRE.O
GLRE.O
GLRE.O
GPT
GPT
GPT
GPT
GPT
GS
GSGI34.SA
GS_pa
GS_pb
GS_pc
GS_pd
GS_pi
GS_pj
GS_pk
GS_pn
GTE
GTE
GTE
GUID.O
GUID.O
HAFC.O
HAFC.O
HAFC.O
HAFC.O
HBHC.O
HBHC.O
HCAC.O
HCAC.O
HCAC.O
HCAC.O
HCAC.O
HCAC.O
HCACU.O
HCACU.O
HCACU.O
HCACU.O
HCACU.O
HCACU.O
HCMB.KL
HDP.O
HFWA.O
HFWA.O
HFWA.O
HFWA.O
HFWA.O
HFWA.O
HKSAV.HE
HKSAV.HE
HKSAV.HE
HKSAV.HE
HKSAV.HE
HMN
HMTV.O
HMTV.O
HSNI.O
HSNI.O
HZNDR.IS
HZNDR.IS
HZNDR.IS
HZNDR.IS
HZNDR.IS
IBKC.O
IBKC.O
IBKC.O
IBKC.O
IBKC.O
IBKCO.O
IBKCO.O
IBKCO.O
IBKCO.O
IBKCO.O
IBKCP.O
IBKCP.O
IBKCP.O
IBKCP.O
IBKCP.O
IEXh.V
IEXh.V
IEXh.V
IEXh.V
IEXh.V
IEXh.V
IEXh.V
IEXh.V
IEXh.V
IEXh.V
III.O
III.O
ILMN.O
ILMN.O
IMAS.JK
IMAS.JK
IMAS.JK
IMJS.JK
IMJS.JK
IMJS.JK
INFO.IS
INFO.IS
INFO.IS
INFO.IS
INFO.IS
INFO.IS
INFO.IS
INFO.IS
INFO.IS
INFO.IS
INFO.IS
INFO.IS
INFO.IS
INFO.IS
INFO.IS
INFO.IS
IPAS.O
IPHI.K
IPHI.K
IPHI.K
IPHI.K
IRWD.O
IRWD.O
IRWD.O
IRWD.O
IRWD.O
ISET.SI
ITABb.ST
ITABb.ST
ITABb.ST
ITABb.ST
ITABb.ST
ITABb.ST
ITABb.ST
ITABb.ST
ITABb.ST
ITABb.ST
ITABb.ST
ITABb.ST
ITABb.ST
ITABb.ST
ITABb.ST
ITABb.ST
ITABb.ST
ITABb.ST
ITABb.ST
IZMDC.IS
IZMDC.IS
IZMDC.IS
IZMDC.IS
IZMDC.IS
IZMDC.IS
IZMDC.IS
IZMDC.IS
IZMDC.IS
IZMDC.IS
IZMDC.IS
IZMDC.IS
IZMDC.IS
IZMDC.IS
IZMDC.IS
IZMDC.IS
IZMDC.IS
IZMDC.IS
IZMDC.IS
JAGA.BO
JAGA.BO
JAGA.BO
JAGA.BO
JAGA.BO
JAGA.BO
JAGA.BO
JAGA.BO
JKHY.O
JKHY.O
JKHY.O
JKHY.O
JMBA.O
JMBA.O
JMBA.O
JMBA.O
JMBA.O
K
K
KBLV.JK
KCI.WA
KEY
KEY
KEY
KEY
KFS.TO
KFS.TO
KFS.TO
KIMT.KL
KIMT.KL
KIMT.KL
KIMT.KL
KIMT.KL
KIMT.KL
KIMT.KL
KIMT.KL
KIMT.KL
KIMT.KL
KIMT.KL
KIN.O
KIN.O
KIN.O
KIN.O
KIN.O
KIN.O
KIN.O
KLBF.JK
KLRK.KL
KLRK.KL
KLRK.KL
KLRK.KL
KLRK.KL
KLRK.KL
KLRK.KL
KLRK.KL
KLRK.KL
KLRK.KL
KMT
KMT
KMT
KMT
KMT
KMT
KMT
KMT
KND
KND
KND
KND
KND
KOS
KOS
KOS
KOS
KOS
KOS
KOS
KRU.WA
KUYAS.IS
KUYAS.IS
KUYAS.IS
KUYAS.IS
KUYAS.IS
KUYAS.IS
KUYAS.IS
LBAI.O
LBAI.O
LBAI.O
LHN.S
LHN.S
LHN.S
LHN.S
LIND.O
LIND.O
LIND.O
LIND.O
LIND.O
LINX3.SA
LINX3.SA
LINX3.SA
LINX3.SA
LIVN.L
LMIA.O
LMIA.O
LMIA.O
LMIA.O
LMIA.O
LMIA.O
LNCE.O
LNCE.O
LNCE.O
LNCE.O
LNCE.O
LNCE.O
LNCE.O
LNCE.O
LNCE.O
LNCE.O
LNCE.O
LNCE.O
LNCE.O
LNCE.O
LNCE.O
LNCE.O
LND
LSCC.O
LSCC.O
LSCC.O
LSCC.O
LSCC.O
MATR.O
MATR.O
MATR.O
MATR.O
MATR.O
MATR.O
MATR.O
MATR.O
MATR.O
MATX.K
MATX.K
MATX.K
MATX.K
MATX.K
MATX.K
MATX.K
MATX.K
MCHL.SI
MCHL.SI
MCHL.SI
MCHL.SI
MCHL.SI
MCHP.O
MCHP.O
MCHP.O
MCHP.O
MCHP.O
MCHP.O
MCHP.O
MCHP.O
MCHX.O
MCHX.O
MCHX.O
MCI.WA
MCI.WA
MCI.WA
MCI.WA
MCI.WA
MCI.WA
MCI.WA
MCI.WA
MCI.WA
MCI.WA
MCI.WA
MCI.WA
MCI.WA
MCRI.O
MCRI.O
MCRI.O
MDF.MC
MDF.MC
MDF.MC
MDF.MC
MDF.MC
MDF.MC
MDF.MC
MDF.MC
MDF.MC
MDKA.JK
MERK.JK
MERK.JK
MFIN.JK
MFIN.JK
MFIN.O
MFIN.O
MFIN.O
MFIN.O
MFIN.O
MGNG.DE
MILS3.SA
MILS3.SA
MILS3.SA
MILS3.SA
MILS3.SA
MLPL.JK
MN
MN
MN
MN
MN
MN
MN
MN
MN
MN
MN
MN
MN
MN
MN
MN
MN
MNST.O
MNST.O
MNST.O
MNST.O
MNST.O
MNST.O
MNST.O
MSCB.KL
MSCB.KL
MSCB.KL
MSCB.KL
MSCB.KL
MSCB.KL
MSCB.KL
MSCB.KL
MSCB.KL
MSCB.KL
MSCB.KL
MSFG.O
MSFG.O
MSFG.O
MSFG.O
MSFG.O
MSFG.O
MSFG.O
MSFG.O
MSFG.O
MTCH.O
MTDL.JK
MTG
MTG
MTG
MTW
MTW
MVIS.O
MVIS.O
MVIS.O
MVIS.O
MVIS.O
NBL
NBL
NBL
NBL
NC.BK
NC.BK
NC.BK
NC.BK
NC.BK
NC.BK
NC.BK
NC.BK
NC.BK
NC.BK
NC.BK
NC.BK
NC.BK
NC.BK
NC.BK
NC.BK
NC.BK
NC.BK
NC.BK
NCf.BK
NCf.BK
NCf.BK
NCf.BK
NCf.BK
NCf.BK
NCf.BK
NCf.BK
NCf.BK
NCf.BK
NCf.BK
NCf.BK
NCf.BK
NCf.BK
NCf.BK
NCf.BK
NCf.BK
NCf.BK
NCf.BK
NCIT.O
NCn.BK
NCn.BK
NCn.BK
NCn.BK
NCn.BK
NCn.BK
NCn.BK
NCn.BK
NCn.BK
NCn.BK
NCn.BK
NCn.BK
NCn.BK
NCn.BK
NCn.BK
NCn.BK
NCn.BK
NCn.BK
NCn.BK
NDAQ.O
NDAQ.O
NDAQ.O
NDAQ.O
NDAQ.O
NDAQ.O
NE
NEWT.O
NEWT.O
NEWT.O
NEWT.O
NL
NL
NL
NL
NL
NL
NL
NL
NL
NLMK.MM
NLMK.MM
NLMK.MM
NLMK.MM
NLMKq.L
NLMKq.L
NLMKq.L
NLMKq.L
NS
NS
NS
NS
NS
NS
NS
NS
NS
NS
NS
NS
NS
NS
NS
NS
NS
NS
NS
NS
NSSC.O
NSSC.O
NWS.AX
NWS.O
NWSA.O
NWSLV.AX
OCRX.O
OCRX.O
OCRX.O
OHI
OHI
OHI
OHI
OHI
OII
OII
OII
OII
OII
OII
OII
OII
OII
OII
ON.O
ON.O
ON.O
ON.O
ON.O
OPK.O
OPK.O
OPK.O
OPK.O
OPOF.O
OPOF.O
OPOF.O
OPOF.O
OPOF.O
ORA
ORA
ORA
ORA
ORA
ORA
OREX.O
OREX.O
OREX.O
OREX.O
ORRF.O
ORRF.O
ORRF.O
ORRF.O
ORRF.O
ORRF.O
OSUR.O
OSUR.O
OSUR.O
OSUR.O
OSUR.O
OSUR.O
OSUR.O
OTC.TO
OTC.TO
OTC.TO
OTC.TO
OZGYO.IS
OZGYO.IS
OZGYO.IS
OZGYO.IS
OZGYO.IS
OZGYO.IS
OZM
OZM
OZM
OZRK.O
OZRK.O
OZRK.O
OZRK.O
OZRK.O
OZRK.O
OZRK.O
OZRK.O
OZRK.O
OZRK.O
OZRK.O
PAH
PAH
PAH
PAH
PAH
PAH
PAH
PAH
PAH
PAH
PAOS.KL
PAOS.KL
PAOS.KL
PAOS.KL
PAOS.KL
PAOS.KL
PAOS.KL
PAOS.KL
PAOS.KL
PAOS.KL
PAOS.KL
PAOS.KL
PAOS.KL
PAOS.KL
PAOS.KL
PAOS.KL
PBI
PBI
PBI
PBI
PBI
PBI
PBI
PBI
PCBK.O
PCBK.O
PCBK.O
PCBK.O
PCLN.O
PCLN.O
PCTI.O
PCTI.O
PCTI.O
PCTI.O
PDFS.O
PDFS.O
PDFS.O
PDFS.O
PDFS.O
PDFS.O
PENS.KL
PENS.KL
PENS.KL
PENS.KL
PENS.KL
PENS.KL
PENS.KL
PENS.KL
PENS.KL
PENS.KL
PENS.KL
PENS.KL
PENS.KL
PENS.KL
PENS.KL
PENS.KL
PENS.KL
PESI.O
PESI.O
PESI.O
PFIS.O
PFIS.O
PFIS.O
PFIS.O
PFIS.O
PFIS.O
PGKN.KL
PGKN.KL
PGKN.KL
PGKN.KL
PGKN.KL
PGKN.KL
PGKN.KL
PGKN.KL
PGKN.KL
PGKN.KL
PGKN.KL
PGNX.O
PGNX.O
PGNX.O
PGNX.O
PGNX.O
PGNX.O
PGNX.O
PGNX.O
PHII.O
PHII.O
PHII.O
PHII.O
PHII.O
PHII.O
PHIIK.O
PHIIK.O
PHIIK.O
PHIIK.O
PHIIK.O
PHIIK.O
PINC.O
PINC.O
PINC.O
PINC.O
PINC.O
PINC.O
PJT
PJT
PKI
PKI
PKI
PKI
PKI
PLAS.JK
PLBE.KL
PLBE.KL
PLBE.KL
PLBE.KL
PLBE.KL
PLBE.KL
PLBE.KL
PLBE.KL
PLBE.KL
PLRC.TA
PLUG.O
PLUG.O
PLUG.O
PLUG.O
PLUG.O
PLUG.O
PLUG.O
PLUG.O
PLUG.O
PLUG.O
PLUG.O
PLUG.O
PLUG.O
PLUG.O
PLUG.O
PLUG.O
PLUG.O
PLUG.O
PLUG.O
PLUG.O
PLUG.O
PLUG.O
PLUG.O
POMO3.SA
POMO3.SA
POMO3.SA
POMO3.SA
POMO3.SA
POMO4.SA
POMO4.SA
POMO4.SA
POMO4.SA
POMO4.SA
PSD.TO
PSD.TO
PSD.TO
PSD.TO
PTPP.JK
PTPP.JK
PTPP.JK
PTSP.JK
PWR
PWR
PWR
PWR
QTNT.O
QUAL3.SA
QUAL3.SA
QUAL3.SA
QUAL3.SA
QUAL3.SA
QUAL3.SA
QUAL3.SA
QUMU.O
RAYSG.IS
RAYSG.IS
RAYSG.IS
RAYSG.IS
RAYSG.IS
RAYSG.IS
RAYSG.IS
RAYSG.IS
RAYSG.IS
RAYSG.IS
RAYSG.IS
REDY.NS
REDY.NS
REL.LM
REL.LM
REL.LM
REL.LM
REXR.K
REXR.K
REXR.K
REXR.K
REXR.K
RHEAG.IS
RHEAG.IS
RHEAG.IS
RHEAG.IS
RHEAG.IS
RING.OL
RNET.O
RNET.O
RNET.O
RNET.O
RODA.JK
RST
RST
RST
RST
RSTI.O
RTEC.K
RTEC.K
RTEC.K
RTEC.K
RTEC.K
RTEC.K
RUIS.JK
RYAM.K
SAJA.O
SAJA.O
SAJA.O
SAJA.O
SAJA.O
SAJA.O
SAJA.O
SALM.O
SALM.O
SALM.O
SALM.O
SALM.O
SALM.O
SALM.O
SALM.O
SALM.O
SALM.O
SBGI.O
SBR
SBR
SBR
SBR
SBR
SBR
SBR
SBR
SBR
SBR
SBR
SCBD.JK
SCCE.KL
SCCE.KL
SCCE.KL
SCCE.KL
SCCE.KL
SCCE.KL
SCCE.KL
SCSC.O
SCSC.O
SCSC.O
SCSC.O
SECD.SI
SECD.SI
SECD.SI
SECD.SI
SECD.SI
SFNC.O
SFNC.O
SFNC.O
SFNC.O
SFNC.O
SFNC.O
SFR
SFR
SFR
SFR
SGY
SGY
SGY
SGY
SGY
SHEN.O
SHEN.O
SHEN.O
SHEN.O
SHEN.O
SIHL.SI
SIHL.SI
SITE.K
SKT
SKT
SKT
SKT
SKT
SKT
SKT
SLGN.O
SLGN.O
SLGN.O
SLGN.O
SLGN.O
SLGN.O
SLGN.O
SLGN.O
SLGN.O
SLGN.O
SLGN.O
SLGN.O
SLGN.O
SLGN.O
SLGN.O
SLGN.O
SMCI.O
SMCI.O
SMLP.K
SMLP.K
SMLP.K
SMLP.K
SNBC.O
SNBC.O
SNBC.O
SNBC.O
SNKRN.IS
SNKRN.IS
SNKRN.IS
SNKRN.IS
SNKRN.IS
SOAG.OL
SPIL.O
SPNS.O
SPNS.O
SPNS.O
SPNS.O
SPP
SPP
SPP
SPP
SPP
SPP
SPP
SRI
SRS.MI
SRS.MI
SRS.MI
SRS.MI
SRS.MI
SRS.MI
SRS.MI
SRS.MI
SRS.MI
SRS.MI
SRS.MI
SRS.MI
SRT
SRT
SRT
SRT
SRT
SRT
SRT
SSD
SSD
SSD
SSD
SSD
SSD
SSD
SSD
SSD
STAGn.DE
STRT.O
STRT.O
SUPR.JK
SWX
SWX
SWX
SWX
SWX
SWX
SWX
SWX
SWX
SWX
SWX
SWX
SWX
SWX
SWX
SWX
SWX
SWX
SXT
SYBT.O
SYBT.O
SYBT.O
SYBT.O
SYBT.O
SYBT.O
SYBT.O
SYBT.O
SYBT.O
SYN
SYN
SYN
SYN
SYN
TAJG.NS
TATA.NS
TBNK.O
TBNK.O
TBNK.O
TBNK.O
TBNK.O
TELE.JK
TET.TO
TET.TO
TET.TO
TET.TO
TET.TO
TET.TO
TET.TO
TET.TO
TET.TO
TIH.TO
TIH.TO
TIH.TO
TIH.TO
TIH.TO
TIH.TO
TIH.TO
TIH.TO
TIRE.IS
TIRE.IS
TIRE.IS
TIRE.IS
TIRE.IS
TNAV.O
TNAV.O
TOE.V
TOE.V
TOE.V
TOE.V
TOE.V
TOE.V
TOE.V
TOE.V
TOE.V
TREX.K
TREX.K
TREX.K
TREX.K
TRVN.O
TSBK.O
TSBK.O
TSLX.K
TSLX.K
TSLX.K
TSLX.K
TSLX.K
TSLX.K
TTJH.SI
TTJH.SI
TTJH.SI
TTJH.SI
TTJH.SI
TUKAS.IS
TUPY3.SA
TUPY3.SA
TUPY3.SA
TUPY3.SA
UBNT.O
UBNT.O
UBNT.O
UBNT.O
UBSG.S
UBSG.S
UBSG.S
UCBI.O
UCBI.O
UCFC.O
UCFC.O
UCFC.O
UCFC.O
UHT
UHT
UHT
UHT
UNIP3.SA
UNIP3.SA
UNIP5.SA
UNIP5.SA
UNIP6.SA
UNIP6.SA
UVSP.O
UVSP.O
UVSP.O
UVSP.O
UVSP.O
UVSP.O
UVSP.O
UVSP.O
VAL.SN
VAL.SN
VAL.SN
VAL.SN
VESTL.IS
VESTL.IS
VIVA.JK
VLO
VLY
VLY
VLY
VLY
VNOM.O
VNOM.O
VNP.TO
VNP.TO
VNP.TO
VSTM.O
VSTM.O
VSTM.O
VSTM.O
VSTM.O
VSTM.O
WATT.O
WATT.O
WATT.O
WDO.TO
WDO.TO
WDO.TO
WDO.TO
WDO.TO
WDO.TO
WEX
WEX
WEX
WEX
WEX
WEX
WEYS.O
WEYS.O
WIN.O
WLTW.O
WLTW.O
WLTW.O
WLTW.O
WML.V
WML.V
WML.V
WML.V
WML.V
WML.V
WML.V
WML.V
WML.V
WML.V
WMLP.K
WMLP.K
WOOF.O
WRB
WRB
WRB
WRB
WRB
WRB
WRB
WRB
WRB
WRB
WRB
WRK
WRK
WRK
WRK
WSKT.JK
WSKT.JK
WSKT.JK
XXIA.O
XXIA.O
XXIA.O
XXIA.O
XXIA.O
XYL
YGGYO.IS
YGGYO.IS
YGGYO.IS
YGGYO.IS
YGGYO.IS
YGGYO.IS
YGGYO.IS
YGGYO.IS
YGGYO.IS
YGGYO.IS
YGGYO.IS
YGGYO.IS
ZB_pa
ZB_pa
ZB_pa
ZB_pa
ZB_pf
ZB_pf
ZB_pf
ZB_pf
ZB_pg
ZB_pg
ZB_pg
ZB_pg
ZB_ph
ZB_ph
ZB_ph
ZB_ph
ZGNX.O
ZGNX.O
ZGNX.O
ZGNX.O
ZGNX.O
ZGNX.O
ZGNX.O
ZGNX.O
ZION.O
ZION.O
ZION.O
ZION.O
