000006.SZ
000006.SZ
000016.SZ
000016.SZ
000016.SZ
000016.SZ
000035.SZ
000035.SZ
000038.SZ
000038.SZ
000045.SZ
000045.SZ
000045.SZ
000045.SZ
000045.SZ
000046.SZ
000046.SZ
000046.SZ
000046.SZ
000046.SZ
000046.SZ
000048.SZ
000048.SZ
000048.SZ
000048.SZ
000048.SZ
000048.SZ
000069.SZ
000069.SZ
000069.SZ
000069.SZ
000069.SZ
000069.SZ
000078.SZ
000078.SZ
000078.SZ
000078.SZ
000078.SZ
000150.KS
000157.SZ
000370.KS
000410.SZ
000410.SZ
000410.SZ
000410.SZ
000415.SZ
000415.SZ
000415.SZ
000415.SZ
000418.SZ
000419.SZ
000419.SZ
000419.SZ
000425.SZ
000425.SZ
000425.SZ
000428.SZ
000428.SZ
000428.SZ
000428.SZ
000428.SZ
000511.SZ
000511.SZ
000511.SZ
000511.SZ
000519.SZ
000519.SZ
000519.SZ
000519.SZ
000519.SZ
000519.SZ
000528.SZ
000528.SZ
000528.SZ
000528.SZ
000528.SZ
000528.SZ
000528.SZ
000528.SZ
000528.SZ
000528.SZ
000528.SZ
000528.SZ
000528.SZ
000528.SZ
000528.SZ
000528.SZ
000529.SZ
000529.SZ
000529.SZ
000529.SZ
000529.SZ
000529.SZ
000533.SZ
000533.SZ
000533.SZ
000533.SZ
000536.SZ
000536.SZ
000536.SZ
000536.SZ
000536.SZ
000537.SZ
000537.SZ
000537.SZ
000537.SZ
000537.SZ
000537.SZ
000546.SZ
000546.SZ
000546.SZ
000546.SZ
000546.SZ
000552.SZ
000552.SZ
000552.SZ
000552.SZ
000552.SZ
000564.SZ
000564.SZ
000564.SZ
000564.SZ
000564.SZ
000564.SZ
000564.SZ
000571.SZ
000571.SZ
000571.SZ
000571.SZ
000572.SZ
000572.SZ
000572.SZ
000597.SZ
000597.SZ
000597.SZ
000597.SZ
000597.SZ
000605.SZ
000605.SZ
000605.SZ
000605.SZ
000605.SZ
000607.SZ
000607.SZ
000607.SZ
000607.SZ
000607.SZ
000609.SZ
000609.SZ
000609.SZ
000609.SZ
000609.SZ
000609.SZ
000622.SZ
000622.SZ
000622.SZ
000622.SZ
000626.SZ
000626.SZ
000626.SZ
000626.SZ
000626.SZ
000628.SZ
000628.SZ
000628.SZ
000628.SZ
000628.SZ
000629.SZ
000638.SZ
000638.SZ
000638.SZ
000638.SZ
000638.SZ
000652.SZ
000652.SZ
000652.SZ
000652.SZ
000652.SZ
000662.SZ
000662.SZ
000662.SZ
000662.SZ
000662.SZ
000671.SZ
000671.SZ
000671.SZ
000682.SZ
000682.SZ
000682.SZ
000682.SZ
000682.SZ
000682.SZ
000722.SZ
000722.SZ
000722.SZ
000722.SZ
000722.SZ
000722.SZ
000755.SZ
000755.SZ
000755.SZ
000756.SZ
000756.SZ
000756.SZ
000756.SZ
000756.SZ
000759.SZ
000759.SZ
000759.SZ
000759.SZ
000759.SZ
000760.SZ
000760.SZ
000760.SZ
000760.SZ
000796.SZ
000796.SZ
000796.SZ
000796.SZ
000796.SZ
000796.SZ
000800.SZ
000800.SZ
000800.SZ
000800.SZ
000800.SZ
000807.SZ
000807.SZ
000807.SZ
000807.SZ
000807.SZ
000810.KS
000815.SZ
000815.SZ
000815.SZ
000815.SZ
000820.SZ
000820.SZ
000820.SZ
000820.SZ
000820.SZ
000820.SZ
000822.SZ
000822.SZ
000822.SZ
000822.SZ
000822.SZ
000829.SZ
000829.SZ
000829.SZ
000829.SZ
000829.SZ
000835.SZ
000835.SZ
000835.SZ
000835.SZ
000835.SZ
000837.SZ
000837.SZ
000860.SZ
000860.SZ
000860.SZ
000860.SZ
000860.SZ
000860.SZ
000887.SZ
000887.SZ
000887.SZ
000889.SZ
000889.SZ
000889.SZ
000889.SZ
000889.SZ
000901.SZ
000901.SZ
000901.SZ
000901.SZ
000901.SZ
000911.SZ
000911.SZ
000911.SZ
000911.SZ
000913.SZ
000913.SZ
000925.SZ
000932.SZ
000932.SZ
000932.SZ
000932.SZ
000932.SZ
000950.SZ
000950.SZ
000950.SZ
000950.SZ
000950.SZ
000951.SZ
000951.SZ
000951.SZ
000951.SZ
000951.SZ
000951.SZ
000953.SZ
000953.SZ
000953.SZ
000953.SZ
000953.SZ
000973.SZ
000973.SZ
001450.KS
001696.SZ
001696.SZ
002027.SZ
002027.SZ
002027.SZ
002027.SZ
002027.SZ
002027.SZ
002034.SZ
002034.SZ
002034.SZ
002034.SZ
002034.SZ
002055.SZ
002055.SZ
002055.SZ
002055.SZ
002061.SZ
002061.SZ
002061.SZ
002061.SZ
002061.SZ
002069.SZ
002069.SZ
002069.SZ
002069.SZ
002069.SZ
002078.SZ
002078.SZ
002078.SZ
002079.SZ
002079.SZ
002079.SZ
002079.SZ
002079.SZ
002090.SZ
002090.SZ
002106.SZ
002106.SZ
002106.SZ
002106.SZ
002106.SZ
002106.SZ
002112.SZ
002112.SZ
002112.SZ
002112.SZ
002112.SZ
002112.SZ
002130.SZ
002130.SZ
002130.SZ
002133.SZ
002133.SZ
002133.SZ
002133.SZ
002133.SZ
002133.SZ
002134.SZ
002134.SZ
002134.SZ
002134.SZ
002134.SZ
002134.SZ
002134.SZ
002135.SZ
002135.SZ
002135.SZ
002135.SZ
002154.SZ
002154.SZ
002154.SZ
002154.SZ
002154.SZ
002154.SZ
002154.SZ
002154.SZ
002161.SZ
002161.SZ
002161.SZ
002161.SZ
002164.SZ
002164.SZ
002164.SZ
002164.SZ
002164.SZ
002166.SZ
002166.SZ
002166.SZ
002180.SZ
002180.SZ
002180.SZ
002180.SZ
002180.SZ
002180.SZ
002199.SZ
002199.SZ
002199.SZ
002199.SZ
002200.SZ
002200.SZ
002200.SZ
002200.SZ
002200.SZ
002211.SZ
002211.SZ
002211.SZ
002211.SZ
002222.SZ
002222.SZ
002222.SZ
002222.SZ
002222.SZ
002222.SZ
002222.SZ
002247.SZ
002247.SZ
002247.SZ
002247.SZ
002247.SZ
002247.SZ
002247.SZ
002247.SZ
002251.SZ
002251.SZ
002251.SZ
002251.SZ
002251.SZ
002256.SZ
002256.SZ
002258.SZ
002258.SZ
002258.SZ
002258.SZ
002258.SZ
002274.SZ
002274.SZ
002278.SZ
002278.SZ
002278.SZ
002278.SZ
002278.SZ
002308.SZ
002308.SZ
002308.SZ
002308.SZ
002308.SZ
002324.SZ
002324.SZ
002324.SZ
002324.SZ
002324.SZ
002325.SZ
002325.SZ
002325.SZ
002325.SZ
002325.SZ
002342.SZ
002342.SZ
002342.SZ
002342.SZ
002342.SZ
002362.SZ
002362.SZ
002362.SZ
002362.SZ
002362.SZ
002362.SZ
002378.SZ
002378.SZ
002378.SZ
002378.SZ
002378.SZ
002382.SZ
002382.SZ
002382.SZ
002382.SZ
002382.SZ
002382.SZ
002406.SZ
002406.SZ
002406.SZ
002406.SZ
002406.SZ
002413.SZ
002413.SZ
002413.SZ
002413.SZ
002413.SZ
002419.SZ
002419.SZ
002419.SZ
002419.SZ
002419.SZ
002419.SZ
002432.SZ
002432.SZ
002432.SZ
002432.SZ
002445.SZ
002447.SZ
002447.SZ
002447.SZ
002447.SZ
002447.SZ
002447.SZ
002447.SZ
002447.SZ
002451.SZ
002451.SZ
002451.SZ
002451.SZ
002451.SZ
002451.SZ
002455.SZ
002455.SZ
002455.SZ
002455.SZ
002455.SZ
002487.SZ
002487.SZ
002487.SZ
002487.SZ
002487.SZ
002504.SZ
002504.SZ
002504.SZ
002504.SZ
002504.SZ
002504.SZ
002510.SZ
002512.SZ
002512.SZ
002512.SZ
002512.SZ
002526.SZ
002526.SZ
002526.SZ
002526.SZ
002531.SZ
002531.SZ
002531.SZ
002531.SZ
002531.SZ
002540.SZ
002540.SZ
002540.SZ
002540.SZ
002540.SZ
002549.SZ
002549.SZ
002555.SZ
002555.SZ
002555.SZ
002555.SZ
002555.SZ
002555.SZ
002560.SZ
002560.SZ
002560.SZ
002560.SZ
002560.SZ
002560.SZ
002560.SZ
002560.SZ
002561.SZ
002561.SZ
002561.SZ
002561.SZ
002570.SZ
002570.SZ
002570.SZ
002570.SZ
002577.SZ
002577.SZ
002577.SZ
002577.SZ
002577.SZ
002577.SZ
002578.SZ
002578.SZ
002578.SZ
002578.SZ
002578.SZ
002578.SZ
002578.SZ
002578.SZ
002581.SZ
002585.SZ
002585.SZ
002585.SZ
002585.SZ
002585.SZ
002585.SZ
002585.SZ
002585.SZ
002586.SZ
002586.SZ
002586.SZ
002586.SZ
002586.SZ
002586.SZ
002604.SZ
002604.SZ
002604.SZ
002604.SZ
002604.SZ
002645.SZ
002645.SZ
002645.SZ
002645.SZ
002645.SZ
002645.SZ
002663.SZ
002663.SZ
002663.SZ
002663.SZ
002663.SZ
002670.SZ
002670.SZ
002670.SZ
002671.SZ
002687.SZ
002687.SZ
002687.SZ
002687.SZ
002687.SZ
002723.SZ
002723.SZ
002723.SZ
002723.SZ
002724.SZ
002724.SZ
002724.SZ
002724.SZ
002736.SZ
002736.SZ
002736.SZ
002736.SZ
002736.SZ
002736.SZ
002736.SZ
002743.SZ
002743.SZ
002743.SZ
002743.SZ
002743.SZ
002743.SZ
002768.SZ
002768.SZ
002775.SZ
002775.SZ
002775.SZ
002775.SZ
002775.SZ
002780.SZ
002780.SZ
016360.KS
022220.KQ
022220.KQ
022220.KQ
022220.KQ
022220.KQ
022220.KQ
022220.KQ
022220.KQ
0323.HK
034020.KS
034020.KS
051910.KS
051910.KS
051910.KS
051910.KS
051910.KS
051910.KS
051910.KS
051910.KS
068870.KS
068870.KS
068870.KS
068870.KS
068870.KS
068870.KS
068870.KS
068870.KS
068870.KS
071050.KS
071050.KS
082640.KS
083580.KS
083580.KS
083580.KS
083580.KS
083580.KS
083580.KS
088350.KS
089140.KQ
134380.KS
134380.KS
134380.KS
134380.KS
134380.KS
134380.KS
138040.KS
139480.KS
141070.KQ
1417.T
1417.T
1514.T
1560.TW
1560.TW
1560.TW
1560.TW
1560.TW
1560.TW
1777.NG
1777.NG
1868.T
1868.T
1868.T
1868.T
1939.T
1939.T
1939.T
1939.T
1946.T
1946.T
1946.T
1946.T
1946.T
1946.T
1946.T
1949.T
1949.T
1949.T
1949.T
1973.T
1973.T
1973.T
200016.SZ
200016.SZ
200016.SZ
200016.SZ
200045.SZ
200045.SZ
200045.SZ
200045.SZ
200045.SZ
200054.SZ
200054.SZ
200054.SZ
200054.SZ
200054.SZ
2003.T
2003.T
2003.T
2003.T
200418.SZ
2117.T
2117.T
2124.T
2124.T
2130.NG
2130.NG
2130.NG
2130.NG
2130.NG
2130.NG
2152.T
2152.T
2152.T
2152.T
2208.T
2222.T
2222.T
2222.T
2222.T
2427.T
2427.T
2427.T
2427.T
2427.T
2427.T
2464.T
2497.T
2497.T
2497.T
2497.T
2497.T
2599.T
2599.T
2801.T
2801.T
2801.T
2806.T
2806.T
2806.T
2819.T
2819.T
2819.T
2871.T
2871.T
2908.T
300001.SZ
300001.SZ
300001.SZ
300001.SZ
300001.SZ
300001.SZ
300001.SZ
300001.SZ
300002.SZ
300002.SZ
300002.SZ
300002.SZ
300002.SZ
300003.SZ
300003.SZ
300003.SZ
300003.SZ
300003.SZ
300003.SZ
300006.SZ
300006.SZ
300006.SZ
300006.SZ
300006.SZ
300006.SZ
300007.SZ
300007.SZ
300007.SZ
300007.SZ
300007.SZ
300008.SZ
300008.SZ
300008.SZ
300008.SZ
300008.SZ
300013.SZ
300013.SZ
300013.SZ
300013.SZ
300013.SZ
300013.SZ
300021.SZ
300021.SZ
300021.SZ
300021.SZ
300021.SZ
300040.SZ
300040.SZ
300040.SZ
300040.SZ
300040.SZ
300040.SZ
300042.SZ
300042.SZ
300042.SZ
300042.SZ
300042.SZ
300042.SZ
300046.SZ
300046.SZ
300046.SZ
300046.SZ
300046.SZ
300046.SZ
300046.SZ
300048.SZ
300048.SZ
300052.SZ
300052.SZ
300052.SZ
300052.SZ
300052.SZ
300056.SZ
300056.SZ
300056.SZ
300056.SZ
300056.SZ
300056.SZ
300061.SZ
300061.SZ
300061.SZ
300061.SZ
300062.SZ
300062.SZ
300065.SZ
300065.SZ
300065.SZ
300065.SZ
300065.SZ
300071.SZ
300071.SZ
300071.SZ
300071.SZ
300071.SZ
300073.SZ
300073.SZ
300073.SZ
300073.SZ
300073.SZ
300073.SZ
300092.SZ
300092.SZ
300092.SZ
300092.SZ
300092.SZ
300098.SZ
300098.SZ
300098.SZ
300098.SZ
300098.SZ
300099.SZ
300099.SZ
300099.SZ
300105.SZ
300105.SZ
300105.SZ
300105.SZ
300105.SZ
300105.SZ
300105.SZ
300117.SZ
300117.SZ
300117.SZ
300117.SZ
300117.SZ
300117.SZ
300118.SZ
300118.SZ
300118.SZ
300118.SZ
300118.SZ
300118.SZ
300118.SZ
300118.SZ
300125.SZ
300125.SZ
300125.SZ
300125.SZ
300137.SZ
300137.SZ
300137.SZ
300137.SZ
300137.SZ
300141.SZ
300141.SZ
300141.SZ
300141.SZ
300141.SZ
300141.SZ
300141.SZ
300141.SZ
300141.SZ
300148.SZ
300148.SZ
300148.SZ
300148.SZ
300148.SZ
300148.SZ
300148.SZ
300161.SZ
300161.SZ
300162.SZ
300162.SZ
300162.SZ
300162.SZ
300162.SZ
300162.SZ
300162.SZ
300162.SZ
300172.SZ
300172.SZ
300172.SZ
300172.SZ
300172.SZ
300178.SZ
300178.SZ
300178.SZ
300178.SZ
300178.SZ
300196.SZ
300196.SZ
300196.SZ
300196.SZ
300196.SZ
300209.SZ
300209.SZ
300209.SZ
300211.SZ
300211.SZ
300211.SZ
300212.SZ
300212.SZ
300212.SZ
300212.SZ
300212.SZ
300216.SZ
300216.SZ
300216.SZ
300216.SZ
300216.SZ
300216.SZ
300216.SZ
300216.SZ
300228.SZ
300228.SZ
300228.SZ
300228.SZ
300236.SZ
300249.SZ
300249.SZ
300249.SZ
300249.SZ
300249.SZ
300254.SZ
300254.SZ
300254.SZ
300254.SZ
300254.SZ
300258.SZ
300258.SZ
300258.SZ
300258.SZ
300258.SZ
300259.SZ
300259.SZ
300259.SZ
300259.SZ
300259.SZ
300259.SZ
300259.SZ
300267.SZ
300267.SZ
300267.SZ
300267.SZ
300267.SZ
300268.SZ
300268.SZ
300268.SZ
300268.SZ
300268.SZ
300268.SZ
300268.SZ
300268.SZ
300271.SZ
300271.SZ
300271.SZ
300271.SZ
300271.SZ
300282.SZ
300282.SZ
300282.SZ
300282.SZ
300282.SZ
300282.SZ
300290.SZ
300290.SZ
300290.SZ
300290.SZ
300290.SZ
300291.SZ
300291.SZ
300291.SZ
300293.SZ
300293.SZ
300293.SZ
300293.SZ
300293.SZ
300293.SZ
300293.SZ
300293.SZ
300293.SZ
300293.SZ
300293.SZ
300293.SZ
300293.SZ
300330.SZ
300330.SZ
300330.SZ
300330.SZ
300330.SZ
300335.SZ
300335.SZ
300335.SZ
300335.SZ
300335.SZ
300347.SZ
300347.SZ
300347.SZ
300347.SZ
300352.SZ
300352.SZ
300352.SZ
300352.SZ
300352.SZ
300352.SZ
300352.SZ
300355.SZ
300355.SZ
300355.SZ
300355.SZ
300355.SZ
300370.SZ
300370.SZ
300374.SZ
300374.SZ
300374.SZ
300374.SZ
300377.SZ
300377.SZ
300377.SZ
300377.SZ
300379.SZ
300379.SZ
300379.SZ
300379.SZ
300379.SZ
300379.SZ
300398.SZ
300403.SZ
300403.SZ
300405.SZ
300405.SZ
300405.SZ
300405.SZ
300405.SZ
300408.SZ
300408.SZ
300408.SZ
300408.SZ
300408.SZ
300408.SZ
300409.SZ
300409.SZ
300409.SZ
300409.SZ
300409.SZ
300412.SZ
300412.SZ
300412.SZ
300412.SZ
300412.SZ
300416.SZ
300416.SZ
300416.SZ
300416.SZ
300416.SZ
300419.SZ
300419.SZ
300419.SZ
300421.SZ
300421.SZ
300421.SZ
300421.SZ
300421.SZ
300426.SZ
300426.SZ
300426.SZ
300426.SZ
300426.SZ
300426.SZ
300438.SZ
300438.SZ
300438.SZ
300447.SZ
300447.SZ
300447.SZ
300447.SZ
300459.SZ
300459.SZ
300459.SZ
300459.SZ
300459.SZ
300481.SZ
300481.SZ
300482.SZ
300482.SZ
300482.SZ
300494.SZ
300494.SZ
300494.SZ
300494.SZ
300494.SZ
300494.SZ
300505.SZ
3023.T
3034.T
3034.T
3034.T
3034.T
3034.T
3034.T
3132.T
3132.T
3132.T
3132.T
3156.T
3156.T
3156.T
3156.T
3341.T
3341.T
3341.T
3341.T
3388.T
3407.T
3407.T
3407.T
3407.T
3422.NG
3422.NG
3433.T
3433.T
3433.T
3433.T
3433.T
3433.T
3433.T
3501.T
3501.T
3501.T
3512.T
3512.T
3512.T
3512.T
3632.T
3632.T
3636.T
3636.T
3636.T
3636.T
3636.T
3636.T
3640.T
3640.T
3640.T
3640.T
3640.T
3640.T
3640.T
3663.T
3663.T
3663.T
3663.T
3663.T
3663.T
3663.T
3744.T
3744.T
3744.T
3744.T
3779.T
3779.T
3779.T
3779.T
3779.T
3779.T
3779.T
3799.T
3799.T
3799.T
3824.FU
3824.FU
3848.T
3848.T
3848.T
3891.T
3891.T
3891.T
3938.T
3946.T
3946.T
3946.T
4042.T
4042.T
4042.T
4042.T
4042.T
4042.T
4042.T
4208.T
4208.T
4208.T
4228.T
4228.T
4307.T
4327.T
4368.T
4368.T
4526.T
4526.T
4526.T
4526.T
4526.T
4526.T
4534.T
4534.T
4534.T
4539.T
4539.T
4539.T
4585.T
4626.T
4626.T
4626.T
4736.T
4736.T
4736.T
4745.T
4745.T
4761.T
4761.T
4838.T
4840.T
4967.T
4967.T
4967.T
4967.T
5344.T
5344.T
5344.T
5344.T
5386.T
5386.T
5401.T
5401.T
5401.T
5440.T
5440.T
5440.T
5480.T
5480.T
5603.T
5603.T
5603.T
5603.T
5659.T
5659.T
5742.T
5742.T
5742.T
5742.T
5742.T
5742.T
5802.T
5802.T
5802.T
5802.T
5802.T
5911.T
5911.T
5911.T
5911.T
5911.T
5911.T
5911.T
5951.T
5951.T
5951.T
5951.T
5951.T
5951.T
5951.T
5956.T
5956.T
5956.T
5956.T
5959.T
5959.T
5959.T
5959.T
5959.T
5959.T
600004.SS
600004.SS
600004.SS
600004.SS
600004.SS
600007.SS
600007.SS
600007.SS
600007.SS
600007.SS
600007.SS
600033.SS
600033.SS
600033.SS
600033.SS
600048.SS
600048.SS
600048.SS
600048.SS
600048.SS
600048.SS
600053.SS
600053.SS
600056.SS
600056.SS
600056.SS
600056.SS
600056.SS
600056.SS
600056.SS
600056.SS
600057.SS
600057.SS
600057.SS
600057.SS
600057.SS
600057.SS
600057.SS
600057.SS
600057.SS
600069.SS
600072.SS
600072.SS
600072.SS
600072.SS
600072.SS
600075.SS
600075.SS
600075.SS
600075.SS
600075.SS
600075.SS
600076.SS
600076.SS
600076.SS
600076.SS
600076.SS
600076.SS
600079.SS
600079.SS
600079.SS
600084.SS
600084.SS
600084.SS
600084.SS
600084.SS
600084.SS
600085.SS
600085.SS
600085.SS
600085.SS
600085.SS
600085.SS
600096.SS
600096.SS
600096.SS
600096.SS
600107.SS
600107.SS
600107.SS
600107.SS
600107.SS
600135.SS
600135.SS
600135.SS
600135.SS
600135.SS
600135.SS
600135.SS
600135.SS
600135.SS
600138.SS
600138.SS
600138.SS
600138.SS
600138.SS
600138.SS
600139.SS
600139.SS
600139.SS
600139.SS
600151.SS
600151.SS
600151.SS
600151.SS
600155.SS
600155.SS
600155.SS
600155.SS
600155.SS
600155.SS
600159.SS
600159.SS
600159.SS
600159.SS
600163.SS
600163.SS
600166.SS
600166.SS
600166.SS
600166.SS
600166.SS
600167.SS
600168.SS
600168.SS
600168.SS
600168.SS
600169.SS
600169.SS
600169.SS
600169.SS
600183.SS
600183.SS
600183.SS
600183.SS
600183.SS
600183.SS
600185.SS
600185.SS
600185.SS
600185.SS
600185.SS
600186.SS
600186.SS
600186.SS
600186.SS
600186.SS
600191.SS
600191.SS
600191.SS
600191.SS
600191.SS
600191.SS
600195.SS
600195.SS
600195.SS
600195.SS
600195.SS
600197.SS
600197.SS
600198.SS
600198.SS
600198.SS
600198.SS
600203.SS
600203.SS
600215.SS
600215.SS
600215.SS
600215.SS
600223.SS
600223.SS
600223.SS
600223.SS
600223.SS
600226.SS
600226.SS
600226.SS
600226.SS
600226.SS
600228.SS
600228.SS
600228.SS
600228.SS
600235.SS
600235.SS
600235.SS
600235.SS
600235.SS
600235.SS
600237.SS
600237.SS
600237.SS
600237.SS
600255.SS
600255.SS
600255.SS
600255.SS
600257.SS
600257.SS
600257.SS
600259.SS
600259.SS
600259.SS
600259.SS
600265.SS
600265.SS
600265.SS
600265.SS
600265.SS
600265.SS
600265.SS
600265.SS
600265.SS
600272.SS
600272.SS
600272.SS
600272.SS
600272.SS
600272.SS
600313.SS
600313.SS
600313.SS
600313.SS
600313.SS
600318.SS
600318.SS
600318.SS
600318.SS
600318.SS
600318.SS
600318.SS
600325.SS
600325.SS
600329.SS
600329.SS
600329.SS
600329.SS
600329.SS
600329.SS
600331.SS
600331.SS
600331.SS
600331.SS
600331.SS
600353.SS
600353.SS
600363.SS
600363.SS
600363.SS
600363.SS
600370.SS
600370.SS
600370.SS
600370.SS
600370.SS
600370.SS
600370.SS
600393.SS
600393.SS
600393.SS
600393.SS
600393.SS
600393.SS
600401.SS
600401.SS
600401.SS
600401.SS
600401.SS
600403.SS
600403.SS
600403.SS
600403.SS
600423.SS
600423.SS
600423.SS
600423.SS
600423.SS
600426.SS
600426.SS
600426.SS
600426.SS
600426.SS
600426.SS
600426.SS
600426.SS
600426.SS
600426.SS
600426.SS
600426.SS
600438.SS
600438.SS
600438.SS
600438.SS
600438.SS
600455.SS
600455.SS
600455.SS
600455.SS
600455.SS
600467.SS
600467.SS
600478.SS
600478.SS
600478.SS
600478.SS
600478.SS
600478.SS
600487.SS
600487.SS
600487.SS
600487.SS
600487.SS
600487.SS
600487.SS
600491.SS
600491.SS
600491.SS
600491.SS
600491.SS
600491.SS
600493.SS
600493.SS
600493.SS
600493.SS
600493.SS
600495.SS
600495.SS
600495.SS
600495.SS
600495.SS
600495.SS
600495.SS
600501.SS
600501.SS
600501.SS
600501.SS
600501.SS
600502.SS
600502.SS
600502.SS
600502.SS
600502.SS
600519.SS
600519.SS
600519.SS
600519.SS
600519.SS
600519.SS
600555.SS
600555.SS
600555.SS
600555.SS
600561.SS
600562.SS
600562.SS
600562.SS
600568.SS
600568.SS
600568.SS
600568.SS
600568.SS
600568.SS
600568.SS
600568.SS
600578.SS
600578.SS
600578.SS
600578.SS
600578.SS
600578.SS
600578.SS
600578.SS
600587.SS
600587.SS
600587.SS
600587.SS
600587.SS
600587.SS
600587.SS
600594.SS
600594.SS
600594.SS
600594.SS
600594.SS
600611.SS
600611.SS
600611.SS
600611.SS
600617.SS
600617.SS
600617.SS
600617.SS
600617.SS
600637.SS
600637.SS
600637.SS
600637.SS
600637.SS
600637.SS
600638.SS
600638.SS
600638.SS
600638.SS
600638.SS
600653.SS
600653.SS
600653.SS
600653.SS
600654.SS
600654.SS
600654.SS
600654.SS
600654.SS
600654.SS
600660.SS
600660.SS
600660.SS
600660.SS
600660.SS
600667.SS
600667.SS
600667.SS
600667.SS
600667.SS
600667.SS
600680.SS
600680.SS
600680.SS
600680.SS
600686.SS
600686.SS
600686.SS
600686.SS
600686.SS
600691.SS
600691.SS
600691.SS
600692.SS
600692.SS
600692.SS
600692.SS
600692.SS
600693.SS
600693.SS
600693.SS
600693.SS
600701.SS
600701.SS
600701.SS
600701.SS
600701.SS
600702.SS
600702.SS
600702.SS
600702.SS
600702.SS
600702.SS
600706.SS
600706.SS
600706.SS
600706.SS
600706.SS
600712.SS
600712.SS
600712.SS
600712.SS
600713.SS
600713.SS
600713.SS
600713.SS
600713.SS
600713.SS
600714.SS
600714.SS
600718.SS
600718.SS
600718.SS
600718.SS
600718.SS
600718.SS
600724.SS
600724.SS
600724.SS
600724.SS
600724.SS
600724.SS
600728.SS
600728.SS
600728.SS
600728.SS
600728.SS
600735.SS
600735.SS
600738.SS
600738.SS
600738.SS
600738.SS
600738.SS
600738.SS
600738.SS
600738.SS
600738.SS
600742.SS
600742.SS
600742.SS
600742.SS
600742.SS
600743.SS
600743.SS
600743.SS
600743.SS
600743.SS
600743.SS
600743.SS
600743.SS
600743.SS
600743.SS
600743.SS
600743.SS
600743.SS
600743.SS
600743.SS
600754.SS
600754.SS
600754.SS
600754.SS
600754.SS
600754.SS
600754.SS
600765.SS
600765.SS
600765.SS
600765.SS
600768.SS
600769.SS
600769.SS
600769.SS
600769.SS
600769.SS
600769.SS
600769.SS
600769.SS
600770.SS
600770.SS
600770.SS
600770.SS
600770.SS
600771.SS
600771.SS
600771.SS
600771.SS
600771.SS
600773.SS
600773.SS
600773.SS
600773.SS
600774.SS
600774.SS
600783.SS
600783.SS
600783.SS
600783.SS
600783.SS
600783.SS
600784.SS
600784.SS
600784.SS
600784.SS
600784.SS
600784.SS
600784.SS
600795.SS
600795.SS
600795.SS
600795.SS
600795.SS
600795.SS
600795.SS
600798.SS
600798.SS
600798.SS
600798.SS
600798.SS
600798.SS
600798.SS
600798.SS
600802.SS
600802.SS
600802.SS
600802.SS
600802.SS
600808.SS
600811.SS
600811.SS
600811.SS
600811.SS
600811.SS
600822.SS
600822.SS
600834.SS
600834.SS
600837.SS
600837.SS
600837.SS
600837.SS
600837.SS
600837.SS
600850.SS
600850.SS
600850.SS
600850.SS
600850.SS
600850.SS
600854.SS
600854.SS
600854.SS
600854.SS
600854.SS
600854.SS
600869.SS
600869.SS
600869.SS
600869.SS
600869.SS
600869.SS
600874.SS
600874.SS
600874.SS
600874.SS
600874.SS
600877.SS
600880.SS
600880.SS
600880.SS
600880.SS
600880.SS
600880.SS
600880.SS
600880.SS
600880.SS
600891.SS
600891.SS
600891.SS
600891.SS
600891.SS
600891.SS
600896.SS
600896.SS
600896.SS
600896.SS
600896.SS
600973.SS
600973.SS
600973.SS
600973.SS
600973.SS
600973.SS
600981.SS
600981.SS
600981.SS
600981.SS
600981.SS
600985.SS
600985.SS
600985.SS
600985.SS
600985.SS
600985.SS
600988.SS
600988.SS
600988.SS
600988.SS
600988.SS
600990.SS
600990.SS
600990.SS
600990.SS
600990.SS
600990.SS
600997.SS
600997.SS
600997.SS
600997.SS
600997.SS
601001.SS
601001.SS
601001.SS
601001.SS
601021.SS
601021.SS
601126.SS
601126.SS
601126.SS
601126.SS
601126.SS
601238.SS
601238.SS
601238.SS
601238.SS
601238.SS
601336.SS
601336.SS
601336.SS
601336.SS
601336.SS
601336.SS
601336.SS
601336.SS
601558.SS
601558.SS
601558.SS
601601.SS
601601.SS
601601.SS
601601.SS
601601.SS
601601.SS
601601.SS
601601.SS
601799.SS
601799.SS
601799.SS
601799.SS
601799.SS
601890.SS
601890.SS
601890.SS
601890.SS
601890.SS
601900.SS
601900.SS
601900.SS
601900.SS
601900.SS
601918.SS
601918.SS
601918.SS
601918.SS
601918.SS
601929.SS
601929.SS
601929.SS
601929.SS
601929.SS
601929.SS
601996.SS
601996.SS
601996.SS
601996.SS
601996.SS
6026.T
6026.T
603000.SS
603000.SS
603000.SS
603000.SS
603000.SS
603001.SS
603001.SS
603001.SS
603001.SS
603001.SS
603005.SS
603005.SS
603005.SS
603005.SS
603005.SS
603005.SS
603008.SS
603008.SS
603111.SS
603111.SS
603111.SS
603111.SS
603111.SS
603111.SS
603116.SS
603116.SS
603116.SS
603116.SS
603116.SS
603355.SS
603355.SS
603355.SS
603599.SS
603599.SS
603599.SS
603599.SS
603599.SS
603611.SS
603611.SS
603699.SS
603699.SS
603699.SS
603699.SS
603699.SS
603789.SS
603789.SS
603789.SS
603789.SS
603789.SS
603919.SS
603919.SS
603919.SS
603919.SS
603997.SS
603997.SS
603997.SS
603997.SS
6150.TWO
6157.T
6157.T
6157.T
6157.T
6157.T
6157.T
6186.T
6186.T
6186.T
6200.T
6200.T
6200.T
6200.T
6210.T
6210.T
6295.NG
6295.NG
6299.T
6299.T
6299.T
6299.T
6355.T
6388.HK
6388.HK
6388.HK
6388.HK
6388.HK
6388.HK
6388.HK
6391.T
6391.T
6472.T
6472.T
6472.T
6472.T
6484.T
6484.T
6484.T
6484.T
6484.T
6484.T
6492.T
6492.T
6518.T
6518.T
6518.T
6518.T
6518.T
6518.T
6623.NG
6623.NG
6623.NG
6623.NG
6644.T
6644.T
6644.T
6644.T
6676.T
6676.T
6676.T
6676.T
6676.T
6676.T
6817.T
6817.T
6817.T
6817.T
6817.T
6817.T
6817.T
6822.T
6822.T
6822.T
6822.T
6822.T
6859.T
6859.T
6859.T
6859.T
6861.T
6861.T
6899.T
6899.T
6899.T
6911.T
6911.T
6911.T
6912.T
6912.T
6912.T
6920.T
6920.T
6920.T
6935.T
6935.T
6935.T
6937.T
6937.T
6937.T
6937.T
6973.T
6973.T
6973.T
6973.T
6973.T
6S2.BB
6S2.BB
6S2.BB
6S2.BB
6S2.BB
6S2.BB
6S2.BB
6S2.BB
6S2.BB
6S2.BB
6S2.BB
6S2.BB
7014.T
7014.T
7185.T
7185.T
7185.T
7218.T
7218.T
7218.T
7218.T
7218.T
7218.T
7218.T
7218.T
7297.T
7500.T
7500.T
7500.T
7570.T
7570.T
7570.T
7570.T
7591.T
7595.T
7595.T
7595.T
7595.T
7595.T
7595.T
7595.T
7600.T
7600.T
7600.T
7600.T
7600.T
7600.T
7600.T
7709.T
7709.T
7709.T
7709.T
7709.T
7741.T
7741.T
7741.T
7741.T
7741.T
7774.T
7774.T
7774.T
7820.T
7823.T
7823.T
7823.T
7823.T
7844.T
7844.T
7844.T
7844.T
7893.T
7893.T
7893.T
7893.T
7893.T
7893.T
7925.T
7925.T
7925.T
7925.T
7945.T
7945.T
7945.T
7950.NG
7950.NG
8039.TW
8039.TW
8039.TW
8039.TW
8039.TW
8039.TW
8052.T
8052.T
8052.T
8112.HK
8114.T
8132.T
8132.T
8132.T
8141.T
8141.T
8141.T
8141.T
8141.T
8141.T
8141.T
8151.T
8151.T
8151.T
8176.TWO
8454.TW
8454.TW
8454.TW
8454.TW
8454.TW
8454.TW
8454.TW
8544.T
8544.T
8544.T
8544.T
8625.T
8625.T
8709.T
8709.T
8709.T
8732.T
8732.T
8732.T
8732.T
8732.T
8851.T
8860.T
8860.T
8860.T
8860.T
8889.T
8889.T
8889.T
8914.T
8914.T
8920.T
8920.T
9007.T
9007.T
9007.T
900903.SS
900903.SS
900903.SS
900903.SS
900903.SS
900903.SS
900913.SS
900913.SS
900913.SS
900913.SS
900913.SS
900927.SS
900927.SS
900929.SS
900929.SS
900930.SS
900930.SS
900930.SS
900930.SS
900934.SS
900934.SS
900934.SS
900934.SS
900934.SS
900934.SS
900934.SS
900941.SS
900941.SS
900941.SS
900941.SS
900941.SS
900943.SS
900943.SS
900943.SS
900943.SS
900943.SS
900943.SS
900955.SS
900955.SS
900955.SS
900955.SS
900956.SS
900956.SS
900957.SS
900957.SS
900957.SS
900957.SS
900957.SS
9040.NG
9040.NG
9040.NG
9040.NG
9040.NG
9049.T
9049.T
9049.T
9049.T
9058.T
9058.T
9058.T
9059.T
9059.T
9059.T
9067.T
9067.T
9067.T
9119.T
9119.T
9119.T
9119.T
9438.T
9438.T
9438.T
9536.T
9536.T
9536.T
9536.T
9536.T
9536.T
9629.T
9658.T
9658.T
9658.T
9679.T
9679.T
9679.T
9679.T
9698.T
9698.T
9733.T
9733.T
9733.T
9828.T
9828.T
9828.T
9828.T
9828.T
9828.T
9828.T
9849.T
9849.T
9849.T
9936.T
9936.T
9936.T
9936.T
9936.T
9995.T
AAI.AX
AAN
AAN
AAN
AAPL.O
AAPL34.SA
AA_pb
ABSP.WA
ABSP.WA
ABSP.WA
ABSP.WA
ABSP.WA
ABSP.WA
ACW
ACW
ACW
ACW
ADAG.DE
ADAG.DE
ADAG.DE
ADAG.DE
ADAG.DE
ADDTb.ST
ADDTb.ST
ADDTb.ST
ADDTb.ST
ADML.BO
ADML.BO
ADML.BO
ADML.BO
ADML.BO
ADML.BO
ADML.BO
ADML.BO
ADML.BO
ADML.BO
ADML.BO
ADML.BO
ADML.BO
ADML.BO
AEIS.O
AEIS.O
AEIS.O
AEROMEX.MX
AEUA.K
AEUA.K
AEUA.K
AEUA.K
AFH.O
AFH.O
AFH.O
AFH.O
AFH.O
AHC
AHC
AHC
AHC
AHC
AHC
AIN
AIN
AIN
AIN
AIN
AIZ
AIZ
AIZ
AIZ
AIZ
AIZ
AIZ
AIZ
AIZ
AKOa
AKOa.SN
AKOb
ALBLD.PA
ALCAR.IS
ALCAR.IS
ALCAR.IS
ALCAR.IS
ALCAR.IS
ALCAR.IS
ALCAR.IS
ALCAR.IS
ALCAR.IS
ALCAR.IS
ALGT.O
ALGT.O
ALGT.O
ALGT.O
ALGT.O
ALGT.O
ALGT.O
ALGT.O
ALGT.O
ALGT.O
ALGT.O
ALGT.O
ALGT.O
ALGT.O
ALGT.O
ALGT.O
ALGT.O
ALGT.O
ALIFb.ST
ALIFb.ST
ALIFb.ST
ALIFb.ST
ALIFb.ST
ALIFb.ST
ALIFb.ST
ALIFb.ST
ALIFb.ST
ALIFb.ST
ALK
ALK
ALK
ALK
ALK
ALK
ALK
ALK
AMAR3.SA
AMP
AND_pb.SN
ANGI.O
ANGI.O
ANGI.O
ANGI.O
ANGI.O
ANIK.O
ANIK.O
ANIK.O
ANIK.O
ANIK.O
ANIK.O
ANIK.O
APAM.K
APAM.K
APAM.K
APAM.K
APAM.K
APAM.K
ARAY.O
ARAY.O
ARAY.O
ARAY.O
ARE.TO
ARE.TO
ARE.TO
ARE.TO
ARE.TO
ARE.TO
ARE.TO
ARE.TO
ARE.TO
ARI
ARI
ARI
ARI
ARI
ARI
ARIS.O
ARRY.O
ARRY.O
ARRY.O
ASMI.AS
ASMI.AS
AUBN.O
AUBN.O
AUBN.O
AUBN.O
AUBN.O
AUBN.O
AUBN.O
AUBN.O
AUBN.O
AUBN.O
AUBN.O
AVGYO.IS
AVGYO.IS
AVGYO.IS
AVGYO.IS
AVGYO.IS
AVGYO.IS
AVGYO.IS
AVGYO.IS
AVGYO.IS
AVY
AVY
AWI
AWI
AWI
AWI
AWI
AWI
AWI
AWI
AYR
AYR
AYR
AYR
AYR
AYR
BA
BAC
BAC
BAC
BAC
BAC
BAC
BAC
BAC_pa
BAC_pa
BAC_pa
BAC_pa
BAC_pa
BAC_pa
BAC_pa
BAC_pc
BAC_pc
BAC_pc
BAC_pc
BAC_pc
BAC_pc
BAC_pc
BAC_pd
BAC_pd
BAC_pd
BAC_pd
BAC_pd
BAC_pd
BAC_pd
BAC_pe
BAC_pe
BAC_pe
BAC_pe
BAC_pe
BAC_pe
BAC_pe
BAC_pi
BAC_pi
BAC_pi
BAC_pi
BAC_pi
BAC_pi
BAC_pi
BAC_pw
BAC_pw
BAC_pw
BAC_pw
BAC_pw
BAC_pw
BAC_pw
BAC_py
BAC_py
BAC_py
BAC_py
BAC_py
BAC_py
BAC_py
BAFARB.MX
BAFARB.MX
BBVA.K
BCR
BDE.O
BDE.O
BDE.O
BELS.OL
BERJ.KL
BERJ.KL
BERJ.KL
BERJ.KL
BFS
BFS_pc
BGFV.O
BGFV.O
BGFV.O
BGFV.O
BGFV.O
BGG
BGG
BGG
BGG
BGG
BGG
BIO
BIO
BIO
BIO
BIO
BIOGG.ST
BKSC.O
BKSC.O
BKSC.O
BKSC.O
BKSC.O
BKSC.O
BKSC.O
BKSC.O
BKSC.O
BKSC.O
BKSC.O
BKSC.O
BKSC.O
BKSC.O
BKSL.JK
BLMN.O
BML_pg
BML_pg
BML_pg
BML_pg
BML_pg
BML_pg
BML_pg
BML_ph.N
BML_ph.N
BML_ph.N
BML_ph.N
BML_ph.N
BML_ph.N
BML_ph.N
BML_pi
BML_pi
BML_pi
BML_pi
BML_pi
BML_pi
BML_pi
BML_pj
BML_pj
BML_pj
BML_pj
BML_pj
BML_pj
BML_pj
BML_pl
BML_pl
BML_pl
BML_pl
BML_pl
BML_pl
BML_pl
BOAC34.SA
BOAC34.SA
BOAC34.SA
BOAC34.SA
BOAC34.SA
BOAC34.SA
BOAC34.SA
BOEI34.SA
BOKF.O
BOKF.O
BPAC.KL
BPAC.KL
BPAC.KL
BPAC.KL
BPAC.KL
BPAC.KL
BPAC.KL
BPAC.KL
BPAC.KL
BRES.QA
BRES.QA
BRES.QA
BRES.QA
BSDE.JK
BSDE.JK
BSR.V
BSR.V
BSR.V
BSR.V
BSR.V
BSR.V
BSR.V
BSR.V
BSR.V
BSR.V
BSR.V
BTI.V
BTI.V
BTI.V
BTI.V
BTI.V
BTI.V
BTI.V
BTI.V
BTI.V
BTI.V
BTI.V
BTI.V
BTI.V
BTI.V
CACC.O
CAI
CAI
CAI
CALD.O
CALD.O
CALD.O
CALD.O
CALD.O
CALD.O
CALD.O
CALD.O
CALD.O
CALD.O
CALD.O
CALD.O
CALD.O
CALD.O
CALD.O
CALD.O
CALD.O
CALX.K
CALX.K
CALX.K
CALX.K
CASS.O
CASS.O
CASS.O
CASS.O
CASS.O
CASS.O
CASS.O
CASS.O
CASS.O
CASS.O
CASS.O
CASS.O
CASS.O
CASS.O
CASS.O
CAVM.O
CAVM.O
CAVM.O
CAVM.O
CBP.CD
CBP.CD
CBP.CD
CBP.CD
CBP.CD
CBZ
CBZ
CBZ
CBZ
CBZ
CCS
CCS
CCS
CCS
CCS
CCS
CCS
CCS
CCS
CCS
CCS
CCS
CCS
CCS
CCS
CEFM.CA
CGNX.O
CGNX.O
CGNX.O
CGNX.O
CHAR.SI
CIG.TO
CJRi.LM
CJRi.LM
CJRi.LM
CJRi.LM
CJRi.LM
CJRi.LM
CLOEb.ST
CLOEb.ST
CLOEb.ST
CLOEb.ST
CLOEb.ST
CLOEb.ST
CLOEb.ST
CLOEb.ST
CMC
CMC
CMC
CMC
CMC
CMC
CMC
CMCS34.SA
CMCS34.SA
CMCS34.SA
CMCS34.SA
CMCS34.SA
CMCS34.SA
CMCSA.O
CMCSA.O
CMCSA.O
CMCSA.O
CMCSA.O
CMCSA.O
CMI
CMI
CMI
CMI
CMI
CNHI.MI
CNHI.MI
CNHI.MI
CNHI.MI
CNHI.MI
CNHI.MI
CNHI.MI
CNTY.O
CNTY.O
CNTY.O
CNTY.O
COLLADO.MX
COLLADO.MX
COLLADO.MX
COLLADO.MX
COLLADO.MX
COLLADO.MX
COLLADO.MX
COMDO.IS
COMDO.IS
CORT.O
CORT.O
CORT.O
CORT.O
CORT.O
CORT.O
CORT.O
CORT.O
CORT.O
CORT.O
CORT.O
CORT.O
CRT_u.TO
CRT_u.TO
CRT_u.TO
CRT_u.TO
CRT_u.TO
CSU
CSU
CSU
CSU
CSU
CTAL.KL
CTAL.KL
CTAL.KL
CTAL.KL
CTAL.KL
CTAL.KL
CTAL.KL
CTAL.KL
CTAL.KL
CUZ
CUZ
CUZ
CUZ
CUZ
CUZ
CVE.LM
CVE.LM
CVE.LM
CVE.LM
CVE.TO
CVE.TO
CVE.TO
CVE.TO
CVE.TO
CVE.TO
DANHOS13.MX
DANHOS13.MX
DANHOS13.MX
DANHOS13.MX
DANT.CO
DDE
DENN.O
DENN.O
DILD.JK
DRRX.O
DRRX.O
DRRX.O
DXCM.O
DXCM.O
DXCM.O
DXCM.O
ECOH.KL
ECOH.KL
ECOH.KL
ECOH.KL
ECOH.KL
ECOH.KL
ECOH.KL
ECOH.KL
ECOH.KL
ECOH.KL
EFFNE.ST
EFFNE.ST
EFFNE.ST
EFFNE.ST
EFFNE.ST
EFFNE.ST
EFFNE.ST
EFFNE.ST
EFFNE.ST
EFFNE.ST
EFFNE.ST
EFFNE.ST
EFFNE.ST
EGL
EGL
EGL
EIGI.O
EIGI.O
EIGI.O
EIGI.O
EIGI.O
EIX
EIX
EIX
EKGYO.IS
EKOV.KL
EKOV.KL
EKOV.KL
EKOV.KL
EKOV.KL
EKOV.KL
EKOV.KL
EKOV.KL
EKOV.KL
ELGX.O
ELGX.O
ELGX.O
ELGX.O
ELI.SN
ELI.SN
ELI.SN
ELI.SN
ELI.SN
ELI.SN
ELI.SN
ELI.SN
ELI.SN
ELI.SN
ELLI.K
ELLI.K
EMDV.TA
EMR
EMR
EMR
EMR
EMR
EMR
EMR
ENBR3.SA
ENC.MC
ENC.MC
ENC.MC
ENC.MC
ENEA.ST
ENEA.ST
ENEA.ST
ENEA.ST
ENEA.ST
ENEA.ST
ENEA.ST
ENEA.ST
ENEA.ST
ENEA.ST
ENEA.ST
ENEA.ST
ENEA.ST
ENEA.ST
ENPH.O
ENPH.O
ENPH.O
ENPH.O
ENPH.O
ERA
ERA
ERA
ERA
ERA
ERA
ESPI.MI
EUAV.BR
EUAV.BR
EVHC.K
EVHC.K
EVHC.K
EVHC.K
EVHC.K
EVHC.K
EXTR.O
EXTR.O
EXTR.O
EXTR.O
EXTR.O
EXTR.O
F2M.NGM
F2M.NGM
F2M.NGM
F2M.NGM
F2M.NGM
FAF
FAIT.CA
FARO.O
FARO.O
FCH
FCH
FCH
FCH
FCH
FCH
FET
FET
FET
FET
FET
FET
FET
FET
FET
FET
FET
FET
FET
FIEG.DE
FIS
FIS
FIS
FIVN.O
FIVN.O
FIVN.O
FIVN.O
FMHB.KL
FMHB.KL
FMHB.KL
FMHB.KL
FMHB.KL
FMHB.KL
FMHB.KL
FPAR.ST
FREN.JK
FRHO.SI
FRHO.SI
FRHO.SI
FRHO.SI
FRHO.SI
FRHO.SI
FRHO.SI
FRHO.SI
FRHO.SI
FRHO.SI
FRHO.SI
FRHO.SI
FRHO.SI
FRHO.SI
FRHO.SI
FRHO.SI
FRHO.SI
FRHO.SI
FRHO.SI
FRHO.SI
FRPT.O
FRPT.O
FRPT.O
FSS
FSS
FSS
FSS
FSS
GDEX.KL
GDEX.KL
GDEX.KL
GDEX.KL
GDEX.KL
GDEX.KL
GDEX.KL
GDEX.KL
GDEX.KL
GDEX.KL
GDEX.KL
GHP.ST
GHP.ST
GHP.ST
GHP.ST
GHP.ST
GHP.ST
GHP.ST
GHP.ST
GHP.ST
GICSAB.MX
GICSAB.MX
GICSAB.MX
GIFI.O
GIFI.O
GIFI.O
GIFI.O
GIFI.O
GIFI.O
GILD.O
GILD.O
GILD.O
GILD.O
GILD.O
GILD.O
GILD.O
GILD.O
GILD.O
GILD34.SA
GILD34.SA
GILD34.SA
GILD34.SA
GILD34.SA
GILD34.SA
GILD34.SA
GILD34.SA
GILD34.SA
GK.O
GK.O
GK.O
GK.O
GMEXICOB.MX
GMEXICOB.MX
GMEXICOB.MX
GMEXICOB.MX
GPW.WA
GPW.WA
GPX
GPX
GPX
GWR
GWR
GWR
GWR
GWR
GWR
GWR
HBES.BO
HBES.BO
HBES.BO
HBES.BO
HBES.BO
HBES.BO
HBES.BO
HBES.BO
HCITY.MX
HCP
HCP
HCP
HCP
HELIO.ST
HELIO.ST
HELIO.ST
HELIO.ST
HELIO.ST
HELIO.ST
HELIO.ST
HELIO.ST
HIBI.KL
HIBI.KL
HIBI.KL
HIBI.KL
HIBI.KL
HIBI.KL
HIBI.KL
HIBI.KL
HIBI.KL
HIBI.KL
HIBI.KL
HLF
HLF
HLF
HLF
HLF
HLF
HNH.O
HNH.O
HNH.O
HNH.O
HNI
HOMEX.MX
HOMEX.MX
HOMEX.MX
HOMEX.MX
HOVI.KL
HOVI.KL
HOVI.KL
HOVI.KL
HQ.ST
HQ.ST
HQ.ST
HQ.ST
HQ.ST
HQ.ST
HQ.ST
HQ.ST
HQ.ST
HQ.ST
HQ.ST
HQ.ST
HQ.ST
HQ.ST
HQ.ST
HRS
HRS
HRS
HRS
HRS
HRS
HRS
HRS
HRS
HTLD.O
HTLD.O
HTLD.O
HTLD.O
HTLD.O
HTLD.O
HTLD.O
HTLD.O
HTLD.O
HTLD.O
HTLD.O
HTLD.O
HTLD.O
HWAY.O
HWAY.O
HWAY.O
HWAY.O
HWAY.O
HWAY.O
HY
HY
HY
HY
HZN
HZN
HZN
HZN
HZN
HZN
HZN
HZN
HZN
HZN
HZN
HZN
HZN
HZN
HZN
HZO
HZO
HZO
HZO
HZO
HZO
HZO
HZO
HZO
HZO
HZO
HZO
HZO
HZO
HZO
HZO
IAN.SN
IAN.SN
IAN.SN
IAN.SN
IAN.SN
IAN.SN
IAN.SN
ICE
ICE
ICE
ICE
ICE
IDRA.O
IDRA.O
IDRA.O
IDRA.O
IDRA.O
IDRA.O
IDRA.O
IDRA.O
IDRA.O
IDRA.O
IDRA.O
IDRA.O
IDRA.O
IDRA.O
IDRA.O
IDRA.O
IDRA.O
IDRA.O
IDXX.O
IDXX.O
IDXX.O
IDXX.O
IDXX.O
IDXX.O
IFMI.K
IFMI.K
IFMI.K
IFMI.K
IFMI.K
IFMI.K
IFMI.K
IFMI.K
IFMI.K
IMAS.JK
IMO.TO
IMO.TO
IMO.TO
IMO.TO
IMO.TO
IMO.TO
IMO.TO
IMO.TO
IMO.TO
IMO.TO
IMO.TO
IMO.TO
IMO.TO
IMO.TO
IMO.TO
IMO.TO
INCY.O
INCY.O
INCY.O
INCY.O
INCY.O
INCY.O
INCY.O
INFN.O
INM.AX
INM.AX
INM.AX
INM.AX
INST.K
INST.K
IOTS.O
IOTS.O
IOTS.O
IOTS.O
IOTS.O
IOTS.O
IOTS.O
IOTS.O
IOTS.O
IOTS.O
IOTS.O
IOTS.O
IOTS.O
IOTS.O
IOTS.O
IOTS.O
IOTS.O
IPCC.SI
IPCC.SI
IPCC.SI
IPCC.SI
IPHI.K
IPHI.K
IPHI.K
IPHI.K
IPHI.K
IPHI.K
IRM
IRM
IRM
IRM
ISYAT.IS
ISYAT.IS
ISYAT.IS
ISYAT.IS
ISYAT.IS
ISYAT.IS
ITUB.K
ITUB.K
ITUB.K
ITUB3.SA
ITUB3.SA
ITUB4.SA
ITUB4.SA
IVAC.O
IVAC.O
IVAC.O
IVAC.O
IVAC.O
IZOCM.IS
IZOCM.IS
IZOCM.IS
IZOCM.IS
IZOCM.IS
IZOCM.IS
IZOCM.IS
IZOCM.IS
IZOCM.IS
IZOCM.IS
IZOCM.IS
JANTS.IS
JANTS.IS
JANTS.IS
JANTS.IS
JANTS.IS
JANTS.IS
JANTS.IS
JANTS.IS
JANTS.IS
JANTS.IS
JANTS.IS
JANTS.IS
JANTS.IS
JANTS.IS
JANTS.IS
JIVE.O
JIVE.O
JIVE.O
JIVE.O
JPM
JPM
JPM
JPM
JPM
JPM
JPMC34.SA
JPMC34.SA
JPMC34.SA
JPMC34.SA
JPMC34.SA
JPMC34.SA
JPM_pa
JPM_pa
JPM_pa
JPM_pa
JPM_pa
JPM_pa
JPM_pb
JPM_pb
JPM_pb
JPM_pb
JPM_pb
JPM_pb
JPM_pd
JPM_pd
JPM_pd
JPM_pd
JPM_pd
JPM_pd
JPM_pe
JPM_pe
JPM_pe
JPM_pe
JPM_pe
JPM_pe
JPM_pf
JPM_pf
JPM_pf
JPM_pf
JPM_pf
JPM_pf
JPM_pg
JPM_pg
JPM_pg
JPM_pg
JPM_pg
JPM_pg
JPM_ph
JPM_ph
JPM_ph
JPM_ph
JPM_ph
JPM_ph
KAI
KAI
KAI
KAI
KAI
KAI
KAI
KAI
KAI
KAI
KAI
KAI
KAI
KAI
KAI
KAI
KARE.KL
KARE.KL
KARE.KL
KARE.KL
KARE.KL
KARE.KL
KARE.KL
KARE.KL
KARE.KL
KARE.KL
KARE.KL
KARE.KL
KARE.KL
KBR
KBR
KBR
KFRC.O
KFRC.O
KFRC.O
KFRC.O
KFRC.O
KFRC.O
KFRC.O
KFRC.O
KFRC.O
KFRC.O
KLBF.JK
KN
KN
KN
KN
KS
KS
KS
KS
KS
KTCC.O
KTCC.O
KTCC.O
KTCC.O
KTCC.O
KTCC.O
KTCC.O
KTCC.O
KTCC.O
KTCC.O
KTCC.O
KTCC.O
KTCC.O
KTCC.O
KTCC.O
KTCC.O
KTCC.O
KTCC.O
LGC.TO
LIAB.ST
LIAB.ST
LIDDS.ST
LIDDS.ST
LIDDS.ST
LIDDS.ST
LIDDS.ST
LIDDS.ST
LIDDS.ST
LIDDS.ST
LIDDS.ST
LIDDS.ST
LIDDS.ST
LIDDS.ST
LIDDS.ST
LKQ.O
LLBM.KL
LLBM.KL
LLBM.KL
LLBM.KL
LLBM.KL
LLBM.KL
LLBM.KL
LLBM.KL
LLBM.KL
LLBM.KL
LLBM.KL
LLBM.KL
LLBM.KL
LMNX.O
LMNX.O
LOCK.K
LOCK.K
LOHO.SI
LOHO.SI
LONB.KL
LONB.KL
LONB.KL
LONB.KL
LOTO.PS
LPKR.JK
LPKR.JK
LPKR.JK
LTXB.O
LTXB.O
MBUU.O
MBUU.O
MBUU.O
MBUU.O
MBUU.O
MBUU.O
MBUU.O
MBUU.O
MBUU.O
MBUU.O
MBUU.O
MBUU.O
MBUU.O
MBUU.O
MBUU.O
MBUU.O
MBUU.O
MBUU.O
MBUU.O
MBUU.O
MBUU.O
MBUU.O
MCRN.K
MCRN.K
MCRN.K
MCRN.K
MCTB.KL
MCTB.KL
MCTB.KL
MCTB.KL
MCTB.KL
MCTB.KL
MCTB.KL
MCTB.KL
MCY
MCY
MCY
MCY
MDC
MDC
MDC
MDC
MDC
MDPJ.J
MDPJ.J
MDPJ.J
MDPJ.J
MDR
METRO.IS
MGLU3.SA
MGLU3.SA
MGLU3.SA
MGLU3.SA
MGLU3.SA
MGLU3.SA
MGRC.O
MGRC.O
MGRC.O
MGRC.O
MGRC.O
MGRC.O
MGW.V
MGW.V
MGW.V
MGW.V
MGW.V
MGW.V
MGW.V
MGW.V
MGW.V
MGW.V
MGW.V
MGW.V
MGW.V
MHBS.KL
MHBS.KL
MHBS.KL
MHBS.KL
MHBS.KL
MHBS.KL
MHBS.KL
MHBS.KL
MHBS.KL
MIHO.ST
MIHO.ST
MIHO.ST
MIHO.ST
MIHO.ST
MIHO.ST
MIHO.ST
MIHO.ST
MIHO.ST
MKLH.KL
MKLH.KL
MKLH.KL
MKLH.KL
MKLH.KL
MKLH.KL
MKLH.KL
MKLH.KL
MKLH.KL
MKLH.KL
MKLH.KL
MLBI.JK
MLTO.KL
MLTO.KL
MLTO.KL
MLTO.KL
MMLP.O
MMLP.O
MMLP.O
MMLP.O
MMLP.O
MMM
MMM
MMMC34.SA
MMMC34.SA
MNRB.KL
MOS
MOS
MOS
MOS
MOS
MOS
MOS
MSEX.O
MSEX.O
MSEX.O
MSEX.O
MSEX.O
MSM
MSM
MSM
MSM
MSM
MUR
MUR
MUR
MUR
MX
MX
MXWL.O
MXWL.O
MXWL.O
MXWL.O
MXWL.O
MXWL.O
MXWL.O
MXWL.O
NBR
NBR
NBR
NBR
NBR
NBR
NBR
NBR
NBR
NBR
NBR
NBR
NBR
NBR
NC
NC
NC
NEE
NEE
NEE
NEE
NEE
NEE_pp
NEE_pp
NEE_pp
NEE_pp
NEE_pp
NEE_pq
NEE_pq
NEE_pq
NEE_pq
NEE_pq
NEKG.DE
NEKG.DE
NEKG.DE
NEKG.DE
NFX
NGT.OL
NGT.OL
NGT.OL
NGT.OL
NGT.OL
NGT.OL
NMIH.O
NMIH.O
NMIH.O
NMIH.O
NMIH.O
NMIH.O
NMIH.O
NSP
NSP
NSP
NSP
NSP
NSP
NSP
NSP
NWND.ST
NWND.ST
NWND.ST
NWND.ST
NWND.ST
NWND.ST
NWND.ST
NYMT.O
NYMT.O
NYMT.O
NYMT.O
NYMT.O
NYMT.O
NYMT.O
NYMT.O
NYMT.O
OBDUb.NGM
OBDUb.NGM
OBDUb.NGM
OBDUb.NGM
OBDUb.NGM
OBDUb.NGM
OMED.O
OMED.O
OMED.O
OMED.O
ORLSI.RTS
OXY
OXY
OXY
OXY
OXY
OXY
OXY
OXY
OXY
OXY
PBI
PBI
PBI
PBI
PBI
PBI
PCML.NS
PCML.NS
PCML.NS
PCUa.SN
PCUa.SN
PCU_pc.SN
PCU_pc.SN
PCU_pd.SN
PCU_pd.SN
PDM
PDM
PDM
PDM
PDM
PETS.O
PETS.O
PFG
PFG
PFG
PFG
PFG
PFG
PFG
PFG
PFG
PFG
PKENT.IS
PKENT.IS
PKENT.IS
PKENT.IS
PKENT.IS
PKENT.IS
PKENT.IS
PLBC.O
PLBC.O
PLBC.O
PLBC.O
PLOW.K
PLT
PLT
PLT
PLT
PLT
PMAM3.SA
POSADASA.MX
POWI.O
POWI.O
PPL
PPL
PPL
PPL
PRICb.ST
PRICb.ST
PRICb.ST
PRICb.ST
PRICb.ST
PRICb.ST
PRICb.ST
PRICb.ST
PRICb.ST
PRICb.ST
PRICb.ST
PRIF.BR
PRIF.BR
PRIF.BR
PRIF.BR
PRIF.BR
PRLB.K
PRLB.K
PRO
PRO
PRO
PRO
PRO
PRO
PRO
PRTS.O
PRTS.O
PRTS.O
PRTS.O
PRTS.O
PSTM.KL
PSTM.KL
PSTM.KL
PSTM.KL
PSTM.KL
PSTM.KL
PSTM.KL
PSTM.KL
PSTM.KL
PSTM.KL
PSTM.KL
PSTM.KL
PSTM.KL
PSTM.KL
PSTM.KL
PSTM.KL
PSTM.KL
PSTM.KL
PSTM.KL
PSTM.KL
PWX.O
PYPL.O
QUOT.K
QUOT.K
QUOT.K
RAIL.O
RAIL.O
RAIL.O
RDC
RDC
RDC
RDC
RDC
RDC
RDC
RGA
RGA
RGA
RGA
RGA
RGA
RGA
RGA
RGA
RGA
RGA
RGA
RGA
RIB.DE
RIB.DE
RIGL.O
RIGL.O
RING.OL
RING.OL
RING.OL
RING.OL
RING.OL
RING.OL
ROWS.SI
RPT
RPT
RPT
RPT
RPT
RPT
RPT
RPT
RPT
RPT
RSPP.K
RSPP.K
RSPP.K
RSPP.K
RSPP.K
RSPP.K
RYAM.K
RYAM.K
RYAM.K
RYAM.K
RYAM.K
RYAM.K
RYAM.K
RYAM.K
RYAM.K
RYAM.K
RYAM.K
RYAM.K
RYAM.K
RYAM.K
RYAM.K
SAFES.ST
SAFES.ST
SAFES.ST
SAFES.ST
SAFES.ST
SAFES.ST
SAFES.ST
SAFES.ST
SAH
SAH
SAH
SAH
SAH
SANM.O
SANM.O
SANM.O
SANM.O
SAS.ST
SASA.IS
SASA.IS
SBCP.O
SBCP.O
SBCP.O
SBCP.O
SBCP.O
SBCP.O
SBRK.KL
SBRK.KL
SBRK.KL
SBRK.KL
SBRK.KL
SBRK.KL
SBRK.KL
SBRK.KL
SBRK.KL
SBRK.KL
SBRK.KL
SBRK.KL
SCAI.O
SCAI.O
SCAI.O
SCAI.O
SCNB.K
SCNB.K
SCNB.K
SCNB.K
SGC.O
SGC.O
SGC.O
SGC.O
SGC.O
SGC.O
SGC.O
SHOO.O
SHOO.O
SHOO.O
SHOO.O
SHOO.O
SHOO.O
SHOO.O
SHOO.O
SIAE.SI
SIAE.SI
SIAE.SI
SIAE.SI
SIAE.SI
SIAE.SI
SIAE.SI
SIMINN.IC
SIMINN.IC
SIMINN.IC
SIMINN.IC
SIMINN.IC
SJW
SKI.OL
SKI.OL
SKI.OL
SKI.OL
SKI.OL
SKI.OL
SKI.OL
SKI.OL
SKI.OL
SKI.OL
SKI.OL
SKI.OL
SKI.OL
SKI.OL
SKI.OL
SMED.O
SMED.O
SMED.O
SMED.O
SMED.O
SMED.O
SMED.O
SON
SON
SON
SON
SON
SON
SRAJ.JK
SST.BK
SSTf.BK
SSTn.BK
STBA.O
STBA.O
STBA.O
STBA.O
STBA.O
STBA.O
STBA.O
STBA.O
STC
STC
STC
STC
STC
SUI
SUI
SUI
SUI
SUI
SUI
SUI
SUPM.KL
SUPM.KL
SUPM.KL
SUPM.KL
SUPM.KL
SUPM.KL
SUPM.KL
SUPM.KL
SUPM.KL
SUPM.KL
SUPM.KL
SUPM.KL
SWFT.K
SWFT.K
SWFT.K
SXCP.K
SXCP.K
SXCP.K
SXCP.K
SXCP.K
SXCP.K
SYKE.O
SYKE.O
SYKE.O
SYKE.O
SYKE.O
SYKE.O
SYKE.O
SYKE.O
SYKE.O
SYKE.O
SYKE.O
SYSC.KL
SYSC.KL
SYSC.KL
SYSC.KL
SYSC.KL
SYSC.KL
SYSC.KL
SYSC.KL
SYSC.KL
SYSC.KL
SYSC.KL
SYSC.KL
SYSC.KL
SYSC.KL
SYSC.KL
TAP
TAP
TAP
TAP
TAP
TAP
TAP
TAP
TAP
TAPa
TAPa
TAPa
TAPa
TAPa
TAPa
TAPa
TAPa
TAPa
TBLA.JK
TBZA.L
TBZA.L
TBZA.L
TBZA.L
TBZA.L
TBZA.L
TBZA.L
TBZA.L
TBZA.L
TBZA.L
TBZA.L
TCB
TCB
TCB
TCB
TCB_pb
TCB_pb
TCB_pb
TCB_pb
TEX
TEX
TEX
TEX
TEX
TEX
TEX
TEX
TITI.KL
TITI.KL
TITI.KL
TITI.KL
TITI.KL
TLEVISAA.MX
TLEVISAA.MX
TLEVISAB.MX
TLEVISAB.MX
TLEVISAD.MX
TLEVISAD.MX
TLEVISAL.MX
TLEVISAL.MX
TLVACPO.MX
TLVACPO.MX
TNAV.O
TNAV.O
TNAV.O
TNAV.O
TNDM.O
TNDM.O
TNDM.O
TNDM.O
TNET.K
TNET.K
TNET.K
TNET.K
TSLA.O
TSLA.O
TSLA.O
TSLA.O
TSLA.O
TSLA.O
TSLA.O
TSLA.O
TSLA.O
TSLA.O
TSRA.O
TSRA.O
TSRA.O
TSRA.O
TSRA.O
TTKG.DE
TTKG.DE
TTKG.DE
TTKG.DE
TTKG.DE
TTKG.DE
TUCLK.IS
TUCLK.IS
TUCLK.IS
TUCLK.IS
TUCLK.IS
TUPRS.IS
TV
TV
TWIN.O
TWIN.O
TWIN.O
TWIN.O
TWIN.O
TWIN.O
TWIN.O
TWIN.O
TWIN.O
TWIN.O
TWIN.O
TWIN.O
TWIN.O
TWIN.O
TWIN.O
TWTR.K
TWTR34.SA
UBOH.O
UBOH.O
UBOH.O
UBOH.O
UBOH.O
UBOH.O
UCTT.O
UCTT.O
UCTT.O
UCTT.O
UCTT.O
ULTI.O
UMBF.O
UMBF.O
UMBF.O
UMBF.O
UNR1V.HE
UNR1V.HE
UNR1V.HE
UNR1V.HE
UNR1V.HE
UNR1V.HE
UNR1V.HE
UNR1V.HE
UNR1V.HE
VAL.V
VAL.V
VAL.V
VAL.V
VAL.V
VAL.V
VAL.V
VAL.V
VAL.V
VAL.V
VAL.V
VAL.V
VAL.V
VAL.V
VAL.V
VAL.V
VAL.V
VAL.V
VASCONI.MX
VECO.O
VECO.O
VECO.O
VECO.O
VECO.O
VKFYO.IS
VKFYO.IS
VRSK.O
VRSK.O
VRSK.O
VRSK.O
WBMD.O
WBMD.O
WBMD.O
WBMD.O
WBMD.O
WBMD.O
WBMD.O
WBMD.O
WBMD.O
WCG
WCG
WCG
WCG
WCG
WCIC.K
WCIC.K
WCIC.K
WCIC.K
WCIC.K
WING.O
WING.O
WING.O
WING.O
WING.O
WLB.O
WLB.O
WLB.O
WLB.O
WNS
WNS
WNS
WNS
WNS
WNS
WNS
WNS
WNS
WNS
WNS
WNS
WNS
WR
WR
WR
WR
WRE
WRE
WRE
WRE
WRE
WRE
WSKT.JK
WSKT.JK
WSKT.JK
WSR
WSR
WSR
WSR
WSR
WSR
WTGR.ST
WTGR.ST
WU
WUNI34.SA
XXIA.O
XXIA.O
XXIA.O
XXIA.O
Y
Y
Y
Y
Y
Y
Y
Y
Y
Y
Y
Y
YINS.KL
YTLL.KL
YTLL.KL
YTLL.KL
YTLL.KL
YTLL.KL
YTLL.KL
Z.O
Z.O
Z.O
Z.O
Z.O
Z.O
ZG.O
ZG.O
ZG.O
ZG.O
ZG.O
ZG.O
