000018.SZ
000018.SZ
000018.SZ
000018.SZ
000018.SZ
000020.SZ
000040.SZ
000040.SZ
000159.SZ
000159.SZ
000159.SZ
000409.SZ
000409.SZ
000409.SZ
000409.SZ
000409.SZ
000409.SZ
000544.SZ
000544.SZ
000544.SZ
000544.SZ
000544.SZ
000544.SZ
000544.SZ
000544.SZ
000608.SZ
000608.SZ
000608.SZ
000608.SZ
000632.SZ
000632.SZ
000632.SZ
000668.SZ
000678.SZ
000678.SZ
000721.SZ
000752.SZ
000752.SZ
000752.SZ
000752.SZ
000752.SZ
000810.KS
000850.SZ
000850.SZ
000850.SZ
000968.SZ
000968.SZ
000968.SZ
000968.SZ
001450.KS
002054.SZ
002054.SZ
002054.SZ
002054.SZ
002054.SZ
002109.SZ
002109.SZ
002109.SZ
002109.SZ
002149.SZ
002149.SZ
002288.SZ
002288.SZ
002288.SZ
002313.SZ
002313.SZ
002313.SZ
002313.SZ
002313.SZ
002319.SZ
002319.SZ
002319.SZ
002319.SZ
002478.SZ
002478.SZ
002478.SZ
002514.SZ
002514.SZ
002514.SZ
002545.SZ
002545.SZ
002545.SZ
002669.SZ
002669.SZ
002669.SZ
002669.SZ
002669.SZ
002696.SZ
002696.SZ
002696.SZ
002702.SZ
002732.SZ
002732.SZ
002759.SZ
002759.SZ
002759.SZ
002759.SZ
002759.SZ
002791.SZ
002791.SZ
002791.SZ
002791.SZ
002791.SZ
002791.SZ
023770.KQ
023770.KQ
023770.KQ
023770.KQ
023770.KQ
023770.KQ
023770.KQ
032960.KQ
032960.KQ
032960.KQ
032960.KQ
032960.KQ
034020.KS
034020.KS
037760.KQ
037760.KQ
037760.KQ
037760.KQ
037760.KQ
037760.KQ
047770.KQ
047770.KQ
048410.KQ
048410.KQ
048410.KQ
071050.KS
071050.KS
084370.KQ
084370.KQ
084370.KQ
084370.KQ
084370.KQ
084370.KQ
084370.KQ
084370.KQ
084370.KQ
084370.KQ
084370.KQ
084370.KQ
084370.KQ
084370.KQ
084370.KQ
084370.KQ
084370.KQ
088350.KS
100840.KS
100840.KS
100840.KS
100840.KS
100840.KS
100840.KS
100840.KS
100840.KS
100840.KS
100840.KS
100840.KS
100840.KS
100840.KS
100840.KS
100840.KS
100840.KS
100840.KS
100840.KS
100840.KS
100840.KS
100840.KS
1070.HK
1070.HK
1070.HK
1070.HK
1070.HK
1070.HK
110570.KS
1225.TW
1225.TW
1225.TW
1225.TW
1323.TW
1323.TW
1323.TW
1323.TW
1323.TW
1323.TW
1323.TW
138040.KS
143240.KQ
143240.KQ
143240.KQ
143240.KQ
1445.TW
1445.TW
1445.TW
1445.TW
1445.TW
1445.TW
1445.TW
1519.TW
1519.TW
1519.TW
1519.TW
1519.TW
1519.TW
1519.TW
1519.TW
1717.T
1717.T
1717.T
1721.T
1721.T
1736.T
1736.T
1736.T
1777.NG
1777.NG
1777.NG
1777.NG
1835.T
1835.T
1835.T
1870.T
1870.T
1870.T
1925.T
1925.T
1925.T
1925.T
1929.T
1929.T
200018.SZ
200018.SZ
200018.SZ
200018.SZ
200018.SZ
200020.SZ
200053.SZ
200053.SZ
200053.SZ
200053.SZ
200053.SZ
200468.SZ
200468.SZ
200468.SZ
200992.SZ
200992.SZ
200992.SZ
2024.TW
2024.TW
2024.TW
2024.TW
2024.TW
2030.TW
2030.TW
2030.TW
2030.TW
2030.TW
2030.TW
2030.TW
2196.T
2305.T
2305.T
2398.T
2398.T
2474.TW
2474.TW
2474.TW
2474.TW
2474.TW
2474.TW
2902.NG
2902.NG
300047.SZ
300121.SZ
300121.SZ
300121.SZ
300121.SZ
300121.SZ
300179.SZ
300195.SZ
300195.SZ
300195.SZ
300225.SZ
300225.SZ
300225.SZ
300225.SZ
300225.SZ
300225.SZ
300225.SZ
300225.SZ
300240.SZ
300240.SZ
300301.SZ
300301.SZ
300301.SZ
300301.SZ
300301.SZ
300323.SZ
300323.SZ
300323.SZ
300323.SZ
300323.SZ
300323.SZ
300389.SZ
300389.SZ
300389.SZ
300390.SZ
300390.SZ
300390.SZ
300390.SZ
300390.SZ
300390.SZ
300396.SZ
300396.SZ
300396.SZ
300396.SZ
300396.SZ
300404.SZ
300404.SZ
300404.SZ
300404.SZ
300404.SZ
300404.SZ
300423.SZ
300423.SZ
300423.SZ
300423.SZ
300423.SZ
300428.SZ
300428.SZ
300428.SZ
300428.SZ
300460.SZ
300460.SZ
300462.SZ
300462.SZ
300477.SZ
300477.SZ
300477.SZ
300477.SZ
300477.SZ
300477.SZ
300486.SZ
300518.SZ
300518.SZ
300518.SZ
300518.SZ
300518.SZ
3010.T
3010.T
3010.T
3019.TW
3019.TW
3019.TW
3019.TW
3019.TW
3038.TW
3038.TW
3038.TW
3038.TW
3038.TW
3038.TW
3057.NG
3057.NG
3107.T
3107.T
3107.T
3107.T
3125.T
3179.T
3179.T
3179.T
3179.T
3360.T
3360.T
3372.TWO
3372.TWO
3372.TWO
3372.TWO
3372.TWO
3548.TWO
3548.TWO
3548.TWO
3548.TWO
3548.TWO
3548.TWO
3548.TWO
3548.TWO
4061.T
4061.T
4061.T
4114.T
4114.T
4114.T
4114.T
4514.T
4514.T
4516.T
4516.T
4516.T
4516.T
4516.T
4516.T
4572.T
4690.T
4712.T
4712.T
4712.T
4784.T
4972.T
4972.T
5519.TW
5519.TW
5519.TW
5519.TW
5607.TW
5607.TW
5695.T
5695.T
5695.T
5852.T
5902.T
5902.T
5902.T
5902.T
5902.T
5902.T
5902.T
5930.T
5930.T
5939.T
5939.T
5988.T
5ALB.BB
600051.SS
600051.SS
600097.SS
600212.SS
600220.SS
600220.SS
600220.SS
600220.SS
600220.SS
600220.SS
600220.SS
600220.SS
600220.SS
600220.SS
600220.SS
600220.SS
600220.SS
600220.SS
600220.SS
600220.SS
600220.SS
600230.SS
600230.SS
600234.SS
600234.SS
600234.SS
600241.SS
600241.SS
600241.SS
600241.SS
600241.SS
600241.SS
600249.SS
600249.SS
600249.SS
600249.SS
600249.SS
600249.SS
600249.SS
600249.SS
600249.SS
600249.SS
600249.SS
600249.SS
600249.SS
600249.SS
600249.SS
600305.SS
600305.SS
600305.SS
600305.SS
600305.SS
600321.SS
600321.SS
600321.SS
600321.SS
600328.SS
600328.SS
600328.SS
600355.SS
600355.SS
600355.SS
600361.SS
600361.SS
600361.SS
600361.SS
600385.SS
600385.SS
600385.SS
600385.SS
600385.SS
600419.SS
600419.SS
600452.SS
600452.SS
600452.SS
600452.SS
600452.SS
600452.SS
600461.SS
600461.SS
600461.SS
600461.SS
600461.SS
600468.SS
600468.SS
600468.SS
600468.SS
600468.SS
600513.SS
600513.SS
600540.SS
600540.SS
600540.SS
600540.SS
600540.SS
600665.SS
600665.SS
600665.SS
600665.SS
600698.SS
600698.SS
600698.SS
600698.SS
600698.SS
600698.SS
600707.SS
600707.SS
600707.SS
600707.SS
600707.SS
600707.SS
600707.SS
600707.SS
600727.SS
600727.SS
600766.SS
600766.SS
600766.SS
600766.SS
600766.SS
600767.SS
600767.SS
600767.SS
600767.SS
600819.SS
600819.SS
600819.SS
600819.SS
600819.SS
600838.SS
600838.SS
600838.SS
600857.SS
600857.SS
600962.SS
600962.SS
600962.SS
600962.SS
601177.SS
601177.SS
601177.SS
601177.SS
601177.SS
601798.SS
601798.SS
601798.SS
601798.SS
6029.T
6029.T
6029.T
6029.T
6029.T
6029.T
6029.T
603009.SS
603009.SS
603009.SS
603009.SS
603009.SS
603012.SS
603012.SS
603012.SS
603012.SS
603012.SS
603022.SS
603022.SS
603022.SS
603022.SS
603022.SS
603022.SS
603029.SS
603029.SS
603158.SS
603158.SS
603322.SS
603322.SS
603322.SS
603322.SS
603322.SS
603555.SS
603555.SS
603555.SS
603555.SS
603555.SS
603555.SS
603609.SS
603609.SS
603609.SS
603726.SS
603726.SS
603726.SS
603726.SS
603726.SS
603778.SS
603778.SS
603779.SS
603779.SS
603779.SS
603779.SS
603779.SS
603828.SS
603828.SS
603828.SS
603828.SS
603828.SS
603838.SS
603838.SS
603838.SS
603838.SS
6088.T
6088.T
6089.T
6089.T
6089.T
6089.T
6203.TWO
6203.TWO
6203.TWO
6203.TWO
6203.TWO
6278.T
6278.T
6339.T
6339.T
6339.T
6339.T
6403.T
6405.T
6405.T
6414.T
6414.T
6420.T
6420.T
6420.T
6420.T
6420.T
6420.T
6420.T
6420.T
6568.TWO
6568.TWO
6568.TWO
6568.TWO
6568.TWO
6568.TWO
6588.T
6588.T
6588.T
6588.T
6588.T
6588.T
6588.T
6741.T
6741.T
6744.T
6744.T
6744.T
6744.T
6744.T
6924.T
6924.T
6958.T
6958.T
7246.T
7246.T
7246.T
7246.T
7246.T
7417.FU
7417.FU
7441.FU
7441.FU
7441.FU
7441.FU
7550.T
7550.T
7550.T
7731.T
7731.T
7748.T
7942.T
8031.HK
8031.HK
8059.HK
8074.T
8074.T
8074.T
8097.T
8097.T
8097.T
8127.HK
8127.HK
8277.HK
8277.HK
8277.HK
8277.HK
8277.HK
8277.HK
8277.HK
8277.HK
8277.HK
8277.HK
8277.HK
8358.T
8358.T
8844.T
8850.T
8850.T
8850.T
8850.T
8850.T
900918.SS
900918.SS
900918.SS
900918.SS
900918.SS
900946.SS
900946.SS
900946.SS
900946.SS
900946.SS
900946.SS
9039.T
9039.T
9039.T
9039.T
9066.T
9066.T
9075.T
9075.T
9075.T
9075.T
9075.T
9075.T
9075.T
9075.T
9232.T
9232.T
9232.T
9232.T
9232.T
9319.T
9319.T
9319.T
9319.T
9466.T
9466.T
9466.T
9466.T
9706.T
9706.T
9706.T
9706.T
9755.T
9755.T
9880.T
9880.T
9943.T
9943.T
9943.TW
9943.TW
9943.TW
9943.TW
9943.TW
9943.TW
9943.TW
9943.TW
9943.TW
9957.T
9957.T
9957.T
9957.T
AC
AC
AC
AC
AC
AC
AC
ACXM.O
AD.TO
AD.TO
AD.TO
AD.TO
AD.TO
ADAG.DE
ADVM.O
ADVM.O
ADVM.O
ADVM.O
AF
AF
AF
AF
AF_pc
AF_pc
AF_pc
AF_pc
AGCO.K
AGRX.O
AGRX.O
AGRX.O
AGRX.O
AGRX.O
AIM.TO
AIM.TO
AIM.TO
AIM.TO
AIM.TO
AIM.TO
AIM.TO
AIM.TO
AKAM.O
AKAM.O
ALB
ALB
ALB
ALB
ALB
ALB
ALB
ALB
ALGN.O
ALGN.O
ALGN.O
ALGN.O
ALIVsdb.ST
ALKIM.IS
ALKIM.IS
ALKIM.IS
ALKIM.IS
ALKIM.IS
ALKIM.IS
ALKIM.IS
ALKIM.IS
ALV
AMM.TO
AMPH.O
AMPH.O
AMPH.O
AMPH.O
AMPH.O
AMPH.O
AMPH.O
AMPH.O
AMPH.O
AMPH.O
AMPH.O
AMPH.O
AMPH.O
AMPH.O
AMPH.O
AMPH.O
AMPH.O
AMPH.O
AMPH.O
AMPH.O
AMPH.O
AMPH.O
AMRI.O
AMRI.O
AMRI.O
AMRI.O
AMRI.O
AMRI.O
AMRI.O
AMRI.O
AMRI.O
AMRI.O
AMRI.O
AMRI.O
AMRI.O
AMRI.O
AMRI.O
AMRI.O
AMRI.O
AMRK.O
AMRK.O
AMSCA.OL
AMSCA.OL
AMSCA.OL
AMSCA.OL
AMSCA.OL
AMSCA.OL
AMSCA.OL
AMSCA.OL
AMSCA.OL
AOS
ASCMA.O
ASUZU.IS
ASUZU.IS
ASUZU.IS
ASUZU.IS
ATLO.O
ATLO.O
ATLO.O
ATLO.O
ATLO.O
ATLO.O
ATLO.O
ATLO.O
ATLO.O
ATLO.O
ATLO.O
ATRO.O
ATRO.O
ATRO.O
ATRO.O
ATRO.O
ATRO.O
AVG
AVGR.O
AVGR.O
AVGR.O
AVGR.O
AXAS.O
AXAS.O
AXAS.O
AXAS.O
AXAS.O
AXAS.O
AXAS.O
AXAS.O
AXAS.O
AXAS.O
AXAS.O
AXAS.O
AXAS.O
AXAS.O
AXAS.O
AXAS.O
BBX
BBX
BBX
BBX
BBX
BBX
BBX
BBX
BBX
BBX
BBX
BBX
BBX
BBX
BBX
BBX
BCAP.JK
BCPC.O
BCRX.O
BCRX.O
BCRX.O
BCRX.O
BCRX.O
BCRX.O
BCRX.O
BCRX.O
BCRX.O
BCRX.O
BCRX.O
BCRX.O
BCRX.O
BCRX.O
BEEF3.SA
BEEF3.SA
BEEF3.SA
BEEF3.SA
BEEF3.SA
BEGR.ST
BEGR.ST
BEGR.ST
BEGR.ST
BEGR.ST
BEGR.ST
BEGR.ST
BEGR.ST
BEGR.ST
BERK34.SA
BH.PS
BH.PS
BHSN.KL
BHSN.KL
BHSN.KL
BHSN.KL
BHSN.KL
BHSN.KL
BHSN.KL
BHSN.KL
BHSN.KL
BIOA.K
BIOA.K
BIOA.K
BIOA.K
BIOS.O
BIOS.O
BIOS.O
BK
BK
BK
BK
BK
BK_pc
BK_pc
BK_pc
BK_pc
BK_pc
BLAK34.SA
BLAK34.SA
BLAK34.SA
BLAK34.SA
BLAK34.SA
BLAK34.SA
BLAK34.SA
BLAK34.SA
BLAK34.SA
BLAK34.SA
BLAK34.SA
BLAK34.SA
BLAK34.SA
BLAK34.SA
BLAK34.SA
BLAK34.SA
BLK
BLK
BLK
BLK
BLK
BLK
BLK
BLK
BLK
BLK
BLK
BLK
BLK
BLK
BLK
BLK
BLL
BLL
BLL
BLL
BLL
BLL
BLL
BLL
BLL
BLL
BMED.MI
BMED.MI
BNCN.O
BNCN.O
BNCN.O
BNCN.O
BNCN.O
BNCN.O
BNCN.O
BNCN.O
BNCN.O
BNCN.O
BNCN.O
BONY34.SA
BONY34.SA
BONY34.SA
BONY34.SA
BONY34.SA
BOSSA.IS
BOSSA.IS
BOSSA.IS
BOSSA.IS
BOSSA.IS
BOSSA.IS
BOSSA.IS
BOSSA.IS
BOSSA.IS
BOSSA.IS
BOSSA.IS
BR.TO
BR.TO
BR.TO
BR.TO
BR.TO
BR.TO
BR.TO
BR.TO
BR.TO
BR.TO
BR.TO
BR.TO
BRG
BRKa
BRKb
BRO
BRO
BRO
BRO
BRO
BSDE.JK
BSM
BSM
BSM
BSM
BSM
BSM
BSM
BSM
BSM
BSM
BSM
BSM
BSM
BSM
BSM
BSM
BSM
BSM
BTM.WA
BTM.WA
BTM.WA
BTM.WA
BTM.WA
BTM.WA
BTM.WA
BTM.WA
BTM.WA
BTM.WA
BTM.WA
BTM.WA
BTM.WA
BTM.WA
BTM.WA
BTM.WA
BTM.WA
BTM.WA
BTM.WA
BVL.LM
BX
BX
BX
BX
BX
BX
BX
BX
BX
BX
BX
BX
BX
BX
BX
BX
BX
BYD
BYD
BYD
BYD
BYD
BYD
BYD
BYD
BYD
BYD
BYD
BYD
BYD
BYD
BYD
BYD
BYD
BYD
BYD
CAO.TO
CAPL.K
CAPL.K
CAPL.K
CAPL.K
CAPL.K
CAPL.K
CBMX.O
CBMX.O
CBPX.K
CBR
CBR
CBR
CCXI.O
CCXI.O
CCXI.O
CCXI.O
CCXI.O
CCXI.O
CCXI.O
CCXI.O
CCXI.O
CCXI.O
CCXI.O
CCXI.O
CCXI.O
CCXI.O
CCXI.O
CERU.O
CERU.O
CERU.O
CERU.O
CEVA.O
CEVA.O
CEVA.O
CEVA.O
CEVA.O
CEVA.O
CFCB.O
CFCB.O
CFCB.O
CFCB.O
CFN.LS
CFN.LS
CGE.SN
CGE.SN
CGE.SN
CHH
CHH
CHH
CHH
CHH
CHH
CIEL3.SA
CIEL3.SA
CIEL3.SA
CIEL3.SA
CIEL3.SA
CIFC.O
CIFC.O
CIFC.O
CIFC.O
CIFC.O
CIFC.O
CIFC.O
CIFC.O
CIFC.O
CIFC.O
CIFC.O
CIFC.O
CIFC.O
CIFC.O
CIFC.O
CLNY.K
CLNY.K
CLNY.K
CLNY.K
CLNY.K
CLRO.O
CLRO.O
CLRO.O
CLRO.O
CMENT.IS
CMENT.IS
CMENT.IS
CMENT.IS
CMENT.IS
CMENT.IS
CMENT.IS
CMENT.IS
CMLS.O
CMLS.O
CMLS.O
CMLS.O
CMLS.O
CMLS.O
CMLS.O
CMLS.O
CMLS.O
CMLS.O
CMLS.O
CMLS.O
CMLS.O
CMLS.O
CMLS.O
CMLS.O
CMLS.O
CMLS.O
CMT
CMT
CMT
CMT
CMT
CMT
CNXC.K
CNXC.K
CNXC.K
CNXC.K
CNXC.K
CNXC.K
CNXC.K
CNXC.K
CNXC.K
CNXR.O
CNXR.O
CNXR.O
CODI.K
CODI.K
CODI.K
CODI.K
COKE.O
COKE.O
COKE.O
COKE.O
COKE.O
COKE.O
COLB.O
COLB.O
COLB.O
COLB.O
COP
COP
COP
COP
COP
COP
COP
COP
COP
COP
COP
COP
COP
COP
COP
COP
COPH34.SA
COPH34.SA
COPH34.SA
COPH34.SA
COPH34.SA
COPH34.SA
COPH34.SA
COPH34.SA
COPH34.SA
COPH34.SA
COPH34.SA
COPH34.SA
COPH34.SA
COPH34.SA
COPH34.SA
COPH34.SA
CPSI.O
CPSI.O
CSHG.DE
CSHG.DE
CSHG.DE
CSHG.DE
CSHG.DE
CSHG.DE
CST
CST
CST
CST
CST
CST
CST
CST
CTHR.O
CTHR.O
CTHR.O
CTHR.O
CTRA.JK
CTSO.O
CTSO.O
CTSO.O
CTWS.O
CTWS.O
CTWS.O
CUM.TO
CUM.TO
CUM.TO
CUM.TO
CUM.TO
CUM.TO
CUM.TO
CUM.TO
CUM.TO
CUM.TO
CUM.TO
CUM.TO
CUM.TO
CUNB.O
CUNB.O
CUNB.O
CUNB.O
CVBF.O
CVBF.O
CVBF.O
CVBF.O
CVCO.O
CVCO.O
CVCO.O
CVCO.O
CVCO.O
CVCO.O
CVG
CVG
CVG
CVG
CVG
CVG
CVG
CVG
CVG
CVG
CVG
CVG
CVG
CVG
CVG
CVG
CVG
CVG
CVG
CVG
CVG
CVRS.K
CVRS.K
CVRS.K
CVRS.K
CVS
CVS
CVSH34.SA
CVSH34.SA
CXO
CXO
CXO
CXO
CXO
CXO
D
D
D
D
D
D
D
D
D
D
D
D
D
D
D
D
D
D
D
D
DCUC.K
DCUC.K
DCUC.K
DCUC.K
DCUC.K
DCUC.K
DCUC.K
DCUC.K
DCUC.K
DCUC.K
DCUC.K
DCUC.K
DCUC.K
DCUC.K
DCUC.K
DCUC.K
DCUC.K
DCUC.K
DCUC.K
DCUC.K
DILD.JK
DML.TO
DML.TO
DML.TO
DML.TO
DML.TO
DML.TO
DML.TO
DML.TO
DOGUB.IS
DOGUB.IS
DOGUB.IS
DOGUB.IS
DOGUB.IS
DOGUB.IS
DOGUB.IS
DOGUB.IS
DOGUB.IS
DPWGn.DE
DPWGn.DE
DPWGn.DE
DPWGn.DE
DPWGn.DE
DVCR.O
DW
EA.O
EA.O
ECII.JK
EDGE.O
EDGE.O
EDGE.O
EDGE.O
EDGW.O
EDGW.O
EDGW.O
EDGW.O
EDGW.O
EDGW.O
EFC
EFC
EFC
EFC
EGCYH.IS
EGCYH.IS
EGCYH.IS
EGLT.O
EGLT.O
EGLT.O
EGLT.O
EGN
EGN
EGN
EGN
EGY
EGY
EGY
EGY
EHTH.O
EHTH.O
EHTH.O
EHTH.O
ELON.O
ELON.O
ELON.O
ENDP.O
ENDP.O
ENDP.O
ENDP.O
ENT.O
ENT.O
ENT.O
ENT.O
ENT.O
ENT.O
ENTP.WA
EPAM.K
EPAM.K
EPAM.K
EPAM.K
EPAM.K
EPMT.JK
EQY
EQY
EQY
EQY
ERI.O
ERI.O
ERI.O
ERI.O
ERI.O
ESGR.O
ESGR.O
ESGR.O
ESGR.O
ESGR.O
ESGR.O
ESGR.O
ESTE.K
ESTE.K
ESTE.K
ESTE.K
ETM
ETM
ETM
ETM
ETM
ETM
ETM
ETM
ETM
ETM
ETM
ETM
ETM
ETM
ETM
ETM
EUCAn.DE
EUCAn.DE
EUCAn.DE
EUCAn.DE
EUCAn.DE
EUCAn.DE
EUCAn.DE
EUCAn.DE
EUCAn.DE
EUCAn.DE
EUCAn.DE
EUCAn.DE
EUCAn.DE
EUCAn.DE
EUCAn.DE
EUCAn.DE
EUCAn.DE
EUCAn.DE
EUCAn.DE
EUHOL.IS
EUHOL.IS
EUHOL.IS
EUHOL.IS
EUHOL.IS
EUHOL.IS
EUHOL.IS
EUHOL.IS
EUHOL.IS
EUHOL.IS
EUKYO.IS
EUKYO.IS
EUKYO.IS
EUKYO.IS
EUKYO.IS
EUKYO.IS
EVA
EVA
EVA
EVA
EVBS.O
EVBS.O
EVBS.O
EVBS.O
EVBS.O
EVBS.O
EVBS.O
EVBS.O
EVBS.O
EVBS.O
EVBS.O
EVBS.O
EVDY.K
EVDY.K
EVDY.K
EVDY.K
EVDY.K
EVT.TO
EVT.TO
EVT.TO
EVT.TO
EVT.TO
EVT.TO
EVT.TO
EVT.TO
EVT.TO
EVT.TO
EVT.TO
EVT.TO
EVT.TO
EVT.TO
EVT.TO
EVT.TO
EXAC.O
EXAC.O
EXAC.O
EXAC.O
FANG.O
FANG.O
FANG.O
FANG.O
FANG.O
FANG.O
FANG.O
FANG.O
FANG.O
FANG.O
FANG.O
FANG.O
FANG.O
FANG.O
FANG.O
FANG.O
FANG.O
FANG.O
FARM.O
FARM.O
FARM.O
FFKT.O
FFKT.O
FFKT.O
FFKT.O
FFKT.O
FFKT.O
FFNW.O
FFNW.O
FFNW.O
FFNW.O
FFNW.O
FGEN.O
FGEN.O
FIBK.O
FIBK.O
FIBK.O
FIBK.O
FIBK.O
FIGE3.SA
FIGE3.SA
FIGE3.SA
FIGE3.SA
FIGE3.SA
FIGE3.SA
FIGE4.SA
FIGE4.SA
FIGE4.SA
FIGE4.SA
FIGE4.SA
FIGE4.SA
FITB.O
FITB.O
FITB.O
FITB.O
FITBI.O
FITBI.O
FITBI.O
FITBI.O
FOR
FOR
FOR
FOR
FOR
FOR
FOR
FOR
FOR
FOR
FOR
FOR
FOR
FOR
FORR.O
FORR.O
FORR.O
FORR.O
FORR.O
FORR.O
FORR.O
FORR.O
FORR.O
FORR.O
FORR.O
FORR.O
FORR.O
FORR.O
FORR.O
FREN.JK
FREN.JK
FREN.JK
FRME.O
FRME.O
FRME.O
FRME.O
FSB
FSB
FSB
FSB
FTNT.O
FTNT.O
GAIN.NS
GAIN.NS
GAIN.NS
GAIN.NS
GAIN.NS
GAIN.NS
GAIN.NS
GAIN.NS
GAIN.NS
GAIN.NS
GAIN.NS
GAIN.NS
GAIN.NS
GAIN.NS
GAIN.NS
GALT.O
GALT.O
GALT.O
GALT.O
GALT.O
GALT.O
GALTU.O
GALTU.O
GALTU.O
GALTU.O
GALTU.O
GALTU.O
GLBZ.O
GLBZ.O
GLBZ.O
GLBZ.O
GLBZ.O
GLBZ.O
GLPI.O
GLPI.O
GLPI.O
GLPI.O
GLPI.O
GLPI.O
GLPI.O
GLPI.O
GLPI.O
GLPI.O
GLPI.O
GLPI.O
GLPI.O
GLPI.O
GLPI.O
GLYC.O
GLYC.O
GLYC.O
GLYC.O
GLYC.O
GMED.K
GMED.K
GNE
GNE
GNE
GNE
GNE
GNE
GNE
GNE
GNE
GNE
GNE
GNE
GNW
GNW
GNW
GNW
GPAC.O
GPAC.O
GPAC.O
GPAC.O
GPAC.O
GPAC.O
GPAC.O
GPAC.O
GPACU.O
GPACU.O
GPACU.O
GPACU.O
GPACU.O
GPACU.O
GPACU.O
GPACU.O
GRUB.K
GRUB.K
GUBRF.IS
GUBRF.IS
GUBRF.IS
GUBRF.IS
GUBRF.IS
HBAN.O
HBAN.O
HBAN.O
HBAN.O
HBANO.O
HBANO.O
HBANO.O
HBANO.O
HBHC.O
HBHC.O
HBHC.O
HBHC.O
HBHC.O
HBHC.O
HBIO.O
HBIO.O
HBIO.O
HBIO.O
HBIO.O
HDP.O
HDP.O
HDP.O
HDP.O
HDP.O
HDSN.O
HDSN.O
HDSN.O
HHS
HL
HL
HL
HL
HL
HL
HLGE.SI
HLGE.SI
HLGE.SI
HLGE.SI
HLGE.SI
HLGE.SI
HLGE.SI
HLGE.SI
HLGE.SI
HMN
HMN
HMN
HMN
HMN
HMN
HMN
HMN
HMN
HMST.O
HMST.O
HMST.O
HMTV.O
HMTV.O
HMTV.O
HMTV.O
HMTV.O
HMTV.O
HMTV.O
HMTV.O
HMTV.O
HMTV.O
HMTV.O
HMTV.O
HMTV.O
HMTV.O
HMTV.O
HMTV.O
HMTV.O
HPSa.TO
HPSa.TO
HPSa.TO
HPSa.TO
HPSa.TO
HRI
HRI
HRI
HRI
HRI
HRI
HRI
HRI
HRI
HRI
HRI
HRI
HRI
HRI
HRI
HRI
HRI
HRI
HRI
HRI
HRI
HRI
HRI
HRI
HRZN.O
HRZN.O
HRZN.O
HRZN.O
HRZN.O
HRZN.O
HRZN.O
HSBA.L
HSBA.L
HSBA.L
HSBA.L
HSBA.L
HSBA.L
HSBC.K
HSBC.K
HSBC_pa.K
HSBC_pa.K
HSBC_pa.K
HSBC_pa.K
HSBC_pa.K
HSBC_pa.K
HTLD.O
HTLD.O
HTLD.O
HTLD.O
HTZ
HTZ
HTZ
HTZ
HTZ
HTZ
HTZ
HWAY.O
HWAY.O
HWAY.O
HWAY.O
HWAY.O
HWAY.O
HWCC.O
HWCC.O
ICLR.O
ICLR.O
ICLR.O
ICLR.O
ICLR.O
ICLR.O
ICLR.O
ICLR.O
ICLR.O
ICLR.O
ICLR.O
ICLR.O
ICLR.O
ICLR.O
ICLR.O
ICLR.O
ICLR.O
IDGYO.IS
IDGYO.IS
IDGYO.IS
IDGYO.IS
IDGYO.IS
IDGYO.IS
IDGYO.IS
IDGYO.IS
IDGYO.IS
IDGYO.IS
IDTI.O
IDTI.O
IDTI.O
IDTI.O
IDTI.O
IGTA3.SA
IGTA3.SA
IGTA3.SA
IGTA3.SA
IGTA3.SA
III.O
III.O
III.O
III.O
III.O
III.O
III.O
III.O
III.O
III.O
III.O
III.O
III.O
III.O
III.O
III.O
III.O
III.O
III.O
III.O
IILG.O
IILG.O
IILG.O
IIVI.O
IMAS.JK
IMAS.JK
IMAS.JK
IMJS.JK
IMJS.JK
IMJS.JK
IMN
IMN
IMN
IMN
IMN
IMN
IMN
IMPC.JK
IND.SN
IND.SN
IND.SN
IND.SN
IND.SN
IND.SN
IND.SN
IND.SN
IND.SN
INDES.IS
INDES.IS
INDES.IS
INWK.O
INWK.O
INWK.O
INWK.O
INWK.O
INWK.O
INWK.O
INWK.O
INWK.O
IPAR.O
IPAR.O
IPAR.O
IPAR.O
IPAR.O
IPAR.O
IPAR.O
IPAR.O
IPAR.O
IPAR.O
IPAR.O
IPAR.O
IPAR.O
IPAR.O
IPAR.O
IPAR.O
IPAR.O
IPAR.O
IPAR.O
IPAR.O
IPAR.O
ISDR.K
ISDR.K
ISDR.K
ISDR.K
ISDR.K
ISDR.K
ISET.SI
ISET.SI
ISET.SI
ISET.SI
ISET.SI
ISET.SI
ISET.SI
ISET.SI
ISET.SI
ISET.SI
ISET.SI
ISET.SI
ISET.SI
ISET.SI
ITGR.K
ITSA3.SA
ITSA3.SA
ITSA4.SA
ITSA4.SA
IZMDC.IS
JAG.TO
JAG.TO
JAG.TO
JAG.TO
JAG.TO
JAG.TO
JBDU3.SA
JBDU4.SA
JKHY.O
JKHY.O
JKHY.O
JKHY.O
JKHY.O
JKHY.O
JKHY.O
JKHY.O
JKHY.O
JKHY.O
JKHY.O
JKHY.O
JKHY.O
JKHY.O
JKHY.O
JKHY.O
JKHY.O
JNPR.K
JNPR.K
KBHL.CO
KBHL.CO
KBHL.CO
KBHL.CO
KBHL.CO
KBHL.CO
KEY.TO
KEY.TO
KEY.TO
KEY.TO
KEY.TO
KHDI.BO
KHDI.BO
KHDI.BO
KHDI.BO
KHDI.BO
KLBF.JK
KNL
KNL
KNL
KNL
KNL
KRG
KRG
KRG
KRG
LBAI.O
LBAI.O
LBAI.O
LBAI.O
LC
LCNB.O
LCNB.O
LCNB.O
LCNB.O
LEG
LEG
LEG
LEG
LEG
LEG
LEG
LEG
LEG
LEG
LEG
LEG
LEG
LEG
LEG
LEG
LEG
LEG
LEG
LEG
LEG
LHBANK.BK
LHBANK.BK
LHBANK.BK
LHBANK.BK
LHBANKf.BK
LHBANKf.BK
LHBANKf.BK
LHBANKf.BK
LHBANKn.BK
LHBANKn.BK
LHBANKn.BK
LHBANKn.BK
LKFN.O
LKFN.O
LKFN.O
LKFN.O
LMCA.O
LMCA.O
LMCA.O
LMCA.O
LMCA.O
LMCA.O
LMCA.O
LMCA.O
LMCK.O
LMCK.O
LMCK.O
LMCK.O
LMCK.O
LMCK.O
LMCK.O
LMCK.O
LPN.BK
LPN.BK
LPNf.BK
LPNf.BK
LPNn.BK
LPNn.BK
LPSN.O
LPSN.O
LPSN.O
LPSN.O
LPSN.O
LSBG.O
LSBG.O
LSBG.O
LSBG.O
LTRPA.O
LTRPA.O
LTRPA.O
LTRPA.O
LTRPA.O
LTRPA.O
LTRPB.O
LTRPB.O
LTRPB.O
LTRPB.O
LTRPB.O
LTRPB.O
LUIi.LM
LUIi.LM
LUIi.LM
LUIi.LM
LUIi.LM
MAR.O
MAR.O
MAR.O
MAR.O
MAR.O
MAR.O
MAR.O
MAR.O
MAR.O
MAR.O
MAR.O
MAR.O
MAR.O
MAR.O
MAR.O
MAR.O
MAR.O
MAR.O
MAR.O
MBCN.O
MBCN.O
MBCN.O
MBCN.O
MCHP.O
MCHP.O
MCHP.O
MCHP.O
MCHP.O
MCHP.O
MCHP.O
MCHP.O
MDCA.O
MDF.TO
MDF.TO
MDF.TO
MDF.TO
MDF.TO
MDF.TO
MDF.TO
MDF.TO
MDF.TO
MDF.TO
MDF.TO
MDF.TO
MDF.TO
MDF.TO
MDF.TO
MDF.TO
MDXG.O
METAL.IS
METAL.IS
METAL.IS
METAL.IS
METAL.IS
METAL.IS
METAL.IS
METAL.IS
METAL.IS
MGNG.DE
MGNG.DE
MGNG.DE
MGNG.DE
MGROS.IS
MGROS.IS
MGROS.IS
MGROS.IS
MGROS.IS
MHLD.O
MHLD.O
MHLD.O
MHLD.O
MHLD.O
MILS3.SA
MKSI.O
MKSI.O
MKSI.O
MKSI.O
MKSI.O
MODi.LM
MODi.LM
MPW
MPW
MPW
MPW
MRC.PS
MSBI.O
MSBI.O
MSBI.O
MSBI.O
MSCb.ST
MSCb.ST
MSCb.ST
MSCb.ST
MSCb.ST
MSFG.O
MSFG.O
MSFG.O
MTEX.O
MTEX.O
MTEX.O
MTGE.O
MTGE.O
MTGE.O
MTGE.O
MTGE.O
MUIB.KL
MUIB.KL
MUIB.KL
MUIB.KL
MUIB.KL
MUIB.KL
MUIB.KL
MUIB.KL
MUIB.KL
MUIB.KL
MULTIC.OL
MULTIC.OL
MULTIC.OL
MULTIC.OL
MULTIC.OL
MULTIC.OL
MULTIC.OL
MULTIC.OL
MULTIC.OL
NAHA.NS
NAHA.NS
NAHA.NS
NATR.O
NATR.O
NBTB.O
NBTB.O
NBTB.O
NBTB.O
NCT
NCT
NCT
NCT
NCT
NCT
NCT
NEWR.K
NEWR.K
NEXAM.ST
NEXAM.ST
NEXAM.ST
NEXAM.ST
NEXAM.ST
NEXAM.ST
NEXAM.ST
NGHC.O
NGHC.O
NGHC.O
NGHC.O
NGHC.O
NGHC.O
NGHCN.O
NGHCN.O
NGHCN.O
NGHCN.O
NGHCN.O
NGHCN.O
NGHCO.O
NGHCO.O
NGHCO.O
NGHCO.O
NGHCO.O
NGHCO.O
NI.PS
NLN.TO
NLN.TO
NLN.TO
NLN.TO
NLN.TO
NLN.TO
NLNK.O
NLNK.O
NLNK.O
NLNK.O
NLNK.O
NLNK.O
NRIM.O
NRIM.O
NRIM.O
NRIM.O
NSG.OL
NSH
NSH
NSH
NSH
NSH
NSH
NSH
NTN
NTN
NTN
NTN
NTN
NTN
NTN
NTSB.BU
NTSB.BU
NTSB.BU
NTSB.BU
NTSB.BU
NTSB.BU
NTSB.BU
NTSB.BU
NTSB.BU
NTSB.BU
NTSB.BU
NTSB.BU
NTSB.BU
NTSB.BU
NTSB.BU
NTSB.BU
NTSB.BU
NTSB.BU
NTSB.BU
NTSB.BU
NUE
NUE
NUE
NUE
NUS.TO
NUS.TO
NUS.TO
NUS.TO
NUS.TO
NUS.TO
NUS.TO
NUS.TO
NUS.TO
NUS.TO
NUS.TO
NVIV.O
NVIV.O
NVIV.O
NVIV.O
NXST.O
NXST.O
NYCB.K
NYCB.K
NYCB.K
NYCB.K
OLP
OLP
OLP
OLP
OMF
OMF
OMF
OMF
OPHT.O
OPHT.O
OPHT.O
OPHT.O
OPHT.O
OPHT.O
OPHT.O
OPHT.O
OPHT.O
OPHT.O
OPHT.O
OPHT.O
ORIT.O
ORIT.O
ORIT.O
ORIT.O
ORIT.O
ORIT.O
ORM
ORM
ORM
ORM
ORM
ORM
OSBC.O
OSHC.O
OSHC.O
OSHC.O
OSHC.O
OSHC.O
OSHC.O
OSHC.O
OSHC.O
OSHC.O
OSHC.O
OSHC.O
OSHC.O
OSSA.SI
OSSA.SI
OSSA.SI
OSSA.SI
OSSA.SI
OSSA.SI
OSSA.SI
OUT
PAA
PAA
PAA
PAA
PAA
PAA
PAA
PAA
PAA
PCTI.O
PCTI.O
PCTI.O
PCTI.O
PCXP.WA
PCXP.WA
PCXP.WA
PCXP.WA
PEA.LM
PEA.LM
PEA.LM
PEIX.O
PEIX.O
PEIX.O
PEIX.O
PEIX.O
PFRM3.SA
PFRM3.SA
PFRM3.SA
PFSI.K
PFSI.K
PFSI.K
PHAR.AS
PHAR.AS
PHAR.AS
PHAR.AS
PHAR.AS
PHH
PHH
PHH
PHH
PLAS3.SA
PLAS3.SA
PLAS3.SA
PLAS3.SA
PLAS3.SA
PLAS3.SA
PLRC.TA
PNIN.JK
PODD.O
PODD.O
PODD.O
PODD.O
PRAA.O
PRAA.O
PRAA.O
PRAA.O
PRGX.O
PRGX.O
PRGX.O
PRTO.O
PRTO.O
PRTO.O
PRTO.O
PRTO.O
PRTO.O
PRTO.O
PRTO.O
PRY.MI
PRY.MI
PRY.MI
PRY.MI
PRY.MI
PRY.MI
PRY.MI
PRY.MI
PRY.MI
PRY.MI
PRY.MI
PRY.MI
PRY.MI
PRY.MI
PRY.MI
PRY.MI
PRY.MI
PRY.MI
PRY.MI
PRY.MI
PSEC.O
PSEC.O
PSEC.O
PSEC.O
PSEC.O
PSTB.O
PSTB.O
PSTB.O
PSTB.O
PSTB.O
PSTB.O
PTPP.JK
PTPP.JK
PTPP.JK
QRVO.O
QRVO.O
QRVO.O
QRVO.O
QRVO.O
QRVO.O
QRVO.O
QRVO.O
QRVO.O
QUMU.O
QUMU.O
QUMU.O
QUMU.O
QUMU.O
QUMU.O
QUMU.O
QUMU.O
QUMU.O
QUMU.O
QUMU.O
QUMU.O
QUMU.O
QUMU.O
QUMU.O
QUMU.O
QUMU.O
QUMU.O
QUOT.K
QUOT.K
QVCA.O
QVCA.O
QVCA.O
QVCA.O
QVCA.O
QVCA.O
QVCA.O
QVCA.O
QVCA.O
QVCA.O
QVCA.O
QVCA.O
QVCB.O
QVCB.O
QVCB.O
QVCB.O
QVCB.O
QVCB.O
QVCB.O
QVCB.O
QVCB.O
QVCB.O
QVCB.O
QVCB.O
RACE.K
RACE.K
RACE.K
RACE.K
RACE.K
RACE.K
RACE.K
RACE.K
RACE.K
RACE.K
RACE.K
RACE.K
RACE.K
RACE.K
RACE.K
RACE.K
RACE.K
RACE.K
RACE.K
RACE.K
RACE.K
RATE.K
RATE.K
RATE.K
RATE.K
REFR.O
REFR.O
REFR.O
REFR.O
REFR.O
REFR.O
REG
REG
REG
REG
REI
REI
REI
RLH
RMGN.O
RMGN.O
RMGN.O
RMGN.O
RMGN.O
RMGN.O
ROKA.O
ROKA.O
ROKA.O
ROKA.O
ROKA.O
RP.O
RRX.TO
RRX.TO
RRX.TO
RRX.TO
RRX.TO
RRX.TO
RRX.TO
RRX.TO
RRX.TO
RRX.TO
RRX.TO
RRX.TO
RUSHA.O
RUSHA.O
RUSHA.O
RUSHA.O
RUSHB.O
RUSHB.O
RUSHB.O
RUSHB.O
RVA.AX
RVA.AX
RVSB.O
RVSB.O
RVSB.O
RVSB.O
RWT
RWT
RWT
RWT
RWT
RWT
RWT
RWT
RWT
RWT
RWT
RWT
RWT
SAUC.O
SBGI.O
SBGI.O
SBGI.O
SBGI.O
SBGI.O
SBGI.O
SBGI.O
SBGI.O
SBGI.O
SBGI.O
SBGI.O
SBGI.O
SBGI.O
SBGI.O
SBGI.O
SBGI.O
SBOK.ST
SBOK.ST
SBOK.ST
SBOK.ST
SBOK.ST
SBOK.ST
SBOK.ST
SCAR3.SA
SCAR3.SA
SCAR3.SA
SCAR3.SA
SCAR3.SA
SCAR3.SA
SCAR3.SA
SCCO.K
SCCO.K
SCCO.K
SCCO.K
SEAS.K
SEAS.K
SEAS.K
SECUb.ST
SECUb.ST
SECUb.ST
SECUb.ST
SERE.KL
SERE.KL
SERE.KL
SERE.KL
SERE.KL
SERE.KL
SERE.KL
SERE.KL
SF.BK
SF.BK
SF.BK
SF.BK
SF.BK
SF.BK
SF.BK
SF.BK
SF.BK
SF.BK
SF.BK
SFn.BK
SFn.BK
SFn.BK
SFn.BK
SFn.BK
SFn.BK
SFn.BK
SFn.BK
SFn.BK
SFn.BK
SFn.BK
SGA
SGA
SGA
SGA
SHOTE.ST
SHOTE.ST
SHOTE.ST
SHOTE.ST
SHOTE.ST
SHOTE.ST
SHOTE.ST
SIEN.O
SIEN.O
SIHL.SI
SIHL.SI
SIHL.SI
SIHL.SI
SIHL.SI
SIVB.O
SIVB.O
SIVB.O
SJ.TO
SJ.TO
SJ.TO
SJ.TO
SJ.TO
SJ.TO
SJ.TO
SJ.TO
SJ.TO
SJ.TO
SJ.TO
SJ.TO
SJ.TO
SKBC.KL
SKBC.KL
SKBC.KL
SKBC.KL
SKBC.KL
SKBC.KL
SKBC.KL
SKBC.KL
SKBC.KL
SLCE3.SA
SLCE3.SA
SLCE3.SA
SLCE3.SA
SLCE3.SA
SLCE3.SA
SMBR.JK
SMIi.LM
SMIi.LM
SMIi.LM
SMIi.LM
SMIi.LM
SMIi.LM
SMIi.LM
SNHY.O
SNHY.O
SO2i.LM
SO2i.LM
SONA.O
SONA.O
SONA.O
SONA.O
SORR.OL
SORR.OL
SORR.OL
SORR.OL
SORR.OL
SORR.OL
SORR.OL
SORR.OL
SORR.OL
SORR.OL
SOUi.LM
SOUi.LM
SPA
SPA
SSD
STE
STE
STE
STE
STE
STE
STE
STE
STE
STE
STE
STE
STE
STE
STE
STE
STE
STE
STE
STE
STE
STE
STML.O
STML.O
STML.O
STML.O
STML.O
STML.O
STML.O
STML.O
SUNS.O
SUNS.O
SUNS.O
SUNS.O
SUNS.O
SUNS.O
SUNS.O
SUNS.O
SWEDa.ST
SWX
SWX
SWX
SWX
SWX
SXE
TACT.O
TACT.O
TACT.O
TACT.O
TAEE11.SA
TAEE11.SA
TAEE11.SA
TAEE11.SA
TAEE11.SA
TAEE3.SA
TAEE3.SA
TAEE3.SA
TAEE3.SA
TAEE3.SA
TAEE4.SA
TAEE4.SA
TAEE4.SA
TAEE4.SA
TAEE4.SA
TAST.O
TAST.O
TC.TO
TC.TO
TC.TO
TC.TO
TC.TO
TC.TO
TCON.O
TCON.O
TCON.O
TCON.O
TCON.O
TDW
TDY
TDY
TDY
TDY
TETY.ST
TIRE.IS
TMPI.JK
TRC.SN
TRC.SN
TRC.SN
TRC.SN
TRC.SN
TRC.SN
TSQ
TSQ
TSQ
TTOO.O
TTOO.O
TTOO.O
TXTS.MI
TXTS.MI
TXTS.MI
TXTS.MI
TXTS.MI
TXTS.MI
TXTS.MI
TXTS.MI
TXTS.MI
TXTS.MI
TXTS.MI
TXTS.MI
TXTS.MI
TXTS.MI
TXTS.MI
TXTS.MI
TXTS.MI
TXTS.MI
TXTS.MI
TXTS.MI
UBFO.O
UBFO.O
UBFO.O
UCFC.O
UCFC.O
UCFC.O
UCFC.O
UEIC.O
UHS
UNH
UNH
UNH
USFD.K
USFD.K
USFD.K
USNA.K
USNA.K
USNA.K
USNA.K
UVSP.O
UVSP.O
UVSP.O
UVSP.O
VAL.SN
VAL.SN
VAL.SN
VAL.SN
VAL.SN
VAL.SN
VAL.SN
VAL.SN
VAL.SN
VAL.SN
VAL.SN
VAL.SN
VAL.SN
VAL.SN
VAL.SN
VAL.SN
VAL.SN
VEC
VEC
VEC
VEC
VEC
VEC
VEC
VGR
VGR
VGR
VGR
VGR
VGR
VGR
VGR
VGR
VGR
VGR
VGR
VGR
VGR
VGR
VGR
VGR
VGR
VGR
VIAV.O
VIAV.O
VIAV.O
VIAV.O
VIAV.O
VLO
VLO
VLO
VLO
VLO
VLO
VLO
VLO
VLO
VLO
VLO
VLO
VLP
VLP
VLP
VLP
VLP
VLP
VLP
VLP
VLP
VLP
VLP
VLP
VLP
VLP
VLP
VNOM.O
VNOM.O
VNOM.O
VNOM.O
VNOM.O
VNOM.O
VNOM.O
VNOM.O
VNOM.O
VNOM.O
VNOM.O
VNOM.O
VNOM.O
VNOM.O
VNOM.O
VNOM.O
VNOM.O
VNOM.O
VNR.O
VNR.O
VNR.O
VNR.O
VNR.O
VNR.O
VNR.O
VNR.O
VNR.O
VNR.O
VNR.O
VNR.O
VNR.O
VNR.O
VNR.O
VNR.O
VNR.O
VNR.O
VNR.O
VPG
VPG
VPG
VPG
VRX.TO
VSLR.K
VSLR.K
VSLR.K
VSLR.K
VSLR.K
VSLR.K
VSLR.K
VSLR.K
W
W
W
W
W
W
WDC.O
WLKP.K
WLKP.K
WLKP.K
WPT.TO
WSKT.JK
WSKT.JK
WSKT.JK
WSTL.O
WSTL.O
WTFC.O
WTFC.O
WTFC.O
WTFC.O
WTFC.O
WTFC.O
XDC.TO
XDC.TO
XDC.TO
XDC.TO
XDC.TO
XDC.TO
XDC.TO
XPO
XPO
XPO
XPO
XPO
XPO
YELP.K
ZAYO.K
ZAYO.K
ZAYO.K
ZAYO.K
ZAYO.K
ZAYO.K
ZAYO.K
ZAYO.K
ZBH
ZBH
ZBH
ZETA.ST
ZETA.ST
ZETA.ST
ZETA.ST
ZILGn.DE
ZILGn.DE
ZILGn.DE
ZILGn.DE
