000030.KS
0002.HK
0004.HK
002490.SZ
002491.SZ
002492.SZ
002493.SZ
002494.SZ
002495.SZ
002496.SZ
002498.SZ
002499.SZ
002500.SZ
002501.SZ
002502.SZ
002503.SZ
002504.SZ
002505.SZ
002506.SZ
002507.SZ
002508.SZ
002509.SZ
002510.SZ
002511.SZ
002512.SZ
002513.SZ
002514.SZ
002515.SZ
002516.SZ
002517.SZ
002518.SZ
002519.SZ
002520.SZ
002521.SZ
002522.SZ
002523.SZ
002524.SZ
002526.SZ
002527.SZ
002528.SZ
002529.SZ
002530.SZ
002531.SZ
002532.SZ
002533.SZ
002534.SZ
002535.SZ
002536.SZ
002537.SZ
002538.SZ
002539.SZ
002540.SZ
002541.SZ
002542.SZ
002543.SZ
002544.SZ
002545.SZ
002546.SZ
002547.SZ
002548.SZ
002549.SZ
002550.KS
002550.SZ
002551.SZ
002552.SZ
002553.SZ
002554.SZ
002555.SZ
002556.SZ
002557.SZ
002558.SZ
002559.SZ
002560.SZ
002561.SZ
002562.SZ
002563.SZ
002564.SZ
002565.SZ
002566.SZ
002567.SZ
002568.SZ
002569.SZ
002570.SZ
002571.SZ
002572.SZ
002573.SZ
002574.SZ
002575.SZ
002576.SZ
002577.SZ
002578.SZ
002579.SZ
002580.SZ
002581.SZ
002582.SZ
002583.SZ
002584.SZ
002585.SZ
002586.SZ
002587.SZ
002588.SZ
002589.SZ
002590.SZ
002591.SZ
002592.SZ
002593.SZ
002594.SZ
002595.SZ
002596.SZ
002597.SZ
002598.SZ
002599.SZ
002600.KS
002600.SZ
002601.SZ
002602.SZ
002603.SZ
002604.SZ
002605.SZ
002606.SZ
002607.SZ
002608.SZ
002609.SZ
002610.SZ
002611.SZ
002612.SZ
002613.SZ
002614.SZ
002615.SZ
002616.SZ
002617.SZ
002618.SZ
002619.SZ
002620.KS
002620.SZ
002621.SZ
002622.SZ
002623.SZ
002624.SZ
002625.SZ
002626.SZ
002627.SZ
002628.SZ
002629.SZ
002630.KS
002630.SZ
002631.SZ
002632.SZ
002633.SZ
002634.SZ
002635.SZ
002636.SZ
002637.SZ
002638.SZ
002639.SZ
002640.SZ
002641.SZ
002642.SZ
002643.SZ
002644.SZ
002645.SZ
002646.SZ
002647.SZ
002648.SZ
002649.SZ
002650.SZ
002651.SZ
002652.SZ
002653.SZ
002654.SZ
002655.SZ
002656.SZ
002657.SZ
002658.SZ
002659.SZ
002660.SZ
002661.SZ
002662.SZ
002663.SZ
002664.SZ
002665.SZ
002666.SZ
002667.SZ
002668.SZ
002669.SZ
002670.SZ
002671.SZ
002672.SZ
002673.SZ
002674.SZ
002675.SZ
002676.SZ
002677.SZ
002678.SZ
002679.SZ
002680.KQ
002680.SZ
002681.SZ
002682.SZ
002683.SZ
002684.SZ
002685.SZ
002686.SZ
002687.SZ
002688.SZ
002689.SZ
002690.KS
002690.SZ
002691.SZ
002692.SZ
002693.SZ
002694.SZ
002695.SZ
002696.SZ
002697.SZ
002698.SZ
002699.SZ
002700.KS
002700.SZ
002701.SZ
002702.SZ
002703.SZ
002705.SZ
002706.SZ
002707.SZ
002708.SZ
002709.SZ
002710.KS
002711.SZ
002712.SZ
002713.SZ
002714.SZ
002715.SZ
002716.SZ
002717.SZ
002718.SZ
002719.SZ
002720.KS
002721.SZ
002722.SZ
002723.SZ
002724.SZ
002725.SZ
002726.SZ
002727.SZ
002728.SZ
002729.SZ
002730.SZ
002731.SZ
002732.SZ
002733.SZ
002734.SZ
002735.SZ
002736.SZ
002737.SZ
002738.SZ
002739.SZ
002740.SZ
002741.SZ
002742.SZ
002743.SZ
002745.SZ
002746.SZ
002747.SZ
002748.SZ
002749.SZ
002750.SZ
002751.SZ
002752.SZ
002753.SZ
002755.SZ
002756.SZ
002757.SZ
002758.SZ
002759.SZ
002760.KS
002760.SZ
002761.SZ
002762.SZ
002763.SZ
002765.SZ
002766.SZ
002767.SZ
002768.SZ
002769.SZ
002770.SZ
002771.SZ
002772.SZ
002773.SZ
002775.SZ
002776.SZ
002777.SZ
002778.SZ
002779.SZ
002780.KS
002780.SZ
002781.SZ
002782.SZ
002783.SZ
002785.SZ
002786.SZ
002787.SZ
002788.SZ
002789.SZ
002790.KS
002790.SZ
002791.SZ
002792.SZ
002793.SZ
002795.SZ
002796.SZ
002797.SZ
002799.SZ
002800.SZ
002801.SZ
002802.SZ
002803.SZ
002805.SZ
002806.SZ
002808.SZ
002810.KS
002820.KS
002840.KS
002870.KS
002880.KS
002900.KS
002920.KS
002960.KS
002990.KS
003000.KS
003010.KS
003030.KS
003060.KS
003070.KS
003080.KS
003090.KS
003100.KQ
003120.KS
003160.KS
003200.KS
003220.KS
003230.KS
003240.KS
003280.KS
003300.KS
003310.KQ
003350.KS
003410.KS
003450.KS
003460.KS
003470.KS
003480.KS
003490.KS
003520.KS
003530.KS
003540.KS
003550.KS
003560.KS
003570.KS
003580.KS
003610.KS
003620.KS
003650.KS
003670.KQ
003680.KS
003690.KS
003720.KS
003780.KS
0038.HK
003800.KQ
003830.KS
003850.KS
003920.KS
003960.KS
0040.HK
004000.KS
004020.KS
004060.KS
004080.KS
004090.KS
004100.KS
004130.KS
004140.KS
004150.KS
004170.KS
0042.HK
004200.KS
004250.KS
004270.KS
0043.HK
004310.KS
004360.KS
004370.KS
004380.KS
004410.KS
004430.KS
004440.KS
004450.KS
004490.KS
004540.KS
004560.KS
004590.KQ
004650.KQ
004690.KS
004700.KS
004710.KS
004720.KS
004740.KS
004770.KS
004780.KQ
0048.HK
004800.KS
004830.KS
004840.KS
004870.KS
004890.KS
004910.KS
004920.KS
004960.KS
004970.KS
004980.KS
004990.KS
005010.KS
005030.KS
005070.KS
005090.KS
0051.HK
005110.KS
005160.KQ
005180.KS
005190.KS
005250.KS
005290.KQ
0053.HK
005300.KS
005320.KS
005360.KS
005380.KS
005390.KS
005420.KS
005430.KS
005440.KS
005450.KS
005490.KS
005500.KS
005610.KS
005620.KS
005670.KQ
005680.KS
005690.KS
005710.KQ
005720.KS
005740.KS
005750.KS
005800.KS
005810.KS
005820.KS
005830.KS
005850.KS
005860.KQ
005870.KS
005880.KS
005930.KS
005940.KS
005950.KS
005960.KS
005980.KS
005990.KQ
006040.KS
006050.KQ
006060.KS
006090.KS
006110.KS
006120.KS
006140.KQ
006200.KS
006220.KS
006260.KS
006280.KS
006340.KS
006360.KS
006370.KS
006380.KS
006390.KS
006400.KS
006490.KS
0065.HK
006570.KS
006580.KQ
006650.KS
006660.KS
006730.KQ
006740.KS
006800.KS
006840.KS
006880.KS
006890.KS
006910.KQ
006920.KQ
006980.KS
007070.KS
007110.KS
007120.KS
007160.KS
007190.KS
0072.HK
007210.KS
007280.KS
007310.KS
007330.KQ
007340.KS
007370.KQ
007390.KQ
007460.KS
007530.KQ
007540.KS
007570.KS
007590.KS
007610.KS
007630.KS
007660.KS
007690.KS
007700.KS
007720.KQ
007770.KQ
007810.KS
007820.KQ
007860.KS
007980.KS
008000.KS
008040.KS
008060.KS
008110.KS
008250.KS
008260.KS
008290.KQ
008350.KS
008370.KQ
008420.KS
008470.KQ
008490.KS
008500.KS
008560.KS
008600.KS
008700.KS
008730.KS
008770.KS
008800.KQ
008830.KQ
008870.KS
008930.KS
008970.KS
009070.KS
009140.KS
009150.KS
009160.KS
009180.KS
009190.KS
009200.KS
009240.KS
009270.KS
009290.KS
009300.KQ
009310.KS
009320.KS
0094.HK
009410.KS
009420.KS
009440.KS
009450.KS
009460.KS
009470.KS
009520.KQ
009540.KS
009580.KS
0096.HK
009620.KQ
009680.KS
009730.KQ
009770.KS
009780.KQ
009810.KS
009830.KS
009970.KS
010040.KS
010050.KS
010060.KS
010100.KS
010120.KS
010130.KS
010140.KS
010170.KQ
010240.KQ
010280.KQ
010420.KS
010470.KQ
010580.KS
010600.KS
010620.KS
010640.KS
010660.KS
010690.KS
010770.KS
010780.KS
010820.KS
010950.KS
010960.KS
011000.KS
011040.KQ
011070.KS
011080.KQ
011090.KS
011150.KS
011160.KS
011170.KS
011200.KS
011210.KS
011230.KS
011280.KS
011300.KS
011320.KQ
011330.KS
011370.KQ
011390.KS
011420.KS
011500.KS
011560.KQ
011690.KS
0117.HK
011700.KS
011720.KS
011760.KS
011780.KS
011790.KS
011810.KS
011930.KS
012030.KS
012160.KS
012170.KS
012200.KS
012280.KS
012320.KS
012330.KS
012340.KQ
0124.HK
012450.KS
012510.KS
012600.KS
012610.KS
012620.KQ
012630.KS
012690.KS
012700.KQ
012750.KS
012790.KQ
012800.KS
012860.KQ
013000.KS
013030.KQ
013120.KQ
013310.KQ
013360.KS
013520.KS
013570.KS
013580.KS
013700.KS
013720.KQ
013810.KQ
013870.KS
013990.KQ
014100.KQ
014130.KS
014160.KS
014190.KQ
014200.KQ
014280.KS
014440.KS
014470.KQ
014530.KS
014570.KQ
014580.KS
014620.KQ
014680.KS
014710.KS
014790.KS
014820.KS
014830.KS
014910.KS
014940.KQ
014970.KQ
014990.KS
015020.KS
0151.HK
015230.KS
015260.KS
015350.KS
015360.KS
015540.KS
015590.KS
015710.KQ
015750.KQ
015760.KS
015860.KS
015890.KS
016090.KS
0161.HK
016100.KQ
016170.KQ
016250.KQ
016360.KS
016380.KS
016450.KS
016580.KS
016590.KS
016600.KQ
016610.KS
016670.KQ
0167.HK
016710.KS
016740.KS
0168.HK
016800.KS
016880.KS
016920.KQ
017000.KQ
017040.KS
017180.KS
017250.KQ
017370.KS
017390.KS
017480.KQ
017510.KQ
017550.KS
017650.KQ
017670.KS
017680.KQ
0177.HK
017800.KS
017810.KS
017890.KQ
017900.KS
017940.KS
017960.KS
018000.KQ
018120.KQ
018260.KS
018290.KQ
0183.HK
018310.KQ
018470.KS
018500.KS
018620.KQ
018670.KS
018680.KQ
0187.HK
018700.KQ
018880.KS
019010.KQ
019170.KS
019180.KS
019210.KQ
019440.KS
019490.KS
0195.HK
019540.KQ
019550.KQ
019570.KQ
019590.KQ
0196.HK
019660.KQ
019680.KS
019770.KQ
019990.KQ
020000.KS
020120.KS
020150.KS
020180.KQ
020400.KQ
020560.KS
0206.HK
020710.KQ
020760.KS
021040.KQ
021050.KS
021080.KQ
021240.KS
021320.KQ
021650.KQ
021820.KS
021880.KQ
021960.KS
022100.KQ
022220.KQ
023000.KS
023150.KS
023160.KQ
023350.KS
023410.KQ
023430.KQ
023440.KQ
023450.KS
023460.KQ
023530.KS
023530q.L
023590.KS
023600.KQ
023760.KQ
023770.KQ
023790.KQ
023800.KS
023810.KS
023890.KQ
023900.KQ
023910.KQ
023960.KS
024060.KQ
024070.KS
024090.KS
024110.KS
024120.KQ
0246.HK
024660.KQ
024720.KS
024740.KQ
024800.KQ
024810.KQ
024830.KQ
024840.KQ
024850.KQ
024880.KQ
024890.KS
024900.KS
024910.KQ
024940.KQ
024950.KQ
025000.KS
025270.KQ
025320.KQ
025440.KQ
025530.KS
025540.KS
025550.KQ
025560.KS
025620.KS
025750.KS
025770.KQ
025820.KS
025860.KS
025870.KQ
025880.KQ
025890.KS
025900.KQ
025950.KQ
025980.KQ
026040.KQ
026150.KQ
026180.KQ
026260.KQ
0268.HK
026890.KS
026910.KQ
026940.KS
026960.KS
027040.KQ
027050.KQ
0272.HK
027390.KS
027410.KS
027580.KQ
027710.KQ
027740.KS
027830.KQ
027970.KS
028040.KQ
028050.KS
028080.KQ
028100.KS
028150.KQ
028260.KS
02826K.KS
028300.KQ
0286.HK
028670.KS
0291.HK
029460.KS
029480.KQ
029530.KS
0297.HK
029780.KS
029960.KQ
0300.HK
030000.KS
030190.KQ
030200.KS
030210.KS
030270.KQ
030350.KQ
030520.KQ
030530.KQ
030610.KS
030720.KS
030790.KS
030960.KQ
031310.KQ
031330.KQ
031390.KQ
031430.KS
031440.KS
031510.KQ
0317.HK
031820.KS
031860.KQ
031980.KQ
032040.KQ
032080.KQ
032190.KQ
0322.HK
032280.KQ
0323.HK
032350.KS
032500.KQ
032540.KQ
032560.KS
032580.KQ
032620.KQ
032640.KS
032680.KQ
032750.KQ
032790.KQ
032800.KQ
032820.KQ
032830.KS
032850.KQ
032860.KQ
032940.KQ
032960.KQ
032980.KQ
0330.HK
033050.KQ
033100.KQ
033110.KQ
033130.KQ
033160.KQ
033170.KQ
033180.KS
033200.KQ
033230.KQ
033240.KS
033250.KS
033270.KS
033290.KQ
033310.KQ
033320.KQ
033340.KQ
033430.KQ
033500.KQ
033530.KS
033540.KQ
033560.KQ
033600.KQ
033640.KQ
033660.KS
033780.KS
033790.KQ
0338.HK
033830.KQ
033920.KS
034020.KS
034120.KS
0342.HK
034220.KS
034230.KQ
034300.KS
034310.KS
034590.KS
0347.HK
034730.KS
03473K.KS
034810.KQ
034830.KS
034940.KQ
034950.KQ
035000.KS
035080.KQ
035150.KS
035200.KQ
035250.KS
035290.KQ
0354.HK
035420.KS
035460.KQ
035480.KQ
035510.KS
035600.KQ
035610.KQ
035620.KQ
035720.KQ
035760.KQ
035810.KQ
035890.KQ
035900.KQ
036000.KQ
036010.KQ
036030.KQ
036090.KQ
036120.KQ
036170.KQ
036180.KQ
036190.KQ
036200.KQ
036260.KQ
0363.HK
036420.KQ
036460.KS
036480.KQ
036490.KQ
036500.KQ
036530.KS
036540.KQ
036560.KQ
036570.KS
036580.KS
036620.KQ
036630.KQ
036640.KQ
036670.KQ
036690.KQ
036710.KQ
036800.KQ
036810.KQ
036830.KQ
036890.KQ
036930.KQ
0370.HK
037070.KQ
037230.KQ
037270.KS
037330.KQ
037340.KQ
037350.KQ
037370.KQ
037400.KQ
037440.KQ
037460.KQ
037560.KS
037620.KS
037710.KS
037760.KQ
037950.KQ
038010.KQ
038060.KQ
038070.KQ
038110.KQ
038160.KQ
038290.KQ
038340.KQ
038390.KQ
038460.KQ
038500.KQ
038530.KQ
038540.KQ
0386.HK
038620.KQ
038680.KQ
0388.HK
038870.KQ
038880.KQ
038950.KQ
039010.KQ
039020.KQ
039030.KQ
039130.KS
039200.KQ
039230.KQ
039240.KQ
039290.KQ
039310.KQ
039340.KQ
039420.KQ
039440.KQ
039490.KS
0395.HK
039560.KQ
039570.KS
039610.KQ
039670.KQ
0397.HK
039740.KQ
039790.KQ
039830.KQ
039840.KQ
039860.KQ
039980.KQ
0400.HK
0401.HK
040160.KQ
040300.KQ
040350.KQ
040420.KQ
040610.KQ
040910.KQ
0410.HK
041020.KQ
041140.KQ
041190.KQ
041440.KQ
041460.KQ
041510.KQ
041520.KQ
041590.KQ
041650.KS
041830.KQ
041910.KQ
041920.KQ
041930.KQ
041960.KQ
042040.KQ
042110.KQ
0422.HK
042370.KQ
042420.KQ
042500.KQ
042510.KQ
042520.KQ
0426.HK
042600.KQ
042660.KS
042670.KS
042700.KS
0428.HK
042940.KQ
043090.KQ
043100.KQ
043150.KQ
0432.HK
043200.KQ
043220.KQ
043260.KQ
043290.KQ
043340.KQ
043360.KQ
043370.KQ
0434.HK
043580.KQ
043590.KQ
0436.HK
043610.KQ
043650.KQ
043710.KQ
043910.KQ
044060.KQ
044180.KQ
044340.KQ
044380.KS
0444.HK
044450.KS
044480.KQ
044490.KQ
0445.HK
044780.KQ
044820.KS
044960.KQ
045060.KQ
045100.KQ
045300.KQ
045340.KQ
045390.KQ
045510.KQ
045520.KQ
045660.KQ
045890.KQ
0459.HK
045970.KQ
0460.HK
046070.KQ
046110.KQ
046120.KQ
046140.KQ
046210.KQ
046310.KQ
046390.KQ
046440.KQ
046890.KQ
046940.KQ
046970.KQ
047040.KS
047050.KS
047080.KQ
0471.HK
047310.KQ
0474.HK
047400.KS
047440.KQ
047560.KQ
047770.KQ
047810.KS
047820.KQ
047920.KQ
048260.KQ
048410.KQ
048430.KQ
048470.KQ
048530.KQ
048550.KQ
0486.HK
048770.KQ
048830.KQ
048870.KQ
048910.KQ
049070.KQ
049080.KQ
049120.KQ
049180.KQ
0493.HK
049430.KQ
049470.KQ
049480.KQ
049520.KQ
049550.KQ
049630.KQ
049720.KQ
049770.KS
049800.KS
049830.KQ
049950.KQ
049960.KQ
050090.KQ
050110.KQ
050120.KQ
050320.KQ
050540.KQ
050760.KQ
050860.KQ
050890.KQ
0509.HK
0510.HK
051160.KQ
051170.KQ
051360.KQ
051370.KQ
051380.KQ
051390.KQ
051490.KQ
051500.KQ
051600.KS
051630.KS
051780.KQ
051900.KS
051910.KS
051980.KQ
052020.KQ
052190.KQ
0522.HK
052220.KQ
052260.KQ
052270.KQ
052290.KQ
052300.KQ
052330.KQ
052400.KQ
052420.KQ
052460.KQ
052600.KQ
052670.KQ
052690.KS
052710.KQ
052770.KQ
052790.KQ
052860.KQ
052900.KQ
053030.KQ
053050.KQ
053060.KQ
053110.KQ
053160.KQ
053210.KS
053260.KQ
053270.KQ
053280.KQ
053290.KQ
053300.KQ
053350.KQ
053450.KQ
0535.HK
053590.KQ
053610.KQ
053620.KQ
053660.KQ
053690.KS
053700.KQ
0538.HK
053800.KQ
053810.KQ
0538q.L
053950.KQ
053980.KQ
054040.KQ
054050.KQ
054090.KQ
054180.KQ
054210.KQ
054220.KQ
054300.KQ
054340.KQ
054410.KQ
054450.KQ
054540.KQ
0546.HK
054620.KQ
054630.KQ
054670.KQ
054780.KQ
0548.HK
054800.KQ
054920.KQ
054930.KQ
054940.KQ
054950.KQ
0550.HK
0551.HK
0553.HK
055550.KS
0557.HK
056000.KQ
056080.KQ
056090.KQ
056190.KQ
056360.KQ
0564.HK
056700.KQ
056730.KQ
0568.HK
057030.KQ
057050.KS
057500.KQ
057540.KQ
0576.HK
057680.KQ
057880.KQ
058110.KQ
058220.KQ
058370.KQ
058400.KQ
058420.KQ
058430.KS
058450.KQ
058470.KQ
058530.KQ
058610.KQ
058630.KQ
058650.KS
058730.KS
0588.HK
058820.KQ
058850.KS
058860.KS
059090.KQ
059100.KQ
059120.KQ
059210.KQ
0593q.L
0593xq.L
0596.HK
0600.HK
060150.KQ
060230.KQ
060240.KQ
060250.KQ
060260.KQ
060280.KQ
060300.KQ
060310.KQ
060370.KQ
060380.KQ
060480.KQ
060540.KQ
060560.KQ
060570.KQ
060590.KQ
0606.HK
060720.KQ
060900.KQ
060910.KQ
060980.KS
061040.KQ
061250.KQ
061460.KQ
061970.KQ
062860.KQ
063080.KQ
063160.KS
063170.KQ
063440.KQ
063570.KQ
064090.KQ
064240.KQ
064260.KQ
064290.KQ
064350.KS
064480.KQ
064520.KQ
064550.KQ
064760.KQ
064800.KQ
064820.KQ
064960.KS
065060.KQ
065130.KQ
065150.KQ
065160.KQ
065170.KQ
065350.KQ
065420.KQ
065440.KQ
065450.KQ
065500.KQ
065510.KQ
065530.KQ
065560.KQ
065570.KQ
065620.KQ
065650.KQ
065660.KQ
065680.KQ
065690.KQ
065710.KQ
065770.KQ
065940.KQ
065950.KQ
066110.KQ
066130.KQ
066270.KQ
066310.KQ
066410.KQ
066430.KQ
066570.KS
066590.KQ
066620.KQ
066670.KQ
066700.KQ
066790.KQ
066900.KQ
066910.KQ
066970.KQ
066980.KQ
067000.KQ
067010.KQ
067080.KQ
067160.KQ
067170.KQ
0672.HK
067280.KQ
067290.KQ
067310.KQ
067390.KQ
067570.KQ
067630.KQ
067730.KQ
067770.KQ
0678.HK
067830.KS
067900.KQ
067920.KQ
067990.KQ
0680.HK
068050.KQ
068150.KQ
068240.KQ
068270.KQ
068290.KS
068330.KQ
068400.KS
0685.HK
068760.KQ
068790.KQ
068870.KS
068930.KQ
068940.KQ
069080.KQ
069110.KQ
069140.KQ
069260.KS
069330.KQ
069410.KQ
069460.KS
069510.KQ
069540.KQ
069620.KS
069640.KS
069730.KS
0699.HK
069920.KQ
069960.KS
06N.WA
0700.HK
070300.KQ
0705.HK
070590.KQ
0709.HK
070960.KS
071050.KS
071090.KS
0712.HK
071200.KQ
071280.KQ
071320.KS
071460.KQ
071670.KQ
0717.HK
0718.HK
071840.KS
071850.KQ
0719.HK
071950.KS
071970.KS
072020.KQ
072130.KS
072470.KQ
072520.KQ
0727.HK
072710.KS
072770.KQ
0728.HK
072870.KQ
072950.KQ
073010.KQ
073070.KQ
073110.KQ
073190.KQ
0732.HK
073240.KS
073490.KQ
073540.KQ
073560.KQ
073570.KQ
073640.KQ
074150.KQ
0743.HK
074430.KQ
074600.KQ
074610.KS
075130.KQ
075180.KS
075580.KS
0757.HK
0759.HK
075970.KQ
076080.KQ
0762.HK
0764.HK
076610.KQ
0771.HK
077280.KQ
077360.KQ
0775.HK
077500.KS
0776.HK
0777.HK
077970.KS
078000.KS
078020.KQ
078070.KQ
078130.KQ
078140.KQ
078150.KQ
078160.KQ
078340.KQ
078350.KQ
078520.KS
078590.KQ
078600.KQ
078650.KQ
078860.KQ
078890.KQ
0789.HK
078930.KS
078940.KQ
079000.KQ
079160.KS
079170.KQ
079190.KQ
079370.KQ
079430.KS
079550.KS
079650.KQ
079660.KS
0798.HK
079810.KQ
0799.HK
079940.KQ
079950.KQ
079960.KQ
079970.KQ
079980.KS
080000.KQ
080010.KQ
0801.HK
080160.KQ
080220.KQ
0803.HK
080420.KQ
080440.KQ
080470.KQ
080520.KQ
080530.KQ
080580.KQ
081000.KS
081150.KQ
0814.HK
081580.KQ
081660.KS
0817.HK
081970.KQ
0821.HK
082210.KQ
082270.KQ
0826.HK
082640.KS
082660.KQ
0827.HK
082740.KS
0828.HK
082800.KQ
082850.KQ
082920.KQ
0830.HK
0831.HK
083310.KQ
083350.KS
083360.KS
083370.KS
083380.KS
083390.KS
0834.HK
083420.KS
083450.KQ
083470.KQ
083550.KQ
083570.KS
083580.KS
083590.KS
083600.KS
083610.KS
083620.KS
083640.KQ
083650.KQ
083660.KQ
083790.KQ
0839.HK
083930.KQ
0840.HK
084010.KS
084110.KQ
084180.KQ
084370.KQ
0845.HK
084650.KQ
084670.KS
084680.KS
084690.KS
084730.KQ
0848.HK
084870.KS
084990.KQ
0853.HK
085310.KS
085370.KQ
085620.KS
085660.KQ
085670.KQ
0857.HK
085810.KQ
085910.KQ
086040.KQ
086060.KQ
0861.HK
086250.KQ
086280.KS
0863.HK
086390.KQ
0864.HK
086450.KQ
0865.HK
086520.KQ
086670.KQ
086790.KS
086830.KQ
086890.KQ
086900.KQ
086960.KQ
086980.KQ
087010.KQ
0872.HK
087220.KQ
0874.HK
087600.KQ
087730.KQ
0881.HK
088130.KQ
088290.KQ
0883.HK
088350.KS
088390.KQ
088790.KS
088800.KQ
088910.KQ
088980.KS
089010.KQ
089030.KQ
089140.KQ
089150.KQ
089230.KQ
0893.HK
089470.KS
0895.HK
089530.KQ
089590.KS
089600.KQ
089790.KQ
089850.KQ
089890.KQ
089980.KQ
08N.WA
0900.HK
090080.KS
090150.KQ
0902.HK
090350.KS
090360.KQ
090370.KS
090410.KQ
090430.KS
090460.KQ
090470.KQ
090710.KQ
090730.KQ
090740.KQ
090850.KQ
090970.KS
090980.KS
090990.KS
091000.KS
091090.KS
091120.KQ
091340.KQ
091440.KQ
0915.HK
091580.KQ
091590.KQ
0916.HK
091700.KQ
091970.KQ
092040.KQ
092070.KQ
0921.HK
092130.KQ
092200.KS
092220.KS
092230.KS
092300.KQ
092440.KS
092460.KQ
092600.KQ
092730.KQ
092870.KQ
093050.KS
093190.KQ
0932.HK
093230.KS
093240.KS
093320.KQ
093370.KS
093380.KQ
093520.KQ
093640.KQ
0938.HK
0939.HK
093920.KQ
0940.HK
094170.KQ
094190.KQ
094280.KS
094360.KQ
094480.KQ
0948.HK
094820.KQ
094840.KQ
094850.KQ
094860.KQ
094940.KQ
094970.KQ
0950.HK
0951.HK
095190.KQ
095270.KQ
0953.HK
095300.KQ
095340.KQ
0954.HK
095500.KQ
095570.KS
0956.HK
095610.KQ
095660.KQ
095700.KQ
095720.KS
095910.KQ
096040.KQ
096240.KQ
0963.HK
096350.KQ
096530.KQ
096610.KQ
096630.KQ
096640.KQ
096690.KQ
0967.HK
096760.KS
096770.KS
096870.KQ
097230.KS
0973.HK
0975.HK
097520.KQ
097780.KQ
097800.KQ
097870.KQ
097950.KS
0981.HK
098120.KQ
098460.KQ
098660.KQ
0987.HK
0990.HK
099190.KQ
0992.HK
099220.KQ
099320.KQ
099410.KQ
099440.KQ
099520.KQ
099660.KQ
0998.HK
099830.KQ
0S8.BB
0SP.BB
100030.KQ
100090.KQ
100120.KQ
100130.KQ
100220.KS
100250.KS
100660.KQ
100700.KQ
1008.HK
100840.KS
1009.HK
101000.KQ
101060.KS
101140.KS
101160.KQ
101170.KQ
101240.KQ
101330.KQ
101390.KQ
101400.KQ
101490.KQ
101530.KS
101670.KQ
101680.KQ
101730.KQ
101930.KQ
102120.KQ
102210.KQ
102260.KS
102280.KS
102460.KS
1026.HK
102710.KQ
1028.HK
102940.KQ
103130.KS
103140.KS
103230.KQ
103590.KS
104040.KQ
104110.KS
104120.KS
104200.KQ
104460.KQ
104480.KQ
104540.KQ
104700.KS
104830.KQ
1050.HK
1051.HK
1053.HK
105330.KQ
1055.HK
105550.KQ
105560.KS
105630.KS
1057.HK
105740.KQ
105840.KS
106080.KQ
1061.HK
106190.KQ
106240.KQ
1063.HK
1065.HK
106520.KQ
1066.HK
1068.HK
1069.HK
1070.HK
1072.HK
1073.HK
1075.HK
107590.KS
1079.HK
108230.KQ
1083.HK
108320.KQ
108380.KQ
1085.HK
1086.HK
108670.KS
108790.KQ
1088.HK
108860.KQ
109070.KS
109080.KQ
1093.HK
109610.KQ
1097.HK
109740.KQ
109820.KQ
109860.KQ
109960.KQ
1101.HK
1101.TW
1102.HK
1102.TW
1102q.L
1103.HK
1103.TW
1104.TW
110570.KS
1106.HK
1108.HK
1108.TW
1109.TW
1110.TW
111770.KS
111820.KQ
111870.KQ
112040.KQ
1121.HK
112240.KQ
112610.KS
1138.HK
113810.KQ
114090.KS
114120.KQ
114190.KQ
114450.KQ
1145.HK
114570.KQ
114630.KQ
114810.KQ
115160.KQ
115180.KQ
1152.HK
115310.KQ
115390.KS
115440.KQ
115450.KQ
115480.KQ
115500.KQ
115530.KQ
115570.KQ
115610.KQ
1157.HK
115960.KQ
1164.HK
1172.HK
1174.HK
1175.HK
117580.KS
117670.KQ
1177.HK
117930.KS
118000.KS
1186.HK
1189.HK
119500.KQ
119610.KQ
119650.KS
119830.KQ
119850.KQ
119860.KQ
1199.HK
11B.WA
120030.KS
1201.TW
120110.KS
120240.KQ
1203.TW
1210.HK
1210.TW
1211.HK
1213.TW
121440.KQ
1215.TW
1216.TW
121600.KQ
1217.TW
1218.TW
121800.KQ
121850.KQ
121890.KQ
1219.TW
1220.TW
122350.KQ
122450.KQ
1225.TW
122640.KQ
122690.KQ
1227.TW
122800.KQ
122870.KQ
1229.TW
122900.KS
122990.KQ
123010.KQ
123040.KQ
1231.TW
123100.KQ
1232.TW
123260.KQ
1233.TW
123330.KQ
1234.TW
123410.KQ
123420.KQ
1235.TW
123570.KQ
1236.HK
1236.TW
123690.KS
123700.KS
123750.KQ
123840.KQ
123860.KQ
123890.KS
124500.KQ
1249.HK
1256.TW
1258.TWO
1259.TWO
1262.TW
1264.TWO
1265.HK
126560.KS
1266.HK
126600.KQ
126640.KQ
126700.KQ
126870.KQ
126880.KQ
127120.KQ
127160.KQ
127710.KQ
1278.HK
1285.HK
128660.KQ
1288.HK
128820.KS
128940.KS
1292.HK
129260.KS
1293.HK
1298.HK
1301.T
1301.TW
1302.HK
1303.TW
1304.TW
1305.TW
130500.KQ
130580.KQ
130660.KS
1307.TW
130740.KQ
1308.HK
1308.TW
1309.TW
130960.KQ
1310.HK
1310.TW
131030.KQ
131090.KQ
131100.KQ
131180.KQ
1312.TW
131220.KQ
131290.KQ
1313.HK
1313.TW
131370.KQ
131390.KQ
1314.HK
1314.TW
131400.KQ
1315.HK
1316.TW
1317.HK
131760.KQ
1319.HK
1319.TW
131970.KQ
1321.TW
1322.HK
1323.HK
1323.TW
1324.TW
1325.TW
1326.HK
1326.TW
1328.HK
1332.T
1333.T
1333.TWO
1336.TWO
1337.TW
133750.KQ
1338.TW
133820.KS
1339.TW
1340.HK
1340.TW
134060.KQ
134380.KS
134580.KQ
1347.HK
134780.KQ
134790.KS
1349.HK
1352.T
1355.HK
1361.HK
1363.HK
136480.KQ
136490.KS
1365.HK
136510.KQ
136540.KQ
1371.HK
137400.KQ
1376.T
1377.T
1378.HK
1379.T
137940.KQ
137950.KQ
1380.HK
1380.T
138040.KS
138070.KQ
138080.KQ
1381.T
1382.HK
1382.T
138250.KS
1383.HK
1383.T
138360.KQ
1384.T
138490.KS
1385.HK
1386.HK
138610.KQ
138690.KQ
1387.HK
1389.HK
138930.KS
139050.KQ
139130.KS
139200.KS
1393.HK
139480.KS
139670.KQ
1398.HK
1400.T
1401.T
1402.TW
1402q.L
140410.KQ
140520.KQ
1407.T
1408.T
140860.KQ
140890.KS
1409.TW
140910.KS
1410.TW
141000.KQ
141020.KQ
141070.KQ
141080.KQ
1413.NG
1413.TW
1414.T
1414.TW
1415.HK
1416.TW
1417.T
1417.TW
1418.T
1418.TW
1419.T
1419.TW
1420.T
142210.KQ
142280.KQ
1423.TW
142760.KQ
1429.T
1430.HK
1430.T
1431.FU
143160.KQ
1432.T
1432.TW
143240.KQ
1433.T
1434.T
1434.TW
1435.T
1435.TW
143540.KQ
1436.T
1436.TW
1437.TW
1438.TW
1439.TW
1440.TW
1441.TW
1442.TW
1443.HK
1443.TW
1444.TW
1445.TW
144510.KQ
1446.TW
144620.KS
1447.HK
1447.TW
1449.TW
145020.KQ
1451.TW
1452.TW
145210.KS
145270.KS
1453.TW
1454.TW
1455.TW
1456.TW
1457.TW
1459.TW
145990.KS
1460.TW
1463.TW
1464.TW
1465.TW
1466.TW
1467.TW
1468.HK
1468.TW
1469.TW
1470.TW
1471.TW
1472.TW
1473.TW
1474.TW
1475.TW
1476.HK
1476.TW
1477.TW
147830.KQ
148250.KQ
1483.HK
1486.HK
1491.T
149940.KQ
149950.KQ
149980.KQ
1503.TW
1504.TW
1504q.L
1506.TW
1507.TW
150840.KQ
150900.KQ
1512.TW
1513.HK
1513.TW
1514.T
1514.TW
1515.T
1515.TW
1516.TW
1517.TW
1518.T
151860.KQ
1519.TW
151910.KQ
1520.HK
1521.TW
1522.HK
1522.TW
152330.KS
1524.TW
1525.TW
1526.TW
1527.HK
1527.TW
1528.TW
1529.TW
1530.HK
1530.TW
1531.TW
1532.HK
1532.TW
1533.HK
1533.TW
153360.KS
153460.KQ
153490.KQ
1535.TW
1536.TW
1537.TW
1538.HK
1538.TW
1539.TW
1540.TW
154040.KQ
1541.TW
155650.KQ
155660.KS
1558.TW
155900.KS
155960.KQ
1560.TW
1563.TWO
1565.TWO
1566.TWO
1568.TW
1569.TWO
1570.HK
1570.TWO
1578.HK
1580.TWO
1582.TW
1583.TW
158310.KQ
1584.TWO
1585.TWO
1586.TWO
1589.TW
1590.TW
1591.TWO
1592.TW
1593.TWO
1594.TWO
1595.TWO
159580.KQ
159650.KS
1597.TWO
1598.TWO
1599.TWO
159910.KQ
1603.TW
1604.TW
1605.T
1605.TW
160550.KQ
1606.T
160600.KQ
1608.TW
1609.TW
160980.KQ
161000.KS
1612.TW
1613.TW
161390.KS
1614.TW
1615.TW
161570.KQ
1616.TW
1617.TW
1618.HK
1618.TW
161890.KS
1623.HK
1626.TW
163560.KS
1636.HK
1639.HK
1662.T
1663.HK
1663.T
166480.KQ
1666.HK
1673.HK
1680.HK
168330.KQ
1699.HK
170030.KQ
1701.TW
1702.TW
1704.TW
1707.TW
170790.KQ
1708.HK
1708.TW
1709.TW
170900.KS
170920.KQ
1710.TW
171010.KQ
1711.T
1711.TW
171120.KQ
1712.T
1712.TW
1713.TW
1714.TW
1715.TW
1716.T
1717.HK
1717.T
1717.TW
1718.T
1718.TW
1719.T
1720.T
1720.TW
1721.T
1721.TW
1722.T
1722.TW
1723.T
1723.TW
1724.T
1724.TW
1725.TW
172580.KS
1726.T
1726.TW
1727.TW
1728.T
1729.TW
1730.T
1730.TW
1731.TW
1732.TW
1733.TW
1734.SP
1734.TW
1735.TW
1736.T
1736.TW
1737.T
1737.TW
1738.NG
1739.T
173940.KQ
1742.TWO
1743.T
174880.KQ
175140.KQ
1752.TWO
175330.KS
1757.T
1758.T
1760.TWO
1762.T
1762.TW
1764.T
1766.HK
1766.T
1768.T
1770.T
1771.FU
1771.HK
1773.TW
177350.KQ
1775.T
1776.T
1776.TW
1777.NG
1777.TWO
177830.KQ
1780.T
1781.TWO
1782.T
1783.T
1783.TW
1784.TWO
1785.TWO
1786.TW
1787.T
1787.TWO
178780.KQ
1788.T
1788.TWO
1789.T
1789.TW
178920.KQ
1795.T
1795.TWO
1798.T
1799.T
1799.TWO
1801.T
1802.T
1802.TW
1803.T
180400.KQ
1805.T
1805.TW
1806.TW
180640.KS
1807.T
1808.T
1808.TW
1809.TW
1810.T
1810.TW
1811.T
1812.HK
1812.T
1813.T
1813.TWO
1814.T
1815.T
1815.TWO
1817.TW
181710.KS
1820.T
1821.T
1822.HK
1822.T
182360.KQ
1824.T
182400.KQ
1826.T
182690.KQ
1827.T
1828.T
1830.HK
183190.KS
1832.SP
1833.HK
1833.T
1835.T
1836.HK
1838.HK
1840.T
1841.T
184230.KQ
1844.T
1846.T
1847.T
1848.T
1850.T
1852.T
1853.T
185490.KQ
185750.KS
1858.HK
1860.T
1863.HK
1865.T
1866.HK
1866.T
1867.T
1868.T
1869.NG
1870.T
1871.T
187220.KQ
187270.KQ
1873.T
187420.KQ
187790.KQ
1878.T
1879.T
1881.T
1882.T
1883.T
1884.T
1885.T
1886.HK
1888.T
1889.HK
1890.T
1892.NG
1893.T
1896.T
189690.KQ
1897.T
1898.T
189860.KQ
1899.T
189980.KQ
1902.TW
1903.TW
1904.T
1904.TW
1905.T
1905.TW
190510.KQ
1906.T
1906.TW
1907.TW
1908.HK
1909.T
1909.TW
1911.T
1914.T
191410.KQ
191420.KQ
1916.T
1918.HK
1919.T
192080.KQ
1921.T
192250.KQ
192390.KQ
1924.T
192400.KS
192410.KQ
192440.KQ
1925.T
192530.KS
1926.T
1928.HK
1928.T
192820.KS
1929.T
1930.T
1931.T
193250.KQ
1933.T
1934.T
1935.T
1936.NG
1937.T
1938.HK
1938.T
1939.T
1941.T
1942.T
194370.KS
1944.T
194480.KQ
1945.T
194510.KQ
1946.T
194610.KQ
1948.T
1949.T
1950.T
1951.T
1952.T
1954.T
1956.T
195870.KS
1959.T
195990.KQ
1960.T
1961.T
196170.KQ
1963.HK
1963.T
1964.T
196450.KQ
196490.KQ
1965.T
1966.HK
1966.T
1967.T
196700.KQ
1968.T
1969.T
1971.T
1972.T
197210.KQ
1973.T
1975.T
1988.HK
1998.HK
2008.HK
2010.HK
2016.HK
2023.HK
2033.HK
2038.HK
2086.HK
2186.HK
2198.HK
2208.HK
2218.HK
2255.HK
2277.HK
2280.HK
2308.HK
2330.HK
2366.HK
2383.HK
2488.HK
2601.HK
2608.HK
2638.HK
2689.HK
2721.TWO
2722.HK
2741.TWO
2886.HK
2897.TWO
3039.T
3117.TWO
3300.HK
3307.TWO
3308.HK
3308.T
3313.HK
3323.HK
3344.HK
3357.TWO
3360.HK
3366.HK
3377.HK
3389.HK
3566.TWO
3592.TWO
3603.TWO
3610.T
3628.HK
3633.HK
3644.TWO
3668.HK
3678.TWO
3773.HK
3808.HK
3868.HK
3883.HK
3886.HK
3889.HK
3899.HK
3983.HK
4132.TWO
4155.TWO
4177.TWO
4734.TWO
4949.TWO
4969.TWO
5233.TWO
5244.TWO
5256.TWO
5286.TWO
5346q.L
5346yq.L
5863.TWO
6030.HK
6138.HK
6166.HK
6272.TWO
6401.TWO
6425.TWO
6438.TWO
6441.TWO
6472.TWO
6828.HK
6868.HK
6878.HK
6881.HK
6899.HK
7920.T
7922.T
7923.T
7925.T
7927.T
7931.NG
7932.T
7937.T
7938.T
7939.T
7942.T
7943.T
7945.T
7946.T
7947.T
7949.T
7950.NG
7951.T
7952.T
7953.T
7955.T
7956.T
7958.T
7959.NG
7961.T
7962.T
7963.T
7965.T
7966.T
7968.T
7970.T
7971.T
7972.T
7976.T
7979.T
7981.T
7983.T
7984.T
7985.T
7986.T
7987.T
7988.T
7989.T
7990.T
7991.T
7992.T
7994.T
7995.T
7997.T
7999.T
8001.HK
8001.T
8002.T
8003.HK
8005.HK
8005.T
8006.HK
8006.T
8007.HK
8007.T
8008.HK
8011.HK
8011.T
8011.TW
8012.HK
8012.T
8013.T
8014.T
8015.T
8016.HK
8016.T
8016.TW
8017.HK
8018.HK
8018.T
8019.HK
8020.HK
8020.T
8021.HK
8022.HK
8022.T
8023.T
8024.TWO
8025.HK
8025.T
8026.HK
8027.TWO
8028.HK
8028.T
8029.T
8030.HK
8030.T
8031.T
8032.HK
8032.T
8032.TWO
8033.HK
8033.TW
8034.TWO
8035.T
8036.T
8037.HK
8037.T
8038.HK
8038.T
8038.TWO
8039.T
8039.TW
8040.T
8040.TWO
8041.HK
8041.T
8042.TWO
8043.T
8043.TWO
8044.TWO
8045.HK
8045.T
8046.TW
8047.HK
8048.HK
8048.TWO
8049.HK
8049.TWO
8050.HK
8050.T
8050.TWO
8051.HK
8051.T
8052.T
8053.HK
8053.T
8054.TWO
8055.HK
8056.HK
8056.T
8057.HK
8057.T
8058.HK
8058.T
8059.HK
8059.T
8059.TWO
8060.T
8061.HK
8061.T
8065.T
8065.TWO
8066.HK
8066.T
8066.TWO
8067.HK
8067.TWO
8068.T
8068.TWO
8069.TWO
8070.HK
8070.T
8070.TW
8071.HK
8071.NG
8071.TWO
8072.HK
8072.T
8074.T
8074.TWO
8075.HK
8075.T
8076.HK
8076.NG
8076.TWO
8077.T
8077.TWO
8078.HK
8078.T
8079.T
8079.TWO
8080.TWO
8081.HK
8081.T
8081.TW
8082.HK
8082.TWO
8083.HK
8083.TWO
8084.T
8084.TWO
8085.HK
8085.T
8085.TWO
8086.HK
8086.T
8087.HK
8087.T
8087.TWO
8088.HK
8088.T
8088.TWO
8089.HK
8090.HK
8090.T
8091.T
8091.TWO
8092.HK
8092.TWO
8093.HK
8093.T
8093.TWO
8095.HK
8095.T
8096.HK
8096.T
8096.TWO
8097.HK
8097.T
8097.TWO
8098.HK
8098.T
8099.HK
8099.TWO
8100.HK
8101.HK
8101.TW
8103.HK
8103.T
8103.TW
8104.SP
8105.HK
8105.T
8105.TW
8106.HK
8107.T
8107.TWO
8109.HK
8109.TWO
8111.HK
8111.T
8111.TWO
8112.HK
8112.TW
8113.HK
8113.T
8114.T
8114.TW
8115.HK
8115.T
8116.HK
8117.HK
8117.T
8118.T
8119.T
8120.HK
8121.HK
8121.TWO
8122.HK
8122.TWO
8123.HK
8123.T
8125.HK
8125.T
8126.HK
8128.HK
8129.HK
8130.HK
8130.T
8131.HK
8131.T
8131.TW
8132.HK
8132.T
8133.HK
8133.T
8135.HK
8135.T
8136.T
8137.HK
8137.T
8138.HK
8139.HK
8139.T
8140.HK
8140.T
8141.HK
8141.T
8142.T
8143.T
8144.T
8145.HK
8147.T
8147.TWO
8148.T
8150.HK
8150.T
8150.TW
8151.T
8152.T
8153.HK
8153.T
8154.T
8155.HK
8155.T
8155.TWO
8156.HK
8157.T
8158.HK
8159.HK
8159.T
8160.T
8161.HK
8162.HK
8163.HK
8163.T
8165.HK
8165.T
8166.HK
8167.HK
8167.T
8168.T
8170.HK
8170.T
8171.HK
8171.NG
8171.TWO
8172.HK
8173.HK
8173.T
8174.T
8175.HK
8175.T
8176.HK
8176.TWO
8177.HK
8178.HK
8179.T
8181.HK
8181.T
8182.HK
8182.T
8182.TWO
8183.TWO
8185.T
8186.HK
8186.T
8190.HK
8190.NG
8191.HK
8191.T
8192.HK
8193.HK
8194.T
8195.HK
8196.HK
8197.HK
8198.HK
8198.T
8200.HK
8200.T
8201.HK
8201.T
8201.TW
8202.HK
8202.T
8203.HK
8203.T
8205.HK
8205.T
8206.HK
8207.HK
8207.T
8209.T
8210.TW
8211.HK
8212.HK
8213.TW
8214.T
8215.T
8215.TW
8216.HK
8217.HK
8217.T
8218.HK
8218.T
8219.T
8220.HK
8222.HK
8222.TW
8225.HK
8225.T
8226.HK
8226.T
8227.HK
8227.T
8228.HK
8228.NG
8229.HK
8230.HK
8230.T
8232.HK
8233.HK
8233.T
8234.TWO
8235.HK
8236.HK
8237.T
8238.HK
8240.TWO
8242.HK
8242.T
8243.HK
8244.T
8245.HK
8245.T
8246.HK
8247.HK
8247.T
8248.HK
8248.T
8249.HK
8249.T
8249.TW
8251.T
8252.T
8253.T
8254.T
8255.HK
8255.T
8255.TWO
8256.T
8257.T
8258.HK
8260.T
8261.HK
8261.TW
8265.HK
8266.HK
8266.TWO
8267.HK
8267.T
8268.HK
8269.HK
8270.HK
8270.T
8271.HK
8271.TW
8272.HK
8273.HK
8273.T
8274.T
8275.T
8276.T
8277.HK
8277.TWO
8278.T
8279.HK
8279.T
8279.TWO
8280.HK
8281.T
8282.HK
8282.T
8286.HK
8287.T
8287.TWO
8289.T
8289.TWO
8290.HK
8291.T
8291.TWO
8292.HK
8293.NG
8295.HK
8296.HK
8298.T
8299.HK
8299.TWO
8301.HK
8303.T
8304.T
8306.T
8307.HK
8308.T
8309.T
8310.HK
8311.HK
8312.HK
8315.HK
8316.HK
8316.T
8317.HK
8324.T
8325.HK
8325.T
8326.HK
8327.HK
8327.T
8328.HK
8329.HK
8331.HK
8331.T
8333.HK
8333.T
8334.T
8336.HK
8336.T
8337.HK
8337.T
8338.T
8340.HK
8341.T
8341.TW
8342.T
8343.T
8344.T
8345.HK
8345.T
8348.HK
8349.T
8349.TWO
8354.T
8354.TWO
8355.T
8356.HK
8356.T
8358.T
8358.TWO
8359.T
8360.T
8361.HK
8361.T
8362.T
8363.HK
8363.T
8364.T
8365.T
8366.HK
8367.T
8368.HK
8368.T
8369.HK
8369.T
8370.T
8374.T
8377.T
8379.T
8381.T
8383.T
8383.TWO
8385.T
8386.T
8387.T
8388.T
8390.HK
8390.TWO
8392.T
8393.T
8395.T
8396.T
8397.T
8398.FU
8399.T
8401.TWO
8403.TWO
8404.TW
8406.TWO
8410.T
8410.TWO
8411.T
8411.TW
8415.TWO
8416.T
8416.TWO
8418.TWO
8420.TWO
8421.TWO
8422.TW
8423.TWO
8424.T
8425.T
8426.TWO
8427.TW
8429.TW
8431.TWO
8432.TWO
8433.TWO
8435.TWO
8436.TWO
8437.TWO
8439.T
8443.TW
8444.TWO
8446.TWO
8450.TWO
8454.TW
8455.TWO
8462.T
8462.TWO
8463.TW
8464.TW
8467.TW
8472.TWO
8473.TWO
8477.TWO
8478.TWO
8508.T
8513.NG
8515.T
8519.T
8521.T
8522.T
8524.T
8527.T
8529.T
8530.T
8537.T
8540.FU
8541.T
8542.T
8543.T
8544.T
8545.T
8550.T
8554.FU
8558.T
8559.FU
8560.FU
8562.T
8563.T
8566.T
8572.T
8584.T
8585.T
8591.T
8593.T
8594.SP
8595.T
8596.FU
8600.T
8601.T
8604.T
8609.T
8613.T
8614.T
8616.T
8617.T
8622.T
8624.T
8625.T
8628.T
8630.T
8697.T
8698.T
8699.T
8700.T
8703.T
8704.T
8705.T
8706.T
8707.T
8708.T
8709.T
8714.T
8715.T
8725.T
8729.T
8732.T
8737.T
8739.T
8740.T
8742.T
8746.T
8747.T
8750.T
8766.T
8769.T
8771.T
8772.T
8783.T
8787.T
8793.T
8795.T
8798.T
8801.T
8802.T
8803.T
8804.T
8818.T
8830.T
8835.T
8841.T
8842.T
8844.T
8848.T
8850.T
8851.T
8854.T
8860.T
8864.T
8869.T
8870.T
8871.T
8876.T
8877.T
888.L
8881.T
8885.T
8886.T
8889.T
8890.T
8891.T
8892.T
8893.T
8894.T
8897.T
8903.T
8904.T
8905.T
8908.T
8908.TWO
8912.T
8913.TWO
8914.T
8916.TWO
8917.T
8917.TWO
8918.T
8920.T
8921.TWO
8922.T
8923.T
8923.TWO
8924.TWO
8925.T
8926.TW
8927.TWO
8928.T
8928.TWO
8929.T
8929.TWO
8930.TWO
8931.T
8931.TWO
8932.TWO
8933.T
8933.TWO
8935.T
8935.TWO
8936.TWO
8937.TWO
8938.T
8938.TWO
8940.T
8940.TW
8941.TWO
8942.TWO
8944.T
8945.T
8946.T
8951.T
8984.T
8995.T
8996.FU
8996.TW
8KMS.NS
8S9.DE
900040.KQ
900050.KS
900070.KQ
900080.KQ
900090.KQ
900100.KQ
900110.KQ
900120.KQ
900140.KS
900180.KQ
900250.KQ
9003.T
9005.T
9006.T
9007.T
9008.T
9009.T
900901.SS
900902.SS
900903.SS
900904.SS
900905.SS
900906.SS
900907.SS
900908.SS
900909.SS
900910.SS
900911.SS
900912.SS
900913.SS
900914.SS
900915.SS
900916.SS
900917.SS
900919.SS
900920.SS
900921.SS
900922.SS
900924.SS
900925.SS
900927.SS
900928.SS
900929.SS
900930.SS
900932.SS
900933.SS
900934.SS
900935.SS
900936.SS
900937.SS
900938.SS
900939.SS
900940.SS
900941.SS
900942.SS
900943.SS
900945.SS
900946.SS
900947.SS
900948.SS
900951.SS
900952.SS
900953.SS
900956.SS
900957.SS
9010.T
9012.T
9017.T
9020.T
9021.T
9022.T
9024.T
9025.T
9027.SP
9028.T
9029.T
9031.T
9033.T
9034.T
9035.FU
9036.T
9037.T
9039.T
9040.NG
9041.T
9042.T
9044.T
9045.T
9046.T
9048.T
9049.T
9051.T
9052.T
9057.T
9058.T
9059.T
9063.T
9064.T
9065.T
9066.T
9067.T
9068.T
9069.T
9070.T
9072.T
9073.T
9074.T
9075.T
9076.T
9077.NG
9078.NG
9081.T
9082.T
9083.T
9086.T
9087.T
9090.T
9099.T
9101.T
910322.TW
9104.T
9105.TW
9106.TW
9107.T
910861.TW
9110.TW
9115.T
911608.TW
911611.TW
911613.TWO
911616.TW
911619.TW
911622.TW
911626.TW
9119.T
9127.T
9948.T
9949.TWO
9950.T
9950.TWO
9951.TWO
9955.T
9955.TW
9956.T
9957.T
9958.TW
9959.T
9960.T
9962.T
9966.T
9967.T
9969.T
9972.T
9973.T
9974.T
9976.T
9977.T
9978.T
9979.T
9982.T
9983.T
9984.T
9986.T
9991.T
9992.T
9993.T
9994.T
9995.T
9996.T
9997.T
A
A.BK
A.V
A2.MI
A2TAq.F
A2ZI.NS
A3EB.SG
A3M.MC
A72.BB
A8AG.F
AA
AAA.PS
AAAA.L
AAAI.NS
AAAP.O
AAB.CO
AAB.TO
AABQ.QA
AABR.BO
AAC.AX
AAC.V
AAD.V
AADI.BO
AADM.NS
AAh.V
AAHG.F
AAI.AX
AAIC.AD
AAK.ST
AAKPI.RTS
AAL.O
AALh.V
AALI.JK
AALP.WA
AAMC.K
AAME.O
AAN
AAN.V
AAP
AAPb.ST
AAPC.O
AAPL.O
AAPL34.SA
AAQG.DE
AART.SI
AAR_u.TO
AASB.KL
AAT
AAT.V
AATP.WA
AAUh.V
AAV.BK
AAVn.BK
AAWW.O
AAX.V
AAZ.V
AA_pb
AB
AB.PS
AB1.DE
ABA.CD
ABA.PS
ABAC.O
ABAG.DE
ABAN.NS
ABAX.O
ABB
ABBA.JK
ABBN.S
ABBNE.S
ABBV.K
ABC
ABC.BK
ABC.CD
ABCB.BO
ABCB.O
ABCB4.SA
ABCD.O
ABCI.BO
ABCO.O
ABCP.WA
ABDA.JK
ABE.MC
ABEO.O
ABEV.K
ABEV3.SA
ABEV3S.SA
ABEV3T.SA
ABFASTb.ST
ABG
ABG.MC
ABG.PS
ABGh.V
ABGV.VI
ABh.V
ABHA.MU
ABI.BR
ABICOmf.BK
ABIL.O
ABIO.O
ABIO.PA
ABKG.MU
ABLB.BO
ABLX.BR
ABM
ABM.V
ABMD.O
ABMF.KL
ABMK.BO
ABML.NS
ABMM.JK
ABNI.AD
ABOT.NS
ABQh.V
ABR
ABR.V
ABRB.KL
ABRD.CA
ABRH.SI
ABRL.NS
ABS.PA
ABS.PS
ABSh.V
ABSO.ST
ABSP.PS
ABT.TO
ABTB.KL
ABTL.O
ABTR.TA
ABTT34.SA
ABTU.L
ABTX.O
ABU.V
ABUJ.NS
ABUK.CA
ABUS.O
ABVMI.RTS
ABX.TO
ABY.O
AC
AC.MX
AC.PS
AC.TO
ACAD.O
ACADE.ST
ACAG.MI
ACANb.ST
ACAPm.BK
ACAPmn.BK
ACAS.O
ACAT.O
ACB.CD
ACBI.O
ACBq.L
ACBr.AT
ACC
ACC.BK
ACCELSAB.MX
ACCO.K
ACCO.SI
ACCP.PA
ACCS.KL
ACCT.BO
ACD.TO
ACE.MI
ACE.PS
ACEh.V
ACEL.NS
ACES.JK
ACET.O
ACFC.O
ACFL.NS
ACG1V.HE
ACH
ACHC.O
ACHL.BO
ACHN.O
ACIA.O
ACIDq.L
ACII.BO
ACIL.BO
ACIW.O
ACK.V
ACKB.BR
ACKT.BO
ACLJ.J
ACLL.NS
ACLS.O
ACM
ACMA.SI
ACME.KL
ACMED.ST
ACN
ACNB.O
ACNB34.SA
ACND.NGM
ACO.MI
ACO.SN
ACOMA.MANG
ACOy.TO
ACPL.NS
ACPP.WA
ACPW.O
ACQ.TO
ACR.PS
ACRE.K
ACRO.BO
ACRO.CA
ACRS.O
ACRX.O
ACR_u.TO
ACS.MC
ACSP.BO
ACST.JK
ACT.WA
ACTA.O
ACTF.BO
ACTG.O
ACTI.ST
ACTINVRB.MX
ACTR.BO
ACTS.O
ACU
ACU.V
ACUR.O
ACWNn.DE
ACX.MC
ACXM.O
ACY
ACYh.V
AD.AS
AD.TO
ADAG.DE
ADAI.NS
ADAMmf.BK
ADAMmn.BK
ADAN.NS
ADAV.AD
ADB.MI
ADBGR.IS
ADBK.NS
ADC
ADCB.AD
ADCG.F
ADCI.BO
ADCI.CA
ADDG.DE
ADDI.BO
ADDTb.ST
ADEL.IS
ADEN.NS
ADEN.S
ADENE.S
ADES.JK
ADES.O
ADESE.IS
ADG.V
ADGR.TA
ADHD.O
ADHI.JK
ADI.O
ADIA.NS
ADIB.CA
ADIF.NS
ADIN.BO
ADIS.NS
ADJ.DE
ADK
ADK.V
ADLA.NS
ADLG.DE
ADM
ADME.NS
ADMG.JK
ADML.BO
ADMP.O
ADMS.O
ADN.TA
ADN.TO
ADNAC.IS
ADNGk.DE
ADNH.AD
ADNI.AD
ADNK.BO
ADOC.PA
ADOF.BO
ADP.O
ADP.PA
ADPC.CA
ADPE.BO
ADPH.BO
ADPh.V
ADPT.K
ADRG.NS
ADRh.V
ADRO.JK
ADRO.O
ADS
ADSD.BO
ADSK.O
ADTN.O
ADUS.O
ADV.TO
ADV.WA
ADVA.KL
ADVA.PA
ADVANC.BK
ADVANCf.BK
ADVANCn.BK
ADVE.BO
ADVE.SI
ADVENI.ST
ADVGR.MC
ADVI.NS
ADVI.PA
ADVI.SI
ADVM.O
ADVr.AT
ADWa.TO
ADWb.TO
ADXN.S
ADXS.O
ADYA.NS
ADZ.V
AEa.V
AEC.V
AECn.BK
AEDI.MI
AEE
AEF.MI
AEFa.TO
AEFES.IS
AEGN.AS
AEGN.O
AEGR.O
AEHR.O
AEI.TO
AEIG.DE
AEIS.O
AEL
AELh.V
AELP3.SA
AEM.SI
AEM.TO
AEMD.O
AEMN.SI
AEMU.KL
AEMV.VI
AEOM.KL
AEONTS.BK
AEONTSf.BK
AEONTSn.BK
AEP
AEPB.KL
AEPI.O
AER
AERI.O
AEROMEX.MX
AES
AESL.MM
AETI.O
AEUA.K
AEU_u.TO
AEV.PS
AEVS.S
AEY.O
AEZ.TO
AEZDq.L
AF
Af.BK
AF.TO
AFAGR.HE
AFAh.V
AFAM.O
AFC.SN
AFCf.BK
AFCn.BK
AFCO.K
AFDI.CA
AFE.V
AFE1V.HE
AFET.BO
AFG
AFGA.L
AFGRA.OL
AFH.O
AFI
AFID.TA
AFIL01.TA
AFIN.KL
AFK.OL
AFKS.MM
AFL
AFLT.MM
AFLT3.SA
AFLU3.SA
AFLU5.SA
AFm.BK
AFMD.O
AFN.TO
AFNI.AD
AFON.PA
AFPC.OL
AFPR.TA
AFR.V
AFRBb.L
AFRE.TA
AFSh.V
AFSI_pb.K
AFSI_pc.K
AFSI_pd.K
AFSI_pe.K
AFY.V
AF_pc
AGAH.OL
AGAh.V
AGB.V
AGC.V
AGCN.NS
AGCO.K
AGD.V
AGDI.NS
AGEm.BK
AGEmn.BK
AGESb.ST
AGFB.BR
AGFb.TO
AGFS.O
AGG.AX
AGG.CN
AGG.V
AGH.V
AGI.TO
AGII.O
AGIN.CA
AGLD.BO
AGLE.O
AGM
AGMa
AGN
AGNC.O
AGNCB.O
AGNr.AT
AGO
AGO.V
AGOP.WA
AGORAb.ST
AGPP.WA
AGQ.L
AGR
AGRO.JK
AGRO.K
AGRO.NS
AGRO3.SA
AGRORq.L
AGRS.JK
AGRTI.RTS
AGRV.VI
AGRX.O
AGSr.AT
AGT.TO
AGTA.PA
AGTP.WA
AGU.SN
AGUA.MX
AGUAa.SN
AGUAb.SN
AGV.MU
AGV.V
AGX
AGXG.F
AGXh.V
AGY.AX
AGYh.V
AGYO.IS
AG_u.CD
AHAP.JK
AHC.BK
AHCn.BK
AHCS.QA
AHEB3.SA
AHEB5.SA
AHEB6.SA
AHf.BK
AHF.TO
AHFN.NS
AHGP.O
AHH
AHI.V
AHL.WA
AHL1V.HE
AHLU.NS
AHMSA.MX
AHn.BK
AHOh.V
AHOLA.HE
AHP
AHP.V
AHPI.O
AHS
AHS.V
AHT
AI.BK
AIAE.NS
AIB.LM
AICr.AT
AIEm.BK
AIEmn.BK
AIF.TO
AIG
AII.V
AIII.K
AIKb.NGM
AIMS.JK
AIN
AIn.BK
AINC.K
AIND.CA
AINh.V
AINM.KL
AINP.WA
AINV.O
AIQ.O
AIR
AIR.AX
AIRA.KL
AIRAmf.BK
AIRAmn.BK
AIRE.S
AIRF.PA
AIRI.K
AIRM.O
AIRN.S
AIRT.O
AIRX.KL
AISA.JK
AISH.BO
AISHI.RTS
AISS.KL
AIT.BK
AITf.BK
AITG.CA
AITn.BK
AIV
AIVC.CA
AIX.V
AIXG.O
AIXGn.DE
AIZ
AJD.BK
AJf.BK
AJG
AJIN.KL
AJIY.KL
AJME.NS
AJn.BK
AJPH.NS
AJWA.CA
AJX
AJX.TO
AKAS.OL
AKBNK.IS
AKCNS.IS
AKCp.V
AKE.CD
AKE.PA
AKENR.IS
AKER.O
AKFGY.IS
AKG.TO
AKGRT.IS
AKGUV.IS
AKH.V
AKIC.AD
AKILI.RTS
AKKU.JK
AKLCI.RTS
AKMGY.IS
AKOa
AKOa.SN
AKOb
AKPAZ.IS
AKPI.JK
AKPm.BK
AKPmn.BK
AKR
AKR.V
AKRA.JK
AKRN.MM
AKRNq.L
AKRr.AT
AKRX.O
AKS
AKSA.IS
AKSEL.IS
AKSEN.IS
AKSI.JK
AKSL.NS
AKSO.NS
AKSOL.OL
AKTAV.HE
AKTRV.HE
AKTX.O
AKVA.OL
AKZO.AS
AKZO.NS
AL
AL.V
ALA.TO
ALA2M.PA
ALACI.PA
ALADA.PA
ALAQU.PA
ALATP.PA
ALAUP.PA
ALB
ALB.MC
ALBA.TA
ALBAV.HE
ALBBV.HE
ALBD.NS
ALBDM.PA
ALBHBq.L
ALBI.PA
ALBIO.PA
ALBRI.PA
ALBRS.PA
ALBUD.PA
ALC.TO
ALCAR.IS
ALCE.SCT
ALCES.PA
ALCL.NS
ALCLS.PA
ALCN.CA
ALCO.O
ALCOF.PA
ALCOG.PA
ALCOI.PA
ALCr.AT
ALCTL.IS
ALCYB.PA
ALD.TA
ALD.V
ALDAR.PA
ALDBL.PA
ALDEV.PA
ALDO.JK
ALDP.PA
ALDR.O
ALDSL.PA
ALDV.PA
ALDW.K
ALDX.O
ALE
ALECR.PA
ALELIO.ST
ALEM.NS
ALEMK.BR
ALEMV.PA
ALENT.PA
ALESK.PA
ALEX.CA
ALFAA.MX
ALFG.KL
ALFH.DU
ALFIL.PA
ALFOC.PA
ALFRE.PA
ALFST.PA
ALFT.BO
ALG
ALGAU.PA
ALGEV.PA
ALGIL.PA
ALGN.O
ALGYO.IS
ALHEOy.PA
ALHER.PA
ALHI.PS
ALHIO.PA
ALHIT.PA
ALHOL.PA
ALHPC.PA
ALHr.AT
ALHVS.PA
ALHX.ST
ALHYG.PA
ALI.LM
ALI.V
ALI.WA
ALI2S.PA
ALID.BO
ALIFb.ST
ALIG.ST
ALIi.LM
ALIKI.RTS
ALIM.O
ALIO.NS
ALIVA.PA
ALIVsdb.ST
ALJ
ALJJ.O
ALKA.JK
ALKb.CO
ALKDY.PA
ALKE.NS
ALKEY.PA
ALKI.BO
ALKIM.IS
ALKS.O
ALL
ALL1.WA
ALLE.K
ALLEX.PA
ALLHB.PA
ALLOG.PA
ALLS.NS
ALLT.SI
ALLT.TA
ALLY.K
ALL_pa
ALL_pc
ALL_pd
ALL_pe
ALL_pf
ALM.MC
ALM.V
ALMAK.PA
ALMC.NS
ALMDG.PA
ALMED.PA
ALMI.JK
ALMIC.PA
ALML.NS
ALMO.TA
ALMOU.PA
ALMr.AT
ALMT.ST
ALN
ALN.V
ALNBT.PA
ALNG.OL
ALNPI.RTS
ALOBR.PA
ALOCA.PA
ALOCT.PA
ALODI.PA
ALOG.O
ALOK.NS
ALORO.PA
ALOT.O
ALP.V
ALPA.NS
ALPA3.SA
ALPA4.SA
ALPBS.BR
ALPDX.PA
ALPE.MI
ALPEKA.MX
ALPGG.PA
ALPH.S
ALPHY.PA
ALPI.NS
ALPJT.PA
ALPLA.PA
ALPRI.PA
ALPRO.PA
ALPS.NS
ALR
ALRAMZ.DU
ALRE.BO
ALRGR.PA
ALRM.O
ALRPR.TA
ALRR.WA
ALRS.MM
ALS.TO
ALS30.PA
ALSA.KL
ALSC3.SA
ALSGD.PA
ALSIP.PA
ALSL.NS
ALSM.NS
ALSN.K
ALSN.S
ALSO.PA
ALSPO.PA
ALSr.AT
ALSS.LS
ALST.NS
ALT.BK
ALT.PS
ALTHE.PA
ALTn.BK
ALTO.JK
ALTT.PA
ALTTI.PA
ALTUR.PA
ALTVO.PA
ALUA.PA
ALUCI.PA
ALUCON.BK
ALUCONn.BK
ALUF.BO
ALUM.CA
ALUMS.PA
ALUP11T.SA
ALUP9.SA
ALV
ALV.V
ALVDI.PA
ALVG.DE
ALVIA.PA
ALVIV.PA
ALVMG.PA
ALVXM.PA
ALW.V
ALWEB.PA
ALWEC.PA
ALWED.PA
ALWOO.PA
ALX
ALXN.O
ALYAG.IS
AM
AM3D.DE
AMA.MC
AMAG.JK
AMAG.O
AMAMP.L
AMAN.DU
AMAN.TA
AMANAH.BK
AMANAHf.BK
AMANAHn.BK
AMAR.NS
AMAR3.SA
AMARIN.BK
AMARINf.BK
AMARINn.BK
AMAST.ST
AMAT.O
AMATA.BK
AMATAf.BK
AMATAV.BK
AMATAVn.BK
AMAV.VI
AMBA.O
AMBC.O
AMBK.NS
AMBr.AT
AMBR.K
AMBUb.CO
AMC
AMC.BK
AMCC.O
AMCf.BK
AMCN.O
AMCO.KL
AMCP.BO
AMD.O
AMDG.DE
AME
AME.LM
AME.V
AMEAS.HE
AMED.O
AMER.CA
AMER.L
AMES.CA
AMFG.JK
AMFL.KL
AMG.V
AMGN34.SA
AMH
AMh.V
AMH2b.ST
AMHh.V
AMI.TO
AMIA.CA
AMID.BO
AMID.K
AMIG.MU
AML.V
AMLK.DU
AMM.TO
AMMB.KL
AMMS.KL
AMNB.O
AMNP.BO
AMO.V
AMOC.CA
AMOT.O
AMOT.TA
AMOV.O
AMP
AMP.CD
AMPF.MI
AMPL.NS
AMPL.SI
AMPLI.PA
AMRA.SI
AMRB.BO
AMRB.O
AMRC.K
AMRE.KL
AMRF.BO
AMRI.O
AMRK.O
AMRK.TA
AMRN.O
AMRS.O
AMRT.JK
AMS
AMS.CD
AMS.S
AMSC.O
AMSCA.OL
AMSF.O
AMSG.O
AMSP.NS
AMSWA.O
AMT
AMTG.K
AMTH.KL
AMTh.V
AMTK.NS
AMTKq.L
AMTL.NS
AMTR.BO
AMTX.O
AMT_pb
AMU.V
AMUN.PA
AMWA.KL
AMWD.O
AMX
AMXA.MX
AMXL.MX
AMZN.O
AMZO34.SA
AN
An.BK
ANA.MC
ANA.SN
ANACM.IS
ANANf.BK
ANANn.BK
ANAR.BO
ANAT.O
ANCM.BO
ANCR.KL
ANCX.O
AND.LM
AND.SN
AND.TO
ANDA.O
ANDAU.O
ANDE.O
ANDP.AS
ANDP.NS
AND_pb.SN
ANE.V
ANELT.IS
ANEMr.AT
ANET.K
ANF
ANF.V
ANFI.BO
ANFI.K
ANG.V
ANGA.RTS
ANGEI.RTS
ANGGI.RTS
ANGI.NS
ANGL.TA
ANGO.O
ANH
ANHYT.IS
ANI.PS
ANIH.SI
ANIK.NS
ANIK.O
ANIM.MI
ANIM3S.SA
ANIM3T.SA
ANIP.O
ANJS.BO
ANKr.AT
ANLP.BO
ANLT.TA
ANNJ.KL
ANO.TR
ANODb.ST
ANOG.F
ANOh.V
ANPS.BO
ANRA.NS
ANRE.KL
ANSA.IS
ANSB.BO
ANSGR.IS
ANSP.NS
ANSS.O
ANSU.BO
ANT.SN
ANTC.NS
ANTE.SI
ANTH.O
ANTh.V
ANTM.K
ANTO.L
ANTX.K
ANUL.BO
ANWGn.F
ANY.O
ANYB.BU
ANZ.V
ANZO.KL
AO.L
AO0.BB
AOC.TA
AOG_u.TO
AOI
AOI.TO
AOS.V
AOSL.O
AOT.BK
AOT.V
AOTf.BK
AOTn.BK
AOXG.DE
AP
AP.PS
APA
APA.V
APAR.NS
APBS.KL
APC.PS
APC.V
APCI.NS
APCOm.BK
APCOmn.BK
APCS.BK
APCSf.BK
APD
APDN.O
APE.MC
APEP.WA
APER.KL
APETI.HE
APEX.JK
APf.BK
APF.L
APFH.K
APFT.KL
APH
APH.V
APHB.K
APHB.KL
APIC.JK
APIC.O
APIP.WA
APKMI.RTS
APL.V
APLA.NS
APLE.K
APLF.BO
APLI.JK
APLN.JK
APLO.NS
APLP.O
APLP.WA
APLY.BO
APLY.TA
APMA.KL
APME.F
APn.BK
APN.WA
APO
APO.PS
APO.V
APOG.O
APOL.JK
APOL.O
APOP.TA
APOS.TA
APOTq.L
APPA.KL
APPS.MC
APPS.O
APPU.BO
APPY.O
APRI.O
APRL.PA
APS.TO
APSE.NS
APSL.NS
APSW.CA
APSZI.RTS
APT
APTI4.SA
APTK.MM
APTS.K
APU
APURE.BK
APUREn.BK
APV.V
APVO.O
APWC.O
APX.PS
AP_u.TO
AQ.BK
AQ.V
AQER.ST
AQG.AX
AQM.V
AQMS.O
AQn.BK
AQN.TO
AQS.V
AQU.WA
AQUA.NS
AQUA.OL
AQUA.SN
AR
AR.TO
AR1.BB
AR4G.DE
ARA
ARA.MX
ARA.PS
ARA.V
ARAD.TA
ARAI.NS
ARAM.SI
ARAN.TA
ARBh.V
ARBN.AS
ARBN.NS
ARBONa.NGM
ARBONb.NGM
ARBUL.IS
ARC
ARC.V
ARCB.O
ARCC.O
ARCH.PA
ARCHER.OL
ARCI.BO
ARCLK.IS
ARCM.BO
ARCO.K
ARCO.NS
ARCOMA.ST
ARCP.WA
ARCT.ST
ARCW.O
ARCX.K
ARD.TA
ARD.V
ARDM.O
ARDS.AS
ARE.LM
AREH.CA
AREHA.CA
AREi.LM
AREIT.PA
AREM.NS
ARENA.IS
ARES.K
AREVA.PA
AREX.O
ARFL.NS
ARFS.BO
ARG.TO
ARGG.NS
ARGM8.TA
ARGO.JK
ARGS.O
ARGX.BR
ARH.V
ARHO.BO
ARHP.WA
ARI
ARIA.O
ARIG.DU
ARII.JK
ARIPm.BK
ARIS.O
ARISE.ST
ARISTOSA.MX
ARK.V
ARKILb.CO
ARKN.AD
ARKO.TA
ARKR.O
ARKS.KL
ARLF.NS
ARLG.DE
ARLP.O
ARMDA.IS
ARMGI.RTS
ARMH.O
ARMK.K
ARMT34.SA
ARMX.DU
ARMZI.RTS
ARN.MI
ARNA.JK
ARNA.O
ARNK.KL
ARNO.BO
ARO.CD
AROG.NS
ARON.BO
AROW.NS
AROW.O
ARPOI.RTS
ARPT.TA
ARQL.O
ARR
ARRE.NS
ARROWm.BK
ARROWmn.BK
ARRP.WA
ARSA.MM
ARSAN.IS
ARSEI.RTS
ARSH.NS
ARSS.NS
ART.V
ARTA.JK
ARTC.DU
ARTE.BO
ARTE.PA
ARTEy.PA
ARTF.PA
ARTG.DE
ARTN.AS
ARTO.JK
ARTO.PA
ARTOG.IS
ARTRq.F
ARTS.BO
ARTT.SI
ARTW.KL
ARTX.O
ARU.V
ARVA.CA
ARVL.BO
ARVN.NS
ARW
ARWA.L
ARWAU.O
ARWh.V
ARWR.O
ARX.TO
ARXG.F
ARY.V
ARYA.BO
ARYN.S
ARYT1.TA
ARZZ3.SA
AS.BK
ASAN.BO
ASB
ASBh.V
ASBI.JK
ASBP.WA
ASB_pb
ASB_pc
ASC
ASC.OL
ASCC.BR
ASCI.DU
ASCI.MI
ASCL.L
ASCr.AT
ASDM.JK
ASDN.KL
ASDR.TA
ASE.CD
ASEFA.BK
ASEFAn.BK
ASEI.O
ASELS.IS
ASEP.WA
ASETEK.OL
ASf.BK
ASFN.SI
ASG.SN
ASG.V
ASG.WA
ASGI.NS
ASGN.K
ASGR.JK
ASGR.TA
ASH
ASHG.TA
ASHI.BO
ASHL.NS
ASHT.NS
ASIA.BK
ASIA.SI
ASIAf.BK
ASIAN.BK
ASIANn.BK
ASII.JK
ASIL.BO
ASIM.KL
ASIMARf.BK
ASIMARn.BK
ASIP.SI
ASIT.BO
ASK.BK
ASKf.BK
ASKn.BK
ASKN.KL
ASL.V
ASLAN.IS
ASLM.SI
ASM.V
ASMG.KL
ASMG.WA
ASMI.AS
ASMI.JK
ASML.O
ASn.BK
ASN.V
ASNA.O
ASNC.DU
ASND.O
ASNm.BK
ASNmn.BK
ASOK.NS
ASOKq.L
ASON.SI
ASOS.L
ASP.TO
ASPf.BK
ASPL.L
ASPn.BK
ASPN.K
ASPN.NS
ASPO.HE
ASPR.TA
ASPT.NS
ASPY.KL
ASQ.V
ASR.MI
ASRI.JK
ASRM.JK
ASRNL.AS
ASRR.TA
ASRT.SI
ASRV.O
ASS.WA
ASSA.JK
ASSAb.ST
ASSB.MM
ASSI.BO
AST
AST.MI
ASTA.SI
ASTE.NS
ASTE.O
ASTH.WA
ASTM.NS
ASTP.PA
ASTr.AT
ASTR.KL
ASTR.NS
ASUP.KL
ASUR.O
ASURB.MX
ASUZU.IS
ASX
AT.V
AT8.DE
ATA.LM
ATA.TO
ATAGY.IS
ATAI.O
ATAR.PA
ATAX.O
ATB.LM
ATBT.OL
ATC.V
ATC.WA
ATCA.AS
ATCY.NS
ATDa.TO
ATDb.TO
ATDP.WA
ATE.BO
ATE.V
ATEA.OL
ATEKS.IS
ATEME.PA
ATEN.K
ATFG.DE
ATGP.WA
ATH.MI
ATHM.K
ATHN.BO
ATHN.O
ATHr.AT
ATHX.O
ATI.PS
ATI.V
ATIC.JK
ATIH.SI
ATKR.K
ATLA.CO
ATLA.SI
ATLAS.IS
ATLC.O
ATLJ.BO
ATLN.S
ATLO.O
ATLT.NS
ATM.AX
ATM.NZ
ATM.V
ATMP.WA
ATN.PS
ATNB.PS
ATNI.O
ATNM.K
ATNO.KL
ATNS.WA
ATO
ATOG.BO
ATOM3.SA
ATOP.WA
ATOR.NS
ATOS.O
ATP.WA
ATP30m.BK
ATP30mn.BK
ATPET.IS
ATPK.JK
ATPr.AT
ATQA.CA
ATR.CD
ATRA.O
ATRAV.HE
ATRC.O
ATRI.O
ATRLJb.ST
ATRO.O
ATRP.WA
ATRS.VI
ATSA.SN
ATSG.O
ATSM.KL
ATSP.WA
ATSYH.IS
ATTB34.SA
ATTE.ST
ATTI.SI
ATTJ.J
ATTr.AT
ATTU.O
ATU
ATU.V
ATUL.NS
ATUR.KL
ATV
ATVE.SI
ATVP.BO
ATW
ATW.V
ATWG.BE
ATYM.L
AU
AU.V
AUB.PS
AUBN.O
AUBT.PA
AUCP.PA
AUCTm.BK
AUCTmf.BK
AUCTmn.BK
AUDC.TA
AUE.L
AUER.PA
AUIV.L
AUK.AX
AUMA.O
AUMAU.O
AUMI.MI
AUMN.K
AUN.V
AUO
AURA.TA
AURG.OL
AURI.SI
AURS.PA
AURU.BO
AUS.SN
AUSG.SI
AUSS.OL
AUST.BO
AUT.V
AUTL.NS
AUTO.CA
AUTO.ST
AUTOA.L
AUTr.AT
AV
AV.L
AVA
AVA.V
AVAL.K
AVAN.BO
AVAN.MM
AVANCE.OL
AVAr.AT
AVAV.O
AVAZ.MM
AVAZq.F
AVB
AVC.V
AVD
AVD.V
AVDZI.RTS
AVE.V
AVEGb.ST
AVEN.ST
AVEO.O
AVER.TA
AVES.H
AVG
AVGL.TA
AVGO.O
AVGR.O
AVGYO.IS
AVHI.O
AVHOL.IS
AVIA.TA
AVIC.SI
AVID.BO
AVID.O
AVIR.O
AVIV.TA
AVJ.AX
AVK.TO
AVL.TO
AVLN.TA
AVM.L
AVMD.PA
AVN.V
AVNGI.RTS
AVNT.NS
AVNW.O
AVO.TO
AVOD.IS
AVOL.BO
AVON34.SA
AVOW.BO
AVP
AVP.TO
AVQ.PA
AVS.L
AVT
AVTCHb.ST
AVTE.DE
AVTH.SI
AVTUR.IS
AVU.V
AVX
AVXS.O
AVY
AW2.F
AWE.V
AWI
AWI.V
AWK
AWM.WA
AWNI.AD
AWOX.PA
AWR
AWS.V
AWX
AW_u.TO
AXAC.OL
AXBK.NS
AXC.CD
AXDX.O
AXE
AXE.V
AXFO.ST
AXGN.O
AXIA.MC
AXIS.ST
AXIT.NS
AXM.V
AXN
AXON.BO
AXON.K
AXOr.AT
AXP
AXPB34.SA
AXQ.V
AXR.TO
AXS
AXSM.O
AXTA.K
AXTELCPO.MX
AXW.PA
AXY.TO
AX_pa.TO
AX_pu.TO
AX_u.TO
AYA.TO
AYBh.V
AYDGn.DE
AYEN.IS
AYGAZ.IS
AYI
AYMS.NS
AYSV.KL
AYUDf.BK
AYUDn.BK
AZ.TO
AZAh.V
AZC.WA
AZEV3.SA
AZEV4.SA
AZM.V
AZMT.MI
AZN
AZPN.O
AZR.V
AZRB.KL
AZRG.TA
AZRM.TA
AZS.AX
AZTECACPO.MX
AZU.SN
AZX.V
AZZ
AZZ.TO
B
B3IT.ST
B3S.WA
B5AG.DE
B5SKk.DE
B7C.MI
B8AG.DE
B8FGn.DE
B9BG.F
BA.BK
BABA.K
BABP.JK
BABr.AT
BACH.NS
BACTIb.ST
BAC_pa
BAC_pc
BAC_pd
BAC_pe
BAC_pw
BAD.TO
BADP.WA
BAf.BK
BAFSf.BK
BAFSn.BK
BAGF.NS
BAGFS.IS
BAH
BAHI3.SA
BAHNb.ST
BAINS.SCT
BAJE.NS
BAJH.BO
BAJR.BO
BAK
BAKAB.IS
BAKAN.IS
BAL.AX
BAL.WA
BALM3.SA
BALM4.SA
BALP.NS
BALS.BO
BALX.CA
BAMB.BO
BAMN.AS
BAMN.NS
BAN.SN
BANC_pd.K
BANE.MM
BANF.O
BANN.NS
BANO.NS
BANPUf.BK
BANPUn.BK
BANR.O
BANS.NS
BANVT.IS
BANY.SI
BANZ.MI
BAPA.JK
BAR.BR
BAR.TO
BARI.NS
BARN.S
BAS1V.HE
BASF.NS
BASFn.DE
BASI.O
BATA.JK
BATD.PA
BATE.SI
BATS.L
BAUH4.SA
BAVA.CO
BAVA.NS
BAX
BAY.BK
BAYE.NS
BAYf.BK
BAYn.BK
BAYNE.ST
BAYU.JK
BBCA.JK
BBCh.V
BBD
BBD.WA
BBDO.K
BBGI.O
BBHI.JK
BBI.V
BBKP.JK
BBL.BK
BBLD.JK
BBLf.BK
BBLn.BK
BBMD.JK
BBN.S
BBNI.JK
BBNP.JK
BBRG.O
BBRI.JK
BBRK3.SA
BBRS.SI
BBSE3.SA
BBT
BBTG11.SA
BBTG35.SA
BBT_pg
BBT_ph
BBUI.PA
BBW
BBX
BBYB.JK
BBYL.TA
BC
BC.PS
BC8G.DE
BCA.L
BCB.PS
BCB.TO
BCBB.KL
BCBP.O
BCEI.K
BCH.BK
BCHf.BK
BCHVI.RTS
BCIL.SI
BCIP.JK
BCLN.BO
BCM.V
BCN.V
BCNV.TA
BCO
BCOM.TA
BCOR.O
BCOR.PS
BCPf.BK
BCPh.V
BCPn.BK
BCRh.V
BCRX.O
BCT.AX
BCT.V
BCU.MI
BCUh.V
BDC
BDE.O
BDF.WA
BDG.WA
BDGE.O
BDI.TO
BDLL3.SA
BDLL4.SA
BDLP.WA
BDMN.JK
BDMS.BK
BDMSf.BK
BDN
BDR
BDRP.PA
BDRX11.SA
BDSI.O
BDT.TO
BDYN.NS
BE0010026350.BR
BEA.V
BEAT.O
BEAV.O
BECH.KL
BECK.BO
BECn.BK
BEE.V
BEEF3.SA
BEES4.SA
BEFB.BR
BEFG.F
BEFsdb.ST
BEGJ.J
BEGR.ST
BEHT.BO
BEIAb.ST
BEKb.TO
BEKS.JK
BEL
BEL.V
BELAr.AT
BELC.BR
BELFA.O
BELFB.O
BELS.OL
BEM.BK
BEML.NS
BEMn.BK
BENK.SI
BENRI.RTS
BENT.BO
BEOsdb.ST
BEPG.BE
BER.V
BERGEN.OL
BERJ.KL
BERK34.SA
BERM.KL
BERY.K
BET.MI
BET.V
BEVIDESB.MX
BEX.V
BEYAZ.IS
BFAM.K
BFb
BFF.V
BFFI.MI
BFIN.JK
BFIN.NS
BFIN.O
BFITn.BK
BFRE11.SA
BFRE12.SA
BFREN.IS
BFRG.NS
BG.V
BGA.CN
BGC
BGDVI.RTS
BGE.V
BGEO.L
BGESI_p.RTS
BGG.V
BGI
BGI.TA
BGIP3.SA
BGI_u.TO
BGRO.KL
BGRS.NS
BGS
BGS.V
BGSLA.BB
BGTmn.BK
BGTTV.BB
BH
BHAE.NS
BHAF.NS
BHAV.VI
BHBD.KL
BHCM.BO
BHE
BHEN.D
BHGC.SI
BHGR.SI
BHI
BHI.SN
BHK.V
BHLB.K
BHP
BHP.AX
BHS.V
BHSN.KL
BHWR.NS
BIAN.MI
BIATq.L
BIE.MI
BIF.CO
BIFR.BU
BIG.TA
BIGCf.BK
BIGCn.BK
BIGf.BK
BIGn.BK
BIIB34.SA
BIKA.JK
BIL.BO
BILBI.L
BILE.NS
BILP.NS
BIM.MI
BIMA.JK
BINA.JK
BINCK.AS
BINT.BO
BINT.SN
BINV.ST
BIOA.K
BIOA.KL
BIOb
BIOC.O
BIOGb.ST
BIOGG.ST
BIOHI.RTS
BIOL.O
BIOM3.SA
BION.NS
BIONOR.OL
BIOO.KL
BIOTEC.OL
BIOV.TA
BIOX.PA
BIPI.JK
BIRD.BO
BIRD.JK
BIS.CD
BISI.JK
BISV.MM
BITA.K
BITI.PA
BIX.CN
BIZm.BK
BIZmn.BK
BJAU.KL
BJCHI.BK
BJCHIn.BK
BJCn.BK
BJHN.NS
BJKAS.IS
BJME.KL
BKCC.O
BKD
BKDm.BK
BKDP.JK
BKEP.O
BKFS.K
BKH
BKHU.K
BKJ
BKJa.LM
BKJi.LM
BKJ_pb.LM
BKL.AX
BKM.V
BKR.PS
BKR.V
BKS.CD
BKSL.JK
BKT.MC
BKU
BKX.TO
BLA.BK
BLAC.SI
BLAf.BK
BLAn.BK
BLAND.BK
BLB.NS
BLBL.NS
BLC.BB
BLCM.O
BLD
BLDR.O
BLDT.NS
BLHG.F
BLIM.PA
BLIN.O
BLIS.NS
BLK.AX
BLKI.NS
BLKS.NS
BLL
BLMN.O
BLND.L
BLO.CD
BLR.V
BLREI.RTS
BLRX.O
BLRX.TA
BLRY.BO
BLTP.WA
BLTZ.JK
BLUE.O
BLUE.PA
BLUM.SI
BLUS.NS
BLVB.L
BLVDU.O
BMA
BMA.CD
BMAS.JK
BMAX.ST
BMDX.TA
BME.MC
BMEB.L
BMEC.BO
BMEKS.IS
BMG.V
BMI
BMIN4.SA
BMKKI.RTS
BMKOI.RTS
BMKS3.SA
BML.V
BML_pl
BMm.BK
BMM.PS
BMRh.V
BMRI.JK
BMRN.O
BMS
BMSA.DE
BMTL.BO
BMTO3.SA
BMTR.JK
BMWG.DE
BMY
BMYB34.SA
BMYS.KL
BNBA.JK
BNED.K
BNFT.O
BNK.TO
BNKC.BO
BNLI.JK
BNNn.DE
BNORDIK.CO
BNPP.PA
BNRS.BO
BNRU.BO
BNSO.O
BNTM.TA
BO.CO
BOAC34.SA
BOAr.AT
BOB.NS
BOBE.O
BOCH.O
BODA.NS
BOFI.O
BOGNI.RTS
BOH
BOI.NS
BOIL.KL
BOIR.PA
BOKF.O
BOL.V
BOLD.O
BOLJ.ST
BOLL.PA
BOLSAA.MX
BOLUC.IS
BON.OL
BONAVa.ST
BONS.TA
BONY34.SA
BOOH.L
BOOM.O
BOPL.KL
BORG.ST
BORGI.RTS
BORN.JK
BORX.BO
BORY.WA
BOS.AD
BOS.S
BOS.TO
BOSH.NS
BOSSA.IS
BOTI.TA
BOTJ.O
BOUL.ST
BOW.V
BOWP.WA
BOYP.IS
BOZh.V
BP
BPAC3.SA
BPAC5.SA
BPCL.NS
BRARI.RTS
BRBY.L
BRH.L
BRLC.NS
BRLG.BE
BSD_u.TO
BSSG.F
BTCGk.DE
BTGPPu.AS
BTI
BTLI.BO
BTSMI.RTS
BTT.AX
BUCN.S
BUFG.F
BVHN.BN
BVIC.L
BWL.ST
BYG.L
BYOT.L
CADNi.PA
CAHM.MC
CAIF.PA
CARD.PA
CASE.NS
CAY.L
CBA.ST
CBSHP.O
CBSM.PA
CBTTb.ST
CBU
CBYL.O
CCA.TO
CCAP.CA
CCAP.PA
CCC.L
CCCL.NS
CCCL.O
CCCP.WA
CCE
CCETn.BK
CCF
CCI.CN
CCIL.NS
CCK
CCKH.KL
CCLb.TO
CCLD.KL
CCLI.BO
CCMP.O
CCN.O
CCNE.O
CCNP.PA
CCO
CCO.TO
CCOI.O
CCORb.ST
CCP
CCP.BK
CCPn.BK
CCPR3.SA
CCRN.O
CCTY.KL
CCU
CCUR.O
CCV.AX
CCZ.TO
CD.V
CDA.V
CDAF.PA
CDBG.DE
CDBP.PA
CDC.PS
CDC.V
CDG.AX
CDI
CDIS.BO
CDK.O
CDLT.SI
CDOR.O
CDR
CDTh.V
CDTX.O
CDU.V
CDW.O
CDWH.SI
CDXS.O
CE
CE.V
CEA
CEAT.NS
CEB
CEB.PS
CEBR3.SA
CECh.V
CECO.O
CEED3.SA
CEED4.SA
CEFC.SI
CEFM.CA
CEGI.PA
CEGL.SI
CEGR3.SA
CEGZI.RTS
CEI.PS
CEKA.JK
CEKG.F
CEL.TA
CELA.NS
CELP.K
CELP3.SA
CELP5.SA
CEM.CN
CEM.LM
CEM.V
CEMAS.IS
CEMAT.CO
CEMB.MI
CEMEXB.MX
CEMI.O
CEMTS.IS
CEN.BK
CEN.NZ
CENT.JK
CENT.NS
CENTELf.BK
CENX.O
CEO
CEP.CN
CERA.NS
CERAMICB.MX
CERAMICD.MX
CERC.O
CERS.O
CERV.LM
CERV.MI
CESC.NS
CESE.SI
CESP5.SA
CETC.O
CETH.KL
CEVA.SCT
CEVG.DE
CEY.L
CEZP.PR
CF
CF.TO
CFAh.V
CFB.V
CFBK.O
CFCB.O
CFCG.F
CFFI.O
CFFN.O
CFG
CFI.PA
CFIN.JK
CFLP.WA
CFM.V
CFMP.PA
CFMS.KL
CFNL.O
CFP.TO
CFPL.BO
CFR
CFR.S
CFRESHn.BK
CFRJ.J
CFRX.O
CFT.S
CFVpda.CN
CFVs.CN
CFX
CFX.TA
CFX.TO
CGCBV.HE
CGD.BK
CGE.V
CGEN.TA
CGEP.SI
CGH.BK
CGHn.BK
CGI
CGI.MC
CGI.TO
CGIM.BO
CGIX.O
CGJG.SI
CGL.NZ
CGLO.L
CGNX.O
CGO.TO
CGr.TO
CGX.TO
CGXF.SI
CHA
CHAL.SI
CHAr.AT
CHAR.SI
CHARAN.BK
CHARANn.BK
CHBI.BO
CHCI.O
CHCO.O
CHCT.K
CHEE.KL
CHEF.O
CHEMM.CO
CHEP.MM
CHEq.L
CHERb.ST
CHEWAmn.BK
CHFL.SI
CHFN.O
CHG.BK
CHGI.SI
CHGn.BK
CHGZ.MM
CHH
CHH.TO
CHHB.KL
CHHS.SI
CHIA.SI
CHIa.SN
CHIAG.SG
CHII.NS
CHIW.SI
CHI_pb.SN
CHI_pe.SN
CHKR.K
CHLA.NS
CHLC.SN
CHMI.K
CHMT.K
CHN.V
CHNA.SI
CHNR.O
CHOmf.BK
CHOmn.BK
CHOTIf.BK
CHOTIn.BK
CHP.PS
CHPC.NS
CHQ.LM
CHQ.SN
CHRB.KL
CHRH.CO
CHS
CHSN.SI
CHSP.K
CHSS.PA
CHT.CD
CHTR.O
CHU
CHUB.LM
CHUOmn.BK
CHUY.O
CHVX34.SA
CHYh.V
CHZN.MM
CIA.AX
CIAG.VI
CIAi.LM
CIAZ.MI
CIB
CIBP.PA
CIC.SN
CICM.KL
CIDM.O
CIEA.MC
CIEB.CA
CIEN.K
CIEP.WA
CIG.TO
CIGc
CIGm.BK
CIGmn.BK
CIHL.L
CIIN.NS
CIK.AX
CIM
CIM.CD
CIMSA.IS
CIn.BK
CIN.SN
CINR.K
CINsd.SN
CIO
CIR
CIRF.CA
CIRX.MI
CISY.TA
CIT
CITA.JK
CITI.SI
CITR.BO
CITT.PA
CIV.PA
CIVB.O
CIVBP.O
CJ.TO
CJEH.SI
CJIS.SI
CJRb.TO
CJT.TO
CKCh.V
CKE.TO
CKI.TO
CKn.BK
CKP.BK
CKPf.BK
CKR.V
CKX
CKZh.V
CL
CLAC.NS
CLASb.ST
CLAVI.ST
CLB
CLB.V
CLCD.O
CLCM.BO
CLDC.O
CLDP.WA
CLDT.K
CLDX.O
CLE.V
CLEBI.IS
CLED.MI
CLF
CLGN34.SA
CLGX.K
CLIQ.DE
CLIR.O
CLIS.TA
CLM.V
CLN.S
CLNX.MC
CLOEb.ST
CLR.TO
CLSB.MM
CLSD.O
CLTN.S
CLV.V
CLX
CLXN.S
CM.BK
CMBGn.F
CMBTN.IS
CMC
CMC.CD
CMCI.SI
CMCM.K
CMCO.O
CMCS34.SA
CMCSA.O
CME.O
CMER.TA
CMFC.BO
CMIG4.SA
CMIN.BO
CML.V
CMn.BK
CMP.WA
CMPR.O
CMRn.BK
CMRX.O
CMT
CMT.AX
CMTL.O
CMV.V
CMX.V
CMZ_u.TO
CNA.V
CNBK.NS
CNC
CNC.V
CNET.O
CNHI.MI
CNHL.SI
CNIM.PA
CNIT.O
CNK
CNKO.JK
CNL.TO
CNOB.O
CNPP.PA
CNQ.TO
CNR
CNR.TO
CNS.BK
CNT.BK
CNT.WA
CNTX.NS
CNV.O
CNX
CNXC.K
CNXR.O
CNY.V
COB.O
COCO.NS
COFB.BR
COF_pf
COF_pp
COG
COGH.SI
COGP.WA
COH
COHU.O
COL
COL.SN
COLORm.BK
COLORmn.BK
COLR.BR
COLUM.CO
COM.LM
COM.TO
COM7.BK
COMF.BO
COMF.KL
CONC.KL
CONE.BO
CONE.O
CONF.BO
CONN.BR
CONN.O
CONVERA.MX
COO
COO.V
COPMa.DE
COPPb.ST
COR
COR.CN
COR.LM
CORA.LS
CORE.NS
CORT.SI
COSC.SI
COSG.CA
COSM.SI
COTY34.SA
COUN.NS
COV.V
COVS.O
COYN.O
CPA
CPA.BO
CPA.LM
CPAi.LM
CPAP.WA
CPC.V
CPCI.CA
CPG.TO
CPGN.S
CPGT.JK
CPH.BK
CPHC.O
CPHCAP.CO
CPHI.K
CPHn.BK
CPHNW.CO
CPIN.JK
CPK
CPL
CPL.AX
CPM.PS
CPN.CD
CPNCGu.BK
CPNf.BK
CPP.V
CPR.LS
CPRE3S.SA
CPRm.BK
CPRT.O
CPS
CPSH.O
CPSS.O
CPST.O
CPUGk.F
CPVB.PS
CPX.TO
CQE.TO
CQMh.V
CR.TO
CRANE.BK
CRBP2.PA
CRCM.K
CRCRE.L
CRDa
CRDA.L
CRDI.MI
CREADa.ST
CREAL.MX
CREH.KL
CRFSA.IS
CRI.SN
CRIV3.SA
CRIV4.SA
CRK
CRLA.PA
CRLO.PA
CROE.SI
CROM.NS
CROP.NS
CROS.PA
CROWN.PS
CRPG6.SA
CRPP.PA
CRR
CRSL.NS
CRSM.KL
CRSU.PA
CRSV.NS
CRT
CRT.LM
CRTN.O
CRVL.O
CRWS.O
CRZ.SN
CS
CSAB4.SA
CSB.PS
CSC
CSCB.KL
CSCO34.SA
CSFL.NS
CSFR.BO
CSG.SN
CSGG.F
CSGN.S
CSKY.SI
CSL
CSL.V
CSLn.BK
CSLT.K
CSP.MI
CSPI.O
CSPn.BK
CSR.BK
CSSf.BK
CSSn.BK
CST
CSTH.KL
CSU.TO
CTAL.KL
CTAX3.SA
CTBK.NS
CTBN.JK
CTDh.V
CTEL.BO
CTF_u.TO
CTGP34.SA
CTH.L
CTI.L
CTI.SN
CTIC.O
CTJ.CN
CTKA4.SA
CTM.V
CTMX.O
CTN.V
CTNGk.F
CTPL5.TA
CTRA.JK
CTRB.KL
CTRL.O
CTRN.O
CTRP.JK
CTRS.JK
CTS
CTSA8.SA
CTSO.O
CTT.LS
CTV.CN
CTW.BK
CTWS.O
CTXS.O
CTY1S.HE
CUBN.O
CUCI.MI
CUCO.BO
CUK
CUNB.O
CUO.V
CUP.SN
CUR.O
CURG.DE
CUU.V
CVCB3S.SA
CVCB3T.SA
CVCY.O
CVIE.KL
CVL.TO
CVLT.O
CVRR.K
CVS
CVSH34.SA
CVT
CVTEC.ST
CVTI.O
CVU
CWAY.O
CWBC.O
CWD.L
CWF.TO
CWIHx.SI
CWQh.V
CWTD.SI
CWTf.BK
CXAb.TO
CXEh.V
CXM.V
CXV.V
CXW
CXX.V
CYAD.BR
CYAD.O
CYAN.O
CYDSASAA.MX
CYH
CYIE.NS
CYOU.O
CYRN.O
CYTK.O
CYXO.ST
CZC.CD
CZFC.O
CZh.V
CZN.TO
CZO.V
CZWI.O
CZY.V
CZZ
D7I.F
DA.MI
DABA.CO
DABU.NS
DAE.S
DAIGn.DE
DAIImf.BK
DAIO.O
DALA.NS
DAMG.DE
DAMS.NS
DAN
DAN.V
DANA.AD
DANHOS13.MX
DAPA.SI
DAR.V
DASA3.SA
DASB.MM
DATA.K
DATA.KL
DATC.NS
DAU.V
DAVE.O
DC.L
DCD_u.TO
DCIGk.F
DE1n.H
DENGE.IS
DFLI.BO
DFSD.L
DIOD.MM
DJI.L
DLE.AX
DLE.I
DLGD.L
DLHb.CO
DLL.AS
DNSO.NS
DRD
DRDJ.J
DRDN.PA
DREGa.F
DSKL.NS
DTNC.PA
DUNL.BO
DVEC.MM
DXR
EASTq.L
EBNr.AT
ECG.AX
ECK.L
ECP.PA
EDLG.DE
EDSP.PA
EEMP.PA
EFFG.DE
EFIN.PA
EIT_u.TO
EKTG.DE
ELGT.NS
ELLE.ST
ELMN.S
ELNk.F
ELTH.NS
EMH.AX
EMHE.L
ENALYZ.CO
ENGB.BR
ENGI.NS
ENINV.BR
EOS.ST
EPH.S
EPSr.AT
EQUJ.J
ERAE.BO
ERDY.NS
ESOFT.CO
ESPE.AS
ESTGn.MU
ESYG.DE
ETGG.DE
EUCE.NS
EURO.SI
EVRE.L
EXJ.F
EXOR.MI
EXPb.CO
EXXr.AT
EYBL.VI
EZBG.BR
F2YGn.DE
FALY.BO
FAOGn.DE
FAP.TO
FBAP.PA
FCMC.PA
FCR.AX
FDC.NS
FDPA.PA
FED.NS
FEDq.L
FEWG.F
FFBP.PA
FFI_u.TO
FFMG.SG
FFPP.PA
FFY.I
FHWG.F
FIBR.SI
FIF.L
FIIN.NS
FINM.PA
FINr.AT
FIPP.PA
FITE.NS
FJET.L
FLTR.BO
FMG.AX
FMU.PA
FNM_u.TO
FNXT.BU
FODL.PA
FORN.S
FPH.NZ
FPN.PA
FRR.L
FSDV.PA
FTL.MI
FTON.S
FTZ.AX
FUNN.BO
FXPO.L
G9U.BR
GAIL.NS
GAILq.L
GALA.MI
GAPR.NS
GAUM.PA
GAZS.MM
GBB1W3RF7.L
GBB57MKM5.L
GBB666Q27.L
GBGP.L
GBM.AX
GCS.AX
GDFR.NS
GDSF.PA
GDVL.BO
GDY.AX
GEAP.PA
GEBk.F
GECE.NS
GEECq.L
GEMD.L
GENC.PA
GERX.PA
GFL.NZ
GGX.AX
GII_u.TO
GIMV.BR
GIVG.DE
GIVN.S
GJNC.NS
GJNdv.NS
GKN.L
GLAX.NS
GLEN.L
GLPRq.L
GLTRq.L
GMDS.PA
GMKN.MM
GRMO.BO
GRO
GSH
GUJM.BO
GUR.S
GVFI.BO
GWI.L
GXY.AX
H9O1k.F
H9YG.F
HAIK.L
HALS.MM
HALSq.L
HAMO.BR
HAO.AX
HAPD.IC
HAYT.L
HBMD.O
HEDV.VI
HHXG.H
HIGH.PA
HITIT.IS
HMUG.DE
HNDG.F
HOCM.L
HP3G.DE
HPBGn.DE
HPCL.NS
HPIG.DE
HRG.L
HRTIS.HE
HSS.L
HTCL.SI
HTLE.NS
HUB.AX
HUBN.S
HUE.S
HXCKk.DE
HYB_u.TO
HYDRA.AS
HYIG.F
HYWG.BE
I5Q1.F
I8CKk.H
IAU.AX
IB.MI
IBEX.L
ICE.BR
ICNT.NS
ID2A.L
IDX_u.TO
IEP.BR
IEX.AS
IFCI.NS
IFCN.S
IFM.AX
IFT.NZ
IHG
IHG.L
II8G.F
ILFE.NS
ILM1k.D
IMGI.MC
IMM.L
IMMH.PA
IMMOU.BR
INED.NS
INFN.SI
INME.I
INTUP.L
INVER.AS
INW1k.F
IOC.NS
IOMG.L
IPF.L
IPOG.F
IQE.L
IRGZ.MM
IRKT.MM
ISLB.NS
ISTR.O
ITXA.PA
IVR.NS
IZHZI.RTS
JDW.L
JIM.L
JKA.AX
JKCE.NS
JLG.L
JMAT.L
JMDT.BO
JNOS.MM
JOIN.BO
JOXG.MU
JPIPu.L
JT9.MU
KAPT.NS
KB
KBSF.O
KBUG.DE
KDM.WA
KEGC.BU
KFARI.RTS
KGNI.BO
KIMP.PA
KKT.AX
KLCA.PA
KLR.AX
KLSB.MM
KMEZ.MM
KMLKk.MU
KNO.AX
KOCL.NS
KONE.O
KOPY.ST
KOYO.SI
KRHr.AT
KRSG.MM
KRTI.BO
KSP.I
KUBE.MM
KURN.S
KYMZI.RTS
L1OGk.F
LAFU.PA
LBAG.F
LCG.L
LCYE.F
LEBO.PA
LFC
LFVE.PA
LGM.AX
LHAG.DE
LIBS.NS
LINP.PA
LKBG.F
LMS.L
LNZL.MM
LOEX.PA
LOHN.S
LOHS.BO
LPER.PA
LTAN.PA
LU0110790085.BR
LVIDE.AS
LZTL.PA
MAHH.NS
MAHN.NS
MAKE.PA
MASN.S
MAXA.BO
MBQGn.DE
MBRI.PA
MBT.AX
MCEG.F
MCPHY.PA
MDCM.L
MDID.BO
MDL.AX
MDSY.PA
MEDV.BR
MEL.AX
MELS.NS
MENBA.IS
MERT.NGM
MEVr.AT
MFBP.PA
MFGS.MM
MFT.NZ
MHHG.DE
MIDI.MI
MID_u.TO
MIGAb.CO
MIH.AX
MIKN.S
MIN.L
MKZ_u.TO
MLATV.PA
MLERO.PA
MLFAC.PA
MLPFX.PA
MM2A.SI
MMBM.MM
MMTC.NS
MMXM.L
MNSA.SCT
MOL.AX
MONV.MU
MORI.MM
MORL.NS
MOTZ.MM
MRA.V
MRKY.MM
MRRE.L
MSHr.AT
MSML.SI
MSOTI.RTS
MTMY.L
MUBG.DE
MURG.L
MUTG.F
MVVb.NGM
MYRN.S
N1NG.F
NAB.AX
NBB.L
NBHG.MU
NBPE.AS
NC5Ak.DE
NCM.AX
NCTY.O
NEDJ.J
NEDSE.AS
NEFI.BR
NEOF.PA
NESN.S
NETGnk.F
NEWCAP.CO
NHBG.MU
NIIT.NS
NITT.NS
NKESI.RTS
NKP.AX
NMC.L
NPOF.MM
NR21.BR
NRDC.CO
NRO.PA
NSTG.BE
NTOr.AT
NUQ.SG
NVC.PA
NWRN.S
NWZI.PA
NZO.NZ
NZX.NZ
OCDO.L
OCI.AS
OCQG.F
ODEG.F
ODVA.MM
ODX.L
OEL.AX
OELG.F
OILI.NS
OKEYq.L
OKU.AX
OLGG.F
OLLI.PA
OMH.AX
OML.L
OPIN.BR
OPIN.MM
ORE.AX
OREG.L
OREGE.PA
ORGI.NS
ORME.BU
ORVP.BO
OSIL.SI
OTCB.BR
OTI.S
P4OG.DE
PAFR.L
PAR.AX
PARN.O
PASS.PA
PAYS.L
PCBB.BR
PCT.NZ
PDAG.DE
PDL.L
PEGr.AT
PEUP.PA
PFD.L
PFI.NZ
PFL.L
PGY.AX
PHST.MM
PICB.BR
PISL.NS
PKBG.F
PKY
PLEKk.F
PLND.L
PLOT.BU
PLS.AX
PLTG.D
PNGG.H
PNSB.BR
PPAG.DE
PPCF.PA
PREE.BO
PRFN.S
PRIS.NS
PRO.BK
PROn.BK
PRP.L
PSP.AX
PTCM.L
PTEC.L
PTF.V
PUS.MU
PVAC.PA
PYXI.BO
QRF.BR
QRT.L
RAKP.OL
RAV_u.TO
RBCM.MM
RBD.NZ
RBN_u.TO
RDGP.PA
RDS.AX
REAT.L
RECIV.L
REDT.L
REGR.PA
RELD.NS
RETE.BR
REVr.AT
RFGJ.J
RGBG.F
RGU.L
RIO
RIO.AX
RIO.L
RKET.DE
RLFB.S
RLRT.BR
RMOG.D
ROBIT.HE
ROL.S
ROST.MM
ROTH.PA
RQIH.L
RSA.L
RSTC.NS
RSWM.NS
RTSB.MM
RUCG.MU
RURL.NS
RUSP.MM
SABC.BR
SACO.BO
SACV.NS
SADE.NS
SAEM.NS
SAFE.L
SAGS.L
SAHN.S
SALV.PA
SALVS.L
SALZI.RTS
SAN.NZ
SANE.BO
SAPEC.BR
SAPR.BO
SATRI.RTS
SAVP.L
SBGL.K
SBIO.SI
SBTV.NS
SBVG.SG
SCLP.L
SCMG.F
SCUGe.MU
SDTC.PA
SEA.NZ
SELG.MM
SEVL.L
SFCA.PA
SFOG.DE
SFPGk.F
SFPI.PA
SFSb.IC
SFZN.S
SGC.AX
SGOC.O
SGP.L
SGSG.D
SHER.BO
SHG
SHI
SHLK.NS
SIGF.PA
SIK.S
SIMG.F
SINF.NS
SIN_u.TO
SITR.SI
SIXG.DE
SJIN.NS
SKG_u.TO
SKIN.S
SKYB.L
SLBG34.SA
SLBV.VI
SLCO.PA
SMAR.BR
SMD.AX
SMET.S
SOC.AX
SOLAq.L
SOURC.AS
SPBG.D
SPBS.PA
SPI.L
SPK.NZ
SPOE.PA
SPSF.BO
SPTG.F
SPTI.NS
SQN.S
SQZ.L
SRAM.BO
SRIN.NS
SSCL.BO
SSPM.NS
STM.MI
STRN.S
SUCB.BR
SUH.AX
SUIJ.J
SUJM.NS
SUMM.NS
SUN.S
SURP.NS
SUTO.NS
SVE.L
SWM.AX
SYNB.BR
SYNG.MM
T2GG.F
TACTR.IS
TALK.L
TAN.L
TANE.BO
TANH.O
TBGR.L
TCNP.PA
TECN.S
TEDE.PA
TEXO.NS
TGKN.MM
TGR.AX
THR.BR
THX.AX
TIL.NZ
TISG.F
TKURU.IS
TLVB.PA
TOMA.PR
TONN.PA
TOPS.O
TPSC.BO
TPT.L
TPW.NZ
TRAO.M3
TRF_u.TO
TRH_u.TO
TRY.AX
TSTRE.L
TTOG.F
TYNN.PA
UBM.L
UCA1.F
UKUZ.MM
ULRC.PA
UNSP.NS
UPL.L
URAMI.RTS
URKA.MM
VANGD.IS
VCT.NZ
VDNG.F
VED.L
VELA.L
VENC.AS
VESGn.MU
VGP1.BR
VICOq.L
VIDHr.AT
VIP_u.TO
VISJ.J
VITA.MI
VLHZ.MM
VLRT.S
VLTZ.PA
VMR1k.F
VODJ.J
VPIN.NS
VRSB.MM
VSN.L
VTEX.BO
VTGK.MM
VTXI.BO
VUAG.D
WARB.BR
WCW.L
WES.AX
WF
WGF1G.DE
WHF.AX
WHS.NZ
WINKM.L
WKP.L
WLC.AX
WLG.L
WLL.AX
WLSNc.AS
WPBI.VI
WPHO.L
WSA.AX
WTS.L
WWGG.F
XIL.PA
YAKG.MM
YB1.F
YNB.AX
YP_u.TO
YZC
YZDAI.RTS
ZARG.F
ZCCM.PA
ZEG.L
ZENT.BR
ZNH
ZNK.MC
ZOLq.L
ZPFKk.MU
ZZZ.L
