000056.SZ
000056.SZ
000056.SZ
000056.SZ
000056.SZ
000056.SZ
000056.SZ
000150.KS
000157.SZ
000157.SZ
000157.SZ
000157.SZ
000157.SZ
000370.KS
000413.SZ
000413.SZ
000413.SZ
000413.SZ
000413.SZ
000415.SZ
000415.SZ
000419.SZ
000419.SZ
000425.SZ
000425.SZ
000510.SZ
000510.SZ
000510.SZ
000510.SZ
000510.SZ
000517.SZ
000517.SZ
000517.SZ
000531.SZ
000531.SZ
000531.SZ
000531.SZ
000539.SZ
000539.SZ
000539.SZ
000539.SZ
000539.SZ
000539.SZ
000543.SZ
000543.SZ
000543.SZ
000543.SZ
000543.SZ
000543.SZ
000547.SZ
000547.SZ
000547.SZ
000547.SZ
000564.SZ
000564.SZ
000572.SZ
000572.SZ
000651.SZ
000651.SZ
000651.SZ
000651.SZ
000651.SZ
000671.SZ
000671.SZ
000680.SZ
000680.SZ
000680.SZ
000722.SZ
000722.SZ
000733.SZ
000733.SZ
000733.SZ
000733.SZ
000733.SZ
000733.SZ
000757.SZ
000757.SZ
000757.SZ
000785.SZ
000785.SZ
000785.SZ
000785.SZ
000785.SZ
000791.SZ
000791.SZ
000791.SZ
000791.SZ
000791.SZ
000791.SZ
000792.SZ
000792.SZ
000792.SZ
000792.SZ
000810.KS
000816.SZ
000816.SZ
000816.SZ
000816.SZ
000821.SZ
000821.SZ
000821.SZ
000821.SZ
000833.SZ
000833.SZ
000833.SZ
000833.SZ
000833.SZ
000833.SZ
000833.SZ
000833.SZ
000851.SZ
000851.SZ
000851.SZ
000851.SZ
000851.SZ
000851.SZ
000875.SZ
000875.SZ
000875.SZ
000875.SZ
000875.SZ
000880.SZ
000880.SZ
000880.SZ
000880.SZ
000880.SZ
000880.SZ
000880.SZ
000880.SZ
000887.SZ
000887.SZ
000893.SZ
000893.SZ
000893.SZ
000893.SZ
000893.SZ
000893.SZ
000893.SZ
000893.SZ
000893.SZ
000893.SZ
000893.SZ
000899.SZ
000899.SZ
000899.SZ
000899.SZ
000899.SZ
000902.SZ
000902.SZ
000902.SZ
000902.SZ
000902.SZ
000902.SZ
000902.SZ
000939.SZ
000939.SZ
000939.SZ
000939.SZ
000939.SZ
000957.SZ
000957.SZ
000957.SZ
000957.SZ
000957.SZ
000957.SZ
000957.SZ
000957.SZ
000959.SZ
000959.SZ
000959.SZ
000959.SZ
000959.SZ
000959.SZ
000966.SZ
000966.SZ
000966.SZ
000976.SZ
000976.SZ
000976.SZ
000976.SZ
000976.SZ
000976.SZ
001450.KS
002005.SZ
002005.SZ
002005.SZ
002005.SZ
002005.SZ
002022.SZ
002022.SZ
002022.SZ
002067.SZ
002067.SZ
002067.SZ
002078.SZ
002078.SZ
002099.SZ
002099.SZ
002099.SZ
002099.SZ
002099.SZ
002112.SZ
002115.SZ
002115.SZ
002115.SZ
002115.SZ
002115.SZ
002130.SZ
002130.SZ
002141.SZ
002141.SZ
002141.SZ
002141.SZ
002141.SZ
002141.SZ
002166.SZ
002166.SZ
002175.SZ
002175.SZ
002175.SZ
002175.SZ
002180.SZ
002180.SZ
002185.SZ
002185.SZ
002185.SZ
002185.SZ
002185.SZ
002204.SZ
002204.SZ
002204.SZ
002204.SZ
002204.SZ
002204.SZ
002242.SZ
002242.SZ
002242.SZ
002242.SZ
002242.SZ
002244.SZ
002244.SZ
002244.SZ
002244.SZ
002244.SZ
002248.SZ
002248.SZ
002248.SZ
002266.SZ
002266.SZ
002266.SZ
002266.SZ
002266.SZ
002266.SZ
002269.SZ
002269.SZ
002269.SZ
002284.SZ
002284.SZ
002284.SZ
002284.SZ
002284.SZ
002284.SZ
002286.SZ
002286.SZ
002286.SZ
002486.SZ
002486.SZ
002486.SZ
002486.SZ
002486.SZ
1976.T
1976.T
1976.T
1976.T
1976.T
200056.SZ
200056.SZ
200056.SZ
200056.SZ
200056.SZ
200056.SZ
200056.SZ
200413.SZ
200413.SZ
200413.SZ
200413.SZ
200413.SZ
200539.SZ
200539.SZ
200539.SZ
200539.SZ
200539.SZ
200539.SZ
200986.SZ
200986.SZ
200986.SZ
200986.SZ
200986.SZ
2124.T
2124.T
2124.T
2124.T
2124.T
2124.T
2332.T
2389.T
2389.T
2389.T
2389.T
2389.T
2389.T
2389.T
2412.T
2439.TW
2439.TW
2439.TW
2439.TW
2439.TW
2439.TW
2439.TW
2439.TW
2464.T
2464.T
2503.T
2792.T
2810.T
300038.SZ
300038.SZ
300038.SZ
300038.SZ
300038.SZ
300046.SZ
300046.SZ
300056.SZ
300056.SZ
300073.SZ
300073.SZ
300099.SZ
300108.SZ
300108.SZ
300108.SZ
300108.SZ
300108.SZ
300108.SZ
300108.SZ
300108.SZ
300116.SZ
300116.SZ
300116.SZ
300116.SZ
300116.SZ
300171.SZ
300171.SZ
300171.SZ
300171.SZ
300171.SZ
300209.SZ
300209.SZ
300211.SZ
300211.SZ
300219.SZ
300219.SZ
300219.SZ
300219.SZ
300219.SZ
300228.SZ
300291.SZ
300291.SZ
300292.SZ
300292.SZ
300292.SZ
300292.SZ
300302.SZ
300302.SZ
300302.SZ
300302.SZ
300327.SZ
300327.SZ
300327.SZ
300327.SZ
300327.SZ
300327.SZ
300347.SZ
300347.SZ
300364.SZ
300364.SZ
300364.SZ
300364.SZ
300364.SZ
300365.SZ
300365.SZ
300365.SZ
300365.SZ
300365.SZ
300373.SZ
300373.SZ
300373.SZ
300373.SZ
300373.SZ
300373.SZ
300373.SZ
300388.SZ
300388.SZ
300388.SZ
300419.SZ
300419.SZ
300429.SZ
300429.SZ
300429.SZ
300429.SZ
300429.SZ
300429.SZ
300429.SZ
300429.SZ
300429.SZ
300429.SZ
300429.SZ
300429.SZ
300429.SZ
300429.SZ
300429.SZ
300438.SZ
300438.SZ
300445.SZ
300445.SZ
300445.SZ
300445.SZ
300445.SZ
300479.SZ
300479.SZ
300479.SZ
300482.SZ
300482.SZ
3011.TW
3011.TW
3011.TW
3011.TW
3030.TW
3030.TW
3030.TW
3030.TW
3030.TW
3030.TW
3030.TW
3034.T
3034.T
3045.TW
3045.TW
3045.TW
3045.TW
3045.TW
3045.TW
3049.TW
3049.TW
3049.TW
3049.TW
3049.TW
3049.TW
3104.T
3104.T
3104.T
3104.T
3104.T
3352.T
3388.T
3388.T
3422.NG
3559.TW
3559.TW
3559.TW
3559.TW
3559.TW
3559.TW
3580.T
3580.T
3580.T
3633.T
3633.T
3658.TWO
3658.TWO
3658.TWO
3658.TWO
3658.TWO
3673.T
3673.T
3673.T
3673.T
3673.T
3673.T
3673.T
3679.TW
3679.TW
3679.TW
3679.TW
3679.TW
3762.T
3822.T
3822.T
4284.T
4284.T
4284.T
4284.T
4284.T
4318.T
4318.T
4318.T
4318.T
4327.T
4327.T
4348.T
4348.T
4348.T
4471.T
4471.T
4471.T
4471.T
4507.T
4507.T
4507.T
4507.T
4507.T
4581.T
4659.T
4659.T
4659.T
4659.T
4659.T
4659.T
4665.T
4665.T
4665.T
4665.T
4676.T
4676.T
4676.T
4684.T
4733.T
4764.T
4764.T
4764.T
4768.T
4768.T
4768.T
4838.T
4838.T
4956.T
4956.T
4956.T
4956.TW
4956.TW
4956.TW
4956.TW
4956.TW
4971.T
4971.T
4971.T
4971.T
4971.T
4995.FU
4995.FU
5203.TW
5203.TW
5203.TW
5203.TW
5203.TW
5386.T
5386.T
5406.T
5406.T
5406.T
5464.T
5464.T
5464.T
5471.T
5480.T
5480.T
5742.T
5742.T
5820.T
5820.T
5820.T
5820.T
5906.T
5906.T
5906.T
5906.T
5906.T
5906.T
5906.T
5906.T
5959.T
5959.T
5970.T
5970.T
5970.T
600012.SS
600012.SS
600012.SS
600012.SS
600012.SS
600012.SS
600012.SS
600020.SS
600020.SS
600020.SS
600020.SS
600020.SS
600020.SS
600030.SS
600030.SS
600030.SS
600030.SS
600030.SS
600030.SS
600033.SS
600033.SS
600037.SS
600037.SS
600037.SS
600037.SS
600037.SS
600037.SS
600068.SS
600068.SS
600068.SS
600068.SS
600079.SS
600079.SS
600086.SS
600086.SS
600086.SS
600086.SS
600086.SS
600130.SS
600130.SS
600130.SS
600130.SS
600130.SS
600130.SS
600158.SS
600158.SS
600158.SS
600158.SS
600158.SS
600158.SS
600158.SS
600159.SS
600159.SS
600161.SS
600161.SS
600161.SS
600161.SS
600161.SS
600161.SS
600161.SS
600191.SS
600191.SS
600217.SS
600217.SS
600217.SS
600217.SS
600233.SS
600233.SS
600233.SS
600233.SS
600233.SS
600233.SS
600233.SS
600282.SS
600282.SS
600282.SS
600289.SS
600289.SS
600289.SS
600303.SS
600303.SS
600303.SS
600303.SS
600310.SS
600310.SS
600310.SS
600310.SS
600335.SS
600335.SS
600335.SS
600335.SS
600386.SS
600386.SS
600386.SS
600386.SS
600386.SS
600386.SS
600392.SS
600392.SS
600392.SS
600392.SS
600395.SS
600395.SS
600395.SS
600395.SS
600395.SS
600395.SS
600395.SS
600400.SS
600400.SS
600400.SS
600400.SS
600400.SS
600418.SS
600418.SS
600418.SS
600418.SS
600418.SS
600418.SS
600418.SS
600425.SS
600425.SS
600425.SS
600425.SS
600466.SS
600466.SS
600466.SS
600466.SS
600508.SS
600508.SS
600508.SS
600508.SS
600508.SS
600512.SS
600512.SS
600512.SS
600512.SS
600562.SS
600562.SS
600573.SS
600573.SS
600573.SS
600573.SS
600573.SS
600573.SS
600573.SS
600575.SS
600575.SS
600575.SS
600575.SS
600590.SS
600590.SS
600590.SS
600590.SS
600590.SS
600590.SS
600590.SS
600611.SS
600611.SS
600620.SS
600620.SS
600620.SS
600620.SS
600620.SS
600620.SS
600640.SS
600640.SS
600640.SS
600640.SS
600640.SS
600643.SS
600643.SS
600643.SS
600652.SS
600652.SS
600652.SS
600652.SS
600652.SS
600657.SS
600657.SS
600657.SS
600657.SS
600657.SS
600657.SS
600664.SS
600664.SS
600664.SS
600664.SS
600664.SS
600664.SS
600664.SS
600691.SS
600703.SS
600703.SS
600703.SS
600703.SS
600703.SS
600765.SS
600765.SS
600776.SS
600776.SS
600776.SS
600776.SS
600776.SS
600777.SS
600777.SS
600777.SS
600777.SS
600782.SS
600782.SS
600782.SS
600782.SS
600782.SS
600814.SS
600814.SS
600814.SS
600814.SS
600814.SS
600814.SS
600828.SS
600828.SS
600828.SS
600831.SS
600831.SS
600831.SS
600831.SS
600831.SS
600862.SS
600862.SS
600862.SS
600862.SS
600862.SS
600885.SS
600885.SS
600885.SS
600885.SS
600885.SS
600885.SS
600885.SS
600885.SS
600885.SS
600885.SS
600894.SS
600894.SS
600894.SS
600894.SS
600895.SS
600895.SS
600895.SS
600895.SS
600895.SS
601010.SS
601010.SS
601010.SS
601010.SS
601010.SS
601010.SS
601098.SS
601098.SS
601098.SS
601098.SS
601198.SS
601198.SS
601198.SS
601198.SS
601198.SS
601198.SS
601198.SS
601198.SS
601258.SS
601258.SS
601258.SS
601258.SS
601258.SS
601258.SS
601558.SS
601801.SS
601801.SS
601801.SS
601901.SS
601901.SS
601901.SS
601901.SS
601901.SS
601901.SS
601933.SS
601933.SS
601933.SS
601933.SS
601933.SS
601933.SS
601933.SS
601933.SS
601933.SS
601933.SS
601933.SS
601933.SS
601933.SS
601933.SS
601933.SS
601933.SS
601968.SS
601968.SS
601968.SS
603000.SS
603000.SS
603023.SS
603023.SS
603023.SS
603023.SS
603023.SS
603023.SS
603023.SS
603023.SS
603023.SS
603023.SS
603023.SS
603023.SS
603023.SS
603023.SS
603023.SS
603023.SS
603023.SS
603023.SS
603169.SS
603169.SS
603169.SS
603169.SS
603169.SS
603169.SS
603227.SS
603227.SS
603227.SS
603227.SS
603227.SS
603299.SS
603299.SS
603299.SS
603299.SS
603299.SS
603355.SS
603355.SS
603566.SS
603566.SS
603566.SS
603566.SS
603566.SS
603566.SS
603669.SS
603669.SS
603669.SS
603678.SS
603678.SS
603678.SS
603678.SS
603678.SS
603808.SS
603808.SS
603808.SS
603919.SS
603919.SS
603997.SS
603997.SS
603999.SS
603999.SS
603999.SS
603999.SS
6103.T
6103.T
6103.T
6135.T
6135.T
6135.T
6135.T
6135.T
6135.T
6135.T
6135.T
6251.TW
6251.TW
6251.TW
6251.TW
6251.TW
6251.TW
6302.T
6302.T
6349.T
6349.T
6349.T
6498.T
6498.T
6498.T
6498.T
6498.T
6498.T
6498.T
6498.T
6512.TWO
6512.TWO
6512.TWO
6512.TWO
6512.TWO
6512.TWO
6518.T
6518.T
6629.T
6629.T
6629.T
6629.T
6629.T
6629.T
6651.T
6651.T
6651.T
6651.T
6651.T
6651.T
6651.T
6651.T
6674.T
6794.T
6794.T
6794.T
6794.T
6794.T
6794.T
6822.T
6875.T
6875.T
6875.T
6875.T
6875.T
6973.T
6973.T
7011.T
7011.T
7011.T
7297.T
7459.T
7459.T
7459.T
7459.T
7459.T
7459.T
7459.T
7483.T
7483.T
7483.T
7554.T
7554.T
7554.T
7554.T
7554.T
7554.T
7554.T
7564.T
7564.T
7564.T
7564.T
7591.T
7591.T
7612.T
7612.T
7612.T
7612.T
7612.T
7709.T
7820.T
7820.T
7838.T
7838.T
7838.T
7838.T
9062.T
9062.T
9062.T
9478.T
9478.T
9478.T
9478.T
9478.T
9478.T
9478.T
9504.T
9504.T
9504.T
9504.T
9504.T
9508.T
9508.T
9508.T
9508.T
9508.T
9739.T
9739.T
9739.T
9739.T
9739.T
9739.T
9739.T
9753.T
9753.T
9753.T
9753.T
9753.T
9753.T
9753.T
9753.T
9753.T
9783.T
9783.T
9783.T
9783.T
9783.T
9783.T
9783.T
9783.T
9783.T
9882.T
9882.T
9882.T
9882.T
9882.T
9887.T
9887.T
9887.T
9887.T
9928.T
9928.T
9928.T
9928.T
9928.T
9928.T
9928.T
9928.T
9936.T
9936.T
AMKR.O
AMKR.O
AMKR.O
AMKR.O
AMKR.O
AMKR.O
AMKR.O
AMKR.O
AMKR.O
AMKR.O
AMKR.O
AMKR.O
AMKR.O
AMKR.O
AMKR.O
AMKR.O
APC
APC
APC
APC
BENL.KL
BENL.KL
BENL.KL
BENL.KL
BENL.KL
BENL.KL
BENL.KL
BENL.KL
BENL.KL
BENL.KL
BENL.KL
BENL.KL
BENL.KL
BGM.V
BGM.V
BGM.V
BGM.V
BGM.V
BGM.V
BGM.V
BILIa.ST
BILIa.ST
BILIa.ST
BILIa.ST
BILIa.ST
BIZIM.IS
BIZIM.IS
BIZIM.IS
BIZIM.IS
BIZIM.IS
BIZIM.IS
BIZIM.IS
BJRI.O
BJRI.O
BJRI.O
BJRI.O
BJRI.O
BJRI.O
BJRI.O
BJRI.O
BJRI.O
BJRI.O
BJRI.O
BJRI.O
BJRI.O
BJRI.O
BJRI.O
BJRI.O
BJRI.O
BJRI.O
BSDE.JK
BSDE.JK
BSFT.O
BSFT.O
BSFT.O
BSFT.O
BSOKE.IS
BSOKE.IS
BSOKE.IS
BSOKE.IS
BSOKE.IS
BSOKE.IS
BWXT.K
BWXT.K
BWXT.K
BWXT.K
BWXT.K
BWXT.K
BWXT.K
BWXT.K
BYBq.L
BYBq.L
BYBq.L
BYBq.L
BYBq.L
CBD
CETV.O
CGD.SN
CGD.SN
CGD.SN
CGD.SN
CGD.SN
CGD.SN
CGD.SN
CGD.SN
CGD.SN
CGD.SN
CMA
CMA
CMA
CMA
CMOCTEZ.MX
CMOCTEZ.MX
CMOCTEZ.MX
CNA
CNA
CNA
CNA
CNA
COWN.O
COWN.O
COWN.O
COWN.O
COWN.O
COWN.O
COWN.O
COWN.O
COWN.O
COWN.O
COWN.O
COWN.O
COWN.O
COWN.O
COWN.O
COWN.O
CPIr.AT
CPIr.AT
CPIr.AT
CPIr.AT
CPIr.AT
CPIr.AT
CPIr.AT
CPIr.AT
CPIr.AT
CPIr.AT
CPIr.AT
CPIr.AT
CPIr.AT
CRES.MI
CRES.MI
CRES.MI
CRES.MI
CRES.MI
CRES.MI
CRES.MI
CRES.MI
CVI
CVI
CVI
CVI
CVI
CVI
CVI
CVI
CVI
CVI
CVI
CVI
CVI
DITAS.IS
DITAS.IS
DITAS.IS
DITAS.IS
DITAS.IS
DITAS.IS
DK
DK
DK
DK
DK
DO
DOBUR.IS
DOBUR.IS
DOBUR.IS
DOBUR.IS
DOBUR.IS
DOBUR.IS
DRYS.O
EBMT.O
EBMT.O
EBMT.O
EBMT.O
EBMT.O
EBMT.O
ECOL.O
ECOL.O
ECOL.O
EEP
EEP
EEP
EEP
EEP
EFII.O
EGSER.IS
ESL.TO
ESS
ESS
ESS
ESS
ESS
ESS
ESSA.O
ESSA.O
ESSA.O
ESSA.O
EWK.V
EWK.V
EWK.V
EWK.V
EWK.V
EWK.V
EWK.V
EWK.V
EWK.V
EWK.V
EWK.V
EWK.V
EXAC.O
EXAC.O
EXAC.O
EXAC.O
EXAC.O
EXAC.O
FAL.LM
FAL.LM
FAL.LM
FAL.LM
FAL.LM
FAL.LM
FAL.LM
FAL.LM
FBR
FCAP.O
FCAP.O
FCNCA.O
FCNCA.O
FCNCA.O
FCNCA.O
FCNCA.O
FCNCA.O
FCNCA.O
FELE.O
FELE.O
FELE.O
FELE.O
FIBRAMQ12.MX
FIBRAMQ12.MX
FIBRAMQ12.MX
FRAGUAB.MX
FRAGUAB.MX
FREN.JK
GABC.O
GABC.O
GABC.O
GABC.O
GATX.K
GATX.K
GATX.K
GATX.K
GATX.K
GATX.K
GIGANTE.MX
GIGANTE.MX
GJFS.OL
GOOD.O
GOOD.O
GOOD.O
GOOD.O
HVT
HVT
HVT
HVT
HVT
HVTa
HVTa
HVTa
HVTa
HVTa
IDEALB1.MX
IDEALB1.MX
IDEALB1.MX
IDEALB1.MX
IDEALB1.MX
IDTI.O
IDTI.O
IDTI.O
IDTI.O
IDTI.O
IDTI.O
IDTI.O
IDTI.O
IDTI.O
IDTI.O
IDTI.O
IDTI.O
IDTI.O
IDTI.O
IDTI.O
IDTI.O
IDTI.O
IMAS.JK
INCR.O
INCR.O
IPHS.O
IPHS.O
IVC
IVC
IVC
IVC
IVC
IVC
KARO.ST
KARO.ST
KARO.ST
KARO.ST
KARO.ST
KARO.ST
KARO.ST
KARO.ST
KARO.ST
KARO.ST
L
L
L
L
LANC.O
LANC.O
LANC.O
LANC.O
LCAM3.SA
LIAB.ST
LIAB.ST
LPKR.JK
LPKR.JK
LPKR.JK
LUV
LUV
MCEP.O
MCEP.O
MCEP.O
MEDICAB.MX
MEP
MEP
MEP
MEP
MGI.O
MIC
MPC
MPC
MPC
MPC
MPC
MPC
MPC
MPC
MPC
MPLX.K
MPLX.K
MPLX.K
MPLX.K
MPLX.K
MPLX.K
MPLX.K
MPLX.K
MPLX.K
MPLX.K
MPLX.K
MPLX.K
MPLX.K
MPLX.K
MPLX.K
MPLX.K
MWW
NOBI.ST
NOBI.ST
NOBI.ST
NOBI.ST
NOBI.ST
NOBI.ST
NSIT.O
OFIX.O
OFIX.O
OFIX.O
ORC
ORC
ORC
ORC
ORC
ORC
ORRF.O
ORRF.O
ORRF.O
ORRF.O
OSIS.O
OSIS.O
OSIS.O
OSIS.O
OSIS.O
OSIS.O
OSIS.O
PEG
PEG
PEG
PENOLES.MX
PENOLES.MX
PENOLES.MX
PENOLES.MX
PF
PKD
PKD
PKD
POCHTECB.MX
POLHO.IS
POLHO.IS
PRZMA.IS
PRZMA.IS
PRZMA.IS
PRZMA.IS
PRZMA.IS
PTEN.O
PTEN.O
PTEN.O
PTEN.O
PTEN.O
PTEN.O
PTEN.O
PTEN.O
PTEN.O
PTEN.O
PTEN.O
PTEN.O
PTEN.O
PTEN.O
PTEN.O
PTEN.O
PTEN.O
PTEN.O
PTEN.O
PTEN.O
PTEN.O
PTPP.JK
PTPP.JK
PWX.O
REN.V
REN.V
REN.V
REN.V
REN.V
REN.V
REN.V
REN.V
REN.V
REN.V
REN.V
REN.V
RES
RES
RES
RES
RES
RIB.DE
RIB.DE
RIB.DE
RIB.DE
RMM.L
RMM.L
RMM.L
RMM.L
RMM.L
RMM.L
RMM.L
RMM.L
RMM.L
RMM.L
RMM.L
RMM.L
RMM.L
RMM.L
RMM.L
RMM.L
RMM.L
RMM.L
RPI_u.TO
RPI_u.TO
RPI_u.TO
RPI_u.TO
RPI_u.TO
RPI_u.TO
RPI_u.TO
RPI_u.TO
RPI_u.TO
RPI_u.TO
RPI_u.TO
RPI_u.TO
RPI_u.TO
RPI_u.TO
RPI_u.TO
RSYS.O
RUG.V
RUG.V
RUG.V
RUG.V
RUG.V
RUG.V
RUG.V
RUG.V
RUG.V
RUG.V
RUG.V
SCSS.O
SCSS.O
SEE
SEE
SEE
SEE
SFBS.O
SFBS.O
SFBS.O
SFBS.O
SFBS.O
SFST.O
SFST.O
SFST.O
SFST.O
SGZ.V
SGZ.V
SGZ.V
SGZ.V
SGZ.V
SGZ.V
SGZ.V
SGZ.V
SGZ.V
SGZ.V
SHP.LM
SHP.LM
SHP.LM
SHP.LM
SHP.LM
SIML.SI
SJW
SJW
SJW
SJW
SJW
SONC.O
SONC.O
SONC.O
SONC.O
SONC.O
SONC.O
SONC.O
SONC.O
SONC.O
SONC.O
SONC.O
SONC.O
SONC.O
SONC.O
SONC.O
SPNC.O
SPNC.O
SPNC.O
SPNC.O
SPNC.O
SPNC.O
TATGD.IS
TATGD.IS
TATGD.IS
TEX
TEX
TEX
TEX
TEX
TEX
TEX
TGLS.O
TGLS.O
TGLS.O
TMMA.MX
TMMA.MX
TMMA.MX
TNET.BR
TNET.BR
TNET.BR
TNET.BR
TNET.BR
TNET.BR
TRNS.O
TRNS.O
TRNS.O
TRNS.O
TRNS.O
TSGYO.IS
TSGYO.IS
TXT
TYPE.O
TYPE.O
TYPE.O
TYPE.O
TYPE.O
VET.TO
VET.TO
VET.TO
VET.TO
VET.TO
VET.TO
VET.TO
VET.TO
VET.TO
VET.TO
VITROA.MX
VITROA.MX
VITROA.MX
VITROA.MX
VLCh.V
VLCh.V
VLCh.V
VLCh.V
VLCh.V
VLCh.V
VLCh.V
VLCh.V
VLCh.V
VNO
VNO
VNO
VNO
VNO
VRTX.O
VRTX.O
VRTX.O
VRTX.O
VRTX.O
WAL
WAL
WAL
WAL
WAL
WAL
WAL
WERN.O
WERN.O
WERN.O
WERN.O
WERN.O
WILT.SI
WILT.SI
WILT.SI
WILT.SI
WILT.SI
WILT.SI
WILT.SI
WILT.SI
WILT.SI
WILT.SI
WSKT.JK
WSKT.JK
WSKT.JK
WSR
XING.KL
XING.KL
XING.KL
XING.KL
XING.KL
XING.KL
XING.KL
YUM
ZFC
ZFC
ZFC
ZFC
ZTE.CD
ZTE.CD
ZTE.CD
ZTE.CD
ZTE.CD
ZTE.CD
ZTE.CD
ZTE.CD
ZTE.CD
ZTE.CD
ZTE.CD
ZTE.CD
