000007.SZ
000007.SZ
000007.SZ
000007.SZ
000026.SZ
000026.SZ
000026.SZ
000026.SZ
000026.SZ
000155.SZ
000155.SZ
000155.SZ
000155.SZ
000301.SZ
000301.SZ
000301.SZ
000301.SZ
000407.SZ
000407.SZ
000407.SZ
000407.SZ
000407.SZ
000407.SZ
000408.SZ
000408.SZ
000408.SZ
000408.SZ
000408.SZ
000408.SZ
000422.SZ
000422.SZ
000422.SZ
000422.SZ
000422.SZ
000422.SZ
000422.SZ
000422.SZ
000422.SZ
000422.SZ
000507.SZ
000507.SZ
000507.SZ
000509.SZ
000509.SZ
000509.SZ
000509.SZ
000516.SZ
000516.SZ
000516.SZ
000516.SZ
000516.SZ
000524.SZ
000524.SZ
000524.SZ
000524.SZ
000524.SZ
000524.SZ
000534.SZ
000534.SZ
000534.SZ
000534.SZ
000586.SZ
000586.SZ
000586.SZ
000586.SZ
000586.SZ
000586.SZ
000586.SZ
000586.SZ
000593.SZ
000593.SZ
000593.SZ
000593.SZ
000599.SZ
000599.SZ
000599.SZ
000599.SZ
000599.SZ
000617.SZ
000617.SZ
000617.SZ
000692.SZ
000692.SZ
000692.SZ
000692.SZ
000698.SZ
000698.SZ
000698.SZ
000698.SZ
000698.SZ
000698.SZ
000713.SZ
000713.SZ
000713.SZ
000713.SZ
000810.KS
000818.SZ
000818.SZ
000818.SZ
000818.SZ
000818.SZ
000818.SZ
000818.SZ
000823.SZ
000823.SZ
000823.SZ
000823.SZ
000823.SZ
000900.SZ
000900.SZ
000900.SZ
000900.SZ
000931.SZ
000931.SZ
000931.SZ
000931.SZ
000931.SZ
000978.SZ
000978.SZ
000978.SZ
000978.SZ
000978.SZ
000978.SZ
000978.SZ
000978.SZ
000978.SZ
000979.SZ
000979.SZ
000979.SZ
000993.SZ
000993.SZ
000993.SZ
000993.SZ
000993.SZ
001230.KS
001450.KS
002096.SZ
002096.SZ
002127.SZ
002127.SZ
002139.SZ
002139.SZ
002139.SZ
002139.SZ
002139.SZ
002148.SZ
002148.SZ
002148.SZ
002148.SZ
002148.SZ
002148.SZ
002215.SZ
002215.SZ
002215.SZ
002215.SZ
002289.SZ
002289.SZ
002289.SZ
002289.SZ
002291.SZ
002291.SZ
002291.SZ
002291.SZ
002296.SZ
002296.SZ
002296.SZ
002296.SZ
002296.SZ
002314.SZ
002314.SZ
002318.SZ
002318.SZ
002318.SZ
002318.SZ
002318.SZ
002345.SZ
002345.SZ
002345.SZ
002345.SZ
002345.SZ
002345.SZ
002370.SZ
002370.SZ
002370.SZ
002370.SZ
002370.SZ
002370.SZ
002522.SZ
002522.SZ
002522.SZ
002522.SZ
002522.SZ
002522.SZ
002522.SZ
002522.SZ
002522.SZ
002529.SZ
002529.SZ
002529.SZ
002529.SZ
002529.SZ
002529.SZ
002529.SZ
002529.SZ
002564.SZ
002564.SZ
002564.SZ
002605.SZ
002605.SZ
002605.SZ
002605.SZ
002605.SZ
002606.SZ
002606.SZ
002606.SZ
002715.SZ
002715.SZ
002715.SZ
002715.SZ
002715.SZ
002715.SZ
002797.SZ
002797.SZ
003070.KS
023460.KQ
023460.KQ
023460.KQ
023460.KQ
023460.KQ
034020.KS
034020.KS
060230.KQ
071050.KS
071050.KS
088350.KS
094480.KQ
094480.KQ
095720.KS
1088.HK
1088.HK
1301.T
1301.T
1332.T
1332.T
1332.T
1332.T
138040.KS
139480.KS
1799.T
1799.T
1799.T
1820.T
1820.T
1820.T
1820.T
1820.T
1820.T
1820.T
1820.T
1820.T
1820.T
1956.T
1956.T
1956.T
1956.T
1956.T
195990.KQ
200026.SZ
200026.SZ
200026.SZ
200026.SZ
200026.SZ
2004.T
2004.T
200706.SZ
200706.SZ
200706.SZ
2028.TW
2028.TW
203650.KQ
203650.KQ
203650.KQ
203650.KQ
203650.KQ
203650.KQ
2204.T
2204.T
2204.T
2264.T
2264.T
2264.T
2383.TW
2383.TW
2383.TW
2383.TW
2383.TW
2383.TW
2383.TW
2440.T
2440.T
2480.T
2480.T
2480.T
2480.T
2480.T
2749.T
2749.T
2749.T
2768.T
2768.T
2768.T
2768.T
2768.T
2768.T
2768.T
2768.T
2812.T
2812.T
2812.T
2882.T
300018.SZ
300018.SZ
300018.SZ
300018.SZ
300018.SZ
300022.SZ
300022.SZ
300022.SZ
300022.SZ
300022.SZ
300022.SZ
300025.SZ
300025.SZ
300025.SZ
300025.SZ
300025.SZ
300025.SZ
300087.SZ
300087.SZ
300087.SZ
300110.SZ
300110.SZ
300110.SZ
300110.SZ
300110.SZ
300135.SZ
300135.SZ
300135.SZ
300153.SZ
300153.SZ
300153.SZ
300184.SZ
300184.SZ
300184.SZ
300184.SZ
300184.SZ
300184.SZ
300184.SZ
300184.SZ
300243.SZ
300243.SZ
300243.SZ
300243.SZ
300243.SZ
300243.SZ
300243.SZ
300243.SZ
300328.SZ
300328.SZ
300328.SZ
300328.SZ
300328.SZ
300344.SZ
300344.SZ
300344.SZ
300392.SZ
300401.SZ
300401.SZ
300401.SZ
300407.SZ
300407.SZ
300407.SZ
300413.SZ
300413.SZ
300413.SZ
300413.SZ
300415.SZ
300415.SZ
300415.SZ
300415.SZ
300415.SZ
300415.SZ
300468.SZ
300468.SZ
300468.SZ
300468.SZ
300472.SZ
300472.SZ
300472.SZ
300476.SZ
300476.SZ
300506.SZ
300506.SZ
300506.SZ
300506.SZ
300506.SZ
300535.SZ
300535.SZ
300535.SZ
300535.SZ
300535.SZ
300535.SZ
3079.T
3079.T
3079.T
3079.T
3079.T
3082.T
3082.T
3082.T
3113.T
3113.T
3113.T
3113.T
3113.T
3254.T
3254.T
3254.T
3254.T
3254.T
3254.T
3275.T
3275.T
3306.T
3306.T
3371.T
3371.T
3371.T
3371.T
3371.T
3457.T
3457.T
3457.T
3542.T
3542.T
3542.T
3542.T
3542.T
3542.T
3648.T
3648.T
3648.T
3648.T
3648.T
3662.T
3800.T
3800.T
3800.T
3800.T
3842.T
3842.T
3842.T
3930.T
3930.T
4008.T
4008.T
4008.T
4299.T
4299.T
4299.T
4299.T
4308.T
4308.T
4308.T
4308.T
4308.T
4331.T
4341.T
4341.T
4341.T
4341.T
4341.T
4345.T
4345.T
4345.T
4506.T
4506.T
4506.T
4519.T
4519.T
4519.T
4669.T
4669.T
4669.T
4669.T
4669.T
4669.T
4679.T
4679.T
4679.T
4812.T
4812.T
4912.T
4912.T
4912.T
4912.T
4919.T
4919.T
4975.T
4975.T
4975.T
4975.T
5186.T
5186.T
5186.T
5186.T
5186.T
5186.T
5341.T
5341.T
5358.T
5358.T
5388.T
5388.T
5388.T
5388.T
5388.T
5388.T
5388.T
5411.T
5458.T
5458.T
5458.T
5458.T
5461.NG
5758.T
5758.T
5758.T
5758.T
5758.T
5933.T
5933.T
5933.T
5933.T
5933.T
5947.T
5947.T
5947.T
5974.T
5974.T
600082.SS
600082.SS
600082.SS
600082.SS
600088.SS
600088.SS
600088.SS
600088.SS
600088.SS
600088.SS
600088.SS
600088.SS
600098.SS
600098.SS
600098.SS
600098.SS
600098.SS
600119.SS
600119.SS
600119.SS
600119.SS
600148.SS
600148.SS
600148.SS
600156.SS
600156.SS
600156.SS
600156.SS
600156.SS
600175.SS
600175.SS
600175.SS
600175.SS
600175.SS
600213.SS
600213.SS
600216.SS
600216.SS
600216.SS
600216.SS
600216.SS
600225.SS
600225.SS
600225.SS
600225.SS
600242.SS
600242.SS
600242.SS
600242.SS
600242.SS
600319.SS
600319.SS
600319.SS
600319.SS
600346.SS
600346.SS
600359.SS
600359.SS
600359.SS
600359.SS
600421.SS
600421.SS
600421.SS
600421.SS
600421.SS
600456.SS
600456.SS
600456.SS
600456.SS
600456.SS
600456.SS
600456.SS
600456.SS
600475.SS
600475.SS
600475.SS
600475.SS
600475.SS
600486.SS
600486.SS
600486.SS
600486.SS
600486.SS
600503.SS
600503.SS
600503.SS
600503.SS
600556.SS
600556.SS
600556.SS
600556.SS
600586.SS
600586.SS
600586.SS
600645.SS
600668.SS
600668.SS
600668.SS
600668.SS
600668.SS
600668.SS
600721.SS
600721.SS
600721.SS
600732.SS
600732.SS
600732.SS
600732.SS
600764.SS
600764.SS
600764.SS
600764.SS
600789.SS
600789.SS
600789.SS
600789.SS
600789.SS
600789.SS
600847.SS
600847.SS
600847.SS
600847.SS
600847.SS
600858.SS
600858.SS
600858.SS
600858.SS
600865.SS
600865.SS
600865.SS
600865.SS
600882.SS
600882.SS
600882.SS
600882.SS
600882.SS
600890.SS
600890.SS
600890.SS
600890.SS
600897.SS
600897.SS
600897.SS
600897.SS
600897.SS
600897.SS
600898.SS
600898.SS
600898.SS
600898.SS
600898.SS
600898.SS
600960.SS
600960.SS
600971.SS
600971.SS
600971.SS
600971.SS
600975.SS
600975.SS
600975.SS
600975.SS
600975.SS
600982.SS
600982.SS
600982.SS
601028.SS
601028.SS
601028.SS
601028.SS
601208.SS
601208.SS
601208.SS
601388.SS
601388.SS
601388.SS
601388.SS
601388.SS
601388.SS
601579.SS
601579.SS
601579.SS
601579.SS
601579.SS
601616.SS
601616.SS
601616.SS
601616.SS
601616.SS
601668.SS
601668.SS
601857.SS
601857.SS
603066.SS
603066.SS
603066.SS
603066.SS
603100.SS
603100.SS
603100.SS
603100.SS
603100.SS
603100.SS
603100.SS
603100.SS
603118.SS
603118.SS
603118.SS
603118.SS
603118.SS
603123.SS
603123.SS
603123.SS
603123.SS
603123.SS
603123.SS
603123.SS
603167.SS
603167.SS
603167.SS
603167.SS
603167.SS
603167.SS
603309.SS
603309.SS
603309.SS
603309.SS
603309.SS
603309.SS
603309.SS
603311.SS
603311.SS
603311.SS
603598.SS
603598.SS
603598.SS
603598.SS
603598.SS
603598.SS
603598.SS
603598.SS
603598.SS
603598.SS
603598.SS
603598.SS
603598.SS
603918.SS
603918.SS
603918.SS
603939.SS
603939.SS
603939.SS
603939.SS
603939.SS
603988.SS
603988.SS
603988.SS
603988.SS
603988.SS
603988.SS
6042.T
6042.T
6042.T
6073.T
6073.T
6073.T
6073.T
6121.T
6121.T
6121.T
6138.T
6138.T
6163.T
6163.T
6163.T
6269.T
6269.T
6269.T
6269.T
6293.T
6293.T
6325.T
6325.T
6325.T
6325.T
6331.T
6331.T
6364.T
6364.T
6364.T
6479.T
6505.TW
6505.TW
6505.TW
6505.TW
6592.T
6592.T
6643.T
6643.T
6643.T
6643.T
6724.T
6777.T
6777.T
6930.T
6930.T
6930.T
6930.T
6963.T
6963.T
6988.T
6988.T
6988.T
6996.T
6996.T
6996.T
6996.T
7022.T
7022.T
7022.T
7122.T
7122.T
7122.T
7172.T
7172.T
7172.T
7231.T
7231.T
7249.NG
7249.NG
7249.NG
7296.T
7460.T
7460.T
7460.T
7460.T
7460.T
7482.T
7482.T
7482.T
7606.T
7606.T
7647.T
7647.T
7705.T
7705.T
7705.T
7859.T
7885.T
7885.T
7885.T
7885.T
7885.T
7885.T
7885.T
7885.T
7885.T
7897.T
7897.T
7897.T
7897.T
7897.T
7937.T
7937.T
7958.T
7958.T
7958.T
7958.T
7961.T
7961.T
7961.T
7994.T
7994.T
7994.T
7994.T
7994.T
7994.T
7TH.BB
8020.T
8020.T
8031.T
8031.T
8031.T
8031.T
8031.T
8032.T
8032.T
8032.T
8032.T
8074.T
8074.T
8074.T
8074.T
8074.T
8088.T
8088.T
8088.T
8088.T
8088.T
8088.T
8088.T
8088.T
8088.T
8088.T
8088.T
8101.T
8101.T
8101.T
8101.T
8105.TW
8105.TW
8105.TW
8105.TW
8105.TW
8160.T
8203.HK
8203.HK
8248.HK
8248.HK
8248.HK
8410.T
8439.T
8439.T
8439.T
8439.T
8439.T
8439.T
8439.T
8728.T
8728.T
8728.T
8848.T
8848.T
8848.T
8848.T
8848.T
8922.T
8922.T
8922.T
8922.T
8922.T
8922.T
900939.SS
900939.SS
900939.SS
900939.SS
900939.SS
900939.SS
900939.SS
9072.T
9072.T
9072.T
9072.T
9072.T
9072.T
9072.T
9110.T
9324.T
9324.T
9324.T
9324.T
9324.T
9324.T
9324.T
9324.T
9370.T
9401.T
9401.T
9401.T
9401.T
9409.T
9708.T
9708.T
9763.T
9763.T
9763.T
9763.T
9830.T
9950.T
9950.T
9950.T
9950.T
9950.T
9950.T
9950.T
9950.T
9950.T
9950.T
9956.T
9962.T
9986.T
9986.T
9987.T
9987.T
9987.T
9987.T
9987.T
9987.T
9987.T
AAON.O
AAON.O
AAON.O
AAON.O
AAON.O
AAV.TO
AAV.TO
AAV.TO
AAV.TO
AAV.TO
AAV.TO
AAWW.O
AAWW.O
ABDA.JK
ABDA.JK
ABDA.JK
ABT
ABT
ABT
ABT
ABT
ABT
ABT
ABT
ABT
ABT
ABT
ABT
ABT
ABT
ABT
ABT
ABT
ABT
ABT
ABT
ABT
ABT
ABTL.O
ABTT34.SA
ABTT34.SA
ABTT34.SA
ABTT34.SA
ABTT34.SA
ABTT34.SA
ABTT34.SA
ABTT34.SA
ABTT34.SA
ABTT34.SA
ABTT34.SA
ABTT34.SA
ABTT34.SA
ABTT34.SA
ABTT34.SA
ABTT34.SA
ABTT34.SA
ABTT34.SA
ABTT34.SA
ABTT34.SA
ABTT34.SA
ABTT34.SA
ACC
ACC
ACC
ACC
ACIW.O
ACIW.O
ACIW.O
ACIW.O
ACLS.O
ACLS.O
ACLS.O
ACLS.O
ACLS.O
ACLS.O
ACLS.O
ACRE.K
ACRE.K
ACRE.K
ACRE.K
ACRE.K
ADDG.DE
ADDG.DE
ADDG.DE
ADDG.DE
ADIB.AD
ADMS.O
ADMS.O
ADMS.O
ADMS.O
ADMS.O
ADMS.O
AEFES.IS
AEFES.IS
AEFES.IS
AFAM.O
AFAM.O
AFAM.O
AFL
AFL
AFL
AFL
AFL
AGESb.ST
AGESb.ST
AGESb.ST
AGESb.ST
AGESb.ST
AGESb.ST
AGESb.ST
AGESb.ST
AGESb.ST
AGESb.ST
AGESb.ST
AGESb.ST
AGESb.ST
AGESb.ST
AGESb.ST
AGESb.ST
AGESb.ST
AGESb.ST
AGESb.ST
AGESb.ST
AGN
AGRO.JK
AGRO.JK
AGRO.JK
AGRO.JK
AIG
AIG
AIG
AIG
AIG
AINC.K
AINC.K
AINT.SI
AINT.SI
AIQ.O
AIQ.O
AIQ.O
AIQ.O
AIQ.O
AIRM.O
AIRM.O
AIRM.O
AIRM.O
AIRM.O
AKPAZ.IS
AKPAZ.IS
AKPAZ.IS
AKPAZ.IS
AKPAZ.IS
AKPAZ.IS
AKPAZ.IS
AKPAZ.IS
AL
AL
AL
AL
AL
AL
AL
AL
ALDO.JK
ALIM.O
ALIM.O
ALIM.O
ALIM.O
ALL
ALL
ALL
ALL
ALL
ALL
ALL
ALL
ALL
ALL
ALL
ALL
ALL
ALL_pa
ALL_pa
ALL_pa
ALL_pa
ALL_pa
ALL_pa
ALL_pa
ALL_pa
ALL_pa
ALL_pa
ALL_pa
ALL_pa
ALL_pa
ALL_pc
ALL_pc
ALL_pc
ALL_pc
ALL_pc
ALL_pc
ALL_pc
ALL_pc
ALL_pc
ALL_pc
ALL_pc
ALL_pc
ALL_pc
ALL_pd
ALL_pd
ALL_pd
ALL_pd
ALL_pd
ALL_pd
ALL_pd
ALL_pd
ALL_pd
ALL_pd
ALL_pd
ALL_pd
ALL_pd
ALL_pe
ALL_pe
ALL_pe
ALL_pe
ALL_pe
ALL_pe
ALL_pe
ALL_pe
ALL_pe
ALL_pe
ALL_pe
ALL_pe
ALL_pe
ALL_pf
ALL_pf
ALL_pf
ALL_pf
ALL_pf
ALL_pf
ALL_pf
ALL_pf
ALL_pf
ALL_pf
ALL_pf
ALL_pf
ALL_pf
ALNY.O
ALNY.O
ALNY.O
ALNY.O
ALNY.O
ALNY.O
ALNY.O
ALNY.O
AMAG.O
AMAG.O
AMAG.O
AMBC.O
AMBC.O
AMBC.O
AMBC.O
AMBC.O
AMBC.O
AMBC.O
AMBC.O
AMBR.K
AMBR.K
AMBR.K
AMBR.K
AMCX.O
AMCX.O
AMCX.O
AMCX.O
AMCX.O
AMCX.O
AMCX.O
AMCX.O
AMCX.O
AMCX.O
AMCX.O
AMCX.O
AMCX.O
AMCX.O
AMCX.O
AMCX.O
AMCX.O
AMCX.O
AMH
AMH
AMH
AMH
AMH2b.ST
AMH2b.ST
AMH2b.ST
AMH2b.ST
AMH2b.ST
AMH2b.ST
AMH2b.ST
AMH2b.ST
AMP
AMP
AMSC.O
AMSC.O
AMSC.O
AMSC.O
AMTH.KL
AMTH.KL
AMTH.KL
AMTH.KL
AMTH.KL
AMTH.KL
AMTH.KL
AMTH.KL
AMTH.KL
ANCO.KL
ANCO.KL
ANCO.KL
ANCO.KL
ANCO.KL
ANCO.KL
ANCO.KL
ANCO.KL
ANCO.KL
ANCO.KL
ANCO.KL
ANCO.KL
ANCO.KL
ANCO.KL
ANCO.KL
ANET.K
ANET.K
ANET.K
ANET.K
ANET.K
ANET.K
APETI.HE
APETI.HE
APETI.HE
APETI.HE
APH
APO
APO
APO
APO
APTS.K
APTS.K
APTS.K
APTS.K
APTS.K
APTS.K
APTS.K
APTS.K
ARCHER.OL
ARCHER.OL
ARCHER.OL
ARCHER.OL
ARCHER.OL
ARCX.K
ARCX.K
ARCX.K
ARCX.K
ARCX.K
ARCX.K
ARCX.K
ARCX.K
ARCX.K
ARCX.K
ARCX.K
ARCX.K
ARCX.K
ARCX.K
ARCX.K
ARE.LM
ARE.LM
ARE.LM
ARE.LM
ARE.LM
ARE.LM
ARE.LM
ARE.LM
AREi.LM
AREi.LM
AREi.LM
AREi.LM
AREi.LM
AREi.LM
AREi.LM
AREi.LM
AREX.O
AREX.O
AREX.O
AREX.O
AREX.O
AREX.O
AREX.O
AREX.O
AREX.O
AREX.O
AREX.O
AREX.O
AREX.O
AREX.O
ARGX.BR
ARRY.O
ARRY.O
ARRY.O
ARRY.O
ARRY.O
ARRY.O
ARRY.O
ARRY.O
ARRY.O
ARRY.O
ARRY.O
ARRY.O
ARRY.O
ARRY.O
ARRY.O
ARRY.O
ARRY.O
ARW
ARW
ARW
ARW
ASPN.K
ASPN.K
ASPN.K
ATEN.K
ATEN.K
ATP.WA
ATP.WA
ATP.WA
ATP.WA
ATP.WA
ATP.WA
ATP.WA
ATP.WA
ATP.WA
ATR
ATR
ATR
ATR
ATR
ATR
ATR
ATSG.O
ATSG.O
ATSG.O
ATSG.O
ATSG.O
ATVI.O
ATVI.O
ATVI.O
ATVI.O
ATVI.O
ATVI.O
ATVI.O
ATVI.O
ATVI.O
ATVI.O
ATVI.O
AVON34.SA
AVON34.SA
AVON34.SA
AVON34.SA
AVON34.SA
AVON34.SA
AVP
AVP
AVP
AVP
AVP
AVP
AXTA.K
AXTI.O
AXTI.O
AXTI.O
AXTI.O
BABY.O
BABY.O
BABY.O
BABY.O
BABY.O
BABY.O
BACA.JK
BACA.JK
BAHI3.SA
BANF.O
BANF.O
BANF.O
BANF.O
BANF.O
BANF.O
BANF.O
BANF.O
BANF.O
BANF.O
BANF.O
BANF.O
BANF.O
BARC.L
BBG
BBG
BBG
BBNP.JK
BBNP.JK
BBNP.JK
BBNP.JK
BBNP.JK
BBTOb.ST
BBTOb.ST
BBTOb.ST
BBTOb.ST
BBTOb.ST
BBTOb.ST
BBTOb.ST
BBTOb.ST
BBTOb.ST
BBTOb.ST
BBVA.K
BBVA.K
BBVA.K
BBVA.K
BBVA.K
BBVA.K
BBVA.K
BBVA.K
BBVA.K
BBVA.MC
BBVA.MC
BBVA.MC
BBVA.MC
BBVA.MC
BBVA.MC
BBVA.MC
BBVA.MC
BBVA.MC
BBVA.MC
BBVA.MC
BCBP.O
BCBP.O
BCBP.O
BCBP.O
BCS
BEAT.O
BEAT.O
BEAT.O
BEAT.O
BEAT.O
BEAT.O
BEAT.O
BEAT.O
BEAT.O
BEAT.O
BEAT.O
BEAT.O
BEAT.O
BEAT.O
BEL
BEL
BEL
BEL
BESI.AS
BFIN.JK
BGC
BGC
BGC
BGC
BGC
BGS
BGS
BGS
BGS
BGS
BHBK.O
BHBK.O
BHBK.O
BHBK.O
BIOD.O
BIRD.JK
BIRD.JK
BIRD.JK
BIRD.JK
BIRD.JK
BIRD.JK
BIRD.JK
BIRD.JK
BIRD.JK
BIRD.JK
BIRD.JK
BIRD.JK
BIRD.JK
BKCC.O
BKCC.O
BKCC.O
BKCC.O
BKCC.O
BKH
BKH
BKH
BKH
BKH
BKH
BKH
BKH
BKH
BKH
BKH
BKH
BKH
BKH
BKH
BKH
BKH
BKH
BKH
BKHU.K
BKHU.K
BKHU.K
BKHU.K
BKHU.K
BKHU.K
BKHU.K
BKHU.K
BKHU.K
BKHU.K
BKHU.K
BKHU.K
BKHU.K
BKHU.K
BKHU.K
BKHU.K
BKHU.K
BKHU.K
BKHU.K
BKSL.JK
BLMT.O
BLMT.O
BLMT.O
BLMT.O
BLMT.O
BLMT.O
BLUE.O
BLUE.O
BLUE.O
BNCL.O
BNCL.O
BOJA.O
BPL
BPL
BPL
BPL
BPL
BPL
BPL
BPL
BPL
BPL
BPL
BPL
BPL
BPL
BPL
BPL
BPL
BPL
BPL
BPL
BPL
BRS
BRS
BRS
BRSS.K
BSDE.JK
BSF.O
BSF.O
BSF.O
BSF.O
BSF.O
BTX
BTX
BTX
BTX
BTX
BTX
C
C
CABO.K
CABO.K
CABO.K
CABO.K
CABO.K
CABO.K
CABO.K
CABO.K
CABO.K
CABO.K
CABO.K
CABO.K
CABO.K
CABO.K
CABO.K
CABO.K
CABO.K
CAC.O
CAC.O
CAC.O
CAC.O
CARA.O
CARA.O
CARA.O
CARA.O
CARA.O
CB
CB
CB
CB
CB
CB
CB
CB
CBS
CBS
CBS
CBS
CBSa
CBSa
CBSa
CBSa
CCNE.O
CCNE.O
CCNE.O
CCNE.O
CCNE.O
CCNE.O
CCNE.O
CCOI.O
CCOI.O
CCOI.O
CCOI.O
CCRO3.SA
CCRO3.SA
CCRO3.SA
CCRO3.SA
CCRO3.SA
CDW.O
CDW.O
CDW.O
CECO.O
CECO.O
CECO.O
CECO.O
CECO.O
CELG.O
CEQP.K
CEQP.K
CEQP.K
CEQP.K
CEQP.K
CEQP.K
CEQP.K
CEQP.K
CEQP.K
CEQP.K
CEQP.K
CEQP.K
CEQP.K
CERS.O
CERS.O
CERS.O
CERS.O
CERS.O
CETH.KL
CETH.KL
CETH.KL
CETH.KL
CETH.KL
CETH.KL
CETH.KL
CETH.KL
CETH.KL
CF
CFG
CFG
CFG
CFG
CFG
CFIN.JK
CFIN.JK
CFIN.JK
CFIN.JK
CFIN.JK
CFIN.JK
CHCO.O
CHCO.O
CHCO.O
CHCO.O
CHD
CHD
CHD
CHD
CHEE.KL
CHEE.KL
CHEE.KL
CHEE.KL
CHEE.KL
CHEE.KL
CHEE.KL
CHEE.KL
CHEE.KL
CHEE.KL
CHIa.SN
CHIa.SN
CHIa.SN
CHIa.SN
CHIa.SN
CHIa.SN
CHIa.SN
CHI_pb.SN
CHI_pb.SN
CHI_pb.SN
CHI_pb.SN
CHI_pb.SN
CHI_pb.SN
CHI_pb.SN
CHI_pe.SN
CHI_pe.SN
CHI_pe.SN
CHI_pe.SN
CHI_pe.SN
CHI_pe.SN
CHI_pe.SN
CHK
CHK
CHK
CHK
CHMG.O
CHMG.O
CHMG.O
CHMG.O
CHMG.O
CHMG.O
CHMG.O
CHR.TO
CHTR.O
CHTR.O
CHU.LM
CHU.LM
CHU.LM
CHU.LM
CHU.LM
CHUY.O
CHUY.O
CHUY.O
CHUY.O
CHUY.O
CHUY.O
CHUY.O
CHUY.O
CHUY.O
CHUY.O
CHUY.O
CHUY.O
CHUY.O
CHUY.O
CHUY.O
CHUY.O
CHUY.O
CHUY.O
CHVX34.SA
CHVX34.SA
CHVX34.SA
CHVX34.SA
CHVX34.SA
CHVX34.SA
CHVX34.SA
CHVX34.SA
CHVX34.SA
CHVX34.SA
CHVX34.SA
CHVX34.SA
CHVX34.SA
CHVX34.SA
CHVX34.SA
CHVX34.SA
CINR.K
CINR.K
CINR.K
CINR.K
CINR.K
CINR.K
CIX
CIX
CIX
CIX
CIX
CIX
CIX
CIX
CIX.TO
CIX.TO
CIX.TO
CIX.TO
CIX.TO
CIX.TO
CLBH.O
CLBH.O
CLBH.O
CLBH.O
CLBH.O
CLDT.K
CLDT.K
CLDT.K
CLDT.K
CLDT.K
CLDT.K
CLGN34.SA
CLVS.O
CLVS.O
CLVS.O
CLVS.O
CLVS.O
CLVS.O
CLVS.O
CLVS.O
CLVS.O
CLVS.O
CLVS.O
CLVS.O
CLVS.O
CLVS.O
CLVS.O
CLVS.O
CLVS.O
CLVS.O
CLVS.O
CME.O
CME.O
CME.O
CME.O
CMO
CMO
CMO
CMO
CMO
CMO
CMT
CMT
CMT
CMT
CMT
CMT
CMT
CMT
CMT
CMT
CMT
CMT
CMT
CMT
CMT
CMT
CNS
CNS
CNS
CNS
CNS
CNS
CNS
CNS
CNS
CNS
CNS
CNS
CNS
CNS
CNS
CNS
CNS
CNSL.O
CNSL.O
CNSL.O
COLM.O
COMM.O
COMM.O
CR
CR
CRAI.O
CRAI.O
CRAI.O
CRAI.O
CRAI.O
CRAI.O
CRES.BO
CRES.BO
CRES.BO
CRES.BO
CRES.BO
CRES.BO
CRES.BO
CRES.BO
CRES.BO
CRES.BO
CRES.BO
CRI
CRVL.O
CRVL.O
CRVL.O
CRVL.O
CRVL.O
CRZO.O
CRZO.O
CRZO.O
CRZO.O
CS
CSGN.S
CSOD.O
CSOD.O
CSOD.O
CSOD.O
CSOD.O
CTC_pb.SN
CTGP34.SA
CTGP34.SA
CTL
CTL
CTL
CTL
CTL
CTRA.JK
CTRA.JK
CTT
CTT
CTT
CTT
CTT
CVCB3.SA
CVCB3.SA
CVCB3.SA
CVCB3.SA
CVCB3.SA
CVCB3S.SA
CVCB3S.SA
CVCB3S.SA
CVCB3S.SA
CVCB3S.SA
CVCB3T.SA
CVCB3T.SA
CVCB3T.SA
CVCB3T.SA
CVCB3T.SA
CVGI.O
CVGI.O
CVGI.O
CVGI.O
CVGI.O
CVGI.O
CVGI.O
CVGI.O
CVGI.O
CVTEC.ST
CVTEC.ST
CVTEC.ST
CVX
CVX
CVX
CVX
CVX
CVX
CVX
CVX
CVX
CVX
CVX
CVX
CVX
CVX
CVX
CVX
CWBC.O
CWBC.O
CWBC.O
CWBC.O
CWST.O
CWST.O
CWST.O
CWST.O
CWST.O
CXW
CXW
CXW
CXW
CYTK.O
CYTK.O
CYTK.O
CYTK.O
CYTK.O
CYTK.O
C_pc
C_pc
C_pj
C_pj
C_pk
C_pk
C_pl
C_pl
C_pp
C_pp
C_ps
C_ps
DANSKE.CO
DANSKE.CO
DANT.CO
DANT.CO
DANT.CO
DANT.CO
DANT.CO
DANT.CO
DANT.CO
DART.JK
DART.JK
DART.JK
DART.JK
DART.JK
DART.JK
DART.JK
DART.JK
DDE
DDE
DDE
DDE
DDR
DDR
DDR
DDR
DDR
DDR
DDR
DDR_pj
DDR_pj
DDR_pj
DDR_pj
DDR_pj
DDR_pj
DDR_pj
DDR_pk
DDR_pk
DDR_pk
DDR_pk
DDR_pk
DDR_pk
DDR_pk
DEI
DEI
DEI
DEI
DEL
DEL
DENIZ.IS
DENIZ.IS
DENIZ.IS
DENIZ.IS
DENIZ.IS
DENIZ.IS
DENIZ.IS
DENIZ.IS
DENIZ.IS
DENIZ.IS
DENIZ.IS
DENIZ.IS
DENIZ.IS
DENIZ.IS
DENIZ.IS
DENIZ.IS
DENN.O
DIIa.TO
DIIa.TO
DIIa.TO
DIIa.TO
DIIa.TO
DIIa.TO
DIIa.TO
DIIa.TO
DIIa.TO
DIIa.TO
DIIb.TO
DIIb.TO
DIIb.TO
DIIb.TO
DIIb.TO
DIIb.TO
DIIb.TO
DIIb.TO
DIIb.TO
DIIb.TO
DILD.JK
DK
DK
DK
DLGS.DE
DLGS.DE
DLGS.DE
DLGS.DE
DLGS.DE
DLGS.DE
DLGS.DE
DLGS.DE
DLGS.DE
DLGS.DE
DLGS.DE
DLGS.DE
DLGS.DE
DLGS.DE
DLGS.DE
DLGS.DE
DLGS.DE
DLGS.DE
DLGS.DE
DLGS.DE
DLGS.DE
DLGS.DE
DLTA.JK
DLTA.JK
DLTA.JK
DLTA.JK
DNB
DNR
DNR
DNR
DNR
DNR
DNR
DNR
DOC
DOC
DOC
DOC
DSMN.AS
DSMN.AS
DSMN.AS
DSMN.AS
DSMN.AS
DSMN.AS
DSMN.AS
DSMN.AS
DSMN.AS
DSMN.AS
DSMN.AS
DSMN.AS
DSMN.AS
DSMN.AS
DSMN.AS
DSMN.AS
DSMN.AS
DSMN.AS
DWSN.O
DWSN.O
DWSN.O
EARN.K
EARN.K
EARN.K
EARN.K
EARN.K
EARN.K
EARN.K
EARN.K
EARN.K
EAT
EAT
EAT
EAT
EAT
EAT
ECA.TO
ECA.TO
ECA.TO
ECA.TO
ECA.TO
ECA.TO
ECA.TO
ECA.TO
ECA.TO
ECA.TO
ECA.TO
ECHO.O
ECR
ECR
ECR
ECR
ECR
ECZYT.IS
ED
ED
ED
ED
ED
EDGW.O
EDGW.O
EDGW.O
EDGW.O
EDGW.O
EE
EE
EE
EE
EE
EE
EE
EE
EE
EE
EE
EE
EE
EE
EE
EE
EKIZ.IS
EKIZ.IS
EKIZ.IS
ELSA.JK
ELSA.JK
ELSA.JK
ELSA.JK
ELSA.JK
ELSA.JK
ELSA.JK
ELSA.JK
ELSA.JK
ELSA.JK
ELY
ELY
ELY
ELY
ELY
ELY
ELY
ELY
ELY
ELY
EML.O
EML.O
EML.O
EML.O
EML.O
EML.O
EML.O
EML.O
EML.O
EML.O
EML.O
EML.O
EML.O
EML.O
EML.O
EML.O
EML.O
EML.O
EML.O
EML.O
EML.O
ENB.TO
EPD
EPR
EPR
EPR
EPR
EPR
EPR
EPR
EPRI.OL
EPRI.OL
EPRI.OL
EPRI.OL
EPRI.OL
EPRI.OL
EPRI.OL
EPRI.OL
EPZM.O
EPZM.O
EPZM.O
EPZM.O
EPZM.O
EQIX.O
ERAA.JK
ERAA.JK
ERAA.JK
ERAA.JK
ERAA.JK
ERAA.JK
ERAA.JK
ERAA.JK
ES
ESPR.O
ESPR.O
ESPR.O
ESPR.O
ESS.V
ESS.V
ESS.V
ESS.V
ETFC.O
ETFC.O
ETFC.O
EUZG.DE
EUZG.DE
EUZG.DE
EUZG.DE
EUZG.DE
EUZG.DE
EUZG.DE
EUZG.DE
EUZG.DE
EUZG.DE
EUZG.DE
EUZG.DE
EUZG.DE
EUZG.DE
EUZG.DE
EUZG.DE
EUZG.DE
EVHC.K
EVHC.K
EVHC.K
EVHC.K
EVHC.K
EVHC.K
EVOG.ST
EVOG.ST
EVOG.ST
EVTC.K
EVTC.K
EVTC.K
EXAR.K
EXAR.K
EXAR.K
EXAR.K
EXAR.K
EXAR.K
EXAR.K
EXAR.K
EXAR.K
EXAR.K
EXAR.K
EXAR.K
EXAR.K
EXPO.O
EXPO.O
EXPO.O
EXPO.O
EXPO.O
EXPO.O
EXPO.O
EXPO.O
EXR
EXR
EXR
EXR
EXR
EXXO34.SA
EXXO34.SA
EXXO34.SA
EXXO34.SA
EXXO34.SA
EXXO34.SA
F
F
FARO.O
FARO.O
FARO.O
FBNK.O
FBNK.O
FBNK.O
FBNK.O
FBNK.O
FBNK.O
FBNK.O
FBNK.O
FBNK.O
FCBC.O
FCBC.O
FCBC.O
FCBC.O
FCEa
FCEa
FCEa
FCEa
FCEb
FCEb
FCEb
FCEb
FDMO34.SA
FDMO34.SA
FEMSAUB.MX
FEMSAUB.MX
FEMSAUB.MX
FEYE.O
FEYE.O
FEYE.O
FEYE.O
FEYE.O
FFG
FFG
FFG
FFG
FFG
FFIV.O
FFIV.O
FI
FIBN.KL
FIBN.KL
FIEG.DE
FIEG.DE
FIEG.DE
FIEG.DE
FIEG.DE
FIEG.DE
FIEG.DE
FIEG.DE
FIG
FIG
FIG
FIG
FIG
FIG
FII
FIREm.BK
FIREmn.BK
FIT
FIT
FIT
FIT
FIT
FIT
FIT
FLR
FLR
FLR
FLR
FLR
FLR
FLR
FLR
FLR
FLR
FLR
FLR
FLR
FLR
FLR
FLR
FLR
FLR
FLR
FLR
FMC
FMC
FMC
FMC
FMC
FMC
FMSAUBD.MX
FMSAUBD.MX
FMSAUBD.MX
FMX
FMX
FMX
FMXB34.SA
FMXB34.SA
FMXB34.SA
FNF
FNF
FNF
FNF
FNF
FNF
FNF
FNF
FNF
FNF
FNF
FNFV.K
FNFV.K
FNFV.K
FNFV.K
FNFV.K
FNFV.K
FNFV.K
FNFV.K
FNFV.K
FNFV.K
FNFV.K
FNGN.O
FNGN.O
FNGN.O
FORM.O
FORM.O
FORM.O
FORM.O
FOSL.O
FOSL.O
FOSL.O
FOSL.O
FOSL.O
FOSL.O
FOSL.O
FOSL.O
FOSL.O
FOSL.O
FOSL.O
FOSL.O
FOSL.O
FPRX.O
FPRX.O
FPRX.O
FPRX.O
FPRX.O
FPRX.O
FPRX.O
FPRX.O
FPRX.O
FPRX.O
FPRX.O
FPRX.O
FPRX.O
FPRX.O
FREN.JK
FRP.O
FRP.O
FSBW.O
FSBW.O
FULT.O
FULT.O
FULT.O
FULT.O
FULT.O
FULT.O
FVE.O
FVE.O
FVE.O
FVE.O
GAIA.O
GAIA.O
GAIA.O
GAIA.O
GAIA.O
GBLI.O
GBLI.O
GBLI.O
GDRB.BU
GDRB.BU
GDRB.BU
GE
GE
GEOO34.SA
GEOO34.SA
GFINBURO.MX
GFINBURO.MX
GGP
GGP
GGP
GGP
GGP
GGP
GLUU.O
GLUU.O
GLUU.O
GLW
GMD.MX
GMD.MX
GMD.MX
GMD.MX
GMD.MX
GMD.MX
GMD.MX
GMD.MX
GNCA.O
GNCA.O
GNCA.O
GNCA.O
GNCA.O
GNCA.O
GNCA.O
GNCA.O
GNCA.O
GNCA.O
GNCA.O
GNCA.O
GNCA.O
GNRO.PA
GNRO.PA
GNRO.PA
GNRO.PA
GNRO.PA
GNRO.PA
GNRO.PA
GNRO.PA
GNRO.PA
GNRO.PA
GNRO.PA
GNRO.PA
GNRO.PA
GNW
GOGL34.SA
GOGL35.SA
GOGO.O
GOGO.O
GOGO.O
GOOG.O
GOOGL.O
GPI
GPI
GPI
GPI
GPI
GPI
GPRE.O
GPRO.O
GPRO.O
GRA
GRA
GRSH.O
GRSH.O
GRSH.O
GRSH.O
GRSH.O
GRSHU.O
GRSHU.O
GRSHU.O
GRSHU.O
GRSHU.O
GS
GS
GS
GS
GS
GS
GS
GS
GS
GS
GS
GS
GS
GS
GS
GS
GS
GS
GSAT.K
GSAT.K
GSAT.K
GSAT.K
GSAT.K
GSC.TO
GSC.TO
GSC.TO
GSC.TO
GSC.TO
GSGI34.SA
GSGI34.SA
GSGI34.SA
GSGI34.SA
GSGI34.SA
GSGI34.SA
GSGI34.SA
GSGI34.SA
GSGI34.SA
GSGI34.SA
GSGI34.SA
GSGI34.SA
GSGI34.SA
GSGI34.SA
GSGI34.SA
GSGI34.SA
GSGI34.SA
GSGI34.SA
GS_pa
GS_pa
GS_pa
GS_pa
GS_pa
GS_pa
GS_pa
GS_pa
GS_pa
GS_pa
GS_pa
GS_pa
GS_pa
GS_pa
GS_pa
GS_pa
GS_pa
GS_pa
GS_pb
GS_pb
GS_pb
GS_pb
GS_pb
GS_pb
GS_pb
GS_pb
GS_pb
GS_pb
GS_pb
GS_pb
GS_pb
GS_pb
GS_pb
GS_pb
GS_pb
GS_pb
GS_pc
GS_pc
GS_pc
GS_pc
GS_pc
GS_pc
GS_pc
GS_pc
GS_pc
GS_pc
GS_pc
GS_pc
GS_pc
GS_pc
GS_pc
GS_pc
GS_pc
GS_pc
GS_pd
GS_pd
GS_pd
GS_pd
GS_pd
GS_pd
GS_pd
GS_pd
GS_pd
GS_pd
GS_pd
GS_pd
GS_pd
GS_pd
GS_pd
GS_pd
GS_pd
GS_pd
GS_pi
GS_pi
GS_pi
GS_pi
GS_pi
GS_pi
GS_pi
GS_pi
GS_pi
GS_pi
GS_pi
GS_pi
GS_pi
GS_pi
GS_pi
GS_pi
GS_pi
GS_pi
GS_pj
GS_pj
GS_pj
GS_pj
GS_pj
GS_pj
GS_pj
GS_pj
GS_pj
GS_pj
GS_pj
GS_pj
GS_pj
GS_pj
GS_pj
GS_pj
GS_pj
GS_pj
GS_pk
GS_pk
GS_pk
GS_pk
GS_pk
GS_pk
GS_pk
GS_pk
GS_pk
GS_pk
GS_pk
GS_pk
GS_pk
GS_pk
GS_pk
GS_pk
GS_pk
GS_pk
GS_pn
GS_pn
GS_pn
GS_pn
GS_pn
GS_pn
GS_pn
GS_pn
GS_pn
GS_pn
GS_pn
GS_pn
GS_pn
GS_pn
GS_pn
GS_pn
GS_pn
GS_pn
GTWN.O
GTWN.O
GTWN.O
GTWN.O
GTWN.O
GWO.TO
GWO.TO
GWO.TO
GWO.TO
GWO.TO
GWO.TO
GWO.TO
GWO.TO
GWO.TO
GXP
GXP
GXP
GXP
GXP
H
H
H
H
HABT.O
HABT.O
HABT.O
HABT.O
HABT.O
HABT.O
HABT.O
HABT.O
HABT.O
HABT.O
HABT.O
HABT.O
HABT.O
HABT.O
HABT.O
HAGq.L
HAGq.L
HAGq.L
HAGq.L
HAGq.L
HAGq.L
HAGq.L
HAGq.L
HCA
HCN
HCN
HCN
HCN
HCN
HCN
HCN
HCN
HCN
HCN
HCN
HCN
HCN
HCN
HCN
HCN
HCN
HCN
HCOM.O
HCOM.O
HCOM.O
HDNG.O
HDNG.O
HDNG.O
HDNG.O
HEOP.O
HEOP.O
HEOP.O
HEOP.O
HEP
HEP
HEP
HEP
HEP
HEP
HEP
HEP
HEP
HEP
HEP
HEP
HEP
HEP
HEP
HEP
HEP
HEP
HIPI.SI
HIPI.SI
HNR
HOG
HOG
HOG
HOG
HOG
HPSa.TO
HPSa.TO
HPSa.TO
HPSa.TO
HPSa.TO
HPSa.TO
HPSa.TO
HPSa.TO
HPSa.TO
HPSa.TO
HPSa.TO
HPSa.TO
HPSa.TO
HPSa.TO
HPSa.TO
HPSa.TO
HPSa.TO
HPSa.TO
HSC
HSC
HSC
HTBK.O
HTBK.O
HTBK.O
HTBK.O
HTBK.O
HYQGn.DE
HYQGn.DE
HYQGn.DE
HYQGn.DE
HYQGn.DE
HYQGn.DE
HYQGn.DE
HYQGn.DE
HYQGn.DE
HYQGn.DE
IBST.JK
IBST.JK
IBST.JK
IBST.JK
IBST.JK
IBST.JK
IBST.JK
IBST.JK
IBST.JK
ICAD.O
ICE
ICE.LM
ICE.LM
ICE.LM
ICE.LM
IEP.O
IEP.O
IEP.O
IEP.O
IEP.O
IFC.TO
IFC.TO
IFC.TO
IFC.TO
IFC.TO
IFC.TO
IFC.TO
IFC.TO
IFC.TO
IFC.TO
IFP.TO
IFP.TO
IFP.TO
IFP.TO
IFP.TO
IFP.TO
IFP.TO
IFP.TO
IFP.TO
IFP.TO
IFP.TO
IFP.TO
IFP.TO
IHGZT.IS
IHGZT.IS
IHGZT.IS
IMGN.O
IMGN.O
IMGN.O
IMGN.O
IMGN.O
IMGN.O
IMGN.O
IMGN.O
IMGN.O
IMGN.O
IMGN.O
IMMR.O
IMMR.O
IMMR.O
IMMR.O
IMMR.O
IMPV.K
IMPV.K
IMPV.K
IMPV.K
IMPV.K
IMPV.K
IMPV.K
IMPV.K
IMPV.K
IMPV.K
IMPV.K
IMPV.K
IMPV.K
IMPV.K
IMPV.K
IMPV.K
IMPV.K
IMPV.K
IMPV.K
IMSP.KL
IMSP.KL
IMSP.KL
IMSP.KL
IMSP.KL
INCU.OL
INCU.OL
INCU.OL
INCU.OL
INCU.OL
INCU.OL
INCU.OL
INCU.OL
INDB.O
INDB.O
INDB.O
INDB.O
INGN.O
INGN.O
INGN.O
INGN.O
INGN.O
INNV.SI
INNV.SI
INNV.SI
INNV.SI
INNV.SI
INNV.SI
INNV.SI
INNV.SI
INNV.SI
INNV.SI
INOV.O
INOV.O
INOV.O
INPP.JK
INPP.JK
INPP.JK
INPP.JK
INVA.O
INVA.O
INVA.O
INVA.O
INVA.O
INVA.O
INVEST.HE
INVEST.HE
INVEST.HE
INVEST.HE
INVEST.HE
INVEST.HE
INVEST.HE
INVN.K
IPCC.O
IPCC.O
IPCC.O
IPCC.O
IPCC.O
IPCC.O
IPL.TO
IPL.TO
IPL.TO
IPL.TO
IPL.TO
IPL.TO
IPL.TO
IQCD.QA
IQCD.QA
IQCD.QA
IQCD.QA
IQCD.QA
IRMD.O
IRPC.BK
IRPCf.BK
IRPCn.BK
ITEC3.SA
ITEC3.SA
ITEC3.SA
IVC
IVC
IVC
IVC
IVC
IVC
IVR
IVR
IVR
IVR
IVR
JAWA.JK
JAWA.JK
JAWA.JK
JAWA.JK
JAWA.JK
JAWA.JK
JERA.KL
JERA.KL
JERA.KL
JERA.KL
JERA.KL
JERA.KL
JERA.KL
JJSF.O
JJSF.O
JJSF.O
JJSF.O
JJSF.O
JJSF.O
JJSF.O
JJSF.O
JJSF.O
JJSF.O
JJSF.O
JJSF.O
JJSF.O
JJSF.O
JJSF.O
JJSF.O
JJSF.O
JJSF.O
JLL
JNJ
JNJ
JNJ
JNJ
JNJ
JNJ
JNJ
JNJ
JNJ
JNJ
JNJ
JNJ
JNJ
JNJ
JNJ
JNJ
JNJ
JNJ
JNJ
JNJ
JNJ
JNJB34.SA
JNJB34.SA
JNJB34.SA
JNJB34.SA
JNJB34.SA
JNJB34.SA
JNJB34.SA
JNJB34.SA
JNJB34.SA
JNJB34.SA
JNJB34.SA
JNJB34.SA
JNJB34.SA
JNJB34.SA
JNJB34.SA
JNJB34.SA
JNJB34.SA
JNJB34.SA
JNJB34.SA
JNJB34.SA
JNJB34.SA
JOE
JOE
JOE
JOE
JOE
JRPT.JK
JRPT.JK
JRPT.JK
JRPT.JK
JRPT.JK
JRPT.JK
JRPT.JK
JRPT.JK
JTS.BK
JTS.BK
JTS.BK
JTS.BK
JTS.BK
JTSn.BK
JTSn.BK
JTSn.BK
JTSn.BK
JTSn.BK
JYSK.CO
KARU.NS
KCDS.KL
KCDS.KL
KCDS.KL
KCDS.KL
KCDS.KL
KCDS.KL
KCDS.KL
KCDS.KL
KCDS.KL
KCDS.KL
KCDS.KL
KCG
KCG
KCG
KCG
KCG
KCG
KE.O
KE.O
KHC.O
KHC.O
KHC.O
KHC.O
KHC.O
KHC.O
KHC.O
KHC.O
KHCB34.SA
KHCB34.SA
KHCB34.SA
KHCB34.SA
KHCB34.SA
KHCB34.SA
KHCB34.SA
KHCB34.SA
KIAS.JK
KIAS.JK
KIAS.JK
KIAS.JK
KIAS.JK
KLBF.JK
KLCC.KL
KLCC.KL
KLCC.KL
KLCC.KL
KLNMA.IS
KRU.WA
KRU.WA
KRU.WA
KRU.WA
KRU.WA
KRU.WA
KRU.WA
KRU.WA
KRU.WA
KRU.WA
KSAM.KL
KSAM.KL
KW
KW
KW
KW
KW
KW
KW
LADR.K
LADR.K
LADR.K
LADR.K
LAMR.O
LAMR.O
LAMR.O
LAMR.O
LASP.CO
LASP.CO
LASP.CO
LATOb.ST
LATOb.ST
LATOb.ST
LATOb.ST
LATOb.ST
LATOb.ST
LATOb.ST
LIVEPOL1.MX
LIVEPOLC1.MX
LNC
LNC
LNC
LNC
LNC
LNC
LNT
LNT
LNT
LNT
LNT
LNT
LNT
LNT
LNT
LNT
LOCO.O
LOCO.O
LOCO.O
LOCO.O
LOCO.O
LOCO.O
LOCO.O
LOCO.O
LOCO.O
LOCO.O
LOCO.O
LOCO.O
LOCO.O
LOCO.O
LOCO.O
LOCO.O
LOGN.S
LPI
LPI
LPI
LPI
LPI
LQ
LQ
LQ
LTRX.O
LTRX.O
LTRX.O
LUPE.ST
LUPE.ST
LUPE.ST
LUPE.ST
LUPE.ST
LUPE.ST
LUPE.ST
LUPE.ST
LVS
LVS
LVS
LVS
LVS
LVS
LVS
LVS
LVS
LVS
LVS
LVS
LVS
LVS
LVS
LVS
LVS
LVS
LVS
LVS
LVS
LVS
LXRX.O
LXU
LXU
LXU
LXU
LXU
LXU
LXU
MAN
MBWM.O
MBWM.O
MBWM.O
MBWM.O
MC
MC
MC
MC
MC
MC
MC
MC
MC
MC
MC
MC
MC
MC
MC
MCD
MCD
MCD
MCD
MCD
MCD
MCD
MCD
MCD
MCD
MCD
MCD
MCD
MCD
MCD
MCD
MCD
MCD
MCD
MCD
MCDC34.SA
MCDC34.SA
MCDC34.SA
MCDC34.SA
MCDC34.SA
MCDC34.SA
MCDC34.SA
MCDC34.SA
MCDC34.SA
MCDC34.SA
MCDC34.SA
MCDC34.SA
MCDC34.SA
MCDC34.SA
MCDC34.SA
MCDC34.SA
MCDC34.SA
MCDC34.SA
MCDC34.SA
MCDC34.SA
MDLN.JK
MDLN.JK
MDLN.JK
MDLN.JK
MDLN.JK
MDLN.JK
MDLN.JK
MDLN.JK
MDLN.JK
MDLN.JK
MDLN.JK
MDLN.JK
MDLN.JK
MDRX.O
MDRX.O
MDRX.O
MDRX.O
MDRX.O
MDRX.O
MDRX.O
MDRX.O
MDRX.O
MDRX.O
MDRX.O
MDRX.O
MDRX.O
MDRX.O
MDRX.O
MDRX.O
MDRX.O
MDRX.O
MDRX.O
MDRX.O
MED
MED
MED
MED.PS
MED.PS
MED.PS
MED.PS
MED.PS
MED.PS
MERS.QA
MERS.QA
MERS.QA
MET
MET
METB34.SA
METB34.SA
MFIN.JK
MFIN.JK
MFIN.JK
MFIN.JK
MFIN.JK
MFIN.JK
MFRM.O
MGEE.O
MGEE.O
MGEE.O
MGEE.O
MGEE.O
MGIP.PA
MGIP.PA
MGIP.PA
MGIP.PA
MGIP.PA
MGIP.PA
MGIP.PA
MGIP.PA
MGIP.PA
MGIP.PA
MGIP.PA
MGIP.PA
MGIP.PA
MGIP.PA
MGIP.PA
MGIP.PA
MGIP.PA
MGIP.PA
MGIP.PA
MHK
MHK
MHK
MHK
MHK
MHK
MHK
MHK
MHK
MHK
MHK
MHK
MHK
MHK
MHK
MITT.K
MITT.K
MITT.K
MLNX.O
MLNX.O
MLNX.O
MLNX.O
MLNX.O
MLNX.O
MMA.WA
MMA.WA
MMA.WA
MMA.WA
MMA.WA
MNCP.WA
MNCP.WA
MNCP.WA
MOFG.O
MOFG.O
MPG
MPG
MPG
MPG
MPG
MPG
MPG
MPLU3.SA
MPLU3.SA
MPLU3.SA
MPLU3.SA
MPLU3.SA
MPLU3.SA
MPLU3.SA
MPW
MPW
MPW
MRC
MRC
MRC
MRC
MRC
MRC
MRC
MRC
MRCY.O
MRE.TO
MRE.TO
MRE.TO
MRE.TO
MRE.TO
MRE.TO
MRTX.O
MRTX.O
MRTX.O
MRTX.O
MRTX.O
MS
MS
MS
MSBR34.SA
MSBR34.SA
MSBR34.SA
MSG
MSG
MSG
MSG
MSG
MSG
MSG
MSG
MSG
MSG
MSG
MSTM.KL
MSTM.KL
MSTM.KL
MSTM.KL
MSTM.KL
MSTM.KL
MSTM.KL
MSTM.KL
MSTM.KL
MSTM.KL
MSTM.KL
MSTM.KL
MS_pa
MS_pa
MS_pa
MS_pe
MS_pe
MS_pe
MS_pf
MS_pf
MS_pf
MS_pg
MS_pg
MS_pg
MS_pi
MS_pi
MS_pi
MTB
MTB
MTB
MTB
MTB
MTB
MTB
MTB
MTB
MTB
MUSA.K
MUSA.K
MUSA.K
MUSA.K
MUSA.K
MUSA.K
MUSA.K
MUSA.K
NAVG.O
NAVG.O
NAVG.O
NAVG.O
NAVG.O
NAVG.O
NAVG.O
NAVG.O
NAVG.O
NAVG.O
NAVG.O
NAVG.O
NAVG.O
NAVG.O
NAVG.O
NBHC.K
NBHC.K
NBHC.K
NBHC.K
NBHC.K
NBL
NCBS.O
NCBS.O
NCBS.O
NCBS.O
NCBS.O
NCBS.O
NCBS.O
NCBS.O
NCBS.O
NCBS.O
NCBS.O
NCBS.O
NCCa.TO
NCCa.TO
NCCa.TO
NCCa.TO
NCCa.TO
NCCa.TO
NCCa.TO
NCCa.TO
NCCa.TO
NCCb.TO
NCCb.TO
NCCb.TO
NCCb.TO
NCCb.TO
NCCb.TO
NCCb.TO
NCCb.TO
NCCb.TO
NCTH.AD
NCTH.AD
NCTH.AD
NCTH.AD
NCTH.AD
NCTH.AD
NCTH.AD
NCTH.AD
NCTH.AD
NCTH.AD
NCTH.AD
NCTH.AD
NCTH.AD
NCTH.AD
NCTH.AD
NDQ.TO
NDQ.TO
NDQ.TO
NDQ.TO
NDQ.TO
NDQ.TO
NDQ.TO
NE
NE
NEP
NEP
NET.WA
NET.WA
NET.WA
NET.WA
NET.WA
NET.WA
NET.WA
NET.WA
NET.WA
NET.WA
NET.WA
NET.WA
NET.WA
NET.WA
NET.WA
NGVT.K
NGVT.K
NGVT.K
NGVT.K
NGVT.K
NLY
NLY
NLY
NLY
NMBS.KL
NMBS.KL
NMBS.KL
NMBS.KL
NMBS.KL
NMBS.KL
NMBS.KL
NMBS.KL
NMBS.KL
NMBS.KL
NMBS.KL
NMBS.KL
NMBS.KL
NMBS.KL
NMBS.KL
NMBS.KL
NNN
NNN
NNN
NNN
NNN
NNN
NNN_pd
NNN_pd
NNN_pd
NNN_pd
NNN_pd
NNN_pd
NNN_pe
NNN_pe
NNN_pe
NNN_pe
NNN_pe
NNN_pe
NOBU.JK
NOBU.JK
NONG.OL
NONG.OL
NONG.OL
NONG.OL
NONG.OL
NONG.OL
NONG.OL
NONG.OL
NPO
NPO
NRZ
NRZ
NRZ
NRZ
NRZ
NSA
NSA
NSA
NSA
NSA
NSYS.O
NSYS.O
NSYS.O
NVL.LM
NVL.LM
NVL.LM
NVL.LM
NVL.LM
NXTM.O
NXTM.O
NXTM.O
NYMT.O
NYMT.O
NYMT.O
NYMT.O
OCY.OL
OCY.OL
OCY.OL
OCY.OL
OCY.OL
ODP.O
ODP.O
ODP.O
ODP.O
OFG
OFLX.O
OFLX.O
OFLX.O
OFLX.O
OFLX.O
OFLX.O
OFLX.O
OFLX.O
OFLX.O
OFLX.O
OFLX.O
OFLX.O
OFLX.O
OFLX.O
OFLX.O
OFLX.O
OFLX.O
OFLX.O
OFLX.O
OLED.O
OLED.O
OLED.O
OLED.O
OLED.O
OLED.O
OLED.O
OLED.O
OLED.O
OLED.O
OLED.O
OLED.O
OLED.O
OLED.O
OLED.O
OLED.O
OLED.O
OLED.O
OLED.O
ONCE.O
ONCE.O
ONCE.O
ONCE.O
ONCE.O
ONCE.O
ONCE.O
ONCE.O
ONCE.O
ONCE.O
ONDK.K
ONDK.K
ONDK.K
ONDK.K
ONDK.K
ONDK.K
ONDK.K
ONDK.K
ONDK.K
ONDK.K
ONDK.K
ONDK.K
ORN
ORN
ORN
ORN
OSN.O
OSN.O
OSN.O
OSN.O
OTIC.O
OTIC.O
OTIC.O
OTIC.O
OTIC.O
OTIC.O
OVAS.O
OVAS.O
OVAS.O
OVAS.O
OVAS.O
OVAS.O
OVAS.O
PACE.O
PACE.O
PACE.O
PACE.O
PACE.O
PACE.O
PACE.O
PACE.O
PACE.O
PACE.O
PACEU.O
PACEU.O
PACEU.O
PACEU.O
PACEU.O
PACEU.O
PACEU.O
PACEU.O
PACEU.O
PACEU.O
PADI.JK
PANS.JK
PANS.JK
PANS.JK
PANS.JK
PANS.JK
PANS.JK
PANS.JK
PAR.SN
PAR.SN
PAR.SN
PAR.SN
PARR.K
PARR.K
PARR.K
PARR.K
PARR.K
PARR.K
PARR.K
PARR.K
PARR.K
PARR.K
PARR.K
PARR.K
PARR.K
PARR.K
PARR.K
PARR.K
PARR.K
PBF
PBF
PBF
PBF
PBF
PBF
PBF
PBF
PBF
PBF
PBF
PBF
PBF
PBF
PBH
PBH
PBH
PBH
PBH
PCCC.O
PCCC.O
PCELL.ST
PCELL.ST
PCELL.ST
PCELL.ST
PCELL.ST
PCELL.ST
PCELL.ST
PCELL.ST
PCELL.ST
PCELL.ST
PCELL.ST
PCELL.ST
PCELL.ST
PCELL.ST
PCELL.ST
PCELL.ST
PCELL.ST
PCTY.O
PCTY.O
PCTY.O
PCTY.O
PCTY.O
PCYO.O
PCYO.O
PCYO.O
PCYO.O
PCYO.O
PCYO.O
PDCE.O
PDCE.O
PDCE.O
PDCE.O
PDCE.O
PDCE.O
PE
PE
PE
PE
PE
PEI
PEI
PEI
PEI
PEI
PEI
PEN
PEN
PEN
PEN
PEN
PEN
PEN
PENN.O
PENN.O
PENN.O
PENN.O
PENN.O
PENN.O
PENN.O
PENN.O
PENN.O
PENN.O
PENN.O
PENN.O
PENN.O
PENN.O
PENN.O
PENN.O
PENN.O
PGR
PGR
PGR
PGR
PGR
PGR
PGR
PLCS.OL
PLCS.OL
PLCS.OL
PLNT.K
PLNT.K
PMT
PMT
PMT
PMT
PMT
PMT
PNC
PNC
PNC
PNC
PNC_pp
PNC_pp
PNC_pp
PNC_pp
PNC_pq
PNC_pq
PNC_pq
PNC_pq
PNFP.O
PNFP.O
PNFP.O
PNFP.O
PNLF.JK
PNLF.JK
PNLF.JK
PNLF.JK
PNLF.JK
PODD.O
PODD.O
PODD.O
PODD.O
PODD.O
PODD.O
PODD.O
PODD.O
PODD.O
PODD.O
PODD.O
PODD.O
PODD.O
PODD.O
PODD.O
PODD.O
PODD.O
PPS
PPS
PPS
PPS
PPS
PRFT.O
PRFT.O
PRFT.O
PRU
PRU
PRU
PRU
PRU
PRU
PRU
PSMGn.DE
PSMGn.DE
PSMGn.DE
PSMGn.DE
PSMGn.DE
PSMGn.DE
PTNT3.SA
PTNT4.SA
PTPP.JK
PTPP.JK
PTPP.JK
PVTB.O
PVTB.O
PVTB.O
PVTB.O
PWJH.KL
PWJH.KL
PWJH.KL
PWJH.KL
PWOG.DE
PWOG.DE
PWOG.DE
PWOG.DE
PWOG.DE
PXLW.O
PXLW.O
PXLW.O
PXLW.O
PXLW.O
RAND.AS
RAND.AS
RAND.AS
RAND.AS
RAS
RAS
RAS
RAS
RAS
RAS
RAX
RDTX.JK
RDTX.JK
RDTX.JK
RDTX.JK
RDTX.JK
RF
RF
RF
RF
RF_pa
RF_pa
RF_pa
RF_pa
RF_pb
RF_pb
RF_pb
RF_pb
RGEN.O
RGEN.O
RGEN.O
RGEN.O
RGLD.O
RGLD.O
RGLD.O
RGLD.O
RGLD.O
RHKG.DE
RHKG.DE
RHKG.DE
RHKG.DE
RHKG.DE
RHKG.DE
RHKG.DE
RHKG.DE
RHP
RHP
RHP
RHP
RICE.K
RICE.K
RICE.K
RICE.K
RICE.K
RICE.K
RICE.K
RICE.K
RICE.K
RICE.K
RICE.K
RICE.K
RICE.K
RICE.K
RICE.K
RICE.K
RICE.K
RICE.K
RIT.SN
RIT.SN
RIT.SN
RIT.SN
RIT.SN
RIT.SN
RIT.SN
RLJ
RLJ
RLJ
RLJ
RLJ
RMBA.JK
RMBA.JK
RMBA.JK
RMBA.JK
RMBA.JK
RMBA.JK
RMBA.JK
RMBA.JK
RMP
RMP
RMP
RMP
RMP
RMP
RNWK.O
RNWK.O
RNWK.O
RNWK.O
RNWK.O
RNWK.O
RNWK.O
ROG
ROG
ROG
ROG
ROG
ROIA.O
ROIA.O
ROIA.O
ROIA.O
ROIA.O
ROIA.O
ROIA.O
ROIA.O
ROIA.O
ROIA.O
ROIA.O
ROIA.O
ROIA.O
ROIA.O
ROIA.O
ROIA.O
ROIAK.O
ROIAK.O
ROIAK.O
ROIAK.O
ROIAK.O
ROIAK.O
ROIAK.O
ROIAK.O
ROIAK.O
ROIAK.O
ROIAK.O
ROIAK.O
ROIAK.O
ROIAK.O
ROIAK.O
ROIAK.O
RP.O
RP.O
RP.O
RTRX.O
RTRX.O
RTRX.O
RTRX.O
RTRX.O
RTRX.O
RTRX.O
RTRX.O
RTRX.O
RTRX.O
RTRX.O
RVNC.O
RVNC.O
RVNC.O
RYI
SAMAS.HE
SAMAS.HE
SAMAS.HE
SAMAS.HE
SAMAS.HE
SAMAS.HE
SAP.TO
SAP.TO
SAP.TO
SAP.TO
SAP.TO
SAP.TO
SAP.TO
SAP.TO
SAP.TO
SAUD.KL
SAUD.KL
SAUD.KL
SAUD.KL
SAUD.KL
SAUD.KL
SAUD.KL
SAUD.KL
SAUD.KL
SAUD.KL
SAUD.KL
SAUD.KL
SAUD.KL
SAUD.KL
SAUD.KL
SAUD.KL
SAUD.KL
SBBX.O
SBBX.O
SBBX.O
SBBX.O
SBBX.O
SBBX.O
SCAI.O
SCAI.O
SCAI.O
SCAI.O
SCAI.O
SCAI.O
SCAI.O
SCAI.O
SCAI.O
SCAI.O
SCAI.O
SCAI.O
SCAI.O
SCAI.O
SCG
SCG
SCG
SCG
SCG
SCG
SCG
SCG
SCG
SCG
SCG
SCG
SCG
SCG
SCG
SCG
SCG
SCG
SCG
SCG
SCMN.S
SCMN.S
SCMN.S
SCMN.S
SCMN.S
SCPE.KL
SCPE.KL
SCPE.KL
SCPE.KL
SCPE.KL
SCPE.KL
SCPE.KL
SCPE.KL
SCPE.KL
SE
SE
SE
SE
SE
SE
SE
SE
SE
SE
SE
SE
SE
SE
SEP
SEP
SEP
SEP
SEP
SEP
SEP
SES.TO
SES.TO
SES.TO
SES.TO
SES.TO
SES.TO
SES.TO
SES.TO
SES.TO
SES.TO
SES.TO
SGM
SGM
SGM
SGM
SGM
SGM
SGM
SGM
SGM
SGM
SGM
SGM
SGM
SGM
SGM
SHLX.K
SHLX.K
SHLX.K
SHLX.K
SHLX.K
SHOR.O
SHOR.O
SHOR.O
SHOR.O
SHOR.O
SIDO.JK
SIDO.JK
SIDO.JK
SIDO.JK
SIDO.JK
SIDO.JK
SIDO.JK
SIDO.JK
SIMINN.IC
SIMP.JK
SIMP.JK
SIMP.JK
SIMP.JK
SIMP.JK
SIS.TO
SIS.TO
SIS.TO
SIS.TO
SIS.TO
SIS.TO
SKAb.ST
SKAb.ST
SKAb.ST
SMAR.JK
SMAR.JK
SMAR.JK
SMAR.JK
SMAR.JK
SMAR.JK
SMAR.JK
SMAR.JK
SMAR.JK
SMAR.JK
SMAR.JK
SMG
SMG
SMG
SMG
SMG
SMG
SMG
SMG
SMG
SMG
SMG
SMG
SMG
SMG
SMG
SMG
SMLP.K
SMLP.K
SMLP.K
SMLP.K
SMLP.K
SMLP.K
SMLP.K
SMMF.O
SMMF.O
SMMF.O
SMMF.O
SMMF.O
SMMF.O
SMMF.O
SMTX.O
SMTX.O
SMTX.O
SMTX.O
SMTX.O
SMTX.O
SMTX.O
SMTX.O
SMTX.O
SMTX.O
SMTX.O
SMTX.O
SNOW.K
SNOW.K
SO
SO
SO
SO
SO
SO
SO
SO
SO
SO
SO
SO
SO
SO
SO
SO
SO
SO
SO
SO
SO
SOAG.OL
SOAG.OL
SOAG.OL
SOAG.OL
SOAG.OL
SOGN.PA
SOGN.PA
SOX.TO
SOX.TO
SPG
SPG
SPG
SPG
SPG
SPG
SPG
SPG
SPOG.OL
SPOG.OL
SPOG.OL
SPOG.OL
SPOG.OL
SPOG.OL
SPXC.K
SPXC.K
SPXC.K
SPXC.K
SPXC.K
SQBG.O
SQBG.O
SQBG.O
SQBG.O
SRG
SRG
SRG
SRG
SRG
SRTG.JK
SRTG.JK
SRTG.JK
SSBR3.SA
SSBR3.SA
SSBR3.SA
SSBR3.SA
SSBR3.SA
SSBR3.SA
SSNI.K
SSNI.K
SSNI.K
STAR.K
STAR.K
STAR.K
STAR.K
STBZ.O
STBZ.O
STBZ.O
STBZ.O
STEFb.ST
STEFb.ST
STEFb.ST
STEFb.ST
STEFb.ST
STI
STI
STI
STI
STI
STI_pa
STI_pa
STI_pa
STI_pa
STI_pa
STI_pe
STI_pe
STI_pe
STI_pe
STI_pe
STT
STT
STT
STT
STT_pc
STT_pc
STT_pc
STT_pc
STT_pd
STT_pd
STT_pd
STT_pd
STT_pe
STT_pe
STT_pe
STT_pe
STT_pg
STT_pg
STT_pg
STT_pg
SUM
SUM
SVM.TO
SVM.TO
SVM.TO
SVM.TO
SVM.TO
SVM.TO
SVM.TO
SW.TO
SW.TO
SW.TO
SW.TO
SWEDa.ST
SWEDa.ST
SWEDa.ST
SYDB.CO
SYDB.CO
SYDB.CO
SYDB.CO
SYDB.CO
SYDB.CO
SYDB.CO
SYRG.K
SYRG.K
SYRG.K
SYRG.K
SYRG.K
TARA.JK
TARA.JK
TARA.JK
TARA.JK
TBLA.JK
TBLA.JK
TBLA.JK
TBLA.JK
TBLA.JK
TBLA.JK
TBLA.JK
TBLA.JK
TBLA.JK
TBLA.JK
TDC
TEN
TEN
TENR.MI
TENR.MI
TENR.MI
TENR.MI
TENR.MI
TENR.MI
TENR.MI
TENR.MI
TENR.MI
TENR.MI
TGKA.JK
TGKA.JK
TGKA.JK
TGKA.JK
TGKA.JK
TGKA.JK
TGKA.JK
TGKA.JK
THFF.O
THFF.O
THFF.O
THFF.O
THFF.O
THG
THG
THG
THG
THG
THG
THG
TIET11.SA
TIET11.SA
TIET11.SA
TIET11.SA
TIET11.SA
TIET11.SA
TIET11.SA
TIET11.SA
TIET11.SA
TIET11.SA
TIET11.SA
TIET11T.SA
TIET11T.SA
TIET11T.SA
TIET11T.SA
TIET11T.SA
TIET11T.SA
TIET11T.SA
TIET11T.SA
TIET11T.SA
TIET11T.SA
TIET11T.SA
TIET3.SA
TIET3.SA
TIET3.SA
TIET3.SA
TIET3.SA
TIET3.SA
TIET3.SA
TIET3.SA
TIET3.SA
TIET3.SA
TIET3.SA
TIET4.SA
TIET4.SA
TIET4.SA
TIET4.SA
TIET4.SA
TIET4.SA
TIET4.SA
TIET4.SA
TIET4.SA
TIET4.SA
TIET4.SA
TIS
TIS
TIS
TIS
TIS
TIS
TKC
TKFEN.IS
TKFEN.IS
TMK
TMK
TMK
TMK
TMK
TMK
TMK
TMK
TMK
TMK
TMK
TMK
TMK
TMK
TNH
TNH
TNH
TNH
TNH
TNH
TNPm.BK
TNPm.BK
TNPm.BK
TNPm.BK
TNPm.BK
TNPm.BK
TNPm.BK
TNPm.BK
TNPm.BK
TNPm.BK
TNPm.BK
TNPm.BK
TNPm.BK
TNPm.BK
TNPm.BK
TNPm.BK
TNPm.BK
TNPmn.BK
TNPmn.BK
TNPmn.BK
TNPmn.BK
TNPmn.BK
TNPmn.BK
TNPmn.BK
TNPmn.BK
TNPmn.BK
TNPmn.BK
TNPmn.BK
TNPmn.BK
TNPmn.BK
TNPmn.BK
TNPmn.BK
TNPmn.BK
TNPmn.BK
TOASO.IS
TOASO.IS
TOASO.IS
TOASO.IS
TOASO.IS
TOASO.IS
TOASO.IS
TOASO.IS
TOTS3.SA
TOTS3.SA
TOTS3.SA
TOTS3.SA
TRI.TO
TRI.TO
TRI.TO
TRI.TO
TRI.TO
TRI.TO
TRI.TO
TRI.TO
TRI.TO
TRMK.O
TRMK.O
TRMK.O
TRMK.O
TRQ.TO
TRQ.TO
TRQ.TO
TRQ.TO
TRQ.TO
TRQ.TO
TRQ.TO
TRQ.TO
TRQ.TO
TRQ.TO
TS
TS
TS
TS
TS
TS
TS
TS
TS
TS
TSCO.O
TSE
TSE
TSE
TSL.TO
TSL.TO
TSL.TO
TSL.TO
TSPC.JK
TSPC.JK
TSPC.JK
TSPC.JK
TSPC.JK
TSPC.JK
TSPC.JK
TSPC.JK
TSPC.JK
TSPC.JK
TSPC.JK
TSPC.JK
TSPC.JK
TSPC.JK
TSRO.O
TSRO.O
TSRO.O
TSRO.O
TSRO.O
TSRO.O
TTMI.O
TTMI.O
TTMI.O
TTMI.O
TTMI.O
TTMI.O
TTMI.O
TTMI.O
TTS.O
TVIA.O
TVIA.O
TVIA.O
TVIA.O
TVIA.O
TVIA.O
TVIA.O
TVIA.O
TVIA.O
TWLO.K
TWLO.K
TWLO.K
TWLO.K
TWLO.K
TWLO.K
TWLO.K
TWLO.K
TWLO.K
TWLO.K
TWLO.K
TWLO.K
TWLO.K
TWLO.K
TWLO.K
TWOU.O
TWOU.O
TWOU.O
TWOU.O
TXMD.K
TXMD.K
TXMD.K
UBNK.O
UBNK.O
UBNK.O
UBNK.O
UBNK.O
UBNK.O
UBNK.O
UBSH.O
UBSH.O
UBSH.O
UBSH.O
UCBI.O
UCBI.O
UCBI.O
UCBI.O
UCBI.O
UCBI.O
UFI
UFI
UFS.TO
UMPQ.O
UMPQ.O
UMPQ.O
UMPQ.O
UNSM.KL
UNSM.KL
UNT
UNT
UNT
UNT
UNT
UPS
UPS
UPS
UPS
UPS
UPS
UPS
UPS
UPS
UPS
UPS
UPS
UPS
UPS
UPS
UPS
UPS
UPS
UPS
UPSS34.SA
UPSS34.SA
UPSS34.SA
UPSS34.SA
UPSS34.SA
UPSS34.SA
UPSS34.SA
UPSS34.SA
UPSS34.SA
UPSS34.SA
UPSS34.SA
UPSS34.SA
UPSS34.SA
UPSS34.SA
UPSS34.SA
UPSS34.SA
UPSS34.SA
UPSS34.SA
UPSS34.SA
USCR.O
USCR.O
USCR.O
USCR.O
USCR.O
USCR.O
USCR.O
USCR.O
USCR.O
USCR.O
USCR.O
USCR.O
USCR.O
USCR.O
USCR.O
USCR.O
UVE
UVE
UVE
UVE
UVE
VASTB.BR
VASTB.BR
VASTB.BR
VASTB.BR
VASTB.BR
VASTB.BR
VCYT.O
VCYT.O
VCYT.O
VDSI.O
VDSI.O
VDSI.O
VDSI.O
VDSI.O
VDSI.O
VEEH.BO
VFC
VFC
VNAn.DE
VNAn.DE
VNAn.DE
VR
VR
VR
VR
VR
VR
VR_pa
VR_pa
VR_pa
VR_pa
VR_pa
VR_pa
VVI
VVI
VVI
VVI
VVI
VVI
VVI
VVI
VVI
VVI
VVI
VVI
VVI
VVI
VVI
VVI
VVI
VVI
VVI
VVI
VVI
VVI
VVL.OL
VVL.OL
VVL.OL
VVL.OL
VVL.OL
VVL.OL
VVL.OL
VVL.OL
VVL.OL
VVL.OL
VVL.OL
WALMEX.MX
WALMEX.MX
WALMEX.MX
WASH.O
WASH.O
WASH.O
WASH.O
WEF.TO
WEF.TO
WEF.TO
WEF.TO
WEF.TO
WEF.TO
WEF.TO
WEF.TO
WEF.TO
WEF.TO
WEF.TO
WEF.TO
WEF.TO
WFC
WFC
WFCO34.SA
WFCO34.SA
WFC_pj
WFC_pj
WFC_pn
WFC_pn
WFC_po
WFC_po
WFC_pp
WFC_pp
WFC_pq
WFC_pq
WFC_pr
WFC_pr
WFC_pt
WFC_pt
WFC_pv
WFC_pv
WFC_pw
WFC_pw
WFC_px
WFC_px
WHF.O
WHF.O
WHF.O
WHF.O
WHF.O
WIFI.O
WIFI.O
WIFI.O
WIFI.O
WIFI.O
WIFI.O
WIFI.O
WIFI.O
WIFI.O
WIFI.O
WIFI.O
WIFI.O
WIFI.O
WIFI.O
WIFI.O
WIN.TO
WIN.TO
WIN.TO
WIN.TO
WIN.TO
WIN.TO
WIN.TO
WIN.TO
WIN.TO
WIN.TO
WIN.TO
WIN.TO
WIN.TO
WIN.TO
WIN.TO
WIN.TO
WIN.TO
WIN.TO
WIN.TO
WIN.TO
WIN.TO
WIN.TO
WING.O
WING.O
WING.O
WING.O
WJX.TO
WJX.TO
WJX.TO
WJX.TO
WJX.TO
WJX.TO
WJX.TO
WJX.TO
WJX.TO
WJX.TO
WJX.TO
WMC
WMC
WMC
WMC
WMC
WMC
WMK
WMK
WPC
WPC
WPC
WPG
WPG
WPG
WPG
WPG
WRLD.O
WRLD.O
WRLD.O
WRLD.O
WRLD.O
WRLD.O
WRLD.O
WRN.TO
WRN.TO
WRN.TO
WRN.TO
WRN.TO
WRN.TO
WRN.TO
WSCI.O
WSCI.O
WSCI.O
WSCI.O
WSCI.O
WSCI.O
WSCI.O
WSCI.O
WSCI.O
WSCI.O
WSCI.O
WSCI.O
WSCI.O
WSKT.JK
WSKT.JK
WSKT.JK
WTM
WTM
WTM
WTM
WTW
WTW
WTW
WTW
WTW
WTW
XANOb.ST
XANOb.ST
XANOb.ST
XANOb.ST
XANOb.ST
XANOb.ST
XANOb.ST
XANOb.ST
XANOb.ST
XANOb.ST
XLRN.O
XLRN.O
XLRN.O
XLRN.O
XOM
XOM
XOM
XOM
XOM
XOM
YMI.TO
YMI.TO
YMI.TO
YMI.TO
YMI.TO
YMI.TO
YMI.TO
YMI.TO
YMI.TO
YMI.TO
ZCL.TO
ZCL.TO
ZCL.TO
ZCL.TO
ZCL.TO
ZCL.TO
ZCL.TO
ZCL.TO
ZZZ.TO
ZZZ.TO
ZZZ.TO
ZZZ.TO
ZZZ.TO
ZZZ.TO
ZZZ.TO
ZZZ.TO
ZZZ.TO
ZZZ.TO
ZZZ.TO
ZZZ.TO
