000060.KS, Updated at 2016-09-30
000300.KS, Updated at 2016-09-30
002550.KS, Updated at 2016-09-30
003780.KS, Updated at 2016-09-30
004450.KS, Updated at 2016-09-30
004990.KS, Updated at 2016-09-30
005090.KS, Updated at 2016-09-30
005830.KS, Updated at 2016-09-30
006220.KS, Updated at 2016-09-30
024110.KS, Updated at 2016-09-30
033790.KQ, Updated at 2016-09-30
035810.KQ, Updated at 2016-09-30
037620.KS, Updated at 2016-09-30
038870.KQ, Updated at 2016-09-30
053050.KQ, Updated at 2016-09-30
0700.HK, Updated at 2016-09-30
071050.KS, Updated at 2016-09-30
071850.KQ, Updated at 2016-09-30
0732.HK, Updated at 2016-09-30
074610.KS, Updated at 2016-09-30
078020.KQ, Updated at 2016-09-30
083660.KQ, Updated at 2016-09-30
086790.KS, Updated at 2016-09-30
091590.KQ, Updated at 2016-09-30
097780.KQ, Updated at 2016-09-30
101670.KQ, Updated at 2016-09-30
108860.KQ, Updated at 2016-09-30
114630.KQ, Updated at 2016-09-30
115310.KQ, Updated at 2016-09-30
121890.KQ, Updated at 2016-09-30
123040.KQ, Updated at 2016-09-30
1333.TWO, Updated at 2016-09-30
1413.TW, Updated at 2016-09-30
1460.TW, Updated at 2016-09-30
1466.TW, Updated at 2016-09-30
149940.KQ, Updated at 2016-09-30
1570.TWO, Updated at 2016-09-30
1598.TWO, Updated at 2016-09-30
1704.TW, Updated at 2016-09-30
1725.TW, Updated at 2016-09-30
1776.TW, Updated at 2016-09-30
1813.TWO, Updated at 2016-09-30
200470.KQ, Updated at 2016-09-30
2008.TW, Updated at 2016-09-30
2029.TW, Updated at 2016-09-30
2038.TW, Updated at 2016-09-30
2064.TWO, Updated at 2016-09-30
2067.TWO, Updated at 2016-09-30
2069.TW, Updated at 2016-09-30
2302.TW, Updated at 2016-09-30
2304.T, Updated at 2016-09-30
2314.TW, Updated at 2016-09-30
2348.TW, Updated at 2016-09-30
2359.TW, Updated at 2016-09-30
2364.TW, Updated at 2016-09-30
2401.TW, Updated at 2016-09-30
2401q.L, Updated at 2016-09-30
2414.TW, Updated at 2016-09-30
2420.TW, Updated at 2016-09-30
2424.TW, Updated at 2016-09-30
2433.TW, Updated at 2016-09-30
2466.TW, Updated at 2016-09-30
2528.TW, Updated at 2016-09-30
2530.TW, Updated at 2016-09-30
2535.TW, Updated at 2016-09-30
2718.TWO, Updated at 2016-09-30
2724.TWO, Updated at 2016-09-30
2726.TWO, Updated at 2016-09-30
2736.TWO, Updated at 2016-09-30
2811.T, Updated at 2016-09-30
2832.TW, Updated at 2016-09-30
2849.TW, Updated at 2016-09-30
2851.TW, Updated at 2016-09-30
2867.TW, Updated at 2016-09-30
2874.T, Updated at 2016-09-30
2897.TWO, Updated at 2016-09-30
3023.TW, Updated at 2016-09-30
3268.TWO, Updated at 2016-09-30
3324.TWO, Updated at 2016-09-30
3355.T, Updated at 2016-09-30
3368.HK, Updated at 2016-09-30
3413.TW, Updated at 2016-09-30
3455.TWO, Updated at 2016-09-30
3527.TWO, Updated at 2016-09-30
3617.TW, Updated at 2016-09-30
3684.TWO, Updated at 2016-09-30
3686.T, Updated at 2016-09-30
3693.TWO, Updated at 2016-09-30
3JI.BB, Updated at 2016-09-30
3LX.BB, Updated at 2016-09-30
3OA.BB, Updated at 2016-09-30
3RX.BB, Updated at 2016-09-30
3Z8.BB, Updated at 2016-09-30
3ZA.BB, Updated at 2016-09-30
4104.TW, Updated at 2016-09-30
4119.TW, Updated at 2016-09-30
4121.TWO, Updated at 2016-09-30
4154.TWO, Updated at 2016-09-30
4171.TWO, Updated at 2016-09-30
4303.TWO, Updated at 2016-09-30
4304.TWO, Updated at 2016-09-30
4415.TWO, Updated at 2016-09-30
4433.TWO, Updated at 2016-09-30
4503.TWO, Updated at 2016-09-30
4510.TWO, Updated at 2016-09-30
4513.TWO, Updated at 2016-09-30
4529.TWO, Updated at 2016-09-30
4609.TWO, Updated at 2016-09-30
4725.TW, Updated at 2016-09-30
4754.TWO, Updated at 2016-09-30
4963.T, Updated at 2016-09-30
4977.TW, Updated at 2016-09-30
4BH.BB, Updated at 2016-09-30
4DO.BB, Updated at 2016-09-30
4H7.BB, Updated at 2016-09-30
4IM.BB, Updated at 2016-09-30
4KT.BB, Updated at 2016-09-30
4MJ.BB, Updated at 2016-09-30
4OX.BB, Updated at 2016-09-30
4OY.BB, Updated at 2016-09-30
4PK.BB, Updated at 2016-09-30
4V6.BB, Updated at 2016-09-30
4VR.BB, Updated at 2016-09-30
5009.TWO, Updated at 2016-09-30
5227.TWO, Updated at 2016-09-30
5245.TWO, Updated at 2016-09-30
5384.TWO, Updated at 2016-09-30
5395.TWO, Updated at 2016-09-30
5398.TWO, Updated at 2016-09-30
5432.TWO, Updated at 2016-09-30
5475.TWO, Updated at 2016-09-30
5MF.BB, Updated at 2016-09-30
5MP.BB, Updated at 2016-09-30
5Q1.BB, Updated at 2016-09-30
5SV.BB, Updated at 2016-09-30
6114.TWO, Updated at 2016-09-30
6129.TWO, Updated at 2016-09-30
6148.TWO, Updated at 2016-09-30
6169.TWO, Updated at 2016-09-30
6175.TWO, Updated at 2016-09-30
6190.TWO, Updated at 2016-09-30
6194.TWO, Updated at 2016-09-30
6198.TWO, Updated at 2016-09-30
6199.TWO, Updated at 2016-09-30
6217.TWO, Updated at 2016-09-30
6223.TWO, Updated at 2016-09-30
6231.TWO, Updated at 2016-09-30
6257.TW, Updated at 2016-09-30
6404.TWO, Updated at 2016-09-30
6442.TW, Updated at 2016-09-30
6472.TWO, Updated at 2016-09-30
6510.TWO, Updated at 2016-09-30
6609.TWO, Updated at 2016-09-30
6678.T, Updated at 2016-09-30
6786.T, Updated at 2016-09-30
6A7.BB, Updated at 2016-09-30
6B4.BB, Updated at 2016-09-30
6B5.BB, Updated at 2016-09-30
6EE.BB, Updated at 2016-09-30
6R3.BB, Updated at 2016-09-30
7504.T, Updated at 2016-09-30
7869.T, Updated at 2016-09-30
8009.HK, Updated at 2016-09-30
8012.HK, Updated at 2016-09-30
8032.TWO, Updated at 2016-09-30
8033.TW, Updated at 2016-09-30
8047.HK, Updated at 2016-09-30
8051.HK, Updated at 2016-09-30
8056.HK, Updated at 2016-09-30
8060.HK, Updated at 2016-09-30
8100.HK, Updated at 2016-09-30
8101.HK, Updated at 2016-09-30
8105.HK, Updated at 2016-09-30
8116.HK, Updated at 2016-09-30
8139.HK, Updated at 2016-09-30
8148.HK, Updated at 2016-09-30
8163.HK, Updated at 2016-09-30
8165.HK, Updated at 2016-09-30
8200.HK, Updated at 2016-09-30
8201.TW, Updated at 2016-09-30
8222.HK, Updated at 2016-09-30
8225.HK, Updated at 2016-09-30
8232.HK, Updated at 2016-09-30
8246.HK, Updated at 2016-09-30
8249.HK, Updated at 2016-09-30
8286.HK, Updated at 2016-09-30
8291.TWO, Updated at 2016-09-30
8437.TWO, Updated at 2016-09-30
8908.TWO, Updated at 2016-09-30
8946.T, Updated at 2016-09-30
9028.T, Updated at 2016-09-30
9308.T, Updated at 2016-09-30
9929.TW, Updated at 2016-09-30
A, Updated at 2016-10-31
AADH.BO, Updated at 2016-09-30
AAQG.DE, Updated at 2016-09-30
AB.PS, Updated at 2016-09-30
AB1.DE, Updated at 2016-09-30
ABC.BK, Updated at 2016-09-30
ABCn.BK, Updated at 2016-09-30
ABG.MC, Updated at 2016-09-30
ABGek.MC, Updated at 2016-09-30
ABNd.AS, Updated at 2016-09-30
ACCO.SI, Updated at 2016-09-30
ACII.BO, Updated at 2016-09-30
ACO.MI, Updated at 2016-09-30
ACOU.KL, Updated at 2016-09-30
AD.AS, Updated at 2016-10-09
ADEN.NS, Updated at 2016-09-30
ADJ.DE, Updated at 2016-09-30
AEDI.MI, Updated at 2016-09-30
AEM.SI, Updated at 2016-09-30
AFE.V, Updated at 2016-09-30
AGES.BR, Updated at 2016-09-30
AGORAb.ST, Updated at 2016-09-30
AIAE.NS, Updated at 2016-09-30
AJD.BK, Updated at 2016-09-30
AJDn.BK, Updated at 2016-09-30
AKA.PA, Updated at 2016-09-30
AKIC.AD, Updated at 2016-09-30
AKTAV.HE, Updated at 2016-09-30
AKTRV.HE, Updated at 2016-09-30
AKTX.O, Updated at 2016-09-30
ALACI.PA, Updated at 2016-09-30
ALEX.CA, Updated at 2016-09-30
ALFRE.PA, Updated at 2016-09-30
ALKA.IS, Updated at 2016-09-30
ALKI.BO, Updated at 2016-09-30
ALMB.CO, Updated at 2016-09-30
ALNPI.RTS, Updated at 2016-09-30
ALPI.NS, Updated at 2016-09-30
ALPJT.PA, Updated at 2016-09-30
ALSDL.PA, Updated at 2016-09-30
ALV.V, Updated at 2016-09-30
ALVIV.PA, Updated at 2016-09-30
ALYAG.IS, Updated at 2016-09-30
AMAN.DU, Updated at 2016-09-30
AMATAV.BK, Updated at 2016-09-30
AMATAVn.BK, Updated at 2016-09-30
AMB.WA, Updated at 2016-09-30
AMRA.SI, Updated at 2016-09-30
AMTh.V, Updated at 2016-08-31
AMWA.KL, Updated at 2016-09-30
ANELT.IS, Updated at 2016-09-30
ANNJ.KL, Updated at 2016-09-30
ANUH.BO, Updated at 2016-09-30
AOO.BR, Updated at 2016-09-30
AP.BK, Updated at 2016-09-30
APCOm.BK, Updated at 2016-09-30
APCOmn.BK, Updated at 2016-09-30
APE.MC, Updated at 2016-09-30
APf.BK, Updated at 2016-09-30
APMI.BO, Updated at 2016-09-30
APn.BK, Updated at 2016-09-30
APSW.CA, Updated at 2016-09-30
ARCC.CA, Updated at 2016-09-30
ARCO.K, Updated at 2016-09-30
ARCO.NS, Updated at 2016-09-30
AROC.ST, Updated at 2016-09-30
ARON.BO, Updated at 2016-09-30
ARRO.NS, Updated at 2016-09-30
ARTA.JK, Updated at 2016-09-30
ASCM.CA, Updated at 2016-09-30
ASNC.DU, Updated at 2016-09-30
AST.MI, Updated at 2016-09-30
ASTA.SI, Updated at 2016-09-30
AT.PS, Updated at 2016-09-30
ATBT.OL, Updated at 2016-09-30
ATEME.PA, Updated at 2016-09-30
ATH.MI, Updated at 2016-09-30
ATI.PS, Updated at 2016-09-30
ATIH.SI, Updated at 2016-09-30
ATLJ.BO, Updated at 2016-09-30
ATMI.MI, Updated at 2016-09-30
ATOR.NS, Updated at 2016-09-30
ATY.V, Updated at 2016-09-30
AUND.BO, Updated at 2016-09-30
AVSII.RTS, Updated at 2016-09-30
AVTUR.IS, Updated at 2016-09-30
AWDR.OL, Updated at 2016-09-30
AXIT.NS, Updated at 2016-09-30
B5AG.DE, Updated at 2016-09-30
BAFS.BK, Updated at 2016-09-30
BAFSf.BK, Updated at 2016-09-30
BAFSn.BK, Updated at 2016-09-30
BAJA.JK, Updated at 2016-09-30
BATD.PA, Updated at 2016-09-30
BBY, Updated at 2016-10-29
BD2.BB, Updated at 2016-09-30
BDL.MC, Updated at 2016-09-30
BEAUTY.BK, Updated at 2016-09-30
BEAUTYn.BK, Updated at 2016-09-30
BET.MI, Updated at 2016-09-30
BFE.MI, Updated at 2016-09-30
BFFI.MI, Updated at 2016-09-30
BGA.CN, Updated at 2016-09-30
BILD.AD, Updated at 2016-09-30
BIOC.CA, Updated at 2016-09-30
BIONOR.OL, Updated at 2016-09-30
BKJ, Updated at 2016-09-30
BKJa.LM, Updated at 2016-09-30
BKJi.LM, Updated at 2016-09-30
BKJ_pb.LM, Updated at 2016-09-30
BLREI.RTS, Updated at 2016-09-30
BLUE.PA, Updated at 2016-09-30
BOIL.KL, Updated at 2016-09-30
BONT.O, Updated at 2016-10-29
BOPr.AT, Updated at 2016-09-30
BOR.OL, Updated at 2016-09-30
BOUS.SI, Updated at 2016-09-30
BRC, Updated at 2016-10-31
BROO.NS, Updated at 2016-09-30
BROOKm.BK, Updated at 2016-09-30
BROOKmf.BK, Updated at 2016-09-30
BROOKmn.BK, Updated at 2016-09-30
BRRM.SI, Updated at 2016-09-30
BSLI3.SA, Updated at 2016-09-30
BSLI4.SA, Updated at 2016-09-30
BTFH.CA, Updated at 2016-09-30
BTKW.KL, Updated at 2016-09-30
BTSS.SI, Updated at 2016-09-30
BUNZI.RTS, Updated at 2016-09-30
BZDK.PA, Updated at 2016-09-30
CAGGk.DE, Updated at 2016-09-30
CAMP.BO, Updated at 2016-09-30
CAMX.ST, Updated at 2016-09-30
CAPG.NS, Updated at 2016-09-30
CAPT.BO, Updated at 2016-09-30
CARP.NS, Updated at 2016-09-30
CAS.SN, Updated at 2016-09-30
CATE.NS, Updated at 2016-09-30
CATO.K, Updated at 2016-10-29
CBA.V, Updated at 2016-09-30
CCMC.MC, Updated at 2016-09-30
CCORb.ST, Updated at 2016-09-30
CDBP.PA, Updated at 2016-09-30
CDXS.O, Updated at 2016-09-30
CEAG.DE, Updated at 2016-09-30
CEB.V, Updated at 2016-09-30
CEBR3.SA, Updated at 2016-09-30
CEBR5.SA, Updated at 2016-09-30
CEBR6.SA, Updated at 2016-09-30
CENT.NS, Updated at 2016-09-30
CFRESH.BK, Updated at 2016-09-30
CFRESHf.BK, Updated at 2016-09-30
CFRESHn.BK, Updated at 2016-09-30
CFT.S, Updated at 2016-09-30
CHEM.BO, Updated at 2016-09-30
CHEq.L, Updated at 2016-09-30
CHG.BK, Updated at 2016-09-30
CHGf.BK, Updated at 2016-09-30
CHGn.BK, Updated at 2016-09-30
CHHS.SI, Updated at 2016-09-30
CHI.PS, Updated at 2016-09-30
CHIW.SI, Updated at 2016-09-30
CHVI.BO, Updated at 2016-09-30
CIA.AX, Updated at 2016-09-30
CIEP.WA, Updated at 2016-09-30
CIMB.KL, Updated at 2016-09-30
CIRF.CA, Updated at 2016-09-30
CKP.BK, Updated at 2016-09-30
CKPf.BK, Updated at 2016-09-30
CKPn.BK, Updated at 2016-09-30
CL8.BB, Updated at 2016-09-30
CMD.V, Updated at 2016-09-30
CMIL.SI, Updated at 2016-09-30
CMIN.BO, Updated at 2016-09-30
CMP.WA, Updated at 2016-09-30
CNAC.KL, Updated at 2016-09-30
CNCL.SI, Updated at 2016-09-30
CNIR.BO, Updated at 2016-09-30
CNPF.PS, Updated at 2016-09-30
COGH.SI, Updated at 2016-09-30
COLL.O, Updated at 2016-09-30
COLP.PA, Updated at 2016-09-30
COMP.BO, Updated at 2016-09-30
CORI.BO, Updated at 2016-09-30
CORT.SI, Updated at 2016-09-30
COSCO.PS, Updated at 2016-09-30
COSM.SI, Updated at 2016-09-30
CPG.PS, Updated at 2016-09-30
CPINV.BR, Updated at 2016-09-30
CPTA.O, Updated at 2016-09-30
CRC.LM, Updated at 2016-09-30
CRESY.O, Updated at 2016-09-30
CRMT.O, Updated at 2016-10-31
CROE.SI, Updated at 2016-09-30
CRWS.O, Updated at 2016-10-02
CSCB.KL, Updated at 2016-09-30
CSCO.O, Updated at 2016-10-29
CSCO34.SA, Updated at 2016-10-29
CSRN3.SA, Updated at 2016-09-30
CSRN5.SA, Updated at 2016-09-30
CSRN6.SA, Updated at 2016-09-30
CSTH.KL, Updated at 2016-09-30
CSTM.K, Updated at 2016-09-30
CVG.TO, Updated at 2016-09-30
CXB.V, Updated at 2016-09-30
CXD.V, Updated at 2016-09-30
CYBR.PS, Updated at 2016-09-30
D7I.F, Updated at 2016-09-30
DAGHL.IS, Updated at 2016-09-30
DALE.PA, Updated at 2016-09-30
DAMS.NS, Updated at 2016-09-30
DAN.V, Updated at 2016-09-30
DARG.DE, Updated at 2016-09-30
DAVIN.PS, Updated at 2016-09-30
DCM.TO, Updated at 2016-09-30
DCNC.NS, Updated at 2016-09-30
DEE.TO, Updated at 2016-09-30
DELT.TA, Updated at 2016-09-30
DHNP.NS, Updated at 2016-09-30
DIRR3.SA, Updated at 2016-09-30
DLTN.BO, Updated at 2016-09-30
DMHL.SI, Updated at 2016-09-30
DNAR.JK, Updated at 2016-09-30
DOID.JK, Updated at 2016-09-30
DOLL.BO, Updated at 2016-09-30
DOS.V, Updated at 2016-09-30
DPSP.BO, Updated at 2016-09-30
DSCT.TA, Updated at 2016-09-30
DTCI.BK, Updated at 2016-09-30
DTCIn.BK, Updated at 2016-09-30
DTHL.SI, Updated at 2016-09-30
DUFU.KL, Updated at 2016-09-30
DUKSI.RTS, Updated at 2016-09-30
DXTR.O, Updated at 2016-09-30
E4CG.DE, Updated at 2016-09-30
EARTH.BK, Updated at 2016-09-30
EARTHf.BK, Updated at 2016-09-30
EARTHn.BK, Updated at 2016-09-30
EASB.CA, Updated at 2016-09-30
EASE.BO, Updated at 2016-09-30
ECP.TA, Updated at 2016-09-30
EDEL.NS, Updated at 2016-09-30
EDW.V, Updated at 2016-09-30
EGCH.CA, Updated at 2016-09-30
EGLE.O, Updated at 2016-09-30
EGLYO.IS, Updated at 2016-09-30
EGSA.CA, Updated at 2016-09-30
EGTS.CA, Updated at 2016-09-30
EIMS.IC, Updated at 2016-09-30
ELCN.NS, Updated at 2016-09-30
ELSH.CA, Updated at 2016-09-30
ELVPI.RTS, Updated at 2016-09-30
EMP.WA, Updated at 2016-09-30
ENIP.WA, Updated at 2016-09-30
ENK.CN, Updated at 2016-09-30
ENMA3B.SO, Updated at 2016-09-30
ENMA6B.SO, Updated at 2016-09-30
ENMT3.SA, Updated at 2016-09-30
ENMT4.SA, Updated at 2016-09-30
ENOB.KL, Updated at 2016-09-30
EOM.TO, Updated at 2016-09-30
EROS.NS, Updated at 2016-09-30
ESHR.AD, Updated at 2016-09-30
ETRS.CA, Updated at 2016-09-30
EUCN.SI, Updated at 2016-09-30
EURBr.AT, Updated at 2016-09-30
EURO.PS, Updated at 2016-09-30
EV4G.DE, Updated at 2016-09-30
EW.PS, Updated at 2016-09-30
EXOT.BO, Updated at 2016-09-30
EZHL.SI, Updated at 2016-09-30
FAL.SN, Updated at 2016-09-30
FATL.PA, Updated at 2016-09-30
FEDL.SI, Updated at 2016-09-30
FEES.MM, Updated at 2016-09-30
FEESq.L, Updated at 2016-09-30
FEHS.KL, Updated at 2016-09-30
FEMP.SI, Updated at 2016-09-30
FENIS.IS, Updated at 2016-09-30
FGL, Updated at 2016-09-30
FILA.MI, Updated at 2016-09-30
FINE.NS, Updated at 2016-09-30
FLFL.NS, Updated at 2016-09-30
FOBE.SCT, Updated at 2016-09-30
FOM.V, Updated at 2016-09-30
FORTY.O, Updated at 2016-09-30
FORTY.TA, Updated at 2016-09-30
FPHG.DE, Updated at 2016-09-30
FPq.L, Updated at 2016-09-30
FREN.SI, Updated at 2016-09-30
FRSH.BO, Updated at 2016-09-30
FSMARTm.BK, Updated at 2016-09-30
FSMARTmf.BK, Updated at 2016-09-30
FSMARTmn.BK, Updated at 2016-09-30
FUNE.MC, Updated at 2016-09-30
FUYU.SI, Updated at 2016-09-30
GALQ.MC, Updated at 2016-09-30
GASM.KL, Updated at 2016-09-30
GAYL.SI, Updated at 2016-09-30
GBB2RF636.L, Updated at 2016-09-30
GBB5N6Z48.L, Updated at 2016-09-30
GBBYYTR54.L, Updated at 2016-09-30
GBT.TO, Updated at 2016-09-30
GCCP.SI, Updated at 2016-09-30
GCHE.MM, Updated at 2016-09-30
GDRU.BO, Updated at 2016-09-30
GEMS.JK, Updated at 2016-09-30
GEOE.SI, Updated at 2016-09-30
GEOS.O, Updated at 2016-09-30
GEREL.IS, Updated at 2016-09-30
GESC.NS, Updated at 2016-09-30
GFF, Updated at 2016-09-30
GFI.CD, Updated at 2016-09-30
GGOKI.RTS, Updated at 2016-09-30
GIVO.BO, Updated at 2016-09-30
GKHS.SI, Updated at 2016-09-30
GL.BK, Updated at 2016-09-30
GLf.BK, Updated at 2016-09-30
GLn.BK, Updated at 2016-09-30
GLOB.BO, Updated at 2016-09-30
GLVR.TA, Updated at 2016-09-30
GOG.V, Updated at 2016-09-30
GPBS.SI, Updated at 2016-09-30
GPIA.O, Updated at 2016-09-30
GPIAU.O, Updated at 2016-09-30
GPPE.NS, Updated at 2016-09-30
GPRL.SI, Updated at 2016-09-30
GRAMMY.BK, Updated at 2016-09-30
GRAMMYf.BK, Updated at 2016-09-30
GRAMMYn.BK, Updated at 2016-09-30
GRIP.WA, Updated at 2016-09-30
GRIr.AT, Updated at 2016-09-30
GSFO.OL, Updated at 2016-09-30
GSMI.PS, Updated at 2016-09-30
GUNKUL.BK, Updated at 2016-09-30
GUNKULf.BK, Updated at 2016-09-30
GUNKULn.BK, Updated at 2016-09-30
GYC.DE, Updated at 2016-09-30
HALC.SI, Updated at 2016-09-30
HAMAT.TA, Updated at 2016-09-30
HATEK.IS, Updated at 2016-09-30
HAYN.O, Updated at 2016-09-30
HBOR3.SA, Updated at 2016-09-30
HD, Updated at 2016-10-30
HEKR.KL, Updated at 2016-09-30
HGSL.NS, Updated at 2016-09-30
HI, Updated at 2016-09-30
HIAP.SI, Updated at 2016-09-30
HKEZI.RTS, Updated at 2016-09-30
HLGZ.DE, Updated at 2016-09-30
HLNGH.OL, Updated at 2016-09-30
HMIH.SI, Updated at 2016-09-30
HNDF.NS, Updated at 2016-09-30
HNZ.TO, Updated at 2016-09-30
HOME34.SA, Updated at 2016-10-30
HOOT4.SA, Updated at 2016-09-30
HOTU.SI, Updated at 2016-09-30
HP, Updated at 2016-09-30
HPCO.BO, Updated at 2016-09-30
HRE.V, Updated at 2016-09-30
HTIh.V, Updated at 2016-09-30
I7NG.DE, Updated at 2015-12-31
IATA.JK, Updated at 2016-09-30
IC.CO, Updated at 2016-09-30
IFAC.SI, Updated at 2016-09-30
IFCA.KL, Updated at 2016-09-30
IFEC.BK, Updated at 2016-09-30
IFECf.BK, Updated at 2016-09-30
IFECn.BK, Updated at 2016-09-30
IFRF.NS, Updated at 2016-09-30
IGAM.NS, Updated at 2016-09-30
ILD.PA, Updated at 2016-09-30
IML.V, Updated at 2016-09-30
IMSP.KL, Updated at 2016-09-30
INDS.JK, Updated at 2016-09-30
INDW.NS, Updated at 2016-09-30
INGSI.RTS, Updated at 2016-09-30
INHG.DE, Updated at 2016-09-30
INRM.TA, Updated at 2016-09-30
INTR.SI, Updated at 2016-09-30
INY.MC, Updated at 2016-09-30
IPLP.WA, Updated at 2016-09-30
IPO.PS, Updated at 2016-09-30
IQGH.KL, Updated at 2016-09-30
IQP.WA, Updated at 2016-09-30
IREI.SI, Updated at 2016-09-30
ISAT.JK, Updated at 2016-09-30
ISG.CN, Updated at 2016-09-30
ITCM.NS, Updated at 2016-09-30
ITEL.NS, Updated at 2016-09-30
ITXX.OL, Updated at 2016-09-30
IVUG.DE, Updated at 2016-09-30
IXBI.SI, Updated at 2016-09-30
JAIR.NS, Updated at 2016-09-30
JAIRdv.NS, Updated at 2016-09-30
JCT.BK, Updated at 2016-09-30
JCTf.BK, Updated at 2016-09-30
JCTn.BK, Updated at 2016-09-30
JDAN.CO, Updated at 2016-09-30
JKBM.KL, Updated at 2016-09-30
JKIN.NS, Updated at 2016-09-30
JMART.BK, Updated at 2016-09-30
JMARTf.BK, Updated at 2016-09-30
JMARTn.BK, Updated at 2016-09-30
JMNA.NS, Updated at 2016-09-30
JOPA3.SA, Updated at 2016-09-30
JOPA4.SA, Updated at 2016-09-30
JPRS.JK, Updated at 2016-09-30
JSIH.SI, Updated at 2016-03-31
KALF.NS, Updated at 2016-09-30
KALI.NS, Updated at 2016-09-30
KARE.TA, Updated at 2016-09-30
KARTN.IS, Updated at 2016-09-30
KBG.V, Updated at 2016-09-30
KCCO.BO, Updated at 2016-09-30
KDDL.NS, Updated at 2016-09-30
KEYR.PA, Updated at 2016-09-30
KGN.WA, Updated at 2016-09-30
KICO.AD, Updated at 2016-09-30
KKC.BK, Updated at 2016-09-30
KKCf.BK, Updated at 2016-09-30
KKCn.BK, Updated at 2016-09-30
KKGI.JK, Updated at 2016-09-30
KLAR.ST, Updated at 2016-09-30
KLIC.O, Updated at 2016-10-01
KLKK.KL, Updated at 2016-09-30
KMDG.BO, Updated at 2016-09-30
KMGq.L, Updated at 2016-09-30
KNDOI.RTS, Updated at 2016-09-30
KOOL.O, Updated at 2016-09-30
KPL.WA, Updated at 2016-09-30
KPLA.BO, Updated at 2016-09-30
KPMOI.RTS, Updated at 2016-09-30
KPPC.BO, Updated at 2016-09-30
KPRI.BO, Updated at 2016-09-30
KRE.CO, Updated at 2016-09-30
KRTEK.IS, Updated at 2016-09-30
KSE.BO, Updated at 2016-09-30
KSG.WA, Updated at 2016-09-30
KSHH.SI, Updated at 2016-09-30
KSTL.SI, Updated at 2016-09-30
KUB.V, Updated at 2016-09-30
L.TO, Updated at 2016-10-08
LACP.PA, Updated at 2016-09-30
LACT.BO, Updated at 2016-09-30
LAEP.PA, Updated at 2016-09-30
LAFE.SI, Updated at 2016-09-30
LAPD.JK, Updated at 2016-09-30
LB, Updated at 2016-10-29
LC.PS, Updated at 2016-09-30
LCB.PS, Updated at 2016-09-30
LEOV.ST, Updated at 2016-09-30
LEPSI.RTS, Updated at 2016-09-30
LIND.NS, Updated at 2016-09-30
LIT.SN, Updated at 2016-09-30
LMRT.SI, Updated at 2016-09-30
LOTO.PS, Updated at 2016-09-30
LOVA.NS, Updated at 2016-09-30
LOW, Updated at 2016-10-28
LQDT.O, Updated at 2016-09-30
LTKM.KL, Updated at 2016-09-30
LUB, Updated at 2016-08-31
LUCS.SI, Updated at 2016-09-30
LUMI.TA, Updated at 2016-09-30
M4NG.DE, Updated at 2016-09-30
MACKb.ST, Updated at 2016-09-30
MAGIS.PA, Updated at 2016-09-30
MALEE.BK, Updated at 2016-09-30
MALEEf.BK, Updated at 2016-09-30
MALEEn.BK, Updated at 2016-09-30
MANV.VI, Updated at 2016-09-30
MARKA.DU, Updated at 2016-09-30
MARR.MI, Updated at 2016-09-30
MAST.BU, Updated at 2016-09-30
MATR.KL, Updated at 2016-09-30
MATW.O, Updated at 2016-09-30
MAWL.NS, Updated at 2016-09-30
MBSC.CA, Updated at 2016-09-30
MC.BK, Updated at 2016-09-30
MCf.BK, Updated at 2016-09-30
MCLC.PA, Updated at 2016-09-30
MCn.BK, Updated at 2016-09-30
MCOT.BK, Updated at 2016-09-30
MCOTf.BK, Updated at 2016-09-30
MCOTn.BK, Updated at 2016-09-30
MCQE.CA, Updated at 2016-09-30
MDG1k.DE, Updated at 2016-09-30
MDIU.BO, Updated at 2016-09-30
MDNG.DE, Updated at 2016-09-30
MDRN.JK, Updated at 2016-09-30
MDVM.NS, Updated at 2016-09-30
MDVX.O, Updated at 2016-09-30
ME.TO, Updated at 2016-09-30
MEMT.SI, Updated at 2016-09-30
MEND3.SA, Updated at 2016-09-30
MEND5.SA, Updated at 2016-09-30
MEND6.SA, Updated at 2016-09-30
MESO.O, Updated at 2016-09-30
METEX.PA, Updated at 2016-09-30
MEWI.SI, Updated at 2016-09-30
MFMS.KL, Updated at 2016-09-30
MFSL.SI, Updated at 2016-09-30
MGIP.PA, Updated at 2016-09-30
MGT, Updated at 2016-09-30
MHPCq.L, Updated at 2016-09-30
MIDA.SI, Updated at 2016-09-30
MILS.CA, Updated at 2016-09-30
MIN.SN, Updated at 2016-09-30
MINsd.SN, Updated at 2016-09-30
MIRZ.NS, Updated at 2016-09-30
MJIC.PS, Updated at 2016-09-30
MK.BK, Updated at 2016-09-30
MKf.BK, Updated at 2016-09-30
MKn.BK, Updated at 2016-09-30
MKROI.RTS, Updated at 2016-09-30
MLD.L, Updated at 2016-09-30
MLR.V, Updated at 2016-06-30
MMAT.CA, Updated at 2016-09-30
MMKV.VI, Updated at 2016-09-30
MMWW.BO, Updated at 2016-09-30
MNFL.NS, Updated at 2016-09-30
MNHD.CA, Updated at 2016-09-30
MNPR3.SA, Updated at 2016-09-30
MOCF.NS, Updated at 2016-09-30
MOIL.NS, Updated at 2016-09-30
MOL.SN, Updated at 2016-09-30
MOO.V, Updated at 2016-09-30
MORr.AT, Updated at 2016-09-30
MPET.O, Updated at 2016-09-30
MPT.V, Updated at 2016-06-30
MRCP.WA, Updated at 2016-09-30
MRGYO.IS, Updated at 2016-09-30
MRL.MC, Updated at 2016-09-30
MRSGI.PS, Updated at 2016-09-30
MRSP.PA, Updated at 2016-09-30
MRU.TO, Updated at 2016-09-24
MSB.AX, Updated at 2016-09-30
MSDI.O, Updated at 2016-09-30
MSEL.SI, Updated at 2016-09-30
MSIRI.RTS, Updated at 2016-09-30
MTb.CO, Updated at 2016-09-30
MTED.NS, Updated at 2016-09-30
MTHL.SI, Updated at 2016-09-30
MTLS.O, Updated at 2016-09-30
MTOR.K, Updated at 2016-09-30
MTPVI.RTS, Updated at 2016-09-30
MYST.BO, Updated at 2016-09-30
MZN.WA, Updated at 2016-09-30
NAN.V, Updated at 2016-09-30
NATTO.OL, Updated at 2016-09-30
NBKE.CA, Updated at 2016-09-30
NCCW.CA, Updated at 2016-09-30
NCMP.CA, Updated at 2016-09-30
NDTV.NS, Updated at 2016-09-30
NECC.NS, Updated at 2016-09-30
NEL.OL, Updated at 2016-09-30
NETG.ST, Updated at 2016-09-30
NGRMI.RTS, Updated at 2016-09-30
NGVC.K, Updated at 2016-09-30
NHPS.CA, Updated at 2016-09-30
NICE.O, Updated at 2016-09-30
NICE.TA, Updated at 2016-09-30
NIRL.BO, Updated at 2016-09-30
NISCH.NGM, Updated at 2016-09-30
NJR, Updated at 2016-09-30
NK.O, Updated at 2016-09-30
NMCG.SI, Updated at 2016-09-30
NMDC.AD, Updated at 2016-09-30
NN.AS, Updated at 2016-09-30
NOBL.BO, Updated at 2016-09-30
NOIN.BO, Updated at 2016-09-30
NOLh.V, Updated at 2016-09-30
NORL.NS, Updated at 2016-09-30
NPH.V, Updated at 2016-09-30
NTAP.O, Updated at 2016-10-28
NTHP.BO, Updated at 2016-09-30
NTPL.BO, Updated at 2016-09-30
NTSAS.OL, Updated at 2016-09-30
NTSK.OL, Updated at 2016-09-30
NUEVOL.ST, Updated at 2016-09-30
NUTR.O, Updated at 2016-09-30
NVAP.WA, Updated at 2016-09-30
NYMX.O, Updated at 2016-09-30
NYT.BK, Updated at 2016-09-30
NYTn.BK, Updated at 2016-09-30
O4BG.DE, Updated at 2016-09-30
OCDI.CA, Updated at 2016-09-30
OCEANm.BK, Updated at 2016-09-30
OCEANmn.BK, Updated at 2016-09-30
OCTL.NS, Updated at 2016-09-30
OHBG.DE, Updated at 2016-09-30
OLG.PA, Updated at 2016-09-30
OLT.OL, Updated at 2016-09-30
OPLY.BO, Updated at 2016-09-30
OPS.V, Updated at 2016-08-31
ORB.CN, Updated at 2016-09-30
ORCa.V, Updated at 2016-09-30
ORCb.V, Updated at 2016-09-30
ORCE.NS, Updated at 2016-09-30
OREN.NS, Updated at 2016-09-30
ORHD.CA, Updated at 2016-09-30
ORPA.KL, Updated at 2016-09-30
OSPGk.DE, Updated at 2016-09-30
OSXB3.SA, Updated at 2016-09-30
OTLS.KL, Updated at 2016-09-30
OTMT.CA, Updated at 2016-09-30
OTMTq.L, Updated at 2016-09-30
OUEH.SI, Updated at 2016-09-30
OUPh.V, Updated at 2016-06-30
OZBAL.IS, Updated at 2016-09-30
PARF.PA, Updated at 2016-09-30
PATB.BO, Updated at 2016-09-30
PATI.O, Updated at 2016-09-30
PBC.PS, Updated at 2016-09-30
PCMP.WA, Updated at 2016-09-30
PDI.BK, Updated at 2016-09-30
PDIf.BK, Updated at 2016-09-30
PDIn.BK, Updated at 2016-09-30
PDN.AX, Updated at 2016-09-30
PDXI.ST, Updated at 2016-09-30
PEHN.S, Updated at 2016-09-30
PENO.OL, Updated at 2016-09-30
PEX.WA, Updated at 2016-09-30
PEY.L, Updated at 2016-09-30
PFM.V, Updated at 2016-09-30
PGDP.WA, Updated at 2016-09-30
PGEL.NS, Updated at 2016-09-30
PHAR.CA, Updated at 2016-09-30
PHOR.MM, Updated at 2016-09-30
PHORq.L, Updated at 2016-09-30
PINE4.SA, Updated at 2016-09-30
PKPP.WA, Updated at 2016-09-30
PLCE.O, Updated at 2016-10-29
PLYP.NS, Updated at 2016-09-30
PN, Updated at 2016-09-30
PNEGn.DE, Updated at 2016-09-30
POD.LM, Updated at 2016-09-30
POLA.NS, Updated at 2016-09-30
POLI.TA, Updated at 2016-09-30
POLT.BO, Updated at 2016-09-30
POLY.ST, Updated at 2016-09-30
POST.K, Updated at 2016-09-30
PPC.PS, Updated at 2016-09-30
PPZh.V, Updated at 2016-08-31
PRAL.SI, Updated at 2016-09-30
PRD.WA, Updated at 2016-09-30
PRDA.NS, Updated at 2016-09-30
PREM.BO, Updated at 2016-09-30
PRIO3.SA, Updated at 2016-09-30
PRJ.V, Updated at 2016-09-30
PRMGI.RTS, Updated at 2016-09-30
PRMI.NS, Updated at 2016-09-30
PROC.SI, Updated at 2016-09-30
PTCL.SI, Updated at 2016-09-30
PTCN.NS, Updated at 2016-09-30
PTNT3.SA, Updated at 2016-09-30
PTNT4.SA, Updated at 2016-09-30
PUE.SN, Updated at 2016-09-30
PUNA.NS, Updated at 2016-09-30
QAFS.SI, Updated at 2016-09-30
QTE.PA, Updated at 2016-09-30
QTVA.SI, Updated at 2016-09-30
RABA.BU, Updated at 2016-09-30
RAFO.BO, Updated at 2016-09-30
RAIN.BO, Updated at 2016-09-30
RAJO.BO, Updated at 2016-09-30
RAMA.NS, Updated at 2016-09-30
RBAV.VI, Updated at 2016-09-30
RBIV.VI, Updated at 2016-09-30
RBM.TO, Updated at 2016-09-30
RC.TO, Updated at 2016-09-30
RCB.PS, Updated at 2016-09-30
RCSM.MI, Updated at 2016-09-30
RDHL.O, Updated at 2016-09-30
RDHL.TA, Updated at 2016-09-30
REITIR.IC, Updated at 2016-09-30
RESP.BO, Updated at 2016-09-30
RETA.O, Updated at 2016-09-30
RFC.V, Updated at 2016-09-30
RHTH.SI, Updated at 2016-09-30
RISH.OL, Updated at 2016-09-30
RIT1.TA, Updated at 2016-09-30
RLJE.O, Updated at 2016-09-30
RLP.WA, Updated at 2016-09-30
RML.V, Updated at 2016-09-30
RNKP.WA, Updated at 2016-09-30
RNSG.NS, Updated at 2016-09-30
ROB.WA, Updated at 2016-09-30
ROBF.PA, Updated at 2016-09-30
ROBFi.PA, Updated at 2016-09-30
ROCh.V, Updated at 2016-08-31
ROCKa.CO, Updated at 2016-09-30
ROCKb.CO, Updated at 2016-09-30
ROH.BK, Updated at 2016-09-30
ROHf.BK, Updated at 2016-09-30
ROHn.BK, Updated at 2016-09-30
RONS.SCT, Updated at 2016-09-30
ROST.O, Updated at 2016-10-29
ROST34.SA, Updated at 2016-10-29
RPPI.NS, Updated at 2016-09-30
RPR.BB, Updated at 2016-09-30
RPRO.NS, Updated at 2016-09-30
RPSZI.RTS, Updated at 2016-09-30
RTALB.IS, Updated at 2016-09-30
RTG.AX, Updated at 2016-09-30
RTG.TO, Updated at 2016-09-30
RVHL.SI, Updated at 2016-09-30
S11.BK, Updated at 2016-09-30
S11n.BK, Updated at 2016-09-30
SAFE.JK, Updated at 2016-09-30
SAL.SN, Updated at 2016-09-30
SALAMA.DU, Updated at 2016-09-30
SALM.OL, Updated at 2016-09-30
SALZ.NS, Updated at 2016-09-30
SAMT.SI, Updated at 2016-09-30
SAMTEL.BK, Updated at 2016-09-30
SAMTELf.BK, Updated at 2016-09-30
SAMTELn.BK, Updated at 2016-09-30
SANG.NS, Updated at 2016-09-30
SANION.ST, Updated at 2016-09-30
SAPPE.BK, Updated at 2016-09-30
SAPPEn.BK, Updated at 2016-09-30
SARXI.RTS, Updated at 2016-09-30
SATR.NS, Updated at 2016-09-30
SAY.MC, Updated at 2016-09-30
SC.BK, Updated at 2016-09-30
SCf.BK, Updated at 2016-09-30
SCO.LM, Updated at 2016-09-30
SCP.BK, Updated at 2016-09-30
SCPn.BK, Updated at 2016-09-30
SDB.NS, Updated at 2016-09-30
SDIF.PA, Updated at 2016-09-30
SDIFn.PA, Updated at 2016-09-30
SDTI.CA, Updated at 2016-09-30
SEAM.ST, Updated at 2016-09-30
SEC.SN, Updated at 2016-09-30
SEEH.SI, Updated at 2016-09-30
SEIN.NS, Updated at 2016-09-30
SELA.NS, Updated at 2016-09-30
SENG.DE, Updated at 2016-09-30
SEQU.NS, Updated at 2016-09-30
SERL.SI, Updated at 2016-09-30
SFGR.CO, Updated at 2016-09-30
SFS, Updated at 2016-10-09
SHGR.NS, Updated at 2016-09-30
SHUA.DU, Updated at 2016-09-30
SIGN.NS, Updated at 2016-09-30
SIGS.KL, Updated at 2016-09-30
SIPH.PA, Updated at 2016-09-30
SIXG.DE, Updated at 2016-09-30
SJM, Updated at 2016-10-31
SKCMI.RTS, Updated at 2016-09-30
SKPC.CA, Updated at 2016-09-30
SLKI.KL, Updated at 2016-09-30
SLP.BK, Updated at 2016-09-30
SLPf.BK, Updated at 2016-09-30
SLPn.BK, Updated at 2016-09-30
SLRS.MC, Updated at 2016-09-30
SMAT.NS, Updated at 2016-09-30
SMB.V, Updated at 2016-06-30
SMOL.BO, Updated at 2016-09-30
SNK.WA, Updated at 2016-09-30
SNST.BO, Updated at 2016-09-30
SOG.V, Updated at 2016-09-30
SOLS.MI, Updated at 2016-09-30
SONI.LS, Updated at 2016-09-30
SONP.WA, Updated at 2016-09-30
SOSIL.NGM, Updated at 2016-09-30
SPB, Updated at 2016-09-30
SPC.PS, Updated at 2016-09-30
SPGP.CO, Updated at 2016-09-30
SPHT.CA, Updated at 2016-09-30
SPLS.O, Updated at 2016-10-29
SPWH.O, Updated at 2016-10-29
SRDX.O, Updated at 2016-09-30
SRX.V, Updated at 2016-09-30
SSAL.BO, Updated at 2016-09-30
SSI, Updated at 2016-10-29
SSI.PS, Updated at 2016-09-30
STC.V, Updated at 2016-09-30
STEC.BK, Updated at 2016-09-30
STECf.BK, Updated at 2016-09-30
STECn.BK, Updated at 2016-09-30
STEE.KL, Updated at 2016-09-30
STLL.ST, Updated at 2016-09-30
STP.WA, Updated at 2016-09-30
STPI.BK, Updated at 2016-09-30
STPIf.BK, Updated at 2016-09-30
STPIn.BK, Updated at 2016-09-30
STRA.SI, Updated at 2016-09-30
SUNP.SI, Updated at 2016-09-30
SUPE.NS, Updated at 2016-09-30
SUPER.BK, Updated at 2016-09-30
SUPERf.BK, Updated at 2016-09-30
SUPERn.BK, Updated at 2016-09-30
SW3.BB, Updated at 2016-09-30
SWEGn.DE, Updated at 2016-09-30
SYI.V, Updated at 2016-09-30
SYLT.BO, Updated at 2016-09-30
SYPR.O, Updated at 2016-10-02
SYST.KL, Updated at 2016-09-30
T3T1k.DE, Updated at 2016-09-30
TA.PS, Updated at 2016-09-30
TAAN.KL, Updated at 2016-09-30
TACCm.BK, Updated at 2016-09-30
TACCmn.BK, Updated at 2016-09-30
TAIT.O, Updated at 2016-09-30
TALK.SI, Updated at 2016-09-30
TAMB.KL, Updated at 2016-09-30
TASC.KL, Updated at 2016-09-30
TCCC.BK, Updated at 2016-09-30
TCCCf.BK, Updated at 2016-09-30
TCCCn.BK, Updated at 2016-09-30
TCHOL.IS, Updated at 2016-09-30
TCIN.SI, Updated at 2016-09-30
TCPL.BO, Updated at 2016-09-30
TEAM.OL, Updated at 2016-09-30
TECH.PS, Updated at 2016-09-30
TEIF.PA, Updated at 2016-09-30
TETR.PA, Updated at 2016-09-30
TFHI.PS, Updated at 2016-09-30
TFPS.KL, Updated at 2016-09-30
TGMA3.SA, Updated at 2016-09-30
TGT, Updated at 2016-10-29
TGTB34.SA, Updated at 2016-10-29
TGTG.DE, Updated at 2016-09-30
THAD.BO, Updated at 2016-09-30
THRE.BK, Updated at 2016-09-30
THREn.BK, Updated at 2016-09-30
TICON.BK, Updated at 2016-09-30
TICONf.BK, Updated at 2016-09-30
TICONn.BK, Updated at 2016-09-30
TIIN.NS, Updated at 2016-09-30
TILK.NS, Updated at 2016-09-30
TIMP.WA, Updated at 2016-09-30
TIP.MI, Updated at 2016-09-30
TK.BK, Updated at 2016-09-30
TKf.BK, Updated at 2016-09-30
TKN.BK, Updated at 2016-09-30
TMGH.CA, Updated at 2016-09-30
TNC.V, Updated at 2016-07-31
TPEG.DE, Updated at 2016-09-30
TPIPL.BK, Updated at 2016-09-30
TPIPLf.BK, Updated at 2016-09-30
TPIPLn.BK, Updated at 2016-09-30
TPNG.DE, Updated at 2016-09-30
TRGMI.RTS, Updated at 2016-09-30
TRH1V.HE, Updated at 2016-09-30
TRMK.MM, Updated at 2016-09-30
TRMKq.L, Updated at 2016-09-30
TRTm.BK, Updated at 2016-09-30
TRTmf.BK, Updated at 2016-09-30
TRTmn.BK, Updated at 2016-09-30
TRUS.JK, Updated at 2016-09-30
TSIL.NS, Updated at 2016-09-30
TTKH.NS, Updated at 2016-09-30
TVAGI.RTS, Updated at 2016-09-30
TWMC.O, Updated at 2016-10-29
TWPC.BK, Updated at 2016-09-30
TWPCn.BK, Updated at 2016-09-30
TX.TO, Updated at 2016-09-30
TXCL.PA, Updated at 2016-09-30
TYDSI.RTS, Updated at 2016-09-30
UASG.CA, Updated at 2016-09-30
UELMI.RTS, Updated at 2016-09-30
UEX.TO, Updated at 2016-09-30
UGD.V, Updated at 2016-09-30
UISY.BO, Updated at 2016-09-30
UKGSI.RTS, Updated at 2016-09-30
ULENI.RTS, Updated at 2016-09-30
UMSH.SI, Updated at 2016-09-30
UNAX.BO, Updated at 2016-09-30
UNIN.AD, Updated at 2016-09-30
UNOF.BO, Updated at 2016-09-30
UNON.TA, Updated at 2016-09-30
UNPH.NS, Updated at 2016-09-30
URAGI.RTS, Updated at 2016-09-30
UT.BK, Updated at 2016-09-30
UTf.BK, Updated at 2016-09-30
UTn.BK, Updated at 2016-09-30
UV.BK, Updated at 2016-09-30
UVf.BK, Updated at 2016-09-30
UVn.BK, Updated at 2016-09-30
VAKFN.IS, Updated at 2016-09-30
VAMG.SI, Updated at 2016-09-30
VARD.SI, Updated at 2016-09-30
VCIL.BO, Updated at 2016-09-30
VGSB.MM, Updated at 2016-09-30
VHLD.SI, Updated at 2016-09-30
VIAD.PA, Updated at 2016-09-30
VIEC.NS, Updated at 2016-09-30
VIEV.VI, Updated at 2016-09-30
VIK1V.HE, Updated at 2016-09-30
VIO.V, Updated at 2016-09-30
VITI.MI, Updated at 2016-09-30
VKOFI.RTS, Updated at 2016-09-30
VNG.BK, Updated at 2016-09-30
VNGf.BK, Updated at 2016-09-30
VNGn.BK, Updated at 2016-09-30
VNVsdb.ST, Updated at 2016-09-30
VNYL.NS, Updated at 2016-09-30
VOKS.JK, Updated at 2016-09-30
VOLT.NS, Updated at 2016-09-30
VONMI.RTS, Updated at 2016-09-30
VSSABb.ST, Updated at 2016-09-30
VTC.BO, Updated at 2016-09-30
VTG.WA, Updated at 2016-09-30
VTRX.KL, Updated at 2016-09-30
WAGE.BO, Updated at 2016-09-30
WAIR.K, Updated at 2016-09-30
WAT.SN, Updated at 2016-09-30
WBKC.O, Updated at 2016-09-30
WEB.PS, Updated at 2016-09-30
WEG1.DE, Updated at 2016-09-30
WEG3e.D, Updated at 2016-09-30
WGL, Updated at 2016-09-30
WIIK.BK, Updated at 2016-09-30
WIIKf.BK, Updated at 2016-09-30
WIIKn.BK, Updated at 2016-09-30
WINT.O, Updated at 2016-09-30
WINT.ST, Updated at 2016-09-30
WITL.BO, Updated at 2016-09-30
WITM.KL, Updated at 2016-09-30
WLF.V, Updated at 2016-09-30
WLSP.NS, Updated at 2016-09-30
WOMF.JK, Updated at 2016-09-30
WPI.PS, Updated at 2016-09-30
WSM, Updated at 2016-10-30
WSMK.TA, Updated at 2016-09-30
WSON33.SA, Updated at 2016-09-30
WSTC.NS, Updated at 2016-09-30
WVFC.O, Updated at 2016-09-30
WZR.V, Updated at 2016-09-30
XGTI.O, Updated at 2016-09-30
YARSI.RTS, Updated at 2016-09-30
YESIL.IS, Updated at 2016-09-30
YTLL.KL, Updated at 2016-09-30
YTLP.KL, Updated at 2016-09-30
YTLS.KL, Updated at 2016-09-30
YUMA.K, Updated at 2016-09-30
YUNSA.IS, Updated at 2016-09-30
YUUZ.SI, Updated at 2016-09-30
ZILL.MM, Updated at 2016-09-30
ZUCI.MI, Updated at 2016-09-30
ZYSY.NS, Updated at 2016-09-30
ZZGTI.RTS, Updated at 2016-09-30
