000030.KS
000030.KS
000030.KS
000030.KS
000030.KS
000120.KS
000120.KS
000120.KS
000120.KS
000120.KS
000120.KS
000140.KS
000140.KS
000140.KS
000140.KS
000140.KS
000140.KS
000150.KS
000150.KS
000150.KS
000150.KS
000150.KS
000150.KS
000150.KS
000150.KS
000210.KS
000240.KS
000240.KS
000240.KS
000240.KS
000240.KS
000240.KS
000240.KS
000490.KS
000490.KS
000490.KS
000490.KS
000660.KS
000660.KS
000660.KS
000670.KS
000670.KS
000670.KS
000670.KS
000670.KS
000860.KS
000860.KS
000860.KS
000860.KS
000860.KS
000860.KS
000860.KS
000880.KS
000880.KS
000880.KS
000880.KS
000880.KS
000880.KS
000880.KS
000880.KS
000880.KS
000880.KS
000880.KS
000880.KS
000990.KS
000990.KS
000990.KS
000990.KS
000990.KS
000990.KS
001040.KS
001040.KS
001040.KS
001040.KS
001040.KS
001040.KS
001040.KS
001040.KS
001740.KS
001740.KS
001740.KS
002220.KS
002220.KS
002220.KS
002220.KS
002220.KS
002220.KS
002220.KS
002320.KS
002320.KS
002320.KS
002350.KS
002350.KS
002350.KS
002350.KS
002350.KS
002350.KS
002350.KS
002350.KS
002350.KS
002380.KS
002380.KS
002380.KS
002380.KS
002380.KS
002380.KS
002380.KS
002380.KS
002710.KS
002710.KS
002710.KS
002710.KS
002710.KS
002720.KS
002760.KS
002760.KS
002760.KS
002760.KS
002760.KS
002760.KS
002760.KS
002780.KS
002780.KS
002880.KS
002880.KS
002880.KS
002880.KS
002880.KS
002880.KS
003030.KS
003030.KS
003030.KS
003030.KS
003030.KS
003030.KS
003350.KS
003350.KS
003350.KS
003350.KS
003350.KS
003350.KS
003350.KS
003350.KS
003350.KS
003490.KS
003490.KS
003490.KS
003490.KS
003490.KS
003490.KS
003490.KS
003490.KS
003490.KS
003490.KS
003490.KS
003490.KS
003550.KS
003550.KS
003550.KS
003680.KS
003680.KS
003680.KS
003680.KS
003680.KS
003680.KS
003680.KS
004000.KS
004000.KS
004000.KS
004000.KS
004000.KS
004000.KS
004020.KS
004020.KS
004020.KS
004020.KS
004020.KS
004020.KS
004020.KS
004020.KS
004020.KS
004020.KS
004020.KS
004710.KS
004710.KS
004710.KS
004710.KS
004710.KS
004710.KS
004710.KS
004710.KS
004710.KS
004800.KS
004800.KS
004800.KS
004800.KS
004800.KS
004890.KS
004890.KS
004890.KS
004890.KS
004890.KS
004890.KS
005160.KQ
005160.KQ
005160.KQ
005160.KQ
005160.KQ
005300.KS
005300.KS
005300.KS
005300.KS
005300.KS
005300.KS
005300.KS
005300.KS
005300.KS
005300.KS
005300.KS
005320.KS
005320.KS
005320.KS
005320.KS
005320.KS
005380.KS
005380.KS
005380.KS
005490.KS
005490.KS
005490.KS
005490.KS
005490.KS
005500.KS
005500.KS
005610.KS
005610.KS
005610.KS
005610.KS
005850.KS
005850.KS
005850.KS
005850.KS
005850.KS
006280.KS
006280.KS
006280.KS
006280.KS
006280.KS
006280.KS
006280.KS
006360.KS
006400.KS
006800.KS
006800.KS
006800.KS
006800.KS
006800.KS
007070.KS
007070.KS
007070.KS
007070.KS
007070.KS
007070.KS
007070.KS
007070.KS
007070.KS
007070.KS
007070.KS
007070.KS
007070.KS
007070.KS
007070.KS
007070.KS
007070.KS
007070.KS
007070.KS
007070.KS
007070.KS
007070.KS
007070.KS
007070.KS
007070.KS
007160.KS
007160.KS
007160.KS
007160.KS
007160.KS
007160.KS
007160.KS
007190.KS
007190.KS
007190.KS
007190.KS
007190.KS
007190.KS
007310.KS
007310.KS
007310.KS
007570.KS
007570.KS
007570.KS
007570.KS
007570.KS
007570.KS
007570.KS
007570.KS
008260.KS
008260.KS
008260.KS
008260.KS
008260.KS
008560.KS
008560.KS
008560.KS
008560.KS
008560.KS
008560.KS
008560.KS
008770.KS
008770.KS
008770.KS
008770.KS
008770.KS
008770.KS
008770.KS
008770.KS
008770.KS
009140.KS
009140.KS
009140.KS
009140.KS
009140.KS
009680.KS
009680.KS
009680.KS
009680.KS
009680.KS
009680.KS
009680.KS
009680.KS
009680.KS
009680.KS
009830.KS
009830.KS
009830.KS
009830.KS
009830.KS
009830.KS
010120.KS
010120.KS
010120.KS
010120.KS
010120.KS
010120.KS
010120.KS
010120.KS
010120.KS
010130.KS
010130.KS
010130.KS
010130.KS
010130.KS
010130.KS
010130.KS
010140.KS
010140.KS
010140.KS
010140.KS
010140.KS
010620.KS
010620.KS
010620.KS
010620.KS
010620.KS
010620.KS
010620.KS
010960.KS
010960.KS
010960.KS
010960.KS
010960.KS
010960.KS
011390.KS
011390.KS
011390.KS
011390.KS
011390.KS
011390.KS
012450.KS
012450.KS
012450.KS
012450.KS
012450.KS
012450.KS
012450.KS
012610.KS
014830.KS
014830.KS
014830.KS
014830.KS
014830.KS
014830.KS
014830.KS
014830.KS
014830.KS
014830.KS
016360.KS
016580.KS
016580.KS
016580.KS
016580.KS
016580.KS
016580.KS
016580.KS
016580.KS
017550.KS
017550.KS
017550.KS
017550.KS
017550.KS
017550.KS
017550.KS
017670.KS
018700.KQ
018700.KQ
018880.KS
018880.KS
018880.KS
018880.KS
018880.KS
023000.KS
023000.KS
023000.KS
023000.KS
023000.KS
023000.KS
023000.KS
023150.KS
023150.KS
023150.KS
023150.KS
023150.KS
023530.KS
023530.KS
023530q.L
023530q.L
024950.KQ
024950.KQ
024950.KQ
024950.KQ
024950.KQ
024950.KQ
027410.KS
027410.KS
027410.KS
027410.KS
027410.KS
027410.KS
027410.KS
028050.KS
028050.KS
028050.KS
028050.KS
028050.KS
028050.KS
029780.KS
029780.KS
029780.KS
029780.KS
029780.KS
029780.KS
029780.KS
029780.KS
029780.KS
029780.KS
029780.KS
029780.KS
029780.KS
029780.KS
029780.KS
029780.KS
029780.KS
030000.KS
030000.KS
030000.KS
030000.KS
030000.KS
030000.KS
030000.KS
033240.KS
033240.KS
033240.KS
033240.KS
033240.KS
033240.KS
033240.KS
033290.KQ
033290.KQ
033290.KQ
033290.KQ
033290.KQ
033290.KQ
033290.KQ
033290.KQ
034020.KS
034020.KS
034020.KS
034020.KS
034020.KS
034020.KS
034020.KS
034020.KS
034020.KS
035080.KQ
035080.KQ
035080.KQ
035080.KQ
035080.KQ
035080.KQ
035080.KQ
035420.KS
035420.KS
035420.KS
035420.KS
035420.KS
035420.KS
035900.KQ
035900.KQ
035900.KQ
035900.KQ
035900.KQ
035900.KQ
035900.KQ
035900.KQ
036030.KQ
036030.KQ
036030.KQ
036030.KQ
036030.KQ
036030.KQ
036180.KQ
036180.KQ
036180.KQ
036180.KQ
036460.KS
036460.KS
036460.KS
036460.KS
036460.KS
036460.KS
036460.KS
036460.KS
036460.KS
036460.KS
036460.KS
036460.KS
036460.KS
036460.KS
036460.KS
036460.KS
036460.KS
036460.KS
036460.KS
036460.KS
036460.KS
036460.KS
036460.KS
036460.KS
036460.KS
036540.KQ
036540.KQ
036540.KQ
036540.KQ
036540.KQ
036540.KQ
036540.KQ
036570.KS
036570.KS
036570.KS
036570.KS
036570.KS
036570.KS
036570.KS
036570.KS
036570.KS
037070.KQ
037070.KQ
037070.KQ
037070.KQ
037070.KQ
038390.KQ
038390.KQ
038390.KQ
038390.KQ
038390.KQ
038390.KQ
038390.KQ
038390.KQ
039030.KQ
039030.KQ
039030.KQ
039030.KQ
039030.KQ
039030.KQ
039030.KQ
039030.KQ
039030.KQ
039030.KQ
039030.KQ
039440.KQ
039440.KQ
039440.KQ
039440.KQ
039440.KQ
039490.KS
039490.KS
039490.KS
039490.KS
039490.KS
039490.KS
039490.KS
039490.KS
039490.KS
039490.KS
039490.KS
039490.KS
039490.KS
039490.KS
039490.KS
039490.KS
039490.KS
039490.KS
039490.KS
039840.KQ
039840.KQ
039840.KQ
039840.KQ
039840.KQ
039840.KQ
039840.KQ
039980.KQ
039980.KQ
039980.KQ
039980.KQ
039980.KQ
039980.KQ
042660.KS
051360.KQ
051360.KQ
051360.KQ
051360.KQ
051360.KQ
052260.KQ
052260.KQ
052260.KQ
052260.KQ
052260.KQ
052260.KQ
052420.KQ
052420.KQ
052420.KQ
052420.KQ
052420.KQ
0538q.L
0538q.L
0538q.L
057050.KS
057050.KS
057050.KS
057050.KS
057050.KS
064260.KQ
064260.KQ
064260.KQ
064260.KQ
064260.KQ
064260.KQ
064350.KS
064350.KS
064350.KS
064350.KS
064350.KS
067080.KQ
067080.KQ
067080.KQ
067080.KQ
069460.KS
069460.KS
069460.KS
069460.KS
069460.KS
069960.KS
069960.KS
069960.KS
069960.KS
069960.KS
069960.KS
069960.KS
069960.KS
071840.KS
071840.KS
071840.KS
071840.KS
071840.KS
071840.KS
073240.KS
073240.KS
073490.KQ
073490.KQ
073490.KQ
073490.KQ
078340.KQ
078340.KQ
078340.KQ
078340.KQ
078340.KQ
079550.KS
079550.KS
079550.KS
079550.KS
079550.KS
079550.KS
084990.KQ
084990.KQ
086450.KQ
086450.KQ
086450.KQ
086450.KQ
086450.KQ
092040.KQ
092040.KQ
092040.KQ
092040.KQ
092040.KQ
092040.KQ
093050.KS
093050.KS
093190.KQ
093190.KQ
093190.KQ
093190.KQ
093190.KQ
093190.KQ
093190.KQ
093190.KQ
097950.KS
099320.KQ
099320.KQ
099320.KQ
099320.KQ
099320.KQ
099320.KQ
101390.KQ
101390.KQ
107590.KS
107590.KS
107590.KS
107590.KS
107590.KS
108670.KS
108670.KS
108670.KS
108790.KQ
108790.KQ
108790.KQ
108790.KQ
108790.KQ
108790.KQ
108790.KQ
108790.KQ
1103.TW
1103.TW
1103.TW
1103.TW
1103.TW
1103.TW
1108.TW
1108.TW
1108.TW
1108.TW
1108.TW
1108.TW
1108.TW
1108.TW
1110.TW
1110.TW
1110.TW
1110.TW
1110.TW
1110.TW
111770.KS
111770.KS
111770.KS
111770.KS
111770.KS
111870.KQ
111870.KQ
111870.KQ
111870.KQ
111870.KQ
111870.KQ
111870.KQ
115390.KS
115390.KS
115390.KS
115390.KS
120110.KS
120110.KS
120110.KS
120110.KS
120110.KS
120110.KS
120110.KS
1219.TW
1219.TW
1219.TW
1219.TW
1231.TW
1231.TW
1231.TW
1231.TW
1231.TW
1231.TW
1235.TW
1235.TW
1235.TW
1235.TW
1235.TW
1235.TW
1304.TW
1304.TW
1304.TW
1304.TW
1304.TW
1304.TW
1304.TW
1304.TW
1319.TW
1319.TW
1319.TW
1319.TW
1319.TW
1319.TW
1319.TW
1324.TW
1324.TW
1324.TW
1324.TW
1379.T
1379.T
1379.T
1379.T
1379.T
138040.KS
138080.KQ
138080.KQ
138080.KQ
138080.KQ
138080.KQ
138080.KQ
138490.KS
138490.KS
138490.KS
138490.KS
138490.KS
138490.KS
138490.KS
138490.KS
138930.KS
138930.KS
138930.KS
138930.KS
138930.KS
138930.KS
138930.KS
139130.KS
139480.KS
139480.KS
139480.KS
139480.KS
139480.KS
139480.KS
1400.T
1400.T
1420.T
1420.T
1420.T
1420.T
1420.T
1420.T
1420.T
1420.T
1420.T
1420.T
1420.T
1420.T
1420.T
1420.T
1420.T
1420.T
1420.T
1420.T
1420.T
1423.TW
1423.TW
1423.TW
1423.TW
1423.TW
1438.TW
1438.TW
1438.TW
1438.TW
1438.TW
1439.TW
1439.TW
1439.TW
1439.TW
1443.TW
1443.TW
1443.TW
1443.TW
1443.TW
1443.TW
1446.TW
1446.TW
1446.TW
1446.TW
1446.TW
1446.TW
1446.TW
1446.TW
1447.TW
1447.TW
1447.TW
1447.TW
1447.TW
1464.TW
1464.TW
1464.TW
1464.TW
1464.TW
1464.TW
1464.TW
1464.TW
1464.TW
1464.TW
1468.TW
1468.TW
1468.TW
1468.TW
1468.TW
1468.TW
1471.TW
1471.TW
1471.TW
1471.TW
1471.TW
1472.TW
1472.TW
1472.TW
1472.TW
1473.TW
1473.TW
1473.TW
1473.TW
1473.TW
1474.TW
1474.TW
1474.TW
1474.TW
1474.TW
1474.TW
1474.TW
1512.TW
1512.TW
1512.TW
1512.TW
1512.TW
1512.TW
1513.TW
1513.TW
1513.TW
1513.TW
1513.TW
1513.TW
1514.TW
1514.TW
1514.TW
1514.TW
1514.TW
1530.TW
1530.TW
1530.TW
1530.TW
1531.TW
1531.TW
1531.TW
1531.TW
1531.TW
1539.TW
1539.TW
1539.TW
1539.TW
1539.TW
1539.TW
1539.TW
1604.TW
1604.TW
1604.TW
1604.TW
1604.TW
1604.TW
1604.TW
1609.TW
1609.TW
1609.TW
1609.TW
1609.TW
1609.TW
161390.KS
161390.KS
161390.KS
161390.KS
161390.KS
161390.KS
161390.KS
161390.KS
1616.TW
1616.TW
1616.TW
1616.TW
1616.TW
1616.TW
1616.TW
1617.TW
1617.TW
1617.TW
1617.TW
1617.TW
1617.TW
1617.TW
1617.TW
1715.TW
1715.TW
1715.TW
1715.TW
1721.T
1721.T
1721.T
1721.T
1721.T
1721.T
1721.T
1783.TW
1783.TW
1783.TW
1783.TW
1795.TWO
1795.TWO
1795.TWO
1795.TWO
1795.TWO
1810.T
1810.T
1810.T
1810.T
1810.T
1810.T
1813.T
1815.T
1815.T
1815.T
1815.T
1815.T
1815.T
1815.T
1815.T
1827.T
1827.T
1827.T
1827.T
183190.KS
183190.KS
183190.KS
183190.KS
183190.KS
183190.KS
183190.KS
1879.T
1879.T
1879.T
1879.T
1879.T
1883.T
1883.T
1885.T
1885.T
1888.T
1890.T
1890.T
1890.T
1890.T
1893.T
1899.T
1899.T
1905.T
1905.T
1905.T
1905.T
1914.T
1914.T
1914.T
1925.T
1925.T
1925.T
1925.T
1925.T
1964.T
1969.T
1975.T
1975.T
1975.T
1975.T
1975.T
1975.T
1AT.WA
1AT.WA
1AT.WA
1AT.WA
1AT.WA
1AT.WA
1AT.WA
1AT.WA
2010.TW
2010.TW
2010.TW
2020.TW
2020.TW
2020.TW
2020.TW
2020.TW
2020.TW
2020.TW
2020.TW
2020.TW
2025.TW
2025.TW
2025.TW
2025.TW
2025.TW
2025.TW
2031.TW
2031.TW
2031.TW
2031.TW
2031.TW
2031.TW
2060.T
2060.T
2060.T
2066.TWO
2066.TWO
2066.TWO
2066.TWO
2066.TWO
2066.TWO
2102.TW
2102.TW
2102.TW
2102.TW
2102.TW
2138.T
2138.T
2138.T
2138.T
214420.KS
214420.KS
214430.KQ
214430.KQ
214430.KQ
214430.KQ
214430.KQ
2162.T
2162.T
2162.T
2170.T
2170.T
2170.T
2170.T
2174.T
2183.T
2183.T
2206.TW
2206.TW
2206.TW
2206.TW
2206.TW
2206.TW
2228.TW
2228.TW
2228.TW
2228.TW
2228.TW
2228.TW
2228.TW
2231.TW
2231.TW
2231.TW
2231.TW
2293.T
2293.T
2293.T
2293.T
2293.T
2293.T
2293.T
2293.T
2316.TW
2316.TW
2316.TW
2316.TW
2316.TW
2323.T
2323.TW
2323.TW
2323.TW
2323.TW
2323.TW
2323.TW
2330.T
2330.T
2330.T
2340.TW
2340.TW
2340.TW
2340.TW
2340.TW
2340.TW
2340.TW
2345.TW
2345.TW
2345.TW
2345.TW
2345.TW
2352.TW
2352.TW
2352.TW
2352.TW
2352.TW
2352.TW
2352.TW
2352.TW
2363.TW
2376.TW
2376.TW
2376.TW
2376.TW
2376.TW
2376.TW
2392.TW
2392.TW
2392.TW
2392.TW
2392.TW
2392.TW
2392.TW
2393.TW
2393.TW
2393.TW
2393.TW
2393.TW
2406.TW
2406.TW
2406.TW
2406.TW
2406.TW
2406.TW
2415.T
2415.T
2415.T
2417.TW
2417.TW
2417.TW
2417.TW
2417.TW
2419.TW
2419.TW
2425.TW
2425.TW
2425.TW
2425.TW
2425.TW
2436.T
2436.T
2453.TW
2453.TW
2453.TW
2453.TW
2453.TW
2453.TW
2460.TW
2460.TW
2460.TW
2460.TW
2460.TW
2460.TW
2460.TW
2472.TW
2472.TW
2472.TW
2472.TW
2472.TW
2472.TW
2472.TW
2475.T
2475.T
2475.T
2475.T
2475.T
2477.TW
2477.TW
2477.TW
2477.TW
2477.TW
2477.TW
2477.TW
2499.TW
2499.TW
2499.TW
2499.TW
2499.TW
2499.TW
2504.TW
2504.TW
2504.TW
2504.TW
2504.TW
2538.TW
2538.TW
2538.TW
2538.TW
2538.TW
2538.TW
2538.TW
2612.TW
2612.TW
2612.TW
2612.TW
2612.TW
2612.TW
2612.TW
2612.TW
2612.TW
2612.TW
2612.TW
2612.TW
2612.TW
2637.TW
2637.TW
2637.TW
2637.TW
2637.TW
2637.TW
2637.TW
2654.T
2654.T
2694.T
2694.T
2694.T
2712.TW
2712.TW
2712.TW
2712.TW
2712.TW
2712.TW
2721.T
2721.T
2721.T
2762.T
2764.T
2764.T
2764.T
2764.T
2764.T
2764.T
2764.T
2780.T
2780.T
2780.T
2780.T
2780.T
2780.T
2790.T
2790.T
2790.T
2876.T
2876.T
2876.T
2876.T
2903.TW
2903.TW
2903.TW
2903.TW
2903.TW
2903.TW
2904.T
2904.T
3002.TW
3002.TW
3002.TW
3002.TW
3002.TW
3002.TW
3002.TW
3018.TW
3018.TW
3018.TW
3018.TW
3018.TW
3018.TW
3018.TW
3024.TW
3024.TW
3024.TW
3024.TW
3024.TW
3024.TW
3024.TW
3026.TW
3026.TW
3026.TW
3026.TW
3026.TW
3026.TW
3026.TW
3027.TW
3027.TW
3027.TW
3027.TW
3027.TW
3027.TW
3027.TW
3041.TW
3042.T
3042.T
3042.T
3042.T
3042.T
3042.T
3042.T
3042.T
3042.T
3042.T
3042.T
3042.T
3042.T
3042.T
3042.T
3088.T
3088.T
3090.TW
3090.TW
3090.TW
3090.TW
3090.TW
3090.TW
3098.T
3107.T
3107.T
3107.T
3107.T
3107.T
3164.TW
3164.TW
3164.TW
3164.TW
3164.TW
3167.TW
3167.TW
3167.TW
3167.TW
3167.TW
3167.TW
3167.TW
3167.TW
3182.T
3182.T
3182.T
3182.T
3182.T
3182.T
3182.T
3197.T
3240q.L
3240q.L
3252.T
3252.T
3264.TWO
3264.TWO
3264.TWO
3264.TWO
3264.TWO
3264.TWO
3264.TWO
3289.TWO
3289.TWO
3289.TWO
3289.TWO
3289.TWO
3289.TWO
3289.TWO
3289.TWO
3289.TWO
3290.TWO
3290.TWO
3290.TWO
3290.TWO
3290.TWO
3290.TWO
3297.TWO
3297.TWO
3297.TWO
3297.TWO
3297.TWO
3305.TW
3305.TW
3305.TW
3305.TW
3305.TW
3315.T
3315.T
3315.T
3315.T
3315.T
3338.TW
3338.TW
3338.TW
3338.TW
3338.TW
3338.TW
3338.TW
3358.T
3358.T
3358.T
3358.T
3370.T
3370.T
3370.T
3374.T
3374.T
3374.T
3374.T
3374.T
3375.T
3375.T
3375.T
3375.T
3375.T
3375.T
3375.T
3375.T
3375.T
3393.T
3393.T
3416.TW
3416.TW
3416.TW
3416.TW
3416.TW
3416.TW
3416.TW
3437.T
3437.T
3437.T
3437.T
3437.T
3437.T
3437.T
3437.T
3450.TW
3450.TW
3450.TW
3450.TW
3450.TW
3450.TW
3450.TW
3450.TW
3450.TW
3504.NG
3504.NG
3504.NG
3504.NG
3504.NG
3504.NG
3504.NG
3519.TW
3519.TW
3519.TW
3519.TW
3519.TW
3519.TW
3519q.L
3519q.L
3519q.L
3519q.L
3519q.L
3519q.L
3526.T
3533.TW
3533.TW
3533.TW
3541.TWO
3541.TWO
3541.TWO
3541.TWO
3541.TWO
3541.TWO
3541.TWO
3541.TWO
3551.TWO
3551.TWO
3551.TWO
3551.TWO
3551.TWO
3551.TWO
3551.TWO
3593.TW
3593.TW
3593.TW
3593.TW
3593.TW
3593.TW
3623.TWO
3623.TWO
3623.TWO
3623.TWO
3623.TWO
3623.TWO
3635.T
3635.T
3635.T
3635.T
3635.T
3635.T
3635.T
3645.TW
3645.TW
3645.TW
3645.TW
3645.TW
3645.TW
3653.TW
3653.TW
3653.TW
3653.TW
3653.TW
3653.TW
3653.TW
3653.TW
3665.TW
3665.TW
3665.TW
3665.TW
3665.TW
3665.TW
3665.TW
3665.TW
3674.T
3674.T
3679.T
3679.T
3679.T
3679.T
3689.T
3689.T
3689.T
3691.TWO
3691.TWO
3691.TWO
3691.TWO
3691.TWO
3691.TWO
3696.T
3696.T
3696.T
3696.T
3698.T
3698.T
3698.T
3698.T
3698.T
3698.T
3698.T
3703.TW
3703.TW
3703.TW
3703.TW
3703.TW
3704.TW
3704.TW
3704.TW
3704.TW
3704.TW
3704.TW
3704.TW
3704.TW
3705.TW
3705.TW
3705.TW
3705.TW
3705.TW
3705.TW
3708.T
3708.T
3708.T
3708.T
3708.T
3754.T
3754.T
3754.T
3754.T
3782.T
3782.T
3845.T
3845.T
3851.T
3851.T
3861.T
3861.T
3861.T
3861.T
3861.T
3878.T
3878.T
3918.T
3918.T
3918.T
3926.T
3926.T
3926.T
3926.T
3926.T
3926.T
4005.T
4031.T
4031.T
4033.T
4033.T
4047.T
4047.T
4080.T
4080.T
4097.T
4097.T
4097.T
4097.T
4097.T
4097.T
4105.TWO
4105.TWO
4105.TWO
4105.TWO
4105.TWO
4113.TWO
4113.TWO
4113.TWO
4113.TWO
4113.TWO
4116.T
4116.T
4116.T
4116.T
4116.T
4116.T
4116.T
4116.T
4116.T
4116.T
4141.TW
4141.TW
4141.TW
4141.TW
4141.TW
4141.TW
4141.TW
4240.T
4240.T
4240.T
4240.T
4266q.BE
4295.T
4295.T
4295.T
4295.T
4295.T
4295.T
4295.T
4336.T
4336.T
4336.T
4336.T
4336.T
4336.T
4336.T
4336.T
4336.T
4336.T
4336.T
4417.TWO
4417.TWO
4438.TWO
4438.TWO
4438.TWO
4438.TWO
4438.TWO
4438.TWO
4438.TWO
4502.T
4502.T
4502.T
4502.T
4502.T
4502.T
4516.T
4516.T
4523.T
4524.T
4524.T
4524.T
4524.T
4534.T
4543.T
4543.T
4543.T
4543.T
4543.T
4554.T
4569.T
4574.T
4574.T
4574.T
4581.T
4581.T
4582.T
4582.T
4591.T
4591.T
4594.T
4594.T
4594.T
4611.T
4611.T
4613.T
4613.T
4613.T
4620.T
4620.T
4620.T
4628.T
4661.T
4661.T
4661.T
4661.T
4661.T
4662.T
4662.T
4662.T
4664.T
4664.T
4664.T
4664.T
4680.T
4680.T
4680.T
4680.T
4680.T
4704.T
4704.T
4720.TW
4720.TW
4720.TW
4720.TW
4720.TW
4720.TW
4732.T
4737.TW
4737.TW
4737.TW
4737.TW
4737.TW
4737.TW
4737.TW
4763.TW
4763.TW
4763.TW
4763.TW
4763.TW
4763.TW
4767.T
4776.T
4776.T
4777.T
4777.T
4833.T
4833.T
4833.T
4833.T
4848.T
4848.T
4848.T
4848.T
4848.T
4848.T
4905.TWO
4905.TWO
4905.TWO
4905.TWO
4905.TWO
4909.TWO
4909.TWO
4909.TWO
4909.TWO
4909.TWO
4909.TWO
4933.TWO
4933.TWO
4933.TWO
4933.TWO
4933.TWO
4933.TWO
4933.TWO
4960.TW
4960.TW
4960.TW
4960.TW
4960.TW
4966.T
4966.T
4966.T
4978.T
4978.T
4978.T
4979.TWO
4984.TW
4984.TW
4984.TW
4984.TW
4984.TW
4984.TW
5020.T
5020.T
5020.T
5020.T
5020.T
5121.T
5121.T
5121.T
5121.T
5121.T
5121.T
5194.T
5194.T
5194.T
5194.T
5230.TWO
5230.TWO
5269.T
5282.T
5282.T
5282.T
5282.T
5282.T
5282.T
5282.T
5282.T
5282.T
5285.T
5285.T
5289.T
5289.T
5289.T
5289.T
5289.T
5304.T
5304.T
5304.T
5355.TWO
5355.TWO
5355.TWO
5355.TWO
5355.TWO
5355.TWO
5423.T
5423.T
5423.T
5423.T
5423.T
5423.T
5463.T
5463.T
5463.T
5463.T
5463.T
5469.TW
5469.TW
5469.TW
5469.TW
5469.TW
5469.TW
5469.TW
5471.TW
5471.TW
5471.TW
5471.TW
5471.TW
5471.TW
5482.T
5482.T
5482.T
5482.T
5482.T
5483.TWO
5483.TWO
5483.TWO
5483.TWO
5483.TWO
5483.TWO
5508.TWO
5508.TWO
5508.TWO
5508.TWO
5508.TWO
5508.TWO
5508.TWO
5522.TW
5522.TW
5525.TW
5525.TW
5525.TW
5525.TW
5525.TW
5525.TW
5525.TW
5538.TW
5538.TW
5538.TW
5538.TW
5604.TWO
5604.TWO
5604.TWO
5604.TWO
5604.TWO
5604.TWO
5706.TW
5706.TW
5706.TW
5706.TW
5706.TW
5706.TW
5741.T
5741.T
5741.T
5741.T
5741.T
5901.T
5901.T
5901.T
5901.T
5901.T
5912.T
5912.T
5912.T
5912.T
5915.T
5915.T
5915.T
5915.T
5915.T
5918.T
5918.T
5935.T
5935.T
5935.T
5935.T
5947.T
5947.T
5981.T
5981.T
5981.T
600540.SS
6036.T
6036.T
6036.T
6036.T
6037.T
6037.T
6054.T
6054.T
6059.T
6059.T
6059.T
6059.T
6059.T
6063.T
6063.T
6117.TW
6117.TW
6117.TW
6117.TW
6117.TW
6117.TW
6139.TW
6139.TW
6139.TW
6139.TW
6139.TW
6139.TW
6139.TW
6140.T
6140.T
6140.T
6140.T
6140.T
6140.T
6141.T
6143.T
6143.T
6143.T
6143.T
6147.T
6147.T
6147.T
6147.T
6147.TWO
6147.TWO
6147.TWO
6147.TWO
6147.TWO
6147.TWO
6147.TWO
6149.T
6149.T
6149.T
6149.T
6149.T
6149.T
6149.T
6155.TW
6155.TW
6155.TW
6155.TW
6155.TW
6155.TW
6155.TW
6176.T
6176.T
6176.T
6176.T
6182.TWO
6182.TWO
6182.TWO
6182.TWO
6182.TWO
6182.TWO
6182.TWO
6182.TWO
6187.T
6187.T
6187.T
6187.T
6197.T
6197.T
6197.T
6197.T
6198.T
6198.T
6201.T
6201.T
6201.T
6201.T
6201.T
6209.TW
6209.TW
6214.TW
6214.TW
6214.TW
6214.TW
6215.TW
6215.TW
6215.TW
6215.TW
6216.TW
6216.TW
6216.TW
6224.TW
6224.TW
6224.TW
6224.TW
6224.TW
6224.TW
6224.TW
6226.TW
6226.TW
6226.TW
6226.TW
6226.TW
6226.TW
6227.TWO
6238.T
6238.T
6247.T
6247.T
6258.T
6258.T
6258.T
6258.T
6258.T
6258.T
6272.T
6272.T
6272.T
6283.TW
6283.TW
6283.TW
6283.TW
6283.TW
6283.TW
6283.TW
6283.TW
6303.T
6317.T
6317.T
6317.T
6317.T
6326.T
6326.T
6327.T
6369.T
6369.T
6369.T
6370.T
6370.T
6411.TWO
6411.TWO
6411.TWO
6411.TWO
6411.TWO
6411.TWO
6411.TWO
6411.TWO
6412.T
6412.T
6412.T
6412.T
6412.T
6412.TW
6412.TW
6412.TW
6412.TW
6412.TW
6412.TW
6412.TW
6443.TW
6443.TW
6443.TW
6443.TW
6443.TW
6449.TW
6449.TW
6458.T
6459.T
6459.T
6460.T
6460.T
6460.T
6460.T
6460.T
6462.T
6462.T
6462.T
6462.T
6462.T
6463.T
6463.T
6463.T
6463.T
6463.T
6463.T
6463.T
6464.TW
6464.TW
6464.TW
6464.TW
6464.TW
6464.TW
6479.T
6494.T
6494.T
6494.T
6503.T
6513.T
6517.T
6517.T
6517.T
6523.TWO
6523.TWO
6584.T
6584.T
6584.T
6584.T
6584.T
6588.T
6628.T
6628.T
6645.T
6645.T
6752.T
6789.T
6789.T
6789.T
6789.T
6800.T
6800.T
6800.T
6800.T
6800.T
6803.TWO
6803.TWO
6803.TWO
6803.TWO
6803.TWO
6803.TWO
6803.TWO
6803.TWO
6819.T
6824.T
6824.T
6824.T
6824.T
6824.T
6824.T
6834.T
6834.T
6834.T
6834.T
6834.T
6834.T
6834.T
6838.T
6838.T
6839.T
6850.T
6850.T
6850.T
6850.T
6871.T
6871.T
6896.NG
6896.NG
6896.NG
6896.NG
6896.NG
6896.NG
6896.NG
6902.T
6904.T
6904.T
6904.T
6904.T
6904.T
6904.T
6904.T
6942.T
6942.T
6954.T
6954.T
6962.T
6962.T
6962.T
6962.T
6962.T
6997.T
6997.T
6997.T
6997.T
6997.T
7004.T
7004.T
7004.T
7004.T
7004.T
7161.T
7161.T
7161.T
7161.T
7161.T
7161.T
7169.T
7169.T
7169.T
7169.T
7169.T
7182.T
7215.T
7215.T
7222.T
7222.T
7231.T
7231.T
7231.T
7231.T
7231.T
7240.T
7240.T
7240.T
7240.T
7240.T
7264.T
7266.T
7266.T
7282.T
7282.T
7282.T
7282.T
7282.T
7294.T
7315.T
7315.T
7315.T
7455.T
7455.T
7472.T
7472.T
7472.T
7494.T
7494.T
7494.T
7502.T
7502.T
7502.T
7502.T
7502.T
7502.T
7502.T
7552.T
7552.T
7552.T
7564.T
7564.T
7564.T
7564.T
7564.T
7564.T
7585.T
7648.NG
7648.NG
7702.T
7702.T
7702.T
7703.T
7703.T
7726.T
7726.T
7726.T
7734.T
7734.T
7734.T
7734.T
7744.T
7744.T
7744.T
7746.T
7746.T
7746.T
7746.T
7746.T
7776.T
7839.T
7839.T
7839.T
7839.T
7886.T
7886.T
7886.T
7902.T
7902.T
7902.T
7902.T
7902.T
7902.T
7966.T
7966.T
7966.T
7966.T
7966.T
7966.T
8003.HK
8003.HK
8003.HK
8003.HK
8003.HK
8003.HK
8003.HK
8003.HK
8003.HK
8003.HK
8003.HK
8003.HK
8020.HK
8020.HK
8020.HK
8026.HK
8026.HK
8029.HK
8033.HK
8035.T
8035.T
8037.T
8037.T
8037.T
8041.T
8041.T
8041.T
8041.T
8042.TWO
8042.TWO
8042.TWO
8042.TWO
8042.TWO
8046.HK
8046.TW
8046.TW
8046.TW
8046.TW
8046.TW
8070.TW
8070.TW
8070.TW
8070.TW
8070.TW
8070.TW
8070.TW
8076.TWO
8076.TWO
8076.TWO
8076.TWO
8076.TWO
8076.TWO
8076.TWO
8077.HK
8077.HK
8087.HK
8087.HK
8089.HK
8089.HK
8089.HK
8089.HK
8089.T
8089.T
8089.T
8103.HK
8103.HK
8103.HK
8103.HK
8103.HK
8103.HK
8103.HK
8103.HK
8103.HK
8103.HK
8103.HK
8108.FU
8108.FU
8108.FU
8108.FU
8108.FU
8108.FU
8108.FU
8108.FU
8108.FU
8108.FU
8108.FU
8108.FU
8108.FU
8111.HK
8111.HK
8111.HK
8111.HK
8111.HK
8111.HK
8111.HK
8111.HK
8117.HK
8121.HK
8121.HK
8121.HK
8121.HK
8121.HK
8121.HK
8121.TWO
8121.TWO
8121.TWO
8121.TWO
8121.TWO
8121.TWO
8121.TWO
8125.HK
8137.HK
8138.HK
8138.HK
8145.HK
8147.HK
8148.T
8148.T
8148.T
8148.T
8148.T
8148.T
8153.T
8153.T
8153.T
8153.T
8153.T
8155.HK
8155.TWO
8155.TWO
8155.TWO
8155.TWO
8155.TWO
8155.TWO
8155.TWO
8155.TWO
8155.TWO
8156.HK
8156.HK
8161.HK
8161.HK
8161.HK
8161.HK
8161.HK
8174.T
8178.HK
8196.HK
8196.HK
8202.T
8202.T
8205.HK
8205.T
8205.T
8205.T
8205.T
8205.T
8205.T
8205.T
8215.T
8215.T
8217.HK
8217.HK
8251.HK
8251.HK
8255.HK
8255.HK
8261.HK
8261.HK
8269.HK
8269.HK
8269.HK
8269.HK
8269.HK
8269.HK
8269.HK
8269.HK
8269.HK
8272.HK
8275.T
8275.T
8275.T
8275.T
8275.T
8275.T
8280.HK
8280.HK
8281.T
8281.T
8281.T
8295.HK
8295.HK
8304.T
8304.T
8304.T
8306.T
8318.HK
8318.HK
8319.HK
8319.HK
8325.T
8325.T
8325.T
8325.T
8338.T
8338.T
8338.T
8344.T
8344.T
8345.T
8345.T
8345.T
8345.T
8349.T
8349.T
8349.T
8349.T
8349.T
8349.T
8350.T
8350.T
8350.T
8350.T
8355.HK
8356.HK
8356.HK
8358.TWO
8358.TWO
8360.T
8360.T
8362.T
8362.T
8362.T
8362.T
8364.T
8364.T
8364.T
8364.T
8367.T
8367.T
8370.T
8370.T
8370.T
8370.T
8374.T
8374.T
8374.T
8374.T
8374.T
8374.T
8374.T
8374.T
8374.T
8379.T
8379.T
8379.T
8379.T
8379.T
8383.T
8383.T
8383.T
8383.T
8387.T
8387.T
8387.T
8406.TWO
8406.TWO
8406.TWO
8406.TWO
8406.TWO
8406.TWO
8406.TWO
8406.TWO
8422.TW
8422.TW
8422.TW
8422.TW
8422.TW
8422.TW
8422.TW
8422.TW
8521.T
8521.T
8521.T
8521.T
8521.T
8527.T
8527.T
8527.T
8527.T
8530.T
8530.T
8530.T
8530.T
8530.T
8537.T
8537.T
8537.T
8537.T
8542.T
8542.T
8542.T
8542.T
8551.T
8551.T
8551.T
8551.T
8554.FU
8554.FU
8554.FU
8554.FU
8554.FU
8562.T
8562.T
8562.T
8562.T
8562.T
8563.T
8563.T
8563.T
8585.T
8585.T
8585.T
8585.T
8585.T
8586.T
8593.T
8593.T
8593.T
8593.T
8593.T
8600.T
8600.T
8601.T
8601.T
8601.T
8601.T
8601.T
8628.T
8628.T
8628.T
8628.T
8628.T
8704.T
8704.T
8704.T
8704.T
8704.T
8704.T
8704.T
8704.T
8729.T
8746.T
8746.T
8746.T
8746.T
8746.T
8876.T
8876.T
8876.T
8876.T
8876.T
8942.TWO
8942.TWO
8942.TWO
8942.TWO
8942.TWO
9007.T
9007.T
9007.T
9007.T
9007.T
9008.T
9008.T
9008.T
9008.T
9008.T
9009.T
9009.T
9009.T
9009.T
9068.T
9068.T
9068.T
9073.T
9073.T
9087.T
9087.T
9087.T
9087.T
9099.T
9099.T
9099.T
9099.T
9099.T
9306.T
9306.T
9306.T
9306.T
9306.T
9306.T
9306.T
9306.T
9310.T
9404.T
9404.T
9404.T
9404.T
9404.T
9409.T
9409.T
9409.T
9409.T
9409.T
9409.T
9409.T
9423.T
9423.T
9423.T
9423.T
9423.T
9439.T
9439.T
9439.T
9441.T
9441.T
9509.T
9532.T
9532.T
9532.T
9532.T
9532.T
9610.T
9610.T
9610.T
9628.T
9628.T
9631.T
9631.T
9696.T
9696.T
9696.T
9696.T
9707.T
9707.T
9707.T
9707.T
9729.T
9729.T
9729.T
9729.T
9729.T
9760.T
9760.T
9760.T
9760.T
9760.T
9760.T
9760.T
9760.T
9760.T
9760.T
9760.T
9760.T
9760.T
9760.T
9769.T
9776.T
9776.T
9776.T
9776.T
9776.T
9776.T
9776.T
9776.T
9776.T
9776.T
9776.T
9866.FU
9866.FU
9866.FU
9867.T
9867.T
9867.T
9867.T
9900.T
9900.T
9900.T
9900.T
9900.T
9906.TW
9906.TW
9906.TW
9906.TW
9906.TW
9908.TW
9908.TW
9908.TW
9908.TW
9908.TW
9908.TW
9908.TW
9912.TW
9912.TW
9912.TW
9912.TW
9912.TW
9912.TW
9912.TW
9912.TW
9912.TW
9912.TW
9912.TW
9927.TW
9927.TW
9927.TW
9927.TW
9927.TW
9927.TW
9946.TW
9946.TW
9946.TW
9946.TW
9946.TW
9946.TW
9955.T
9955.T
9955.T
9955.T
9989.T
9989.T
9989.T
9989.T
9989.T
9989.T
9994.T
9994.T
9994.T
A2.MI
ACE.MI
ACE.MI
ACE.MI
ACE.MI
ACE.MI
ACE.MI
ACE.MI
ACE.MI
ACE.MI
ACE.MI
ACM
ACM
ACM
ACM
ACM
ACM
ACM
ACM
ACM
ACM
ACM
ACM
ACM
ACM
ACM
ACM
ACTG.O
ACTG.O
ACTG.O
ACTG.O
ACTG.O
ACTG.O
ACTI.ST
ACTI.ST
ACTI.ST
ACTI.ST
ACTI.ST
ACTI.ST
ACTI.ST
ACUR.O
ACUR.O
ACUR.O
ACUR.O
ACUR.O
ACY
ACY
ACY
ACY
ACY
ACY
ACY
ACY
ADDVa.ST
ADDVa.ST
ADDVa.ST
ADDVa.ST
ADDVa.ST
ADDVa.ST
ADDVa.ST
ADDVa.ST
ADDVa.ST
ADDVb.ST
ADDVb.ST
ADDVb.ST
ADDVb.ST
ADDVb.ST
ADDVb.ST
ADDVb.ST
ADDVb.ST
ADDVb.ST
AEF.MI
AEF.MI
AEF.MI
AEF.MI
AEF.MI
AEF.MI
AEF.MI
AEF.MI
AEIG.DE
AEIG.DE
AEIG.DE
AEIG.DE
AEIG.DE
AEIG.DE
AEIG.DE
AEIG.DE
AEIG.DE
AER.V
AER.V
AER.V
AER.V
AER.V
AER.V
AFN.TO
AFN.TO
AFN.TO
AFN.TO
AFN.TO
AFN.TO
AFN.TO
AFN.TO
AFN.TO
AFN.TO
AGS.CD
AGS.CD
AGS.CD
AGS.CD
AGS.CD
AGS.CD
AGS.CD
AGS.CD
AGS.CD
AGS.CD
AGS.CD
AGS.CD
AGS.CD
AGS.CD
AGS.CD
AGS.CD
AHF.TO
AHF.TO
AHF.TO
AHF.TO
AHF.TO
AHF.TO
AHF.TO
AHF.TO
AIMT.O
AIMT.O
AIMT.O
AIMT.O
AIMT.O
AIMT.O
AKER.O
AKER.O
ALCP.WA
ALCP.WA
ALCP.WA
ALCP.WA
ALD.V
ALD.V
ALD.V
ALD.V
ALD.V
ALD.V
ALD.V
ALD.V
ALD.V
ALHEOy.PA
ALHEOy.PA
ALHEOy.PA
ALHEOy.PA
ALHEOy.PA
ALHEOy.PA
ALHEOy.PA
ALHEOy.PA
ALHEOy.PA
ALHEOy.PA
ALHEOy.PA
ALHEOy.PA
ALHEOy.PA
ALHEOy.PA
ALHEOy.PA
ALHEOy.PA
ALHEOy.PA
ALMA.WA
ALMA.WA
ALMA.WA
ALMA.WA
ALMA.WA
ALMA.WA
ALMA.WA
ALRM.O
ALRM.O
ALRM.O
ALRM.O
ALRM.O
ALRM.O
AMCP.WA
AMCP.WA
AMCP.WA
AMCP.WA
AMFL.KL
AMFL.KL
AMFL.KL
AMFL.KL
AMFL.KL
AMFL.KL
AMFL.KL
AMFL.KL
AMFL.KL
AMFL.KL
AMFL.KL
AMFL.KL
AMFL.KL
AMFL.KL
AMFL.KL
AMFL.KL
AMFL.KL
AMFL.KL
AMFL.KL
AMH
AMH
ANACM.IS
ANS.PS
ANS.PS
ANS.PS
ANS.PS
ANS.PS
ANS.PS
ANS.PS
APC.PS
APC.PS
APC.PS
APC.PS
APC.PS
APC.PS
APC.PS
APC.PS
APC.PS
APIP.WA
APIP.WA
APIP.WA
APIP.WA
APIP.WA
APIP.WA
APIP.WA
APIP.WA
APIP.WA
APIP.WA
APIP.WA
APIP.WA
APPS.O
APPS.O
APPS.O
APPS.O
APPS.O
APPS.O
APPS.O
APPS.O
APPS.O
APPS.O
APPS.O
APPS.O
APPS.O
APPS.O
APPS.O
APPS.O
APPS.O
APPS.O
APPS.O
APPS.O
APPS.O
APS.TO
ARA
ARA
ARA
ARA
ARA
ARA
ARH.V
ARH.V
ARH.V
ARH.V
ARH.V
ARH.V
ASCI.MI
ASCI.MI
ASCI.MI
ASCI.MI
ASCI.MI
ASCI.MI
ASCI.MI
ASCI.MI
ASCI.MI
ASCI.MI
ASCI.MI
ASCI.MI
ASCI.MI
ASCI.MI
ASCI.MI
ASCI.MI
ASCI.MI
ASCI.MI
ASLM.SI
ASLM.SI
ASLM.SI
ASLM.SI
ASLM.SI
ASLM.SI
ASP.BK
ASP.BK
ASP.BK
ASP.BK
ASP.BK
ASPf.BK
ASPf.BK
ASPf.BK
ASPf.BK
ASPf.BK
ASPn.BK
ASPn.BK
ASPn.BK
ASPn.BK
ASPn.BK
AST
AST
AST
AST
ASUZU.IS
ATL.TO
ATL.TO
ATL.TO
ATL.TO
ATW
ATW
ATW
ATW
ATW
AUB.PS
AUB.PS
AUB.PS
AUB.PS
AUB.PS
AUB.PS
AUB.PS
AUB.PS
AWE.V
AWE.V
AWE.V
AWE.V
AWE.V
AWE.V
AWE.V
AWE.V
AWE.V
AWE.V
AWE.V
AWE.V
AWE.V
AXGN.O
AXGN.O
BAKAB.IS
BAKAB.IS
BAKAB.IS
BAKAB.IS
BANVT.IS
BANVT.IS
BAVA.CO
BAZA3.SA
BAZA3.SA
BAZA3.SA
BAZA3.SA
BAZA3.SA
BAZA3.SA
BAZA3.SA
BBGI.O
BBGI.O
BBGI.O
BBGI.O
BBGI.O
BBGI.O
BBGI.O
BBGI.O
BBGI.O
BBGI.O
BBGI.O
BBGI.O
BDRX11.SA
BEL.PS
BEL.PS
BGN.MI
BHT.V
BHT.V
BHT.V
BHT.V
BHT.V
BHT.V
BIOC.O
BIOC.O
BIOC.O
BLCM.O
BLCM.O
BLCM.O
BLCM.O
BLCM.O
BLL
BLL
BLVD.O
BLVD.O
BLVD.O
BLVD.O
BLVD.O
BLVD.O
BLVDU.O
BLVDU.O
BLVDU.O
BLVDU.O
BLVDU.O
BLVDU.O
BNG.TO
BNG.TO
BNG.TO
BNG.TO
BNG.TO
BNG.TO
BNG.TO
BNG.TO
BNG.TO
BNG.TO
BORG.ST
BORG.ST
BORG.ST
BORG.ST
BORG.ST
BORG.ST
BORG.ST
BOUY.PA
BOUY.PA
BOUY.PA
BOUY.PA
BOUY.PA
BOUY.PA
BOUY.PA
BOUY.PA
BOUY.PA
BOUY.PA
BOUY.PA
BOUY.PA
BOUY.PA
BOUY.PA
BOUY.PA
BOUY.PA
BOUY.PA
BOUY.PA
BOUY.PA
BOUY.PA
BOUY.PA
BOUY.PA
BOUY.PA
BOUY.PA
BPY
BRMEN.IS
BRMEN.IS
BRMEN.IS
BRMEN.IS
BRN.PS
BRN.PS
BRN.PS
BRN.PS
BRN.PS
BRN.PS
BRN.PS
BRN.PS
BRN.PS
BSDE.JK
BTS.BK
BTS.BK
BTS.BK
BTS.BK
BTS.BK
BTS.BK
BTS.BK
BTS.BK
BTS.BK
BTS.BK
BTS.BK
BTS.BK
BTS.BK
BTS.BK
BTS.BK
BTS.BK
BTS.BK
BTS.BK
BTS.BK
BTS.BK
BTS.BK
BTS.BK
BTS.BK
BTSf.BK
BTSf.BK
BTSf.BK
BTSf.BK
BTSf.BK
BTSf.BK
BTSf.BK
BTSf.BK
BTSf.BK
BTSf.BK
BTSf.BK
BTSf.BK
BTSf.BK
BTSf.BK
BTSf.BK
BTSf.BK
BTSf.BK
BTSf.BK
BTSf.BK
BTSf.BK
BTSf.BK
BTSf.BK
BTSf.BK
BTSn.BK
BTSn.BK
BTSn.BK
BTSn.BK
BTSn.BK
BTSn.BK
BTSn.BK
BTSn.BK
BTSn.BK
BTSn.BK
BTSn.BK
BTSn.BK
BTSn.BK
BTSn.BK
BTSn.BK
BTSn.BK
BTSn.BK
BTSn.BK
BTSn.BK
BTSn.BK
BTSn.BK
BTSn.BK
BTSn.BK
BVB.DE
BVB.DE
BVB.DE
BVB.DE
BVB.DE
BVB.DE
BVB.DE
BVB.DE
BVB.DE
BVB.DE
BVB.DE
BVB.DE
BVB.DE
BVB.DE
BVMF3.SA
BYGG.OL
BYGG.OL
BYGG.OL
BYGG.OL
BYGG.OL
BYGG.OL
BYGG.OL
BYGG.OL
BYGG.OL
BYGG.OL
BYGG.OL
BYGG.OL
BYGG.OL
BYGG.OL
BYGG.OL
BYGG.OL
BYGG.OL
BYGG.OL
BYGG.OL
BYGG.OL
CA.PS
CA.PS
CA.PS
CA.PS
CA.PS
CA.PS
CA.PS
CA.PS
CA.PS
CA.PS
CA.PS
CA.PS
CA.PS
CA.PS
CA.PS
CA.PS
CAAS.O
CAPEH.ST
CAPEH.ST
CAPEH.ST
CAPEH.ST
CAPEH.ST
CASM.O
CASM.O
CASM.O
CASM.O
CC
CC
CCMP.O
CCMP.O
CCMP.O
CCMP.O
CCMP.O
CCMP.O
CCMP.O
CCMP.O
CCMP.O
CCP
CCP
CDH.TO
CDNA.O
CDNA.O
CDNA.O
CDNA.O
CDNA.O
CDNA.O
CDNA.O
CDNA.O
CDOR.O
CDOR.O
CDOR.O
CDOR.O
CDOR.O
CDOR.O
CDOR.O
CDXC.O
CDXC.O
CDXC.O
CDXC.O
CDXC.O
CDXC.O
CED.MI
CED.MI
CED.MI
CED.MI
CED.MI
CEED3.SA
CEED3.SA
CEED3.SA
CEED3.SA
CEED3.SA
CEED3.SA
CEED4.SA
CEED4.SA
CEED4.SA
CEED4.SA
CEED4.SA
CEED4.SA
CEGR3.SA
CEL.LM
CEL.LM
CELP.K
CELP.K
CELP.K
CELP.K
CELP.K
CFFN.O
CGG.TO
CGG.TO
CGG.TO
CGG.TO
CGG.TO
CGG.TO
CGG.TO
CGG.TO
CGG.TO
CGG.TO
CGG.TO
CGIX.O
CGIX.O
CGIX.O
CGIX.O
CGIX.O
CGIX.O
CHERb.ST
CHERb.ST
CHERb.ST
CHERb.ST
CHERb.ST
CHERb.ST
CHERb.ST
CHERb.ST
CHMA.O
CHMA.O
CHMA.O
CHMA.O
CHMA.O
CHO.SN
CHO.SN
CHO.SN
CHO.SN
CHO.SN
CHO.SN
CHO.SN
CHO.SN
CHO.SN
CHO.SN
CIAi.LM
CIAi.LM
CIAi.LM
CIAi.LM
CIAi.LM
CINN.ST
CINN.ST
CINN.ST
CINN.ST
CINN.ST
CINN.ST
CINN.ST
CIVB.O
CIVBP.O
CKEC.O
CLBS.O
CLNT.O
CLNT.O
CLNT.O
CLNT.O
CLRB.O
CLRB.O
CLRB.O
CLRB.O
CMBTN.IS
CMBTN.IS
CMBTN.IS
CMBTN.IS
CMBTN.IS
CNAT.O
CNAT.O
CNAT.O
CNAT.O
CNAT.O
CNAT.O
CNAT.O
CNAT.O
CNS.BK
CNS.BK
CNS.BK
CNS.BK
CNS.BK
CNS.BK
CNS.BK
CNSn.BK
CNSn.BK
CNSn.BK
CNSn.BK
CNSn.BK
CNSn.BK
CNSn.BK
COFI.MI
COL
COL
COL
COLIA.WA
COLIA.WA
COLIA.WA
COLIA.WA
COLIA.WA
COLIA.WA
COLIA.WA
COLIA.WA
CON.LM
CON.LM
CON.LM
CON.LM
CON.LM
CON.LM
CON.LM
CONSTI.HE
CONSTI.HE
CONSTI.HE
COP.TO
COP.TO
COP.TO
COP.TO
COP.TO
COP.TO
COP.TO
COP.TO
COP.TO
COP.TO
COYN.O
COYN.O
COYN.O
COYN.O
COYN.O
COYN.O
COYN.O
CPFE3.SA
CPFE3.SA
CPH.TO
CPH.TO
CPH.TO
CPH.TO
CPH.TO
CPH.TO
CPH.TO
CPH.TO
CPH.TO
CPL
CPL
CRIV3.SA
CRIV3.SA
CRIV3.SA
CRIV3.SA
CRIV3.SA
CRIV4.SA
CRIV4.SA
CRIV4.SA
CRIV4.SA
CRIV4.SA
CROX.O
CRT.LM
CRT.LM
CRT.LM
CRT.LM
CRTi.LM
CRTi.LM
CRTi.LM
CRTi.LM
CSMG3.SA
CSX.V
CSX.V
CSX.V
CSX.V
CSX.V
CSX.V
CSX.V
CSX.V
CSX.V
CTLT.K
CTRA.JK
CUNB.O
CVRS.K
CVRS.K
CVRS.K
CVV.O
CVV.O
CVV.O
CVV.O
CVV.O
CVV.O
CVV.O
CVV.O
CVV.O
CVV.O
CVV.O
CVV.O
CWCO.O
CWCO.O
CWCO.O
CWCO.O
CWCO.O
CWCO.O
CYCC.O
CYCC.O
CYCC.O
CYCC.O
CYCC.O
CYCC.O
CYCC.O
CYCC.O
CYRX.O
DATA.SI
DATA.SI
DATA.SI
DATA.SI
DATA.SI
DATA.SI
DATA.SI
DATA.SI
DATA.SI
DATA.SI
DATA.SI
DBC.WA
DBC.WA
DBC.WA
DBC.WA
DBC.WA
DBC.WA
DBC.WA
DBC.WA
DBC.WA
DBC.WA
DBC.WA
DBC.WA
DBC.WA
DBO.TO
DBO.TO
DBO.TO
DBO.TO
DBO.TO
DBO.TO
DBO.TO
DBO.TO
DBO.TO
DBO.TO
DCI.TO
DCI.TO
DCI.TO
DCI.TO
DCI.TO
DCI.TO
DCI.TO
DCI.TO
DCI.TO
DCI.TO
DCI.TO
DCI.TO
DCI.TO
DCI.TO
DCI.TO
DCI.TO
DCI.TO
DCI.TO
DCI.TO
DD.PS
DEA
DEA
DEA
DEA
DEA
DEA
DEA
DEFLb.ST
DEFLb.ST
DEFLb.ST
DEFLb.ST
DEFLb.ST
DEFLb.ST
DEFLb.ST
DEFLb.ST
DESA.IS
DESA.IS
DESA.IS
DESA.IS
DESA.IS
DET.SN
DGATE.IS
DGATE.IS
DIA.V
DIA.V
DIA.V
DIA.V
DIA.V
DIA.V
DIA.V
DIA.V
DIA.V
DIA.V
DIA.V
DIA.V
DILD.JK
DIT
DIT
DIT
DIT
DIT
DIT
DKS
DKS
DPPM.KL
DPPM.KL
DPPM.KL
DPPM.KL
DPPM.KL
DPPM.KL
DPPM.KL
DPPM.KL
DPPM.KL
DR.TO
DR.TO
DR.TO
DTCY3.SA
DTCY3.SA
DTCY3.SA
DTCY3.SA
DTCY3.SA
DTCY3.SA
DUD.WA
DUN.LM
DUN.LM
DUN.LM
DUN.LM
DXI.TO
DXI.TO
DXI.TO
DXI.TO
E.TO
E.TO
E.TO
E.TO
E.TO
EASTW.BK
EASTW.BK
EASTW.BK
EASTW.BK
EASTW.BK
EASTW.BK
EASTW.BK
EASTWf.BK
EASTWf.BK
EASTWf.BK
EASTWf.BK
EASTWf.BK
EASTWf.BK
EASTWf.BK
EASTWn.BK
EASTWn.BK
EASTWn.BK
EASTWn.BK
EASTWn.BK
EASTWn.BK
EASTWn.BK
EBMT.O
EBMT.O
EBMT.O
EBMT.O
ECPR3.SA
ECPR3.SA
ECPR3.SA
ECPR3.SA
ECPR3.SA
ECPR3.SA
ECPR4.SA
ECPR4.SA
ECPR4.SA
ECPR4.SA
ECPR4.SA
ECPR4.SA
ECXn.DE
ECXn.DE
ECXn.DE
ECXn.DE
ECXn.DE
ECXn.DE
ECXn.DE
ECXn.DE
ECXn.DE
ECXn.DE
ECXn.DE
ECXn.DE
ECXn.DE
ECXn.DE
ECXn.DE
ECXn.DE
EDIP.IS
EDIP.IS
EDIP.IS
EDIP.IS
EEI.PS
EEI.PS
EEI.PS
EEI.PS
EEI.PS
EEI.PS
EEI.PS
EEI.PS
EFC
EFOI.O
EFOI.O
EFOI.O
EFOI.O
EFOI.O
EGCYO.IS
EGCYO.IS
EGCYO.IS
EGCYO.IS
EGCYO.IS
EGCYO.IS
EGCYO.IS
EGRX.O
EGRX.O
EGRX.O
EGRX.O
EGRX.O
EGRX.O
EGRX.O
ELER.PA
ELER.PA
ELER.PA
ELER.PA
ELER.PA
ELER.PA
ELER.PA
ELER.PA
ELER.PA
ELET3.SA
ELET3.SA
ELET5.SA
ELET5.SA
ELET6.SA
ELET6.SA
ELON.O
ELON.O
ELON.O
ELON.O
ELT.WA
EM.MI
EM.MI
EMAR.DU
EMAR.DU
EMAR.DU
EMAR.DU
EMAR.DU
EMAR.DU
EMAR.DU
EMAR.DU
EMAR.DU
EMAR.DU
EMAR.DU
EMAR.DU
EMAR.DU
EMAR.DU
EMAR.DU
EMAR.DU
EMAR.DU
EMR
EMR
EMR
EMR
EMR
EMR
EMR
ENFC.O
ENFC.O
ENFC.O
ENFC.O
ENR
ENR
EPLAS.IS
EPLAS.IS
EPLAS.IS
EPLAS.IS
EQG.V
EQG.V
EQG.V
EQG.V
EQG.V
EQG.V
ERBOS.IS
ERBOS.IS
ERBOS.IS
ERBOS.IS
ERBOS.IS
ESNC.K
ESNC.K
ESPI.MI
EST.SN
EST.SN
EST.SN
EST.SN
EST.SN
EST.SN
EST.SN
EST.SN
ESTC3.SA
ETEi.LM
ETEi.LM
ETEi.LM
ETEi.LM
ETILR.IS
ETILR.IS
ETILR.IS
ETILR.IS
ETILR.IS
ETILR.IS
ETILR.IS
ETILR.IS
ETILR.IS
ETILR.IS
ETILR.IS
ETILR.IS
ETILR.IS
ETILR.IS
ETRM.O
ETRM.O
ETRM.O
ETRM.O
ETRM.O
ETRM.O
EVBS.O
EVBS.O
EVBS.O
EVBS.O
EXAR.K
FAC
FAC
FAC
FAC
FCLP.WA
FCLP.WA
FCLP.WA
FCLP.WA
FCLP.WA
FEVG.DE
FEVG.DE
FEVG.DE
FEVG.DE
FEVG.DE
FEVG.DE
FEVG.DE
FEVG.DE
FEVG.DE
FEVG.DE
FEVG.DE
FEVG.DE
FEVG.DE
FEVG.DE
FEVG.DE
FEVG.DE
FEVG.DE
FEVG.DE
FEVG.DE
FEVG.DE
FLXN.O
FNI.PS
FNI.PS
FNI.PS
FNI.PS
FOGO.O
FOGO.O
FOGO.O
FOGO.O
FOGO.O
FOGO.O
FOGO.O
FOGO.O
FOGO.O
FOGO.O
FOGO.O
FOGO.O
FOGO.O
FOGO.O
FOGO.O
FOGO.O
FOGO.O
FOGO.O
FOGO.O
FOGO.O
FOGO.O
FREN.JK
FREN.JK
FREN.JK
FRTA3.SA
FRTA3.SA
FRTA3.SA
FRTA3.SA
FRTA3.SA
FRTA3.SA
FRTA3.SA
FRU.DE
FRU.DE
FRU.DE
FRU.DE
GBB.V
GBB.V
GBB.V
GBB.V
GBB.V
GBBFTD6M8.L
GBBFTD6M8.L
GBBFTD6M8.L
GBSN.O
GBSN.O
GBSN.O
GBSN.O
GBSN.O
GBSN.O
GBSN.O
GBT.O
GBT.O
GBT.O
GBT.O
GBT.O
GBT.O
GCG.TO
GCG.TO
GCG.TO
GCG.TO
GCG.TO
GCG.TO
GCG.TO
GCGa.TO
GCGa.TO
GCGa.TO
GCGa.TO
GCGa.TO
GCGa.TO
GCGa.TO
GCM.TO
GCM.TO
GCM.TO
GCM.TO
GCM.TO
GCM.TO
GCSAq.L
GCSAq.L
GDEN.O
GDEN.O
GDEN.O
GENTS.IS
GENTS.IS
GENTS.IS
GENTS.IS
GENTS.IS
GEO.TO
GEO.TO
GEO.TO
GEO.TO
GEO.TO
GEO.TO
GEO.TO
GEO.TO
GEO.TO
GEO.TO
GEO.TO
GEO.TO
GEO.TO
GEO.TO
GEO.TO
GEO.TO
GEO.TO
GEO.TO
GEO.TO
GFKG.DE
GFKG.DE
GFKG.DE
GFKG.DE
GFKG.DE
GFKG.DE
GFKG.DE
GFKG.DE
GFKG.DE
GFKG.DE
GFKG.DE
GFKG.DE
GFKG.DE
GFKG.DE
GFKG.DE
GFKG.DE
GFKG.DE
GFKG.DE
GLOB.K
GLOB.K
GLOB.K
GLOB.K
GLOB.K
GLOB.K
GLOB.K
GLOB.K
GLP
GLRYH.IS
GLRYH.IS
GLRYH.IS
GLRYH.IS
GLRYH.IS
GLRYH.IS
GLRYH.IS
GLRYH.IS
GMAP.PS
GMAP.PS
GMAP.PS
GMAP.PS
GMAP.PS
GMAP.PS
GMAP.PS
GMAP.PS
GMAP.PS
GMAP.PS
GMAP.PS
GMAP.PS
GMAP.PS
GMAP.PS
GMAP.PS
GNB.WA
GNB.WA
GNB.WA
GNB.WA
GNBC.O
GNBC.O
GNBC.O
GNBC.O
GNPWR.IS
GNPWR.IS
GNPWR.IS
GNPWR.IS
GNPWR.IS
GNPWR.IS
GNPWR.IS
GNPWR.IS
GNPWR.IS
GO.TO
GO.TO
GO.TO
GO.TO
GO.TO
GO.TO
GO.TO
GO.TO
GO.TO
GO.TO
GO.TO
GPIC.O
GPIC.O
GPIC.O
GPIC.O
GPIC.O
GRC.V
GRC.V
GRC.V
GRC.V
GRC.V
GRLP.WA
GRLP.WA
GRLP.WA
GRLP.WA
GRLP.WA
GSB
GSB
GSB
GSB
GSB
GSB
GSB
GSC1n.DE
GSC1n.DE
GSC1n.DE
GSC1n.DE
GSC1n.DE
GSC1n.DE
GSC1n.DE
GSC1n.DE
GSC1n.DE
GSC1n.DE
GSC1n.DE
GSC1n.DE
GSC1n.DE
GSC1n.DE
GUD.TO
GUGEO.NGM
GUGEO.NGM
GUGEO.NGM
GUGEO.NGM
GUGEO.NGM
GUGEO.NGM
GUGEO.NGM
GUGEO.NGM
GUGEO.NGM
GUGEO.NGM
GUY.TO
GUY.TO
GUY.TO
GUY.TO
GUY.TO
GUY.TO
GUY.TO
HAGA.IC
HANA.BK
HANA.BK
HANA.BK
HANA.BK
HANA.BK
HANA.BK
HANA.BK
HANA.BK
HANA.BK
HANA.BK
HANAn.BK
HANAn.BK
HANAn.BK
HANAn.BK
HANAn.BK
HANAn.BK
HANAn.BK
HANAn.BK
HANAn.BK
HANAn.BK
HARTb.CO
HARTb.CO
HARTb.CO
HARTb.CO
HARTb.CO
HARTb.CO
HARTb.CO
HARTb.CO
HARTb.CO
HARTb.CO
HARTb.CO
HARTb.CO
HARTb.CO
HARTb.CO
HARTb.CO
HARTb.CO
HARTb.CO
HARTb.CO
HARTb.CO
HDR.WA
HDR.WA
HDR.WA
HEO.V
HEO.V
HEO.V
HEO.V
HEO.V
HEO.V
HEO.V
HEO.V
HEO.V
HEO.V
HEO.V
HEO.V
HEO.V
HEO.V
HEO.V
HEO.V
HEO.V
HFISK.OL
HH
HH
HH
HH
HH
HLHL.SI
HLHL.SI
HMSY.O
HMSY.O
HOC.DE
HOC.DE
HOC.DE
HOC.DE
HOC.DE
HOC.DE
HOC.DE
HOC.DE
HOC.DE
HOC.DE
HOC.DE
HOC.DE
HOC.DE
HOC.DE
HOC.DE
HOC.DE
HOC.DE
HOC.DE
HOC.DE
HOC.DE
HOC.DE
HOC.DE
HOC.DE
HRMN.O
HRMN.O
HRMN.O
HRMN.O
HRMN.O
HRMN.O
HRMN.O
HRMNU.O
HRMNU.O
HRMNU.O
HRMNU.O
HRMNU.O
HRMNU.O
HRMNU.O
HW
HW
HW
HW
IACa.TO
IACa.TO
IACa.TO
IACa.TO
IACa.TO
IACa.TO
IACa.TO
IACa.TO
IACa.TO
IACa.TO
IBM
IBM
IBMB34.SA
IBMB34.SA
ICBK.O
ICBK.O
ICBK.O
ICBK.O
ICBK.O
ICBK.O
ICBK.O
ICBK.O
ICBK.O
ICBK.O
ICBK.O
ICBK.O
ICBK.O
ICBK.O
IDSA.O
IDSA.O
IDSA.O
IDSA.O
IDSY.O
IDSY.O
IDSY.O
IDSY.O
IDSY.O
IFON.O
IFON.O
IFON.O
IGD.MI
IGD.MI
IGD.MI
IGD.MI
IGD.MI
IGD.MI
IGD.MI
IGD.MI
IGD.MI
IGD.MI
IGD.MI
IGD.MI
IGD.MI
IGD.MI
IGD.MI
IGD.MI
IGD.MI
IGD.MI
IGD.MI
IGD.MI
IGD.MI
IGD.MI
IGG.TO
IGG.TO
IGG.TO
IGG.TO
IGG.TO
IGG.TO
IGG.TO
IGG.TO
IGG.TO
IGG.TO
IGG.TO
IGG.TO
IGG.TO
IGV.SN
IGV.SN
IGV.SN
IGV.SN
IGV.SN
IGV.SN
IMAS.JK
IMAS.JK
IMAS.JK
IMI.PS
IMI.PS
IMJS.JK
IMJS.JK
IMJS.JK
INDP.WA
INDP.WA
INDP.WA
INDP.WA
INDP.WA
INDP.WA
INISSb.ST
INISSb.ST
INISSb.ST
INISSb.ST
INISSb.ST
INK.WA
INK.WA
INK.WA
INK.WA
INK.WA
INK.WA
INK.WA
INK.WA
INK.WA
INK.WA
INK.WA
INK.WA
INK.WA
INK.WA
INLP.WA
INLP.WA
INLP.WA
INLP.WA
INTT.K
INTT.K
INTT.K
INTT.K
INTT.K
INTT.K
INTT.K
INTT.K
INTT.K
INTT.K
INWT.MI
IOTS.O
IOTS.O
IOTS.O
IOTS.O
IOTS.O
IOTS.O
IPDN.O
IPDN.O
IPDN.O
IPE.WA
IPE.WA
IPE.WA
IPE.WA
IPE.WA
IPM.PS
IPM.PS
IPM.PS
IPM.PS
IPM.PS
IPM.PS
IPM.PS
IPM.PS
IPM.PS
IPM.PS
IPM.PS
IPM.PS
IPM.PS
IPM.PS
IPM.PS
IPWR.O
IPWR.O
IRC.V
IRC.V
IRC.V
IRC.V
IRC.V
IRC.V
IRC.V
IROQ.O
IROQ.O
IROQ.O
IROQ.O
IRS
IRS
IRS
IRS
ISR
ISR
ISR
ISR
ISR
ISR
ITI.O
ITI.O
ITI.O
ITI.O
ITI.O
ITI.O
ITI.O
IVXG.DE
IVXG.DE
IVXG.DE
IVXG.DE
IVXG.DE
IVXG.DE
IZS.WA
IZS.WA
IZS.WA
IZS.WA
IZS.WA
IZS.WA
IZS.WA
JAGX.O
JAGX.O
JAGX.O
JAS.BK
JAS.BK
JAS.BK
JAS.BK
JAS.BK
JAS.BK
JAS.BK
JAS.BK
JAS.BK
JAS.BK
JAS.BK
JAS.BK
JAS.BK
JAS.BK
JAS.BK
JAS.BK
JASf.BK
JASf.BK
JASf.BK
JASf.BK
JASf.BK
JASf.BK
JASf.BK
JASf.BK
JASf.BK
JASf.BK
JASf.BK
JASf.BK
JASf.BK
JASf.BK
JASf.BK
JASf.BK
JASn.BK
JASn.BK
JASn.BK
JASn.BK
JASn.BK
JASn.BK
JASn.BK
JASn.BK
JASn.BK
JASn.BK
JASn.BK
JASn.BK
JASn.BK
JASn.BK
JASn.BK
JASn.BK
JPEP.K
JPEP.K
JPEP.K
JPEP.K
JPEP.K
JPEP.K
JPEP.K
JPEP.K
JPEP.K
JPEP.K
JPEP.K
JPEP.K
JPEP.K
JPEP.K
JPEP.K
JPEP.K
JPEP.K
JPEP.K
JPEP.K
JPEP.K
JPEP.K
JTPY.O
JTPY.O
KAPLM.IS
KAPLM.IS
KAPLM.IS
KAPLM.IS
KAPLM.IS
KAPLM.IS
KAPLM.IS
KARE.ST
KARE.ST
KARE.ST
KARE.ST
KARE.ST
KARE.ST
KARE.ST
KARE.ST
KARE.ST
KARU.NS
KATMR.IS
KATMR.IS
KATMR.IS
KFFB.O
KFFB.O
KFFB.O
KFFB.O
KFFB.O
KLBF.JK
KMEN.SI
KMEN.SI
KPHOL.IS
KPHOL.IS
KPHOL.IS
KPHOL.IS
KPHOL.IS
KPHOL.IS
KPHOL.IS
KPHOL.IS
KPHOL.IS
KPHOL.IS
KRSTL.IS
KRSTL.IS
KRSTL.IS
KTC.BK
KTC.BK
KTC.BK
KTC.BK
KTCf.BK
KTCf.BK
KTCf.BK
KTCf.BK
KTCn.BK
KTCn.BK
KTCn.BK
KTCn.BK
LAM.AX
LAM.AX
LAM.AX
LAM.AX
LAM.AX
LAM.AX
LAM.AX
LAM.AX
LAM.AX
LAM.AX
LAM.AX
LAM.AX
LAM.AX
LAM.AX
LAM.AX
LAM.TO
LAM.TO
LAM.TO
LAM.TO
LAM.TO
LAM.TO
LAM.TO
LAM.TO
LAM.TO
LAM.TO
LAM.TO
LAM.TO
LAM.TO
LAM.TO
LAM.TO
LCAHU.O
LCAHU.O
LDO.MI
LDO.MI
LENP.WA
LENP.WA
LENP.WA
LENP.WA
LENP.WA
LENP.WA
LENP.WA
LENP.WA
LEXIN.ST
LEXIN.ST
LEXIN.ST
LEXIN.ST
LEXIN.ST
LEXIN.ST
LEXIN.ST
LGND.O
LGND.O
LGND.O
LGND.O
LGND.O
LGND.O
LGND.O
LGND.O
LGND.O
LGND.O
LGND.O
LGND.O
LGND.O
LIO.V
LIO.V
LIO.V
LIO.V
LIO.V
LIO.V
LIO.V
LIO.V
LIO.V
LIO.V
LIO.V
LIO.V
LIO.V
LLO.AX
LLO.AX
LLO.AX
LLO.AX
LLO.AX
LLO.AX
LLO.AX
LLO.AX
LLO.AX
LLO.AX
LLO.AX
LLO.AX
LLO.AX
LO24n.DE
LO24n.DE
LO24n.DE
LO24n.DE
LO24n.DE
LOB.O
LOB.O
LOB.O
LPKR.JK
LPKR.JK
LPKR.JK
LPKR.JK
LPKR.JK
LPTH.O
LPTH.O
LPTH.O
LPTH.O
LPTH.O
LPZ.PS
LPZ.PS
LPZ.PS
LPZ.PS
LPZ.PS
LPZ.PS
LPZ.PS
LPZ.PS
LR.PS
LR.PS
LR.PS
LR.PS
LR.PS
LR.PS
LR.PS
LR.PS
LR.PS
LRE.L
LUKSK.IS
LUKSK.IS
LUKSK.IS
LUKSK.IS
LUKSK.IS
LUKSK.IS
LUKSK.IS
LUZ.LM
LUZ.LM
LUZ.LM
LUZ.LM
LUZ.LM
LWBP.WA
LWBP.WA
LWBP.WA
LWBP.WA
LWBP.WA
LWBP.WA
LWBP.WA
LWBP.WA
LWBP.WA
MAG.WA
MAG.WA
MAG.WA
MAG.WA
MAL.TO
MAL.TO
MAL.TO
MAL.TO
MAL.TO
MAL.TO
MAL.TO
MAL.TO
MAL.TO
MAXS.PS
MAXS.PS
MAXS.PS
MAXS.PS
MAXS.PS
MAXS.PS
MAXS.PS
MAXS.PS
MAXS.PS
MAXS.PS
MAXS.PS
MBC.PS
MBC.PS
MBC.PS
MBC.PS
MBC.PS
MBC.PS
MBC.PS
MBC.PS
MBC.PS
MBC.PS
MBC.PS
MBC.PS
MBC.PS
MBC.PS
MBC.PS
MBC.PS
MBC.V
MBC.V
MBC.V
MBC.V
MBC.V
MBC.V
MBC.V
MBC.V
MBC.V
MBC.V
MBC.V
MBK.BK
MBK.BK
MBK.BK
MBK.BK
MBKf.BK
MBKf.BK
MBKf.BK
MBKf.BK
MBKn.BK
MBKn.BK
MBKn.BK
MBKn.BK
MBLX.O
MBLX.O
MBLX.O
MCG.OL
MCG.OL
MCG.OL
MCG.OL
MCG.OL
MDPJ.J
MDPJ.J
MDPJ.J
MDPJ.J
MDPJ.J
MDPJ.J
MDPJ.J
MEET.O
MEET.O
MEET.O
MEET.O
MEGA.BK
MEGA.BK
MEGA.BK
MEGA.BK
MEGA.BK
MEGA.BK
MEGA.BK
MEGA.BK
MEGA.BK
MEGA.BK
MEGA.BK
MEGA.BK
MEGAn.BK
MEGAn.BK
MEGAn.BK
MEGAn.BK
MEGAn.BK
MEGAn.BK
MEGAn.BK
MEGAn.BK
MEGAn.BK
MEGAn.BK
MEGAn.BK
MEGAn.BK
MEIP.O
MEIP.O
MEIP.O
MEIP.O
MEPET.IS
MEPET.IS
MEPET.IS
MEPET.IS
MEPET.IS
MEPET.IS
MEPET.IS
MEPET.IS
MEPET.IS
MFCB.K
MFCB.K
MFCB.K
MFCB.K
MFCB.K
MFCB.K
MFCB.K
MFCB.K
MFS
MFSF.O
MFSF.O
MFSF.O
MFSF.O
MFSF.O
MFSF.O
MGI.V
MGI.V
MGI.V
MGI.V
MGI.V
MGI.V
MGI.V
MGI.V
MGI.V
MGI.V
MGIC.TA
MGIC.TA
MGIC.TA
MGIC.TA
MIRN.O
MIRN.O
MIRN.O
MIRN.O
MIRN.O
MIRN.O
MIRN.O
MKP.TO
MKP.TO
MKP.TO
MKP.TO
MKP.TO
MKP.TO
MKP.TO
MKP.TO
MKP.TO
MKP.TO
MLGP.WA
MLGP.WA
MLGP.WA
MLGP.WA
MLGP.WA
MLGP.WA
MLGP.WA
MLGP.WA
MLGP.WA
MLGP.WA
MLGP.WA
MLGP.WA
MLGP.WA
MLGP.WA
MLGP.WA
MLGP.WA
MLGP.WA
MLGP.WA
MLSS.K
MLSS.K
MLSS.K
MLSS.K
MLSS.K
MLSS.K
MLSS.K
MLSS.K
MLSS.K
MLSS.K
MMLP.O
MOG.CD
MOG.CD
MOG.CD
MOG.CD
MOG.CD
MOG.CD
MOG.CD
MOG.CD
MOG.CD
MOG.CD
MRD.TO
MRD.TO
MRD.TO
MRD.TO
MRD.TO
MRD.TO
MRD.TO
MRD.TO
MRD.TO
MRD.TO
MSCC.O
MSCC.O
MSCC.O
MSCC.O
MSCC.O
MSCC.O
MVM.V
MVM.V
MVM.V
MVM.V
MVM.V
MVM.V
MVM.V
MVM.V
MVM.V
MVM.V
MVM.V
MXC
MXC
MXC
MZA.WA
MZA.WA
MZA.WA
MZA.WA
MZA.WA
MZA.WA
NAFG3.SA
NAFG3.SA
NAFG3.SA
NAFG3.SA
NAFG4.SA
NAFG4.SA
NAFG4.SA
NAFG4.SA
NBHC.K
NBHC.K
NCLH.O
NCOM.O
NCOM.O
NCOM.O
NDR.V
NDR.V
NDR.V
NDR.V
NDR.V
NDR.V
NDR.V
NDR.V
NDR.V
NDR.V
NDR.V
NDR.V
NDR.V
NEE.V
NEE.V
NEE.V
NEE.V
NEE.V
NEE.V
NEE.V
NEE.V
NEE.V
NEE.V
NEG.LM
NEG.LM
NEG.LM
NEG.LM
NEG.LM
NEG.LM
NEG.LM
NEOS.O
NEOS.O
NEUP.WA
NEUP.WA
NIA.V
NIA.V
NIA.V
NIA.V
NIA.V
NIA.V
NIA.V
NIA.V
NIA.V
NILS.ST
NILS.ST
NILS.ST
NILS.ST
NILS.ST
NILS.ST
NILS.ST
NILS.ST
NILS.ST
NILS.ST
NILS.ST
NILS.ST
NJOB.ST
NJOB.ST
NJOB.ST
NKO.TO
NKO.TO
NKO.TO
NKO.TO
NKO.TO
NKO.TO
NKO.TO
NKO.TO
NKO.TO
NKO.TO
NLABA.ST
NLABA.ST
NLABA.ST
NLABA.ST
NLABA.ST
NLABA.ST
NLABA.ST
NLABA.ST
NLABA.ST
NLABA.ST
NLST.O
NLST.O
NLST.O
NLST.O
NOMIN.OL
NOMIN.OL
NOMIN.OL
NOMIN.OL
NOMIN.OL
NOMIN.OL
NORDJB.CO
NORDJB.CO
NORDJB.CO
NORDJB.CO
NORDJB.CO
NORDJB.CO
NOVN.S
NOVN.S
NOVN.S
NOVN.S
NOVN.S
NOVN.S
NOVN.S
NOVN.S
NOVN.S
NOVN.S
NOVN.S
NOVN.S
NOVN.S
NOVN.S
NOVN.S
NOVN.S
NOVN.S
NOVN.S
NOVN.S
NOVN.S
NOVN.S
NOVN.S
NOVN.S
NOVN.S
NOVNEE.S
NOVNEE.S
NOVNEE.S
NOVNEE.S
NOVNEE.S
NOVNEE.S
NOVNEE.S
NOVNEE.S
NOVNEE.S
NOVNEE.S
NOVNEE.S
NOVNEE.S
NOVNEE.S
NOVNEE.S
NOVNEE.S
NOVNEE.S
NOVNEE.S
NOVNEE.S
NOVNEE.S
NOVNEE.S
NOVNEE.S
NOVNEE.S
NOVNEE.S
NOVNEE.S
NRP
NRP
NRP
NRP
NSAM.K
NSAM.K
NTEKb.ST
NTEKb.ST
NTEKb.ST
NTEKb.ST
NTEKb.ST
NTEKb.ST
NTEKb.ST
NTEKb.ST
NTEKb.ST
NTEKb.ST
NTEKb.ST
NTEKb.ST
NTHOL.IS
NTHOL.IS
NTIP.K
NTIP.K
NTIP.K
NTIP.K
NTIP.K
NTIP.K
NTYO.SI
NTYO.SI
NTYO.SI
NTYO.SI
NTYO.SI
NTYO.SI
NUE
NUE
NVC.TO
NVC.TO
NVC.TO
NVC.TO
NVC.TO
NVC.TO
NVC.TO
NVC.TO
NVC.TO
NVC.TO
NVC.TO
NVS
NVS
NVS
NVS
NVS
NVS
NVS
NVS
NVS
NVS
NVS
NVS
NVS
NVS
NVS
NVS
NVS
NVS
NVS
NVS
NVS
NVS
NVS
NVS
NVT.WA
NVT.WA
NVT.WA
NVT.WA
NVT.WA
NVT.WA
NVTA.K
NWH_u.TO
NWH_u.TO
NWH_u.TO
NWH_u.TO
NWH_u.TO
NWH_u.TO
NWH_u.TO
NWH_u.TO
NWL
NWXG.DE
NWXG.DE
NWXG.DE
NWXG.DE
NWXG.DE
OCO.V
OCO.V
OCO.V
OCO.V
OCO.V
OCO.V
OCO.V
OCO.V
OCO.V
OCO.V
OCO.V
ODF.OL
ODF.OL
ODF.OL
ODF.OL
ODF.OL
ODFB.OL
ODFB.OL
ODFB.OL
ODFB.OL
ODFB.OL
OFS.O
OFS.O
OFS.O
OFS.O
OFS.O
OFS.O
OFSA3.SA
OFSA3.SA
OFSA3.SA
OFSA3.SA
OFSA3.SA
OFSA3.SA
OFSA3.SA
OFSA3S.SA
OFSA3S.SA
OFSA3S.SA
OFSA3S.SA
OFSA3S.SA
OFSA3S.SA
OFSA3S.SA
OFSA3T.SA
OFSA3T.SA
OFSA3T.SA
OFSA3T.SA
OFSA3T.SA
OFSA3T.SA
OFSA3T.SA
OHL.MC
OHL.MC
OHL.MC
OHL.MC
OMEX.O
OMEX.O
OMEX.O
OMEX.O
OMEX.O
OMEX.O
OMEX.O
OMEX.O
ORGC.ST
ORGC.ST
ORGC.ST
ORGC.ST
ORGC.ST
ORGE.IS
ORGE.IS
ORGE.IS
ORGE.IS
ORGE.IS
ORGE.IS
ORGE.IS
ORGE.IS
ORGE.IS
ORT.TO
ORT.TO
ORT.TO
ORT.TO
ORT.TO
ORT.TO
ORT.TO
ORT.TO
ORT.TO
ORT.TO
OSG
OSG
OSG
OSG
OSK.TO
OSK.TO
OSK.TO
OSK.TO
OTTTz.F
OTTTz.F
OVBC.O
OVBC.O
OVBC.O
OVBC.O
PAM
PAM
PAM
PAM
PAM
PAM
PANGr.AT
PAT.WA
PAT.WA
PAT.WA
PAT.WA
PAT.WA
PAT.WA
PAT.WA
PAT.WA
PAT.WA
PAT.WA
PAT.WA
PAT.WA
PAT.WA
PAT.WA
PAT.WA
PAT.WA
PAT.WA
PAT.WA
PBF
PBF.WA
PBF.WA
PBF.WA
PBF.WA
PBF.WA
PBF.WA
PBF.WA
PBF.WA
PBF.WA
PBF.WA
PBL.TO
PBL.TO
PBL.TO
PBL.TO
PBL.TO
PBL.TO
PBL.TO
PBL.TO
PBNC.O
PBNC.O
PBR
PBRa
PCIP.WA
PCIP.WA
PCIP.WA
PCIP.WA
PCIP.WA
PCS.LM
PCS.LM
PCS.LM
PDGR3.SA
PED
PED
PED
PED
PEPP.WA
PEPP.WA
PEPP.WA
PEPP.WA
PET.V
PET.V
PET.V
PET.V
PET.V
PET.V
PET.V
PET.V
PET.V
PETR3.SA
PETR4.SA
PFB.TO
PFB.TO
PFB.TO
PFB.TO
PFB.TO
PFB.TO
PFB.TO
PFB.TO
PFB.TO
PFB.TO
PFB.TO
PFB.TO
PFB.TO
PFB.TO
PFB.TO
PFB.TO
PFB.TO
PFB.TO
PGEM.K
PIRS.O
PIRS.O
PIRS.O
PIRS.O
PIU.LM
PIU.LM
PIU.LM
PIU.LM
PIUi.LM
PIUi.LM
PIUi.LM
PIUi.LM
PJT
PKX
PKX
PKX
PKX
PLG.TO
PLG.TO
PLG.TO
PLG.TO
PLG.TO
PLG.TO
PLG.TO
PLG.TO
PLX.WA
PLX.WA
PLX.WA
PLX.WA
PNK.O
PNNI.MI
PNNI.MI
PNNI.MI
PNNI.MI
PNNI.MI
PNVL3.SA
PNVL4.SA
POLYG.ST
POLYG.ST
POLYG.ST
POLYG.ST
POLYG.ST
POLYG.ST
POLYG.ST
POLYG.ST
POLYG.ST
POLYG.ST
POMP.WA
POMP.WA
POMP.WA
POMP.WA
POSI3.SA
PP.V
PP.V
PP.V
PP.V
PP.V
PP.V
PP.V
PP.V
PP.V
PP.V
PP.V
PP.V
PP.V
PP.V
PP.V
PP.V
PP.V
PPP.V
PPP.V
PPP.V
PPP.V
PPP.V
PPP.V
PPP.V
PPP.V
PPP.V
PPP.V
PRII.MI
PRII.MI
PRII.MI
PRII.MI
PRII.MI
PRII.MI
PRKAB.IS
PRKAB.IS
PRML3.SA
PRML3.SA
PRML3.SA
PRML3.SA
PRML3.SA
PRML3.SA
PRML3.SA
PRXL.O
PRXL.O
PRXL.O
PRXL.O
PRXL.O
PRXL.O
PRXL.O
PRXL.O
PRXL.O
PRXL.O
PRXL.O
PRXL.O
PRXL.O
PRXL.O
PRXL.O
PRXL.O
PRXL.O
PRXL.O
PRXL.O
PS4G.DE
PS4G.DE
PS4G.DE
PS4G.DE
PSDV.O
PSDV.O
PSDV.O
PSDV.O
PSDV.O
PSDV.O
PSDV.O
PSDV.O
PSDV.O
PSDV.O
PSDV.O
PSDV.O
PSDV.O
PSPC.PS
PSPC.PS
PSPC.PS
PSPC.PS
PSPC.PS
PSPC.PS
PSPC.PS
PSPC.PS
PSPC.PS
PSPC.PS
PTPP.JK
PTPP.JK
PTPP.JK
PUEP.WA
PUEP.WA
PUEP.WA
PUEP.WA
PUEP.WA
PXP.PS
PXP.PS
PXP.PS
PXP.PS
PXP.PS
PXP.PS
PZ.V
PZ.V
PZ.V
PZ.V
PZ.V
PZ.V
PZ.V
PZ.V
PZ.V
PZ.V
PZ.V
PZ.V
PZ.V
QCRH.O
QCRH.O
QCRH.O
QCRH.O
QCRH.O
QCRH.O
QCRH.O
QCRH.O
QCRH.O
QEC.TO
QEC.TO
QEC.TO
QEC.TO
QEC.TO
QEC.TO
QEC.TO
QEC.TO
QEC.TO
QH.BK
QH.BK
QH.BK
QHC
QHC
QHC
QHC
QHf.BK
QHf.BK
QHf.BK
QHn.BK
QHn.BK
QHn.BK
QI.V
QI.V
QI.V
QI.V
QI.V
QI.V
QI.V
QSCG.DE
QSCG.DE
QSCG.DE
QSCG.DE
RAFP.WA
RAFP.WA
RAFP.WA
RAFP.WA
RAFP.WA
RAFP.WA
RAFP.WA
RAFP.WA
RAFP.WA
RAFP.WA
RAFP.WA
RAILG.ST
RAILG.ST
RAILG.ST
RAILG.ST
RAILG.ST
RAILG.ST
RAILG.ST
RCG.V
RCG.V
RCG.V
RCG.V
RCG.V
RCG.V
RDL.TO
RDL.TO
RDL.TO
RDL.TO
RDL.TO
RDL.TO
RDL.TO
RDL.TO
RDNP.WA
RDNP.WA
RDNP.WA
RDNP.WA
RDNP.WA
RDNP.WA
RDNP.WA
RELY.O
RELY.O
RELY.O
REM.OL
REM.OL
REM.OL
REM.OL
RENO.OL
RENO.OL
RENO.OL
RENO.OL
RENO.OL
RFRG.AS
RFRG.AS
RFRG.AS
RFRG.AS
RFRG.AS
RFRG.AS
RFRG.AS
RFRG.AS
RFRG.AS
RFRG.AS
RFRG.AS
RFRG.AS
RFRG.AS
RFRG.AS
RFRG.AS
RFRG.AS
RFRG.AS
RFRG.AS
RFRG.AS
RFRG.AS
RFRG.AS
RGSE.O
RGSE.O
RGSE.O
RHT.V
RHT.V
RHT.V
RHT.V
RHT.V
RHT.V
RHT.V
RHT.V
RHT.V
RHT.V
RHT.V
RHT.V
RHT.V
RHT.V
RLGT.K
RLGT.K
RLGT.K
RLGT.K
RLGT.K
RLGT.K
RN.MI
RN.MI
RN.MI
RN.MI
RN.MI
RNA.LM
RNA.LM
RNA.LM
RNA.LM
RNA.LM
ROK
ROK
ROK
ROSN.MM
ROSN.MM
ROSN.MM
ROSN.MM
ROSN.MM
ROSN.MM
ROVI.MC
ROVI.MC
ROVI.MC
ROVI.MC
ROX
ROX
ROX
ROX
ROX
ROX
ROX
RSID3.SA
RSID3.SA
RSID3.SA
RSID3.SA
RSID3.SA
RSID3.SA
RSID3.SA
RUFu.V
RUFu.V
RUFu.V
RUFu.V
RUFu.V
RUFu.V
RUFu.V
RUFu.V
RUFu.V
RVP
RVP
RVP
RVP
RVP
RVP
RVP
RVP
RVWL.KL
RVWL.KL
RVWL.KL
RVWL.KL
RVWL.KL
RVWL.KL
RVWL.KL
RVWL.KL
RVWL.KL
RVWL.KL
RVWL.KL
RVWL.KL
RVWL.KL
RWT
RWT
RZ.V
RZ.V
RZ.V
RZ.V
RZ.V
RZ.V
RZ.V
RZ.V
RZ.V
RZ.V
RZ.V
RZ.V
RZ.V
RZ.V
SAFI.L
SAFI.L
SAFI.L
SAFI.L
SAFI.L
SAFI.L
SAFI.L
SAFI.L
SAFI.L
SAFI.L
SBB.TO
SBB.TO
SBB.TO
SBB.TO
SBB.TO
SBB.TO
SBFG.O
SBFG.O
SBFG.O
SBFG.O
SBFG.O
SBFG.O
SBFGP.O
SBFGP.O
SBFGP.O
SBFGP.O
SBFGP.O
SBFGP.O
SBH
SBH
SBH
SBH
SBSA.O
SBSA.O
SBSA.O
SBSA.O
SBSA.O
SBSA.O
SBSA.O
SBSA.O
SBSA.O
SCENS.ST
SCENS.ST
SCENS.ST
SCENS.ST
SCENS.ST
SCENS.ST
SCENS.ST
SCENS.ST
SDL.V
SDL.V
SDL.V
SDL.V
SDL.V
SDL.V
SDL.V
SDL.V
SDL.V
SEV.TO
SEV.TO
SEV.TO
SEV.TO
SEV.TO
SEV.TO
SEV.TO
SEV.TO
SEV.TO
SEV.TO
SEV.TO
SEV.TO
SEV.TO
SHNG.PS
SHNG.PS
SHNG.PS
SHNG.PS
SHNG.PS
SIC.V
SIC.V
SIC.V
SIC.V
SIC.V
SIC.V
SIC.V
SIMP.BO
SIMP.BO
SIMP.BO
SIMP.BO
SISG.DE
SISG.DE
SISG.DE
SISG.DE
SISG.DE
SISG.DE
SISG.DE
SISG.DE
SISG.DE
SISG.DE
SISG.DE
SISG.DE
SISG.DE
SISG.DE
SISG.DE
SISG.DE
SISG.DE
SISG.DE
SK.SN
SK.SN
SK.SN
SK.SN
SK.SN
SK.SN
SKLN.O
SKLN.TA
SKLN.TA
SKLN.TA
SKLN.TA
SKLN.TA
SKLN.TA
SKLN.TA
SKLN.TA
SKLN.TA
SKM
SKUE.OL
SKUE.OL
SKUE.OL
SKUE.OL
SKUE.OL
SKUE.OL
SL.CD
SL.CD
SL.CD
SL.CD
SL.CD
SL.CD
SL.CD
SL.CD
SL.CD
SL.CD
SL.CD
SL.CD
SL.CD
SL.CD
SLST.BO
SLTG.DE
SLTG.DE
SLTG.DE
SLTG.DE
SLTG.DE
SLTG.DE
SLTG.DE
SLTG.DE
SLTG.DE
SLTG.DE
SLTG.DE
SLTG.DE
SLTG.DE
SLVP.WA
SLVP.WA
SLVP.WA
SLVP.WA
SLVP.WA
SNDX.O
SNGRq.L
SNGRq.L
SNGRq.L
SONA.O
SONA.O
SOP.V
SOP.V
SOP.V
SOP.V
SOP.V
SOP.V
SOP.V
SRAQ.O
SRAQ.O
SRAQ.O
SRAQ.O
SRAQ.O
SRAQ.O
SRAQU.O
SRAQU.O
SRAQU.O
SRAQU.O
SRAQU.O
SRAQU.O
SRG.MI
SRNE.O
SRNE.O
SRNE.O
SRNE.O
SSHP.SI
SSHP.SI
SSHP.SI
SSHP.SI
SSHP.SI
SSHP.SI
SSHP.SI
SSHP.SI
SSHP.SI
SSKN.O
SSKN.O
SSKN.O
SSS.V
SSS.V
SSS.V
SSS.V
SSS.V
SSS.V
SSS.V
SSS.V
SSW
SSW
SSW
SSW
SSW
SSW
SSW
SSW
SSW
SSW
STE
STE
STON.K
STON.K
STON.K
STON.K
STON.K
STORYb.ST
STORYb.ST
STORYb.ST
STORYb.ST
STORYb.ST
STORYb.ST
STORYb.ST
STORYb.ST
STORYb.ST
STORYb.ST
STORYb.ST
STORYb.ST
STORYb.ST
STORYb.ST
STORYb.ST
STORYb.ST
STORYb.ST
SVI.V
SVI.V
SVI.V
SVI.V
SVI.V
SVI.V
SVI.V
SVI.V
SVI.V
SVI.V
SVI.V
SWG.WA
SWG.WA
SWG.WA
SWG.WA
SWG.WA
SWG.WA
SWG.WA
SWG.WA
SWG.WA
SWG.WA
SWG.WA
SWG.WA
SWG.WA
SWG.WA
SWG.WA
SWG.WA
SWG.WA
SWG.WA
SWG.WA
SWVKk.DE
SWVKk.DE
SWVKk.DE
SWVKk.DE
SXL
SYC.CD
SYC.CD
SYC.CD
SYC.CD
SYC.CD
SYC.CD
SYC.CD
SYC.CD
SYC.CD
SYC.CD
SYC.CD
SYC.CD
SYC.CD
SYMX.O
SYMX.O
SYMX.O
SYMX.O
SYNC.O
SYNC.O
SYNC.O
SYNC.O
SYNC.O
SYRX.O
TACO.SI
TACO.SI
TACO.SI
TACO.SI
TACO.SI
TARP.WA
TARP.WA
TARP.WA
TARP.WA
TARP.WA
TAV.LM
TAV.LM
TAV.LM
TAV.LM
TAV.LM
TAV.LM
TAV.LM
TAV.LM
TBS.MI
TBS.MI
TBS.MI
TBS.MI
TBS.MI
TBS.MI
TBS.MI
TBS.MI
TCRD.O
TCRD.O
TCRD.O
TCRD.O
TCRD.O
TCRD.O
TCRD.O
TCRD.O
TCRD.O
TDRN.TA
TDRN.TA
TDRN.TA
TDRN.TA
TDRN.TA
TDRN.TA
TDRN.TA
TDRN.TA
TDRN.TA
TDRN.TA
TDRN.TA
TDRN.TA
TDY
TECH.O
TENX.O
TENX.O
TENX.O
TENX.O
TENX.O
TENX.O
TEONE.ST
TEONE.ST
TEONE.ST
TEONE.ST
TEONE.ST
TGEN.O
TGEN.O
TGEN.O
TGEN.O
TGO.TO
TGO.TO
TGO.TO
TGO.TO
TGO.TO
THAI.BK
THAI.BK
THAI.BK
THAI.BK
THAI.BK
THAI.BK
THAI.BK
THAI.BK
THAI.BK
THAIf.BK
THAIf.BK
THAIf.BK
THAIf.BK
THAIf.BK
THAIf.BK
THAIf.BK
THAIf.BK
THAIf.BK
THAIn.BK
THAIn.BK
THAIn.BK
THAIn.BK
THAIn.BK
THAIn.BK
THAIn.BK
THAIn.BK
THAIn.BK
TIER.K
TIER.K
TIER.K
TIER.K
TLND.O
TLP
TLP
TLP
TLP
TLP
TMPOL.IS
TMPOL.IS
TMPOL.IS
TMPOL.IS
TMPOL.IS
TMPOL.IS
TMPOL.IS
TMPOL.IS
TMPOL.IS
TOP.CO
TOP.CO
TOP.CO
TOP.CO
TOP.CO
TOP.CO
TOP.CO
TOP.CO
TOP.CO
TOP.CO
TOP.CO
TOP.CO
TPL.TO
TPL.TO
TPL.TO
TPL.TO
TPL.TO
TPL.TO
TPL.TO
TRA.V
TRA.V
TRA.V
TRA.V
TRA.V
TRA.V
TRA.V
TRA.V
TRA.V
TRA.V
TRA.V
TRA.V
TRA.V
TRC.BK
TRC.BK
TRC.BK
TRC.BK
TRC.BK
TRC.BK
TRC.BK
TRC.BK
TRC.BK
TRC.BK
TRC.BK
TRC.BK
TRC.BK
TRC.BK
TRC.BK
TRC.BK
TRC.BK
TRC.BK
TRC.BK
TRC.BK
TRC.BK
TRC.BK
TRC.BK
TRCf.BK
TRCf.BK
TRCf.BK
TRCf.BK
TRCf.BK
TRCf.BK
TRCf.BK
TRCf.BK
TRCf.BK
TRCf.BK
TRCf.BK
TRCf.BK
TRCf.BK
TRCf.BK
TRCf.BK
TRCf.BK
TRCf.BK
TRCf.BK
TRCf.BK
TRCf.BK
TRCf.BK
TRCf.BK
TRCf.BK
TRCn.BK
TRCn.BK
TRCn.BK
TRCn.BK
TRCn.BK
TRCn.BK
TRCn.BK
TRCn.BK
TRCn.BK
TRCn.BK
TRCn.BK
TRCn.BK
TRCn.BK
TRCn.BK
TRCn.BK
TRCn.BK
TRCn.BK
TRCn.BK
TRCn.BK
TRCn.BK
TRCn.BK
TRCn.BK
TRCn.BK
TRIP.WA
TRIP.WA
TRIP.WA
TRKP.WA
TRKP.WA
TRKP.WA
TRKP.WA
TRKP.WA
TRKP.WA
TRKP.WA
TRKP.WA
TSGP.WA
TSGP.WA
TSGP.WA
TUPY3.SA
TXTS.MI
TXTS.MI
TXTS.MI
TYP.V
TYP.V
TYP.V
TYP.V
TYP.V
TYP.V
TYP.V
TYP.V
TYP.V
TYP.V
TYP.V
TYP.V
TYP.V
TYP.V
TYP.V
TYP.V
TZZ.TO
TZZ.TO
TZZ.TO
TZZ.TO
TZZ.TO
TZZ.TO
TZZ.TO
TZZ.TO
TZZ.TO
ULCG.DE
ULCG.DE
ULCG.DE
ULCG.DE
ULCG.DE
ULCG.DE
ULCG.DE
ULCG.DE
ULCG.DE
ULCG.DE
ULCG.DE
ULCG.DE
ULCG.DE
ULCG.DE
ULCG.DE
ULCG.DE
ULCG.DE
ULCG.DE
ULCG.DE
ULCG.DE
ULCG.DE
ULCG.DE
ULM.WA
ULM.WA
ULM.WA
ULM.WA
ULM.WA
ULM.WA
ULM.WA
UNIP.WA
UNIP.WA
UNIP.WA
UNIP.WA
UNIP.WA
UNIP.WA
UNIP.WA
UNIP.WA
UNIP.WA
UNIP.WA
UNIP.WA
UNIP.WA
UNIP.WA
UNIP.WA
UNIP.WA
UNIP.WA
UNIP.WA
USAC.K
USAC.K
USAC.K
USAC.K
USAC.K
USAC.K
USAC.K
USAC.K
USAC.K
USAC.K
USAC.K
USAC.K
USAC.K
USAC.K
USAC.K
USAC.K
USAC.K
USAC.K
USAC.K
USAC.K
V
V
V
V.PS
V.PS
V.PS
V.PS
V.PS
V.PS
V.PS
V.PS
V6CG.DE
V6CG.DE
V6CG.DE
V6CG.DE
V6CG.DE
VEN.SN
VEN.SN
VEN.SN
VEN.SN
VEN.SN
VEN.SN
VEN.SN
VEN.SN
VENsd.SN
VENsd.SN
VENsd.SN
VENsd.SN
VENsd.SN
VENsd.SN
VENsd.SN
VENsd.SN
VFF.TO
VFF.TO
VFF.TO
VFF.TO
VISA34.SA
VISA34.SA
VISA34.SA
VIV.PA
VIV.PA
VIV.PA
VIV.PA
VIV.PA
VLE.TO
VLE.TO
VLE.TO
VLE.TO
VLE.TO
VLE.TO
VLE.TO
VLE.TO
VLE.TO
VLE.TO
VLE.TO
VLS.PA
VLS.PA
VLS.PA
VLS.PA
VLS.PA
VLS.PA
VLS.PA
VOC
VOC
VOC
VOC
VOC
VOC
VOC
VOXP.WA
VOXP.WA
VOXP.WA
VOXP.WA
VOXP.WA
VOXP.WA
VOXP.WA
VOXP.WA
VOXP.WA
VOXP.WA
VRAY.O
VRAY.O
VRAY.O
VRAY.O
VRAY.O
VSTP.WA
VSTP.WA
VSTP.WA
VSTP.WA
VSTP.WA
VSTP.WA
VTT.V
VTT.V
VTT.V
VTT.V
VTT.V
VTT.V
VTT.V
VTT.V
VTT.V
VTT.V
VTT.V
VTT.V
VTT.V
VVT.PS
VVT.PS
VVT.PS
VVT.PS
VVT.PS
WCB.V
WCB.V
WCB.V
WCB.V
WCB.V
WCB.V
WCB.V
WCB.V
WDIG.DE
WDIG.DE
WDIG.DE
WDIG.DE
WDIG.DE
WDIG.DE
WDIG.DE
WDIG.DE
WDIG.DE
WDIG.DE
WDIG.DE
WDIG.DE
WDIG.DE
WDIG.DE
WDIG.DE
WDIG.DE
WDIG.DE
WDIG.DE
WDIG.DE
WDIG.DE
WDIG.DE
WDIG.DE
WDIG.DE
WDIG.DE
WDIG.DE
WDL.DE
WDL.DE
WDL.DE
WDL.DE
WDL.DE
WDL.DE
WDL.DE
WDL.DE
WDL.DE
WDL.DE
WDL.DE
WDL.DE
WDL.DE
WDL.DE
WDX.WA
WDX.WA
WDX.WA
WDX.WA
WDX.WA
WDX.WA
WDX.WA
WDX.WA
WDX.WA
WEBK.O
WEBK.O
WEBK.O
WEBK.O
WEQ.TO
WEQ.TO
WEQ.TO
WEQ.TO
WEQ.TO
WEQ.TO
WEQ.TO
WEQ.TO
WF
WF
WF
WF
WF
WGA
WGA
WGA
WGA
WGA
WGA
WGA
WGA
WGA
WHF.O
WHF.O
WHF.O
WIFI.O
WK
WK
WKHS.O
WKHS.O
WKHS.O
WKHS.O
WKHS.O
WKHS.O
WKHS.O
WLB.WA
WLB.WA
WLB.WA
WLB.WA
WLB.WA
WLB.WA
WLB.WA
WLB.WA
WLB.WA
WLB.WA
WLB.WA
WLB.WA
WLB.WA
WLB.WA
WLB.WA
WLB.WA
WLB.WA
WLB.WA
WLKP.K
WLKP.K
WLKP.K
WLKP.K
WMR.V
WMR.V
WMR.V
WMR.V
WMR.V
WMR.V
WMR.V
WMR.V
WMR.V
WMR.V
WMR.V
WPPL.WA
WPPL.WA
WPPL.WA
WPPL.WA
WPPL.WA
WPPL.WA
WPPL.WA
WPPL.WA
WPPL.WA
WPPL.WA
WPPL.WA
WPPL.WA
WPPL.WA
WPPL.WA
WRP.V
WRP.V
WRP.V
WRP.V
WRP.V
WRP.V
WRP.V
WRP.V
WSKT.JK
WSKT.JK
WSKT.JK
WWD.O
XBKS.O
XBKS.O
XBKS.O
XTNT.K
XTNT.K
XTNT.K
XTNT.K
YAPRK.IS
YAPRK.IS
YAPRK.IS
YAPRK.IS
YAPRK.IS
YAPRK.IS
YRBa.TO
YRBa.TO
YRBa.TO
YRBa.TO
YRBa.TO
YRBa.TO
YRBa.TO
YRBa.TO
YRBa.TO
YSPS.KL
YSPS.KL
YSPS.KL
YSPS.KL
YSPS.KL
YSPS.KL
YSPS.KL
YSPS.KL
YSPS.KL
ZAPKI.RTS
ZAPKI.RTS
ZBRA.O
ZBRA.O
ZBRA.O
ZBRA.O
ZBRA.O
ZBRA.O
ZBRG.SI
ZBRG.SI
ZBRG.SI
ZBRG.SI
ZBRG.SI
ZBRG.SI
ZBRG.SI
ZBRG.SI
ZBRG.SI
ZBRG.SI
ZBRG.SI
ZBRG.SI
ZKA.WA
ZKA.WA
ZKA.WA
ZKA.WA
ZKA.WA
ZO1G.DE
ZO1G.DE
ZO1G.DE
ZO1G.DE
ZO1G.DE
ZO1G.DE
ZO1G.DE
ZO1G.DE
ZO1G.DE
ZO1G.DE
ZO1G.DE
ZO1G.DE
ZO1G.DE
ZO1G.DE
ZV.MI
ZV.MI
ZV.MI
ZV.MI
ZZb.ST
ZZb.ST
ZZb.ST
ZZb.ST
ZZb.ST
ZZb.ST
ZZb.ST
ZZb.ST
ZZb.ST
ZZb.ST
ZZb.ST
ZZb.ST
ZZb.ST
ZZb.ST
ZZb.ST
