000521.SZ, Updated at 2016-09-30
000600.SZ, Updated at 2016-09-30
000619.SZ, Updated at 2016-09-30
000716.SZ, Updated at 2016-09-30
000790.SZ, Updated at 2016-09-30
002009.SZ, Updated at 2016-09-30
002230.SZ, Updated at 2016-09-30
002231.SZ, Updated at 2016-09-30
002236.SZ, Updated at 2016-09-30
002261.SZ, Updated at 2016-09-30
002277.SZ, Updated at 2016-09-30
002326.SZ, Updated at 2016-09-30
002327.SZ, Updated at 2016-09-30
002359.SZ, Updated at 2016-09-30
002407.SZ, Updated at 2016-09-30
002443.SZ, Updated at 2016-09-30
002459.SZ, Updated at 2016-09-30
002756.SZ, Updated at 2016-09-30
002800.SZ, Updated at 2016-09-30
004310.KS, Updated at 2016-08-31
025900.KQ, Updated at 2016-09-30
083570.KS, Updated at 2016-08-31
083600.KS, Updated at 2016-08-31
134380.KS, Updated at 2016-09-30
1407.T, Updated at 2016-08-31
1419.T, Updated at 2016-08-31
1434.T, Updated at 2016-08-31
1997.T, Updated at 2016-08-31
200521.SZ, Updated at 2016-09-30
2230.T, Updated at 2016-08-31
2337.T, Updated at 2016-08-31
2354.T, Updated at 2016-09-20
2404.T, Updated at 2016-08-31
2411.T, Updated at 2016-09-30
2449.T, Updated at 2016-08-31
2698.T, Updated at 2016-08-31
2706.T, Updated at 2016-08-31
2736.T, Updated at 2016-08-31
2769.T, Updated at 2016-08-31
2796.T, Updated at 2016-08-31
2884.T, Updated at 2016-08-31
2930.T, Updated at 2016-08-31
300054.SZ, Updated at 2016-09-30
300086.SZ, Updated at 2016-09-30
300127.SZ, Updated at 2016-09-30
300131.SZ, Updated at 2016-09-30
300255.SZ, Updated at 2016-09-30
300343.SZ, Updated at 2016-09-30
300469.SZ, Updated at 2016-09-30
3021.T, Updated at 2016-08-31
3030.T, Updated at 2016-08-31
3046.T, Updated at 2016-08-31
3057.NG, Updated at 2016-08-31
3073.T, Updated at 2016-08-31
3087.T, Updated at 2016-08-31
3174.T, Updated at 2016-08-31
3181.T, Updated at 2016-08-31
3440.FU, Updated at 2016-08-31
3536.T, Updated at 2016-08-31
3606.T, Updated at 2016-08-31
3608.T, Updated at 2016-08-31
3627.T, Updated at 2016-08-31
3791.T, Updated at 2016-08-31
3810.T, Updated at 2016-08-31
3823.T, Updated at 2016-08-31
3915.T, Updated at 2016-08-31
3ZG.BB, Updated at 2016-09-30
4645.T, Updated at 2016-08-31
4764.T, Updated at 2016-07-31
5018.T, Updated at 2016-08-31
5341.T, Updated at 2016-08-31
5817.T, Updated at 2016-08-31
5990.T, Updated at 2016-09-15
600073.SS, Updated at 2016-09-30
600256.SS, Updated at 2016-09-30
600312.SS, Updated at 2016-09-30
600338.SS, Updated at 2016-09-30
600415.SS, Updated at 2016-09-30
600439.SS, Updated at 2016-09-30
600449.SS, Updated at 2016-09-30
600595.SS, Updated at 2016-09-30
600681.SS, Updated at 2016-09-30
600763.SS, Updated at 2016-09-30
600792.SS, Updated at 2016-09-30
600812.SS, Updated at 2016-09-30
600965.SS, Updated at 2016-09-30
600986.SS, Updated at 2016-09-30
601015.SS, Updated at 2016-09-30
601155.SS, Updated at 2016-09-30
601677.SS, Updated at 2016-09-30
601678.SS, Updated at 2016-09-30
6025.NG, Updated at 2016-08-31
603011.SS, Updated at 2016-09-30
603366.SS, Updated at 2016-09-30
603377.SS, Updated at 2016-09-30
603618.SS, Updated at 2016-09-30
603737.SS, Updated at 2016-09-30
6047.T, Updated at 2016-08-31
6058.T, Updated at 2016-08-31
6150.T, Updated at 2016-08-31
6172.T, Updated at 2016-08-31
6183.T, Updated at 2016-08-31
6288.HK, Updated at 2016-08-31
6634.T, Updated at 2016-08-31
6668.T, Updated at 2016-08-31
6814.T, Updated at 2016-08-31
6839.T, Updated at 2016-06-30
6866.T, Updated at 2016-09-30
6985.T, Updated at 2016-08-31
7219.T, Updated at 2016-08-31
7420.T, Updated at 2016-08-31
7608.T, Updated at 2016-08-31
7719.T, Updated at 2016-08-31
7811.T, Updated at 2016-08-31
7829.T, Updated at 2016-08-31
8127.T, Updated at 2016-08-31
8170.T, Updated at 2016-08-31
8257.T, Updated at 2016-08-31
8904.T, Updated at 2016-08-31
9601.T, Updated at 2016-08-31
9602.T, Updated at 2016-08-31
9647.T, Updated at 2016-08-31
9837.T, Updated at 2016-08-31
9948.T, Updated at 2016-08-31
9978.T, Updated at 2016-08-31
9979.T, Updated at 2016-08-31
9983.T, Updated at 2016-08-31
ADL.V, Updated at 2016-06-30
ADPH.BO, Updated at 2016-09-30
AFSh.V, Updated at 2016-08-31
AGRV.VI, Updated at 2016-08-31
AICr.AT, Updated at 2016-06-30
ALCOG.PA, Updated at 2016-09-30
ALHVS.PA, Updated at 2016-09-30
ANDA.O, Updated at 2016-08-31
ANDAU.O, Updated at 2016-08-31
ANX.TO, Updated at 2016-08-31
APME.F, Updated at 2016-09-30
APSW.CA, Updated at 2016-06-30
ARCH.PA, Updated at 2016-09-30
BAC, Updated at 2016-09-30
BAC_pa, Updated at 2016-09-30
BAC_pc, Updated at 2016-09-30
BAC_pd, Updated at 2016-09-30
BAC_pe, Updated at 2016-09-30
BAC_pi, Updated at 2016-09-30
BAC_pw, Updated at 2016-09-30
BAC_py, Updated at 2016-09-30
BAINS.SCT, Updated at 2016-08-31
BBNI.JK, Updated at 2016-06-30
BML_pg, Updated at 2016-09-30
BML_ph.N, Updated at 2016-09-30
BML_pi, Updated at 2016-09-30
BML_pj, Updated at 2016-09-30
BML_pl, Updated at 2016-09-30
BOAC34.SA, Updated at 2016-09-30
C, Updated at 2016-09-30
CASP.PA, Updated at 2016-09-30
CAW, Updated at 2016-08-31
CBSH.O, Updated at 2016-09-30
CBSHP.O, Updated at 2016-09-30
CEGI.PA, Updated at 2016-09-30
CER.CD, Updated at 2016-07-31
CHMK.MM, Updated at 2016-09-30
CRSL.NS, Updated at 2016-09-30
CTGP34.SA, Updated at 2016-09-30
C_pc, Updated at 2016-09-30
C_pj, Updated at 2016-09-30
C_pk, Updated at 2016-09-30
C_pl, Updated at 2016-09-30
C_pp, Updated at 2016-09-30
C_ps, Updated at 2016-09-30
DAL, Updated at 2016-09-30
DEAI34.SA, Updated at 2016-09-30
DFRG.O, Updated at 2016-09-06
DIGP.PA, Updated at 2016-09-30
DIOR.PA, Updated at 2016-09-30
DWI.TO, Updated at 2016-08-31
EBAB.BR, Updated at 2016-09-30
EDEN.PA, Updated at 2016-09-30
EDFM.CA, Updated at 2016-06-30
EDUC.O, Updated at 2016-08-31
EIB.DU, Updated at 2016-09-30
EKTR3.SA, Updated at 2016-09-30
EKTR4.SA, Updated at 2016-09-30
ELEC.O, Updated at 2016-08-31
ELECU.O, Updated at 2016-08-31
ELSRr.AT, Updated at 2016-06-30
EMDr.AT, Updated at 2016-06-30
EPED.PA, Updated at 2016-09-30
ETGM.PA, Updated at 2016-09-30
FAGRO.BR, Updated at 2016-09-30
FHN, Updated at 2016-09-30
FHN_pa, Updated at 2016-09-30
FKSh.V, Updated at 2016-08-31
GCL.TO, Updated at 2016-09-03
GKE.AT, Updated at 2016-06-30
GSW.V, Updated at 2016-05-31
GTBO.JK, Updated at 2016-03-31
HCSG.O, Updated at 2016-09-30
HFAr.AT, Updated at 2016-06-30
HFCO.PA, Updated at 2016-09-30
HLPu.TO, Updated at 2016-06-30
I.TO, Updated at 2016-08-31
IDEL.BO, Updated at 2016-03-31
INBK.NS, Updated at 2016-09-30
INFY.K, Updated at 2016-09-30
INFY.NS, Updated at 2016-09-30
JPM, Updated at 2016-09-30
JPMC34.SA, Updated at 2016-09-30
JPM_pa, Updated at 2016-09-30
JPM_pb, Updated at 2016-09-30
JPM_pd, Updated at 2016-09-30
JPM_pe, Updated at 2016-09-30
JPM_pf, Updated at 2016-09-30
JPM_pg, Updated at 2016-09-30
JPM_ph, Updated at 2016-09-30
KMG, Updated at 2016-07-31
KOGK.MM, Updated at 2016-09-30
KOR.TO, Updated at 2016-08-31
LII, Updated at 2016-09-30
LNN, Updated at 2016-08-31
MANGS.ST, Updated at 2016-09-30
MGW.V, Updated at 2016-06-30
MKEX.BO, Updated at 2016-06-30
MLNK.O, Updated at 2016-07-31
NB.TO, Updated at 2016-06-30
NCIN.CA, Updated at 2015-12-31
NEFI.NS, Updated at 2016-09-30
NILb.ST, Updated at 2016-09-30
OACQ.O, Updated at 2016-08-31
OACQU.O, Updated at 2016-08-31
OMI.TO, Updated at 2016-08-31
ONCS.O, Updated at 2016-07-31
ORPF.PA, Updated at 2016-09-30
OSSP.BO, Updated at 2016-06-30
PNC, Updated at 2016-09-30
PNC_pp, Updated at 2016-09-30
PNC_pq, Updated at 2016-09-30
PPTL.NS, Updated at 2016-06-30
PZG, Updated at 2016-06-30
QGTS.QA, Updated at 2016-09-30
RADP.PA, Updated at 2016-09-30
RANI3.SA, Updated at 2016-09-30
RANI4.SA, Updated at 2016-09-30
RCIa.TO, Updated at 2016-09-30
RCIb.TO, Updated at 2016-09-30
RDI.TO, Updated at 2016-08-31
REII.NS, Updated at 2016-09-30
RRH.BB, Updated at 2016-09-30
SIB.AD, Updated at 2016-09-30
SIMA.JK, Updated at 2015-12-31
SOWG.DE, Updated at 2016-09-30
SPRM.SI, Updated at 2016-08-31
SURA.NS, Updated at 2015-03-31
TAKA.KL, Updated at 2016-09-30
TAYD.O, Updated at 2016-08-31
TCS.NS, Updated at 2016-09-30
THHG.PA, Updated at 2016-09-30
TLMJ.J, Updated at 2016-06-30
TOE.V, Updated at 2016-06-30
TRIB.O, Updated at 2016-06-30
TVDGk.F, Updated at 2016-06-30
TVEB.NS, Updated at 2016-09-30
UAL, Updated at 2016-09-30
UEC, Updated at 2016-07-31
ULTC.NS, Updated at 2016-09-30
UNB.AD, Updated at 2016-09-30
UNKL.MM, Updated at 2016-09-30
VIRB.PA, Updated at 2016-09-30
VLN.TO, Updated at 2016-08-31
WFC, Updated at 2016-09-30
WFCO34.SA, Updated at 2016-09-30
WFC_pj, Updated at 2016-09-30
WFC_pn, Updated at 2016-09-30
WFC_po, Updated at 2016-09-30
WFC_pp, Updated at 2016-09-30
WFC_pq, Updated at 2016-09-30
WFC_pr, Updated at 2016-09-30
WFC_pt, Updated at 2016-09-30
WFC_pv, Updated at 2016-09-30
WFC_pw, Updated at 2016-09-30
WFC_px, Updated at 2016-09-30
WL6G.DE, Updated at 2016-08-31
WMR.V, Updated at 2016-05-31
XTLB.O, Updated at 2016-06-30
