000559.SZ, Updated at 2016-09-30
000766.SZ, Updated at 2016-09-30
000861.SZ, Updated at 2016-09-30
000988.SZ, Updated at 2016-09-30
002085.SZ, Updated at 2016-09-30
002201.SZ, Updated at 2016-09-30
002225.SZ, Updated at 2016-09-30
002271.SZ, Updated at 2016-09-30
002403.SZ, Updated at 2016-09-30
002475.SZ, Updated at 2016-09-30
002714.SZ, Updated at 2016-09-30
002766.SZ, Updated at 2016-09-30
002783.SZ, Updated at 2016-09-30
002786.SZ, Updated at 2016-09-30
003620.KS, Updated at 2016-09-30
010050.KS, Updated at 2016-09-30
217600.KQ, Updated at 2016-09-30
2772.T, Updated at 2016-09-20
300011.SZ, Updated at 2016-09-30
300045.SZ, Updated at 2016-09-30
300069.SZ, Updated at 2016-09-30
300074.SZ, Updated at 2016-09-30
300122.SZ, Updated at 2016-09-30
300203.SZ, Updated at 2016-09-30
300218.SZ, Updated at 2016-09-30
300256.SZ, Updated at 2016-09-30
300274.SZ, Updated at 2016-09-30
300342.SZ, Updated at 2016-09-30
300463.SZ, Updated at 2016-09-30
600077.SS, Updated at 2016-09-30
600114.SS, Updated at 2016-09-30
600499.SS, Updated at 2016-09-30
600674.SS, Updated at 2016-09-30
600785.SS, Updated at 2016-09-30
600873.SS, Updated at 2016-09-30
601168.SS, Updated at 2016-09-30
603889.SS, Updated at 2016-09-30
900953.SS, Updated at 2016-09-30
AABQ.QA, Updated at 2016-09-30
AAO.V, Updated at 2016-09-30
AC.MX, Updated at 2016-09-30
ACCP.PA, Updated at 2016-09-30
ADTN.O, Updated at 2016-09-30
ALESK.PA, Updated at 2016-09-30
ALOCT.PA, Updated at 2016-09-30
ARC.V, Updated at 2016-05-31
ART.V, Updated at 2016-07-31
ASC.OL, Updated at 2016-09-30
ASR, Updated at 2016-09-30
ASURB.MX, Updated at 2016-09-30
ATEA.OL, Updated at 2016-09-30
BABY.O, Updated at 2016-09-30
BAS1V.HE, Updated at 2016-09-30
BDN, Updated at 2016-09-30
BEIJb.ST, Updated at 2016-09-30
BEX.V, Updated at 2016-06-30
BKMU.O, Updated at 2016-09-30
BMAX.ST, Updated at 2016-09-30
BOLSAA.MX, Updated at 2016-09-30
CACT.SI, Updated at 2016-09-30
CARR.PA, Updated at 2016-09-30
CATGR.PA, Updated at 2016-05-31
CAV.LM, Updated at 2016-09-30
CBTTb.ST, Updated at 2016-09-30
CHU.LM, Updated at 2016-09-30
CIMBT.BK, Updated at 2016-09-30
CIMBTn.BK, Updated at 2016-09-30
CJRi.LM, Updated at 2016-09-30
CNFH.NS, Updated at 2016-09-30
CREE.O, Updated at 2016-09-25
CTBI.O, Updated at 2016-09-30
CTO, Updated at 2016-09-30
CVBF.O, Updated at 2016-09-30
CVLY.O, Updated at 2016-09-30
CWN.V, Updated at 2016-06-30
DICO.QA, Updated at 2016-09-30
DMCp.V, Updated at 2016-07-31
DOCD.AS, Updated at 2016-09-30
DOV, Updated at 2016-09-30
DSOM.KL, Updated at 2016-09-30
EBAY.O, Updated at 2016-09-30
EBAY34.SA, Updated at 2016-09-30
EGZ.TO, Updated at 2016-06-30
ELISA.HE, Updated at 2016-09-30
ELWA.CA, Updated at 2016-06-30
EQFN.O, Updated at 2016-06-30
ETF.V, Updated at 2016-08-31
FCCO.O, Updated at 2016-09-30
FIHO12.MX, Updated at 2016-09-30
FULT.O, Updated at 2016-09-30
GETP.PA, Updated at 2016-09-30
GFED.O, Updated at 2016-09-30
GGG, Updated at 2016-09-23
GPC, Updated at 2016-09-30
GSBC.O, Updated at 2016-09-30
HA.O, Updated at 2016-09-30
HAL, Updated at 2016-09-30
HALI34.SA, Updated at 2016-09-30
HAVb.ST, Updated at 2016-09-30
HBHC.O, Updated at 2016-09-30
HIQ.ST, Updated at 2016-09-30
HXL, Updated at 2016-09-30
HZNC.NS, Updated at 2016-09-30
IJ.ST, Updated at 2016-09-30
ILSB.PA, Updated at 2016-06-30
INVEa.ST, Updated at 2016-09-30
INVEb.ST, Updated at 2016-09-30
ITER.OL, Updated at 2016-09-30
KALU.O, Updated at 2016-09-30
KMI, Updated at 2016-09-30
KMI_pa, Updated at 2016-09-30
KVAER.OL, Updated at 2016-09-30
LCNB.O, Updated at 2016-09-30
LHBANK.BK, Updated at 2016-09-30
LHBANKf.BK, Updated at 2016-09-30
LHBANKn.BK, Updated at 2016-09-30
LHO, Updated at 2016-09-30
LLC.V, Updated at 2016-08-31
LSTR.O, Updated at 2016-09-24
MEDS.OL, Updated at 2016-09-30
MONE.SI, Updated at 2016-09-30
MS, Updated at 2016-09-30
MSBR34.SA, Updated at 2016-09-30
MS_pa, Updated at 2016-09-30
MS_pe, Updated at 2016-09-30
MS_pf, Updated at 2016-09-30
MS_pg, Updated at 2016-09-30
MS_pi, Updated at 2016-09-30
MTB, Updated at 2016-09-30
MTH.V, Updated at 2016-07-31
MTL.TO, Updated at 2016-09-30
MXSC.KL, Updated at 2016-09-30
MYPL.SI, Updated at 2016-09-30
NCBS.O, Updated at 2016-09-30
NMAN.ST, Updated at 2016-09-30
NSG.OL, Updated at 2016-09-30
ODD.ST, Updated at 2016-09-30
OFLX.O, Updated at 2016-09-30
ORR.V, Updated at 2016-06-30
ORS.V, Updated at 2016-07-31
OSMEN.IS, Updated at 2016-09-30
PAL.V, Updated at 2016-08-31
PATC.PA, Updated at 2016-09-30
PKG, Updated at 2016-09-30
QIIC.QA, Updated at 2016-09-30
QINS.QA, Updated at 2016-09-30
QRS.WA, Updated at 2016-09-30
RF, Updated at 2016-09-30
RFM.PS, Updated at 2016-09-30
RF_pa, Updated at 2016-09-30
RF_pb, Updated at 2016-09-30
RLI, Updated at 2016-09-30
RNST.O, Updated at 2016-09-30
RW.V, Updated at 2016-09-30
SGXL.SI, Updated at 2016-09-30
SHBa.ST, Updated at 2016-09-30
SHBb.ST, Updated at 2016-09-30
SLG, Updated at 2016-09-30
SRS.CD, Updated at 2016-05-31
STLD.O, Updated at 2016-09-30
STM.V, Updated at 2016-08-31
SVU, Updated at 2016-09-10
SZZG.DE, Updated at 2016-08-31
TCAP.BK, Updated at 2016-09-30
TCAPf.BK, Updated at 2016-09-30
TCAPn.BK, Updated at 2016-09-30
TCFP.PA, Updated at 2016-09-30
TELb.LM, Updated at 2016-09-30
TELc.LM, Updated at 2016-09-30
TMB.BK, Updated at 2016-09-30
TMBf.BK, Updated at 2016-09-30
TMBn.BK, Updated at 2016-09-30
UBNK.O, Updated at 2016-09-30
UCFC.O, Updated at 2016-09-30
UFPI.O, Updated at 2016-09-24
UNF, Updated at 2016-08-27
URI, Updated at 2016-09-30
USB, Updated at 2016-09-30
USBC34.SA, Updated at 2016-09-30
USB_pa, Updated at 2016-09-30
USB_ph, Updated at 2016-09-30
USB_pm, Updated at 2016-09-30
USB_pn, Updated at 2016-09-30
USB_po, Updated at 2016-09-30
USEb.ST, Updated at 2016-06-30
V3SG.F, Updated at 2016-09-30
VETO.PA, Updated at 2016-09-30
VVL.OL, Updated at 2016-09-30
VYC.V, Updated at 2016-08-31
WCC.V, Updated at 2016-08-31
WKG.V, Updated at 2016-07-31
XBR.CD, Updated at 2016-05-31
YDKN.K, Updated at 2016-09-30
YHOO.O, Updated at 2016-09-30
ZALG.DE, Updated at 2016-09-30
