000030.KS
0002.HK
0004.HK
0040.HK
0048.HK
0051.HK
0053.HK
0065.HK
0072.HK
0094.HK
0096.HK
0117.HK
0124.HK
0151.HK
0161.HK
0167.HK
0183.HK
0195.HK
0196.HK
0206.HK
0246.HK
0268.HK
0272.HK
0286.HK
0291.HK
0297.HK
0330.HK
0338.HK
0342.HK
0354.HK
0363.HK
0370.HK
0395.HK
0397.HK
0400.HK
0410.HK
0428.HK
0432.HK
0444.HK
0445.HK
0459.HK
0460.HK
0471.HK
0474.HK
0509.HK
0510.HK
0535.HK
0538.HK
0546.HK
0550.HK
0553.HK
0564.HK
0588.HK
0596.HK
0600.HK
0606.HK
0672.HK
0678.HK
0680.HK
0705.HK
0717.HK
0718.HK
0727.HK
0757.HK
0759.HK
0764.HK
0771.HK
0775.HK
0776.HK
0789.HK
0798.HK
0799.HK
0801.HK
0803.HK
0817.HK
0821.HK
0826.HK
0827.HK
0828.HK
0830.HK
0831.HK
0839.HK
0845.HK
0848.HK
0853.HK
0864.HK
0865.HK
0872.HK
0881.HK
0883.HK
0893.HK
0902.HK
0915.HK
0938.HK
0940.HK
0948.HK
0951.HK
0953.HK
0954.HK
0956.HK
0963.HK
0967.HK
0973.HK
0975.HK
0987.HK
0990.HK
1008.HK
1009.HK
1026.HK
1028.HK
1050.HK
1051.HK
1055.HK
1061.HK
1063.HK
1065.HK
1066.HK
1068.HK
1069.HK
1073.HK
1075.HK
1079.HK
1083.HK
1085.HK
1086.HK
1097.HK
1101.HK
1102.HK
1103.HK
1106.HK
1121.HK
1138.HK
1152.HK
1157.HK
1164.HK
1172.HK
1174.HK
1175.HK
1189.HK
1210.HK
1211.HK
1236.HK
1265.HK
1266.HK
1285.HK
1292.HK
1302.HK
1310.HK
1314.HK
1315.HK
1317.HK
1319.HK
1322.HK
1323.HK
1326.HK
1328.HK
1340.HK
1349.HK
1355.HK
1361.HK
1363.HK
1365.HK
1371.HK
1378.HK
1380.HK
1382.HK
1383.HK
1385.HK
1386.HK
1387.HK
1393.HK
1415.HK
1430.HK
1443.HK
1447.HK
1468.HK
1520.HK
1522.HK
1527.HK
1530.HK
1532.HK
1533.HK
1563.TWO
1578.HK
1585.TWO
1594.TWO
1623.HK
1636.HK
1639.HK
1666.HK
1673.HK
1699.HK
1708.HK
1760.TWO
1766.HK
1771.HK
1822.HK
1830.HK
1833.HK
1836.HK
1838.HK
1858.HK
1863.HK
1866.HK
1886.HK
1889.HK
1908.HK
1918.HK
1938.HK
1966.HK
1988.HK
1998.HK
2008.HK
2010.HK
2016.HK
2023.HK
2033.HK
2038.HK
2086.HK
2186.HK
2198.HK
2208.HK
2218.HK
2255.HK
2277.HK
2280.HK
2308.HK
2330.HK
2366.HK
2383.HK
2488.HK
2601.HK
2608.HK
2638.HK
2689.HK
2721.TWO
2722.HK
2741.TWO
2886.HK
2897.TWO
3039.T
3117.TWO
3300.HK
3307.TWO
3308.HK
3308.T
3313.HK
3323.HK
3344.HK
3357.TWO
3360.HK
3366.HK
3377.HK
3389.HK
3566.TWO
3592.TWO
3603.TWO
3610.T
3628.HK
3633.HK
3644.TWO
3668.HK
3678.TWO
3808.HK
3868.HK
3883.HK
3886.HK
3889.HK
3899.HK
3983.HK
4132.TWO
4155.TWO
4177.TWO
4734.TWO
4949.TWO
4961.TWO
4969.TWO
5233.TWO
5244.TWO
5256.TWO
5286.TWO
5346q.L
5346yq.L
5863.TWO
600000.SS
6030.HK
6138.HK
6166.HK
6168.HK
6272.TWO
6401.TWO
6425.TWO
6438.TWO
6441.TWO
6472.TWO
6828.HK
6868.HK
6878.HK
6881.HK
6899.HK
8065.TWO
8122.TWO
888.L
8951.T
8984.T
A2TAq.F
A3EB.SG
AAAA.L
AAC.AX
AAKPI.RTS
ABHA.MU
ABS.PA
ABTU.L
ACEL.NS
ACH
ACLJ.J
ACND.NGM
ACOMA.MANG
ADCG.F
ADVE.SI
ADXN.S
AEU_u.TO
AEVS.S
AFON.PA
AGQ.L
AGTP.WA
AGY.AX
AIR.AX
AIRE.S
AIRN.S
AISH.BO
ALADA.PA
ALBI.PA
ALBIO.PA
ALBRS.PA
ALCES.PA
ALCOF.PA
ALCYB.PA
ALDBL.PA
ALDV.PA
ALECR.PA
ALEMK.BR
ALEMV.PA
ALENT.PA
ALGAU.PA
ALGEV.PA
ALGIL.PA
ALHER.PA
ALHIT.PA
ALHOL.PA
ALHYG.PA
ALIVA.PA
ALKDY.PA
ALMAK.PA
ALMDG.PA
ALMOU.PA
ALOCA.PA
ALPBS.BR
ALPGG.PA
ALPH.S
ALSGD.PA
ALSIP.PA
ALSN.S
ALSPO.PA
ALTTI.PA
ALTUR.PA
ALUMS.PA
ALVMG.PA
ALWEB.PA
ALWEC.PA
ALWED.PA
ALWOO.PA
AMAMP.L
AMER.L
AMIG.MU
AMTG.K
AMTK.NS
AMTKq.L
ANDP.AS
ANFI.K
ANTO.L
AO.L
AOG_u.TO
APAR.NS
APF.L
APTK.MM
AQER.ST
ARBN.AS
ARCT.ST
AREIT.PA
AREM.NS
ARTE.PA
ARTEy.PA
ASOS.L
ASPL.L
AT8.DE
ATAR.PA
ATM.NZ
ATTJ.J
ATWG.BE
AUIV.L
AUK.AX
AUTOA.L
AV
AV.L
AVDZI.RTS
AVHOL.IS
AVJ.AX
AVM.L
AVMD.PA
AVQ.PA
AVS.L
AW2.F
AZS.AX
B8AG.DE
B9BG.F
BACH.NS
BAKAN.IS
BAL.AX
BAMB.BO
BATS.L
BBN.S
BBUI.PA
BCT.AX
BDRP.PA
BE0010026350.BR
BEFG.F
BEGJ.J
BELC.BR
BEPG.BE
BEYAZ.IS
BGI
BGI_u.TO
BHP
BHP.AX
BIATq.L
BIFR.BU
BILBI.L
BITI.PA
BJHN.NS
BKL.AX
BLB.NS
BLHG.F
BLIM.PA
BLK.AX
BLKI.NS
BLKS.NS
BLND.L
BLVB.L
BMAOq.L
BNSO.O
BOB.NS
BOOH.L
BORX.BO
BOS.S
BPAC3.SA
BPAC5.SA
BPCL.NS
BRARI.RTS
BRBY.L
BRH.L
BRLC.NS
BRLG.BE
BSD_u.TO
BSSG.F
BTGPPu.AS
BTI
BTLI.BO
BTSMI.RTS
BTT.AX
BUCN.S
BUFG.F
BVHN.BN
BVIC.L
BWL.ST
BYG.L
BYOT.L
CAHM.MC
CAIF.PA
CARD.PA
CASE.NS
CAY.L
CBA.ST
CCAP.PA
CCC.L
CCNP.PA
CCV.AX
CDG.AX
CEA
CEKG.F
CEN.NZ
CEO
CESC.NS
CFI.PA
CFMP.PA
CFR.S
CFRJ.J
CFT.S
CGE.SN
CGI.MC
CGI.TO
CGL.NZ
CGLO.L
CHEP.MM
CHGZ.MM
CIK.AX
CLTN.S
CLXN.S
CMBGn.F
CMCI.SI
CMT.AX
CMZ_u.TO
CNBK.NS
CNHL.SI
CNIT.O
CNR
COLR.BR
CONN.BR
CPGN.S
CPHCAP.CO
CPHNW.CO
CPUGk.F
CRBP2.PA
CRCRE.L
CRDA.L
CRLO.PA
CROS.PA
CRPP.PA
CRSU.PA
CTF_u.TO
CTH.L
CTI.L
CTNGk.F
CWD.L
CWF.TO
CYAD.BR
CYAD.O
DAE.S
DAII.CO
DAIr.AT
DALG.D
DC.L
DCD_u.TO
DCIGk.F
DE1n.H
DENGE.IS
DFLI.BO
DFSD.L
DIOD.MM
DJI.L
DLE.AX
DLE.I
DLGD.L
DLHb.CO
DLL.AS
DNSO.NS
DRD
DRDJ.J
DRDN.PA
DREGa.F
DSKL.NS
DTNC.PA
DUNL.BO
DVEC.MM
DXR
EASTq.L
EBNr.AT
ECG.AX
ECK.L
ECP.PA
EDLG.DE
EDSP.PA
EEMP.PA
EFFG.DE
EFIN.PA
EIT_u.TO
EKTG.DE
ELGT.NS
ELLE.ST
ELMN.S
ELNk.F
ELTH.NS
EMH.AX
EMHE.L
ENALYZ.CO
ENGB.BR
ENGI.NS
ENINV.BR
EOS.ST
EPH.S
EPSr.AT
EQUJ.J
ERAE.BO
ERDY.NS
ESOFT.CO
ESPE.AS
ESTGn.MU
ESYG.DE
ETGG.DE
EUCE.NS
EURO.SI
EVRE.L
EXJ.F
EXOR.MI
EXPb.CO
EXXr.AT
EYBL.VI
EZBG.BR
F2YGn.DE
FALY.BO
FAOGn.DE
FAP.TO
FBAP.PA
FCMC.PA
FCR.AX
FDC.NS
FDPA.PA
FED.NS
FEDq.L
FEWG.F
FFBP.PA
FFI_u.TO
FFMG.SG
FFPP.PA
FFY.I
FHWG.F
FIBR.SI
FIF.L
FIIN.NS
FINM.PA
FINr.AT
FIPP.PA
FITE.NS
FJET.L
FLTR.BO
FMG.AX
FMU.PA
FNM_u.TO
FNXT.BU
FODL.PA
FORN.S
FPH.NZ
FPN.PA
FRR.L
FSDV.PA
FTL.MI
FTON.S
FTZ.AX
FUNN.BO
FXPO.L
G9U.BR
GAIL.NS
GAILq.L
GALA.MI
GAPR.NS
GAUM.PA
GAZS.MM
GBB1W3RF7.L
GBB57MKM5.L
GBB666Q27.L
GBGP.L
GBM.AX
GCS.AX
GDFR.NS
GDSF.PA
GDVL.BO
GDY.AX
GEAP.PA
GEBk.F
GECE.NS
GEECq.L
GEMD.L
GENC.PA
GERX.PA
GFL.NZ
GGX.AX
GII_u.TO
GIMV.BR
GIVG.DE
GIVN.S
GJNC.NS
GJNdv.NS
GKN.L
GLAX.NS
GLEN.L
GLPRq.L
GLTRq.L
GMDS.PA
GMKN.MM
GRMO.BO
GRO
GSH
GUJM.BO
GUR.S
GVFI.BO
GWI.L
GXY.AX
H9O1k.F
H9YG.F
HAIK.L
HALS.MM
HALSq.L
HAMO.BR
HAO.AX
HAPD.IC
HAYT.L
HEDV.VI
HHXG.H
HIGH.PA
HITIT.IS
HMUG.DE
HNDG.F
HOCM.L
HOPE.O
HP3G.DE
HPBGn.DE
HPCL.NS
HPIG.DE
HRG.L
HRTIS.HE
HSS.L
HTCL.SI
HTLE.NS
HUB.AX
HUBN.S
HUE.S
HXCKk.DE
HYB_u.TO
HYDRA.AS
HYIG.F
HYWG.BE
I5Q1.F
I8CKk.H
IAU.AX
IB.MI
IBEX.L
ICE.BR
ICNT.NS
ID2A.L
IDX_u.TO
IEP.BR
IEX.AS
IFCI.NS
IFCN.S
IFM.AX
IFT.NZ
IHG
IHG.L
II8G.F
ILFE.NS
ILM1k.D
IMGI.MC
IMM.L
IMMH.PA
IMMOU.BR
INED.NS
INFN.SI
INME.I
INTUP.L
INVER.AS
INW1k.F
IOC.NS
IOMG.L
IPF.L
IPOG.F
IQE.L
IRGZ.MM
IRKT.MM
ISLB.NS
ITXA.PA
IVR.NS
IZHZI.RTS
JDW.L
JIM.L
JKA.AX
JKCE.NS
JLG.L
JMAT.L
JMDT.BO
JNOS.MM
JOIN.BO
JOXG.MU
JPIPu.L
JT9.MU
KAPT.NS
KBSF.O
KBUG.DE
KDM.WA
KEGC.BU
KFARI.RTS
KGNI.BO
KIMP.PA
KKT.AX
KLCA.PA
KLR.AX
KLSB.MM
KMEZ.MM
KMLKk.MU
KNO.AX
KOCL.NS
KONE.O
KOPY.ST
KOYO.SI
KRHr.AT
KRSG.MM
KRTI.BO
KSP.I
KUBE.MM
KURN.S
KYMZI.RTS
L1OGk.F
LAFU.PA
LBAG.F
LCG.L
LCYE.F
LEBO.PA
LFC
LFVE.PA
LGM.AX
LIBS.NS
LINP.PA
LKBG.F
LMS.L
LNZL.MM
LOEX.PA
LOHN.S
LOHS.BO
LPER.PA
LTAN.PA
LU0110790085.BR
LVIDE.AS
LZTL.PA
MAHH.NS
MAHN.NS
MAKE.PA
MASN.S
MAXA.BO
MBQGn.DE
MBRI.PA
MBT.AX
MCEG.F
MCPHY.PA
MDCM.L
MDID.BO
MDL.AX
MDSY.PA
MEDV.BR
MEL.AX
MELS.NS
MENBA.IS
MERT.NGM
MFBP.PA
MFGS.MM
MFT.NZ
MIDI.MI
MID_u.TO
MIGAb.CO
MIH.AX
MIKN.S
MIN.L
MKZ_u.TO
MLATV.PA
MLERO.PA
MLFAC.PA
MLPFX.PA
MM2A.SI
MMBM.MM
MMTC.NS
MMXM.L
MNSA.SCT
MOL.AX
MONV.MU
MORI.MM
MORL.NS
MOTZ.MM
MRA.V
MRKY.MM
MRRE.L
MSHr.AT
MSML.SI
MSOTI.RTS
MTMY.L
MUBG.DE
MURG.L
MUTG.F
MVVb.NGM
MYRN.S
N1NG.F
NAB.AX
NBB.L
NBHG.MU
NBPE.AS
NC5Ak.DE
NCM.AX
NCTY.O
NEDJ.J
NEDSE.AS
NEFI.BR
NEOF.PA
NESN.S
NETGnk.F
NEWCAP.CO
NHBG.MU
NIIT.NS
NITT.NS
NKESI.RTS
NKP.AX
NMC.L
NPOF.MM
NR21.BR
NRDC.CO
NRO.PA
NSTG.BE
NTOr.AT
NUQ.SG
NVC.PA
NWRN.S
NWZI.PA
NZO.NZ
NZX.NZ
OCDO.L
OCI.AS
OCQG.F
ODEG.F
ODVA.MM
ODX.L
OEL.AX
OELG.F
OILI.NS
OKEYq.L
OKU.AX
OLG.PA
OLGG.F
OLLI.PA
OMH.AX
OML.L
OPIN.BR
OPIN.MM
ORE.AX
OREG.L
OREGE.PA
ORGI.NS
ORME.BU
ORVP.BO
OSIL.SI
OTCB.BR
OTI.S
P4OG.DE
PAFR.L
PAR.AX
PARN.O
PASS.PA
PAYS.L
PCBB.BR
PCT.NZ
PDAG.DE
PDL.L
PFD.L
PFI.NZ
PFL.L
PGY.AX
PHST.MM
PICB.BR
PISL.NS
PKBG.F
PKY
PLEKk.F
PLND.L
PLOT.BU
PLS.AX
PLTG.D
PNGG.H
PNSB.BR
PPAG.DE
PPCF.PA
PREE.BO
PRFN.S
PRIS.NS
PRO.BK
PROn.BK
PRP.L
PSP.AX
PTCM.L
PTEC.L
PTF.V
PUS.MU
PYXI.BO
QRF.BR
QRT.L
RAKP.OL
RAV_u.TO
RBCM.MM
RBD.NZ
RBN_u.TO
RDGP.PA
RDS.AX
REAT.L
RECIV.L
REDT.L
REGR.PA
RELD.NS
RETE.BR
RFGJ.J
RGBG.F
RIO
RIO.AX
RIO.L
RKET.DE
RLFB.S
RLRT.BR
RMOG.D
ROBIT.HE
ROL.S
ROST.MM
ROTH.PA
RQIH.L
RSA.L
RSTC.NS
RSWM.NS
RTSB.MM
RUCG.MU
RURL.NS
RUSP.MM
SABC.BR
SACO.BO
SACV.NS
SADE.NS
SAEM.NS
SAFE.L
SAGS.L
SAHN.S
SALV.PA
SALVS.L
SALZI.RTS
SAN.NZ
SANE.BO
SAPEC.BR
SAPR.BO
SASY.PA
SATRI.RTS
SAVP.L
SBGL.K
SBIO.SI
SBTV.NS
SBVG.SG
SCL.TO
SCLP.L
SCMG.F
SCUGe.MU
SDTC.PA
SEA.NZ
SELG.MM
SERV.K
SEVL.L
SFCA.PA
SFOG.DE
SFPGk.F
SFPI.PA
SFSb.IC
SFZN.S
SGC.AX
SGOC.O
SGP.L
SGSG.D
SHER.BO
SHI
SHLK.NS
SIGF.PA
SIMG.F
SINF.NS
SIN_u.TO
SITR.SI
SJIN.NS
SKG_u.TO
SKIN.S
SKYB.L
SLCO.PA
SMAR.BR
SMD.AX
SMET.S
SNY
SOC.AX
SOLAq.L
SOURC.AS
SPBG.D
SPBS.PA
SPI.L
SPK.NZ
SPOE.PA
SPSF.BO
SPTG.F
SPTI.NS
SQN.S
SQZ.L
SRAM.BO
SRIN.NS
SSCL.BO
SSPM.NS
STM.MI
STRN.S
SUCB.BR
SUH.AX
SUIJ.J
SUJM.NS
SUMM.NS
SUN.S
SURP.NS
SUTO.NS
SVE.L
SWM.AX
SYNB.BR
SYNG.MM
T2GG.F
TACTR.IS
TALK.L
TAN.L
TANE.BO
TANH.O
TBGR.L
TCNP.PA
TECN.S
TEDE.PA
TEXO.NS
TGR.AX
THR.BR
THX.AX
TIL.NZ
TISG.F
TKURU.IS
TLVB.PA
TOMA.PR
TONN.PA
TOPS.O
TPSC.BO
TPT.L
TPW.NZ
TRAO.M3
TRF_u.TO
TRH_u.TO
TRMB.O
TRY.AX
TSTRE.L
TTOG.F
TYNN.PA
UBM.L
UCA1.F
UKUZ.MM
ULRC.PA
UNSP.NS
UPL.L
URAMI.RTS
URKA.MM
VANGD.IS
VCT.NZ
VDNG.F
VED.L
VELA.L
VENC.AS
VESGn.MU
VGP1.BR
VICOq.L
VIDHr.AT
VIP_u.TO
VISJ.J
VITA.MI
VLHZ.MM
VLRT.S
VLTZ.PA
VMR1k.F
VODJ.J
VPIN.NS
VRSB.MM
VSN.L
VTEX.BO
VTGK.MM
VTXI.BO
VUAG.D
WARB.BR
WCW.L
WES.AX
WF
WGF1G.DE
WHF.AX
WHS.NZ
WINKM.L
WKP.L
WLC.AX
WLG.L
WLL.AX
WLSNc.AS
WPBI.VI
WPHO.L
WSA.AX
WTS.L
WWGG.F
XIL.PA
YAKG.MM
YB1.F
YNB.AX
YP_u.TO
YZC
YZDAI.RTS
ZARG.F
ZCCM.PA
ZEG.L
ZENT.BR
ZNH
ZNK.MC
ZOLq.L
ZPFKk.MU
ZZZ.L
