000020.KS, Updated at 2016-09-30
000050.KS, Updated at 2016-09-30
000070.KS, Updated at 2016-09-30
000100.KS, Updated at 2016-09-30
000150.KS, Updated at 2016-09-30
000180.KS, Updated at 2016-09-30
000220.KS, Updated at 2016-09-30
000240.KS, Updated at 2016-09-30
000320.KS, Updated at 2016-09-30
000430.KS, Updated at 2016-09-30
000440.KQ, Updated at 2016-09-30
000500.KS, Updated at 2016-09-30
000590.KS, Updated at 2016-09-30
000650.KS, Updated at 2016-09-30
000670.KS, Updated at 2016-09-30
000680.KS, Updated at 2016-09-30
000700.KS, Updated at 2016-09-30
000760.KS, Updated at 2016-09-30
000860.KS, Updated at 2016-09-30
000890.KS, Updated at 2016-09-30
000910.KS, Updated at 2016-09-30
000950.KS, Updated at 2016-09-30
000970.KS, Updated at 2016-09-30
001020.KS, Updated at 2016-09-30
001040.KS, Updated at 2016-09-30
001070.KS, Updated at 2016-09-30
001080.KS, Updated at 2016-09-30
001140.KS, Updated at 2016-09-30
001260.KS, Updated at 2016-09-30
001340.KS, Updated at 2016-09-30
001380.KS, Updated at 2016-09-30
001420.KS, Updated at 2016-09-30
001460.KS, Updated at 2016-09-30
001470.KS, Updated at 2016-09-30
001520.KS, Updated at 2016-09-30
001530.KS, Updated at 2016-09-30
001570.KS, Updated at 2016-09-30
001620.KS, Updated at 2016-09-30
001630.KS, Updated at 2016-09-30
001680.KS, Updated at 2016-09-30
001770.KS, Updated at 2016-09-30
001780.KS, Updated at 2016-09-30
001790.KS, Updated at 2016-09-30
001800.KS, Updated at 2016-09-30
001810.KQ, Updated at 2016-09-30
001820.KS, Updated at 2016-09-30
001940.KS, Updated at 2016-09-30
002000.KS, Updated at 2016-09-30
002020.KS, Updated at 2016-09-30
002070.KS, Updated at 2016-09-30
002100.KS, Updated at 2016-09-30
002170.KS, Updated at 2016-09-30
002200.KS, Updated at 2016-09-30
002220.KS, Updated at 2016-09-30
002240.KS, Updated at 2016-09-30
002270.KS, Updated at 2016-09-30
002290.KQ, Updated at 2016-09-30
002300.KS, Updated at 2016-09-30
002320.KS, Updated at 2016-09-30
002360.KS, Updated at 2016-09-30
002460.KS, Updated at 2016-09-30
002600.KS, Updated at 2016-09-30
002620.KS, Updated at 2016-09-30
002630.KS, Updated at 2016-09-30
002680.KQ, Updated at 2016-09-30
002690.KS, Updated at 2016-09-30
002780.KS, Updated at 2016-09-30
002810.KS, Updated at 2016-09-30
002870.KS, Updated at 2016-09-30
002920.KS, Updated at 2016-09-30
002960.KS, Updated at 2016-09-30
003010.KS, Updated at 2016-09-30
003030.KS, Updated at 2016-09-30
003090.KS, Updated at 2016-09-30
003100.KQ, Updated at 2016-09-30
003120.KS, Updated at 2016-09-30
003160.KS, Updated at 2016-09-30
003230.KS, Updated at 2016-09-30
003240.KS, Updated at 2016-09-30
003300.KS, Updated at 2016-09-30
003310.KQ, Updated at 2016-09-30
003480.KS, Updated at 2016-09-30
003490.KS, Updated at 2016-09-30
003540.KS, Updated at 2016-09-30
003550.KS, Updated at 2016-09-30
003680.KS, Updated at 2016-09-30
003720.KS, Updated at 2016-09-30
003830.KS, Updated at 2016-09-30
003920.KS, Updated at 2016-09-30
004060.KS, Updated at 2016-09-30
004100.KS, Updated at 2016-09-30
004130.KS, Updated at 2016-09-30
004140.KS, Updated at 2016-09-30
004150.KS, Updated at 2016-09-30
004250.KS, Updated at 2016-09-30
004360.KS, Updated at 2016-09-30
004370.KS, Updated at 2016-09-30
004490.KS, Updated at 2016-09-30
004540.KS, Updated at 2016-09-30
004560.KS, Updated at 2016-09-30
004590.KQ, Updated at 2016-09-30
004650.KQ, Updated at 2016-09-30
004690.KS, Updated at 2016-09-30
004700.KS, Updated at 2016-09-30
004720.KS, Updated at 2016-09-30
004740.KS, Updated at 2016-09-30
004780.KQ, Updated at 2016-09-30
004840.KS, Updated at 2016-09-30
004890.KS, Updated at 2016-09-30
004920.KS, Updated at 2016-09-30
004970.KS, Updated at 2016-09-30
004980.KS, Updated at 2016-09-30
005030.KS, Updated at 2016-09-30
005110.KS, Updated at 2016-09-30
005180.KS, Updated at 2016-09-30
005190.KS, Updated at 2016-09-30
005290.KQ, Updated at 2016-09-30
005300.KS, Updated at 2016-09-30
005390.KS, Updated at 2016-09-30
005420.KS, Updated at 2016-09-30
005610.KS, Updated at 2016-09-30
005620.KS, Updated at 2016-09-30
005710.KQ, Updated at 2016-09-30
005720.KS, Updated at 2016-09-30
005740.KS, Updated at 2016-09-30
005750.KS, Updated at 2016-09-30
005810.KS, Updated at 2016-09-30
005820.KS, Updated at 2016-09-30
005850.KS, Updated at 2016-09-30
005870.KS, Updated at 2016-09-30
005880.KS, Updated at 2016-09-30
005960.KS, Updated at 2016-09-30
005990.KQ, Updated at 2016-09-30
006050.KQ, Updated at 2016-09-30
006060.KS, Updated at 2016-09-30
006110.KS, Updated at 2016-09-30
006200.KS, Updated at 2016-09-30
006260.KS, Updated at 2016-09-30
006390.KS, Updated at 2016-09-30
006570.KS, Updated at 2016-09-30
006580.KQ, Updated at 2016-09-30
006660.KS, Updated at 2016-09-30
006730.KQ, Updated at 2016-09-30
006740.KS, Updated at 2016-09-30
006800.KS, Updated at 2016-09-30
006840.KS, Updated at 2016-09-30
006890.KS, Updated at 2016-09-30
006910.KQ, Updated at 2016-09-30
007110.KS, Updated at 2016-09-30
007210.KS, Updated at 2016-09-30
007280.KS, Updated at 2016-09-30
007310.KS, Updated at 2016-09-30
007370.KQ, Updated at 2016-09-30
007390.KQ, Updated at 2016-09-30
007460.KS, Updated at 2016-09-30
007540.KS, Updated at 2016-09-30
007590.KS, Updated at 2016-09-30
007610.KS, Updated at 2016-09-30
007630.KS, Updated at 2016-09-30
007660.KS, Updated at 2016-09-30
007720.KQ, Updated at 2016-09-30
007810.KS, Updated at 2016-09-30
007820.KQ, Updated at 2016-09-30
007860.KS, Updated at 2016-09-30
007980.KS, Updated at 2016-09-30
008000.KS, Updated at 2016-09-30
008060.KS, Updated at 2016-09-30
008250.KS, Updated at 2016-09-30
008290.KQ, Updated at 2016-09-30
008370.KQ, Updated at 2016-09-30
008420.KS, Updated at 2016-09-30
008490.KS, Updated at 2016-09-30
008700.KS, Updated at 2016-09-30
008800.KQ, Updated at 2016-09-30
008830.KQ, Updated at 2016-09-30
008970.KS, Updated at 2016-09-30
009070.KS, Updated at 2016-09-30
009160.KS, Updated at 2016-09-30
009190.KS, Updated at 2016-09-30
009200.KS, Updated at 2016-09-30
009240.KS, Updated at 2016-09-30
009300.KQ, Updated at 2016-09-30
009320.KS, Updated at 2016-09-30
009410.KS, Updated at 2016-09-30
009420.KS, Updated at 2016-09-30
009440.KS, Updated at 2016-09-30
009460.KS, Updated at 2016-09-30
009470.KS, Updated at 2016-09-30
009580.KS, Updated at 2016-09-30
009620.KQ, Updated at 2016-09-30
009680.KS, Updated at 2016-09-30
009730.KQ, Updated at 2016-09-30
009780.KQ, Updated at 2016-09-30
009970.KS, Updated at 2016-09-30
010040.KS, Updated at 2016-09-30
010100.KS, Updated at 2016-09-30
010170.KQ, Updated at 2016-09-30
010280.KQ, Updated at 2016-09-30
010420.KS, Updated at 2016-09-30
010470.KQ, Updated at 2016-09-30
010580.KS, Updated at 2016-09-30
010640.KS, Updated at 2016-09-30
010690.KS, Updated at 2016-09-30
010770.KS, Updated at 2016-09-30
010820.KS, Updated at 2016-09-30
011000.KS, Updated at 2016-09-30
011080.KQ, Updated at 2016-09-30
011150.KS, Updated at 2016-09-30
011160.KS, Updated at 2016-09-30
011200.KS, Updated at 2016-09-30
011230.KS, Updated at 2016-09-30
011300.KS, Updated at 2016-09-30
011320.KQ, Updated at 2016-09-30
011370.KQ, Updated at 2016-09-30
011420.KS, Updated at 2016-09-30
011690.KS, Updated at 2016-09-30
011700.KS, Updated at 2016-09-30
011760.KS, Updated at 2016-09-30
011930.KS, Updated at 2016-09-30
012160.KS, Updated at 2016-09-30
012170.KS, Updated at 2016-09-30
012200.KS, Updated at 2016-09-30
012280.KS, Updated at 2016-09-30
012320.KS, Updated at 2016-09-30
012340.KQ, Updated at 2016-09-30
012600.KS, Updated at 2016-09-30
012610.KS, Updated at 2016-09-30
012620.KQ, Updated at 2016-09-30
012690.KS, Updated at 2016-09-30
012800.KS, Updated at 2016-09-30
012860.KQ, Updated at 2016-09-30
013000.KS, Updated at 2016-09-30
013120.KQ, Updated at 2016-09-30
013310.KQ, Updated at 2016-09-30
013360.KS, Updated at 2016-09-30
013520.KS, Updated at 2016-09-30
013570.KS, Updated at 2016-09-30
013580.KS, Updated at 2016-09-30
013810.KQ, Updated at 2016-09-30
014100.KQ, Updated at 2016-09-30
014130.KS, Updated at 2016-09-30
014160.KS, Updated at 2016-09-30
014190.KQ, Updated at 2016-09-30
014200.KQ, Updated at 2016-09-30
014280.KS, Updated at 2016-09-30
014470.KQ, Updated at 2016-09-30
014530.KS, Updated at 2016-09-30
014910.KS, Updated at 2016-09-30
014940.KQ, Updated at 2016-09-30
014970.KQ, Updated at 2016-09-30
014990.KS, Updated at 2016-09-30
015020.KS, Updated at 2016-09-30
015230.KS, Updated at 2016-09-30
015260.KS, Updated at 2016-09-30
015350.KS, Updated at 2016-09-30
015360.KS, Updated at 2016-09-30
015590.KS, Updated at 2016-09-30
015750.KQ, Updated at 2016-09-30
015860.KS, Updated at 2016-09-30
015890.KS, Updated at 2016-09-30
016360.KS, Updated at 2016-09-30
016380.KS, Updated at 2016-09-30
016590.KS, Updated at 2016-09-30
016670.KQ, Updated at 2016-09-30
016710.KS, Updated at 2016-09-30
016800.KS, Updated at 2016-09-30
016880.KS, Updated at 2016-09-30
016920.KQ, Updated at 2016-09-30
017510.KQ, Updated at 2016-09-30
017650.KQ, Updated at 2016-09-30
017680.KQ, Updated at 2016-09-30
017800.KS, Updated at 2016-09-30
017810.KS, Updated at 2016-09-30
017900.KS, Updated at 2016-09-30
017940.KS, Updated at 2016-09-30
018000.KQ, Updated at 2016-09-30
018290.KQ, Updated at 2016-09-30
018310.KQ, Updated at 2016-09-30
018500.KS, Updated at 2016-09-30
018620.KQ, Updated at 2016-09-30
018700.KQ, Updated at 2016-09-30
019170.KS, Updated at 2016-09-30
019180.KS, Updated at 2016-09-30
019210.KQ, Updated at 2016-09-30
019440.KS, Updated at 2016-09-30
019490.KS, Updated at 2016-09-30
019540.KQ, Updated at 2016-09-30
019990.KQ, Updated at 2016-09-30
020120.KS, Updated at 2016-09-30
020150.KS, Updated at 2016-09-30
020180.KQ, Updated at 2016-09-30
020400.KQ, Updated at 2016-09-30
020760.KS, Updated at 2016-09-30
021080.KQ, Updated at 2016-09-30
021650.KQ, Updated at 2016-09-30
021820.KS, Updated at 2016-09-30
023000.KS, Updated at 2016-09-30
023160.KQ, Updated at 2016-09-30
023350.KS, Updated at 2016-09-30
023410.KQ, Updated at 2016-09-30
023430.KQ, Updated at 2016-09-30
023440.KQ, Updated at 2016-09-30
023450.KS, Updated at 2016-09-30
023590.KS, Updated at 2016-09-30
023790.KQ, Updated at 2016-09-30
023800.KS, Updated at 2016-09-30
023890.KQ, Updated at 2016-09-30
023960.KS, Updated at 2016-09-30
024090.KS, Updated at 2016-09-30
024120.KQ, Updated at 2016-09-30
024660.KQ, Updated at 2016-09-30
024740.KQ, Updated at 2016-09-30
024800.KQ, Updated at 2016-09-30
024810.KQ, Updated at 2016-09-30
024830.KQ, Updated at 2016-09-30
024850.KQ, Updated at 2016-09-30
024880.KQ, Updated at 2016-09-30
024890.KS, Updated at 2016-09-30
024900.KS, Updated at 2016-09-30
024910.KQ, Updated at 2016-09-30
024940.KQ, Updated at 2016-09-30
025000.KS, Updated at 2016-09-30
025530.KS, Updated at 2016-09-30
025540.KS, Updated at 2016-09-30
025550.KQ, Updated at 2016-09-30
025560.KS, Updated at 2016-09-30
025750.KS, Updated at 2016-09-30
025870.KQ, Updated at 2016-09-30
025890.KS, Updated at 2016-09-30
025950.KQ, Updated at 2016-09-30
026040.KQ, Updated at 2016-09-30
026150.KQ, Updated at 2016-09-30
026180.KQ, Updated at 2016-09-30
026260.KQ, Updated at 2016-09-30
026940.KS, Updated at 2016-09-30
027040.KQ, Updated at 2016-09-30
027050.KQ, Updated at 2016-09-30
027580.KQ, Updated at 2016-09-30
027970.KS, Updated at 2016-09-30
028080.KQ, Updated at 2016-09-30
028100.KS, Updated at 2016-09-30
028670.KS, Updated at 2016-09-30
029460.KS, Updated at 2016-09-30
029480.KQ, Updated at 2016-09-30
029960.KQ, Updated at 2016-09-30
030190.KQ, Updated at 2016-09-30
030350.KQ, Updated at 2016-09-30
030530.KQ, Updated at 2016-09-30
030720.KS, Updated at 2016-09-30
030960.KQ, Updated at 2016-09-30
031430.KS, Updated at 2016-09-30
031510.KQ, Updated at 2016-09-30
031820.KS, Updated at 2016-09-30
031980.KQ, Updated at 2016-09-30
032040.KQ, Updated at 2016-09-30
032190.KQ, Updated at 2016-09-30
032540.KQ, Updated at 2016-09-30
032620.KQ, Updated at 2016-09-30
032750.KQ, Updated at 2016-09-30
032820.KQ, Updated at 2016-09-30
032940.KQ, Updated at 2016-09-30
032980.KQ, Updated at 2016-09-30
033160.KQ, Updated at 2016-09-30
033200.KQ, Updated at 2016-09-30
033240.KS, Updated at 2016-09-30
033250.KS, Updated at 2016-09-30
033310.KQ, Updated at 2016-09-30
033340.KQ, Updated at 2016-09-30
033430.KQ, Updated at 2016-09-30
033500.KQ, Updated at 2016-09-30
033530.KS, Updated at 2016-09-30
033600.KQ, Updated at 2016-09-30
033640.KQ, Updated at 2016-09-30
033830.KQ, Updated at 2016-09-30
033920.KS, Updated at 2016-09-30
034020.KS, Updated at 2016-09-30
034300.KS, Updated at 2016-09-30
034310.KS, Updated at 2016-09-30
034590.KS, Updated at 2016-09-30
034730.KS, Updated at 2016-09-30
03473K.KS, Updated at 2016-09-30
034810.KQ, Updated at 2016-09-30
034940.KQ, Updated at 2016-09-30
034950.KQ, Updated at 2016-09-30
035000.KS, Updated at 2016-09-30
035150.KS, Updated at 2016-09-30
035200.KQ, Updated at 2016-09-30
035290.KQ, Updated at 2016-09-30
035460.KQ, Updated at 2016-09-30
035480.KQ, Updated at 2016-09-30
035600.KQ, Updated at 2016-09-30
035620.KQ, Updated at 2016-09-30
035890.KQ, Updated at 2016-09-30
036030.KQ, Updated at 2016-09-30
036090.KQ, Updated at 2016-09-30
036170.KQ, Updated at 2016-09-30
036200.KQ, Updated at 2016-09-30
036260.KQ, Updated at 2016-09-30
036500.KQ, Updated at 2016-09-30
036580.KS, Updated at 2016-09-30
036620.KQ, Updated at 2016-09-30
036640.KQ, Updated at 2016-09-30
036690.KQ, Updated at 2016-09-30
036800.KQ, Updated at 2016-09-30
036890.KQ, Updated at 2016-09-30
037070.KQ, Updated at 2016-09-30
037230.KQ, Updated at 2016-09-30
037330.KQ, Updated at 2016-09-30
037400.KQ, Updated at 2016-09-30
037440.KQ, Updated at 2016-09-30
037460.KQ, Updated at 2016-09-30
037560.KS, Updated at 2016-09-30
037710.KS, Updated at 2016-09-30
038010.KQ, Updated at 2016-09-30
038060.KQ, Updated at 2016-09-30
038070.KQ, Updated at 2016-09-30
038110.KQ, Updated at 2016-09-30
038290.KQ, Updated at 2016-09-30
038340.KQ, Updated at 2016-09-30
038390.KQ, Updated at 2016-09-30
038460.KQ, Updated at 2016-09-30
038500.KQ, Updated at 2016-09-30
038530.KQ, Updated at 2016-09-30
038540.KQ, Updated at 2016-09-30
038620.KQ, Updated at 2016-09-30
038880.KQ, Updated at 2016-09-30
039020.KQ, Updated at 2016-09-30
039030.KQ, Updated at 2016-09-30
039200.KQ, Updated at 2016-09-30
039230.KQ, Updated at 2016-09-30
039240.KQ, Updated at 2016-09-30
039290.KQ, Updated at 2016-09-30
039420.KQ, Updated at 2016-09-30
039490.KS, Updated at 2016-09-30
039560.KQ, Updated at 2016-09-30
039610.KQ, Updated at 2016-09-30
039740.KQ, Updated at 2016-09-30
040300.KQ, Updated at 2016-09-30
040350.KQ, Updated at 2016-09-30
040610.KQ, Updated at 2016-09-30
041590.KQ, Updated at 2016-09-30
041650.KS, Updated at 2016-09-30
041910.KQ, Updated at 2016-09-30
041930.KQ, Updated at 2016-09-30
041960.KQ, Updated at 2016-09-30
042040.KQ, Updated at 2016-09-30
042370.KQ, Updated at 2016-09-30
042600.KQ, Updated at 2016-09-30
042660.KS, Updated at 2016-09-30
042670.KS, Updated at 2016-09-30
042940.KQ, Updated at 2016-09-30
043090.KQ, Updated at 2016-09-30
043220.KQ, Updated at 2016-09-30
043290.KQ, Updated at 2016-09-30
043340.KQ, Updated at 2016-09-30
043360.KQ, Updated at 2016-09-30
043370.KQ, Updated at 2016-09-30
043580.KQ, Updated at 2016-09-30
043610.KQ, Updated at 2016-09-30
043710.KQ, Updated at 2016-09-30
043910.KQ, Updated at 2016-09-30
044060.KQ, Updated at 2016-09-30
044180.KQ, Updated at 2016-09-30
044340.KQ, Updated at 2016-09-30
044380.KS, Updated at 2016-09-30
044480.KQ, Updated at 2016-09-30
044960.KQ, Updated at 2016-09-30
045060.KQ, Updated at 2016-09-30
045340.KQ, Updated at 2016-09-30
045510.KQ, Updated at 2016-09-30
045520.KQ, Updated at 2016-09-30
045970.KQ, Updated at 2016-09-30
046070.KQ, Updated at 2016-09-30
046110.KQ, Updated at 2016-09-30
046310.KQ, Updated at 2016-09-30
046940.KQ, Updated at 2016-09-30
047040.KS, Updated at 2016-09-30
047080.KQ, Updated at 2016-09-30
047440.KQ, Updated at 2016-09-30
048260.KQ, Updated at 2016-09-30
048430.KQ, Updated at 2016-09-30
048470.KQ, Updated at 2016-09-30
048530.KQ, Updated at 2016-09-30
048870.KQ, Updated at 2016-09-30
048910.KQ, Updated at 2016-09-30
049080.KQ, Updated at 2016-09-30
049120.KQ, Updated at 2016-09-30
049480.KQ, Updated at 2016-09-30
049630.KQ, Updated at 2016-09-30
049720.KQ, Updated at 2016-09-30
049800.KS, Updated at 2016-09-30
050090.KQ, Updated at 2016-09-30
050110.KQ, Updated at 2016-09-30
050120.KQ, Updated at 2016-09-30
050320.KQ, Updated at 2016-09-30
050540.KQ, Updated at 2016-09-30
051160.KQ, Updated at 2016-09-30
051170.KQ, Updated at 2016-09-30
051360.KQ, Updated at 2016-09-30
051380.KQ, Updated at 2016-09-30
051390.KQ, Updated at 2016-09-30
051630.KS, Updated at 2016-09-30
051780.KQ, Updated at 2016-09-30
051980.KQ, Updated at 2016-09-30
052190.KQ, Updated at 2016-09-30
052270.KQ, Updated at 2016-09-30
052290.KQ, Updated at 2016-09-30
052670.KQ, Updated at 2016-09-30
052770.KQ, Updated at 2016-09-30
053060.KQ, Updated at 2016-09-30
053110.KQ, Updated at 2016-09-30
053160.KQ, Updated at 2016-09-30
053260.KQ, Updated at 2016-09-30
053290.KQ, Updated at 2016-09-30
053660.KQ, Updated at 2016-09-30
053690.KS, Updated at 2016-09-30
053950.KQ, Updated at 2016-09-30
053980.KQ, Updated at 2016-09-30
054040.KQ, Updated at 2016-09-30
054090.KQ, Updated at 2016-09-30
054180.KQ, Updated at 2016-09-30
054210.KQ, Updated at 2016-09-30
054300.KQ, Updated at 2016-09-30
054340.KQ, Updated at 2016-09-30
054410.KQ, Updated at 2016-09-30
054780.KQ, Updated at 2016-09-30
054920.KQ, Updated at 2016-09-30
054930.KQ, Updated at 2016-09-30
054940.KQ, Updated at 2016-09-30
054950.KQ, Updated at 2016-09-30
056080.KQ, Updated at 2016-09-30
056700.KQ, Updated at 2016-09-30
056730.KQ, Updated at 2016-09-30
057030.KQ, Updated at 2016-09-30
057540.KQ, Updated at 2016-09-30
058370.KQ, Updated at 2016-09-30
058400.KQ, Updated at 2016-09-30
058420.KQ, Updated at 2016-09-30
058450.KQ, Updated at 2016-09-30
058650.KS, Updated at 2016-09-30
059090.KQ, Updated at 2016-09-30
059120.KQ, Updated at 2016-09-30
060230.KQ, Updated at 2016-09-30
060300.KQ, Updated at 2016-09-30
060370.KQ, Updated at 2016-09-30
060380.KQ, Updated at 2016-09-30
060540.KQ, Updated at 2016-09-30
060560.KQ, Updated at 2016-09-30
060570.KQ, Updated at 2016-09-30
060900.KQ, Updated at 2016-09-30
060910.KQ, Updated at 2016-09-30
061040.KQ, Updated at 2016-09-30
061250.KQ, Updated at 2016-09-30
061460.KQ, Updated at 2016-09-30
062860.KQ, Updated at 2016-09-30
063170.KQ, Updated at 2016-09-30
063570.KQ, Updated at 2016-09-30
064090.KQ, Updated at 2016-09-30
064240.KQ, Updated at 2016-09-30
064290.KQ, Updated at 2016-09-30
064520.KQ, Updated at 2016-09-30
064550.KQ, Updated at 2016-09-30
064800.KQ, Updated at 2016-09-30
065060.KQ, Updated at 2016-09-30
065130.KQ, Updated at 2016-09-30
065160.KQ, Updated at 2016-09-30
065350.KQ, Updated at 2016-09-30
065420.KQ, Updated at 2016-09-30
065530.KQ, Updated at 2016-09-30
065690.KQ, Updated at 2016-09-30
065770.KQ, Updated at 2016-09-30
065940.KQ, Updated at 2016-09-30
065950.KQ, Updated at 2016-09-30
066110.KQ, Updated at 2016-09-30
066270.KQ, Updated at 2016-09-30
066590.KQ, Updated at 2016-09-30
066620.KQ, Updated at 2016-09-30
066670.KQ, Updated at 2016-09-30
066700.KQ, Updated at 2016-09-30
066790.KQ, Updated at 2016-09-30
066900.KQ, Updated at 2016-09-30
066910.KQ, Updated at 2016-09-30
067000.KQ, Updated at 2016-09-30
067080.KQ, Updated at 2016-09-30
067630.KQ, Updated at 2016-09-30
067730.KQ, Updated at 2016-09-30
068050.KQ, Updated at 2016-09-30
068150.KQ, Updated at 2016-09-30
068290.KS, Updated at 2016-09-30
068330.KQ, Updated at 2016-09-30
068400.KS, Updated at 2016-09-30
068760.KQ, Updated at 2016-09-30
069110.KQ, Updated at 2016-09-30
069140.KQ, Updated at 2016-09-30
069330.KQ, Updated at 2016-09-30
069460.KS, Updated at 2016-09-30
069510.KQ, Updated at 2016-09-30
069620.KS, Updated at 2016-09-30
069730.KS, Updated at 2016-09-30
069920.KQ, Updated at 2016-09-30
070300.KQ, Updated at 2016-09-30
070590.KQ, Updated at 2016-09-30
071280.KQ, Updated at 2016-09-30
071840.KS, Updated at 2016-09-30
071970.KS, Updated at 2016-09-30
072130.KS, Updated at 2016-09-30
072470.KQ, Updated at 2016-09-30
072520.KQ, Updated at 2016-09-30
072710.KS, Updated at 2016-09-30
072870.KQ, Updated at 2016-09-30
072950.KQ, Updated at 2016-09-30
073010.KQ, Updated at 2016-09-30
073070.KQ, Updated at 2016-09-30
073240.KS, Updated at 2016-09-30
073490.KQ, Updated at 2016-09-30
073540.KQ, Updated at 2016-09-30
073570.KQ, Updated at 2016-09-30
073640.KQ, Updated at 2016-09-30
074600.KQ, Updated at 2016-09-30
075130.KQ, Updated at 2016-09-30
075180.KS, Updated at 2016-09-30
075580.KS, Updated at 2016-09-30
075970.KQ, Updated at 2016-09-30
076080.KQ, Updated at 2016-09-30
076610.KQ, Updated at 2016-09-30
077280.KQ, Updated at 2016-09-30
077500.KS, Updated at 2016-09-30
077970.KS, Updated at 2016-09-30
078130.KQ, Updated at 2016-09-30
078160.KQ, Updated at 2016-09-30
078350.KQ, Updated at 2016-09-30
078650.KQ, Updated at 2016-09-30
078860.KQ, Updated at 2016-09-30
079000.KQ, Updated at 2016-09-30
079370.KQ, Updated at 2016-09-30
079550.KS, Updated at 2016-09-30
079960.KQ, Updated at 2016-09-30
080000.KQ, Updated at 2016-09-30
080220.KQ, Updated at 2016-09-30
080420.KQ, Updated at 2016-09-30
080440.KQ, Updated at 2016-09-30
080530.KQ, Updated at 2016-09-30
081580.KQ, Updated at 2016-09-30
081660.KS, Updated at 2016-09-30
082270.KQ, Updated at 2016-09-30
082660.KQ, Updated at 2016-09-30
082740.KS, Updated at 2016-09-30
082850.KQ, Updated at 2016-09-30
083350.KS, Updated at 2016-09-30
083360.KS, Updated at 2016-09-30
083380.KS, Updated at 2016-09-30
083390.KS, Updated at 2016-09-30
083420.KS, Updated at 2016-09-30
083450.KQ, Updated at 2016-09-30
083470.KQ, Updated at 2016-09-30
083580.KS, Updated at 2016-09-30
083590.KS, Updated at 2016-09-30
083640.KQ, Updated at 2016-09-30
083790.KQ, Updated at 2016-09-30
084010.KS, Updated at 2016-09-30
084650.KQ, Updated at 2016-09-30
084670.KS, Updated at 2016-09-30
084680.KS, Updated at 2016-09-30
084690.KS, Updated at 2016-09-30
084990.KQ, Updated at 2016-09-30
085310.KS, Updated at 2016-09-30
085670.KQ, Updated at 2016-09-30
086390.KQ, Updated at 2016-09-30
086450.KQ, Updated at 2016-09-30
086830.KQ, Updated at 2016-09-30
086980.KQ, Updated at 2016-09-30
087010.KQ, Updated at 2016-09-30
087220.KQ, Updated at 2016-09-30
087730.KQ, Updated at 2016-09-30
088290.KQ, Updated at 2016-09-30
088790.KS, Updated at 2016-09-30
089010.KQ, Updated at 2016-09-30
089150.KQ, Updated at 2016-09-30
089530.KQ, Updated at 2016-09-30
089590.KS, Updated at 2016-09-30
089850.KQ, Updated at 2016-09-30
090080.KS, Updated at 2016-09-30
090150.KQ, Updated at 2016-09-30
090350.KS, Updated at 2016-09-30
090360.KQ, Updated at 2016-09-30
090370.KS, Updated at 2016-09-30
090410.KQ, Updated at 2016-09-30
090460.KQ, Updated at 2016-09-30
090470.KQ, Updated at 2016-09-30
090730.KQ, Updated at 2016-09-30
090740.KQ, Updated at 2016-09-30
090970.KS, Updated at 2016-09-30
090980.KS, Updated at 2016-09-30
090990.KS, Updated at 2016-09-30
091000.KS, Updated at 2016-09-30
091090.KS, Updated at 2016-09-30
091120.KQ, Updated at 2016-09-30
091340.KQ, Updated at 2016-09-30
091440.KQ, Updated at 2016-09-30
091970.KQ, Updated at 2016-09-30
092070.KQ, Updated at 2016-09-30
092130.KQ, Updated at 2016-09-30
092220.KS, Updated at 2016-09-30
092230.KS, Updated at 2016-09-30
092460.KQ, Updated at 2016-09-30
092870.KQ, Updated at 2016-09-30
093230.KS, Updated at 2016-09-30
093240.KS, Updated at 2016-09-30
093370.KS, Updated at 2016-09-30
094190.KQ, Updated at 2016-09-30
094840.KQ, Updated at 2016-09-30
095190.KQ, Updated at 2016-09-30
095300.KQ, Updated at 2016-09-30
095500.KQ, Updated at 2016-09-30
095700.KQ, Updated at 2016-09-30
095910.KQ, Updated at 2016-09-30
096040.KQ, Updated at 2016-09-30
096350.KQ, Updated at 2016-09-30
096610.KQ, Updated at 2016-09-30
096690.KQ, Updated at 2016-09-30
096760.KS, Updated at 2016-09-30
096870.KQ, Updated at 2016-09-30
097230.KS, Updated at 2016-09-30
097800.KQ, Updated at 2016-09-30
098120.KQ, Updated at 2016-09-30
098660.KQ, Updated at 2016-09-30
099220.KQ, Updated at 2016-09-30
099410.KQ, Updated at 2016-09-30
099660.KQ, Updated at 2016-09-30
099830.KQ, Updated at 2016-09-30
100030.KQ, Updated at 2016-09-30
100090.KQ, Updated at 2016-09-30
100220.KS, Updated at 2016-09-30
101140.KS, Updated at 2016-09-30
101160.KQ, Updated at 2016-09-30
101170.KQ, Updated at 2016-09-30
101330.KQ, Updated at 2016-09-30
101530.KS, Updated at 2016-09-30
101680.KQ, Updated at 2016-09-30
101930.KQ, Updated at 2016-09-30
102120.KQ, Updated at 2016-09-30
102260.KS, Updated at 2016-09-30
102280.KS, Updated at 2016-09-30
102460.KS, Updated at 2016-09-30
102710.KQ, Updated at 2016-09-30
103130.KS, Updated at 2016-09-30
103590.KS, Updated at 2016-09-30
104110.KS, Updated at 2016-09-30
104120.KS, Updated at 2016-09-30
104480.KQ, Updated at 2016-09-30
104540.KQ, Updated at 2016-09-30
104700.KS, Updated at 2016-09-30
104830.KQ, Updated at 2016-09-30
105330.KQ, Updated at 2016-09-30
105550.KQ, Updated at 2016-09-30
105740.KQ, Updated at 2016-09-30
105840.KS, Updated at 2016-09-30
106080.KQ, Updated at 2016-09-30
106520.KQ, Updated at 2016-09-30
107590.KS, Updated at 2016-09-30
108230.KQ, Updated at 2016-09-30
108320.KQ, Updated at 2016-09-30
108380.KQ, Updated at 2016-09-30
109070.KS, Updated at 2016-09-30
109740.KQ, Updated at 2016-09-30
109820.KQ, Updated at 2016-09-30
1101.TW, Updated at 2016-09-30
1102.TW, Updated at 2016-09-30
1102q.L, Updated at 2016-09-30
111820.KQ, Updated at 2016-09-30
111870.KQ, Updated at 2016-09-30
112240.KQ, Updated at 2016-09-30
114450.KQ, Updated at 2016-09-30
114810.KQ, Updated at 2016-09-30
115440.KQ, Updated at 2016-09-30
115480.KQ, Updated at 2016-09-30
115500.KQ, Updated at 2016-09-30
115530.KQ, Updated at 2016-09-30
115610.KQ, Updated at 2016-09-30
117580.KS, Updated at 2016-09-30
117670.KQ, Updated at 2016-09-30
117930.KS, Updated at 2016-09-30
118000.KS, Updated at 2016-09-30
119500.KQ, Updated at 2016-09-30
119650.KS, Updated at 2016-09-30
119830.KQ, Updated at 2016-09-30
119860.KQ, Updated at 2016-09-30
120030.KS, Updated at 2016-09-30
120240.KQ, Updated at 2016-09-30
121440.KQ, Updated at 2016-09-30
121800.KQ, Updated at 2016-09-30
121850.KQ, Updated at 2016-09-30
122350.KQ, Updated at 2016-09-30
122640.KQ, Updated at 2016-09-30
122690.KQ, Updated at 2016-09-30
122800.KQ, Updated at 2016-09-30
123010.KQ, Updated at 2016-09-30
123100.KQ, Updated at 2016-09-30
123260.KQ, Updated at 2016-09-30
123410.KQ, Updated at 2016-09-30
123570.KQ, Updated at 2016-09-30
123700.KS, Updated at 2016-09-30
123860.KQ, Updated at 2016-09-30
124500.KQ, Updated at 2016-09-30
1258.TWO, Updated at 2016-09-30
126640.KQ, Updated at 2016-09-30
126870.KQ, Updated at 2016-09-30
126880.KQ, Updated at 2016-09-30
128660.KQ, Updated at 2016-09-30
128820.KS, Updated at 2016-09-30
129260.KS, Updated at 2016-09-30
1304.TW, Updated at 2016-09-30
130500.KQ, Updated at 2016-09-30
1308.TW, Updated at 2016-09-30
131090.KQ, Updated at 2016-09-30
131100.KQ, Updated at 2016-09-30
131180.KQ, Updated at 2016-09-30
131220.KQ, Updated at 2016-09-30
131290.KQ, Updated at 2016-09-30
1319.TW, Updated at 2016-09-30
133750.KQ, Updated at 2016-09-30
133820.KS, Updated at 2016-09-30
1340.TW, Updated at 2016-09-30
134580.KQ, Updated at 2016-09-30
134790.KS, Updated at 2016-09-30
136510.KQ, Updated at 2016-09-30
138360.KQ, Updated at 2016-09-30
138610.KQ, Updated at 2016-09-30
139130.KS, Updated at 2016-09-30
139200.KS, Updated at 2016-09-30
139670.KQ, Updated at 2016-09-30
140410.KQ, Updated at 2016-09-30
140520.KQ, Updated at 2016-09-30
1408.T, Updated at 2016-09-30
140860.KQ, Updated at 2016-09-30
1409.TW, Updated at 2016-09-30
140910.KS, Updated at 2016-09-30
141000.KQ, Updated at 2016-09-30
141070.KQ, Updated at 2016-09-30
1419.TW, Updated at 2016-09-30
1423.TW, Updated at 2016-09-30
142760.KQ, Updated at 2016-09-30
143540.KQ, Updated at 2016-09-30
144620.KS, Updated at 2016-09-30
1449.TW, Updated at 2016-09-30
145210.KS, Updated at 2016-09-30
1453.TW, Updated at 2016-09-30
1456.TW, Updated at 2016-09-30
145990.KS, Updated at 2016-09-30
1470.TW, Updated at 2016-09-30
149980.KQ, Updated at 2016-09-30
150840.KQ, Updated at 2016-09-30
150900.KQ, Updated at 2016-09-30
1517.TW, Updated at 2016-09-30
151860.KQ, Updated at 2016-09-30
151910.KQ, Updated at 2016-09-30
152330.KS, Updated at 2016-09-30
153360.KS, Updated at 2016-09-30
153460.KQ, Updated at 2016-09-30
153490.KQ, Updated at 2016-09-30
154040.KQ, Updated at 2016-09-30
155650.KQ, Updated at 2016-09-30
1558.TW, Updated at 2016-09-30
155900.KS, Updated at 2016-09-30
155960.KQ, Updated at 2016-09-30
1595.TWO, Updated at 2016-09-30
159580.KQ, Updated at 2016-09-30
159650.KS, Updated at 2016-09-30
160550.KQ, Updated at 2016-09-30
160600.KQ, Updated at 2016-09-30
161000.KS, Updated at 2016-09-30
161570.KQ, Updated at 2016-09-30
163560.KS, Updated at 2016-09-30
1702.TW, Updated at 2016-09-30
1707.TW, Updated at 2016-09-30
170790.KQ, Updated at 2016-09-30
1709.TW, Updated at 2016-09-30
170900.KS, Updated at 2016-09-30
171010.KQ, Updated at 2016-09-30
1711.T, Updated at 2016-09-30
1712.TW, Updated at 2016-09-30
1716.T, Updated at 2016-09-30
172580.KS, Updated at 2016-09-30
1729.TW, Updated at 2016-09-30
174880.KQ, Updated at 2016-09-30
175140.KQ, Updated at 2016-09-30
1783.T, Updated at 2016-09-30
1787.TWO, Updated at 2016-09-30
1789.T, Updated at 2016-09-30
1789.TW, Updated at 2016-09-30
180400.KQ, Updated at 2016-09-30
180640.KS, Updated at 2016-09-30
1817.TW, Updated at 2016-09-30
1822.T, Updated at 2016-09-30
182400.KQ, Updated at 2016-09-30
185490.KQ, Updated at 2016-09-30
187270.KQ, Updated at 2016-09-30
189690.KQ, Updated at 2016-09-30
1905.TW, Updated at 2016-09-30
191420.KQ, Updated at 2016-09-30
192250.KQ, Updated at 2016-09-30
192390.KQ, Updated at 2016-09-30
192400.KS, Updated at 2016-09-30
194480.KQ, Updated at 2016-09-30
194610.KQ, Updated at 2016-09-30
196170.KQ, Updated at 2016-09-30
196450.KQ, Updated at 2016-09-30
1971.T, Updated at 2016-09-30
1992.T, Updated at 2016-09-30
1999.FU, Updated at 2016-09-30
1AT.WA, Updated at 2016-09-30
200230.KQ, Updated at 2016-09-30
200710.KQ, Updated at 2016-09-30
200880.KS, Updated at 2016-09-30
2018.HK, Updated at 2016-09-30
2022.TW, Updated at 2016-09-30
2031.TW, Updated at 2016-09-30
204630.KQ, Updated at 2016-09-30
208350.KQ, Updated at 2016-09-30
208640.KQ, Updated at 2016-09-30
208710.KQ, Updated at 2016-09-30
208860.KQ, Updated at 2016-09-30
210540.KS, Updated at 2016-09-30
2107.TW, Updated at 2016-09-30
212560.KQ, Updated at 2016-09-30
2134.T, Updated at 2016-09-30
214180.KQ, Updated at 2016-09-30
2144.T, Updated at 2016-09-30
214450.KQ, Updated at 2016-09-30
214680.KQ, Updated at 2016-09-30
214870.KQ, Updated at 2016-09-30
215000.KQ, Updated at 2016-09-30
215100.KQ, Updated at 2016-09-30
215200.KQ, Updated at 2016-09-30
215360.KQ, Updated at 2016-09-30
2158.T, Updated at 2016-09-30
2162.T, Updated at 2016-09-30
2170.T, Updated at 2016-09-30
217190.KQ, Updated at 2016-09-30
2174.T, Updated at 2016-09-30
2176.T, Updated at 2016-09-30
217730.KQ, Updated at 2016-09-30
218150.KQ, Updated at 2016-09-30
2206.TW, Updated at 2016-09-30
221610.KQ, Updated at 2016-09-30
2224.T, Updated at 2016-09-30
222810.KQ, Updated at 2016-09-30
2231.TW, Updated at 2016-09-30
223310.KQ, Updated at 2016-09-30
2236.TW, Updated at 2016-09-30
224060.KQ, Updated at 2016-09-30
224110.KQ, Updated at 2016-09-30
225530.KQ, Updated at 2016-09-30
225650.KQ, Updated at 2016-09-30
226350.KQ, Updated at 2016-09-30
227840.KS, Updated at 2016-09-30
2286.T, Updated at 2016-09-30
230240.KQ, Updated at 2016-09-30
230360.KQ, Updated at 2016-09-30
2323.TW, Updated at 2016-09-30
2327.TW, Updated at 2016-09-30
2329.T, Updated at 2016-09-30
2330.T, Updated at 2016-09-30
2331.TW, Updated at 2016-09-30
2345.TW, Updated at 2016-09-30
2349.TW, Updated at 2016-09-30
2352.TW, Updated at 2016-09-30
2355.TW, Updated at 2016-09-30
2357.TW, Updated at 2016-09-30
236200.KQ, Updated at 2016-09-30
2367.TW, Updated at 2016-09-30
2368.TW, Updated at 2016-09-30
2380.TW, Updated at 2016-09-30
2384.T, Updated at 2016-09-30
2385.TW, Updated at 2016-09-30
2388.T, Updated at 2016-09-30
2395.T, Updated at 2016-09-30
2406.TW, Updated at 2016-09-30
2410.T, Updated at 2016-09-30
2417.TW, Updated at 2016-09-30
2453.T, Updated at 2016-09-30
2454.TW, Updated at 2016-09-30
2467.NG, Updated at 2016-09-30
2472.TW, Updated at 2016-09-30
2481.TW, Updated at 2016-09-30
2487.T, Updated at 2016-09-30
2498.T, Updated at 2016-09-30
2506.TW, Updated at 2016-09-30
2538.T, Updated at 2016-09-30
2586.T, Updated at 2016-09-30
2614.TW, Updated at 2016-09-30
2637.TW, Updated at 2016-09-30
2652.T, Updated at 2016-09-30
2654.T, Updated at 2016-09-30
2673.T, Updated at 2016-09-30
2694.T, Updated at 2016-09-30
2721.T, Updated at 2016-09-30
2723.TW, Updated at 2016-09-30
2820.T, Updated at 2016-09-30
2911.TW, Updated at 2016-09-30
2916.T, Updated at 2016-09-30
2GO.PS, Updated at 2016-09-30
3006.TW, Updated at 2016-09-30
3020.T, Updated at 2016-09-30
3033.TW, Updated at 2016-09-30
3040.T, Updated at 2016-09-30
3041.T, Updated at 2016-09-30
3042.TW, Updated at 2016-09-30
3047.FU, Updated at 2016-09-30
3050.TW, Updated at 2016-09-30
3060.TW, Updated at 2016-09-30
3096.T, Updated at 2016-09-30
3136.SP, Updated at 2016-09-30
3140.T, Updated at 2016-09-30
3150.T, Updated at 2016-09-30
3184.T, Updated at 2016-09-30
3187.T, Updated at 2016-09-30
3196.T, Updated at 2016-09-30
3204.T, Updated at 2016-09-30
3209.TW, Updated at 2016-09-30
3223.T, Updated at 2016-09-30
3224.T, Updated at 2016-09-30
3237.T, Updated at 2016-09-30
3240q.L, Updated at 2016-09-30
3276.T, Updated at 2016-09-30
3277.T, Updated at 2016-09-30
3288.T, Updated at 2016-09-30
3291.T, Updated at 2016-09-30
3293.T, Updated at 2016-09-30
3300.T, Updated at 2016-09-30
3303.TWO, Updated at 2016-09-30
3323.T, Updated at 2016-09-30
3338.TW, Updated at 2016-09-30
3350.T, Updated at 2016-09-30
3359.T, Updated at 2016-09-30
3372.T, Updated at 2016-09-30
3428.TWO, Updated at 2016-09-30
3442.NG, Updated at 2016-09-30
3445.T, Updated at 2016-09-30
3461.T, Updated at 2016-09-30
3492.TWO, Updated at 2016-09-30
3521.T, Updated at 2016-09-30
3528.TW, Updated at 2016-09-30
3535.TW, Updated at 2016-09-30
3579.TW, Updated at 2016-09-30
3587.TWO, Updated at 2016-09-30
3593.TW, Updated at 2016-09-30
3638.HK, Updated at 2016-09-30
3661.T, Updated at 2016-09-30
3671.T, Updated at 2016-09-30
3675.T, Updated at 2016-09-30
3677.T, Updated at 2016-09-30
3691.T, Updated at 2016-09-30
3691.TWO, Updated at 2016-09-30
3694.T, Updated at 2016-09-30
3694.TW, Updated at 2016-09-30
3734.T, Updated at 2016-09-30
3739.NG, Updated at 2016-09-30
3742.T, Updated at 2016-09-30
3754.T, Updated at 2016-09-30
3772.T, Updated at 2016-09-30
3807.T, Updated at 2016-09-30
3813.HK, Updated at 2016-09-30
3830.NG, Updated at 2016-09-30
3840.T, Updated at 2016-09-30
3856.T, Updated at 2016-09-30
3858.T, Updated at 2016-09-30
3865.T, Updated at 2016-09-30
3902.T, Updated at 2016-09-30
3904.T, Updated at 2016-09-30
3909.T, Updated at 2016-09-30
3920.T, Updated at 2016-09-30
3925.T, Updated at 2016-09-30
3927.T, Updated at 2016-09-30
3928.T, Updated at 2016-09-30
3932.T, Updated at 2016-09-30
3U9.BB, Updated at 2016-09-30
4047.T, Updated at 2016-09-30
4082.T, Updated at 2016-09-30
4107.TWO, Updated at 2016-09-30
4116.TWO, Updated at 2016-09-30
4120.TWO, Updated at 2016-09-30
4131.TWO, Updated at 2016-09-30
4138.TWO, Updated at 2016-09-30
4141.TW, Updated at 2016-09-30
4147.TWO, Updated at 2016-09-30
4162.TWO, Updated at 2016-09-30
4234.T, Updated at 2016-09-30
4266q.BE, Updated at 2016-09-30
4301.T, Updated at 2016-09-30
4346.T, Updated at 2016-09-30
4401.TWO, Updated at 2016-09-30
4402.TWO, Updated at 2016-09-30
4406.T, Updated at 2016-09-30
4416.TWO, Updated at 2016-09-30
4536.TW, Updated at 2016-09-30
4542.TWO, Updated at 2016-09-30
4653.T, Updated at 2016-09-30
4748.T, Updated at 2016-09-30
4754.T, Updated at 2016-09-30
4766.T, Updated at 2016-09-30
4958.TW, Updated at 2016-09-30
4960.TW, Updated at 2016-09-30
4978.T, Updated at 2016-09-30
4997.T, Updated at 2016-09-30
5015.TWO, Updated at 2016-09-30
5103.T, Updated at 2016-09-30
5105.T, Updated at 2016-09-30
5201.TWO, Updated at 2016-09-30
5216.T, Updated at 2016-09-30
5251.TWO, Updated at 2016-09-30
5263.TWO, Updated at 2016-09-30
5282.T, Updated at 2016-09-30
52E.BB, Updated at 2016-09-30
5304.T, Updated at 2016-09-30
5324.TWO, Updated at 2016-09-30
5381.T, Updated at 2016-09-30
5443.TWO, Updated at 2016-09-30
5455.TWO, Updated at 2016-09-30
5465.TWO, Updated at 2016-09-30
5483.TWO, Updated at 2016-09-30
5514.TWO, Updated at 2016-09-30
5516.TWO, Updated at 2016-09-30
5521.TW, Updated at 2016-09-30
5522.TW, Updated at 2016-09-30
5538.TW, Updated at 2016-09-30
5610.T, Updated at 2016-09-30
5904.TWO, Updated at 2016-09-30
5918.T, Updated at 2016-09-30
5935.T, Updated at 2016-09-30
5941.T, Updated at 2016-09-30
5965.T, Updated at 2016-09-30
6033.T, Updated at 2016-09-30
6054.T, Updated at 2016-09-30
6063.T, Updated at 2016-09-30
6069.T, Updated at 2016-09-30
6084.T, Updated at 2016-09-30
6085.T, Updated at 2016-09-30
6096.T, Updated at 2016-09-30
6109.TWO, Updated at 2016-09-30
6117.TW, Updated at 2016-09-30
6125.T, Updated at 2016-09-30
6143.T, Updated at 2016-09-30
6152.TW, Updated at 2016-09-30
6172.TW, Updated at 2016-09-30
6176.T, Updated at 2016-09-30
6187.T, Updated at 2016-09-30
6190.T, Updated at 2016-09-30
6191.T, Updated at 2016-09-30
6198.T, Updated at 2016-09-30
6210.TWO, Updated at 2016-09-30
6214.TW, Updated at 2016-09-30
6266.T, Updated at 2016-09-30
6271.TW, Updated at 2016-09-30
6275.TWO, Updated at 2016-09-30
6284.T, Updated at 2016-09-30
6319.T, Updated at 2016-09-30
6334.T, Updated at 2016-09-30
6343.T, Updated at 2016-09-30
6362.T, Updated at 2016-09-30
6369.T, Updated at 2016-09-30
6373.T, Updated at 2016-09-30
6378.T, Updated at 2016-09-30
6396.T, Updated at 2016-09-30
6409.T, Updated at 2016-09-30
6415.TW, Updated at 2016-09-30
6424.T, Updated at 2016-09-30
6426.TWO, Updated at 2016-09-30
6433.T, Updated at 2016-09-30
6446.TWO, Updated at 2016-09-30
6462.T, Updated at 2016-09-30
6486.TWO, Updated at 2016-09-30
6488.TWO, Updated at 2016-09-30
6502.T, Updated at 2016-09-30
6531.T, Updated at 2016-09-30
6538.TWO, Updated at 2016-09-30
6552.TWO, Updated at 2016-09-30
6616.T, Updated at 2016-09-30
6637.T, Updated at 2016-09-30
6658.T, Updated at 2016-09-30
6677.T, Updated at 2016-09-30
6731.T, Updated at 2016-09-30
6839.T, Updated at 2016-09-30
6871.T, Updated at 2016-09-30
6901.T, Updated at 2016-09-30
7167.T, Updated at 2016-09-30
7180.T, Updated at 2016-09-30
7181.T, Updated at 2016-09-30
7182.T, Updated at 2016-09-30
7254.T, Updated at 2016-09-30
7456.T, Updated at 2016-09-30
7462.T, Updated at 2016-09-30
7502.T, Updated at 2016-09-30
7555.T, Updated at 2016-09-30
7585.T, Updated at 2016-09-30
7707.T, Updated at 2016-09-30
7726.T, Updated at 2016-09-30
7744.T, Updated at 2016-09-30
7760.T, Updated at 2016-09-30
7776.T, Updated at 2016-09-30
7779.T, Updated at 2016-09-30
7781.T, Updated at 2016-09-30
7815.T, Updated at 2016-09-30
7834.T, Updated at 2016-09-30
7872.T, Updated at 2016-09-30
7903.NG, Updated at 2016-09-30
8001.HK, Updated at 2016-09-30
8019.HK, Updated at 2016-09-30
8030.HK, Updated at 2016-09-30
8048.HK, Updated at 2016-09-30
8054.TWO, Updated at 2016-09-30
8063.HK, Updated at 2016-09-30
8064.TWO, Updated at 2016-09-30
8072.T, Updated at 2016-09-30
8076.TWO, Updated at 2016-09-30
8080.TWO, Updated at 2016-09-30
8103.HK, Updated at 2016-09-30
8104.SP, Updated at 2016-09-30
8109.HK, Updated at 2016-09-30
8121.HK, Updated at 2016-09-30
8121.TWO, Updated at 2016-09-30
8126.HK, Updated at 2016-09-30
8130.HK, Updated at 2016-09-30
8131.TW, Updated at 2016-09-30
8137.HK, Updated at 2016-09-30
8150.HK, Updated at 2016-09-30
8155.TWO, Updated at 2016-09-30
8166.HK, Updated at 2016-09-30
8178.HK, Updated at 2016-09-30
8190.HK, Updated at 2016-09-30
8193.HK, Updated at 2016-09-30
8202.T, Updated at 2016-09-30
8205.HK, Updated at 2016-09-30
8220.HK, Updated at 2016-09-30
8229.HK, Updated at 2016-09-30
8230.HK, Updated at 2016-09-30
8245.HK, Updated at 2016-09-30
8261.HK, Updated at 2016-09-30
8266.HK, Updated at 2016-09-30
8269.HK, Updated at 2016-09-30
8306.T, Updated at 2016-09-30
8309.T, Updated at 2016-09-30
8316.T, Updated at 2016-09-30
8338.T, Updated at 2016-09-30
8360.T, Updated at 2016-09-30
8361.HK, Updated at 2016-09-30
8370.T, Updated at 2016-09-30
8423.TWO, Updated at 2016-09-30
8515.T, Updated at 2016-09-30
8529.T, Updated at 2016-09-30
8543.T, Updated at 2016-09-30
8600.T, Updated at 2016-09-30
8705.T, Updated at 2016-09-30
8714.T, Updated at 2016-09-30
8729.T, Updated at 2016-09-30
8737.T, Updated at 2016-09-30
8747.T, Updated at 2016-09-30
8750.T, Updated at 2016-09-30
8789.T, Updated at 2016-09-30
8876.T, Updated at 2016-09-30
8885.T, Updated at 2016-09-30
8905.TWO, Updated at 2016-09-30
8912.T, Updated at 2016-09-30
8926.TW, Updated at 2016-09-30
9087.T, Updated at 2016-09-30
9318.T, Updated at 2016-09-30
9399.T, Updated at 2016-09-30
9407.FU, Updated at 2016-09-30
9408.T, Updated at 2016-09-30
9417.T, Updated at 2016-09-30
9418.T, Updated at 2016-09-30
9432.T, Updated at 2016-09-30
9470.T, Updated at 2016-09-30
9517.T, Updated at 2016-09-30
9624.T, Updated at 2016-09-30
9664.NG, Updated at 2016-09-30
9675.T, Updated at 2016-09-30
9760.T, Updated at 2016-09-30
9776.T, Updated at 2016-09-30
9820.T, Updated at 2016-09-30
9885.T, Updated at 2016-09-30
9905.TW, Updated at 2016-09-30
9910.TW, Updated at 2016-09-30
9918.TW, Updated at 2016-09-30
9962.TWO, Updated at 2016-09-30
9973.T, Updated at 2016-09-30
A2.MI, Updated at 2016-09-30
AAME.O, Updated at 2016-09-30
AAP, Updated at 2016-10-08
AAPC.O, Updated at 2016-09-30
ABBA.JK, Updated at 2016-09-30
ABEO.O, Updated at 2016-09-30
ABEP.WA, Updated at 2016-09-30
ABIO.O, Updated at 2016-09-30
ABRD.CA, Updated at 2016-09-30
ABUK.CA, Updated at 2016-09-30
AC.PS, Updated at 2016-09-30
ACD.TO, Updated at 2016-09-30
ACGP.WA, Updated at 2016-09-30
ACM, Updated at 2016-09-30
ACUR.O, Updated at 2016-09-30
ADB.MI, Updated at 2016-09-30
ADDVa.ST, Updated at 2016-09-30
ADDVb.ST, Updated at 2016-09-30
ADLG.DE, Updated at 2016-09-30
ADMG.JK, Updated at 2016-09-30
ADMP.O, Updated at 2016-09-30
ADPC.CA, Updated at 2016-09-30
AETI.O, Updated at 2016-09-30
AFCO.K, Updated at 2016-09-30
AFRE.TA, Updated at 2016-09-30
AGI.PS, Updated at 2016-09-30
AIMS.JK, Updated at 2016-09-30
AIMT.O, Updated at 2016-09-30
AKER.O, Updated at 2016-09-30
AKH.LM, Updated at 2016-09-30
AKLCI.RTS, Updated at 2016-09-30
ALDX.O, Updated at 2016-09-30
ALHEOy.PA, Updated at 2016-09-30
ALI.WA, Updated at 2016-09-30
ALKE.NS, Updated at 2016-09-30
ALL1.WA, Updated at 2016-09-30
ALMA.WA, Updated at 2016-09-30
ALMI.JK, Updated at 2016-09-30
ALRGR.PA, Updated at 2016-09-30
ALRM.O, Updated at 2016-09-30
AMCP.WA, Updated at 2016-09-30
AMFL.KL, Updated at 2016-09-30
AMTR.BO, Updated at 2016-09-30
AP.PS, Updated at 2016-09-30
APC.PS, Updated at 2016-09-30
APVO.O, Updated at 2016-09-30
ARBN.NS, Updated at 2016-09-30
ARGS.O, Updated at 2016-09-30
ARL, Updated at 2016-09-30
ARRP.WA, Updated at 2016-09-30
ASMG.WA, Updated at 2016-09-30
ASPA.SI, Updated at 2016-09-30
AST, Updated at 2016-09-30
ASUR.O, Updated at 2016-09-30
ATGP.WA, Updated at 2016-09-30
ATL.TO, Updated at 2016-09-30
ATOP.WA, Updated at 2016-09-30
ATOS.O, Updated at 2016-09-30
ATP.WA, Updated at 2016-09-30
AUTO.CA, Updated at 2016-09-30
AVNW.O, Updated at 2016-09-30
AVTE.DE, Updated at 2016-09-30
AXN, Updated at 2016-09-30
AXSM.O, Updated at 2016-09-30
BAA.TO, Updated at 2016-09-30
BAD.TO, Updated at 2016-09-30
BADP.WA, Updated at 2016-09-30
BAMN.NS, Updated at 2016-09-30
BANE.MM, Updated at 2016-09-30
BAUH4.SA, Updated at 2016-09-30
BBD.WA, Updated at 2016-09-30
BCLI.O, Updated at 2016-09-30
BDR, Updated at 2016-09-30
BDRX11.SA, Updated at 2016-09-30
BEKS.JK, Updated at 2016-09-30
BENT.BO, Updated at 2016-09-30
BETR.K, Updated at 2016-09-30
BHAC.O, Updated at 2016-09-30
BHACU.O, Updated at 2016-09-30
BIC.CN, Updated at 2016-09-30
BIKA.JK, Updated at 2016-09-30
BIOHI.RTS, Updated at 2016-09-30
BIPP.JK, Updated at 2016-09-30
BITTI.HE, Updated at 2016-09-30
BKDP.JK, Updated at 2016-09-30
BKI.BK, Updated at 2016-09-30
BKIf.BK, Updated at 2016-09-30
BKIn.BK, Updated at 2016-09-30
BLD.TO, Updated at 2016-09-30
BLTP.WA, Updated at 2016-09-30
BNBA.JK, Updated at 2016-09-30
BNBR3.SA, Updated at 2016-09-30
BORG.ST, Updated at 2016-09-30
BRE.TO, Updated at 2016-09-30
BRM.V, Updated at 2016-09-30
BRN.PS, Updated at 2016-09-30
BRNA.JK, Updated at 2016-09-30
BTOW3.SA, Updated at 2016-09-30
BU.TO, Updated at 2016-09-30
BUDI.JK, Updated at 2016-09-30
BUMI.SI, Updated at 2016-09-30
BVC.CN, Updated at 2016-09-30
BVMF3.SA, Updated at 2016-09-30
BVN, Updated at 2016-09-30
BYGG.OL, Updated at 2016-09-30
CA.PS, Updated at 2016-09-30
CAD.MI, Updated at 2016-09-30
CADC.O, Updated at 2016-09-30
CALI.O, Updated at 2016-09-30
CAPN.O, Updated at 2016-09-30
CAPR.O, Updated at 2016-09-30
CARV.O, Updated at 2016-09-30
CAS.TO, Updated at 2016-09-30
CASI.O, Updated at 2016-09-30
CBG.BK, Updated at 2016-09-30
CBGf.BK, Updated at 2016-09-30
CBGn.BK, Updated at 2016-09-30
CBLI.O, Updated at 2016-09-30
CBMA3.SA, Updated at 2016-09-30
CBMA4.SA, Updated at 2016-09-30
CCCR.O, Updated at 2016-09-30
CCN.O, Updated at 2016-09-30
CDH.TO, Updated at 2016-09-30
CDLP.WA, Updated at 2016-09-30
CDR.WA, Updated at 2016-09-30
CEAT.NS, Updated at 2016-09-30
CEED3.SA, Updated at 2016-09-30
CEED4.SA, Updated at 2016-09-30
CEL.LM, Updated at 2016-09-30
CELP3.SA, Updated at 2016-09-30
CELP5.SA, Updated at 2016-09-30
CELP6.SA, Updated at 2016-09-30
CELP7.SA, Updated at 2016-09-30
CEMI.MI, Updated at 2016-09-30
CET.TO, Updated at 2016-09-30
CEVG.DE, Updated at 2016-09-30
CEWL.SI, Updated at 2016-09-30
CFI.LM, Updated at 2016-09-30
CFY.V, Updated at 2016-09-30
CGA, Updated at 2016-09-30
CHCI.O, Updated at 2016-09-30
CHKR.K, Updated at 2016-09-30
CHSA.WA, Updated at 2016-09-30
CHT, Updated at 2016-09-30
CIB, Updated at 2016-09-30
CIDM.O, Updated at 2016-09-30
CIEB.CA, Updated at 2016-09-30
CIG, Updated at 2016-09-30
CIG.WA, Updated at 2016-09-30
CIGc, Updated at 2016-09-30
CIN.LM, Updated at 2016-09-30
CITA.JK, Updated at 2016-09-30
CKE.TO, Updated at 2016-09-30
CKRA.JK, Updated at 2016-09-30
CLDP.WA, Updated at 2016-09-30
CLIR.O, Updated at 2016-09-30
CLNT.O, Updated at 2016-09-30
CLSD.O, Updated at 2016-09-30
CMDG.SI, Updated at 2016-09-30
CMIG3.SA, Updated at 2016-09-30
CMIG4.SA, Updated at 2016-09-30
CMPP.JK, Updated at 2016-09-30
CNG.WA, Updated at 2016-09-30
CORM.BO, Updated at 2016-09-30
CORR3.SA, Updated at 2016-09-30
CORR4.SA, Updated at 2016-09-30
COYN.O, Updated at 2016-09-30
CPHI.K, Updated at 2016-09-30
CPNRFu.BK, Updated at 2016-09-30
CPS.WA, Updated at 2016-09-30
CPV.PS, Updated at 2016-09-30
CPVB.PS, Updated at 2016-09-30
CQVh.V, Updated at 2016-08-31
CRADb.ST, Updated at 2016-09-30
CRT.LM, Updated at 2016-09-30
CRTi.LM, Updated at 2016-09-30
CSAB3.SA, Updated at 2016-09-30
CSAB4.SA, Updated at 2016-09-30
CSAL.O, Updated at 2016-09-30
CSMG3.SA, Updated at 2016-09-30
CSRP.WA, Updated at 2016-09-30
CTBK.NS, Updated at 2016-09-30
CTIB.O, Updated at 2016-09-30
CTRV.O, Updated at 2016-09-30
CTTH.JK, Updated at 2016-09-30
CYB.TO, Updated at 2016-09-30
CYCC.O, Updated at 2016-09-30
CZT.WA, Updated at 2016-09-30
DAJK.JK, Updated at 2016-09-30
DBD, Updated at 2016-09-30
DCR.WA, Updated at 2016-09-30
DELP.WA, Updated at 2016-09-30
DEQGn.DE, Updated at 2016-09-30
DEVi.LM, Updated at 2016-09-30
DFBG.O, Updated at 2016-09-30
DGA.WA, Updated at 2016-09-30
DGSE.K, Updated at 2016-09-30
DICM.KL, Updated at 2016-09-30
DNO.OL, Updated at 2016-09-30
DOMS.PA, Updated at 2016-09-30
DPA.AS, Updated at 2016-09-30
DRAL.TA, Updated at 2016-09-30
DRG_u.TO, Updated at 2016-09-30
DRP.WA, Updated at 2016-09-30
DSS, Updated at 2016-09-30
DUBA.DU, Updated at 2016-09-30
DVBG.F, Updated at 2016-09-30
DWP.PA, Updated at 2016-09-30
DXPE.O, Updated at 2016-09-30
DYNT.O, Updated at 2016-09-30
DYW.WA, Updated at 2016-09-30
DZRD.MM, Updated at 2016-09-30
EAm.BK, Updated at 2016-09-30
EAmn.BK, Updated at 2016-09-30
EBIO.O, Updated at 2016-09-30
EBX.WA, Updated at 2016-09-30
ECAC.O, Updated at 2016-09-30
ECACU.O, Updated at 2016-09-30
EDII.MI, Updated at 2016-09-30
EEB.CN, Updated at 2016-09-30
EEI.PS, Updated at 2016-09-30
EEX.WA, Updated at 2016-09-30
EFK.WA, Updated at 2016-09-30
EFOI.O, Updated at 2016-09-30
EGBE.CA, Updated at 2016-09-30
EIUD.CA, Updated at 2016-09-30
EKAD.JK, Updated at 2016-09-30
EKO.OL, Updated at 2016-09-30
ELSTI.RTS, Updated at 2016-09-30
EMBI.MI, Updated at 2016-09-30
ENGC.CA, Updated at 2016-09-30
ENGI11.SA, Updated at 2016-09-30
ENGI3.SA, Updated at 2016-09-30
ENGI4.SA, Updated at 2016-09-30
ENRJ.K, Updated at 2016-09-30
ENVI.BR, Updated at 2016-09-30
EPCO.CA, Updated at 2016-09-30
EQTL3.SA, Updated at 2016-09-30
ERB.WA, Updated at 2016-09-30
ERD.TO, Updated at 2016-09-30
ERF.TO, Updated at 2016-09-30
ERMT.PA, Updated at 2016-09-30
ERS.O, Updated at 2016-09-30
ESES.O, Updated at 2016-09-30
ETAK.K, Updated at 2016-09-30
EURTL.WA, Updated at 2016-09-30
EVER.PS, Updated at 2016-09-30
EVI, Updated at 2016-09-30
EVK.O, Updated at 2016-09-30
EXA.LM, Updated at 2016-09-30
EXAi.LM, Updated at 2016-09-30
FAGB.NS, Updated at 2016-09-30
FARE.SI, Updated at 2016-09-30
FCI.AD, Updated at 2016-09-30
FCLP.WA, Updated at 2016-09-30
FDA.MI, Updated at 2016-09-30
FES.O, Updated at 2016-09-30
FGBI.O, Updated at 2016-09-30
FISH.JK, Updated at 2016-09-30
FLML.O, Updated at 2016-09-30
FMF.WA, Updated at 2016-09-30
FNMI.MI, Updated at 2016-09-30
FON.WA, Updated at 2016-09-30
FOR.WA, Updated at 2016-09-30
FORU.JK, Updated at 2016-09-30
FPP, Updated at 2016-09-30
FRIO3.SA, Updated at 2016-09-30
FRTA3.SA, Updated at 2016-09-30
FRU.DE, Updated at 2016-09-30
FRX.TO, Updated at 2016-09-30
FSG.WA, Updated at 2016-09-30
FSI, Updated at 2016-09-30
FSNN.O, Updated at 2016-09-30
FVT.TA, Updated at 2016-09-30
GABI.MI, Updated at 2016-09-30
GARS.O, Updated at 2016-09-30
GBSN.O, Updated at 2016-09-30
GEO.TO, Updated at 2016-09-30
GEUP.WA, Updated at 2016-09-30
GEVO.O, Updated at 2016-09-30
GFKG.DE, Updated at 2016-09-30
GFMh.V, Updated at 2016-09-30
GFPT.BK, Updated at 2016-09-30
GFPTf.BK, Updated at 2016-09-30
GFPTn.BK, Updated at 2016-09-30
GLOBAL.BK, Updated at 2016-09-30
GLOBALf.BK, Updated at 2016-09-30
GLOBALn.BK, Updated at 2016-09-30
GLOi.LM, Updated at 2016-09-30
GNRT.K, Updated at 2016-09-30
GOCL.NS, Updated at 2016-09-30
GOLD.SI, Updated at 2016-09-30
GOLTS.IS, Updated at 2016-09-30
GPAR3.SA, Updated at 2016-09-30
GPCP3.SA, Updated at 2016-09-30
GREEN.PS, Updated at 2016-09-30
GRIC.NFF, Updated at 2016-09-30
GRLP.WA, Updated at 2016-09-30
GSC1n.DE, Updated at 2016-09-30
GSHP3.SA, Updated at 2016-09-30
GSM.O, Updated at 2016-09-30
GURE.O, Updated at 2016-09-30
GUSGR.IS, Updated at 2016-09-30
GVP, Updated at 2016-09-30
GWRS.O, Updated at 2016-09-30
HANW.SI, Updated at 2016-09-30
HANZA.ST, Updated at 2016-09-30
HBTS5.SA, Updated at 2016-09-30
HEB, Updated at 2016-09-30
HEO.V, Updated at 2016-09-30
HERIG.PA, Updated at 2016-09-30
HIS.MC, Updated at 2016-09-30
HK, Updated at 2016-09-30
HLAG.DE, Updated at 2016-09-30
HLI, Updated at 2016-09-30
HLIB.KL, Updated at 2016-09-30
HMG, Updated at 2016-09-30
HMSD.NS, Updated at 2016-09-30
HOEJa.CO, Updated at 2016-09-30
HOEJb.CO, Updated at 2016-09-30
HOP.PA, Updated at 2016-09-30
HOTL.JK, Updated at 2016-09-30
HOTP.WA, Updated at 2016-09-30
HPS.WA, Updated at 2016-09-30
HRMN.O, Updated at 2016-09-30
HRMNU.O, Updated at 2016-09-30
HRPP.WA, Updated at 2016-09-30
HRSP.WA, Updated at 2016-09-30
HSEN.SI, Updated at 2016-09-30
HTGM.O, Updated at 2016-09-30
HZM.L, Updated at 2016-09-30
IBH.V, Updated at 2016-09-30
ICON.JK, Updated at 2016-09-30
IDVL3.SA, Updated at 2016-09-30
IDVL4.SA, Updated at 2016-09-30
IFCP.WA, Updated at 2016-09-30
IGS.MI, Updated at 2016-09-30
III.TO, Updated at 2016-09-30
IIN.O, Updated at 2016-09-30
IMMY.O, Updated at 2016-09-30
IMPP.WA, Updated at 2016-09-30
INAa.LM, Updated at 2016-09-30
INAI.JK, Updated at 2016-09-30
INCP.WA, Updated at 2016-09-30
INDP.WA, Updated at 2016-09-30
INDX.JK, Updated at 2016-09-30
INK.WA, Updated at 2016-09-30
INR.LM, Updated at 2016-09-30
INTE.SI, Updated at 2016-09-30
INTUCH.BK, Updated at 2016-09-30
INTUCHf.BK, Updated at 2016-09-30
INTUCHn.BK, Updated at 2016-09-30
INTX.O, Updated at 2016-09-30
INVI.LM, Updated at 2016-09-30
IOT, Updated at 2016-09-30
IPDN.O, Updated at 2016-09-30
IPM.PS, Updated at 2016-09-30
IPOL.JK, Updated at 2016-09-30
IRS, Updated at 2016-09-30
IURG.F, Updated at 2016-09-30
IVT.LM, Updated at 2016-09-30
IZEA.O, Updated at 2016-09-30
JAGX.O, Updated at 2016-09-30
JASP.SI, Updated at 2016-09-30
JBOG.PA, Updated at 2016-09-30
JFC.PS, Updated at 2016-09-30
JNP.O, Updated at 2016-09-30
JTPE.JK, Updated at 2016-09-30
JTPY.O, Updated at 2016-09-30
KBD.WA, Updated at 2016-09-30
KER.TO, Updated at 2016-09-30
KFFB.O, Updated at 2016-09-30
KGJI.O, Updated at 2016-09-30
KIN.WA, Updated at 2016-09-30
KOA.OL, Updated at 2016-09-30
KONE.KL, Updated at 2016-09-30
KONYA.IS, Updated at 2016-09-30
KRCP.WA, Updated at 2016-09-30
KSRM.NS, Updated at 2016-09-30
KSWP.WA, Updated at 2016-09-30
KZPC.CA, Updated at 2016-09-30
LAM.AX, Updated at 2016-09-30
LAM.TO, Updated at 2016-09-30
LCAHU.O, Updated at 2016-09-30
LCCP.WA, Updated at 2016-09-30
LEI, Updated at 2016-09-30
LENP.WA, Updated at 2016-09-30
LETP.WA, Updated at 2016-09-30
LIFE.O, Updated at 2016-09-30
LIME.O, Updated at 2016-09-30
LINK.OL, Updated at 2016-09-30
LIT.MI, Updated at 2016-09-30
LMFA.O, Updated at 2016-09-30
LMPI.JK, Updated at 2016-09-30
LPKG.DE, Updated at 2016-09-30
LPLI.JK, Updated at 2016-09-30
LPPP.WA, Updated at 2016-09-30
LPTH.O, Updated at 2016-09-30
LRQ.WA, Updated at 2016-09-30
LTEL3B.SO, Updated at 2016-09-30
LUC.TO, Updated at 2016-09-30
LUG.WA, Updated at 2016-09-30
LUPA3.SA, Updated at 2016-09-30
LUZ.LM, Updated at 2016-09-30
MAHN.NS, Updated at 2016-09-30
MAL.TO, Updated at 2016-09-30
MAMI.JK, Updated at 2016-09-30
MARA.O, Updated at 2016-09-30
MARK.O, Updated at 2016-09-30
MATN.O, Updated at 2016-09-30
MAX.TO, Updated at 2016-09-30
MAXG.DE, Updated at 2016-09-30
MAXI.SI, Updated at 2016-09-30
MAY.TO, Updated at 2016-09-30
MBII.O, Updated at 2016-09-30
MBR.WA, Updated at 2016-09-30
MBWS.PA, Updated at 2016-09-30
MDG.WA, Updated at 2016-09-30
MDGL.O, Updated at 2016-09-30
MDL.V, Updated at 2016-09-30
MDLY.K, Updated at 2016-09-30
MDSY.O, Updated at 2016-09-30
MEAL3.SA, Updated at 2016-09-30
MERA.WA, Updated at 2016-09-30
METH.AD, Updated at 2016-09-30
MFIN.PS, Updated at 2016-09-30
MFO.WA, Updated at 2016-09-30
MHOT.CA, Updated at 2016-09-30
MICT.O, Updated at 2016-09-30
MIPO.PA, Updated at 2016-09-30
MIR.WA, Updated at 2016-09-30
MLK.WA, Updated at 2016-09-30
MLPG.DE, Updated at 2016-09-30
MMM.TO, Updated at 2016-09-30
MMXM3.SA, Updated at 2016-09-30
MNGA.O, Updated at 2016-09-30
MOJ.WA, Updated at 2016-09-30
MOL.MI, Updated at 2016-09-30
MOMP.WA, Updated at 2016-09-30
MPII.KL, Updated at 2016-09-30
MP_pd, Updated at 2016-09-30
MSPA3.SA, Updated at 2016-09-30
MSPA4.SA, Updated at 2016-09-30
MSWP.WA, Updated at 2016-09-30
MSZ.WA, Updated at 2016-09-30
MTCM.MI, Updated at 2016-09-30
MVIRb.ST, Updated at 2016-09-30
MWC.PS, Updated at 2016-09-30
MWE.TO, Updated at 2016-09-30
MWEE.L, Updated at 2016-09-30
MYOS.O, Updated at 2016-09-30
MZA.WA, Updated at 2016-09-30
MZB.MI, Updated at 2016-09-30
NATP.NS, Updated at 2016-09-30
NATU.PA, Updated at 2016-09-30
NCT.WA, Updated at 2016-09-30
NCU.TO, Updated at 2016-09-30
NETAS.IS, Updated at 2016-09-30
NETE.O, Updated at 2016-09-30
NFEC.O, Updated at 2016-09-30
NIHD.O, Updated at 2016-09-30
NILS.ST, Updated at 2016-09-30
NNVC.K, Updated at 2016-09-30
NORRI.RTS, Updated at 2016-09-30
NPK, Updated at 2016-10-02
NSEC.O, Updated at 2016-09-30
NSPR.K, Updated at 2016-09-30
NTWK.O, Updated at 2016-09-30
NUHCM.IS, Updated at 2016-09-30
NUX.V, Updated at 2016-09-30
NVA.TO, Updated at 2016-09-30
NVFY.O, Updated at 2016-09-30
NXG.V, Updated at 2016-09-30
NXTD.O, Updated at 2016-09-30
NYS.BR, Updated at 2016-09-30
OBCI.O, Updated at 2016-09-30
OEXP.WA, Updated at 2016-09-30
OFED.O, Updated at 2016-09-30
OFSA3.SA, Updated at 2016-09-30
OFSA3S.SA, Updated at 2016-09-30
OFSA3T.SA, Updated at 2016-09-30
OGEN.K, Updated at 2016-09-30
OILP.WA, Updated at 2016-09-30
OLAM.SI, Updated at 2016-09-30
ONTX.O, Updated at 2016-09-30
OPHC.O, Updated at 2016-09-30
OPXA.O, Updated at 2016-09-30
ORRE.NS, Updated at 2016-09-30
ORTE.NS, Updated at 2016-09-30
OSKV.KL, Updated at 2016-09-30
OTSL.WA, Updated at 2016-09-30
OVT.V, Updated at 2016-09-30
OXBR.O, Updated at 2016-09-30
PA8G.DE, Updated at 2016-09-30
PAAC.O, Updated at 2016-09-30
PAACU.O, Updated at 2016-09-30
PAR, Updated at 2016-09-30
PAR.LM, Updated at 2016-09-30
PARC3.SA, Updated at 2016-09-30
PARC3S.SA, Updated at 2016-09-30
PARC3T.SA, Updated at 2016-09-30
PAT.WA, Updated at 2016-09-30
PBBG.DE, Updated at 2016-09-30
PBBI.O, Updated at 2016-09-30
PBDTI.RTS, Updated at 2016-09-30
PBGG.WA, Updated at 2016-09-30
PBHC.O, Updated at 2016-09-30
PCRE.MI, Updated at 2016-09-30
PDB.AS, Updated at 2016-09-30
PDQ.V, Updated at 2016-09-30
PER.TO, Updated at 2016-09-30
PFSW.O, Updated at 2016-09-30
PG.TO, Updated at 2016-09-30
PGMP.WA, Updated at 2016-09-30
PHMD.O, Updated at 2016-09-30
PHN.PS, Updated at 2016-09-30
PHN.WA, Updated at 2016-09-30
PIH.O, Updated at 2016-09-30
PIH.TO, Updated at 2016-09-30
PLSE.O, Updated at 2016-09-30
PLTP.WA, Updated at 2016-09-30
PMOX.DE, Updated at 2016-09-30
PMPP.WA, Updated at 2016-09-30
PNDP.WA, Updated at 2016-09-30
PNNI.MI, Updated at 2016-09-30
PNRG.O, Updated at 2016-09-30
PNSE.JK, Updated at 2016-09-30
POLI.MI, Updated at 2016-09-30
PONS.NS, Updated at 2016-09-30
POST.VI, Updated at 2016-09-30
POW.TO, Updated at 2016-09-30
PPSI.O, Updated at 2016-09-30
PRAD.NS, Updated at 2016-09-30
PRAS.JK, Updated at 2016-09-30
PRBC4.SA, Updated at 2016-09-30
PREA.WA, Updated at 2016-09-30
PRK.TO, Updated at 2016-09-30
PRTE.WA, Updated at 2016-09-30
PRYM.WA, Updated at 2016-09-30
PTN, Updated at 2016-09-30
PTSN.JK, Updated at 2016-09-30
PUEP.WA, Updated at 2016-09-30
PUR.TO, Updated at 2016-09-30
PW, Updated at 2016-09-30
PWXP.WA, Updated at 2016-09-30
PZA.TO, Updated at 2016-09-30
PZE, Updated at 2016-09-30
QIC.AD, Updated at 2016-09-30
QPAC.O, Updated at 2016-09-30
QPACU.O, Updated at 2016-09-30
QSCG.DE, Updated at 2016-09-30
QUI.LM, Updated at 2016-09-30
QUIi.LM, Updated at 2016-09-30
RATCH.BK, Updated at 2016-09-30
RATCHf.BK, Updated at 2016-09-30
RATCHn.BK, Updated at 2016-09-30
RATI.MI, Updated at 2016-09-30
RBCP.WA, Updated at 2016-09-30
RCON.O, Updated at 2016-09-30
RDG.WA, Updated at 2016-09-30
RDNEI.RTS, Updated at 2016-09-30
RELV.O, Updated at 2016-09-30
REXI.SI, Updated at 2016-09-30
RHIV.VI, Updated at 2016-09-30
RLENq.L, Updated at 2016-09-30
RLIN.NS, Updated at 2016-09-30
RLXO.NS, Updated at 2016-09-30
ROG.V, Updated at 2016-09-30
ROVI.MC, Updated at 2016-09-30
RRHI.PS, Updated at 2016-09-30
RSO, Updated at 2016-09-30
RVP, Updated at 2016-09-30
RWEG.DE, Updated at 2016-09-30
RWM.PS, Updated at 2016-09-30
S4AG.DE, Updated at 2016-09-30
SAHB.KL, Updated at 2016-09-30
SAIB.CA, Updated at 2016-09-30
SAPJ.J, Updated at 2016-09-30
SBSA.O, Updated at 2016-09-30
SCC.PS, Updated at 2016-09-30
SCIB.ST, Updated at 2016-09-30
SEDU3.SA, Updated at 2016-09-30
SEDU3T.SA, Updated at 2016-09-30
SELEC.IS, Updated at 2016-09-30
SELF.O, Updated at 2016-09-30
SELP.WA, Updated at 2016-09-30
SEN.TO, Updated at 2016-09-30
SERIT.MI, Updated at 2016-09-30
SESA.WA, Updated at 2016-09-30
SET.WA, Updated at 2016-09-30
SEY.L, Updated at 2016-09-30
SFD.TO, Updated at 2016-09-30
SFI.PS, Updated at 2016-09-30
SFLD.SI, Updated at 2016-09-30
SFSA4.SA, Updated at 2016-09-30
SGCG.DE, Updated at 2016-09-30
SGQ.TO, Updated at 2016-09-30
SHNG.PS, Updated at 2016-09-30
SHSP.O, Updated at 2016-09-30
SIEB.O, Updated at 2016-09-30
SIMA.JK, Updated at 2016-09-30
SINO.O, Updated at 2016-09-30
SITO.O, Updated at 2016-09-30
SKLP.WA, Updated at 2016-09-30
SKN.WA, Updated at 2016-09-30
SLCT.O, Updated at 2016-09-30
SLP.O, Updated at 2016-08-31
SLVX.SI, Updated at 2016-09-30
SM.PS, Updated at 2016-09-30
SMDM.JK, Updated at 2016-09-30
SMDR.JK, Updated at 2016-09-30
SMFR.CA, Updated at 2016-09-30
SNDX.O, Updated at 2016-09-30
SNFC.CA, Updated at 2016-09-30
SNFCA.O, Updated at 2016-09-30
SNP.BK, Updated at 2016-09-30
SNPf.BK, Updated at 2016-09-30
SNPn.BK, Updated at 2016-09-30
SNW.WA, Updated at 2016-09-30
SOLP.WA, Updated at 2016-09-30
SORL.O, Updated at 2016-09-30
SPEX.O, Updated at 2016-09-30
SPM.PS, Updated at 2016-09-30
SPPI.O, Updated at 2016-09-30
SRB.L, Updated at 2016-09-30
SRFL.NS, Updated at 2016-09-30
SSKN.O, Updated at 2016-09-30
SSN, Updated at 2016-09-30
STDY.O, Updated at 2016-09-30
STG.MC, Updated at 2016-09-30
STKS.O, Updated at 2016-09-30
STORYb.ST, Updated at 2016-09-30
STT.V, Updated at 2016-09-30
SURG.DE, Updated at 2016-09-30
SUZL.NS, Updated at 2016-09-30
SVT, Updated at 2016-09-30
SWG.WA, Updated at 2016-09-30
SYMC.BK, Updated at 2016-09-30
SYMCn.BK, Updated at 2016-09-30
SYNC.O, Updated at 2016-09-30
TAS.MI, Updated at 2016-09-30
TBIO.O, Updated at 2016-09-30
TC1n.DE, Updated at 2016-09-30
TCI, Updated at 2016-09-30
TCW.TO, Updated at 2016-09-30
TEL.PS, Updated at 2016-09-30
TFI.MI, Updated at 2016-09-30
TGC, Updated at 2016-09-30
TGYM.MI, Updated at 2016-09-30
THST.O, Updated at 2016-09-30
TIPCO.BK, Updated at 2016-09-30
TIPCOf.BK, Updated at 2016-09-30
TIPCOn.BK, Updated at 2016-09-30
TISC.NS, Updated at 2016-09-30
TISCq.L, Updated at 2016-09-30
TLSP.WA, Updated at 2016-09-30
TNL.BK, Updated at 2016-09-30
TNLf.BK, Updated at 2016-09-30
TNLn.BK, Updated at 2016-09-30
TOSP.WA, Updated at 2016-09-30
TPZ.MC, Updated at 2016-09-30
TRAM.JK, Updated at 2016-09-30
TRIP.WA, Updated at 2016-09-30
TRNP.WA, Updated at 2016-09-30
TRT, Updated at 2016-09-30
TRTO.CA, Updated at 2016-09-30
TSGP.WA, Updated at 2016-09-30
TV.TO, Updated at 2016-09-30
TWER.O, Updated at 2016-09-30
TZEPI.RTS, Updated at 2016-09-30
U.BK, Updated at 2016-09-30
U2K.WA, Updated at 2016-09-30
UAMY.K, Updated at 2016-09-30
UBP.PS, Updated at 2016-09-30
UEGC.CA, Updated at 2016-09-30
Uf.BK, Updated at 2016-09-30
ULM.WA, Updated at 2016-09-30
Un.BK, Updated at 2016-09-30
UNIC.JK, Updated at 2016-09-30
UNIP.CA, Updated at 2016-09-30
UNIS.O, Updated at 2016-09-30
UNS.AX, Updated at 2016-09-30
UTES.SI, Updated at 2016-09-30
V.PS, Updated at 2016-09-30
V6CG.DE, Updated at 2016-09-30
VBFC.O, Updated at 2016-09-30
VFF.TO, Updated at 2016-09-30
VGOP.WA, Updated at 2016-09-30
VINP.WA, Updated at 2016-09-30
VIVE.O, Updated at 2016-09-30
VIVR3.SA, Updated at 2016-09-30
VLGGI.RTS, Updated at 2016-09-30
VLL.PS, Updated at 2016-09-30
VOT.WA, Updated at 2016-09-30
VRAY.O, Updated at 2016-09-30
VTBR.MM, Updated at 2016-09-30
VTBRq.L, Updated at 2016-09-30
VTL.WA, Updated at 2016-09-30
WALC.NS, Updated at 2016-09-30
WASP.WA, Updated at 2016-09-30
WATA.AD, Updated at 2016-09-30
WAX.WA, Updated at 2016-09-30
WDPP.BR, Updated at 2016-09-30
WGA, Updated at 2016-09-30
WHLM.O, Updated at 2016-09-30
WICO.JK, Updated at 2016-09-30
WIK.WA, Updated at 2016-09-30
WISP.WA, Updated at 2016-09-30
WKHS.O, Updated at 2016-09-30
WLTP.WA, Updated at 2016-09-30
WPSL.SI, Updated at 2016-09-30
WSTP.WA, Updated at 2016-09-30
XELB.O, Updated at 2016-09-30
YOD.O, Updated at 2016-09-30
ZBRA.JK, Updated at 2016-09-30
ZEEP.WA, Updated at 2016-09-30
ZKOMI.RTS, Updated at 2016-09-30
ZMT.WA, Updated at 2016-09-30
ZOES.K, Updated at 2016-10-03
ZURN.S, Updated at 2016-09-30
ZV.MI, Updated at 2016-09-30
ZYNE.O, Updated at 2016-09-30
