000080.KS
000080.KS
000080.KS
000080.KS
000080.KS
000080.KS
000080.KS
000080.KS
000080.KS
000080.KS
000120.KS
000120.KS
000120.KS
000120.KS
000120.KS
000120.KS
000120.KS
000120.KS
000120.KS
000120.KS
000120.KS
000120.KS
000120.KS
000120.KS
000120.KS
000120.KS
000120.KS
000120.KS
000120.KS
000210.KS
000210.KS
000210.KS
000210.KS
000210.KS
000210.KS
000210.KS
000210.KS
000210.KS
000210.KS
000210.KS
000210.KS
000210.KS
000210.KS
000210.KS
000210.KS
000210.KS
000210.KS
000210.KS
000210.KS
000210.KS
000210.KS
000270.KS
000270.KS
000270.KS
000270.KS
000270.KS
000270.KS
000270.KS
000270.KS
000270.KS
000270.KS
000270.KS
000270.KS
000270.KS
000270.KS
000270.KS
000270.KS
000270.KS
000270.KS
000270.KS
000270.KS
000390.KS
000390.KS
000390.KS
000390.KS
000390.KS
000390.KS
000390.KS
000390.KS
000390.KS
000390.KS
000390.KS
000390.KS
000390.KS
000390.KS
000390.KS
000390.KS
000390.KS
000390.KS
000390.KS
000390.KS
000390.KS
000390.KS
000390.KS
000553.SZ
000553.SZ
000553.SZ
000660.KS
000660.KS
000660.KS
000660.KS
000660.KS
000660.KS
000660.KS
000660.KS
000660.KS
000660.KS
000660.KS
000660.KS
000660.KS
000660.KS
000660.KS
000660.KS
000660.KS
000660.KS
000660.KS
000660.KS
000720.KS
000720.KS
000720.KS
000720.KS
000720.KS
000720.KS
000720.KS
000720.KS
000720.KS
000720.KS
000720.KS
000720.KS
000720.KS
000720.KS
000720.KS
000720.KS
000720.KS
000720.KS
000720.KS
000810.KS
000850.KS
000850.KS
000850.KS
000850.KS
000850.KS
000880.KS
000880.KS
000880.KS
000880.KS
000880.KS
000880.KS
000880.KS
000880.KS
000880.KS
000880.KS
000880.KS
000880.KS
000880.KS
000880.KS
000880.KS
000880.KS
000880.KS
000880.KS
000880.KS
001120.KS
001120.KS
001120.KS
001120.KS
001120.KS
001120.KS
001120.KS
001120.KS
001120.KS
001120.KS
001120.KS
001120.KS
001120.KS
001120.KS
001120.KS
001120.KS
001120.KS
001120.KS
001120.KS
001120.KS
001230.KS
001230.KS
001230.KS
001230.KS
001230.KS
001230.KS
001230.KS
001230.KS
001230.KS
001230.KS
001230.KS
001230.KS
001230.KS
001230.KS
001230.KS
001230.KS
001230.KS
001230.KS
001230.KS
001230.KS
001250.KS
001250.KS
001250.KS
001250.KS
001250.KS
001250.KS
001250.KS
001250.KS
001250.KS
001250.KS
001250.KS
001250.KS
001250.KS
001250.KS
001250.KS
001250.KS
001250.KS
001250.KS
001250.KS
001250.KS
001390.KS
001390.KS
001390.KS
001390.KS
001390.KS
001390.KS
001390.KS
001390.KS
001390.KS
001390.KS
001430.KS
001430.KS
001430.KS
001430.KS
001430.KS
001430.KS
001430.KS
001430.KS
001430.KS
001430.KS
001430.KS
001430.KS
001430.KS
001430.KS
001430.KS
001430.KS
001430.KS
001430.KS
001450.KS
001560.KS
001560.KS
001560.KS
001560.KS
001560.KS
001560.KS
001560.KS
001740.KS
001740.KS
001740.KS
001740.KS
001740.KS
001740.KS
001740.KS
001740.KS
001740.KS
001740.KS
001740.KS
001740.KS
001740.KS
001740.KS
001740.KS
001740.KS
001740.KS
001740.KS
001740.KS
001740.KS
001740.KS
001880.KS
001880.KS
001880.KS
001880.KS
001880.KS
001880.KS
001880.KS
001880.KS
001880.KS
001880.KS
001880.KS
001880.KS
001880.KS
001880.KS
001880.KS
001880.KS
001880.KS
001880.KS
002163.SZ
002163.SZ
002163.SZ
002163.SZ
002240.SZ
002240.SZ
002240.SZ
002350.KS
002350.KS
002350.KS
002350.KS
002350.KS
002350.KS
002350.KS
002350.KS
002350.KS
002350.KS
002350.KS
002350.KS
002350.KS
002350.KS
002350.KS
002350.KS
002350.KS
002350.KS
002350.KS
002380.KS
002380.KS
002380.KS
002380.KS
002380.KS
002380.KS
002380.KS
002380.KS
002380.KS
002380.KS
002380.KS
002380.KS
002380.KS
002380.KS
002380.KS
002380.KS
002380.KS
002380.KS
002533.SZ
002533.SZ
002533.SZ
002607.SZ
002607.SZ
002607.SZ
002607.SZ
002790.KS
002790.KS
002790.KS
002790.KS
002790.KS
002790.KS
002790.KS
002790.KS
002790.KS
002790.KS
002790.KS
002790.KS
002790.KS
002790.KS
002790.KS
002790.KS
002790.KS
002790.KS
002790.KS
002790.KS
002990.KS
002990.KS
002990.KS
002990.KS
002990.KS
002990.KS
002990.KS
002990.KS
002990.KS
002990.KS
002990.KS
002990.KS
002990.KS
002990.KS
002990.KS
002990.KS
002990.KS
002990.KS
002990.KS
002990.KS
003060.KS
003070.KS
003070.KS
003070.KS
003070.KS
003070.KS
003070.KS
003070.KS
003070.KS
003070.KS
003070.KS
003070.KS
003070.KS
003070.KS
003070.KS
003070.KS
003070.KS
003070.KS
003070.KS
003070.KS
003220.KS
003220.KS
003220.KS
003220.KS
003220.KS
003280.KS
003280.KS
003280.KS
003280.KS
003280.KS
003280.KS
003280.KS
003280.KS
003280.KS
003280.KS
003280.KS
003280.KS
003280.KS
003280.KS
003280.KS
003280.KS
003280.KS
003280.KS
003280.KS
003410.KS
003410.KS
003520.KS
003520.KS
003520.KS
003520.KS
003520.KS
003520.KS
003520.KS
003520.KS
003520.KS
003520.KS
003520.KS
003520.KS
003520.KS
003520.KS
003520.KS
003520.KS
003520.KS
003520.KS
003560.KS
003560.KS
003560.KS
003560.KS
003560.KS
003560.KS
003560.KS
003560.KS
003560.KS
003560.KS
003560.KS
003560.KS
003560.KS
003560.KS
003560.KS
003560.KS
003560.KS
003560.KS
003620.KS
003620.KS
003620.KS
003620.KS
003620.KS
003620.KS
003620.KS
003620.KS
003620.KS
003620.KS
003620.KS
003620.KS
003620.KS
003620.KS
003620.KS
003620.KS
003620.KS
003650.KS
003650.KS
003650.KS
003650.KS
003650.KS
003670.KQ
003670.KQ
003670.KQ
003670.KQ
003670.KQ
003670.KQ
003670.KQ
003670.KQ
003670.KQ
003670.KQ
003670.KQ
003670.KQ
003670.KQ
003670.KQ
003670.KQ
003670.KQ
003670.KQ
003670.KQ
003670.KQ
003850.KS
003850.KS
003850.KS
003850.KS
003850.KS
003850.KS
003850.KS
003850.KS
003850.KS
003850.KS
003850.KS
003850.KS
003850.KS
003850.KS
003850.KS
003850.KS
003850.KS
003850.KS
003850.KS
004000.KS
004000.KS
004000.KS
004000.KS
004000.KS
004000.KS
004000.KS
004000.KS
004000.KS
004000.KS
004000.KS
004000.KS
004000.KS
004000.KS
004000.KS
004000.KS
004000.KS
004000.KS
004000.KS
004020.KS
004020.KS
004020.KS
004020.KS
004020.KS
004020.KS
004020.KS
004020.KS
004020.KS
004020.KS
004020.KS
004020.KS
004020.KS
004020.KS
004020.KS
004020.KS
004020.KS
004020.KS
004020.KS
004090.KS
004090.KS
004090.KS
004090.KS
004090.KS
004200.KS
004200.KS
004200.KS
004200.KS
004200.KS
004200.KS
004200.KS
004200.KS
004200.KS
004200.KS
004200.KS
004200.KS
004200.KS
004200.KS
004200.KS
004200.KS
004200.KS
004200.KS
004430.KS
004430.KS
004430.KS
004430.KS
004430.KS
004430.KS
004430.KS
004430.KS
004430.KS
004430.KS
004430.KS
004430.KS
004430.KS
004430.KS
004430.KS
004430.KS
004430.KS
004430.KS
004430.KS
004430.KS
004430.KS
004430.KS
004430.KS
004430.KS
004440.KS
004440.KS
004440.KS
004440.KS
004440.KS
004440.KS
004440.KS
004440.KS
004440.KS
004440.KS
004440.KS
004440.KS
004440.KS
004440.KS
004440.KS
004440.KS
004440.KS
004800.KS
004800.KS
004800.KS
004800.KS
004800.KS
004800.KS
004800.KS
004800.KS
004800.KS
004800.KS
004800.KS
004800.KS
004800.KS
004800.KS
004800.KS
004800.KS
004800.KS
004800.KS
004800.KS
005360.KS
005360.KS
005360.KS
005360.KS
005360.KS
005360.KS
005360.KS
005360.KS
005360.KS
005360.KS
005360.KS
005360.KS
005360.KS
005360.KS
005360.KS
005360.KS
005360.KS
005360.KS
005360.KS
005380.KS
005380.KS
005380.KS
005380.KS
005380.KS
005380.KS
005380.KS
005380.KS
005380.KS
005380.KS
005380.KS
005380.KS
005380.KS
005380.KS
005380.KS
005380.KS
005380.KS
005380.KS
005380.KS
005380.KS
005430.KS
005430.KS
005430.KS
005430.KS
005430.KS
005430.KS
005430.KS
005430.KS
005430.KS
005430.KS
005430.KS
005430.KS
005430.KS
005430.KS
005430.KS
005430.KS
005430.KS
005430.KS
005430.KS
005490.KS
005490.KS
005490.KS
005490.KS
005490.KS
005490.KS
005490.KS
005490.KS
005490.KS
005490.KS
005490.KS
005490.KS
005490.KS
005490.KS
005490.KS
005490.KS
005490.KS
005490.KS
005490.KS
005500.KS
005500.KS
005500.KS
005500.KS
005500.KS
005500.KS
005500.KS
005500.KS
005500.KS
005500.KS
005500.KS
005500.KS
005500.KS
005500.KS
005500.KS
005500.KS
005500.KS
005860.KQ
005860.KQ
005860.KQ
005860.KQ
005860.KQ
005860.KQ
005860.KQ
005860.KQ
005860.KQ
005860.KQ
005860.KQ
005860.KQ
005860.KQ
005860.KQ
005860.KQ
005860.KQ
005860.KQ
005860.KQ
005860.KQ
005930.KS
005930.KS
005930.KS
005930.KS
005930.KS
005930.KS
005930.KS
005930.KS
005930.KS
005930.KS
005930.KS
005930.KS
005930.KS
005930.KS
005930.KS
005930.KS
005930.KS
005930.KS
005930.KS
005930.KS
005930.KS
005930.KS
005930.KS
005930.KS
005930.KS
005950.KS
005950.KS
005950.KS
005950.KS
005950.KS
005950.KS
005950.KS
005950.KS
005950.KS
005950.KS
005950.KS
005950.KS
005950.KS
005950.KS
005950.KS
005950.KS
005950.KS
005950.KS
005950.KS
005950.KS
006040.KS
006120.KS
006120.KS
006120.KS
006120.KS
006120.KS
006280.KS
006280.KS
006280.KS
006280.KS
006280.KS
006280.KS
006280.KS
006280.KS
006280.KS
006280.KS
006280.KS
006280.KS
006280.KS
006280.KS
006280.KS
006280.KS
006280.KS
006280.KS
006340.KS
006340.KS
006340.KS
006340.KS
006340.KS
006340.KS
006340.KS
006340.KS
006360.KS
006360.KS
006360.KS
006360.KS
006360.KS
006360.KS
006360.KS
006360.KS
006360.KS
006360.KS
006360.KS
006360.KS
006360.KS
006360.KS
006360.KS
006360.KS
006360.KS
006360.KS
006360.KS
006360.KS
006400.KS
006400.KS
006400.KS
006400.KS
006400.KS
006400.KS
006400.KS
006400.KS
006400.KS
006400.KS
006400.KS
006400.KS
006400.KS
006400.KS
006400.KS
006400.KS
006400.KS
006400.KS
006400.KS
006400.KS
007570.KS
007570.KS
007570.KS
007570.KS
007570.KS
007570.KS
007570.KS
007570.KS
007570.KS
007570.KS
007570.KS
007570.KS
007570.KS
007570.KS
007570.KS
007570.KS
007570.KS
007570.KS
007570.KS
007690.KS
007690.KS
007690.KS
007690.KS
007690.KS
007690.KS
007690.KS
007690.KS
007690.KS
007690.KS
007690.KS
007690.KS
007690.KS
007690.KS
007690.KS
007690.KS
007690.KS
007690.KS
007690.KS
008110.KS
008110.KS
008110.KS
008110.KS
008110.KS
008110.KS
008260.KS
008260.KS
008260.KS
008260.KS
008260.KS
008260.KS
008260.KS
008260.KS
008260.KS
008260.KS
008260.KS
008260.KS
008260.KS
008260.KS
008260.KS
008260.KS
008260.KS
008260.KS
008260.KS
008600.KS
008600.KS
008600.KS
008600.KS
008600.KS
008600.KS
008600.KS
008600.KS
008600.KS
008600.KS
008600.KS
008600.KS
008600.KS
008600.KS
008600.KS
008600.KS
008600.KS
008600.KS
008600.KS
008770.KS
008770.KS
008770.KS
008770.KS
008770.KS
008770.KS
008770.KS
008770.KS
008770.KS
008770.KS
008770.KS
008770.KS
008770.KS
008770.KS
008770.KS
008770.KS
008770.KS
008770.KS
008930.KS
008930.KS
008930.KS
008930.KS
008930.KS
008930.KS
008930.KS
008930.KS
008930.KS
008930.KS
008930.KS
008930.KS
008930.KS
008930.KS
008930.KS
008930.KS
008930.KS
008930.KS
009150.KS
009150.KS
009150.KS
009150.KS
009150.KS
009150.KS
009150.KS
009150.KS
009150.KS
009150.KS
009150.KS
009150.KS
009150.KS
009150.KS
009150.KS
009150.KS
009150.KS
009150.KS
009270.KS
009270.KS
009270.KS
009270.KS
009270.KS
009270.KS
009310.KS
009310.KS
009310.KS
009310.KS
009310.KS
009310.KS
009310.KS
009310.KS
009310.KS
009450.KS
009450.KS
009450.KS
009450.KS
009450.KS
009540.KS
009540.KS
009540.KS
009540.KS
009540.KS
009540.KS
009540.KS
009540.KS
009540.KS
009540.KS
009540.KS
009540.KS
009540.KS
009540.KS
009540.KS
009540.KS
009540.KS
009540.KS
009540.KS
009540.KS
009540.KS
009540.KS
009540.KS
009830.KS
009830.KS
009830.KS
009830.KS
009830.KS
009830.KS
009830.KS
009830.KS
009830.KS
009830.KS
009830.KS
009830.KS
009830.KS
009830.KS
009830.KS
009830.KS
009830.KS
009830.KS
009830.KS
009830.KS
010120.KS
010120.KS
010120.KS
010120.KS
010120.KS
010120.KS
010120.KS
010120.KS
010120.KS
010120.KS
010120.KS
010120.KS
010120.KS
010120.KS
010120.KS
010120.KS
010120.KS
010120.KS
010120.KS
010130.KS
010130.KS
010130.KS
010130.KS
010130.KS
010130.KS
010130.KS
010130.KS
010130.KS
010130.KS
010130.KS
010130.KS
010130.KS
010130.KS
010130.KS
010130.KS
010130.KS
010130.KS
010130.KS
010130.KS
010140.KS
010140.KS
010140.KS
010140.KS
010140.KS
010140.KS
010140.KS
010140.KS
010140.KS
010140.KS
010140.KS
010140.KS
010140.KS
010140.KS
010140.KS
010140.KS
010140.KS
010140.KS
010140.KS
010620.KS
010620.KS
010620.KS
010620.KS
010620.KS
010620.KS
010620.KS
010620.KS
010620.KS
010620.KS
010620.KS
010620.KS
010620.KS
010620.KS
010620.KS
010620.KS
010620.KS
010620.KS
010660.KS
010660.KS
010660.KS
010660.KS
010660.KS
010660.KS
010660.KS
010660.KS
010660.KS
010660.KS
010660.KS
010660.KS
010660.KS
010660.KS
010660.KS
010660.KS
010660.KS
010660.KS
010660.KS
010780.KS
010780.KS
010780.KS
010780.KS
010780.KS
010780.KS
010780.KS
010780.KS
010780.KS
010780.KS
010780.KS
010780.KS
010780.KS
010780.KS
010780.KS
010780.KS
010780.KS
010780.KS
010780.KS
010950.KS
010950.KS
010950.KS
010950.KS
010950.KS
010950.KS
010950.KS
010950.KS
010950.KS
010950.KS
010950.KS
010950.KS
010950.KS
010950.KS
010950.KS
010950.KS
010950.KS
010950.KS
010950.KS
010950.KS
011070.KS
011070.KS
011070.KS
011070.KS
011070.KS
011070.KS
011070.KS
011070.KS
011070.KS
011070.KS
011070.KS
011070.KS
011070.KS
011070.KS
011070.KS
011070.KS
011070.KS
011070.KS
011070.KS
011070.KS
011070.KS
011090.KS
011090.KS
011090.KS
011090.KS
011090.KS
011170.KS
011170.KS
011170.KS
011170.KS
011170.KS
011170.KS
011170.KS
011170.KS
011170.KS
011170.KS
011170.KS
011170.KS
011170.KS
011170.KS
011170.KS
011170.KS
011170.KS
011170.KS
011170.KS
011210.KS
011210.KS
011210.KS
011210.KS
011210.KS
011210.KS
011210.KS
011210.KS
011210.KS
011210.KS
011210.KS
011210.KS
011210.KS
011210.KS
011210.KS
011210.KS
011210.KS
011210.KS
011780.KS
011780.KS
011780.KS
011780.KS
011780.KS
011780.KS
011780.KS
011780.KS
011780.KS
011780.KS
011780.KS
011780.KS
011780.KS
011780.KS
011780.KS
011780.KS
011780.KS
011780.KS
011780.KS
011780.KS
012330.KS
012330.KS
012330.KS
012330.KS
012330.KS
012330.KS
012330.KS
012330.KS
012330.KS
012330.KS
012330.KS
012330.KS
012330.KS
012330.KS
012330.KS
012330.KS
012330.KS
012330.KS
012330.KS
012330.KS
012450.KS
012450.KS
012450.KS
012450.KS
012450.KS
012450.KS
012450.KS
012450.KS
012450.KS
012450.KS
012450.KS
012450.KS
012450.KS
012450.KS
012450.KS
012450.KS
012450.KS
012450.KS
012450.KS
012450.KS
012450.KS
012630.KS
012630.KS
012630.KS
012630.KS
012630.KS
012630.KS
012630.KS
012630.KS
012630.KS
012630.KS
012630.KS
012630.KS
012630.KS
012630.KS
012630.KS
012630.KS
012630.KS
012630.KS
012630.KS
012700.KQ
012700.KQ
012700.KQ
012700.KQ
012700.KQ
012700.KQ
012700.KQ
012700.KQ
012700.KQ
012700.KQ
012700.KQ
012700.KQ
012700.KQ
012700.KQ
012700.KQ
012700.KQ
012700.KQ
012700.KQ
012750.KS
012750.KS
012750.KS
012750.KS
012750.KS
012750.KS
012750.KS
012750.KS
012750.KS
012750.KS
012750.KS
012750.KS
012750.KS
012750.KS
012750.KS
012750.KS
012750.KS
012750.KS
012790.KQ
012790.KQ
012790.KQ
012790.KQ
012790.KQ
012790.KQ
012790.KQ
012790.KQ
012790.KQ
012790.KQ
012790.KQ
012790.KQ
012790.KQ
012790.KQ
012790.KQ
012790.KQ
012790.KQ
012790.KQ
013990.KQ
013990.KQ
013990.KQ
013990.KQ
013990.KQ
013990.KQ
013990.KQ
013990.KQ
013990.KQ
013990.KQ
013990.KQ
013990.KQ
013990.KQ
013990.KQ
013990.KQ
013990.KQ
013990.KQ
014790.KS
014790.KS
014790.KS
014790.KS
014790.KS
014790.KS
014790.KS
014790.KS
014790.KS
014790.KS
014790.KS
014790.KS
014790.KS
014790.KS
014790.KS
014790.KS
014790.KS
014790.KS
014790.KS
014790.KS
014820.KS
014820.KS
014820.KS
014820.KS
014820.KS
014820.KS
014820.KS
014820.KS
014820.KS
014820.KS
014820.KS
014820.KS
014820.KS
014820.KS
014820.KS
014820.KS
014820.KS
014820.KS
014820.KS
014830.KS
014830.KS
014830.KS
014830.KS
014830.KS
014830.KS
014830.KS
014830.KS
014830.KS
014830.KS
014830.KS
014830.KS
014830.KS
014830.KS
014830.KS
014830.KS
014830.KS
014830.KS
014830.KS
015760.KS
015760.KS
015760.KS
015760.KS
015760.KS
015760.KS
015760.KS
015760.KS
015760.KS
015760.KS
015760.KS
015760.KS
015760.KS
015760.KS
015760.KS
015760.KS
015760.KS
015760.KS
016100.KQ
016100.KQ
016100.KQ
016100.KQ
016100.KQ
016100.KQ
016100.KQ
016100.KQ
016100.KQ
016100.KQ
016100.KQ
016100.KQ
016100.KQ
016100.KQ
016100.KQ
016100.KQ
016100.KQ
016100.KQ
016170.KQ
016170.KQ
016170.KQ
016170.KQ
016170.KQ
016170.KQ
016170.KQ
016170.KQ
016170.KQ
016170.KQ
016170.KQ
016170.KQ
016170.KQ
016170.KQ
016170.KQ
016170.KQ
016170.KQ
016170.KQ
016250.KQ
016250.KQ
016250.KQ
016250.KQ
016250.KQ
016250.KQ
016250.KQ
016250.KQ
016250.KQ
016250.KQ
016250.KQ
016250.KQ
016250.KQ
016250.KQ
016250.KQ
016250.KQ
016250.KQ
016250.KQ
016250.KQ
016250.KQ
017670.KS
017670.KS
017670.KS
017670.KS
017670.KS
017670.KS
017670.KS
017670.KS
017670.KS
017670.KS
017670.KS
017670.KS
017670.KS
017670.KS
017670.KS
017670.KS
017670.KS
017670.KS
017670.KS
017670.KS
017670.KS
017670.KS
017670.KS
018260.KS
018260.KS
018260.KS
018260.KS
018260.KS
018260.KS
018260.KS
018260.KS
018260.KS
018260.KS
018260.KS
018260.KS
018260.KS
018260.KS
018260.KS
018260.KS
018260.KS
018260.KS
018260.KS
018260.KS
018260.KS
018880.KS
018880.KS
018880.KS
018880.KS
018880.KS
018880.KS
018880.KS
018880.KS
018880.KS
018880.KS
018880.KS
018880.KS
018880.KS
018880.KS
018880.KS
018880.KS
018880.KS
018880.KS
018880.KS
018880.KS
019680.KS
019680.KS
019680.KS
019680.KS
019680.KS
019680.KS
019680.KS
019680.KS
019680.KS
019680.KS
019680.KS
019680.KS
019680.KS
019680.KS
019680.KS
019680.KS
019680.KS
019680.KS
020000.KS
020000.KS
020000.KS
020000.KS
020000.KS
020000.KS
020000.KS
020000.KS
020000.KS
020000.KS
020000.KS
020000.KS
020000.KS
020000.KS
020000.KS
020000.KS
020000.KS
020000.KS
020000.KS
020560.KS
020560.KS
020560.KS
020560.KS
020560.KS
020560.KS
020560.KS
020560.KS
020560.KS
020560.KS
020560.KS
020560.KS
020560.KS
020560.KS
020560.KS
020560.KS
020560.KS
020560.KS
020560.KS
020560.KS
021240.KS
021240.KS
021240.KS
021240.KS
021240.KS
021240.KS
021240.KS
021240.KS
021240.KS
021240.KS
021240.KS
021240.KS
021240.KS
021240.KS
021240.KS
021240.KS
021240.KS
021240.KS
021240.KS
021240.KS
023530.KS
023530.KS
023530q.L
023530q.L
025320.KQ
025320.KQ
025320.KQ
025320.KQ
025320.KQ
025320.KQ
025320.KQ
025320.KQ
025320.KQ
025320.KQ
025320.KQ
025320.KQ
025320.KQ
025320.KQ
025320.KQ
025320.KQ
025320.KQ
025320.KQ
025900.KQ
025900.KQ
025900.KQ
025900.KQ
025900.KQ
025900.KQ
025900.KQ
025900.KQ
025900.KQ
025900.KQ
025900.KQ
025900.KQ
025900.KQ
025900.KQ
025900.KQ
025900.KQ
025900.KQ
025900.KQ
025900.KQ
025900.KQ
026890.KS
026890.KS
026890.KS
026890.KS
027390.KS
027390.KS
027390.KS
027390.KS
027390.KS
027390.KS
027390.KS
027390.KS
027390.KS
027390.KS
027390.KS
027390.KS
027390.KS
027390.KS
027390.KS
027390.KS
027390.KS
027390.KS
027410.KS
027410.KS
027410.KS
027410.KS
027410.KS
027410.KS
027410.KS
027410.KS
027410.KS
027410.KS
027410.KS
027410.KS
027410.KS
027410.KS
027410.KS
027410.KS
027410.KS
027410.KS
027410.KS
028050.KS
028050.KS
028050.KS
028050.KS
028050.KS
028050.KS
028050.KS
028050.KS
028050.KS
028050.KS
028050.KS
028050.KS
028050.KS
028050.KS
028050.KS
028050.KS
028050.KS
028050.KS
028150.KQ
028150.KQ
028150.KQ
028150.KQ
028150.KQ
028150.KQ
028150.KQ
028150.KQ
028150.KQ
028150.KQ
028150.KQ
028150.KQ
028150.KQ
028150.KQ
028150.KQ
028150.KQ
028260.KS
028260.KS
028260.KS
028260.KS
028260.KS
028260.KS
028260.KS
028260.KS
028260.KS
028260.KS
028260.KS
028260.KS
028260.KS
028260.KS
028260.KS
028260.KS
028260.KS
028260.KS
028260.KS
028260.KS
02826K.KS
02826K.KS
02826K.KS
02826K.KS
02826K.KS
02826K.KS
02826K.KS
02826K.KS
02826K.KS
02826K.KS
02826K.KS
02826K.KS
02826K.KS
02826K.KS
02826K.KS
02826K.KS
02826K.KS
02826K.KS
02826K.KS
02826K.KS
029530.KS
029530.KS
030000.KS
030000.KS
030000.KS
030000.KS
030000.KS
030000.KS
030000.KS
030000.KS
030000.KS
030000.KS
030000.KS
030000.KS
030000.KS
030000.KS
030000.KS
030000.KS
030000.KS
030000.KS
030200.KS
030200.KS
030200.KS
030200.KS
030200.KS
030200.KS
030200.KS
030200.KS
030200.KS
030200.KS
030200.KS
030200.KS
030200.KS
030200.KS
030200.KS
030200.KS
030200.KS
030200.KS
030200.KS
030520.KQ
030520.KQ
030520.KQ
030520.KQ
030520.KQ
030520.KQ
030520.KQ
030520.KQ
030520.KQ
030520.KQ
030520.KQ
030520.KQ
030520.KQ
030520.KQ
030520.KQ
030520.KQ
030520.KQ
030520.KQ
032080.KQ
032080.KQ
032080.KQ
032080.KQ
032080.KQ
032080.KQ
032080.KQ
032080.KQ
032080.KQ
032080.KQ
032080.KQ
032080.KQ
032080.KQ
032080.KQ
032080.KQ
032080.KQ
032080.KQ
032080.KQ
032350.KS
032350.KS
032350.KS
032350.KS
032350.KS
032500.KQ
032500.KQ
032500.KQ
032500.KQ
032640.KS
032640.KS
032640.KS
032640.KS
032640.KS
032640.KS
032640.KS
032640.KS
032640.KS
032640.KS
032640.KS
032640.KS
032640.KS
032640.KS
032640.KS
032640.KS
032640.KS
032640.KS
032640.KS
032640.KS
032640.KS
032640.KS
032640.KS
032640.KS
032640.KS
032850.KQ
032850.KQ
032850.KQ
032850.KQ
032850.KQ
032850.KQ
032850.KQ
032850.KQ
032850.KQ
032850.KQ
032850.KQ
032850.KQ
032850.KQ
032850.KQ
032850.KQ
032850.KQ
032850.KQ
033270.KS
033270.KS
033270.KS
033270.KS
033270.KS
033270.KS
033270.KS
033560.KQ
033560.KQ
033560.KQ
033560.KQ
033560.KQ
033560.KQ
033560.KQ
033560.KQ
033560.KQ
033560.KQ
033560.KQ
033560.KQ
033560.KQ
033560.KQ
033560.KQ
033560.KQ
033560.KQ
033560.KQ
033780.KS
033780.KS
033780.KS
033780.KS
033780.KS
033780.KS
033780.KS
033780.KS
033780.KS
033780.KS
033780.KS
033780.KS
033780.KS
033780.KS
033780.KS
033780.KS
033780.KS
033780.KS
033780.KS
033780.KS
034220.KS
034220.KS
034220.KS
034220.KS
034220.KS
034220.KS
034220.KS
034220.KS
034220.KS
034220.KS
034220.KS
034220.KS
034220.KS
034220.KS
034220.KS
034220.KS
034220.KS
034220.KS
034220.KS
034220.KS
034220.KS
034230.KQ
034230.KQ
034230.KQ
034230.KQ
034230.KQ
034230.KQ
034230.KQ
034230.KQ
034230.KQ
034230.KQ
034230.KQ
034230.KQ
034230.KQ
034230.KQ
034230.KQ
034230.KQ
034230.KQ
034230.KQ
034230.KQ
034230.KQ
035080.KQ
035080.KQ
035080.KQ
035080.KQ
035080.KQ
035080.KQ
035080.KQ
035080.KQ
035080.KQ
035080.KQ
035080.KQ
035080.KQ
035080.KQ
035080.KQ
035080.KQ
035080.KQ
035080.KQ
035080.KQ
035080.KQ
035080.KQ
035250.KS
035250.KS
035250.KS
035250.KS
035250.KS
035250.KS
035250.KS
035250.KS
035250.KS
035250.KS
035250.KS
035250.KS
035250.KS
035250.KS
035250.KS
035250.KS
035250.KS
035250.KS
035420.KS
035420.KS
035420.KS
035420.KS
035420.KS
035420.KS
035420.KS
035420.KS
035420.KS
035420.KS
035420.KS
035420.KS
035420.KS
035420.KS
035420.KS
035420.KS
035420.KS
035420.KS
035510.KS
035510.KS
035510.KS
035510.KS
035510.KS
035510.KS
035510.KS
035510.KS
035510.KS
035510.KS
035510.KS
035510.KS
035510.KS
035510.KS
035510.KS
035510.KS
035510.KS
035720.KQ
035720.KQ
035720.KQ
035760.KQ
035760.KQ
035760.KQ
035760.KQ
035760.KQ
035760.KQ
035760.KQ
035760.KQ
035760.KQ
035760.KQ
035760.KQ
035760.KQ
035760.KQ
035760.KQ
035760.KQ
035760.KQ
035760.KQ
035760.KQ
035760.KQ
035760.KQ
036480.KQ
036480.KQ
036490.KQ
036490.KQ
036490.KQ
036490.KQ
036490.KQ
036490.KQ
036490.KQ
036490.KQ
036490.KQ
036490.KQ
036490.KQ
036490.KQ
036490.KQ
036490.KQ
036490.KQ
036490.KQ
036490.KQ
036490.KQ
036490.KQ
036490.KQ
036490.KQ
036560.KQ
036560.KQ
036560.KQ
036560.KQ
036560.KQ
036560.KQ
036560.KQ
036560.KQ
036560.KQ
036560.KQ
036560.KQ
036560.KQ
036560.KQ
036560.KQ
036560.KQ
036560.KQ
036560.KQ
036570.KS
036570.KS
036570.KS
036570.KS
036570.KS
036570.KS
036570.KS
036570.KS
036570.KS
036570.KS
036570.KS
036570.KS
036570.KS
036570.KS
036570.KS
036570.KS
036570.KS
036830.KQ
036830.KQ
036830.KQ
036830.KQ
036830.KQ
036830.KQ
036830.KQ
036830.KQ
036830.KQ
036830.KQ
036830.KQ
036830.KQ
036830.KQ
036830.KQ
036830.KQ
036830.KQ
036830.KQ
036830.KQ
036830.KQ
036830.KQ
037270.KS
037270.KS
037270.KS
037270.KS
037950.KQ
037950.KQ
037950.KQ
037950.KQ
037950.KQ
037950.KQ
037950.KQ
037950.KQ
037950.KQ
037950.KQ
037950.KQ
037950.KQ
037950.KQ
037950.KQ
037950.KQ
037950.KQ
037950.KQ
037950.KQ
037950.KQ
039130.KS
039130.KS
039130.KS
039130.KS
039130.KS
039130.KS
039130.KS
039130.KS
039130.KS
039130.KS
039130.KS
039130.KS
039130.KS
039130.KS
039130.KS
039130.KS
039130.KS
039570.KS
039570.KS
039570.KS
039570.KS
039570.KS
039570.KS
039570.KS
039570.KS
039570.KS
039570.KS
039570.KS
039570.KS
039570.KS
039570.KS
039570.KS
039570.KS
039840.KQ
039840.KQ
039840.KQ
039840.KQ
039840.KQ
039840.KQ
039840.KQ
039840.KQ
039840.KQ
039840.KQ
039840.KQ
039840.KQ
039840.KQ
039840.KQ
039840.KQ
039840.KQ
039840.KQ
0401.HK
0401.HK
0401.HK
0401.HK
0401.HK
0401.HK
0401.HK
0401.HK
0401.HK
0401.HK
041440.KQ
041440.KQ
041440.KQ
041440.KQ
041440.KQ
041440.KQ
041440.KQ
041440.KQ
041440.KQ
041440.KQ
041440.KQ
041440.KQ
041440.KQ
041440.KQ
041440.KQ
041440.KQ
041440.KQ
041440.KQ
041510.KQ
041510.KQ
041510.KQ
041510.KQ
041510.KQ
041510.KQ
041510.KQ
041510.KQ
041510.KQ
041510.KQ
041510.KQ
041510.KQ
041510.KQ
041510.KQ
041510.KQ
041510.KQ
041510.KQ
041830.KQ
041830.KQ
041830.KQ
041830.KQ
041830.KQ
041830.KQ
041830.KQ
041830.KQ
041830.KQ
041830.KQ
041830.KQ
041830.KQ
041830.KQ
041830.KQ
041830.KQ
041830.KQ
041920.KQ
041920.KQ
041920.KQ
041920.KQ
041920.KQ
041920.KQ
041920.KQ
041920.KQ
041920.KQ
041920.KQ
041920.KQ
041920.KQ
041920.KQ
041920.KQ
041920.KQ
041920.KQ
041920.KQ
043150.KQ
043150.KQ
043150.KQ
043150.KQ
043150.KQ
043150.KQ
043150.KQ
043150.KQ
043150.KQ
043150.KQ
043150.KQ
043150.KQ
043150.KQ
043150.KQ
043150.KQ
043150.KQ
043150.KQ
043150.KQ
043150.KQ
043150.KQ
043150.KQ
044820.KS
044820.KS
044820.KS
044820.KS
044820.KS
044820.KS
046140.KQ
046140.KQ
046140.KQ
046140.KQ
046140.KQ
046140.KQ
046140.KQ
046890.KQ
046890.KQ
046890.KQ
046890.KQ
046890.KQ
046890.KQ
046890.KQ
046890.KQ
046890.KQ
046890.KQ
046890.KQ
046890.KQ
046890.KQ
046890.KQ
046890.KQ
046890.KQ
046890.KQ
046890.KQ
046890.KQ
046890.KQ
047050.KS
047050.KS
047050.KS
047050.KS
047810.KS
047810.KS
047810.KS
047810.KS
047810.KS
047810.KS
047810.KS
047810.KS
047810.KS
047810.KS
047810.KS
047810.KS
047810.KS
047810.KS
047810.KS
047810.KS
047810.KS
047810.KS
047810.KS
049430.KQ
049950.KQ
049950.KQ
049950.KQ
049950.KQ
049950.KQ
049950.KQ
049950.KQ
049950.KQ
049950.KQ
049950.KQ
049950.KQ
049950.KQ
049950.KQ
049950.KQ
049950.KQ
049950.KQ
049950.KQ
051500.KQ
051500.KQ
051500.KQ
051500.KQ
051500.KQ
051500.KQ
051500.KQ
051500.KQ
051500.KQ
051500.KQ
051500.KQ
051500.KQ
051500.KQ
051500.KQ
051500.KQ
051500.KQ
051500.KQ
051500.KQ
051500.KQ
051500.KQ
051900.KS
051900.KS
051900.KS
051900.KS
051900.KS
051900.KS
051900.KS
051900.KS
051900.KS
051900.KS
051900.KS
051900.KS
051900.KS
051900.KS
051900.KS
051900.KS
051900.KS
051900.KS
051900.KS
051900.KS
051900.KS
052020.KQ
052020.KQ
052020.KQ
052020.KQ
052020.KQ
052020.KQ
052220.KQ
052220.KQ
052220.KQ
052220.KQ
052220.KQ
052220.KQ
052220.KQ
052220.KQ
052220.KQ
052220.KQ
052220.KQ
052220.KQ
052220.KQ
052220.KQ
052220.KQ
052330.KQ
052330.KQ
052330.KQ
052330.KQ
052330.KQ
052330.KQ
052330.KQ
052400.KQ
052400.KQ
052400.KQ
052400.KQ
052400.KQ
052400.KQ
052400.KQ
052400.KQ
052400.KQ
052400.KQ
052400.KQ
052400.KQ
052400.KQ
052400.KQ
052400.KQ
052400.KQ
052400.KQ
052400.KQ
052400.KQ
052690.KS
052690.KS
052690.KS
052690.KS
052690.KS
052690.KS
052690.KS
052690.KS
052690.KS
052690.KS
052690.KS
052690.KS
052690.KS
052690.KS
052690.KS
052690.KS
052690.KS
052690.KS
052790.KQ
052790.KQ
052790.KQ
052790.KQ
052790.KQ
053280.KQ
053280.KQ
053280.KQ
053280.KQ
053300.KQ
053350.KQ
053350.KQ
053350.KQ
053350.KQ
053350.KQ
053350.KQ
053620.KQ
053620.KQ
053620.KQ
053620.KQ
053620.KQ
053620.KQ
053620.KQ
053620.KQ
053620.KQ
053620.KQ
053620.KQ
053620.KQ
053620.KQ
053620.KQ
053620.KQ
053620.KQ
053620.KQ
053800.KQ
053800.KQ
053800.KQ
053800.KQ
053800.KQ
053800.KQ
053800.KQ
053800.KQ
053800.KQ
053800.KQ
053800.KQ
053800.KQ
053800.KQ
053800.KQ
053800.KQ
053800.KQ
053800.KQ
0538q.L
0538q.L
0538q.L
0538q.L
0538q.L
0538q.L
0538q.L
0538q.L
0538q.L
0538q.L
0538q.L
0538q.L
0538q.L
0538q.L
0538q.L
0538q.L
0538q.L
0538q.L
0538q.L
0538q.L
054620.KQ
054620.KQ
054620.KQ
054620.KQ
054620.KQ
054620.KQ
054620.KQ
054620.KQ
054620.KQ
054620.KQ
054620.KQ
054620.KQ
054620.KQ
054620.KQ
054620.KQ
054620.KQ
054620.KQ
054620.KQ
054800.KQ
054800.KQ
054800.KQ
054800.KQ
054800.KQ
054800.KQ
054800.KQ
054800.KQ
054800.KQ
054800.KQ
054800.KQ
054800.KQ
054800.KQ
054800.KQ
054800.KQ
054800.KQ
054800.KQ
054800.KQ
054800.KQ
057050.KS
057050.KS
057050.KS
057050.KS
057050.KS
057050.KS
057050.KS
057050.KS
057050.KS
057050.KS
057050.KS
057050.KS
057050.KS
057050.KS
057050.KS
057050.KS
058820.KQ
058820.KQ
058820.KQ
058820.KQ
058820.KQ
058820.KQ
058820.KQ
058820.KQ
058820.KQ
058820.KQ
058820.KQ
058820.KQ
058820.KQ
058820.KQ
058820.KQ
058820.KQ
058820.KQ
058820.KQ
058850.KS
058850.KS
058850.KS
058850.KS
058850.KS
058850.KS
058850.KS
058850.KS
058850.KS
058850.KS
058850.KS
058850.KS
058850.KS
058850.KS
058850.KS
058850.KS
058860.KS
058860.KS
058860.KS
058860.KS
058860.KS
058860.KS
058860.KS
058860.KS
058860.KS
058860.KS
058860.KS
058860.KS
058860.KS
058860.KS
058860.KS
0593q.L
0593q.L
0593q.L
0593q.L
0593q.L
0593q.L
0593q.L
0593q.L
0593q.L
0593q.L
0593q.L
0593q.L
0593q.L
0593q.L
0593q.L
0593q.L
0593q.L
0593q.L
0593q.L
0593q.L
0593q.L
0593q.L
0593q.L
0593q.L
0593q.L
0593xq.L
0593xq.L
0593xq.L
0593xq.L
0593xq.L
0593xq.L
0593xq.L
0593xq.L
0593xq.L
0593xq.L
0593xq.L
0593xq.L
0593xq.L
0593xq.L
0593xq.L
0593xq.L
0593xq.L
0593xq.L
0593xq.L
0593xq.L
0593xq.L
0593xq.L
0593xq.L
0593xq.L
0593xq.L
060240.KQ
060240.KQ
060240.KQ
060240.KQ
060240.KQ
060240.KQ
060240.KQ
060240.KQ
060240.KQ
060240.KQ
060240.KQ
060240.KQ
060240.KQ
060240.KQ
060240.KQ
060240.KQ
060250.KQ
060250.KQ
060250.KQ
060250.KQ
060250.KQ
061970.KQ
061970.KQ
061970.KQ
061970.KQ
061970.KQ
061970.KQ
061970.KQ
061970.KQ
061970.KQ
061970.KQ
061970.KQ
061970.KQ
061970.KQ
061970.KQ
061970.KQ
061970.KQ
061970.KQ
061970.KQ
063080.KQ
063080.KQ
063080.KQ
063080.KQ
063080.KQ
063080.KQ
063080.KQ
063080.KQ
063080.KQ
063080.KQ
063080.KQ
063080.KQ
063080.KQ
063080.KQ
063080.KQ
063080.KQ
063160.KS
063160.KS
063160.KS
063160.KS
063160.KS
063160.KS
063160.KS
063160.KS
063160.KS
063160.KS
063160.KS
063160.KS
063160.KS
063160.KS
063160.KS
063160.KS
063160.KS
063160.KS
063160.KS
064350.KS
064350.KS
064350.KS
064350.KS
064350.KS
064350.KS
064350.KS
064350.KS
064350.KS
064350.KS
064350.KS
064350.KS
064350.KS
064350.KS
064350.KS
064350.KS
064350.KS
064350.KS
064350.KS
064760.KQ
064760.KQ
064760.KQ
064760.KQ
064760.KQ
064760.KQ
064760.KQ
064760.KQ
064760.KQ
064760.KQ
064760.KQ
064760.KQ
064760.KQ
064760.KQ
064760.KQ
064760.KQ
064760.KQ
064760.KQ
065570.KQ
065570.KQ
065570.KQ
065570.KQ
065570.KQ
066570.KS
066570.KS
066570.KS
066570.KS
066570.KS
066570.KS
066570.KS
066570.KS
066570.KS
066570.KS
066570.KS
066570.KS
066570.KS
066570.KS
066570.KS
066570.KS
066570.KS
066570.KS
066570.KS
066570.KS
066570.KS
066970.KQ
066970.KQ
066970.KQ
067280.KQ
067280.KQ
067280.KQ
067280.KQ
067280.KQ
067280.KQ
067280.KQ
067280.KQ
067280.KQ
067280.KQ
067280.KQ
067280.KQ
067280.KQ
067280.KQ
067280.KQ
067280.KQ
067280.KQ
067280.KQ
068270.KQ
068270.KQ
068270.KQ
068270.KQ
068270.KQ
068270.KQ
068270.KQ
068270.KQ
068270.KQ
068270.KQ
068270.KQ
068270.KQ
068270.KQ
068270.KQ
068270.KQ
068270.KQ
068270.KQ
068270.KQ
068790.KQ
068790.KQ
068790.KQ
068790.KQ
068790.KQ
068790.KQ
068790.KQ
068790.KQ
068790.KQ
068790.KQ
068790.KQ
068790.KQ
068790.KQ
068790.KQ
068790.KQ
068790.KQ
068790.KQ
069080.KQ
069080.KQ
069080.KQ
069080.KQ
069080.KQ
069260.KS
069260.KS
069260.KS
069260.KS
069260.KS
069260.KS
069260.KS
069260.KS
069260.KS
069260.KS
069260.KS
069260.KS
069260.KS
069260.KS
069260.KS
069260.KS
069260.KS
069260.KS
069260.KS
069960.KS
069960.KS
069960.KS
069960.KS
069960.KS
069960.KS
069960.KS
069960.KS
069960.KS
069960.KS
069960.KS
069960.KS
069960.KS
069960.KS
069960.KS
069960.KS
069960.KS
069960.KS
071050.KS
071050.KS
071670.KQ
071670.KQ
071670.KQ
071670.KQ
071670.KQ
071670.KQ
071670.KQ
071670.KQ
071670.KQ
071670.KQ
071670.KQ
071670.KQ
071670.KQ
071670.KQ
071670.KQ
071670.KQ
071670.KQ
072020.KQ
072020.KQ
072020.KQ
072020.KQ
072020.KQ
072020.KQ
072020.KQ
072020.KQ
072020.KQ
072020.KQ
072020.KQ
072020.KQ
072020.KQ
072020.KQ
072020.KQ
072020.KQ
072020.KQ
072020.KQ
072020.KQ
078140.KQ
078140.KQ
078140.KQ
078140.KQ
078140.KQ
078140.KQ
078140.KQ
078140.KQ
078140.KQ
078140.KQ
078140.KQ
078140.KQ
078140.KQ
078140.KQ
078140.KQ
078140.KQ
078140.KQ
078140.KQ
078140.KQ
078340.KQ
078340.KQ
078340.KQ
078340.KQ
078340.KQ
078340.KQ
078340.KQ
078340.KQ
078340.KQ
078340.KQ
078340.KQ
078340.KQ
078340.KQ
078340.KQ
078890.KQ
078890.KQ
078890.KQ
078890.KQ
078890.KQ
078890.KQ
078890.KQ
078890.KQ
078890.KQ
078890.KQ
078890.KQ
078890.KQ
078890.KQ
078890.KQ
078890.KQ
078890.KQ
078890.KQ
078890.KQ
078890.KQ
078930.KS
078930.KS
078930.KS
078930.KS
078930.KS
078930.KS
078930.KS
078930.KS
078930.KS
078930.KS
078930.KS
078930.KS
078930.KS
078930.KS
078930.KS
078930.KS
078930.KS
078930.KS
079160.KS
079160.KS
079160.KS
079160.KS
079160.KS
079160.KS
079160.KS
079160.KS
079160.KS
079160.KS
079160.KS
079160.KS
079160.KS
079160.KS
079160.KS
079160.KS
079160.KS
079160.KS
079160.KS
079430.KS
079430.KS
079430.KS
079430.KS
079430.KS
079430.KS
079430.KS
079430.KS
079430.KS
079430.KS
079430.KS
079430.KS
079430.KS
079430.KS
079430.KS
079430.KS
079430.KS
079430.KS
079430.KS
079980.KS
079980.KS
079980.KS
079980.KS
079980.KS
079980.KS
080160.KQ
080160.KQ
080160.KQ
080160.KQ
080160.KQ
080160.KQ
080160.KQ
080160.KQ
080160.KQ
080160.KQ
080160.KQ
080160.KQ
080160.KQ
080160.KQ
080160.KQ
080160.KQ
080160.KQ
080160.KQ
080160.KQ
081000.KS
081000.KS
081000.KS
081000.KS
081000.KS
081000.KS
083650.KQ
083650.KQ
083650.KQ
083650.KQ
083650.KQ
083650.KQ
083930.KQ
083930.KQ
083930.KQ
083930.KQ
083930.KQ
083930.KQ
083930.KQ
083930.KQ
083930.KQ
083930.KQ
083930.KQ
083930.KQ
083930.KQ
083930.KQ
083930.KQ
083930.KQ
083930.KQ
083930.KQ
085370.KQ
085370.KQ
085370.KQ
085370.KQ
085370.KQ
085370.KQ
085370.KQ
085370.KQ
085370.KQ
085370.KQ
085370.KQ
085370.KQ
085370.KQ
085370.KQ
085370.KQ
085370.KQ
085370.KQ
085370.KQ
085370.KQ
086280.KS
086280.KS
086280.KS
086280.KS
086280.KS
086280.KS
086280.KS
086280.KS
086280.KS
086280.KS
086280.KS
086280.KS
086280.KS
086280.KS
086280.KS
086280.KS
086280.KS
086280.KS
086670.KQ
086670.KQ
086670.KQ
086670.KQ
086670.KQ
086670.KQ
086670.KQ
086670.KQ
086670.KQ
086670.KQ
086670.KQ
086670.KQ
086670.KQ
086670.KQ
086670.KQ
086670.KQ
086670.KQ
086670.KQ
086670.KQ
086670.KQ
086890.KQ
086890.KQ
086890.KQ
086890.KQ
086890.KQ
086890.KQ
086890.KQ
086890.KQ
086890.KQ
086890.KQ
086890.KQ
086890.KQ
086890.KQ
086890.KQ
086890.KQ
086890.KQ
086890.KQ
086890.KQ
086900.KQ
086900.KQ
086900.KQ
086900.KQ
089030.KQ
089030.KQ
089030.KQ
089030.KQ
089030.KQ
089030.KQ
089030.KQ
089030.KQ
089030.KQ
089030.KQ
089030.KQ
089030.KQ
089030.KQ
089030.KQ
089030.KQ
089030.KQ
089030.KQ
089030.KQ
089030.KQ
089470.KS
089470.KS
089470.KS
089470.KS
089470.KS
089470.KS
089470.KS
089470.KS
089470.KS
089470.KS
089470.KS
089470.KS
089470.KS
089470.KS
089470.KS
089470.KS
089470.KS
089470.KS
089470.KS
090430.KS
090430.KS
090430.KS
090430.KS
090430.KS
090430.KS
090430.KS
090430.KS
090430.KS
090430.KS
090430.KS
090430.KS
090430.KS
090430.KS
090430.KS
090430.KS
090430.KS
090430.KS
091700.KQ
091700.KQ
091700.KQ
091700.KQ
091700.KQ
091700.KQ
091700.KQ
091700.KQ
091700.KQ
091700.KQ
091700.KQ
091700.KQ
091700.KQ
091700.KQ
091700.KQ
091700.KQ
091700.KQ
091700.KQ
092200.KS
092200.KS
092200.KS
092200.KS
092600.KQ
092600.KQ
092600.KQ
092600.KQ
092600.KQ
092600.KQ
092600.KQ
092600.KQ
092600.KQ
092600.KQ
092600.KQ
092600.KQ
092600.KQ
092600.KQ
092600.KQ
092600.KQ
092600.KQ
092600.KQ
093050.KS
093050.KS
093050.KS
093050.KS
093050.KS
094280.KS
094280.KS
094280.KS
094280.KS
094280.KS
094280.KS
094280.KS
094280.KS
094280.KS
094280.KS
094280.KS
094280.KS
094280.KS
094280.KS
094280.KS
094280.KS
094280.KS
096530.KQ
096530.KQ
096530.KQ
096530.KQ
096530.KQ
096530.KQ
096530.KQ
096530.KQ
096530.KQ
096530.KQ
096530.KQ
096530.KQ
096530.KQ
096530.KQ
096530.KQ
096530.KQ
096530.KQ
096530.KQ
096640.KQ
096640.KQ
096640.KQ
096640.KQ
096640.KQ
096770.KS
096770.KS
096770.KS
096770.KS
096770.KS
096770.KS
096770.KS
096770.KS
096770.KS
096770.KS
096770.KS
096770.KS
096770.KS
096770.KS
096770.KS
096770.KS
096770.KS
096770.KS
096770.KS
096770.KS
096770.KS
096770.KS
096770.KS
097950.KS
097950.KS
097950.KS
097950.KS
097950.KS
097950.KS
097950.KS
097950.KS
097950.KS
097950.KS
097950.KS
097950.KS
097950.KS
097950.KS
097950.KS
097950.KS
097950.KS
097950.KS
097950.KS
099440.KQ
099440.KQ
099440.KQ
099520.KQ
099520.KQ
099520.KQ
099520.KQ
099520.KQ
099520.KQ
101000.KQ
101000.KQ
101000.KQ
101000.KQ
101000.KQ
101000.KQ
101000.KQ
101000.KQ
101000.KQ
101000.KQ
101000.KQ
101000.KQ
101000.KQ
101000.KQ
101000.KQ
101000.KQ
101000.KQ
101000.KQ
101000.KQ
102940.KQ
102940.KQ
102940.KQ
102940.KQ
102940.KQ
102940.KQ
102940.KQ
102940.KQ
102940.KQ
102940.KQ
102940.KQ
102940.KQ
102940.KQ
102940.KQ
102940.KQ
102940.KQ
102940.KQ
102940.KQ
102940.KQ
103140.KS
103140.KS
103140.KS
103140.KS
103140.KS
103140.KS
103140.KS
103140.KS
103140.KS
103140.KS
103140.KS
103140.KS
103140.KS
103140.KS
103140.KS
103140.KS
103140.KS
103140.KS
104200.KQ
104200.KQ
104200.KQ
104200.KQ
104200.KQ
104200.KQ
104200.KQ
104200.KQ
104200.KQ
104200.KQ
104200.KQ
104200.KQ
104200.KQ
104200.KQ
105630.KS
108670.KS
108670.KS
108670.KS
108670.KS
108670.KS
108670.KS
108670.KS
108670.KS
108670.KS
108670.KS
108670.KS
108670.KS
108670.KS
108670.KS
108670.KS
108670.KS
108670.KS
108670.KS
108670.KS
108670.KS
108670.KS
108790.KQ
108790.KQ
108790.KQ
108790.KQ
108790.KQ
108790.KQ
108790.KQ
108790.KQ
108790.KQ
108790.KQ
108790.KQ
108790.KQ
108790.KQ
108790.KQ
108790.KQ
108790.KQ
108790.KQ
108790.KQ
111770.KS
111770.KS
111770.KS
111770.KS
111770.KS
111770.KS
111770.KS
111770.KS
111770.KS
111770.KS
111770.KS
111770.KS
111770.KS
111770.KS
111770.KS
111770.KS
111770.KS
111770.KS
114120.KQ
114120.KQ
114120.KQ
114120.KQ
114120.KQ
114120.KQ
114120.KQ
114120.KQ
114120.KQ
114120.KQ
114120.KQ
114120.KQ
114120.KQ
114120.KQ
114120.KQ
114120.KQ
114120.KQ
114120.KQ
115160.KQ
115160.KQ
115160.KQ
115160.KQ
115160.KQ
115160.KQ
115160.KQ
115160.KQ
115160.KQ
115160.KQ
115160.KQ
115160.KQ
115160.KQ
115160.KQ
115160.KQ
115160.KQ
115160.KQ
115160.KQ
115160.KQ
115160.KQ
115390.KS
115390.KS
115390.KS
115390.KS
115390.KS
120110.KS
120110.KS
120110.KS
120110.KS
120110.KS
120110.KS
120110.KS
120110.KS
120110.KS
120110.KS
120110.KS
120110.KS
120110.KS
120110.KS
120110.KS
120110.KS
120110.KS
120110.KS
120110.KS
120110.KS
122870.KQ
122870.KQ
122870.KQ
122870.KQ
122870.KQ
122870.KQ
122870.KQ
122870.KQ
122870.KQ
122870.KQ
122870.KQ
122870.KQ
122870.KQ
122870.KQ
122870.KQ
122870.KQ
122870.KQ
122870.KQ
122900.KS
122900.KS
122900.KS
122900.KS
122900.KS
122900.KS
122900.KS
122900.KS
122900.KS
122900.KS
122900.KS
122900.KS
122900.KS
122900.KS
122900.KS
122900.KS
122900.KS
122900.KS
122900.KS
122990.KQ
122990.KQ
122990.KQ
122990.KQ
122990.KQ
122990.KQ
122990.KQ
122990.KQ
122990.KQ
122990.KQ
122990.KQ
122990.KQ
122990.KQ
122990.KQ
122990.KQ
122990.KQ
122990.KQ
122990.KQ
122990.KQ
123330.KQ
123330.KQ
123330.KQ
123330.KQ
123330.KQ
123330.KQ
123330.KQ
123330.KQ
123330.KQ
123330.KQ
123330.KQ
123330.KQ
123330.KQ
123330.KQ
123330.KQ
123330.KQ
123330.KQ
123420.KQ
123420.KQ
123420.KQ
123420.KQ
123420.KQ
123420.KQ
123420.KQ
123420.KQ
123420.KQ
123420.KQ
123420.KQ
123420.KQ
126560.KS
126560.KS
126560.KS
126560.KS
126560.KS
126560.KS
126560.KS
126560.KS
126560.KS
126560.KS
126560.KS
126560.KS
126560.KS
126560.KS
126560.KS
126560.KS
128940.KS
128940.KS
128940.KS
128940.KS
128940.KS
128940.KS
128940.KS
128940.KS
128940.KS
128940.KS
128940.KS
128940.KS
128940.KS
128940.KS
128940.KS
128940.KS
128940.KS
128940.KS
128940.KS
1309.TW
1309.TW
1309.TW
1309.TW
130960.KQ
130960.KQ
130960.KQ
130960.KQ
130960.KQ
130960.KQ
130960.KQ
130960.KQ
130960.KQ
130960.KQ
130960.KQ
130960.KQ
130960.KQ
130960.KQ
130960.KQ
130960.KQ
130960.KQ
130960.KQ
130960.KQ
137400.KQ
137400.KQ
137400.KQ
137400.KQ
137400.KQ
137400.KQ
138040.KS
138490.KS
138490.KS
138490.KS
138490.KS
138490.KS
138490.KS
138490.KS
138490.KS
138490.KS
138490.KS
138490.KS
138490.KS
138490.KS
138490.KS
138490.KS
138490.KS
138490.KS
138490.KS
139480.KS
139480.KS
139480.KS
139480.KS
139480.KS
139480.KS
139480.KS
139480.KS
139480.KS
139480.KS
139480.KS
139480.KS
139480.KS
139480.KS
139480.KS
139480.KS
139480.KS
139480.KS
139480.KS
139480.KS
142280.KQ
142280.KQ
142280.KQ
142280.KQ
142280.KQ
142280.KQ
142280.KQ
142280.KQ
142280.KQ
142280.KQ
142280.KQ
142280.KQ
142280.KQ
142280.KQ
142280.KQ
142280.KQ
142280.KQ
143160.KQ
143160.KQ
143160.KQ
143160.KQ
143160.KQ
143160.KQ
143160.KQ
143160.KQ
143160.KQ
143160.KQ
143160.KQ
143160.KQ
143160.KQ
143160.KQ
143160.KQ
143160.KQ
143160.KQ
1436.T
1436.T
1436.T
1436.T
1442.TW
1442.TW
1442.TW
145020.KQ
145020.KQ
145020.KQ
145020.KQ
145020.KQ
145020.KQ
145020.KQ
145020.KQ
145020.KQ
145020.KQ
145020.KQ
145020.KQ
145020.KQ
145020.KQ
145020.KQ
145020.KQ
145020.KQ
149950.KQ
149950.KQ
149950.KQ
149950.KQ
149950.KQ
149950.KQ
149950.KQ
149950.KQ
149950.KQ
149950.KQ
149950.KQ
149950.KQ
149950.KQ
149950.KQ
149950.KQ
149950.KQ
149950.KQ
149950.KQ
155660.KS
155660.KS
155660.KS
155660.KS
155660.KS
155660.KS
155660.KS
155660.KS
155660.KS
155660.KS
155660.KS
155660.KS
155660.KS
155660.KS
155660.KS
155660.KS
155660.KS
155660.KS
155660.KS
155660.KS
155660.KS
155660.KS
155660.KS
1589.TW
1589.TW
1589.TW
1589.TW
1589.TW
1589.TW
1589.TW
1589.TW
1608.TW
1608.TW
1608.TW
1608.TW
1608.TW
1608.TW
161390.KS
161390.KS
161390.KS
161390.KS
161390.KS
161390.KS
161390.KS
161390.KS
161390.KS
161390.KS
161390.KS
161390.KS
161390.KS
161390.KS
161390.KS
161390.KS
161390.KS
161390.KS
161390.KS
161390.KS
1614.TW
1614.TW
1614.TW
1614.TW
1614.TW
1614.TW
161890.KS
161890.KS
161890.KS
161890.KS
161890.KS
161890.KS
1662.T
1662.T
1662.T
1662.T
1662.T
1663.T
1663.T
170030.KQ
170030.KQ
170030.KQ
170030.KQ
1713.TW
1713.TW
1713.TW
1713.TW
1713.TW
1713.TW
1717.TW
1717.TW
1717.TW
1722.TW
1722.TW
1722.TW
1722.TW
1737.T
1788.TWO
178920.KQ
178920.KQ
178920.KQ
178920.KQ
178920.KQ
178920.KQ
178920.KQ
178920.KQ
178920.KQ
178920.KQ
178920.KQ
178920.KQ
178920.KQ
178920.KQ
178920.KQ
178920.KQ
178920.KQ
178920.KQ
178920.KQ
1801.T
1801.T
1801.T
1801.T
1801.T
1801.T
181710.KS
181710.KS
181710.KS
181710.KS
181710.KS
181710.KS
181710.KS
181710.KS
181710.KS
181710.KS
181710.KS
181710.KS
181710.KS
181710.KS
181710.KS
181710.KS
181710.KS
1824.T
185750.KS
185750.KS
185750.KS
185750.KS
185750.KS
185750.KS
185750.KS
185750.KS
185750.KS
185750.KS
185750.KS
185750.KS
185750.KS
185750.KS
185750.KS
185750.KS
185750.KS
185750.KS
185750.KS
185750.KS
185750.KS
1879.T
1879.T
1879.T
1879.T
1879.T
1879.T
1879.T
1885.T
1885.T
1885.T
1885.T
1885.T
1885.T
1893.T
1893.T
1893.T
1893.T
189980.KQ
189980.KQ
189980.KQ
189980.KQ
189980.KQ
189980.KQ
189980.KQ
189980.KQ
189980.KQ
189980.KQ
189980.KQ
189980.KQ
189980.KQ
189980.KQ
189980.KQ
189980.KQ
189980.KQ
189980.KQ
189980.KQ
194370.KS
194370.KS
194370.KS
194370.KS
194370.KS
194370.KS
194370.KS
194370.KS
194370.KS
194370.KS
194370.KS
194370.KS
194370.KS
194370.KS
194370.KS
194370.KS
194370.KS
194370.KS
194370.KS
1954.T
1979.T
1979.T
200553.SZ
200553.SZ
200553.SZ
2027.TW
2027.TW
203690.KQ
203690.KQ
203690.KQ
203690.KQ
203690.KQ
203690.KQ
203690.KQ
203690.KQ
203690.KQ
203690.KQ
203690.KQ
203690.KQ
203690.KQ
203690.KQ
203690.KQ
203690.KQ
204320.KS
204320.KS
204320.KS
204320.KS
204320.KS
204320.KS
204320.KS
204320.KS
204320.KS
204320.KS
204320.KS
204320.KS
204320.KS
204320.KS
204320.KS
204320.KS
204320.KS
204320.KS
204320.KS
204320.KS
204320.KS
204320.KS
204320.KS
204320.KS
206640.KQ
206640.KQ
206640.KQ
206640.KQ
206640.KQ
206640.KQ
206640.KQ
206640.KQ
206640.KQ
206640.KQ
206640.KQ
206640.KQ
206640.KQ
206640.KQ
206640.KQ
206640.KQ
206640.KQ
206640.KQ
2106.TW
2106.TW
2106.TW
2106.TW
2121.T
2121.T
214390.KS
214390.KS
214390.KS
214390.KS
214390.KS
214390.KS
214390.KS
214390.KS
214390.KS
214390.KS
214390.KS
214390.KS
214390.KS
214390.KS
214390.KS
214390.KS
214390.KS
214390.KS
2179.T
2179.T
2179.T
2179.T
222040.KQ
222040.KQ
222040.KQ
222040.KQ
222040.KQ
222040.KQ
222040.KQ
222040.KQ
222040.KQ
222040.KQ
222040.KQ
222040.KQ
222040.KQ
222040.KQ
222040.KQ
222040.KQ
222040.KQ
222040.KQ
226320.KS
226320.KS
226320.KS
226320.KS
226320.KS
226320.KS
226320.KS
226320.KS
226320.KS
226320.KS
226320.KS
226320.KS
226320.KS
226320.KS
226320.KS
226320.KS
2267.T
2267.T
2267.T
2321.T
2321.T
2353.TW
2353.TW
2353.TW
2353.TW
2353.TW
2353.TW
2360.TW
2360.TW
2360.TW
2360.TW
2360.TW
2363.TW
2363.TW
2363.TW
2363.TW
237690.KQ
237690.KQ
237690.KQ
237690.KQ
237690.KQ
237690.KQ
237690.KQ
237690.KQ
237690.KQ
237690.KQ
237690.KQ
237690.KQ
237690.KQ
237690.KQ
237690.KQ
237690.KQ
237690.KQ
237690.KQ
2409.TW
2409.TW
2409.TW
2409.TW
2409.TW
2457.TW
2457.TW
2457.TW
2457.TW
2457.TW
2457.TW
2459.TW
2459.TW
2459.TW
2459.TW
2459.TW
2459.TW
2483.T
2483.T
2483.T
2483.T
2483.T
2483.T
2483.T
2484.TW
2484.TW
2484.TW
2484.TW
2484.TW
2484.TW
2488.T
2488.T
2493.TW
2493.TW
2493.TW
2493.TW
2493.TW
2493.TW
2520.TW
2520.TW
2520.TW
2520.TW
2520.TW
2520.TW
2603.TW
2603.TW
2603.TW
2603.TW
2603.TW
2603.TW
2603q.L
2603q.L
2603q.L
2603q.L
2603q.L
2603q.L
2667.T
2681.T
2727.TW
2727.TW
2727.TW
2727.TW
2727.TW
300522.SZ
300522.SZ
300522.SZ
300522.SZ
300522.SZ
3025.TW
3025.TW
3025.TW
3025.TW
3025.TW
3025.TW
3025.TW
3025.TW
3025.TW
3025.TW
3047.TW
3047.TW
3047.TW
3047.TW
3105.TWO
3105.TWO
3105.TWO
3143.T
3143.T
3143.T
3143.T
3221.TWO
3221.TWO
3226.TWO
3226.TWO
3231.TW
3231.TW
3231.TW
3231.TW
3231.TW
3231q.L
3231q.L
3231q.L
3231q.L
3231q.L
3317.T
3317.T
3317.T
3317.T
3452.T
3452.T
3452.T
3452.T
3692.T
3692.T
3692.T
3708.T
3708.T
3708.T
3708.T
3845.T
3845.T
3845.T
3845.T
3934.T
3934.T
3934.T
3934.T
3938.T
3938.T
3938.T
3938.T
3938.T
3938.T
3938.T
3938.T
3950.T
3950.T
4080.T
4080.T
4080.T
4080.T
4080.T
4080.T
4106.TW
4106.TW
4106.TW
4106.TW
4106.TW
4164.TW
4164.TW
4164.TW
4164.TW
4164.TW
4164.TW
4175.TWO
4175.TWO
4175.TWO
4175.TWO
4175.TWO
4175.TWO
4186.T
4186.T
4186.T
4203.T
4203.T
4203.T
4203.T
4203.T
4203.T
4205.TWO
4205.TWO
4205.TWO
4205.TWO
4205.TWO
4221.T
4221.T
4221.T
4221.T
4221.T
4243.T
4304.T
4304.T
4306.TW
4306.TW
4306.TW
4335.T
4335.T
4335.T
4335.T
4527.T
4527.T
4553.T
4553.T
4553.T
4553.T
4553.T
4553.T
4553.T
4557.TW
4557.TW
4557.TW
4557.TW
4557.TW
4557.TW
4557.TW
4582.T
4582.T
4582.T
4582.T
4625.T
4625.T
4625.T
4625.T
4631.T
4631.T
4631.T
4631.T
4631.T
4656.T
4656.T
4656.T
4656.T
4924.T
4924.T
4938.TW
4938.TW
4938.TW
4938.TW
4938.TW
4952.TW
4952.TW
4952.TW
4952.TW
4952.TW
4970.T
4970.T
4970.T
4970.T
4998.T
4998.T
5012.T
5012.T
5012.T
5012.T
5017.T
5017.T
5017.T
5017.T
5101.T
5101.T
5101.T
5101.T
5161.T
5161.T
5195.T
5347.TWO
5347.TWO
5347.TWO
5347.TWO
5347.TWO
5347.TWO
5347.TWO
5388.TW
5388.TW
5388.TW
5388.TW
5444.T
5658.T
5658.T
5753.T
5753.T
5753.T
5753.T
5981.T
5981.T
5981.T
5981.T
600300.SS
600300.SS
600300.SS
600300.SS
600300.SS
600300.SS
600300.SS
600300.SS
600300.SS
600300.SS
600300.SS
600300.SS
600300.SS
600300.SS
600300.SS
6035.T
6035.T
6035.T
6035.T
6055.T
6055.T
6055.T
6055.T
6078.T
6078.T
6078.T
6078.T
6078.T
6144.T
6144.T
6156.T
6156.T
6183.TW
6183.TW
6183.TW
6183.TW
6183.TW
6183.TW
6243.TW
6243.TW
6243.TW
6243.TW
6243.TW
6243.TW
6247.T
6247.T
6247.T
6247.T
6267.T
6267.T
6281.T
6281.T
6281.T
6408.T
6445.T
6445.T
6513.T
6513.T
6513.T
6513.T
6513.T
6615.T
6615.T
6615.T
6615.T
6657q.L
6657q.L
6657q.L
6657q.L
6657q.L
6657q.L
6657q.L
6657q.L
6657q.L
6657q.L
6657q.L
6657q.L
6657q.L
6657q.L
6657q.L
6657q.L
6657q.L
6657q.L
6657q.L
6657q.L
6657q.L
6666.T
6666.T
6666.T
6728.T
6772.T
6772.T
6772.T
6772.T
6772.T
6916.T
6916.T
6960.T
6960.T
6960.T
6960.T
6960.T
6S2.BB
6S2.BB
7021.T
7021.T
7021.T
7021.T
7186.T
7242.T
7247.T
7247.T
7567.T
7567.T
7593.T
7860.T
7860.T
7860.T
7860.T
7917.T
7917.T
7917.T
7986.T
8005.HK
8011.TW
8011.TW
8011.TW
8011.TW
8011.TW
8011.TW
8011.TW
8032.HK
8038.TWO
8074.TWO
8074.TWO
8095.HK
8136.T
8136.T
8136.T
8136.T
8136.T
8147.T
8147.T
8147.T
8147.T
8161.HK
8161.HK
8161.HK
8161.HK
8161.HK
8161.HK
8161.HK
8167.HK
8167.HK
8198.HK
8219.T
8219.T
8219.T
8219.T
8219.T
8233.HK
8292.HK
8292.HK
8293.NG
8293.NG
8293.NG
8293.NG
8293.NG
8293.NG
8293.NG
8293.NG
8293.NG
8308.T
8308.T
8308.T
8336.T
8336.T
8348.HK
8348.HK
8348.HK
8356.T
8356.T
8361.T
8361.T
8363.HK
8368.HK
8368.HK
8385.T
8392.T
8392.T
8393.T
8398.FU
8398.FU
8462.T
8462.T
8462.T
8462.T
8462.T
8462.T
8524.T
8830.T
8830.T
8830.T
8830.T
8830.T
8830.T
8830.T
8869.T
8892.T
8892.T
8892.T
8892.T
8892.T
8892.T
8892.T
8931.TWO
8931.TWO
8931.TWO
8931.TWO
8931.TWO
8931.TWO
9076.T
9076.T
9076.T
9083.T
9083.T
9085.SP
9085.SP
9357.NG
9357.NG
9421.T
9446.T
9446.T
9749.T
9850.T
9850.T
9850.T
9850.T
9850.T
9850.T
9850.T
9850.T
9941.TW
9941.TW
9941.TW
9941.TW
9941.TW
9941.TW
9941.TW
9941.TW
AA4.MI
ABCD.O
ABCD.O
ABCD.O
ABCD.O
ABCD.O
ABCD.O
ABCD.O
ABCD.O
ABCD.O
ABCD.O
ABCD.O
ABCD.O
ABCD.O
ABCD.O
ABCD.O
ABCD.O
ABCD.O
ABCD.O
ABCD.O
ABCD.O
ABCD.O
ABTX.O
ABTX.O
ABTX.O
ABTX.O
ABTX.O
ACE.MI
ACE.MI
ACE.MI
ACE.MI
ACE.MI
ACIDq.L
ACIDq.L
ACIDq.L
ACIDq.L
ACIDq.L
ACIDq.L
ADESE.IS
ADESE.IS
ADESE.IS
ADESE.IS
ADESE.IS
ADESE.IS
ADESE.IS
ADESE.IS
ADESE.IS
ADGE.K
AEIG.DE
AEIG.DE
AEIG.DE
AEIG.DE
AEIG.DE
AEIG.DE
AEIG.DE
AEIG.DE
AEIG.DE
AEIG.DE
AEIG.DE
AEIG.DE
AEIG.DE
AEMD.O
AEMD.O
AEMD.O
AEMD.O
AFLU3.SA
AFLU3.SA
AFLU3.SA
AFLU3.SA
AFLU3.SA
AFLU5.SA
AFLU5.SA
AFLU5.SA
AFLU5.SA
AFLU5.SA
AFSI.O
AFSI_pb.K
AFSI_pc.K
AFSI_pd.K
AFSI_pe.K
AHEB3.SA
AHEB3.SA
AHEB3.SA
AHEB3.SA
AHEB3.SA
AHEB5.SA
AHEB5.SA
AHEB5.SA
AHEB5.SA
AHEB5.SA
AHEB6.SA
AHEB6.SA
AHEB6.SA
AHEB6.SA
AHEB6.SA
AIKb.NGM
AIKb.NGM
AIKb.NGM
AIKb.NGM
AIKb.NGM
AIKb.NGM
AIKb.NGM
AIKb.NGM
AIKb.NGM
AIKb.NGM
AIKb.NGM
AIKb.NGM
AIKb.NGM
AIKb.NGM
AIKb.NGM
AIKb.NGM
AIKb.NGM
AIKb.NGM
AIKb.NGM
AINV.O
AINV.O
AINV.O
AINV.O
AINV.O
AJX.TO
AJX.TO
AJX.TO
AJX.TO
AJX.TO
AJX.TO
AJX.TO
AJX.TO
AJX.TO
ALBRK.IS
ALBRK.IS
ALBRK.IS
ALBRK.IS
ALBRK.IS
ALBRK.IS
ALBRK.IS
ALBRK.IS
ALBRK.IS
ALBRK.IS
AMDA.O
AMDA.O
AMID.K
AMID.K
AMID.K
AMID.K
AMID.K
AMRK.O
AMRK.O
AMRK.O
AMRK.O
AMRK.O
AMRK.O
ANACM.IS
ANACM.IS
ANACM.IS
ANIM.MI
ANIM.MI
ANIM.MI
ANIM.MI
ANIM.MI
ANIM.MI
ANIM.MI
ANIM.MI
ANIM.MI
ANIM.MI
ANIM.MI
ANIM.MI
ANIM.MI
ANIM.MI
ANTH.O
ANTH.O
ANTH.O
ANTH.O
ANTH.O
ANTH.O
ANTH.O
ANTH.O
ANTH.O
ANTH.O
ANTH.O
ANTH.O
ANTH.O
ANTH.O
ANTH.O
ANTH.O
APEI.O
APEI.O
APEI.O
APEI.O
APEI.O
APEI.O
APEI.O
APEI.O
APEI.O
APEI.O
APEI.O
APEI.O
APEI.O
APEI.O
APEI.O
APN.WA
APN.WA
APN.WA
APTI4.SA
APTI4.SA
APTI4.SA
APTI4.SA
ASRV.O
ASRV.O
ASRV.O
ASRV.O
ASRV.O
ASRV.O
ASRV.O
ASRV.O
ASRV.O
ASRV.O
ASTC.O
ASTC.O
ASTC.O
ASTC.O
ASTC.O
ATEC.O
ATEKS.IS
ATEKS.IS
ATEKS.IS
ATEKS.IS
ATEKS.IS
ATEKS.IS
ATEKS.IS
ATEKS.IS
ATEKS.IS
ATO
ATO
ATRP.WA
ATRP.WA
ATRP.WA
AUO
AUO
AUO
AUO
AUO
AVE.V
AVE.V
AVE.V
AVE.V
AVE.V
AVE.V
AVE.V
AVE.V
AVK.TO
AVK.TO
AVK.TO
AVK.TO
AVK.TO
AVK.TO
AVK.TO
AVK.TO
AVK.TO
AVK.TO
AVK.TO
AVK.TO
AXAC.OL
AXAC.OL
AXAC.OL
AXAC.OL
AXAC.OL
AXAC.OL
AXAC.OL
AXTI.O
AXTI.O
BCK.V
BCK.V
BCK.V
BCK.V
BCK.V
BCK.V
BCK.V
BCK.V
BCK.V
BCK.V
BIOM3.SA
BIOM3.SA
BIOM3.SA
BIOM3.SA
BIOM3.SA
BIOM3.SA
BLOOM.PS
BLOOM.PS
BLOOM.PS
BLOOM.PS
BLOOM.PS
BLOOM.PS
BLOOM.PS
BLOOM.PS
BLOOM.PS
BLPH.O
BLPH.O
BLPH.O
BLPH.O
BOLD.O
BOLD.O
BOLD.O
BOLD.O
BOLD.O
BRKL.O
BSDE.JK
CARD3.SA
CASS.MI
CASS.MI
CASS.MI
CASS.MI
CASS.MI
CASS.MI
CASS.MI
CASS.MI
CATB.O
CATB.O
CATB.O
CATB.O
CCF
CCF
CCF
CCF
CCF
CCF
CCF
CCF
CCF
CCF
CCF
CCF
CCF
CCF
CCF
CCF
CCF
CCF
CEEB3.SA
CEEB3.SA
CEEB3.SA
CEEB3.SA
CEEB3.SA
CEEB3.SA
CEEB5.SA
CEEB5.SA
CEEB5.SA
CEEB5.SA
CEEB5.SA
CEEB5.SA
CGEN.TA
CGEN.TA
CGEN.TA
CGEN.TA
CGEN.TA
CGEP.SI
CHNA.SI
CHNA.SI
CHNA.SI
CHNA.SI
CHNA.SI
CHNA.SI
CHNA.SI
CHNA.SI
CHNA.SI
CHNA.SI
CHUBA.O
CHUBK.O
CHVX34.SA
CHVX34.SA
CLSN.O
CLSN.O
CLSN.O
CLSN.O
CLSN.O
CLSN.O
CLSN.O
CLSN.O
CLSN.O
CLSN.O
CLSN.O
CLSN.O
CLSN.O
CLSN.O
CNT.WA
CNT.WA
CNT.WA
CNT.WA
COKG.DE
COKG.DE
COKG.DE
COKG.DE
COKG.DE
COKG.DE
COKG.DE
COKG.DE
COKG.DE
COKG.DE
COKG.DE
COKG.DE
COKG.DE
COKG.DE
COKG.DE
COKG.DE
COKG.DE
COKG.DE
COKG.DE
COKG.DE
COKG.DE
COKG.DE
COKG.DE
COKG.DE
COKG.DE
COOR.ST
COOR.ST
COOR.ST
COR.LM
COR.LM
CORi.LM
CORi.LM
CPI.TO
CPI.TO
CPI.TO
CPI.TO
CPI.TO
CPLE3.SA
CPLE3.SA
CPLE5.SA
CPLE5.SA
CPLE6.SA
CPLE6.SA
CPRE3.SA
CPRE3S.SA
CPRE3T.SA
CPRX.O
CPRX.O
CPRX.O
CPRX.O
CPRX.O
CPRX.O
CPRX.O
CQE.TO
CQE.TO
CQE.TO
CQE.TO
CQE.TO
CQE.TO
CQE.TO
CQE.TO
CQE.TO
CQE.TO
CQE.TO
CQE.TO
CQE.TO
CSWI.O
CSWI.O
CSWI.O
CSWI.O
CSWI.O
CSWI.O
CSWI.O
CSWI.O
CSWI.O
CSWI.O
CSWI.O
CSWI.O
CSWI.O
CSWI.O
CTRA.JK
CUBN.O
CUBN.O
CUBN.O
CUBN.O
CUBN.O
CUBN.O
CURG.DE
CURG.DE
CURG.DE
CURG.DE
CURG.DE
CURG.DE
CURG.DE
CVTEC.ST
CVX
CVX
CYAN.O
CYAN.O
CZNC.O
CZNC.O
DILD.JK
DMLP.O
DMLP.O
DMLP.O
DMLP.O
DMLP.O
DMLP.O
DNORD.CO
DNORD.CO
DNORD.CO
DNORD.CO
DNORD.CO
DNORD.CO
DOAS.IS
DOAS.IS
DOAS.IS
DOHL3.SA
DOHL3.SA
DOHL3.SA
DOHL4.SA
DOHL4.SA
DOHL4.SA
E5T.MI
E5T.MI
E5T.MI
E5T.MI
E5T.MI
E5T.MI
EGOV.O
EGPRO.IS
EGPRO.IS
EGPRO.IS
EGPRO.IS
EGPRO.IS
EGPRO.IS
EIKF.IC
EIKF.IC
EIKF.IC
EIKF.IC
EIKF.IC
EIKF.IC
EIKF.IC
EIKF.IC
ELP
ELP
EMAN.K
EMAN.K
EMAN.K
EMAN.K
EPG.BK
EPG.BK
EPG.BK
EPG.BK
EPG.BK
EPG.BK
EPG.BK
EPG.BK
EPG.BK
EPG.BK
EPG.BK
EPG.BK
EPG.BK
EPG.BK
EPG.BK
EPG.BK
EPG.BK
EPG.BK
EPG.BK
EPG.BK
EPG.BK
EPGf.BK
EPGf.BK
EPGf.BK
EPGf.BK
EPGf.BK
EPGf.BK
EPGf.BK
EPGf.BK
EPGf.BK
EPGf.BK
EPGf.BK
EPGf.BK
EPGf.BK
EPGf.BK
EPGf.BK
EPGf.BK
EPGf.BK
EPGf.BK
EPGf.BK
EPGf.BK
EPGf.BK
EPGn.BK
EPGn.BK
EPGn.BK
EPGn.BK
EPGn.BK
EPGn.BK
EPGn.BK
EPGn.BK
EPGn.BK
EPGn.BK
EPGn.BK
EPGn.BK
EPGn.BK
EPGn.BK
EPGn.BK
EPGn.BK
EPGn.BK
EPGn.BK
EPGn.BK
EPGn.BK
EPGn.BK
EPM
ERST.VI
ETRM.O
ETRM.O
ETRM.O
ETRM.O
ETRM.O
ETRM.O
ETRM.O
ETRM.O
ETRM.O
ETRM.O
EVH
EVH
EVH
EVH
EVH
EVH
EVH
EVH
FARM.O
FC.TO
FC.TO
FC.TO
FC.TO
FC.TO
FCCO.O
FCCO.O
FCCO.O
FCCO.O
FCCO.O
FCCO.O
FCCO.O
FCCO.O
FCCO.O
FCCO.O
FCCO.O
FCFP.O
FCFP.O
FCFP.O
FCFP.O
FCFP.O
FEGL.SI
FEGL.SI
FLL.O
FLL.O
FLL.O
FLL.O
FLS.CO
FLS.CO
FLS.CO
FLS.CO
FLS.CO
FLS.CO
FLS.CO
FLS.CO
FLS.CO
FLS.CO
FLS.CO
FLS.CO
FLS.CO
FLS.CO
FLS.CO
FLS.CO
FLS.CO
FLS.CO
FMBH.O
FMBH.O
FNJN.O
FNJN.O
FNJN.O
FNJN.O
FNJN.O
FNJN.O
FOOD.AD
FOOD.AD
FOOD.AD
FOOD.AD
FREN.JK
FREN.JK
FREN.JK
FROP.WA
FROP.WA
FROP.WA
FROP.WA
FROP.WA
GALE.O
GBFG.DE
GBFG.DE
GBFG.DE
GBFG.DE
GBFG.DE
GBFG.DE
GBFG.DE
GBFG.DE
GBFG.DE
GBFG.DE
GBFG.DE
GBFG.DE
GBFG.DE
GBFG.DE
GCBC.O
GCBC.O
GCBC.O
GCBC.O
GCBC.O
GCBC.O
GDI.TO
GDI.TO
GDI.TO
GFRN.MI
GFRN.MI
GFRN.MI
GFRN.MI
GFRN.MI
GFRN.MI
GKOS.K
GKOS.K
GKOS.K
GKOS.K
GKOS.K
GLOB.K
GLOB.K
GLOB.K
GLOB.K
GLOB.K
GNK
GOGL34.SA
GOGL35.SA
GOOG.O
GOOGL.O
GSIT.O
GSIT.O
GSIT.O
GSIT.O
GSIT.O
GSIT.O
GSIT.O
GSIT.O
GSIT.O
GTN.WA
GTN.WA
GTN.WA
GTN.WA
HABG.DE
HABG.DE
HABG.DE
HABG.DE
HABG.DE
HABG.DE
HABG.DE
HABG.DE
HABG.DE
HAGA3.SA
HAGA3.SA
HAGA3.SA
HAGA3.SA
HAGA3.SA
HAGA3.SA
HAGA3.SA
HAGA3.SA
HAGA4.SA
HAGA4.SA
HAGA4.SA
HAGA4.SA
HAGA4.SA
HAGA4.SA
HAGA4.SA
HAGA4.SA
HBNC.O
HEBAb.ST
HEBAb.ST
HEBAb.ST
HEBAb.ST
HEBAb.ST
HEBAb.ST
HEBAb.ST
HMED.ST
HMED.ST
HMED.ST
HMED.ST
HMED.ST
IBG.TO
IBG.TO
IBG.TO
IBG.TO
IBG.TO
IBG.TO
IBG.TO
IBG.TO
IBG.TO
IBG.TO
IBG.TO
IBG.TO
IBG.TO
IDSY.O
IDSY.O
IDSY.O
IDSY.O
IEQi.LM
IEQi.LM
IEQi.LM
IKNX.O
IKNX.O
IKNX.O
IKNX.O
IKNX.O
IKNX.O
IKNX.O
IKNX.O
IKNX.O
IKNX.O
IKNX.O
IKNX.O
IKNX.O
IKNX.O
IKNX.O
IKNX.O
IKNX.O
IKNX.O
IMAS.JK
IMAS.JK
IMAS.JK
IMJS.JK
IMJS.JK
IMJS.JK
IMUC.K
IMUC.K
IMUC.K
IMUC.K
IMUC.K
IMUC.K
INGP.WA
IPWR.O
IPWR.O
IPWR.O
ISP.MI
ISP.MI
ISP.MI
ISP.MI
ISP.MI
ISP.MI
ISP.MI
ISP.MI
ITIC.O
IVN.TO
IVN.TO
IVN.TO
IVN.TO
IVN.TO
IVN.TO
JRVR.O
JRVR.O
JRVR.O
JRVR.O
JWN
JWN
KEPL3.SA
KEPL3.SA
KEPL3.SA
KEPL3.SA
KEPL3.SA
KEPL3.SA
KID.OL
KID.OL
KID.OL
KID.OL
KID.OL
KLBF.JK
KMPH.O
KMPH.O
KMPH.O
KMPH.O
KMPH.O
KMPH.O
KMPH.O
KMPH.O
KMPH.O
KT
KT
KT
KT
KT
KT
KT
KT
KT
KT
KT
KT
KT
KT
KT
KT
KT
KT
KT
LAC.TO
LAC.TO
LAC.TO
LAC.TO
LAC.TO
LAC.TO
LAE.LM
LAE.LM
LAE.LM
LAE.LM
LAE.LM
LAE.LM
LAE.LM
LAE.LM
LAI.LM
LAI.LM
LAI.LM
LASa.TO
LASa.TO
LASa.TO
LASa.TO
LASa.TO
LASa.TO
LASa.TO
LASa.TO
LASa.TO
LBTA.WA
LBTA.WA
LBTA.WA
LBTA.WA
LEWE.KL
LEWE.KL
LEWE.KL
LEWE.KL
LEWE.KL
LEWE.KL
LEWE.KL
LEWE.KL
LEWE.KL
LEWE.KL
LEWE.KL
LEWE.KL
LEWE.KL
LEWE.KL
LEWE.KL
LEWE.KL
LGL
LGL
LGL
LGL
LGL
LGL
LGL
LIGT3.SA
LINC.O
LOGO.IS
LOGO.IS
LOGO.IS
LOGO.IS
LOGO.IS
LOGO.IS
LOGO.IS
LPKR.JK
LPKR.JK
LPKR.JK
LPKR.JK
LPKR.JK
LPL
LPL
LPL
LPL
LPL
LPL
LPL
LPL
LPL
LPL
LPL
LPL
LPL
LPL
LPL
LPL
LPL
LPL
LPL
LPL
LPL
LPSB3.SA
LPSB3.SA
LPSB3.SA
LPSB3.SA
LVN.TO
LVN.TO
LVN.TO
LVN.TO
LVN.TO
LVN.TO
LVN.TO
MAGN.SI
MAGN.SI
MAGN.SI
MAGN.SI
MB.O
MEKO.ST
MEKO.ST
MEKO.ST
MEKO.ST
MEKO.ST
MEKO.ST
MEKO.ST
MEKO.ST
MEKO.ST
MEP
MFNC.O
MFNC.O
MFNC.O
MFNC.O
MFNC.O
MFNC.O
MI.V
MI.V
MI.V
MI.V
MI.V
MI.V
MI.V
MI.V
MMA.WA
MPI.PS
MPI.PS
MPI.PS
MPI.PS
MPI.PS
MPI.PS
MPI.PS
MPI.PS
MPI.PS
MRNS.O
MRNS.O
MRNS.O
MRSHL.IS
MRSHL.IS
MRSHL.IS
MRSHL.IS
MRSHL.IS
MRSHL.IS
MRSHL.IS
MSI.TO
MSI.TO
MSI.TO
MSI.TO
MSI.TO
MSV.TO
MSV.TO
MSV.TO
MSV.TO
MSV.TO
MSV.TO
MSV.TO
MSV.TO
MSV.TO
MSV.TO
MSV.TO
MSV.TO
MSV.TO
MSV.TO
MTGE.O
MUHB.KL
MUHB.KL
MUHB.KL
MUHB.KL
MUHB.KL
MUHB.KL
MUHB.KL
MUHB.KL
MUHB.KL
MUHB.KL
NAGA.JK
NAGA.JK
NAGA.JK
NAGA.JK
NAGA.JK
NAGA.JK
NAGA.JK
NAGA.JK
NAGA.JK
NAGA.JK
NAGA.JK
NARY.NS
NDXG.DE
NDXG.DE
NDXG.DE
NDXG.DE
NEOS.O
NEOS.O
NEOS.O
NEOS.O
NRC.OL
NRC.OL
NTE.V
NTE.V
NTE.V
NTE.V
NTE.V
NTE.V
NTE.V
NTE.V
NTIP.K
NTIP.K
NTIP.K
NTIP.K
NTIP.K
NTIP.K
NXE.TO
NXE.TO
NXE.TO
NXE.TO
NXE.TO
NXE.TO
NXE.TO
NXE.TO
NXE.TO
NXE.TO
NXE.TO
NXE.TO
NXE.TO
O2Dn.DE
O2Dn.DE
O2Dn.DE
O2Dn.DE
O2Dn.DE
O2Dn.DE
O2Dn.DE
O2Dn.DE
O2Dn.DE
O2Dn.DE
O2Dn.DE
O2Dn.DE
O2Dn.DE
O2Dn.DE
O2Dn.DE
O2Dn.DE
O2Dn.DE
O2Dn.DE
OAKS.K
OAKS.K
OBL.WA
OBL.WA
OBL.WA
OLMIP.IS
OLMIP.IS
OLMIP.IS
OLMIP.IS
ONVI.O
ONVI.O
ONVI.O
ONVI.O
ONVI.O
ONVI.O
ONVI.O
ONVI.O
ONVI.O
ONVI.O
ONVI.O
ONVI.O
ONVI.O
ONVI.O
OPN.WA
OPN.WA
OPN.WA
OPN.WA
OPN.WA
OPN.WA
OPN.WA
ORA.TO
ORA.TO
ORA.TO
ORA.TO
ORA.TO
ORA.TO
ORA.TO
ORA.TO
ORA.TO
ORA.TO
ORA.TO
ORIFL.ST
OTIV.O
OX.V
PARSN.IS
PARSN.IS
PARSN.IS
PARSN.IS
PARSN.IS
PATI3.SA
PATI3.SA
PATI3.SA
PATI3.SA
PATI4.SA
PATI4.SA
PATI4.SA
PATI4.SA
PER
PER
PER
PER
PER
PER
PER
PFBX.O
PFBX.O
PFBX.O
PFBX.O
PFBX.O
PFBX.O
PFBX.O
PFBX.O
PFBX.O
PFBX.O
PFIN.O
PFIN.O
PFIN.O
PFIN.O
PFIN.O
PGN.WA
PGN.WA
PGN.WA
PGN.WA
PGN.WA
PGN.WA
PIF.TO
PIF.TO
PIF.TO
PIF.TO
PIF.TO
PIF.TO
PIF.TO
PIF.TO
PIF.TO
PIF.TO
PIF.TO
PIF.TO
PIP
PIP
PKX
PKX
PKX
PKX
PKX
PKX
PKX
PKX
PKX
PKX
PKX
PKX
PKX
PKX
PKX
PKX
PKX
PKX
PKX
PLS.TO
PLS.TO
PLS.TO
PLS.TO
PLS.TO
PLS.TO
PLS.TO
PLS.TO
PLS.TO
PLS.TO
PMT.TO
PMT.TO
PMT.TO
PMT.TO
PMT.TO
PMT.TO
PMT.TO
PMTS.O
PMTS.O
PMTS.O
PMTS.O
PNK.O
PNK.O
PNK.O
PNK.O
PNK.O
PNK.O
PNK.O
PNK.O
PNK.O
PNK.O
PNK.O
PNK.O
POZP.WA
POZP.WA
POZP.WA
POZP.WA
POZP.WA
PRCP.O
PRCP.O
PRCP.O
PRCP.O
PRSS.O
PRSS.O
PRSS.O
PSPN.S
PSPN.S
PSPN.S
PSPN.S
PSPN.S
PSPN.S
PSPN.S
PSPN.S
PSPN.S
PSPN.S
PSPN.S
PSPN.S
PSPN.S
PSPN.S
PSPN.S
PSPN.S
PSPN.S
PSPN.S
PSPN.S
PSPN.S
PSPN.S
PSPN.S
PTPP.JK
PTPP.JK
PTPP.JK
QHC
QHC
QUAL3.SA
RDNI3.SA
RDNI3.SA
RDNI3.SA
RLOG3.SA
RLOG3.SA
RLOG3.SA
RLV.V
RLV.V
RLV.V
RLV.V
RLV.V
RLV.V
RLV.V
ROSNq.L
RPD.O
RPD.O
RPD.O
RPD.O
RPD.O
RPD.O
RSL.V
RSL.V
RSL.V
RSL.V
RSL.V
RSL.V
RSL.V
RSL.V
RSL.V
RSL.V
RSL.V
RSL.V
RUN.O
RUN.O
RUN.O
RUN.O
RUN.O
RWAY.MI
RWAY.MI
RWAY.MI
RWAY.MI
RWAY.MI
RWAY.MI
RWAY.MI
RWAY.MI
RWAY.MI
RWAY.MI
RWAY.MI
RWAY.MI
RWAY.MI
RWAY.MI
RWLK.O
RWLK.O
RWLK.O
RWLK.O
SAEI.MI
SAEI.MI
SAEI.MI
SAEI.MI
SAEI.MI
SAEI.MI
SAEI.MI
SAEI.MI
SAEI.MI
SAEI.MI
SAEX.O
SAEX.O
SAEX.O
SAEX.O
SAEX.O
SAEX.O
SAEX.O
SCHO.CO
SCHO.CO
SCHO.CO
SCHO.CO
SCHO.CO
SCHO.CO
SCHO.CO
SCHO.CO
SCHO.CO
SEC.TO
SEC.TO
SEC.TO
SEC.TO
SELB.O
SELB.O
SELB.O
SELB.O
SELB.O
SGRY.O
SGRY.O
SGRY.O
SGRY.O
SGRY.O
SGRY.O
SGRY.O
SIA.TO
SIA.TO
SIA.TO
SIA.TO
SIA.TO
SIFI.O
SIFI.O
SIFI.O
SIFI.O
SIFI.O
SIFI.O
SIFI.O
SIFI.O
SII.TO
SII.TO
SII.TO
SII.TO
SII.TO
SII.TO
SII.TO
SIS.MI
SJT
SJT
SJT
SJT
SJT
SJT
SJT
SJT
SJT
SJT
SJT
SJT
SJT
SJT
SKM
SKM
SKM
SKM
SKM
SKM
SKM
SKM
SKM
SKM
SKM
SKM
SKM
SKM
SKM
SKM
SKM
SKM
SKM
SKM
SKM
SLCA.K
SMBC.O
SMBC.O
SMBC.O
SMT.TO
SMT.TO
SMT.TO
SMT.TO
SMT.TO
SMT.TO
SMT.TO
SMT.TO
SMU_u.TO
SMU_u.TO
SMU_u.TO
SMU_u.TO
SMU_u.TO
SMU_u.TO
SMU_u.TO
SMU_u.TO
SMU_u.TO
SMU_u.TO
SMU_u.TO
SMU_u.TO
SOHO.O
SOHO.O
SOHO.O
SOHO.O
SOHO.O
SON
SSH.O
SSH.O
STFP.WA
STFP.WA
STS.MI
STS.MI
STS.MI
STS.MI
STS.MI
STS.MI
STS.MI
STS.MI
STS.MI
STS.MI
STS.MI
STS.MI
STS.MI
STS.MI
STS.MI
STS.MI
STS.MI
STS.MI
STXPP.WA
STXPP.WA
STXPP.WA
STXPP.WA
STXPP.WA
SUP.LM
SUPY.NS
SVH.BK
SVH.BK
SVH.BK
SVH.BK
SVH.BK
SVH.BK
SVH.BK
SVH.BK
SVH.BK
SVHf.BK
SVHf.BK
SVHf.BK
SVHf.BK
SVHf.BK
SVHf.BK
SVHf.BK
SVHf.BK
SVHf.BK
SVHn.BK
SVHn.BK
SVHn.BK
SVHn.BK
SVHn.BK
SVHn.BK
SVHn.BK
SVHn.BK
SVHn.BK
SWAG.DE
SWAG.DE
SWAG.DE
SWAG.DE
SWAG.DE
SWAG.DE
SWAG.DE
SWAG.DE
SWAG.DE
SWAG.DE
SWAG.DE
SXA.AX
SXE
SXE
SYRG.K
SZGG.DE
SZGG.DE
SZGG.DE
SZGG.DE
SZGG.DE
SZGG.DE
SZGG.DE
SZGG.DE
SZGG.DE
SZGG.DE
SZGG.DE
SZGG.DE
SZGG.DE
SZGG.DE
SZGG.DE
TCB
TCB
TCB_pb
TCB_pb
TCMD.O
TCMD.O
TCMD.O
TCMD.O
TCMD.O
TCMD.O
TCMD.O
TCMD.O
TCMD.O
TCN.TO
TCN.TO
TCN.TO
TCN.TO
TCN.TO
TCN.TO
TEO
TEO
TEO
TES.MI
TES.MI
TES.MI
TES.MI
TGEN.O
TI
TI
TI
TI
TI
TIa
TIa
TIa
TIa
TIa
TIC.V
TIC.V
TIC.V
TIC.V
TIC.V
TIC.V
TIC.V
TIC.V
TIC.V
TIC.V
TIC.V
TIET11.SA
TIET11T.SA
TIET3.SA
TIET4.SA
TKNO3.SA
TKNO3.SA
TKNO3.SA
TKNO3.SA
TKNO4.SA
TKNO4.SA
TKNO4.SA
TKNO4.SA
TLIT.MI
TLIT.MI
TLIT.MI
TLIT.MI
TLIT.MI
TMD.TO
TMD.TO
TMD.TO
TMD.TO
TMD.TO
TMD.TO
TMD.TO
TOURq.L
TOURq.L
TOURq.L
TOURq.L
TOURq.L
TOURq.L
TOURq.L
TOURq.L
TOURq.L
TOURq.L
TOURq.L
TOURq.L
TOURq.L
TOURq.L
TOURq.L
TOURq.L
TOURq.L
TOY.TO
TOY.TO
TOY.TO
TOY.TO
TOY.TO
TOY.TO
TOY.TO
TOY.TO
TOY.TO
TPC.BK
TPC.BK
TPC.BK
TPC.BK
TPCf.BK
TPCf.BK
TPCf.BK
TPCf.BK
TPCn.BK
TPCn.BK
TPCn.BK
TPCn.BK
TPGC.KL
TPGC.KL
TPGC.KL
TPGC.KL
TPGC.KL
TPGC.KL
TPGC.KL
TPIC.O
TPIC.O
TPIC.O
TPIS3.SA
TPIS3.SA
TPIS3.SA
TPIS3.SA
TPIS3.SA
TRAD.ST
TRAD.ST
TRAD.ST
TRAD.ST
TRAD.ST
TRAD.ST
TRAD.ST
TRAD.ST
TRCAS.IS
TRCAS.IS
TRCAS.IS
TRIS3.SA
TRIS3.SA
TRIS3.SA
TRIS3.SA
TRIS3.SA
TRIS3.SA
TRIS3.SA
TRIS3.SA
TRIS3.SA
TRIS3.SA
TROV.O
TROV.O
TROV.O
TROV.O
TROVU.O
TROVU.O
TROVU.O
TROVU.O
TRUEb.ST
TRUEb.ST
TRUEb.ST
TRUEb.ST
TRUEb.ST
TRUEb.ST
TRUEb.ST
TTZ.V
TTZ.V
TTZ.V
TTZ.V
TTZ.V
TTZ.V
TTZ.V
TTZ.V
TTZ.V
TTZ.V
TVI.V
TVI.V
TVI.V
TVI.V
TVI.V
TVI.V
UBI.MI
UBI.MI
UBI.MI
UBI.MI
UBI.MI
UNI.LM
UNI.LM
UNIi.LM
UNIi.LM
UNPI.MI
UNPI.MI
UNPI.MI
UNPI.MI
UNPI.MI
UNPI.MI
UNPI.MI
UNPI.MI
URB.TO
URB.TO
URB.TO
URB.TO
URB.TO
URB.TO
URB.TO
URB.TO
URB.TO
URB.TO
URBa.TO
URBa.TO
URBa.TO
URBa.TO
URBa.TO
URBa.TO
URBa.TO
URBa.TO
URBa.TO
URBa.TO
URRE.O
URRE.O
URRE.O
URRE.O
URRE.O
URRE.O
USAT.O
VALS.MI
VALS.MI
VALS.MI
VALS.MI
VALS.MI
VALS.MI
VALS.MI
VALS.MI
VHI
VHI
VHI
VHI
VHI
VHI
VHI
VHI
VHI
VHI
VHI
VHI
VHI
VHI
VHI
VHI
VHI
VHI
VHI
VHI
VHI
VHI
VHI
VHI
VLID3.SA
VYGR.O
VYGR.O
VYGR.O
WAHA.AD
WAHA.AD
WAHA.AD
WAHA.AD
WAHA.AD
WAHA.AD
WAHA.AD
WED.V
WED.V
WED.V
WED.V
WED.V
WED.V
WED.V
WED.V
WED.V
WED.V
WED.V
WED.V
WED.V
WHA.BK
WHA.BK
WHA.BK
WHA.BK
WHA.BK
WHA.BK
WHA.BK
WHA.BK
WHA.BK
WHA.BK
WHA.BK
WHA.BK
WHA.BK
WHA.BK
WHA.BK
WHA.BK
WHA.BK
WHA.BK
WHA.BK
WHA.BK
WHA.BK
WHA.BK
WHA.BK
WHAf.BK
WHAf.BK
WHAf.BK
WHAf.BK
WHAf.BK
WHAf.BK
WHAf.BK
WHAf.BK
WHAf.BK
WHAf.BK
WHAf.BK
WHAf.BK
WHAf.BK
WHAf.BK
WHAf.BK
WHAf.BK
WHAf.BK
WHAf.BK
WHAf.BK
WHAf.BK
WHAf.BK
WHAf.BK
WHAf.BK
WHAn.BK
WHAn.BK
WHAn.BK
WHAn.BK
WHAn.BK
WHAn.BK
WHAn.BK
WHAn.BK
WHAn.BK
WHAn.BK
WHAn.BK
WHAn.BK
WHAn.BK
WHAn.BK
WHAn.BK
WHAn.BK
WHAn.BK
WHAn.BK
WHAn.BK
WHAn.BK
WHAn.BK
WHAn.BK
WHAn.BK
WMIH.O
WMIH.O
WMIH.O
WMIH.O
WSKT.JK
WSKT.JK
WSKT.JK
WSTG.O
WSTG.O
WSTG.O
WSTG.O
WSTG.O
WSTG.O
WSTG.O
WSTG.O
WSTG.O
WSTG.O
WSTG.O
WSTG.O
WSTG.O
WSTG.O
WTS
WVE.O
WVE.O
WVE.O
WVE.O
WVVI.O
WYY
WYY
WYY
WYY
WYY
WYY
WYY
WYY
XOP.V
ZAGG.O
ZAGG.O
