000011.SZ
000011.SZ
000011.SZ
000011.SZ
000011.SZ
000011.SZ
000022.SZ
000022.SZ
000022.SZ
000022.SZ
000022.SZ
000030.SZ
000030.SZ
000030.SZ
000030.SZ
000030.SZ
000033.SZ
000033.SZ
000033.SZ
000033.SZ
000033.SZ
000037.SZ
000037.SZ
000037.SZ
000037.SZ
000058.SZ
000058.SZ
000058.SZ
000058.SZ
000058.SZ
000065.SZ
000065.SZ
000065.SZ
000065.SZ
000065.SZ
000066.SZ
000066.SZ
000066.SZ
000066.SZ
000066.SZ
000066.SZ
000066.SZ
000066.SZ
000066.SZ
000066.SZ
000089.SZ
000089.SZ
000089.SZ
000089.SZ
000089.SZ
000089.SZ
000089.SZ
000150.KS
000333.SZ
000333.SZ
000333.SZ
000333.SZ
000333.SZ
000333.SZ
000333.SZ
000370.KS
000402.SZ
000402.SZ
000402.SZ
000402.SZ
000402.SZ
000423.SZ
000423.SZ
000423.SZ
000423.SZ
000423.SZ
000423.SZ
000423.SZ
000423.SZ
000501.SZ
000501.SZ
000517.SZ
000517.SZ
000520.SZ
000520.SZ
000520.SZ
000520.SZ
000520.SZ
000520.SZ
000520.SZ
000520.SZ
000520.SZ
000561.SZ
000561.SZ
000561.SZ
000561.SZ
000561.SZ
000587.SZ
000587.SZ
000587.SZ
000587.SZ
000587.SZ
000587.SZ
000587.SZ
000587.SZ
000587.SZ
000592.SZ
000592.SZ
000592.SZ
000592.SZ
000596.SZ
000596.SZ
000596.SZ
000596.SZ
000596.SZ
000606.SZ
000606.SZ
000606.SZ
000606.SZ
000606.SZ
000680.SZ
000718.SZ
000718.SZ
000718.SZ
000718.SZ
000718.SZ
000718.SZ
000723.SZ
000723.SZ
000723.SZ
000723.SZ
000723.SZ
000723.SZ
000723.SZ
000727.SZ
000727.SZ
000727.SZ
000727.SZ
000729.SZ
000729.SZ
000729.SZ
000729.SZ
000729.SZ
000729.SZ
000729.SZ
000729.SZ
000729.SZ
000729.SZ
000729.SZ
000729.SZ
000729.SZ
000729.SZ
000729.SZ
000729.SZ
000748.SZ
000748.SZ
000748.SZ
000748.SZ
000748.SZ
000757.SZ
000757.SZ
000778.SZ
000778.SZ
000778.SZ
000797.SZ
000797.SZ
000797.SZ
000797.SZ
000797.SZ
000797.SZ
000797.SZ
000797.SZ
000797.SZ
000797.SZ
000797.SZ
000797.SZ
000797.SZ
000797.SZ
000797.SZ
000797.SZ
000797.SZ
000801.SZ
000801.SZ
000801.SZ
000801.SZ
000801.SZ
000810.KS
000836.SZ
000836.SZ
000836.SZ
000836.SZ
000836.SZ
000851.SZ
000851.SZ
000852.SZ
000852.SZ
000852.SZ
000852.SZ
000852.SZ
000928.SZ
000928.SZ
000928.SZ
000928.SZ
000928.SZ
000937.SZ
000937.SZ
000937.SZ
000937.SZ
000937.SZ
000966.SZ
000966.SZ
000969.SZ
000969.SZ
000969.SZ
000969.SZ
000969.SZ
000971.SZ
000971.SZ
000971.SZ
000971.SZ
000971.SZ
000971.SZ
000972.SZ
000972.SZ
000972.SZ
000972.SZ
000976.SZ
000976.SZ
000981.SZ
000981.SZ
000981.SZ
000981.SZ
000981.SZ
001450.KS
001896.SZ
001896.SZ
001896.SZ
001896.SZ
001896.SZ
001896.SZ
001979.SZ
001979.SZ
001979.SZ
001979.SZ
001979.SZ
001979.SZ
001979.SZ
001979.SZ
001979.SZ
001979.SZ
001979.SZ
001979.SZ
001979.SZ
001979.SZ
002003.SZ
002003.SZ
002003.SZ
002022.SZ
002022.SZ
002030.SZ
002030.SZ
002030.SZ
002030.SZ
002030.SZ
002030.SZ
002036.SZ
002036.SZ
002036.SZ
002036.SZ
002036.SZ
002036.SZ
002036.SZ
002037.SZ
002037.SZ
002037.SZ
002039.SZ
002039.SZ
002039.SZ
002039.SZ
002039.SZ
002047.SZ
002047.SZ
002047.SZ
002067.SZ
002088.SZ
002088.SZ
002088.SZ
002088.SZ
002088.SZ
002100.SZ
002100.SZ
002100.SZ
002102.SZ
002102.SZ
002102.SZ
002102.SZ
002103.SZ
002103.SZ
002103.SZ
002103.SZ
002103.SZ
002121.SZ
002121.SZ
002121.SZ
002141.SZ
002141.SZ
002202.SZ
002202.SZ
002202.SZ
002202.SZ
002202.SZ
002227.SZ
002227.SZ
002227.SZ
002227.SZ
002227.SZ
002238.SZ
002238.SZ
002238.SZ
002238.SZ
002238.SZ
002245.SZ
002245.SZ
002245.SZ
002245.SZ
002245.SZ
002245.SZ
002245.SZ
002245.SZ
002245.SZ
002248.SZ
002269.SZ
002280.SZ
002280.SZ
002280.SZ
002286.SZ
002286.SZ
002295.SZ
002303.SZ
002303.SZ
002303.SZ
002303.SZ
002303.SZ
002303.SZ
002303.SZ
002303.SZ
002303.SZ
002303.SZ
002317.SZ
002317.SZ
002317.SZ
002317.SZ
002317.SZ
002334.SZ
002334.SZ
002334.SZ
002334.SZ
002334.SZ
002334.SZ
002343.SZ
002343.SZ
002343.SZ
002343.SZ
002343.SZ
002343.SZ
002343.SZ
002377.SZ
002377.SZ
002377.SZ
002377.SZ
002377.SZ
002383.SZ
002383.SZ
002383.SZ
002383.SZ
002383.SZ
002411.SZ
002411.SZ
002411.SZ
002422.SZ
002422.SZ
002422.SZ
002422.SZ
002422.SZ
002422.SZ
002452.SZ
002452.SZ
002452.SZ
002452.SZ
002452.SZ
002452.SZ
002456.SZ
002456.SZ
002456.SZ
002485.SZ
002485.SZ
002485.SZ
002485.SZ
002505.SZ
002505.SZ
002505.SZ
002505.SZ
002505.SZ
002505.SZ
002505.SZ
002505.SZ
002506.SZ
002506.SZ
002506.SZ
002506.SZ
002506.SZ
002512.SZ
002512.SZ
002561.SZ
002561.SZ
002592.SZ
002592.SZ
002592.SZ
002592.SZ
002592.SZ
002592.SZ
002592.SZ
002592.SZ
002594.SZ
002594.SZ
002594.SZ
002611.SZ
002611.SZ
002611.SZ
002611.SZ
002611.SZ
002611.SZ
002636.SZ
002636.SZ
002636.SZ
002636.SZ
002636.SZ
002645.SZ
002645.SZ
002650.SZ
002650.SZ
002650.SZ
002656.SZ
002656.SZ
002656.SZ
002656.SZ
002668.SZ
002668.SZ
002668.SZ
002668.SZ
002668.SZ
002668.SZ
002668.SZ
002670.SZ
002670.SZ
002672.SZ
002672.SZ
002672.SZ
002672.SZ
002672.SZ
002700.SZ
002700.SZ
002700.SZ
002700.SZ
002700.SZ
002700.SZ
002700.SZ
002700.SZ
002700.SZ
002724.SZ
002724.SZ
004140.KS
008560.KS
016360.KS
0168.HK
0168.HK
0168.HK
0168.HK
0168.HK
0317.HK
0317.HK
0317.HK
0317.HK
034020.KS
034020.KS
051910.KS
051910.KS
051910.KS
051910.KS
051910.KS
051910.KS
051910.KS
051910.KS
051910.KS
051910.KS
051910.KS
051910.KS
051910.KS
051910.KS
051910.KS
051910.KS
051910.KS
051910.KS
051910.KS
068870.KS
068870.KS
068870.KS
068870.KS
068870.KS
068870.KS
068870.KS
068870.KS
068870.KS
068870.KS
068870.KS
068870.KS
068870.KS
068870.KS
068870.KS
068870.KS
068870.KS
071050.KS
071050.KS
082640.KS
088350.KS
0895.HK
0895.HK
0895.HK
0895.HK
0895.HK
090370.KS
1053.HK
1053.HK
1053.HK
109070.KS
134380.KS
134380.KS
134380.KS
134380.KS
134380.KS
134380.KS
134380.KS
134380.KS
134380.KS
134380.KS
134380.KS
134380.KS
134380.KS
134380.KS
134380.KS
134380.KS
134380.KS
134380.KS
134380.KS
138040.KS
139480.KS
1730.TW
1730.TW
1730.TW
1730.TW
1959.T
1959.T
1959.T
1959.T
1959.T
1972.T
1972.T
1972.T
1972.T
1972.T
1972.T
1972.T
1973.T
200011.SZ
200011.SZ
200011.SZ
200011.SZ
200011.SZ
200011.SZ
200022.SZ
200022.SZ
200022.SZ
200022.SZ
200022.SZ
200030.SZ
200030.SZ
200030.SZ
200030.SZ
200030.SZ
200037.SZ
200037.SZ
200037.SZ
200037.SZ
200058.SZ
200058.SZ
200058.SZ
200058.SZ
200058.SZ
200596.SZ
200596.SZ
200596.SZ
200596.SZ
200596.SZ
2127.T
2127.T
2127.T
2127.T
2175.T
2175.T
2175.T
2175.T
2175.T
2175.T
2220.T
2220.T
2220.T
2220.T
2220.T
2317.T
2317.T
2317.T
2317.T
2317.T
2335.T
2335.T
2335.T
2340.T
2340.T
2340.T
2393.T
2393.T
2393.T
2393.T
2540.T
2540.T
2540.T
2540.T
2540.T
2540.T
2548.TW
2548.TW
2548.TW
2548.TW
2548.TW
2714.T
2714.T
2714.T
2714.T
2729.T
2729.T
2875.T
2875.T
2875.T
2875.T
300028.SZ
300028.SZ
300028.SZ
300028.SZ
300028.SZ
300031.SZ
300031.SZ
300031.SZ
300031.SZ
300031.SZ
300031.SZ
300031.SZ
300031.SZ
300031.SZ
300031.SZ
300031.SZ
300031.SZ
300032.SZ
300032.SZ
300032.SZ
300032.SZ
300032.SZ
300032.SZ
300032.SZ
300032.SZ
300032.SZ
300036.SZ
300036.SZ
300036.SZ
300036.SZ
300036.SZ
300187.SZ
300187.SZ
300187.SZ
300187.SZ
300187.SZ
300187.SZ
300187.SZ
300187.SZ
300204.SZ
300204.SZ
300204.SZ
300204.SZ
300204.SZ
300278.SZ
300278.SZ
300278.SZ
300278.SZ
300278.SZ
300292.SZ
300292.SZ
300297.SZ
300297.SZ
300297.SZ
300299.SZ
300299.SZ
300299.SZ
300299.SZ
300300.SZ
300300.SZ
300300.SZ
300300.SZ
300302.SZ
300302.SZ
300304.SZ
300304.SZ
300304.SZ
300316.SZ
300316.SZ
300316.SZ
300316.SZ
300316.SZ
300326.SZ
300326.SZ
300326.SZ
300326.SZ
300326.SZ
300326.SZ
300326.SZ
300326.SZ
300351.SZ
300351.SZ
300351.SZ
300351.SZ
300351.SZ
300360.SZ
300360.SZ
300360.SZ
300360.SZ
300360.SZ
300362.SZ
300362.SZ
300362.SZ
300362.SZ
300362.SZ
300367.SZ
300367.SZ
300367.SZ
300367.SZ
300386.SZ
300386.SZ
300386.SZ
300386.SZ
300386.SZ
300386.SZ
300388.SZ
300388.SZ
300429.SZ
300429.SZ
300451.SZ
300451.SZ
300451.SZ
300451.SZ
300451.SZ
300451.SZ
300458.SZ
300458.SZ
300458.SZ
300458.SZ
300458.SZ
300458.SZ
300479.SZ
300479.SZ
300496.SZ
300496.SZ
300496.SZ
300496.SZ
300496.SZ
300497.SZ
300497.SZ
300497.SZ
300497.SZ
300497.SZ
300507.SZ
300507.SZ
300507.SZ
300507.SZ
300507.SZ
300507.SZ
3077.T
3077.T
3077.T
3077.T
3077.T
3092.T
3092.T
3092.T
3092.T
3092.T
3199.T
3199.T
3199.T
3199.T
3199.T
3199.T
3630.T
3630.T
3630.T
3630.T
3630.T
3630.T
3630.T
3695.T
3695.T
3763.T
3763.T
3763.T
3763.T
3771.T
3771.T
3771.T
3771.T
3841.T
3841.T
3841.T
3841.T
3993.HK
3993.HK
3993.HK
3993.HK
3993.HK
3993.HK
4043.T
4043.T
4043.T
4043.T
4043.T
4043.T
4043.T
4043.T
4151.T
4151.T
4151.T
4151.T
4205.T
4205.T
4205.T
4205.T
4212.T
4284.T
4284.T
4286.T
4286.T
4347.T
4347.T
4347.T
4347.T
4347.T
4550.T
4550.T
4550.T
4550.T
4550.T
4557.T
4557.T
4557.T
4557.T
4557.T
4581.T
4581.T
4617.T
4617.T
4617.T
4661.T
4661.T
4661.T
4661.T
4661.T
4718.T
4726.T
4783.T
4783.T
4783.T
4783.T
4783.T
4783.T
4783.T
4951.T
4971.T
4971.T
5352.T
5352.T
5352.T
5352.T
5352.T
5449.T
5449.T
5449.T
5449.T
5449.T
5471.T
5471.T
5851.T
5851.T
5851.T
5851.T
5975.T
5975.T
5975.T
600006.SS
600006.SS
600006.SS
600006.SS
600006.SS
600006.SS
600006.SS
600015.SS
600015.SS
600015.SS
600015.SS
600015.SS
600015.SS
600016.SS
600016.SS
600016.SS
600016.SS
600016.SS
600016.SS
600016.SS
600016.SS
600016.SS
600016.SS
600016.SS
600031.SS
600031.SS
600031.SS
600036.SS
600036.SS
600036.SS
600036.SS
600036.SS
600036.SS
600036.SS
600036.SS
600036.SS
600036.SS
600068.SS
600068.SS
600093.SS
600093.SS
600093.SS
600093.SS
600093.SS
600105.SS
600105.SS
600105.SS
600105.SS
600105.SS
600105.SS
600105.SS
600105.SS
600122.SS
600122.SS
600122.SS
600122.SS
600122.SS
600122.SS
600125.SS
600125.SS
600125.SS
600125.SS
600125.SS
600126.SS
600126.SS
600126.SS
600126.SS
600126.SS
600161.SS
600161.SS
600172.SS
600172.SS
600172.SS
600172.SS
600172.SS
600172.SS
600172.SS
600173.SS
600173.SS
600173.SS
600173.SS
600173.SS
600173.SS
600173.SS
600177.SS
600177.SS
600177.SS
600177.SS
600177.SS
600177.SS
600180.SS
600180.SS
600180.SS
600180.SS
600180.SS
600180.SS
600180.SS
600180.SS
600180.SS
600180.SS
600184.SS
600184.SS
600184.SS
600184.SS
600184.SS
600188.SS
600188.SS
600188.SS
600188.SS
600188.SS
600200.SS
600200.SS
600200.SS
600200.SS
600217.SS
600217.SS
600261.SS
600261.SS
600261.SS
600261.SS
600261.SS
600261.SS
600273.SS
600273.SS
600273.SS
600273.SS
600273.SS
600273.SS
600273.SS
600273.SS
600273.SS
600282.SS
600282.SS
600289.SS
600289.SS
600290.SS
600290.SS
600290.SS
600290.SS
600290.SS
600291.SS
600291.SS
600291.SS
600291.SS
600291.SS
600291.SS
600291.SS
600297.SS
600297.SS
600297.SS
600297.SS
600297.SS
600297.SS
600297.SS
600316.SS
600316.SS
600316.SS
600316.SS
600320.SS
600320.SS
600320.SS
600320.SS
600320.SS
600333.SS
600333.SS
600333.SS
600333.SS
600333.SS
600335.SS
600335.SS
600358.SS
600358.SS
600358.SS
600369.SS
600369.SS
600369.SS
600369.SS
600369.SS
600369.SS
600369.SS
600369.SS
600369.SS
600388.SS
600388.SS
600388.SS
600388.SS
600388.SS
600388.SS
600395.SS
600395.SS
600410.SS
600410.SS
600410.SS
600410.SS
600410.SS
600425.SS
600433.SS
600433.SS
600433.SS
600433.SS
600433.SS
600436.SS
600436.SS
600436.SS
600436.SS
600436.SS
600466.SS
600466.SS
600482.SS
600482.SS
600482.SS
600482.SS
600482.SS
600500.SS
600500.SS
600500.SS
600500.SS
600500.SS
600505.SS
600505.SS
600505.SS
600505.SS
600505.SS
600508.SS
600508.SS
600518.SS
600518.SS
600518.SS
600518.SS
600518.SS
600518.SS
600518.SS
600518.SS
600528.SS
600528.SS
600528.SS
600528.SS
600528.SS
600530.SS
600530.SS
600530.SS
600531.SS
600531.SS
600531.SS
600531.SS
600531.SS
600551.SS
600551.SS
600551.SS
600551.SS
600551.SS
600551.SS
600569.SS
600569.SS
600569.SS
600569.SS
600569.SS
600569.SS
600570.SS
600570.SS
600570.SS
600570.SS
600570.SS
600570.SS
600570.SS
600575.SS
600575.SS
600584.SS
600584.SS
600584.SS
600584.SS
600600.SS
600600.SS
600600.SS
600601.SS
600601.SS
600601.SS
600601.SS
600623.SS
600623.SS
600623.SS
600623.SS
600623.SS
600624.SS
600624.SS
600624.SS
600624.SS
600641.SS
600641.SS
600641.SS
600641.SS
600641.SS
600641.SS
600641.SS
600641.SS
600641.SS
600643.SS
600643.SS
600649.SS
600649.SS
600649.SS
600649.SS
600649.SS
600679.SS
600679.SS
600679.SS
600679.SS
600679.SS
600679.SS
600679.SS
600679.SS
600679.SS
600679.SS
600679.SS
600679.SS
600679.SS
600679.SS
600679.SS
600679.SS
600679.SS
600679.SS
600685.SS
600685.SS
600685.SS
600685.SS
600757.SS
600757.SS
600757.SS
600757.SS
600757.SS
600757.SS
600757.SS
600757.SS
600757.SS
600775.SS
600775.SS
600775.SS
600775.SS
600775.SS
600797.SS
600797.SS
600797.SS
600797.SS
600797.SS
600797.SS
600815.SS
600815.SS
600815.SS
600818.SS
600818.SS
600818.SS
600818.SS
600818.SS
600820.SS
600820.SS
600820.SS
600820.SS
600820.SS
600826.SS
600826.SS
600826.SS
600826.SS
600826.SS
600828.SS
600828.SS
600884.SS
600884.SS
600884.SS
600884.SS
600884.SS
600886.SS
600886.SS
600886.SS
600886.SS
600886.SS
600886.SS
600886.SS
600886.SS
600886.SS
600887.SS
600887.SS
600887.SS
600887.SS
600892.SS
600892.SS
600892.SS
600894.SS
600894.SS
600900.SS
600900.SS
600900.SS
600900.SS
600900.SS
600900.SS
600900.SS
600900.SS
600900.SS
601002.SS
601002.SS
601002.SS
601002.SS
601002.SS
601002.SS
601005.SS
601005.SS
601005.SS
601005.SS
601005.SS
601005.SS
601016.SS
601016.SS
601016.SS
601016.SS
601016.SS
601018.SS
601018.SS
601018.SS
601018.SS
601018.SS
601018.SS
601058.SS
601058.SS
601058.SS
601058.SS
601058.SS
601098.SS
601098.SS
601233.SS
601233.SS
601233.SS
601233.SS
601233.SS
601288.SS
601288.SS
601288.SS
601288.SS
601288.SS
601288.SS
601288.SS
601288.SS
601288.SS
601288.SS
601328.SS
601328.SS
601328.SS
601328.SS
601328.SS
601398.SS
601398.SS
601398.SS
601398.SS
601398.SS
601398.SS
601398.SS
601689.SS
601689.SS
601689.SS
601689.SS
601689.SS
601727.SS
601727.SS
601727.SS
601789.SS
601789.SS
601789.SS
601789.SS
601801.SS
601801.SS
601818.SS
601818.SS
601818.SS
601818.SS
601818.SS
601818.SS
601818.SS
601818.SS
601818.SS
601818.SS
601818.SS
601886.SS
601886.SS
601886.SS
601886.SS
601886.SS
601886.SS
601886.SS
601958.SS
601958.SS
601958.SS
601958.SS
601958.SS
601958.SS
601968.SS
601968.SS
603002.SS
603002.SS
603002.SS
603002.SS
603002.SS
603018.SS
603018.SS
603018.SS
603026.SS
603026.SS
603026.SS
603026.SS
603026.SS
603077.SS
603077.SS
603077.SS
603077.SS
603077.SS
603077.SS
603085.SS
603085.SS
603085.SS
603085.SS
603085.SS
603108.SS
603108.SS
603108.SS
603108.SS
603108.SS
603198.SS
603198.SS
603198.SS
603198.SS
603198.SS
603567.SS
603567.SS
603567.SS
603608.SS
603608.SS
603608.SS
603669.SS
603669.SS
603698.SS
603698.SS
603698.SS
603718.SS
603718.SS
603718.SS
603718.SS
603718.SS
603718.SS
603808.SS
603808.SS
603885.SS
603885.SS
603885.SS
603989.SS
603989.SS
603989.SS
603989.SS
603993.SS
603993.SS
603993.SS
603993.SS
603993.SS
603993.SS
603999.SS
603999.SS
6180.T
6201.T
6222.T
6222.T
6222.T
6222.T
6222.T
6222.T
6222.T
6262.T
6262.T
6262.T
6264.T
6264.T
6419.T
6419.T
6419.T
6419.T
6419.T
6419.T
6436.T
6436.T
6436.T
6436.T
6436.T
6436.T
6436.T
6436.T
6454.T
6454.T
6454.T
6454.T
6454.T
6454.T
6624.T
6624.T
6624.T
6624.T
6624.T
6624.T
6737.T
6737.T
6737.T
6737.T
6737.T
6778.T
6778.T
6788.T
6788.T
6816.T
6816.T
6816.T
6816.T
6816.T
6823.T
6823.T
6823.T
6837.T
6837.T
6837.T
6837.T
6837.T
6837.T
6837.T
6837.T
6875.T
6928.T
6928.T
6928.T
6928.T
6928.T
6928.T
6928.T
6928.T
6994.T
6994.T
6994.T
6S2.BB
6S2.BB
6S2.BB
6S2.BB
6S2.BB
6S2.BB
6S2.BB
6S2.BB
6S2.BB
6S2.BB
6S2.BB
6S2.BB
7012.T
7012.T
7012.T
7211.T
7211.T
7211.T
7211.T
7211.T
7211.T
7282.T
7412.T
7421.T
7421.T
7421.T
7421.T
7421.T
7461.T
7461.T
7461.T
7461.T
7475.T
7475.T
7475.T
7646.T
7646.T
7646.T
7646.T
7646.T
7646.T
7931.NG
7931.NG
7931.NG
7931.NG
7931.NG
7939.T
7939.T
7939.T
7939.T
7939.T
7939.T
7939.T
7939.T
7970.T
7970.T
7970.T
7970.T
8005.T
8025.T
8025.T
8025.T
8035.T
8035.T
8035.T
8035.T
8035.T
8035.T
8035.T
8081.T
8081.T
8081.T
8081.T
8081.T
8081.T
8081.T
8138.HK
8138.HK
8160.T
8160.T
8208.T
8208.T
8208.T
8208.T
8208.T
8208.T
8283.T
8283.T
8283.T
8283.T
8283.T
8283.T
8283.T
8601.T
8601.T
8601.T
8601.T
8601.T
8601.T
8601.T
8609.T
8609.T
8609.T
8609.T
8609.T
8613.T
8613.T
8613.T
8622.T
8622.T
8622.T
8622.T
8622.T
8624.T
8624.T
8624.T
8624.T
8692.T
8692.T
8692.T
8692.T
8692.T
8700.T
8700.T
8700.T
8700.T
8700.T
8706.T
8706.T
8706.T
8706.T
8739.T
8739.T
8739.T
8739.T
8739.T
8818.T
8818.T
8818.T
8818.T
8877.T
8877.T
8877.T
8877.T
8914.T
8914.T
900909.SS
900909.SS
900909.SS
900909.SS
900909.SS
900915.SS
900915.SS
900915.SS
900915.SS
900915.SS
900916.SS
900916.SS
900916.SS
900916.SS
900916.SS
900916.SS
900916.SS
900916.SS
900916.SS
900916.SS
900916.SS
900916.SS
900916.SS
900916.SS
900916.SS
900916.SS
900916.SS
900916.SS
900947.SS
900947.SS
900947.SS
900947.SS
900947.SS
9014.T
9014.T
9014.T
9014.T
9014.T
9014.T
9014.T
9045.T
9045.T
9045.T
9060.T
9060.T
9060.T
9060.T
9060.T
9060.T
9060.T
9060.T
9060.T
9101.T
9101.T
9101.T
9101.T
9101.T
9104.T
9104.T
9104.T
9107.T
9107.T
9107.T
9115.T
9115.T
9115.T
9115.T
9179.T
9179.T
9179.T
9206.T
9206.T
9206.T
9206.T
9502.T
9502.T
9502.T
9502.T
9502.T
9502.T
9502.T
9503.T
9503.T
9503.T
9503.T
9503.T
9503.T
9503.T
9531.T
9531.T
9531.T
9531.T
9533.T
9533.T
9533.T
9551.T
9551.T
9719.T
9719.T
9719.T
9719.T
9914.T
9914.T
9914.T
AA
AAI.AX
AA_pb
ACN
ACN
ACN
ACN
ACN
ACN
ACNB34.SA
ACNB34.SA
ACNB34.SA
ACNB34.SA
ACNB34.SA
ACNB34.SA
ADD.V
AGYO.IS
AGYO.IS
AGYO.IS
AGYO.IS
AGYO.IS
AGYO.IS
AGYO.IS
AGYO.IS
AGYO.IS
AGYO.IS
AGYO.IS
AGYO.IS
AIV
AIV
AIV
AIV
AIV
AIV
AIV
AIV
AKFGY.IS
ALDW.K
ALDW.K
ALDW.K
ALDW.K
ALDW.K
ALDW.K
ALDW.K
ALDW.K
ALDW.K
ALDW.K
ALDW.K
ALDW.K
ALDW.K
ALDW.K
ALDW.K
ALDW.K
ALDW.K
ALGYO.IS
ALGYO.IS
ALGYO.IS
ALGYO.IS
ALGYO.IS
ALGYO.IS
ALGYO.IS
ALGYO.IS
ALGYO.IS
ALGYO.IS
ALGYO.IS
ALSEA.MX
ALSEA.MX
ALSEA.MX
AMPF.MI
AMPF.MI
AMPF.MI
AMSF.O
AMSF.O
AMSF.O
AMSF.O
AMSF.O
AMSF.O
AMSF.O
AMSF.O
AMSF.O
AN
AN
AN
AN
ANHYT.IS
ANHYT.IS
ANHYT.IS
ANHYT.IS
ANHYT.IS
ANHYT.IS
ANHYT.IS
ANHYT.IS
ANHYT.IS
ANHYT.IS
ANHYT.IS
AON
AON
ATNM.K
ATNM.K
ATNM.K
ATNM.K
ATNM.K
ATNM.K
ATU
AWRE.O
AWRE.O
AWRE.O
AWRE.O
AWRE.O
AWRE.O
AWRE.O
AWRE.O
AWRE.O
AWRE.O
AWRE.O
BAHI3.SA
BCN.V
BCN.V
BCN.V
BCN.V
BCN.V
BCN.V
BCN.V
BCN.V
BCN.V
BILIa.ST
BILIa.ST
BIOTEC.OL
BIOTEC.OL
BIOTEC.OL
BIOTEC.OL
BIOTEC.OL
BIOTEC.OL
BIOTEC.OL
BJC.BK
BJC.BK
BJC.BK
BJC.BK
BJC.BK
BJC.BK
BJCf.BK
BJCf.BK
BJCf.BK
BJCf.BK
BJCf.BK
BJCf.BK
BJCn.BK
BJCn.BK
BJCn.BK
BJCn.BK
BJCn.BK
BJCn.BK
BKSL.JK
BNPP.PA
BNPP.PA
BOKF.O
BOKF.O
BOKF.O
BOKF.O
BOKF.O
BOKF.O
BONI.KL
BONI.KL
BONI.KL
BONI.KL
BONI.KL
BONI.KL
BONI.KL
BONI.KL
BONI.KL
BONI.KL
BSDE.JK
BSDE.JK
BSOKE.IS
BWA
BWEN.O
BWEN.O
BWEN.O
BWEN.O
BWEN.O
BYBq.L
BYBq.L
C
C
C
C
C
CAA
CAA
CAA
CAA
CAA
CASOIL.ST
CASOIL.ST
CASOIL.ST
CASOIL.ST
CASOIL.ST
CASOIL.ST
CASOIL.ST
CASOIL.ST
CASOIL.ST
CASOIL.ST
CASOIL.ST
CASOIL.ST
CBF.O
CBF.O
CBF.O
CBF.O
CBI
CBI
CBI
CBI
CBI
CBI
CBI
CBI
CBI
CBX.V
CBX.V
CBX.V
CBX.V
CBX.V
CBX.V
CBX.V
CBX.V
CBX.V
CBX.V
CBX.V
CIG.TO
CMPR.O
COBZ.O
COBZ.O
COR
COR
COR
COR
COR
CPN
CPSS.O
CPSS.O
CPSS.O
CPSS.O
CPSS.O
CRA1V.HE
CRA1V.HE
CRA1V.HE
CRA1V.HE
CRA1V.HE
CRA1V.HE
CRA1V.HE
CRA1V.HE
CRA1V.HE
CRA1V.HE
CRA1V.HE
CRA1V.HE
CRA1V.HE
CRA1V.HE
CRA1V.HE
CRA1V.HE
CRA1V.HE
CRA1V.HE
CRA1V.HE
CRA1V.HE
CRA1V.HE
CRA1V.HE
CSL
CTG.O
CTG.O
CTGP34.SA
CTGP34.SA
CTGP34.SA
CTGP34.SA
CTGP34.SA
CTO
CTO
CTO
CTO
CTO
CUBE.K
CYDSASAA.MX
CYDSASAA.MX
CYS
CYS
CYS
CYS
C_pc
C_pc
C_pc
C_pc
C_pc
C_pj
C_pj
C_pj
C_pj
C_pj
C_pk
C_pk
C_pk
C_pk
C_pk
C_pl
C_pl
C_pl
C_pl
C_pl
C_pp
C_pp
C_pp
C_pp
C_pp
C_ps
C_ps
C_ps
C_ps
C_ps
DAIM.KL
DAIM.KL
DANT.CO
DANT.CO
DANT.CO
DESPC.IS
DESPC.IS
DESPC.IS
DESPC.IS
DESPC.IS
DESPC.IS
DESPC.IS
DESPC.IS
DESPC.IS
DESPC.IS
DLX
DLX
DLX
DLX
DLX
DLX
DLX
DLX
DLX
DLX
DLX
DLX
DLX
DLX
DLX
DLX
DTEX3.SA
DTEX3.SA
DTEX3.SA
DTEX3.SA
EGIE3.SA
EGIE3.SA
EGSER.IS
EGSER.IS
EGSER.IS
EGSER.IS
EGSER.IS
EGSER.IS
EGSER.IS
ELEKTRA.MX
ELEKTRA.MX
ELEKTRA.MX
ELEKTRA.MX
ELEKTRA.MX
ERES.QA
ERES.QA
ERES.QA
ERES.QA
ERES.QA
ERES.QA
ERES.QA
ERES.QA
ERES.QA
ERES.QA
ERES.QA
ERES.QA
ERES.QA
ERES.QA
ESL.TO
FBIZ.O
FBIZ.O
FBIZ.O
FBIZ.O
FBIZ.O
FBIZ.O
FEEL.ST
FEEL.ST
FEEL.ST
FEEL.ST
FEEL.ST
FEEL.ST
FEEL.ST
FEEL.ST
FEEL.ST
FEVG.DE
FEVG.DE
FEVG.DE
FEVG.DE
FEVG.DE
FIA1S.HE
FIA1S.HE
FIA1S.HE
FIA1S.HE
FIHO12.MX
FLEX.O
FLEX.O
FMIZP.IS
FMIZP.IS
FMIZP.IS
FMIZP.IS
FMIZP.IS
FMIZP.IS
FNTS.TA
FPO
FPO
FR
FR
FR
FR
FR
FR
FREN.JK
G1AG.DE
G1AG.DE
G1AG.DE
G1AG.DE
G1AG.DE
G1AG.DE
G1AG.DE
G1AG.DE
G1AG.DE
G1AG.DE
G1AG.DE
G1AG.DE
G1AG.DE
G1AG.DE
G1AG.DE
G1AG.DE
G1AG.DE
G1AG.DE
G1AG.DE
G1AG.DE
G1AG.DE
G1AG.DE
G1AG.DE
G1AG.DE
G1AG.DE
G1AG.DE
GBCI.O
GBCI.O
GBCI.O
GBCI.O
GLOW.BK
GLOW.BK
GLOW.BK
GLOWn.BK
GLOWn.BK
GLOWn.BK
GN.V
GN.V
GN.V
GN.V
GN.V
GN.V
GN.V
GN.V
GN.V
GN.V
GN.V
GN.V
GN.V
GOODY.IS
GPH1.MX
GPH1.MX
GPH1.MX
GPH1.MX
GRPN.O
GRPN.O
GRPN.O
GTG.V
GTG.V
GTG.V
GTG.V
GTG.V
GTG.V
GTG.V
GTG.V
GTG.V
GTG.V
GTG.V
GTG.V
GTG.V
GVA
GVA
GVA
GVA
GVA
GVA
HGTX3.SA
HSHY34.SA
HSHY34.SA
HSHY34.SA
HSHY34.SA
HSY
HSY
HSY
HSY
HUN
HUN
HUN
HUN
HUN
HUN
HUN
HUN
HUN
HUN
HUN
IBS.LS
IMAS.JK
IMOS.O
INTC.O
INTC.O
INTC.O
INTC.O
IPHS.O
IPHS.O
IPHS.O
ISET.SI
ISET.SI
ISET.SI
ISET.SI
ISET.SI
ISET.SI
ISET.SI
ISET.SI
ISET.SI
ISET.SI
ISET.SI
ISET.SI
ISET.SI
ISET.SI
ISFIN.IS
ISFIN.IS
ISFIN.IS
ISFIN.IS
ISFIN.IS
ISFIN.IS
ISFIN.IS
ISFIN.IS
ISFIN.IS
ISFIN.IS
ISFIN.IS
ISFIN.IS
ISFIN.IS
ISFIN.IS
ISFIN.IS
ISFIN.IS
ISFIN.IS
ISFIN.IS
ITLC34.SA
ITLC34.SA
ITLC34.SA
ITLC34.SA
ITW
JBLU.O
JBLU.O
JBLU.O
JBLU.O
JBLU.O
JBLU.O
JBLU.O
JBLU.O
JBLU.O
JBLU.O
JBLU.O
JBLU.O
JBLU.O
JBLU.O
JBLU.O
JBLU.O
JBLU.O
JBLU.O
KABEb.ST
KABEb.ST
KABEb.ST
KABEb.ST
KABEb.ST
KABEb.ST
KABEb.ST
KABEb.ST
KABEb.ST
KABEb.ST
KIM
KIM
KIM
KIM
KIM
KIM
KIM
KIM
KIM
KIM
KIM
KIM
KIM
KIM
KIM
KIM_pi
KIM_pi
KIM_pi
KIM_pi
KIM_pi
KIM_pi
KIM_pi
KIM_pi
KIM_pi
KIM_pi
KIM_pi
KIM_pi
KIM_pi
KIM_pi
KIM_pi
KIM_pj
KIM_pj
KIM_pj
KIM_pj
KIM_pj
KIM_pj
KIM_pj
KIM_pj
KIM_pj
KIM_pj
KIM_pj
KIM_pj
KIM_pj
KIM_pj
KIM_pj
KIM_pk
KIM_pk
KIM_pk
KIM_pk
KIM_pk
KIM_pk
KIM_pk
KIM_pk
KIM_pk
KIM_pk
KIM_pk
KIM_pk
KIM_pk
KIM_pk
KIM_pk
KLGYO.IS
KLGYO.IS
KLGYO.IS
KLGYO.IS
KLGYO.IS
KLGYO.IS
KLGYO.IS
KLGYO.IS
KRC
KRC
KRONT.IS
KRONT.IS
KRONT.IS
KRONT.IS
KRONT.IS
KRONT.IS
KRONT.IS
LANC.O
LANC.O
LANC.O
LANC.O
LPKR.JK
LPKR.JK
LPKR.JK
LPNT.O
LPNT.O
LPNT.O
LPNT.O
MD
MD
MD
MFRISCOA1.MX
MFRISCOA1.MX
MOBL.O
MOBL.O
MOBL.O
MPC
MPC
MPC
MPC
MPC
MPC
MPC
MPC
MPC
MPC
MPC
MPC
MPC
MPET.O
MPX
MPX
MPX
MPX
MPX
MPX
MPX
MPX
MPX
MRG.ST
MRG.ST
MRG.ST
MRG.ST
MRG.ST
MRG.ST
MRG.ST
MRG.ST
MRG.ST
MRG.ST
MRG.ST
MRLN.O
MRLN.O
MRLN.O
MRLN.O
MRLN.O
MRLN.O
MRLN.O
MRLN.O
MRLN.O
MTH
MU.O
MU.O
MU.O
MU.O
MU.O
MWW
MWW
MWW
MWW
MWW
MWW
MWW
MWW
MWW
MWW
MWW
MWW
MWW
MWW
MWW
MWW
N1.IC
N1.IC
N1.IC
N1.IC
N1.IC
NATI.O
NATI.O
NR
OAK
OAK
OAK
OHLMEX.MX
OHLMEX.MX
OHLMEX.MX
OIS
OIS
OIS
OIS
OPY
OPY
OPY
OPY
OPY
PCGP.WA
PCGP.WA
PCGP.WA
PCGP.WA
PCGP.WA
PCGP.WA
PNM
PNM
PNM
PNM
POLHO.IS
POLHO.IS
POLHO.IS
POLHO.IS
POLHO.IS
POLHO.IS
POLHO.IS
POLHO.IS
POLHO.IS
POOL.O
PROX.BR
PST.V
PST.V
PST.V
PST.V
PST.V
PST.V
PST.V
PST.V
PST.V
PST.V
PST.V
PSX
PSX
PSX
PSX
PSX
PSX
PSX
PSXP.K
PSXP.K
PSXP.K
PSXP.K
PSXP.K
PSXP.K
PTPP.JK
PTPP.JK
PXLW.O
PXLW.O
PXLW.O
PXLW.O
ROBINS.BK
ROBINSf.BK
ROBINSn.BK
RTN
RUTH.O
RUTH.O
RUTH.O
RUTH.O
RUTH.O
RUTH.O
RUTH.O
RUTH.O
RUTH.O
RUTH.O
RUTH.O
RUTH.O
RUTH.O
RUTH.O
RUTH.O
RUTH.O
RUTH.O
RUTH.O
RUTH.O
SANKO.IS
SANKO.IS
SANKO.IS
SANKO.IS
SANKO.IS
SANKO.IS
SANKO.IS
SANKO.IS
SANKO.IS
SBSI.O
SBSI.O
SBSI.O
SBSI.O
SCL
SCL
SCL
SCL
SCL
SCL
SCL
SCL
SCL
SCL
SCL
SEE
SEE
SERV.K
SERV.K
SERV.K
SERV.K
SERV.K
SERVE.IS
SERVE.IS
SERVE.IS
SERVE.IS
SIML.SI
SIOFF.OL
SIOFF.OL
SIOFF.OL
SIOFF.OL
SIOFF.OL
SJL.V
SJL.V
SJL.V
SJL.V
SJL.V
SJL.V
SJL.V
SJL.V
SJL.V
SJL.V
SJL.V
SJL.V
SJL.V
SMN.V
SMN.V
SMN.V
SMN.V
SMN.V
SMN.V
SMN.V
SMN.V
SMN.V
SMRT.SI
SMSI.O
SMSI.O
SMSI.O
SMSI.O
SWH
SWH
SWH
SWK
SWK
SWK
SYK
SYK
SYK
SYK
SYK
SYK
TAM1V.HE
TAM1V.HE
TAM1V.HE
TAM1V.HE
TAM1V.HE
TAM1V.HE
TAM1V.HE
TATGD.IS
TATGD.IS
TEGh.V
TEGh.V
TEGh.V
TEGh.V
TEGh.V
TEGh.V
TEGh.V
TEGh.V
TEGh.V
TEGh.V
TGZ.AX
TGZ.AX
TGZ.AX
TGZ.AX
TGZ.AX
TGZ.AX
TGZ.AX
TGZ.AX
TGZ.AX
TGZ.AX
TGZ.TO
TGZ.TO
TGZ.TO
TGZ.TO
TGZ.TO
TGZ.TO
TGZ.TO
TGZ.TO
TGZ.TO
TGZ.TO
TKO.TO
TKO.TO
TKO.TO
TKO.TO
TKO.TO
TKO.TO
TKO.TO
TKO.TO
TREE.O
TREE.O
TREE.O
TREE.O
TREE.O
TREE.O
TREE.O
TRK
TRK
TRK
TRK
TRK
TRK
TRK
TRK
TRK
TRK
TRK
TRK
TRK
TSC.O
TSC.O
TSC.O
TSC.O
TSC.O
TSC.O
TSC.O
TSC.O
TSGYO.IS
TULP.NS
TYC
TYPE.O
TYPE.O
TYPE.O
TYPE.O
TYPE.O
UBLSq.L
UNS.TO
UNS.TO
UNS.TO
UNS.TO
UNS.TO
UNS.TO
UNS.TO
UNS.TO
UNS.TO
UNS.TO
UNS.TO
UNS.TO
UNS.TO
UNS.TO
UNS.TO
UNS.TO
UNS.TO
UOIS.SI
UOIS.SI
UOIS.SI
UOIS.SI
UOIS.SI
UOIS.SI
UOIS.SI
UOIS.SI
UOIS.SI
UOIS.SI
URE.TO
URE.TO
URE.TO
URE.TO
URE.TO
USIM3.SA
USIM5.SA
USIM6.SA
USLM.O
USLM.O
USLM.O
USLM.O
USLM.O
USLM.O
USLM.O
USLM.O
USLM.O
USLM.O
USLM.O
VAL.V
VBTX.O
VBTX.O
VBTX.O
VBTX.O
VESTL.IS
VESTL.IS
VESTL.IS
VESTL.IS
VESTL.IS
VESTL.IS
VESTL.IS
VKGYO.IS
VKGYO.IS
VKGYO.IS
VKGYO.IS
VKGYO.IS
VKGYO.IS
VKGYO.IS
VRTS.O
VRTX.O
VRTX.O
VRTX.O
VRTX.O
WDR
WDR
WDR
WDR
WDR
WDR
WDR
WDR
WDR
WDR
WDR
WDR
WDR
WDR
WMAR.O
WMAR.O
WSKT.JK
WSKT.JK
WSKT.JK
WST
WST
WST
WST
WST
WST
WST
WST
WST
WST
WST
WST
WST
WST
WST
WST
WST
WST
WST
WST
WST
XEL
XLNX.O
